nohup: 忽略输入
/home/wxz/Documents/pickle/fastrcnn320/480p/cut5_8945.pickle
1
COCO mAP: 0.7751595377922058
/home/wxz/Documents/pickle/fastrcnn320/480p/cut8_436.pickle
2
COCO mAP: 0.20760591328144073
/home/wxz/Documents/pickle/fastrcnn320/480p/cut6_5509.pickle
3
COCO mAP: 0.33653226494789124
/home/wxz/Documents/pickle/fastrcnn320/480p/cut2_4831.pickle
4
COCO mAP: 0.2567864954471588
/home/wxz/Documents/pickle/fastrcnn320/480p/cut2_8971.pickle
5
COCO mAP: 0.4595423638820648
/home/wxz/Documents/pickle/fastrcnn320/480p/cut7_2265.pickle
6
COCO mAP: 0.36097899079322815
/home/wxz/Documents/pickle/fastrcnn320/480p/cut2_185.pickle
7
COCO mAP: 0.7595758438110352
/home/wxz/Documents/pickle/fastrcnn320/480p/cut9_3041.pickle
8
COCO mAP: 0.2614831030368805
/home/wxz/Documents/pickle/fastrcnn320/480p/cut7_7705.pickle
9
COCO mAP: 0.500412106513977
/home/wxz/Documents/pickle/fastrcnn320/480p/cut6_4817.pickle
10
COCO mAP: 0.5161749124526978
/home/wxz/Documents/pickle/fastrcnn320/480p/cut5_3921.pickle
11
COCO mAP: 0.10958041250705719
/home/wxz/Documents/pickle/fastrcnn320/480p/cut3_6577.pickle
12
COCO mAP: 0.4061381220817566
/home/wxz/Documents/pickle/fastrcnn320/480p/cut5_993.pickle
13
COCO mAP: 0.19124121963977814
/home/wxz/Documents/pickle/fastrcnn320/480p/cut2_6257.pickle
14
COCO mAP: 0.13970229029655457
/home/wxz/Documents/pickle/fastrcnn320/480p/cut4_7186.pickle
15
COCO mAP: 0.31521111726760864
/home/wxz/Documents/pickle/fastrcnn320/480p/cut9_3825.pickle
16
COCO mAP: 0.6097620725631714
/home/wxz/Documents/pickle/fastrcnn320/480p/cut3_4001.pickle
17
COCO mAP: 0.6377251148223877
/home/wxz/Documents/pickle/fastrcnn320/480p/cut9_4545.pickle
18
COCO mAP: 0.15964286029338837
/home/wxz/Documents/pickle/fastrcnn320/480p/cut2_2186.pickle
19
COCO mAP: 0.4878951609134674
/home/wxz/Documents/pickle/fastrcnn320/480p/cut8_7104.pickle
20
COCO mAP: 0.27578940987586975
/home/wxz/Documents/pickle/fastrcnn320/480p/cut7_4125.pickle
21
COCO mAP: 0.38076886534690857
/home/wxz/Documents/pickle/fastrcnn320/480p/cut3_4401.pickle
22
COCO mAP: 0.34911006689071655
/home/wxz/Documents/pickle/fastrcnn320/480p/cut6_2657.pickle
23
COCO mAP: 0.2929057478904724
/home/wxz/Documents/pickle/fastrcnn320/480p/cut4_2301.pickle
24
COCO mAP: 0.3279964029788971
/home/wxz/Documents/pickle/fastrcnn320/480p/cut8_8336.pickle
25
COCO mAP: 0.24717561900615692
/home/wxz/Documents/pickle/fastrcnn320/480p/cut7_1009.pickle
26
COCO mAP: 0.3387413024902344
/home/wxz/Documents/pickle/fastrcnn320/480p/cut1_257.pickle
27
COCO mAP: 0.07957921177148819
/home/wxz/Documents/pickle/fastrcnn320/480p/cut5_5121.pickle
28
COCO mAP: 0.5596086978912354
/home/wxz/Documents/pickle/fastrcnn320/480p/cut3_4113.pickle
29
COCO mAP: 0.48366037011146545
/home/wxz/Documents/pickle/fastrcnn320/480p/cut6_7633.pickle
30
COCO mAP: 0.3395357131958008
/home/wxz/Documents/pickle/fastrcnn320/480p/cut3_7313.pickle
31
COCO mAP: 0.4805942177772522
/home/wxz/Documents/pickle/fastrcnn320/480p/cut4_1501.pickle
32
COCO mAP: 0.512317955493927
/home/wxz/Documents/pickle/fastrcnn320/480p/cut9_3633.pickle
33
COCO mAP: 0.7392274141311646
/home/wxz/Documents/pickle/fastrcnn320/480p/cut2_8281.pickle
34
COCO mAP: 0.5259994864463806
/home/wxz/Documents/pickle/fastrcnn320/480p/cut2_967.pickle
35
COCO mAP: 0.5858932137489319
/home/wxz/Documents/pickle/fastrcnn320/480p/cut2_2623.pickle
36
COCO mAP: 0.41297808289527893
/home/wxz/Documents/pickle/fastrcnn320/480p/cut1_8044.pickle
37
COCO mAP: 0.42092442512512207
/home/wxz/Documents/pickle/fastrcnn320/480p/cut5_3249.pickle
38
COCO mAP: 0.30653116106987
/home/wxz/Documents/pickle/fastrcnn320/480p/cut5_1281.pickle
39
COCO mAP: 0.26337379217147827
/home/wxz/Documents/pickle/fastrcnn320/480p/cut7_5505.pickle
40
COCO mAP: 0.3969275951385498
/home/wxz/Documents/pickle/fastrcnn320/480p/cut7_8945.pickle
41
COCO mAP: 0.3092530071735382
/home/wxz/Documents/pickle/fastrcnn320/480p/cut4_8806.pickle
42
COCO mAP: 0.5502142906188965
/home/wxz/Documents/pickle/fastrcnn320/480p/cut5_6001.pickle
43
COCO mAP: 0.2750203013420105
/home/wxz/Documents/pickle/fastrcnn320/480p/cut3_513.pickle
44
COCO mAP: 0.34414994716644287
/home/wxz/Documents/pickle/fastrcnn320/480p/cut6_3329.pickle
45
COCO mAP: 0.23593437671661377
/home/wxz/Documents/pickle/fastrcnn320/480p/cut6_4401.pickle
46
COCO mAP: 0.4078739583492279
/home/wxz/Documents/pickle/fastrcnn320/480p/cut1_6156.pickle
47
COCO mAP: 0.35966208577156067
/home/wxz/Documents/pickle/fastrcnn320/480p/cut2_5130.pickle
48
COCO mAP: 0.3968648314476013
/home/wxz/Documents/pickle/fastrcnn320/480p/cut7_6165.pickle
49
COCO mAP: 0.45039796829223633
/home/wxz/Documents/pickle/fastrcnn320/480p/cut9_4209.pickle
50
COCO mAP: 0.33159875869750977
/home/wxz/Documents/pickle/fastrcnn320/480p/cut5_1521.pickle
51
COCO mAP: 0.2743387222290039
/home/wxz/Documents/pickle/fastrcnn320/480p/cut9_2225.pickle
52
COCO mAP: 0.42895060777664185
/home/wxz/Documents/pickle/fastrcnn320/480p/cut6_8893.pickle
53
COCO mAP: 0.4548250734806061
/home/wxz/Documents/pickle/fastrcnn320/480p/cut2_5521.pickle
54
COCO mAP: 0.5116709470748901
/home/wxz/Documents/pickle/fastrcnn320/480p/cut4_4241.pickle
55
COCO mAP: 0.35288113355636597
/home/wxz/Documents/pickle/fastrcnn320/480p/cut6_7107.pickle
56
COCO mAP: 0.4977847933769226
/home/wxz/Documents/pickle/fastrcnn320/480p/cut4_3801.pickle
57
COCO mAP: 0.3454896807670593
/home/wxz/Documents/pickle/fastrcnn320/480p/cut8_1253.pickle
58
COCO mAP: 0.4234870374202728
/home/wxz/Documents/pickle/fastrcnn320/480p/cut1_6420.pickle
59
COCO mAP: 0.2795887589454651
/home/wxz/Documents/pickle/fastrcnn320/480p/cut5_7169.pickle
60
COCO mAP: 0.19699354469776154
/home/wxz/Documents/pickle/fastrcnn320/480p/cut6_1601.pickle
61
COCO mAP: 0.3632277250289917
/home/wxz/Documents/pickle/fastrcnn320/480p/cut8_2205.pickle
62
COCO mAP: 0.27203530073165894
/home/wxz/Documents/pickle/fastrcnn320/480p/cut4_1441.pickle
63
COCO mAP: 0.42359796166419983
/home/wxz/Documents/pickle/fastrcnn320/480p/cut6_2753.pickle
64
COCO mAP: 0.5617585182189941
/home/wxz/Documents/pickle/fastrcnn320/480p/cut2_7039.pickle
65
COCO mAP: 0.5106169581413269
/home/wxz/Documents/pickle/fastrcnn320/480p/cut7_1351.pickle
66
COCO mAP: 0.2747873067855835
/home/wxz/Documents/pickle/fastrcnn320/480p/cut8_3703.pickle
67
COCO mAP: 0.39317572116851807
/home/wxz/Documents/pickle/fastrcnn320/480p/cut9_5841.pickle
68
COCO mAP: 0.33309707045555115
/home/wxz/Documents/pickle/fastrcnn320/480p/cut9_817.pickle
69
COCO mAP: 0.4424295425415039
/home/wxz/Documents/pickle/fastrcnn320/480p/cut2_1381.pickle
70
COCO mAP: 0.19000868499279022
/home/wxz/Documents/pickle/fastrcnn320/480p/cut6_433.pickle
71
COCO mAP: 0.3712974786758423
/home/wxz/Documents/pickle/fastrcnn320/480p/cut4_7456.pickle
72
COCO mAP: 0.221302792429924
/home/wxz/Documents/pickle/fastrcnn320/480p/cut2_7913.pickle
73
COCO mAP: 0.5769096612930298
/home/wxz/Documents/pickle/fastrcnn320/480p/cut5_3345.pickle
74
COCO mAP: 0.30234017968177795
/home/wxz/Documents/pickle/fastrcnn320/480p/cut2_1910.pickle
75
COCO mAP: 0.30819612741470337
/home/wxz/Documents/pickle/fastrcnn320/480p/cut1_4227.pickle
76
COCO mAP: 0.22648708522319794
/home/wxz/Documents/pickle/fastrcnn320/480p/cut5_4305.pickle
77
COCO mAP: 0.16174504160881042
/home/wxz/Documents/pickle/fastrcnn320/480p/cut8_5228.pickle
78
COCO mAP: 0.27214616537094116
/home/wxz/Documents/pickle/fastrcnn320/480p/cut3_913.pickle
79
COCO mAP: 0.2080625593662262
/home/wxz/Documents/pickle/fastrcnn320/480p/cut1_5283.pickle
80
COCO mAP: 0.3117454946041107
/home/wxz/Documents/pickle/fastrcnn320/480p/cut4_2501.pickle
81
COCO mAP: 0.3595852553844452
/home/wxz/Documents/pickle/fastrcnn320/480p/cut5_6737.pickle
82
COCO mAP: 0.3191584646701813
/home/wxz/Documents/pickle/fastrcnn320/480p/cut5_753.pickle
83
COCO mAP: 0.17983178794384003
/home/wxz/Documents/pickle/fastrcnn320/480p/cut7_145.pickle
84
COCO mAP: 0.5437653660774231
/home/wxz/Documents/pickle/fastrcnn320/480p/cut6_8677.pickle
85
COCO mAP: 0.3053436279296875
/home/wxz/Documents/pickle/fastrcnn320/480p/cut6_6648.pickle
86
COCO mAP: 0.5456084609031677
/home/wxz/Documents/pickle/fastrcnn320/480p/cut2_1243.pickle
87
COCO mAP: 0.504177451133728
/home/wxz/Documents/pickle/fastrcnn320/480p/cut4_8428.pickle
88
COCO mAP: 0.22026219964027405
/home/wxz/Documents/pickle/fastrcnn320/480p/cut8_2611.pickle
89
COCO mAP: 0.5485447645187378
/home/wxz/Documents/pickle/fastrcnn320/480p/cut1_7989.pickle
90
COCO mAP: 0.36148008704185486
/home/wxz/Documents/pickle/fastrcnn320/480p/cut8_6600.pickle
91
COCO mAP: 0.36238494515419006
/home/wxz/Documents/pickle/fastrcnn320/480p/cut2_1542.pickle
92
COCO mAP: 0.4337925314903259
/home/wxz/Documents/pickle/fastrcnn320/480p/cut1_8224.pickle
93
COCO mAP: 0.5181718468666077
/home/wxz/Documents/pickle/fastrcnn320/480p/cut2_8419.pickle
94
COCO mAP: 0.6044803857803345
/home/wxz/Documents/pickle/fastrcnn320/480p/cut6_7260.pickle
95
COCO mAP: 0.5004631280899048
/home/wxz/Documents/pickle/fastrcnn320/480p/cut4_4421.pickle
96
COCO mAP: 0.4252484440803528
/home/wxz/Documents/pickle/fastrcnn320/480p/cut1_4843.pickle
97
COCO mAP: 0.39348188042640686
/home/wxz/Documents/pickle/fastrcnn320/480p/cut1_6508.pickle
98
COCO mAP: 0.09122411906719208
/home/wxz/Documents/pickle/fastrcnn320/480p/cut2_2278.pickle
99
COCO mAP: 0.22496895492076874
/home/wxz/Documents/pickle/fastrcnn320/480p/cut6_7005.pickle
100
COCO mAP: 0.3857632279396057
/home/wxz/Documents/pickle/fastrcnn320/480p/cut5_8257.pickle
101
COCO mAP: 0.38407063484191895
/home/wxz/Documents/pickle/fastrcnn320/480p/cut3_1905.pickle
102
COCO mAP: 0.3062320947647095
/home/wxz/Documents/pickle/fastrcnn320/480p/cut5_4113.pickle
103
COCO mAP: 0.6961578726768494
/home/wxz/Documents/pickle/fastrcnn320/480p/cut8_3311.pickle
104
COCO mAP: 0.25474637746810913
/home/wxz/Documents/pickle/fastrcnn320/480p/cut7_4005.pickle
105
COCO mAP: 0.4314383566379547
/home/wxz/Documents/pickle/fastrcnn320/480p/cut5_1905.pickle
106
COCO mAP: 0.4538801312446594
/home/wxz/Documents/pickle/fastrcnn320/480p/cut5_6353.pickle
107
COCO mAP: 0.2601955235004425
/home/wxz/Documents/pickle/fastrcnn320/480p/cut3_8609.pickle
108
COCO mAP: 0.3191610276699066
/home/wxz/Documents/pickle/fastrcnn320/480p/cut6_2289.pickle
109
COCO mAP: 0.33915430307388306
/home/wxz/Documents/pickle/fastrcnn320/480p/cut2_4532.pickle
110
COCO mAP: 0.3995583653450012
/home/wxz/Documents/pickle/fastrcnn320/480p/cut2_3313.pickle
111
COCO mAP: 0.2563270330429077
/home/wxz/Documents/pickle/fastrcnn320/480p/cut2_4210.pickle
112
COCO mAP: 0.3526785969734192
/home/wxz/Documents/pickle/fastrcnn320/480p/cut4_981.pickle
113
COCO mAP: 0.35577914118766785
/home/wxz/Documents/pickle/fastrcnn320/480p/cut8_2527.pickle
114
COCO mAP: 0.14016972482204437
/home/wxz/Documents/pickle/fastrcnn320/480p/cut5_1185.pickle
115
COCO mAP: 0.3293883800506592
/home/wxz/Documents/pickle/fastrcnn320/480p/cut8_6432.pickle
116
COCO mAP: 0.40604743361473083
/home/wxz/Documents/pickle/fastrcnn320/480p/cut6_3857.pickle
117
COCO mAP: 0.21695546805858612
/home/wxz/Documents/pickle/fastrcnn320/480p/cut7_8525.pickle
118
COCO mAP: 0.1996885985136032
/home/wxz/Documents/pickle/fastrcnn320/480p/cut6_1073.pickle
119
COCO mAP: 0.4278952181339264
/home/wxz/Documents/pickle/fastrcnn320/480p/cut8_3409.pickle
120
COCO mAP: 0.3376770615577698
/home/wxz/Documents/pickle/fastrcnn320/480p/cut2_714.pickle
121
COCO mAP: 0.6169196963310242
/home/wxz/Documents/pickle/fastrcnn320/480p/cut5_7457.pickle
122
COCO mAP: 0.2774864137172699
/home/wxz/Documents/pickle/fastrcnn320/480p/cut1_3262.pickle
123
COCO mAP: 0.2675646245479584
/home/wxz/Documents/pickle/fastrcnn320/480p/cut4_4301.pickle
124
COCO mAP: 0.34211859107017517
/home/wxz/Documents/pickle/fastrcnn320/480p/cut4_3121.pickle
125
COCO mAP: 0.27809056639671326
/home/wxz/Documents/pickle/fastrcnn320/480p/cut7_3905.pickle
126
COCO mAP: 0.3567672073841095
/home/wxz/Documents/pickle/fastrcnn320/480p/cut6_4513.pickle
127
COCO mAP: 0.3282173275947571
/home/wxz/Documents/pickle/fastrcnn320/480p/cut2_4693.pickle
128
COCO mAP: 0.4246889054775238
/home/wxz/Documents/pickle/fastrcnn320/480p/cut9_3137.pickle
129
COCO mAP: 0.3383566737174988
/home/wxz/Documents/pickle/fastrcnn320/480p/cut4_5201.pickle
130
COCO mAP: 0.280897319316864
/home/wxz/Documents/pickle/fastrcnn320/480p/cut8_8714.pickle
131
COCO mAP: 0.37402206659317017
/home/wxz/Documents/pickle/fastrcnn320/480p/cut4_5701.pickle
132
COCO mAP: 0.3085097670555115
/home/wxz/Documents/pickle/fastrcnn320/480p/cut6_3521.pickle
133
COCO mAP: 0.45566457509994507
/home/wxz/Documents/pickle/fastrcnn320/480p/cut2_3221.pickle
134
COCO mAP: 0.4382213056087494
/home/wxz/Documents/pickle/fastrcnn320/480p/cut1_604.pickle
135
COCO mAP: 0.2511405050754547
/home/wxz/Documents/pickle/fastrcnn320/480p/cut6_4305.pickle
136
COCO mAP: 0.277951180934906
/home/wxz/Documents/pickle/fastrcnn320/480p/cut9_4305.pickle
137
COCO mAP: 0.4411095976829529
/home/wxz/Documents/pickle/fastrcnn320/480p/cut3_4545.pickle
138
COCO mAP: 0.43284279108047485
/home/wxz/Documents/pickle/fastrcnn320/480p/cut8_800.pickle
139
COCO mAP: 0.4102727472782135
/home/wxz/Documents/pickle/fastrcnn320/480p/cut5_1809.pickle
140
COCO mAP: 0.2667676508426666
/home/wxz/Documents/pickle/fastrcnn320/480p/cut7_1963.pickle
141
COCO mAP: 0.33569949865341187
/home/wxz/Documents/pickle/fastrcnn320/480p/cut7_7345.pickle
142
COCO mAP: 0.42553043365478516
/home/wxz/Documents/pickle/fastrcnn320/480p/cut3_1217.pickle
143
COCO mAP: 0.23000255227088928
/home/wxz/Documents/pickle/fastrcnn320/480p/cut3_6769.pickle
144
COCO mAP: 0.4344256818294525
/home/wxz/Documents/pickle/fastrcnn320/480p/cut1_2110.pickle
145
COCO mAP: 0.2876237630844116
/home/wxz/Documents/pickle/fastrcnn320/480p/cut1_112.pickle
146
COCO mAP: 0.14565613865852356
/home/wxz/Documents/pickle/fastrcnn320/480p/cut2_5337.pickle
147
COCO mAP: 0.5339908599853516
/home/wxz/Documents/pickle/fastrcnn320/480p/cut1_430.pickle
148
COCO mAP: 0.10195545107126236
/home/wxz/Documents/pickle/fastrcnn320/480p/cut2_1496.pickle
149
COCO mAP: 0.4161331057548523
/home/wxz/Documents/pickle/fastrcnn320/480p/cut4_1201.pickle
150
COCO mAP: 0.3771633803844452
/home/wxz/Documents/pickle/fastrcnn320/480p/cut6_4145.pickle
151
COCO mAP: 0.2717851996421814
/home/wxz/Documents/pickle/fastrcnn320/480p/cut2_8005.pickle
152
COCO mAP: 0.6503998637199402
/home/wxz/Documents/pickle/fastrcnn320/480p/cut9_4113.pickle
153
COCO mAP: 0.43077555298805237
/home/wxz/Documents/pickle/fastrcnn320/480p/cut2_3842.pickle
154
COCO mAP: 0.24349310994148254
/home/wxz/Documents/pickle/fastrcnn320/480p/cut8_1000.pickle
155
COCO mAP: 0.3724946081638336
/home/wxz/Documents/pickle/fastrcnn320/480p/cut6_1297.pickle
156
COCO mAP: 0.4264853000640869
/home/wxz/Documents/pickle/fastrcnn320/480p/cut4_6646.pickle
157
COCO mAP: 0.3389415442943573
/home/wxz/Documents/pickle/fastrcnn320/480p/cut7_6825.pickle
158
COCO mAP: 0.46662482619285583
/home/wxz/Documents/pickle/fastrcnn320/480p/cut5_7873.pickle
159
COCO mAP: 0.3520451486110687
/home/wxz/Documents/pickle/fastrcnn320/480p/cut6_7309.pickle
160
COCO mAP: 0.426706463098526
/home/wxz/Documents/pickle/fastrcnn320/480p/cut3_3953.pickle
161
COCO mAP: 0.46295467019081116
/home/wxz/Documents/pickle/fastrcnn320/480p/cut7_5745.pickle
162
COCO mAP: 0.4684891104698181
/home/wxz/Documents/pickle/fastrcnn320/480p/cut7_2705.pickle
163
COCO mAP: 0.4284171164035797
/home/wxz/Documents/pickle/fastrcnn320/480p/cut2_5245.pickle
164
COCO mAP: 0.5220755338668823
/home/wxz/Documents/pickle/fastrcnn320/480p/cut9_4401.pickle
165
COCO mAP: 0.37659674882888794
/home/wxz/Documents/pickle/fastrcnn320/480p/cut6_4049.pickle
166
COCO mAP: 0.5720937252044678
/home/wxz/Documents/pickle/fastrcnn320/480p/cut3_2113.pickle
167
COCO mAP: 0.5961745977401733
/home/wxz/Documents/pickle/fastrcnn320/480p/cut5_3009.pickle
168
COCO mAP: 0.28449323773384094
/home/wxz/Documents/pickle/fastrcnn320/480p/cut1_517.pickle
169
COCO mAP: 0.4026023745536804
/home/wxz/Documents/pickle/fastrcnn320/480p/cut5_6449.pickle
170
COCO mAP: 0.16142141819000244
/home/wxz/Documents/pickle/fastrcnn320/480p/cut3_1521.pickle
171
COCO mAP: 0.24220481514930725
/home/wxz/Documents/pickle/fastrcnn320/480p/cut5_2001.pickle
172
COCO mAP: 0.32449692487716675
/home/wxz/Documents/pickle/fastrcnn320/480p/cut4_641.pickle
173
COCO mAP: 0.5080581903457642
/home/wxz/Documents/pickle/fastrcnn320/480p/cut2_5475.pickle
174
COCO mAP: 0.530627965927124
/home/wxz/Documents/pickle/fastrcnn320/480p/cut7_241.pickle
175
COCO mAP: 0.24938735365867615
/home/wxz/Documents/pickle/fastrcnn320/480p/cut3_6385.pickle
176
COCO mAP: 0.4395310878753662
/home/wxz/Documents/pickle/fastrcnn320/480p/cut1_5019.pickle
177
COCO mAP: 0.4099123477935791
/home/wxz/Documents/pickle/fastrcnn320/480p/cut1_1934.pickle
178
COCO mAP: 0.3520251512527466
/home/wxz/Documents/pickle/fastrcnn320/480p/cut6_2513.pickle
179
COCO mAP: 0.27083820104599
/home/wxz/Documents/pickle/fastrcnn320/480p/cut7_5105.pickle
180
COCO mAP: 0.3642544448375702
/home/wxz/Documents/pickle/fastrcnn320/480p/cut7_8005.pickle
181
COCO mAP: 0.49554958939552307
/home/wxz/Documents/pickle/fastrcnn320/480p/cut8_6236.pickle
182
COCO mAP: 0.40198859572410583
/home/wxz/Documents/pickle/fastrcnn320/480p/cut8_113.pickle
183
COCO mAP: 0.4034288823604584
/home/wxz/Documents/pickle/fastrcnn320/480p/cut9_5953.pickle
184
COCO mAP: 0.3689175844192505
/home/wxz/Documents/pickle/fastrcnn320/480p/cut9_2705.pickle
185
COCO mAP: 0.4144338071346283
/home/wxz/Documents/pickle/fastrcnn320/480p/cut9_3521.pickle
186
COCO mAP: 0.1600322127342224
/home/wxz/Documents/pickle/fastrcnn320/480p/cut7_5345.pickle
187
COCO mAP: 0.3249983489513397
/home/wxz/Documents/pickle/fastrcnn320/480p/cut8_4207.pickle
188
COCO mAP: 0.1930905282497406
/home/wxz/Documents/pickle/fastrcnn320/480p/cut7_5865.pickle
189
COCO mAP: 0.2970372438430786
/home/wxz/Documents/pickle/fastrcnn320/480p/cut2_4003.pickle
190
COCO mAP: 0.37635719776153564
/home/wxz/Documents/pickle/fastrcnn320/480p/cut1_1758.pickle
191
COCO mAP: 0.13856849074363708
/home/wxz/Documents/pickle/fastrcnn320/480p/cut7_561.pickle
192
COCO mAP: 0.2650904059410095
/home/wxz/Documents/pickle/fastrcnn320/480p/cut3_1121.pickle
193
COCO mAP: 0.22927622497081757
/home/wxz/Documents/pickle/fastrcnn320/480p/cut8_6838.pickle
194
COCO mAP: 0.3898234963417053
/home/wxz/Documents/pickle/fastrcnn320/480p/cut3_8321.pickle
195
COCO mAP: 0.42468199133872986
/home/wxz/Documents/pickle/fastrcnn320/480p/cut7_3125.pickle
196
COCO mAP: 0.22957654297351837
/home/wxz/Documents/pickle/fastrcnn320/480p/cut3_4641.pickle
197
COCO mAP: 0.31243404746055603
/home/wxz/Documents/pickle/fastrcnn320/480p/cut8_1435.pickle
198
COCO mAP: 0.5408312082290649
/home/wxz/Documents/pickle/fastrcnn320/480p/cut1_1671.pickle
199
COCO mAP: 0.08871287107467651
/home/wxz/Documents/pickle/fastrcnn320/480p/cut6_5713.pickle
200
COCO mAP: 0.4128188490867615
/home/wxz/Documents/pickle/fastrcnn320/480p/cut4_4041.pickle
201
COCO mAP: 0.2684597671031952
/home/wxz/Documents/pickle/fastrcnn320/480p/cut4_5801.pickle
202
COCO mAP: 0.20665255188941956
/home/wxz/Documents/pickle/fastrcnn320/480p/cut3_6289.pickle
203
COCO mAP: 0.5222863554954529
/home/wxz/Documents/pickle/fastrcnn320/480p/cut9_1.pickle
204
COCO mAP: 0.2586987018585205
/home/wxz/Documents/pickle/fastrcnn320/480p/cut3_2833.pickle
205
COCO mAP: 0.557698667049408
/home/wxz/Documents/pickle/fastrcnn320/480p/cut5_2305.pickle
206
COCO mAP: 0.3423009514808655
/home/wxz/Documents/pickle/fastrcnn320/480p/cut9_2417.pickle
207
COCO mAP: 0.36909219622612
/home/wxz/Documents/pickle/fastrcnn320/480p/cut2_4463.pickle
208
COCO mAP: 0.2579638957977295
/home/wxz/Documents/pickle/fastrcnn320/480p/cut5_8161.pickle
209
COCO mAP: 0.5047636032104492
/home/wxz/Documents/pickle/fastrcnn320/480p/cut1_3611.pickle
210
COCO mAP: 0.4451049268245697
/home/wxz/Documents/pickle/fastrcnn320/480p/cut4_4601.pickle
211
COCO mAP: 0.2576860189437866
/home/wxz/Documents/pickle/fastrcnn320/480p/cut4_8536.pickle
212
COCO mAP: 0.2698715329170227
/home/wxz/Documents/pickle/fastrcnn320/480p/cut6_337.pickle
213
COCO mAP: 0.42235344648361206
/home/wxz/Documents/pickle/fastrcnn320/480p/cut6_7543.pickle
214
COCO mAP: 0.28345003724098206
/home/wxz/Documents/pickle/fastrcnn320/480p/cut2_1818.pickle
215
COCO mAP: 0.424160897731781
/home/wxz/Documents/pickle/fastrcnn320/480p/cut4_5021.pickle
216
COCO mAP: 0.24136415123939514
/home/wxz/Documents/pickle/fastrcnn320/480p/cut4_7564.pickle
217
COCO mAP: 0.21942134201526642
/home/wxz/Documents/pickle/fastrcnn320/480p/cut4_5461.pickle
218
COCO mAP: 0.31265443563461304
/home/wxz/Documents/pickle/fastrcnn320/480p/cut8_7930.pickle
219
COCO mAP: 0.4169890880584717
/home/wxz/Documents/pickle/fastrcnn320/480p/cut5_7361.pickle
220
COCO mAP: 0.3966098725795746
/home/wxz/Documents/pickle/fastrcnn320/480p/cut6_1809.pickle
221
COCO mAP: 0.39978712797164917
/home/wxz/Documents/pickle/fastrcnn320/480p/cut5_337.pickle
222
COCO mAP: 0.30994755029678345
/home/wxz/Documents/pickle/fastrcnn320/480p/cut7_3785.pickle
223
COCO mAP: 0.31967559456825256
/home/wxz/Documents/pickle/fastrcnn320/480p/cut2_231.pickle
224
COCO mAP: 0.3748965263366699
/home/wxz/Documents/pickle/fastrcnn320/480p/cut9_5265.pickle
225
COCO mAP: 0.3057025969028473
/home/wxz/Documents/pickle/fastrcnn320/480p/cut7_6065.pickle
226
COCO mAP: 0.3665933907032013
/home/wxz/Documents/pickle/fastrcnn320/480p/cut3_6673.pickle
227
COCO mAP: 0.48598232865333557
/home/wxz/Documents/pickle/fastrcnn320/480p/cut7_1585.pickle
228
COCO mAP: 0.4518210291862488
/home/wxz/Documents/pickle/fastrcnn320/480p/cut1_4051.pickle
229
COCO mAP: 0.383714884519577
/home/wxz/Documents/pickle/fastrcnn320/480p/cut4_1081.pickle
230
COCO mAP: 0.18318770825862885
/home/wxz/Documents/pickle/fastrcnn320/480p/cut2_5682.pickle
231
COCO mAP: 0.37084153294563293
/home/wxz/Documents/pickle/fastrcnn320/480p/cut7_5225.pickle
232
COCO mAP: 0.3360045850276947
/home/wxz/Documents/pickle/fastrcnn320/480p/cut7_6405.pickle
233
COCO mAP: 0.3570506274700165
/home/wxz/Documents/pickle/fastrcnn320/480p/cut8_7230.pickle
234
COCO mAP: 0.25263339281082153
/home/wxz/Documents/pickle/fastrcnn320/480p/cut6_3953.pickle
235
COCO mAP: 0.43696850538253784
/home/wxz/Documents/pickle/fastrcnn320/480p/cut6_1393.pickle
236
COCO mAP: 0.3772401213645935
/home/wxz/Documents/pickle/fastrcnn320/480p/cut1_1053.pickle
237
COCO mAP: 0.3998943269252777
/home/wxz/Documents/pickle/fastrcnn320/480p/cut1_1228.pickle
238
COCO mAP: 0.26940593123435974
/home/wxz/Documents/pickle/fastrcnn320/480p/cut4_8644.pickle
239
COCO mAP: 0.5477733612060547
/home/wxz/Documents/pickle/fastrcnn320/480p/cut6_3713.pickle
240
COCO mAP: 0.32131657004356384
/home/wxz/Documents/pickle/fastrcnn320/480p/cut1_4315.pickle
241
COCO mAP: 0.40878909826278687
/home/wxz/Documents/pickle/fastrcnn320/480p/cut2_7177.pickle
242
COCO mAP: 0.1727789044380188
/home/wxz/Documents/pickle/fastrcnn320/480p/cut6_2849.pickle
243
COCO mAP: 0.31444230675697327
/home/wxz/Documents/pickle/fastrcnn320/480p/cut6_6036.pickle
244
COCO mAP: 0.40977293252944946
/home/wxz/Documents/pickle/fastrcnn320/480p/cut7_385.pickle
245
COCO mAP: 0.3612106442451477
/home/wxz/Documents/pickle/fastrcnn320/480p/cut1_4501.pickle
246
COCO mAP: 0.3960353136062622
/home/wxz/Documents/pickle/fastrcnn320/480p/cut3_5505.pickle
247
COCO mAP: 0.49160653352737427
/home/wxz/Documents/pickle/fastrcnn320/480p/cut3_8993.pickle
248
COCO mAP: 0.35012850165367126
/home/wxz/Documents/pickle/fastrcnn320/480p/cut3_8225.pickle
249
COCO mAP: 0.47193917632102966
/home/wxz/Documents/pickle/fastrcnn320/480p/cut1_7754.pickle
250
COCO mAP: 0.2029229700565338
/home/wxz/Documents/pickle/fastrcnn320/480p/cut3_3073.pickle
251
COCO mAP: 0.5228539109230042
/home/wxz/Documents/pickle/fastrcnn320/480p/cut1_1404.pickle
252
COCO mAP: 0.1194719523191452
/home/wxz/Documents/pickle/fastrcnn320/480p/cut7_6505.pickle
253
COCO mAP: 0.2523886561393738
/home/wxz/Documents/pickle/fastrcnn320/480p/cut4_6021.pickle
254
COCO mAP: 0.29501575231552124
/home/wxz/Documents/pickle/fastrcnn320/480p/cut4_821.pickle
255
COCO mAP: 0.3092469573020935
/home/wxz/Documents/pickle/fastrcnn320/480p/cut9_5361.pickle
256
COCO mAP: 0.3549919128417969
/home/wxz/Documents/pickle/fastrcnn320/480p/cut1_7139.pickle
257
COCO mAP: 0.10984794050455093
/home/wxz/Documents/pickle/fastrcnn320/480p/cut8_3829.pickle
258
COCO mAP: 0.2126484215259552
/home/wxz/Documents/pickle/fastrcnn320/480p/cut1_8114.pickle
259
COCO mAP: 0.32778245210647583
/home/wxz/Documents/pickle/fastrcnn320/480p/cut3_6961.pickle
260
COCO mAP: 0.41788172721862793
/home/wxz/Documents/pickle/fastrcnn320/480p/cut5_4209.pickle
261
COCO mAP: 0.5236228704452515
/home/wxz/Documents/pickle/fastrcnn320/480p/cut1_7004.pickle
262
COCO mAP: 0.1159735918045044
/home/wxz/Documents/pickle/fastrcnn320/480p/cut5_5809.pickle
263
COCO mAP: 0.44743043184280396
/home/wxz/Documents/pickle/fastrcnn320/480p/cut1_7524.pickle
264
COCO mAP: 0.22773292660713196
/home/wxz/Documents/pickle/fastrcnn320/480p/cut8_3507.pickle
265
COCO mAP: 0.2291739284992218
/home/wxz/Documents/pickle/fastrcnn320/480p/cut8_6922.pickle
266
COCO mAP: 0.28202956914901733
/home/wxz/Documents/pickle/fastrcnn320/480p/cut1_4758.pickle
267
COCO mAP: 0.4067207872867584
/home/wxz/Documents/pickle/fastrcnn320/480p/cut7_2965.pickle
268
COCO mAP: 0.3405505418777466
/home/wxz/Documents/pickle/fastrcnn320/480p/cut1_6332.pickle
269
COCO mAP: 0.5129392743110657
/home/wxz/Documents/pickle/fastrcnn320/480p/cut3_337.pickle
270
COCO mAP: 0.48491525650024414
/home/wxz/Documents/pickle/fastrcnn320/480p/cut8_4123.pickle
271
COCO mAP: 0.3015422224998474
/home/wxz/Documents/pickle/fastrcnn320/480p/cut7_3845.pickle
272
COCO mAP: 0.35110265016555786
/home/wxz/Documents/pickle/fastrcnn320/480p/cut3_7201.pickle
273
COCO mAP: 0.2058291882276535
/home/wxz/Documents/pickle/fastrcnn320/480p/cut9_3425.pickle
274
COCO mAP: 0.048998504877090454
/home/wxz/Documents/pickle/fastrcnn320/480p/cut5_8449.pickle
275
COCO mAP: 0.4091419279575348
/home/wxz/Documents/pickle/fastrcnn320/480p/cut2_2094.pickle
276
COCO mAP: 0.3232894837856293
/home/wxz/Documents/pickle/fastrcnn320/480p/cut4_1321.pickle
277
COCO mAP: 0.31073087453842163
/home/wxz/Documents/pickle/fastrcnn320/480p/cut8_5704.pickle
278
COCO mAP: 0.21396227180957794
/home/wxz/Documents/pickle/fastrcnn320/480p/cut9_2609.pickle
279
COCO mAP: 0.6801972985267639
/home/wxz/Documents/pickle/fastrcnn320/480p/cut4_6754.pickle
280
COCO mAP: 0.3533667325973511
/home/wxz/Documents/pickle/fastrcnn320/480p/cut3_2929.pickle
281
COCO mAP: 0.4649665951728821
/home/wxz/Documents/pickle/fastrcnn320/480p/cut2_4141.pickle
282
COCO mAP: 0.40528997778892517
/home/wxz/Documents/pickle/fastrcnn320/480p/cut6_3233.pickle
283
COCO mAP: 0.35790619254112244
/home/wxz/Documents/pickle/fastrcnn320/480p/cut3_6481.pickle
284
COCO mAP: 0.36897706985473633
/home/wxz/Documents/pickle/fastrcnn320/480p/cut7_2525.pickle
285
COCO mAP: 0.3090816140174866
/home/wxz/Documents/pickle/fastrcnn320/480p/cut8_1337.pickle
286
COCO mAP: 0.3563811182975769
/home/wxz/Documents/pickle/fastrcnn320/480p/cut7_1693.pickle
287
COCO mAP: 0.3603191673755646
/home/wxz/Documents/pickle/fastrcnn320/480p/cut5_561.pickle
288
COCO mAP: 0.22830426692962646
/home/wxz/Documents/pickle/fastrcnn320/480p/cut1_7314.pickle
289
COCO mAP: 0.05643564462661743
/home/wxz/Documents/pickle/fastrcnn320/480p/cut4_6916.pickle
290
COCO mAP: 0.2938503623008728
/home/wxz/Documents/pickle/fastrcnn320/480p/cut6_2145.pickle
291
COCO mAP: 0.396161288022995
/home/wxz/Documents/pickle/fastrcnn320/480p/cut5_193.pickle
292
COCO mAP: 0.20528051257133484
/home/wxz/Documents/pickle/fastrcnn320/480p/cut6_8569.pickle
293
COCO mAP: 0.4578036367893219
/home/wxz/Documents/pickle/fastrcnn320/480p/cut5_5505.pickle
294
COCO mAP: 0.488145649433136
/home/wxz/Documents/pickle/fastrcnn320/480p/cut1_7254.pickle
295
COCO mAP: 0.23834630846977234
/home/wxz/Documents/pickle/fastrcnn320/480p/cut2_2554.pickle
296
COCO mAP: 0.2563876509666443
/home/wxz/Documents/pickle/fastrcnn320/480p/cut8_4039.pickle
297
COCO mAP: 0.2426934540271759
/home/wxz/Documents/pickle/fastrcnn320/480p/cut9_3921.pickle
298
COCO mAP: 0.6111598014831543
/home/wxz/Documents/pickle/fastrcnn320/480p/cut7_4505.pickle
299
COCO mAP: 0.46602949500083923
/home/wxz/Documents/pickle/fastrcnn320/480p/cut4_8992.pickle
300
COCO mAP: 0.30908364057540894
/home/wxz/Documents/pickle/fastrcnn320/480p/cut6_4721.pickle
301
COCO mAP: 0.5364187359809875
/home/wxz/Documents/pickle/fastrcnn320/480p/cut7_6945.pickle
302
COCO mAP: 0.5830285549163818
/home/wxz/Documents/pickle/fastrcnn320/480p/cut2_3405.pickle
303
COCO mAP: 0.32739490270614624
/home/wxz/Documents/pickle/fastrcnn320/480p/cut2_8672.pickle
304
COCO mAP: 0.4936336576938629
/home/wxz/Documents/pickle/fastrcnn320/480p/cut1_3876.pickle
305
COCO mAP: 0.391796350479126
/home/wxz/Documents/pickle/fastrcnn320/480p/cut9_529.pickle
306
COCO mAP: 0.5885688066482544
/home/wxz/Documents/pickle/fastrcnn320/480p/cut9_2945.pickle
307
COCO mAP: 0.447950541973114
/home/wxz/Documents/pickle/fastrcnn320/480p/cut4_3561.pickle
308
COCO mAP: 0.4622337818145752
/home/wxz/Documents/pickle/fastrcnn320/480p/cut4_6574.pickle
309
COCO mAP: 0.25573983788490295
/home/wxz/Documents/pickle/fastrcnn320/480p/cut9_2129.pickle
310
COCO mAP: 0.5588458180427551
/home/wxz/Documents/pickle/fastrcnn320/480p/cut9_2513.pickle
311
COCO mAP: 0.13366754353046417
/home/wxz/Documents/pickle/fastrcnn320/480p/cut3_3441.pickle
312
COCO mAP: 0.450936883687973
/home/wxz/Documents/pickle/fastrcnn320/480p/cut3_7409.pickle
313
COCO mAP: 0.38763707876205444
/home/wxz/Documents/pickle/fastrcnn320/480p/cut7_1201.pickle
314
COCO mAP: 0.34412112832069397
/home/wxz/Documents/pickle/fastrcnn320/480p/cut2_1772.pickle
315
COCO mAP: 0.4123269021511078
/home/wxz/Documents/pickle/fastrcnn320/480p/cut1_966.pickle
316
COCO mAP: 0.2573125958442688
/home/wxz/Documents/pickle/fastrcnn320/480p/cut1_2732.pickle
317
COCO mAP: 0.06732673197984695
/home/wxz/Documents/pickle/fastrcnn320/480p/cut7_8405.pickle
318
COCO mAP: 0.8099251985549927
/home/wxz/Documents/pickle/fastrcnn320/480p/cut3_257.pickle
319
COCO mAP: 0.3927289545536041
/home/wxz/Documents/pickle/fastrcnn320/480p/cut9_6241.pickle
320
COCO mAP: 0.22564153373241425
/home/wxz/Documents/pickle/fastrcnn320/480p/cut1_3964.pickle
321
COCO mAP: 0.4205874502658844
/home/wxz/Documents/pickle/fastrcnn320/480p/cut7_7885.pickle
322
COCO mAP: 0.40186238288879395
/home/wxz/Documents/pickle/fastrcnn320/480p/cut5_4785.pickle
323
COCO mAP: 0.20320582389831543
/home/wxz/Documents/pickle/fastrcnn320/480p/cut4_1141.pickle
324
COCO mAP: 0.5656240582466125
/home/wxz/Documents/pickle/fastrcnn320/480p/cut6_4913.pickle
325
COCO mAP: 0.5519737601280212
/home/wxz/Documents/pickle/fastrcnn320/480p/cut4_2441.pickle
326
COCO mAP: 0.3607714772224426
/home/wxz/Documents/pickle/fastrcnn320/480p/cut1_2645.pickle
327
COCO mAP: 0.02316831611096859
/home/wxz/Documents/pickle/fastrcnn320/480p/cut9_5025.pickle
328
COCO mAP: 0.24396538734436035
/home/wxz/Documents/pickle/fastrcnn320/480p/cut7_7605.pickle
329
COCO mAP: 0.44177311658859253
/home/wxz/Documents/pickle/fastrcnn320/480p/cut3_1329.pickle
330
COCO mAP: 0.13896039128303528
/home/wxz/Documents/pickle/fastrcnn320/480p/cut3_1025.pickle
331
COCO mAP: 0.23180413246154785
/home/wxz/Documents/pickle/fastrcnn320/480p/cut7_8325.pickle
332
COCO mAP: 0.33131879568099976
/home/wxz/Documents/pickle/fastrcnn320/480p/cut5_8065.pickle
333
COCO mAP: 0.47090497612953186
/home/wxz/Documents/pickle/fastrcnn320/480p/cut7_2645.pickle
334
COCO mAP: 0.20623183250427246
/home/wxz/Documents/pickle/fastrcnn320/480p/cut7_1265.pickle
335
COCO mAP: 0.3105459213256836
/home/wxz/Documents/pickle/fastrcnn320/480p/cut8_702.pickle
336
COCO mAP: 0.457716166973114
/home/wxz/Documents/pickle/fastrcnn320/480p/cut8_7006.pickle
337
COCO mAP: 0.28403186798095703
/home/wxz/Documents/pickle/fastrcnn320/480p/cut5_7633.pickle
338
COCO mAP: 0.3314225375652313
/home/wxz/Documents/pickle/fastrcnn320/480p/cut4_8104.pickle
339
COCO mAP: 0.2545825242996216
/home/wxz/Documents/pickle/fastrcnn320/480p/cut5_8737.pickle
340
COCO mAP: 0.4141196310520172
/home/wxz/Documents/pickle/fastrcnn320/480p/cut3_1713.pickle
341
COCO mAP: 0.17160889506340027
/home/wxz/Documents/pickle/fastrcnn320/480p/cut3_5713.pickle
342
COCO mAP: 0.35433870553970337
/home/wxz/Documents/pickle/fastrcnn320/480p/cut4_5601.pickle
343
COCO mAP: 0.3174174427986145
/home/wxz/Documents/pickle/fastrcnn320/480p/cut1_5889.pickle
344
COCO mAP: 0.3200788199901581
/home/wxz/Documents/pickle/fastrcnn320/480p/cut9_913.pickle
345
COCO mAP: 0.4748618006706238
/home/wxz/Documents/pickle/fastrcnn320/480p/cut5_6833.pickle
346
COCO mAP: 0.39911288022994995
/home/wxz/Documents/pickle/fastrcnn320/480p/cut6_721.pickle
347
COCO mAP: 0.48962074518203735
/home/wxz/Documents/pickle/fastrcnn320/480p/cut3_7841.pickle
348
COCO mAP: 0.28072798252105713
/home/wxz/Documents/pickle/fastrcnn320/480p/cut7_7065.pickle
349
COCO mAP: 0.20298895239830017
/home/wxz/Documents/pickle/fastrcnn320/480p/cut3_7057.pickle
350
COCO mAP: 0.3951771855354309
/home/wxz/Documents/pickle/fastrcnn320/480p/cut4_7780.pickle
351
COCO mAP: 0.2653272747993469
/home/wxz/Documents/pickle/fastrcnn320/480p/cut4_2621.pickle
352
COCO mAP: 0.4739375114440918
/home/wxz/Documents/pickle/fastrcnn320/480p/cut5_7537.pickle
353
COCO mAP: 0.45823946595191956
/home/wxz/Documents/pickle/fastrcnn320/480p/cut5_8641.pickle
354
COCO mAP: 0.5436610579490662
/home/wxz/Documents/pickle/fastrcnn320/480p/cut8_3955.pickle
355
COCO mAP: 0.36522340774536133
/home/wxz/Documents/pickle/fastrcnn320/480p/cut2_1634.pickle
356
COCO mAP: 0.32376235723495483
/home/wxz/Documents/pickle/fastrcnn320/480p/cut5_1425.pickle
357
COCO mAP: 0.3787466287612915
/home/wxz/Documents/pickle/fastrcnn320/480p/cut1_8939.pickle
358
COCO mAP: 0.3225227892398834
/home/wxz/Documents/pickle/fastrcnn320/480p/cut2_2922.pickle
359
COCO mAP: 0.42072224617004395
/home/wxz/Documents/pickle/fastrcnn320/480p/cut8_7328.pickle
360
COCO mAP: 0.12853388488292694
/home/wxz/Documents/pickle/fastrcnn320/480p/cut8_2821.pickle
361
COCO mAP: 0.25739824771881104
/home/wxz/Documents/pickle/fastrcnn320/480p/cut8_5312.pickle
362
COCO mAP: 0.3233327567577362
/home/wxz/Documents/pickle/fastrcnn320/480p/cut1_1140.pickle
363
COCO mAP: 0.32161423563957214
/home/wxz/Documents/pickle/fastrcnn320/480p/cut4_2721.pickle
364
COCO mAP: 0.4459814429283142
/home/wxz/Documents/pickle/fastrcnn320/480p/cut7_481.pickle
365
COCO mAP: 0.24021196365356445
/home/wxz/Documents/pickle/fastrcnn320/480p/cut7_8105.pickle
366
COCO mAP: 0.47081583738327026
/home/wxz/Documents/pickle/fastrcnn320/480p/cut8_6726.pickle
367
COCO mAP: 0.293310284614563
/home/wxz/Documents/pickle/fastrcnn320/480p/cut5_289.pickle
368
COCO mAP: 0.21647830307483673
/home/wxz/Documents/pickle/fastrcnn320/480p/cut9_1601.pickle
369
COCO mAP: 0.2570156157016754
/home/wxz/Documents/pickle/fastrcnn320/480p/cut9_1409.pickle
370
COCO mAP: 0.42797407507896423
/home/wxz/Documents/pickle/fastrcnn320/480p/cut9_1201.pickle
371
COCO mAP: 0.34181082248687744
/home/wxz/Documents/pickle/fastrcnn320/480p/cut5_6257.pickle
372
COCO mAP: 0.3573980927467346
/home/wxz/Documents/pickle/fastrcnn320/480p/cut9_625.pickle
373
COCO mAP: 0.5180787444114685
/home/wxz/Documents/pickle/fastrcnn320/480p/cut8_8462.pickle
374
COCO mAP: 0.19765177369117737
/home/wxz/Documents/pickle/fastrcnn320/480p/cut8_8014.pickle
375
COCO mAP: 0.32801884412765503
/home/wxz/Documents/pickle/fastrcnn320/480p/cut3_5409.pickle
376
COCO mAP: 0.3451009690761566
/home/wxz/Documents/pickle/fastrcnn320/480p/cut2_507.pickle
377
COCO mAP: 0.6091598272323608
/home/wxz/Documents/pickle/fastrcnn320/480p/cut2_2485.pickle
378
COCO mAP: 0.35899633169174194
/home/wxz/Documents/pickle/fastrcnn320/480p/cut6_5313.pickle
379
COCO mAP: 0.3423944115638733
/home/wxz/Documents/pickle/fastrcnn320/480p/cut3_3313.pickle
380
COCO mAP: 0.5603886842727661
/home/wxz/Documents/pickle/fastrcnn320/480p/cut5_6545.pickle
381
COCO mAP: 0.5061769485473633
/home/wxz/Documents/pickle/fastrcnn320/480p/cut3_5025.pickle
382
COCO mAP: 0.4077116549015045
/home/wxz/Documents/pickle/fastrcnn320/480p/cut8_1113.pickle
383
COCO mAP: 0.25833266973495483
/home/wxz/Documents/pickle/fastrcnn320/480p/cut3_8033.pickle
384
COCO mAP: 0.46662697196006775
/home/wxz/Documents/pickle/fastrcnn320/480p/cut4_2841.pickle
385
COCO mAP: 0.20989489555358887
/home/wxz/Documents/pickle/fastrcnn320/480p/cut3_5217.pickle
386
COCO mAP: 0.15718834102153778
/home/wxz/Documents/pickle/fastrcnn320/480p/cut2_2715.pickle
387
COCO mAP: 0.5162802338600159
/home/wxz/Documents/pickle/fastrcnn320/480p/cut6_7453.pickle
388
COCO mAP: 0.320594847202301
/home/wxz/Documents/pickle/fastrcnn320/480p/cut6_817.pickle
389
COCO mAP: 0.4155551493167877
/home/wxz/Documents/pickle/fastrcnn320/480p/cut3_2737.pickle
390
COCO mAP: 0.28749942779541016
/home/wxz/Documents/pickle/fastrcnn320/480p/cut7_2885.pickle
391
COCO mAP: 0.26020923256874084
/home/wxz/Documents/pickle/fastrcnn320/480p/cut5_3441.pickle
392
COCO mAP: 0.333945095539093
/home/wxz/Documents/pickle/fastrcnn320/480p/cut1_7644.pickle
393
COCO mAP: 0.29674002528190613
/home/wxz/Documents/pickle/fastrcnn320/480p/cut3_5809.pickle
394
COCO mAP: 0.3171667456626892
/home/wxz/Documents/pickle/fastrcnn320/480p/cut8_7804.pickle
395
COCO mAP: 0.3635522127151489
/home/wxz/Documents/pickle/fastrcnn320/480p/cut3_5601.pickle
396
COCO mAP: 0.3171643316745758
/home/wxz/Documents/pickle/fastrcnn320/480p/cut5_7073.pickle
397
COCO mAP: 0.1206686943769455
/home/wxz/Documents/pickle/fastrcnn320/480p/cut9_6305.pickle
398
COCO mAP: 0.3052183985710144
/home/wxz/Documents/pickle/fastrcnn320/480p/cut3_8129.pickle
399
COCO mAP: 0.30264556407928467
/home/wxz/Documents/pickle/fastrcnn320/480p/cut5_4545.pickle
400
COCO mAP: 0.4577771723270416
/home/wxz/Documents/pickle/fastrcnn320/480p/cut7_3425.pickle
401
COCO mAP: 0.3193677067756653
/home/wxz/Documents/pickle/fastrcnn320/480p/cut3_8513.pickle
402
COCO mAP: 0.23114463686943054
/home/wxz/Documents/pickle/fastrcnn320/480p/cut8_506.pickle
403
COCO mAP: 0.40777555108070374
/home/wxz/Documents/pickle/fastrcnn320/480p/cut2_5912.pickle
404
COCO mAP: 0.15286320447921753
/home/wxz/Documents/pickle/fastrcnn320/480p/cut5_2545.pickle
405
COCO mAP: 0.14907564222812653
/home/wxz/Documents/pickle/fastrcnn320/480p/cut3_4209.pickle
406
COCO mAP: 0.2394319474697113
/home/wxz/Documents/pickle/fastrcnn320/480p/cut6_8029.pickle
407
COCO mAP: 0.32578563690185547
/home/wxz/Documents/pickle/fastrcnn320/480p/cut8_7510.pickle
408
COCO mAP: 0.20672468841075897
/home/wxz/Documents/pickle/fastrcnn320/480p/cut3_2001.pickle
409
COCO mAP: 0.19457277655601501
/home/wxz/Documents/pickle/fastrcnn320/480p/cut3_7937.pickle
410
COCO mAP: 0.5307241678237915
/home/wxz/Documents/pickle/fastrcnn320/480p/cut3_705.pickle
411
COCO mAP: 0.15261292457580566
/home/wxz/Documents/pickle/fastrcnn320/480p/cut4_2241.pickle
412
COCO mAP: 0.3828442692756653
/home/wxz/Documents/pickle/fastrcnn320/480p/cut2_7522.pickle
413
COCO mAP: 0.17289230227470398
/home/wxz/Documents/pickle/fastrcnn320/480p/cut2_8879.pickle
414
COCO mAP: 0.5111628770828247
/home/wxz/Documents/pickle/fastrcnn320/480p/cut9_4017.pickle
415
COCO mAP: 0.5793524980545044
/home/wxz/Documents/pickle/fastrcnn320/480p/cut3_3857.pickle
416
COCO mAP: 0.5165385007858276
/home/wxz/Documents/pickle/fastrcnn320/480p/cut5_4641.pickle
417
COCO mAP: 0.4985082745552063
/home/wxz/Documents/pickle/fastrcnn320/480p/cut4_7024.pickle
418
COCO mAP: 0.2742890417575836
/home/wxz/Documents/pickle/fastrcnn320/480p/cut5_5713.pickle
419
COCO mAP: 0.234330415725708
/home/wxz/Documents/pickle/fastrcnn320/480p/cut5_1377.pickle
420
COCO mAP: 0.4103187024593353
/home/wxz/Documents/pickle/fastrcnn320/480p/cut7_3545.pickle
421
COCO mAP: 0.31377702951431274
/home/wxz/Documents/pickle/fastrcnn320/480p/cut5_3105.pickle
422
COCO mAP: 0.5068629384040833
/home/wxz/Documents/pickle/fastrcnn320/480p/cut1_4671.pickle
423
COCO mAP: 0.2919405698776245
/home/wxz/Documents/pickle/fastrcnn320/480p/cut4_6293.pickle
424
COCO mAP: 0.3968580365180969
/home/wxz/Documents/pickle/fastrcnn320/480p/cut9_2033.pickle
425
COCO mAP: 0.6205641031265259
/home/wxz/Documents/pickle/fastrcnn320/480p/cut9_4913.pickle
426
COCO mAP: 0.4766886234283447
/home/wxz/Documents/pickle/fastrcnn320/480p/cut5_1713.pickle
427
COCO mAP: 0.39065390825271606
/home/wxz/Documents/pickle/fastrcnn320/480p/cut8_8602.pickle
428
COCO mAP: 0.26524385809898376
/home/wxz/Documents/pickle/fastrcnn320/480p/cut1_2908.pickle
429
COCO mAP: 0.006435643881559372
/home/wxz/Documents/pickle/fastrcnn320/480p/cut8_4431.pickle
430
COCO mAP: 0.05488552525639534
/home/wxz/Documents/pickle/fastrcnn320/480p/cut3_1633.pickle
431
COCO mAP: 0.18461810052394867
/home/wxz/Documents/pickle/fastrcnn320/480p/cut5_3633.pickle
432
COCO mAP: 0.23871290683746338
/home/wxz/Documents/pickle/fastrcnn320/480p/cut3_609.pickle
433
COCO mAP: 0.3920443654060364
/home/wxz/Documents/pickle/fastrcnn320/480p/cut3_417.pickle
434
COCO mAP: 0.3499666750431061
/home/wxz/Documents/pickle/fastrcnn320/480p/cut2_3704.pickle
435
COCO mAP: 0.2429349720478058
/home/wxz/Documents/pickle/fastrcnn320/480p/cut4_461.pickle
436
COCO mAP: 0.3858475089073181
/home/wxz/Documents/pickle/fastrcnn320/480p/cut2_7361.pickle
437
COCO mAP: 0.48629751801490784
/home/wxz/Documents/pickle/fastrcnn320/480p/cut8_1827.pickle
438
COCO mAP: 0.37825003266334534
/home/wxz/Documents/pickle/fastrcnn320/480p/cut2_8603.pickle
439
COCO mAP: 0.4121744632720947
/home/wxz/Documents/pickle/fastrcnn320/480p/cut8_2331.pickle
440
COCO mAP: 0.21415409445762634
/home/wxz/Documents/pickle/fastrcnn320/480p/cut7_2145.pickle
441
COCO mAP: 0.34345439076423645
/home/wxz/Documents/pickle/fastrcnn320/480p/cut9_6145.pickle
442
COCO mAP: 0.17689093947410583
/home/wxz/Documents/pickle/fastrcnn320/480p/cut2_3106.pickle
443
COCO mAP: 0.40146303176879883
/home/wxz/Documents/pickle/fastrcnn320/480p/cut3_6001.pickle
444
COCO mAP: 0.19057175517082214
/home/wxz/Documents/pickle/fastrcnn320/480p/cut3_1809.pickle
445
COCO mAP: 0.1610419601202011
/home/wxz/Documents/pickle/fastrcnn320/480p/cut1_8319.pickle
446
COCO mAP: 0.44811350107192993
/home/wxz/Documents/pickle/fastrcnn320/480p/cut6_193.pickle
447
COCO mAP: 0.5744887590408325
/home/wxz/Documents/pickle/fastrcnn320/480p/cut1_1846.pickle
448
COCO mAP: 0.176956444978714
/home/wxz/Documents/pickle/fastrcnn320/480p/cut6_8785.pickle
449
COCO mAP: 0.42962446808815
/home/wxz/Documents/pickle/fastrcnn320/480p/cut9_5409.pickle
450
COCO mAP: 0.30309396982192993
/home/wxz/Documents/pickle/fastrcnn320/480p/cut5_657.pickle
451
COCO mAP: 0.20444831252098083
/home/wxz/Documents/pickle/fastrcnn320/480p/cut6_8353.pickle
452
COCO mAP: 0.5271254181861877
/home/wxz/Documents/pickle/fastrcnn320/480p/cut8_8924.pickle
453
COCO mAP: 0.12846533954143524
/home/wxz/Documents/pickle/fastrcnn320/480p/cut6_5934.pickle
454
COCO mAP: 0.37163540720939636
/home/wxz/Documents/pickle/fastrcnn320/480p/cut3_8417.pickle
455
COCO mAP: 0.36142557859420776
/home/wxz/Documents/pickle/fastrcnn320/480p/cut4_8068.pickle
456
COCO mAP: 0.20834088325500488
/home/wxz/Documents/pickle/fastrcnn320/480p/cut9_1105.pickle
457
COCO mAP: 0.44808903336524963
/home/wxz/Documents/pickle/fastrcnn320/480p/cut7_8825.pickle
458
COCO mAP: 0.5992799997329712
/home/wxz/Documents/pickle/fastrcnn320/480p/cut2_3612.pickle
459
COCO mAP: 0.3426167666912079
/home/wxz/Documents/pickle/fastrcnn320/480p/cut6_3041.pickle
460
COCO mAP: 0.4178951680660248
/home/wxz/Documents/pickle/fastrcnn320/480p/cut7_4425.pickle
461
COCO mAP: 0.43885570764541626
/home/wxz/Documents/pickle/fastrcnn320/480p/cut7_6705.pickle
462
COCO mAP: 0.44221216440200806
/home/wxz/Documents/pickle/fastrcnn320/480p/cut9_209.pickle
463
COCO mAP: 0.6046076416969299
/home/wxz/Documents/pickle/fastrcnn320/480p/cut4_261.pickle
464
COCO mAP: 0.2781981825828552
/home/wxz/Documents/pickle/fastrcnn320/480p/cut4_3401.pickle
465
COCO mAP: 0.4112982749938965
/home/wxz/Documents/pickle/fastrcnn320/480p/cut3_3217.pickle
466
COCO mAP: 0.46596604585647583
/home/wxz/Documents/pickle/fastrcnn320/480p/cut9_4641.pickle
467
COCO mAP: 0.4897611141204834
/home/wxz/Documents/pickle/fastrcnn320/480p/cut7_6365.pickle
468
COCO mAP: 0.36800485849380493
/home/wxz/Documents/pickle/fastrcnn320/480p/cut4_3241.pickle
469
COCO mAP: 0.34909480810165405
/home/wxz/Documents/pickle/fastrcnn320/480p/cut8_8546.pickle
470
COCO mAP: 0.20974978804588318
/home/wxz/Documents/pickle/fastrcnn320/480p/cut8_8840.pickle
471
COCO mAP: 0.3798021972179413
/home/wxz/Documents/pickle/fastrcnn320/480p/cut3_7505.pickle
472
COCO mAP: 0.48702272772789
/home/wxz/Documents/pickle/fastrcnn320/480p/cut5_7969.pickle
473
COCO mAP: 0.5162076950073242
/home/wxz/Documents/pickle/fastrcnn320/480p/cut4_7258.pickle
474
COCO mAP: 0.20709288120269775
/home/wxz/Documents/pickle/fastrcnn320/480p/cut4_1801.pickle
475
COCO mAP: 0.5442304015159607
/home/wxz/Documents/pickle/fastrcnn320/480p/cut7_4845.pickle
476
COCO mAP: 0.4543439745903015
/home/wxz/Documents/pickle/fastrcnn320/480p/cut6_8137.pickle
477
COCO mAP: 0.4171108305454254
/home/wxz/Documents/pickle/fastrcnn320/480p/cut4_761.pickle
478
COCO mAP: 0.27028927206993103
/home/wxz/Documents/pickle/fastrcnn320/480p/cut2_8925.pickle
479
COCO mAP: 0.2994289994239807
/home/wxz/Documents/pickle/fastrcnn320/480p/cut4_5281.pickle
480
COCO mAP: 0.3537316918373108
/home/wxz/Documents/pickle/fastrcnn320/480p/cut1_5700.pickle
481
COCO mAP: 0.27878832817077637
/home/wxz/Documents/pickle/fastrcnn320/480p/cut7_641.pickle
482
COCO mAP: 0.1995707005262375
/home/wxz/Documents/pickle/fastrcnn320/480p/cut2_5751.pickle
483
COCO mAP: 0.08616255223751068
/home/wxz/Documents/pickle/fastrcnn320/480p/cut9_113.pickle
484
COCO mAP: 0.6035022735595703
/home/wxz/Documents/pickle/fastrcnn320/480p/cut4_7348.pickle
485
COCO mAP: 0.2726523280143738
/home/wxz/Documents/pickle/fastrcnn320/480p/cut1_3438.pickle
486
COCO mAP: 0.1953195333480835
/home/wxz/Documents/pickle/fastrcnn320/480p/cut7_4305.pickle
487
COCO mAP: 0.35201171040534973
/home/wxz/Documents/pickle/fastrcnn320/480p/cut5_897.pickle
488
COCO mAP: 0.20019909739494324
/home/wxz/Documents/pickle/fastrcnn320/480p/cut3_3601.pickle
489
COCO mAP: 0.4866425096988678
/home/wxz/Documents/pickle/fastrcnn320/480p/cut5_8881.pickle
490
COCO mAP: 0.5564354658126831
/home/wxz/Documents/pickle/fastrcnn320/480p/cut5_3729.pickle
491
COCO mAP: 0.39018476009368896
/home/wxz/Documents/pickle/fastrcnn320/480p/cut4_6412.pickle
492
COCO mAP: 0.5596826076507568
/home/wxz/Documents/pickle/fastrcnn320/480p/cut5_3809.pickle
493
COCO mAP: 0.2981737554073334
/home/wxz/Documents/pickle/fastrcnn320/480p/cut4_7672.pickle
494
COCO mAP: 0.21986551582813263
/home/wxz/Documents/pickle/fastrcnn320/480p/cut1_2820.pickle
495
COCO mAP: 0.1782178282737732
/home/wxz/Documents/pickle/fastrcnn320/480p/cut4_521.pickle
496
COCO mAP: 0.2833901047706604
/home/wxz/Documents/pickle/fastrcnn320/480p/cut9_1937.pickle
497
COCO mAP: 0.43589967489242554
/home/wxz/Documents/pickle/fastrcnn320/480p/cut6_5611.pickle
498
COCO mAP: 0.365087628364563
/home/wxz/Documents/pickle/fastrcnn320/480p/cut4_2001.pickle
499
COCO mAP: 0.09188640862703323
/home/wxz/Documents/pickle/fastrcnn320/480p/cut1_5373.pickle
500
COCO mAP: 0.4631628394126892
/home/wxz/Documents/pickle/fastrcnn320/480p/cut8_912.pickle
501
COCO mAP: 0.4787755012512207
/home/wxz/Documents/pickle/fastrcnn320/480p/cut6_6750.pickle
502
COCO mAP: 0.36559349298477173
/home/wxz/Documents/pickle/fastrcnn320/480p/cut4_5401.pickle
503
COCO mAP: 0.3240051567554474
/home/wxz/Documents/pickle/fastrcnn320/480p/cut3_3505.pickle
504
COCO mAP: 0.5250523090362549
/home/wxz/Documents/pickle/fastrcnn320/480p/cut5_8353.pickle
505
COCO mAP: 0.3125
/home/wxz/Documents/pickle/fastrcnn320/480p/cut6_8461.pickle
506
COCO mAP: 0.5129410028457642
/home/wxz/Documents/pickle/fastrcnn320/480p/cut7_5945.pickle
507
COCO mAP: 0.2918151021003723
/home/wxz/Documents/pickle/fastrcnn320/480p/cut3_2609.pickle
508
COCO mAP: 0.4963754713535309
/home/wxz/Documents/pickle/fastrcnn320/480p/cut6_7741.pickle
509
COCO mAP: 0.36279335618019104
/home/wxz/Documents/pickle/fastrcnn320/480p/cut8_4613.pickle
510
COCO mAP: 0.3149864673614502
/home/wxz/Documents/pickle/fastrcnn320/480p/cut2_852.pickle
511
COCO mAP: 0.4381248950958252
/home/wxz/Documents/pickle/fastrcnn320/480p/cut5_4017.pickle
512
COCO mAP: 0.5786677598953247
/home/wxz/Documents/pickle/fastrcnn320/480p/cut1_4931.pickle
513
COCO mAP: 0.43598905205726624
/home/wxz/Documents/pickle/fastrcnn320/480p/cut6_5201.pickle
514
COCO mAP: 0.3002072274684906
/home/wxz/Documents/pickle/fastrcnn320/480p/cut8_3619.pickle
515
COCO mAP: 0.1539243906736374
/home/wxz/Documents/pickle/fastrcnn320/480p/cut2_6717.pickle
516
COCO mAP: 0.5632213950157166
/home/wxz/Documents/pickle/fastrcnn320/480p/cut4_7996.pickle
517
COCO mAP: 0.21903271973133087
/home/wxz/Documents/pickle/fastrcnn320/480p/cut8_1519.pickle
518
COCO mAP: 0.3322833180427551
/home/wxz/Documents/pickle/fastrcnn320/480p/cut2_5061.pickle
519
COCO mAP: 0.18124425411224365
/home/wxz/Documents/pickle/fastrcnn320/480p/cut5_7265.pickle
520
COCO mAP: 0.4715249538421631
/home/wxz/Documents/pickle/fastrcnn320/480p/cut5_2401.pickle
521
COCO mAP: 0.3178936839103699
/home/wxz/Documents/pickle/fastrcnn320/480p/cut2_8741.pickle
522
COCO mAP: 0.376017689704895
/home/wxz/Documents/pickle/fastrcnn320/480p/cut6_2433.pickle
523
COCO mAP: 0.29989489912986755
/home/wxz/Documents/pickle/fastrcnn320/480p/cut3_1.pickle
524
COCO mAP: 0.29564332962036133
/home/wxz/Documents/pickle/fastrcnn320/480p/cut4_1761.pickle
525
COCO mAP: 0.2678121030330658
/home/wxz/Documents/pickle/fastrcnn320/480p/cut5_6929.pickle
526
COCO mAP: 0.298734188079834
/home/wxz/Documents/pickle/fastrcnn320/480p/cut2_7430.pickle
527
COCO mAP: 0.47139281034469604
/home/wxz/Documents/pickle/fastrcnn320/480p/cut9_2801.pickle
528
COCO mAP: 0.39419856667518616
/home/wxz/Documents/pickle/fastrcnn320/480p/cut6_6189.pickle
529
COCO mAP: 0.442175954580307
/home/wxz/Documents/pickle/fastrcnn320/480p/cut5_2817.pickle
530
COCO mAP: 0.39713120460510254
/home/wxz/Documents/pickle/fastrcnn320/480p/cut2_7660.pickle
531
COCO mAP: 0.5475480556488037
/home/wxz/Documents/pickle/fastrcnn320/480p/cut6_7975.pickle
532
COCO mAP: 0.30958330631256104
/home/wxz/Documents/pickle/fastrcnn320/480p/cut3_6865.pickle
533
COCO mAP: 0.5015428066253662
/home/wxz/Documents/pickle/fastrcnn320/480p/cut8_4515.pickle
534
COCO mAP: 0.3362988829612732
/home/wxz/Documents/pickle/fastrcnn320/480p/cut3_3393.pickle
535
COCO mAP: 0.4001413881778717
/home/wxz/Documents/pickle/fastrcnn320/480p/cut1_879.pickle
536
COCO mAP: 0.013591358438134193
/home/wxz/Documents/pickle/fastrcnn320/480p/cut9_3329.pickle
537
COCO mAP: 0.1183498278260231
/home/wxz/Documents/pickle/fastrcnn320/480p/cut2_8143.pickle
538
COCO mAP: 0.48705726861953735
/home/wxz/Documents/pickle/fastrcnn320/480p/cut4_5817.pickle
539
COCO mAP: 0.3088448643684387
/home/wxz/Documents/pickle/fastrcnn320/480p/cut9_5505.pickle
540
COCO mAP: 0.34973689913749695
/home/wxz/Documents/pickle/fastrcnn320/480p/cut2_4762.pickle
541
COCO mAP: 0.2112928330898285
/home/wxz/Documents/pickle/fastrcnn320/480p/cut4_3621.pickle
542
COCO mAP: 0.364479124546051
/home/wxz/Documents/pickle/fastrcnn320/480p/cut6_1489.pickle
543
COCO mAP: 0.3025476932525635
/home/wxz/Documents/pickle/fastrcnn320/480p/cut1_3174.pickle
544
COCO mAP: 0.21881189942359924
/home/wxz/Documents/pickle/fastrcnn320/480p/cut6_5832.pickle
545
COCO mAP: 0.3462129831314087
/home/wxz/Documents/pickle/fastrcnn320/480p/cut6_5105.pickle
546
COCO mAP: 0.27803245186805725
/home/wxz/Documents/pickle/fastrcnn320/480p/cut4_161.pickle
547
COCO mAP: 0.46983227133750916
/home/wxz/Documents/pickle/fastrcnn320/480p/cut3_4305.pickle
548
COCO mAP: 0.3094633221626282
/home/wxz/Documents/pickle/fastrcnn320/480p/cut1_3526.pickle
549
COCO mAP: 0.39347296953201294
/home/wxz/Documents/pickle/fastrcnn320/480p/cut2_7292.pickle
550
COCO mAP: 0.5312922596931458
/home/wxz/Documents/pickle/fastrcnn320/480p/cut7_4725.pickle
551
COCO mAP: 0.29667574167251587
/home/wxz/Documents/pickle/fastrcnn320/480p/cut3_3793.pickle
552
COCO mAP: 0.34197288751602173
/home/wxz/Documents/pickle/fastrcnn320/480p/cut5_3537.pickle
553
COCO mAP: 0.3057420253753662
/home/wxz/Documents/pickle/fastrcnn320/480p/cut5_2913.pickle
554
COCO mAP: 0.6439234018325806
/home/wxz/Documents/pickle/fastrcnn320/480p/cut7_7945.pickle
555
COCO mAP: 0.49190348386764526
/home/wxz/Documents/pickle/fastrcnn320/480p/cut8_7412.pickle
556
COCO mAP: 0.11443895101547241
/home/wxz/Documents/pickle/fastrcnn320/480p/cut3_6193.pickle
557
COCO mAP: 0.3228371739387512
/home/wxz/Documents/pickle/fastrcnn320/480p/cut4_3001.pickle
558
COCO mAP: 0.3645462989807129
/home/wxz/Documents/pickle/fastrcnn320/480p/cut4_5901.pickle
559
COCO mAP: 0.3339337706565857
/home/wxz/Documents/pickle/fastrcnn320/480p/cut2_1036.pickle
560
COCO mAP: 0.5457945466041565
/home/wxz/Documents/pickle/fastrcnn320/480p/cut8_1715.pickle
561
COCO mAP: 0.4219701290130615
/home/wxz/Documents/pickle/fastrcnn320/480p/cut5_8992.pickle
562
COCO mAP: 0.6699211001396179
/home/wxz/Documents/pickle/fastrcnn320/480p/cut6_3617.pickle
563
COCO mAP: 0.2929830849170685
/home/wxz/Documents/pickle/fastrcnn320/480p/cut5_6641.pickle
564
COCO mAP: 0.5180680155754089
/home/wxz/Documents/pickle/fastrcnn320/480p/cut6_6240.pickle
565
COCO mAP: 0.3019868731498718
/home/wxz/Documents/pickle/fastrcnn320/480p/cut8_4906.pickle
566
COCO mAP: 0.27203112840652466
/home/wxz/Documents/pickle/fastrcnn320/480p/cut6_8947.pickle
567
COCO mAP: 0.3107095956802368
/home/wxz/Documents/pickle/fastrcnn320/480p/cut7_1.pickle
568
COCO mAP: 0.41212183237075806
/home/wxz/Documents/pickle/fastrcnn320/480p/cut1_2471.pickle
569
COCO mAP: 0.502254068851471
/home/wxz/Documents/pickle/fastrcnn320/480p/cut6_2001.pickle
570
COCO mAP: 0.35388776659965515
/home/wxz/Documents/pickle/fastrcnn320/480p/cut6_1201.pickle
571
COCO mAP: 0.5425640940666199
/home/wxz/Documents/pickle/fastrcnn320/480p/cut6_6903.pickle
572
COCO mAP: 0.42245715856552124
/home/wxz/Documents/pickle/fastrcnn320/480p/cut2_93.pickle
573
COCO mAP: 0.20358853042125702
/home/wxz/Documents/pickle/fastrcnn320/480p/cut5_8545.pickle
574
COCO mAP: 0.3553340435028076
/home/wxz/Documents/pickle/fastrcnn320/480p/cut7_1105.pickle
575
COCO mAP: 0.29622939229011536
/home/wxz/Documents/pickle/fastrcnn320/480p/cut7_1855.pickle
576
COCO mAP: 0.37687796354293823
/home/wxz/Documents/pickle/fastrcnn320/480p/cut5_8785.pickle
577
COCO mAP: 0.6408261656761169
/home/wxz/Documents/pickle/fastrcnn320/480p/cut2_6510.pickle
578
COCO mAP: 0.4510881006717682
/home/wxz/Documents/pickle/fastrcnn320/480p/cut8_1645.pickle
579
COCO mAP: 0.3670608699321747
/home/wxz/Documents/pickle/fastrcnn320/480p/cut4_5321.pickle
580
COCO mAP: 0.2856152355670929
/home/wxz/Documents/pickle/fastrcnn320/480p/cut2_6418.pickle
581
COCO mAP: 0.4320001006126404
/home/wxz/Documents/pickle/fastrcnn320/480p/cut9_1009.pickle
582
COCO mAP: 0.24218516051769257
/home/wxz/Documents/pickle/fastrcnn320/480p/cut7_6645.pickle
583
COCO mAP: 0.39477014541625977
/home/wxz/Documents/pickle/fastrcnn320/480p/cut4_1681.pickle
584
COCO mAP: 0.61054527759552
/home/wxz/Documents/pickle/fastrcnn320/480p/cut9_401.pickle
585
COCO mAP: 0.38840728998184204
/home/wxz/Documents/pickle/fastrcnn320/480p/cut3_2209.pickle
586
COCO mAP: 0.5712286829948425
/home/wxz/Documents/pickle/fastrcnn320/480p/cut8_4809.pickle
587
COCO mAP: 0.20228560268878937
/home/wxz/Documents/pickle/fastrcnn320/480p/cut6_4641.pickle
588
COCO mAP: 0.2697588801383972
/home/wxz/Documents/pickle/fastrcnn320/480p/cut7_833.pickle
589
COCO mAP: 0.3089148700237274
/home/wxz/Documents/pickle/fastrcnn320/480p/cut5_6113.pickle
590
COCO mAP: 0.536791980266571
/home/wxz/Documents/pickle/fastrcnn320/480p/cut6_7867.pickle
591
COCO mAP: 0.5005561113357544
/home/wxz/Documents/pickle/fastrcnn320/480p/cut6_6444.pickle
592
COCO mAP: 0.3902931809425354
/home/wxz/Documents/pickle/fastrcnn320/480p/cut1_4139.pickle
593
COCO mAP: 0.367998868227005
/home/wxz/Documents/pickle/fastrcnn320/480p/cut3_817.pickle
594
COCO mAP: 0.1840038001537323
/home/wxz/Documents/pickle/fastrcnn320/480p/cut4_1.pickle
595
COCO mAP: 0.5692811608314514
/home/wxz/Documents/pickle/fastrcnn320/480p/cut4_2121.pickle
596
COCO mAP: 0.37268441915512085
/home/wxz/Documents/pickle/fastrcnn320/480p/cut2_8534.pickle
597
COCO mAP: 0.33599427342414856
/home/wxz/Documents/pickle/fastrcnn320/480p/cut4_4721.pickle
598
COCO mAP: 0.3984893262386322
/home/wxz/Documents/pickle/fastrcnn320/480p/cut1_8759.pickle
599
COCO mAP: 0.4405202269554138
/home/wxz/Documents/pickle/fastrcnn320/480p/cut8_2737.pickle
600
COCO mAP: 0.29356932640075684
/home/wxz/Documents/pickle/fastrcnn320/480p/cut8_3003.pickle
601
COCO mAP: 0.28609147667884827
/home/wxz/Documents/pickle/fastrcnn320/480p/cut4_3341.pickle
602
COCO mAP: 0.37975794076919556
/home/wxz/Documents/pickle/fastrcnn320/480p/cut4_8914.pickle
603
COCO mAP: 0.413379967212677
/home/wxz/Documents/pickle/fastrcnn320/480p/cut6_1537.pickle
604
COCO mAP: 0.17125436663627625
/home/wxz/Documents/pickle/fastrcnn320/480p/cut3_4737.pickle
605
COCO mAP: 0.26617127656936646
/home/wxz/Documents/pickle/fastrcnn320/480p/cut1_8509.pickle
606
COCO mAP: 0.5187363624572754
/home/wxz/Documents/pickle/fastrcnn320/480p/cut5_4929.pickle
607
COCO mAP: 0.20077133178710938
/home/wxz/Documents/pickle/fastrcnn320/480p/cut2_6602.pickle
608
COCO mAP: 0.10474983602762222
/home/wxz/Documents/pickle/fastrcnn320/480p/cut7_7465.pickle
609
COCO mAP: 0.391262948513031
/home/wxz/Documents/pickle/fastrcnn320/480p/cut3_2305.pickle
610
COCO mAP: 0.36248815059661865
/home/wxz/Documents/pickle/fastrcnn320/480p/cut6_4241.pickle
611
COCO mAP: 0.17951422929763794
/home/wxz/Documents/pickle/fastrcnn320/480p/cut3_5313.pickle
612
COCO mAP: 0.29711270332336426
/home/wxz/Documents/pickle/fastrcnn320/480p/cut7_3665.pickle
613
COCO mAP: 0.2998153865337372
/home/wxz/Documents/pickle/fastrcnn320/480p/cut7_5445.pickle
614
COCO mAP: 0.42813605070114136
/home/wxz/Documents/pickle/fastrcnn320/480p/cut1_5107.pickle
615
COCO mAP: 0.4824191629886627
/home/wxz/Documents/pickle/fastrcnn320/480p/cut6_5009.pickle
616
COCO mAP: 0.3051292300224304
/home/wxz/Documents/pickle/fastrcnn320/480p/cut3_4833.pickle
617
COCO mAP: 0.3305293917655945
/home/wxz/Documents/pickle/fastrcnn320/480p/cut1_6068.pickle
618
COCO mAP: 0.5748291015625
/home/wxz/Documents/pickle/fastrcnn320/480p/cut8_7706.pickle
619
COCO mAP: 0.30331867933273315
/home/wxz/Documents/pickle/fastrcnn320/480p/cut6_5409.pickle
620
COCO mAP: 0.2469720095396042
/home/wxz/Documents/pickle/fastrcnn320/480p/cut4_6141.pickle
621
COCO mAP: 0.2400682270526886
/home/wxz/Documents/pickle/fastrcnn320/480p/cut7_2017.pickle
622
COCO mAP: 0.3387608826160431
/home/wxz/Documents/pickle/fastrcnn320/480p/cut9_5601.pickle
623
COCO mAP: 0.3599732220172882
/home/wxz/Documents/pickle/fastrcnn320/480p/cut3_7649.pickle
624
COCO mAP: 0.34837138652801514
/home/wxz/Documents/pickle/fastrcnn320/480p/cut4_361.pickle
625
COCO mAP: 0.3596312999725342
/home/wxz/Documents/pickle/fastrcnn320/480p/cut4_5521.pickle
626
COCO mAP: 0.3346637487411499
/home/wxz/Documents/pickle/fastrcnn320/480p/cut6_689.pickle
627
COCO mAP: 0.33726638555526733
/home/wxz/Documents/pickle/fastrcnn320/480p/cut4_4121.pickle
628
COCO mAP: 0.4578680992126465
/home/wxz/Documents/pickle/fastrcnn320/480p/cut7_8225.pickle
629
COCO mAP: 0.43082380294799805
/home/wxz/Documents/pickle/fastrcnn320/480p/cut4_4841.pickle
630
COCO mAP: 0.24523361027240753
/home/wxz/Documents/pickle/fastrcnn320/480p/cut9_305.pickle
631
COCO mAP: 0.37383970618247986
/home/wxz/Documents/pickle/fastrcnn320/480p/cut9_5713.pickle
632
COCO mAP: 0.381178081035614
/home/wxz/Documents/pickle/fastrcnn320/480p/cut4_3901.pickle
633
COCO mAP: 0.281474232673645
/home/wxz/Documents/pickle/fastrcnn320/480p/cut1_2558.pickle
634
COCO mAP: 0.15049505233764648
/home/wxz/Documents/pickle/fastrcnn320/480p/cut8_5620.pickle
635
COCO mAP: 0.37299078702926636
/home/wxz/Documents/pickle/fastrcnn320/480p/cut3_3169.pickle
636
COCO mAP: 0.5503835678100586
/home/wxz/Documents/pickle/fastrcnn320/480p/cut4_6201.pickle
637
COCO mAP: 0.31330162286758423
/home/wxz/Documents/pickle/fastrcnn320/480p/cut2_1312.pickle
638
COCO mAP: 0.25748199224472046
/home/wxz/Documents/pickle/fastrcnn320/480p/cut6_1905.pickle
639
COCO mAP: 0.3033958077430725
/home/wxz/Documents/pickle/fastrcnn320/480p/cut9_3729.pickle
640
COCO mAP: 0.6599249839782715
/home/wxz/Documents/pickle/fastrcnn320/480p/cut2_6142.pickle
641
COCO mAP: 0.25124841928482056
/home/wxz/Documents/pickle/fastrcnn320/480p/cut3_8705.pickle
642
COCO mAP: 0.5552242994308472
/home/wxz/Documents/pickle/fastrcnn320/480p/cut8_5032.pickle
643
COCO mAP: 0.19084984064102173
/home/wxz/Documents/pickle/fastrcnn320/480p/cut8_2905.pickle
644
COCO mAP: 0.10734973102807999
/home/wxz/Documents/pickle/fastrcnn320/480p/cut2_2002.pickle
645
COCO mAP: 0.25019460916519165
/home/wxz/Documents/pickle/fastrcnn320/480p/cut8_209.pickle
646
COCO mAP: 0.4793184697628021
/home/wxz/Documents/pickle/fastrcnn320/480p/cut2_8327.pickle
647
COCO mAP: 0.5279684066772461
/home/wxz/Documents/pickle/fastrcnn320/480p/cut5_5617.pickle
648
COCO mAP: 0.26565736532211304
/home/wxz/Documents/pickle/fastrcnn320/480p/cut7_3245.pickle
649
COCO mAP: 0.2988153398036957
/home/wxz/Documents/pickle/fastrcnn320/480p/cut9_5169.pickle
650
COCO mAP: 0.27190691232681274
/home/wxz/Documents/pickle/fastrcnn320/480p/cut9_2321.pickle
651
COCO mAP: 0.2407689094543457
/home/wxz/Documents/pickle/fastrcnn320/480p/cut7_5625.pickle
652
COCO mAP: 0.41159433126449585
/home/wxz/Documents/pickle/fastrcnn320/480p/cut8_5410.pickle
653
COCO mAP: 0.24343590438365936
/home/wxz/Documents/pickle/fastrcnn320/480p/cut8_2009.pickle
654
COCO mAP: 0.3726019859313965
/home/wxz/Documents/pickle/fastrcnn320/480p/cut8_604.pickle
655
COCO mAP: 0.4771254062652588
/home/wxz/Documents/pickle/fastrcnn320/480p/cut7_737.pickle
656
COCO mAP: 0.2554463744163513
/home/wxz/Documents/pickle/fastrcnn320/480p/cut6_3425.pickle
657
COCO mAP: 0.25102198123931885
/home/wxz/Documents/pickle/fastrcnn320/480p/cut7_7185.pickle
658
COCO mAP: 0.4184054732322693
/home/wxz/Documents/pickle/fastrcnn320/480p/cut5_2209.pickle
659
COCO mAP: 0.2498527318239212
/home/wxz/Documents/pickle/fastrcnn320/480p/cut4_4541.pickle
660
COCO mAP: 0.5113474130630493
/home/wxz/Documents/pickle/fastrcnn320/480p/cut3_5121.pickle
661
COCO mAP: 0.2593981623649597
/home/wxz/Documents/pickle/fastrcnn320/480p/cut1_4403.pickle
662
COCO mAP: 0.3854808509349823
/home/wxz/Documents/pickle/fastrcnn320/480p/cut6_2945.pickle
663
COCO mAP: 0.49601784348487854
/home/wxz/Documents/pickle/fastrcnn320/480p/cut1_6244.pickle
664
COCO mAP: 0.5099587440490723
/home/wxz/Documents/pickle/fastrcnn320/480p/cut5_4401.pickle
665
COCO mAP: 0.5571373701095581
/home/wxz/Documents/pickle/fastrcnn320/480p/cut8_3213.pickle
666
COCO mAP: 0.23268921673297882
/home/wxz/Documents/pickle/fastrcnn320/480p/cut2_3520.pickle
667
COCO mAP: 0.5363950133323669
/home/wxz/Documents/pickle/fastrcnn320/480p/cut7_1747.pickle
668
COCO mAP: 0.3445759415626526
/home/wxz/Documents/pickle/fastrcnn320/480p/cut6_1713.pickle
669
COCO mAP: 0.42811983823776245
/home/wxz/Documents/pickle/fastrcnn320/480p/cut4_8752.pickle
670
COCO mAP: 0.4874540865421295
/home/wxz/Documents/pickle/fastrcnn320/480p/cut3_3713.pickle
671
COCO mAP: 0.3486030697822571
/home/wxz/Documents/pickle/fastrcnn320/480p/cut8_4305.pickle
672
COCO mAP: 0.20448021590709686
/home/wxz/Documents/pickle/fastrcnn320/480p/cut5_5905.pickle
673
COCO mAP: 0.5257878303527832
/home/wxz/Documents/pickle/fastrcnn320/480p/cut9_6049.pickle
674
COCO mAP: 0.3221939206123352
/home/wxz/Documents/pickle/fastrcnn320/480p/cut6_6546.pickle
675
COCO mAP: 0.3237174153327942
/home/wxz/Documents/pickle/fastrcnn320/480p/cut5_2625.pickle
676
COCO mAP: 0.4278346002101898
/home/wxz/Documents/pickle/fastrcnn320/480p/cut6_6342.pickle
677
COCO mAP: 0.38182324171066284
/home/wxz/Documents/pickle/fastrcnn320/480p/cut7_929.pickle
678
COCO mAP: 0.20323100686073303
/home/wxz/Documents/pickle/fastrcnn320/480p/cut3_2513.pickle
679
COCO mAP: 0.3382814824581146
/home/wxz/Documents/pickle/fastrcnn320/480p/cut5_1.pickle
680
COCO mAP: 0.33563709259033203
/home/wxz/Documents/pickle/fastrcnn320/480p/cut9_1505.pickle
681
COCO mAP: 0.3527454137802124
/home/wxz/Documents/pickle/fastrcnn320/480p/cut8_5928.pickle
682
COCO mAP: 0.3088254928588867
/home/wxz/Documents/pickle/fastrcnn320/480p/cut9_4737.pickle
683
COCO mAP: 0.44022026658058167
/home/wxz/Documents/pickle/fastrcnn320/480p/cut5_2721.pickle
684
COCO mAP: 0.43144065141677856
/home/wxz/Documents/pickle/fastrcnn320/480p/cut6_2385.pickle
685
COCO mAP: 0.36602288484573364
/home/wxz/Documents/pickle/fastrcnn320/480p/cut7_7285.pickle
686
COCO mAP: 0.38036125898361206
/home/wxz/Documents/pickle/fastrcnn320/480p/cut8_1911.pickle
687
COCO mAP: 0.3416370749473572
/home/wxz/Documents/pickle/fastrcnn320/480p/cut3_7153.pickle
688
COCO mAP: 0.2961544692516327
/home/wxz/Documents/pickle/fastrcnn320/480p/cut4_5709.pickle
689
COCO mAP: 0.26796647906303406
/home/wxz/Documents/pickle/fastrcnn320/480p/cut1_6909.pickle
690
COCO mAP: 0.268998920917511
/home/wxz/Documents/pickle/fastrcnn320/480p/cut8_6110.pickle
691
COCO mAP: 0.3240280747413635
/home/wxz/Documents/pickle/fastrcnn320/480p/cut3_2401.pickle
692
COCO mAP: 0.32567113637924194
/home/wxz/Documents/pickle/fastrcnn320/480p/cut7_6285.pickle
693
COCO mAP: 0.4607090950012207
/home/wxz/Documents/pickle/fastrcnn320/480p/cut8_4725.pickle
694
COCO mAP: 0.2800748944282532
/home/wxz/Documents/pickle/fastrcnn320/480p/cut9_721.pickle
695
COCO mAP: 0.430351585149765
/home/wxz/Documents/pickle/fastrcnn320/480p/cut1_704.pickle
696
COCO mAP: 0.41633448004722595
/home/wxz/Documents/pickle/fastrcnn320/480p/cut9_3233.pickle
697
COCO mAP: 0.0712871253490448
/home/wxz/Documents/pickle/fastrcnn320/480p/cut3_6097.pickle
698
COCO mAP: 0.5582932233810425
/home/wxz/Documents/pickle/fastrcnn320/480p/cut8_7608.pickle
699
COCO mAP: 0.39342108368873596
/home/wxz/Documents/pickle/fastrcnn320/480p/cut8_8252.pickle
700
COCO mAP: 0.2728603184223175
/home/wxz/Documents/pickle/fastrcnn320/480p/cut7_8705.pickle
701
COCO mAP: 0.2364659607410431
/home/wxz/Documents/pickle/fastrcnn320/480p/cut5_5313.pickle
702
COCO mAP: 0.23503534495830536
/home/wxz/Documents/pickle/fastrcnn320/480p/cut5_1089.pickle
703
COCO mAP: 0.17775049805641174
/home/wxz/Documents/pickle/fastrcnn320/480p/cut8_5522.pickle
704
COCO mAP: 0.2510741353034973
/home/wxz/Documents/pickle/fastrcnn320/480p/cut5_7729.pickle
705
COCO mAP: 0.43459463119506836
/home/wxz/Documents/pickle/fastrcnn320/480p/cut3_8945.pickle
706
COCO mAP: 0.22030682861804962
/home/wxz/Documents/pickle/fastrcnn320/480p/cut2_6901.pickle
707
COCO mAP: 0.10028135776519775
/home/wxz/Documents/pickle/fastrcnn320/480p/cut5_1617.pickle
708
COCO mAP: 0.2815990447998047
/home/wxz/Documents/pickle/fastrcnn320/480p/cut1_8864.pickle
709
COCO mAP: 0.5065070390701294
/home/wxz/Documents/pickle/fastrcnn320/480p/cut3_2257.pickle
710
COCO mAP: 0.2262817621231079
/home/wxz/Documents/pickle/fastrcnn320/480p/cut3_8801.pickle
711
COCO mAP: 0.5202282667160034
/home/wxz/Documents/pickle/fastrcnn320/480p/cut5_2113.pickle
712
COCO mAP: 0.4071529507637024
/home/wxz/Documents/pickle/fastrcnn320/480p/cut9_4817.pickle
713
COCO mAP: 0.5789686441421509
/home/wxz/Documents/pickle/fastrcnn320/480p/cut7_8645.pickle
714
COCO mAP: 0.198751300573349
/home/wxz/Documents/pickle/fastrcnn320/480p/cut1_2022.pickle
715
COCO mAP: 0.3298514187335968
/home/wxz/Documents/pickle/fastrcnn320/480p/cut6_6801.pickle
716
COCO mAP: 0.42022743821144104
/home/wxz/Documents/pickle/fastrcnn320/480p/cut4_6808.pickle
717
COCO mAP: 0.21265022456645966
/home/wxz/Documents/pickle/fastrcnn320/480p/cut1_17.pickle
718
COCO mAP: 0.14255250990390778
/home/wxz/Documents/pickle/fastrcnn320/480p/cut4_1901.pickle
719
COCO mAP: 0.3002130091190338
/home/wxz/Documents/pickle/fastrcnn320/480p/cut7_3005.pickle
720
COCO mAP: 0.2573105990886688
/home/wxz/Documents/pickle/fastrcnn320/480p/cut9_1745.pickle
721
COCO mAP: 0.23287244141101837
/home/wxz/Documents/pickle/fastrcnn320/480p/cut7_4225.pickle
722
COCO mAP: 0.39007455110549927
/home/wxz/Documents/pickle/fastrcnn320/480p/cut4_8320.pickle
723
COCO mAP: 0.1634136438369751
/home/wxz/Documents/pickle/fastrcnn320/480p/cut4_3701.pickle
724
COCO mAP: 0.33624377846717834
/home/wxz/Documents/pickle/fastrcnn320/480p/cut2_7821.pickle
725
COCO mAP: 0.43836432695388794
/home/wxz/Documents/pickle/fastrcnn320/480p/cut6_577.pickle
726
COCO mAP: 0.3568864166736603
/home/wxz/Documents/pickle/fastrcnn320/480p/cut3_5905.pickle
727
COCO mAP: 0.3050488531589508
/home/wxz/Documents/pickle/fastrcnn320/480p/cut3_1425.pickle
728
COCO mAP: 0.18961919844150543
/home/wxz/Documents/pickle/fastrcnn320/480p/cut2_7706.pickle
729
COCO mAP: 0.43185654282569885
/home/wxz/Documents/pickle/fastrcnn320/480p/cut8_346.pickle
730
COCO mAP: 0.2916295826435089
/home/wxz/Documents/pickle/fastrcnn320/480p/cut6_8245.pickle
731
COCO mAP: 0.3875109851360321
/home/wxz/Documents/pickle/fastrcnn320/480p/cut6_3137.pickle
732
COCO mAP: 0.49220314621925354
/home/wxz/Documents/pickle/fastrcnn320/480p/cut1_2202.pickle
733
COCO mAP: 0.49028363823890686
/home/wxz/Documents/pickle/fastrcnn320/480p/cut1_8419.pickle
734
COCO mAP: 0.31784120202064514
/home/wxz/Documents/pickle/fastrcnn320/480p/cut8_5802.pickle
735
COCO mAP: 0.5201502442359924
/home/wxz/Documents/pickle/fastrcnn320/480p/cut2_3911.pickle
736
COCO mAP: 0.3607625663280487
/home/wxz/Documents/pickle/fastrcnn320/480p/cut8_6362.pickle
737
COCO mAP: 0.4379405379295349
/home/wxz/Documents/pickle/fastrcnn320/480p/cut2_6027.pickle
738
COCO mAP: 0.4516631066799164
/home/wxz/Documents/pickle/fastrcnn320/480p/cut6_1105.pickle
739
COCO mAP: 0.320799857378006
/home/wxz/Documents/pickle/fastrcnn320/480p/cut8_496.pickle
740
COCO mAP: 0.41358256340026855
/home/wxz/Documents/pickle/fastrcnn320/480p/cut1_1503.pickle
741
COCO mAP: 0.050495047122240067
/home/wxz/Documents/pickle/fastrcnn320/480p/cut1_3350.pickle
742
COCO mAP: 0.30307862162590027
/home/wxz/Documents/pickle/fastrcnn320/480p/cut1_343.pickle
743
COCO mAP: 0.15805280208587646
/home/wxz/Documents/pickle/fastrcnn320/480p/cut9_1841.pickle
744
COCO mAP: 0.6606214642524719
/home/wxz/Documents/pickle/fastrcnn320/480p/cut2_3014.pickle
745
COCO mAP: 0.4602552354335785
/home/wxz/Documents/pickle/fastrcnn320/480p/cut7_3365.pickle
746
COCO mAP: 0.2736924886703491
/home/wxz/Documents/pickle/fastrcnn320/480p/cut2_6303.pickle
747
COCO mAP: 0.506233811378479
/home/wxz/Documents/pickle/fastrcnn320/480p/cut2_4348.pickle
748
COCO mAP: 0.539450466632843
/home/wxz/Documents/pickle/fastrcnn320/480p/cut1_6604.pickle
749
COCO mAP: 0.019801979884505272
/home/wxz/Documents/pickle/fastrcnn320/480p/cut1_6689.pickle
750
COCO mAP: 0.08212164044380188
/home/wxz/Documents/pickle/fastrcnn320/480p/cut3_7745.pickle
751
COCO mAP: 0.2757587730884552
/home/wxz/Documents/pickle/fastrcnn320/480p/cut5_5217.pickle
752
COCO mAP: 0.37923693656921387
/home/wxz/Documents/pickle/fastrcnn320/480p/cut2_6809.pickle
753
COCO mAP: 0.2662356495857239
/home/wxz/Documents/pickle/fastrcnn320/480p/cut1_2302.pickle
754
COCO mAP: 0.2055162638425827
/home/wxz/Documents/pickle/fastrcnn320/480p/cut7_2405.pickle
755
COCO mAP: 0.390862375497818
/home/wxz/Documents/pickle/fastrcnn320/480p/cut5_401.pickle
756
COCO mAP: 0.28262773156166077
/home/wxz/Documents/pickle/fastrcnn320/480p/cut8_3129.pickle
757
COCO mAP: 0.34272921085357666
/home/wxz/Documents/pickle/fastrcnn320/480p/cut5_4881.pickle
758
COCO mAP: 0.20059505105018616
/home/wxz/Documents/pickle/fastrcnn320/480p/cut3_4929.pickle
759
COCO mAP: 0.3360578417778015
/home/wxz/Documents/pickle/fastrcnn320/480p/cut5_5025.pickle
760
COCO mAP: 0.5271942019462585
/home/wxz/Documents/pickle/fastrcnn320/480p/cut6_961.pickle
761
COCO mAP: 0.3730206787586212
/home/wxz/Documents/pickle/fastrcnn320/480p/cut8_5144.pickle
762
COCO mAP: 0.38575977087020874
/home/wxz/Documents/pickle/fastrcnn320/480p/cut5_5409.pickle
763
COCO mAP: 0.5251447558403015
/home/wxz/Documents/pickle/fastrcnn320/480p/cut1_5613.pickle
764
COCO mAP: 0.3152337372303009
/home/wxz/Documents/pickle/fastrcnn320/480p/cut2_2370.pickle
765
COCO mAP: 0.3425822854042053
/home/wxz/Documents/pickle/fastrcnn320/480p/cut7_4985.pickle
766
COCO mAP: 0.34560510516166687
/home/wxz/Documents/pickle/fastrcnn320/480p/cut6_1.pickle
767
COCO mAP: 0.7180286645889282
/home/wxz/Documents/pickle/fastrcnn320/480p/cut8_2107.pickle
768
COCO mAP: 0.2680688202381134
/home/wxz/Documents/pickle/fastrcnn320/480p/cut8_2401.pickle
769
COCO mAP: 0.29794514179229736
/home/wxz/Documents/pickle/fastrcnn320/480p/cut4_8212.pickle
770
COCO mAP: 0.22193369269371033
/home/wxz/Documents/pickle/fastrcnn320/480p/cut8_6516.pickle
771
COCO mAP: 0.3908979296684265
/home/wxz/Documents/pickle/fastrcnn320/480p/cut4_4901.pickle
772
COCO mAP: 0.3568582534790039
/home/wxz/Documents/pickle/fastrcnn320/480p/cut1_1316.pickle
773
COCO mAP: 0.08739392459392548
/home/wxz/Documents/pickle/fastrcnn320/480p/cut3_145.pickle
774
COCO mAP: 0.33053794503211975
/home/wxz/Documents/pickle/fastrcnn320/480p/cut7_4605.pickle
775
COCO mAP: 0.45163458585739136
/home/wxz/Documents/pickle/fastrcnn320/480p/cut8_8168.pickle
776
COCO mAP: 0.25185245275497437
/home/wxz/Documents/pickle/fastrcnn320/480p/cut8_6012.pickle
777
COCO mAP: 0.38374119997024536
/home/wxz/Documents/pickle/fastrcnn320/480p/cut1_5524.pickle
778
COCO mAP: 0.3353181481361389
/home/wxz/Documents/pickle/fastrcnn320/480p/cut4_7888.pickle
779
COCO mAP: 0.23888902366161346
/home/wxz/Documents/pickle/fastrcnn320/480p/cut2_2807.pickle
780
COCO mAP: 0.2906029522418976
/home/wxz/Documents/pickle/fastrcnn320/480p/cut7_2365.pickle
781
COCO mAP: 0.3231664001941681
/home/wxz/Documents/pickle/fastrcnn320/480p/cut1_7444.pickle
782
COCO mAP: 0.13631434738636017
/home/wxz/Documents/pickle/fastrcnn320/480p/cut2_369.pickle
783
COCO mAP: 0.6040054559707642
/home/wxz/Documents/pickle/fastrcnn320/480p/cut7_1405.pickle
784
COCO mAP: 0.24202409386634827
/home/wxz/Documents/pickle/fastrcnn320/480p/cut7_7525.pickle
785
COCO mAP: 0.4045017659664154
/home/wxz/Documents/pickle/fastrcnn320/480p/cut2_4923.pickle
786
COCO mAP: 0.1593320071697235
/home/wxz/Documents/pickle/fastrcnn320/480p/cut1_8629.pickle
787
COCO mAP: 0.47928014397621155
/home/wxz/Documents/pickle/fastrcnn320/480p/cut4_5141.pickle
788
COCO mAP: 0.4261138439178467
/home/wxz/Documents/pickle/fastrcnn320/480p/cut1_5978.pickle
789
COCO mAP: 0.5785439610481262
/home/wxz/Documents/pickle/fastrcnn320/480p/cut9_1313.pickle
790
COCO mAP: 0.5709453821182251
/home/wxz/Documents/pickle/fastrcnn320/480p/cut8_1.pickle
791
COCO mAP: 0.4748442769050598
/home/wxz/Documents/pickle/fastrcnn320/480p/cut1_3702.pickle
792
COCO mAP: 0.30550721287727356
average COCO mAP:0.35574010264062594
