nohup: 忽略输入
/home/wxz/Documents/pickle/fastrcnn320/360p/cut5_8945.pickle
1
COCO mAP: 0.7690705060958862
/home/wxz/Documents/pickle/fastrcnn320/360p/cut8_436.pickle
2
COCO mAP: 0.35855868458747864
/home/wxz/Documents/pickle/fastrcnn320/360p/cut6_5509.pickle
3
COCO mAP: 0.3236679434776306
/home/wxz/Documents/pickle/fastrcnn320/360p/cut2_4831.pickle
4
COCO mAP: 0.2664431929588318
/home/wxz/Documents/pickle/fastrcnn320/360p/cut2_8971.pickle
5
COCO mAP: 0.4301103949546814
/home/wxz/Documents/pickle/fastrcnn320/360p/cut7_2265.pickle
6
COCO mAP: 0.37673771381378174
/home/wxz/Documents/pickle/fastrcnn320/360p/cut2_185.pickle
7
COCO mAP: 0.7468037009239197
/home/wxz/Documents/pickle/fastrcnn320/360p/cut9_3041.pickle
8
COCO mAP: 0.2955681383609772
/home/wxz/Documents/pickle/fastrcnn320/360p/cut7_7705.pickle
9
COCO mAP: 0.4478829503059387
/home/wxz/Documents/pickle/fastrcnn320/360p/cut6_4817.pickle
10
COCO mAP: 0.5117819905281067
/home/wxz/Documents/pickle/fastrcnn320/360p/cut5_3921.pickle
11
COCO mAP: 0.1178608164191246
/home/wxz/Documents/pickle/fastrcnn320/360p/cut3_6577.pickle
12
COCO mAP: 0.3888005316257477
/home/wxz/Documents/pickle/fastrcnn320/360p/cut5_993.pickle
13
COCO mAP: 0.1424366682767868
/home/wxz/Documents/pickle/fastrcnn320/360p/cut2_6257.pickle
14
COCO mAP: 0.13414330780506134
/home/wxz/Documents/pickle/fastrcnn320/360p/cut4_7186.pickle
15
COCO mAP: 0.2647584080696106
/home/wxz/Documents/pickle/fastrcnn320/360p/cut9_3825.pickle
16
COCO mAP: 0.6580280065536499
/home/wxz/Documents/pickle/fastrcnn320/360p/cut3_4001.pickle
17
COCO mAP: 0.6238621473312378
/home/wxz/Documents/pickle/fastrcnn320/360p/cut9_4545.pickle
18
COCO mAP: 0.1546923667192459
/home/wxz/Documents/pickle/fastrcnn320/360p/cut2_2186.pickle
19
COCO mAP: 0.5902258157730103
/home/wxz/Documents/pickle/fastrcnn320/360p/cut8_7104.pickle
20
COCO mAP: 0.2346966564655304
/home/wxz/Documents/pickle/fastrcnn320/360p/cut7_4125.pickle
21
COCO mAP: 0.37786829471588135
/home/wxz/Documents/pickle/fastrcnn320/360p/cut3_4401.pickle
22
COCO mAP: 0.30874356627464294
/home/wxz/Documents/pickle/fastrcnn320/360p/cut6_2657.pickle
23
COCO mAP: 0.3420087695121765
/home/wxz/Documents/pickle/fastrcnn320/360p/cut4_2301.pickle
24
COCO mAP: 0.3268393874168396
/home/wxz/Documents/pickle/fastrcnn320/360p/cut8_8336.pickle
25
COCO mAP: 0.2622964084148407
/home/wxz/Documents/pickle/fastrcnn320/360p/cut7_1009.pickle
26
COCO mAP: 0.3209887444972992
/home/wxz/Documents/pickle/fastrcnn320/360p/cut1_257.pickle
27
COCO mAP: 0.10525427758693695
/home/wxz/Documents/pickle/fastrcnn320/360p/cut5_5121.pickle
28
COCO mAP: 0.5279662013053894
/home/wxz/Documents/pickle/fastrcnn320/360p/cut3_4113.pickle
29
COCO mAP: 0.4721514582633972
/home/wxz/Documents/pickle/fastrcnn320/360p/cut6_7633.pickle
30
COCO mAP: 0.32790106534957886
/home/wxz/Documents/pickle/fastrcnn320/360p/cut3_7313.pickle
31
COCO mAP: 0.46616464853286743
/home/wxz/Documents/pickle/fastrcnn320/360p/cut4_1501.pickle
32
COCO mAP: 0.4674505591392517
/home/wxz/Documents/pickle/fastrcnn320/360p/cut9_3633.pickle
33
COCO mAP: 0.7116138935089111
/home/wxz/Documents/pickle/fastrcnn320/360p/cut2_8281.pickle
34
COCO mAP: 0.5150702595710754
/home/wxz/Documents/pickle/fastrcnn320/360p/cut2_967.pickle
35
COCO mAP: 0.6530572175979614
/home/wxz/Documents/pickle/fastrcnn320/360p/cut2_2623.pickle
36
COCO mAP: 0.4039556086063385
/home/wxz/Documents/pickle/fastrcnn320/360p/cut1_8044.pickle
37
COCO mAP: 0.3916340470314026
/home/wxz/Documents/pickle/fastrcnn320/360p/cut5_3249.pickle
38
COCO mAP: 0.2834205627441406
/home/wxz/Documents/pickle/fastrcnn320/360p/cut5_1281.pickle
39
COCO mAP: 0.31180089712142944
/home/wxz/Documents/pickle/fastrcnn320/360p/cut7_5505.pickle
40
COCO mAP: 0.37079817056655884
/home/wxz/Documents/pickle/fastrcnn320/360p/cut7_8945.pickle
41
COCO mAP: 0.34780749678611755
/home/wxz/Documents/pickle/fastrcnn320/360p/cut4_8806.pickle
42
COCO mAP: 0.48472386598587036
/home/wxz/Documents/pickle/fastrcnn320/360p/cut5_6001.pickle
43
COCO mAP: 0.28340622782707214
/home/wxz/Documents/pickle/fastrcnn320/360p/cut3_513.pickle
44
COCO mAP: 0.3362312316894531
/home/wxz/Documents/pickle/fastrcnn320/360p/cut6_3329.pickle
45
COCO mAP: 0.21809688210487366
/home/wxz/Documents/pickle/fastrcnn320/360p/cut6_4401.pickle
46
COCO mAP: 0.415231317281723
/home/wxz/Documents/pickle/fastrcnn320/360p/cut1_6156.pickle
47
COCO mAP: 0.34877777099609375
/home/wxz/Documents/pickle/fastrcnn320/360p/cut2_5130.pickle
48
COCO mAP: 0.35165825486183167
/home/wxz/Documents/pickle/fastrcnn320/360p/cut7_6165.pickle
49
COCO mAP: 0.47190213203430176
/home/wxz/Documents/pickle/fastrcnn320/360p/cut9_4209.pickle
50
COCO mAP: 0.3432166576385498
/home/wxz/Documents/pickle/fastrcnn320/360p/cut5_1521.pickle
51
COCO mAP: 0.23967623710632324
/home/wxz/Documents/pickle/fastrcnn320/360p/cut9_2225.pickle
52
COCO mAP: 0.4217059016227722
/home/wxz/Documents/pickle/fastrcnn320/360p/cut6_8893.pickle
53
COCO mAP: 0.49299293756484985
/home/wxz/Documents/pickle/fastrcnn320/360p/cut2_5521.pickle
54
COCO mAP: 0.47825226187705994
/home/wxz/Documents/pickle/fastrcnn320/360p/cut4_4241.pickle
55
COCO mAP: 0.3934839367866516
/home/wxz/Documents/pickle/fastrcnn320/360p/cut6_7107.pickle
56
COCO mAP: 0.4281010627746582
/home/wxz/Documents/pickle/fastrcnn320/360p/cut4_3801.pickle
57
COCO mAP: 0.3242635130882263
/home/wxz/Documents/pickle/fastrcnn320/360p/cut8_1253.pickle
58
COCO mAP: 0.4130675792694092
/home/wxz/Documents/pickle/fastrcnn320/360p/cut1_6420.pickle
59
COCO mAP: 0.32240453362464905
/home/wxz/Documents/pickle/fastrcnn320/360p/cut5_7169.pickle
60
COCO mAP: 0.16757550835609436
/home/wxz/Documents/pickle/fastrcnn320/360p/cut6_1601.pickle
61
COCO mAP: 0.3772335648536682
/home/wxz/Documents/pickle/fastrcnn320/360p/cut8_2205.pickle
62
COCO mAP: 0.27019113302230835
/home/wxz/Documents/pickle/fastrcnn320/360p/cut4_1441.pickle
63
COCO mAP: 0.42762619256973267
/home/wxz/Documents/pickle/fastrcnn320/360p/cut6_2753.pickle
64
COCO mAP: 0.5728365182876587
/home/wxz/Documents/pickle/fastrcnn320/360p/cut2_7039.pickle
65
COCO mAP: 0.518186628818512
/home/wxz/Documents/pickle/fastrcnn320/360p/cut7_1351.pickle
66
COCO mAP: 0.26410287618637085
/home/wxz/Documents/pickle/fastrcnn320/360p/cut8_3703.pickle
67
COCO mAP: 0.38168537616729736
/home/wxz/Documents/pickle/fastrcnn320/360p/cut9_5841.pickle
68
COCO mAP: 0.24101006984710693
/home/wxz/Documents/pickle/fastrcnn320/360p/cut9_817.pickle
69
COCO mAP: 0.40430694818496704
/home/wxz/Documents/pickle/fastrcnn320/360p/cut2_1381.pickle
70
COCO mAP: 0.16875001788139343
/home/wxz/Documents/pickle/fastrcnn320/360p/cut6_433.pickle
71
COCO mAP: 0.3123406171798706
/home/wxz/Documents/pickle/fastrcnn320/360p/cut4_7456.pickle
72
COCO mAP: 0.2379463016986847
/home/wxz/Documents/pickle/fastrcnn320/360p/cut2_7913.pickle
73
COCO mAP: 0.5773175954818726
/home/wxz/Documents/pickle/fastrcnn320/360p/cut5_3345.pickle
74
COCO mAP: 0.29826655983924866
/home/wxz/Documents/pickle/fastrcnn320/360p/cut2_1910.pickle
75
COCO mAP: 0.28599074482917786
/home/wxz/Documents/pickle/fastrcnn320/360p/cut1_4227.pickle
76
COCO mAP: 0.24288778007030487
/home/wxz/Documents/pickle/fastrcnn320/360p/cut5_4305.pickle
77
COCO mAP: 0.18307435512542725
/home/wxz/Documents/pickle/fastrcnn320/360p/cut8_5228.pickle
78
COCO mAP: 0.2870562970638275
/home/wxz/Documents/pickle/fastrcnn320/360p/cut3_913.pickle
79
COCO mAP: 0.13636448979377747
/home/wxz/Documents/pickle/fastrcnn320/360p/cut1_5283.pickle
80
COCO mAP: 0.31043848395347595
/home/wxz/Documents/pickle/fastrcnn320/360p/cut4_2501.pickle
81
COCO mAP: 0.33784037828445435
/home/wxz/Documents/pickle/fastrcnn320/360p/cut5_6737.pickle
82
COCO mAP: 0.4045895040035248
/home/wxz/Documents/pickle/fastrcnn320/360p/cut5_753.pickle
83
COCO mAP: 0.18358346819877625
/home/wxz/Documents/pickle/fastrcnn320/360p/cut7_145.pickle
84
COCO mAP: 0.519338846206665
/home/wxz/Documents/pickle/fastrcnn320/360p/cut6_8677.pickle
85
COCO mAP: 0.2780740261077881
/home/wxz/Documents/pickle/fastrcnn320/360p/cut6_6648.pickle
86
COCO mAP: 0.5200120210647583
/home/wxz/Documents/pickle/fastrcnn320/360p/cut2_1243.pickle
87
COCO mAP: 0.5106683969497681
/home/wxz/Documents/pickle/fastrcnn320/360p/cut4_8428.pickle
88
COCO mAP: 0.19872529804706573
/home/wxz/Documents/pickle/fastrcnn320/360p/cut8_2611.pickle
89
COCO mAP: 0.494992733001709
/home/wxz/Documents/pickle/fastrcnn320/360p/cut1_7989.pickle
90
COCO mAP: 0.3455424904823303
/home/wxz/Documents/pickle/fastrcnn320/360p/cut8_6600.pickle
91
COCO mAP: 0.35186469554901123
/home/wxz/Documents/pickle/fastrcnn320/360p/cut2_1542.pickle
92
COCO mAP: 0.39813971519470215
/home/wxz/Documents/pickle/fastrcnn320/360p/cut1_8224.pickle
93
COCO mAP: 0.46161723136901855
/home/wxz/Documents/pickle/fastrcnn320/360p/cut2_8419.pickle
94
COCO mAP: 0.5570348501205444
/home/wxz/Documents/pickle/fastrcnn320/360p/cut6_7260.pickle
95
COCO mAP: 0.4745287001132965
/home/wxz/Documents/pickle/fastrcnn320/360p/cut4_4421.pickle
96
COCO mAP: 0.3826294541358948
/home/wxz/Documents/pickle/fastrcnn320/360p/cut1_4843.pickle
97
COCO mAP: 0.4534436762332916
/home/wxz/Documents/pickle/fastrcnn320/360p/cut1_6508.pickle
98
COCO mAP: 0.09334433823823929
/home/wxz/Documents/pickle/fastrcnn320/360p/cut2_2278.pickle
99
COCO mAP: 0.21811768412590027
/home/wxz/Documents/pickle/fastrcnn320/360p/cut6_7005.pickle
100
COCO mAP: 0.3385635316371918
/home/wxz/Documents/pickle/fastrcnn320/360p/cut5_8257.pickle
101
COCO mAP: 0.36500075459480286
/home/wxz/Documents/pickle/fastrcnn320/360p/cut3_1905.pickle
102
COCO mAP: 0.33321043848991394
/home/wxz/Documents/pickle/fastrcnn320/360p/cut5_4113.pickle
103
COCO mAP: 0.6689503192901611
/home/wxz/Documents/pickle/fastrcnn320/360p/cut8_3311.pickle
104
COCO mAP: 0.22586819529533386
/home/wxz/Documents/pickle/fastrcnn320/360p/cut7_4005.pickle
105
COCO mAP: 0.4000426232814789
/home/wxz/Documents/pickle/fastrcnn320/360p/cut5_1905.pickle
106
COCO mAP: 0.4543495774269104
/home/wxz/Documents/pickle/fastrcnn320/360p/cut5_6353.pickle
107
COCO mAP: 0.2357345074415207
/home/wxz/Documents/pickle/fastrcnn320/360p/cut3_8609.pickle
108
COCO mAP: 0.2863812744617462
/home/wxz/Documents/pickle/fastrcnn320/360p/cut6_2289.pickle
109
COCO mAP: 0.34901028871536255
/home/wxz/Documents/pickle/fastrcnn320/360p/cut2_4532.pickle
110
COCO mAP: 0.4054829478263855
/home/wxz/Documents/pickle/fastrcnn320/360p/cut2_3313.pickle
111
COCO mAP: 0.27485689520835876
/home/wxz/Documents/pickle/fastrcnn320/360p/cut2_4210.pickle
112
COCO mAP: 0.2703346908092499
/home/wxz/Documents/pickle/fastrcnn320/360p/cut4_981.pickle
113
COCO mAP: 0.3925480544567108
/home/wxz/Documents/pickle/fastrcnn320/360p/cut8_2527.pickle
114
COCO mAP: 0.12242574989795685
/home/wxz/Documents/pickle/fastrcnn320/360p/cut5_1185.pickle
115
COCO mAP: 0.3397616744041443
/home/wxz/Documents/pickle/fastrcnn320/360p/cut8_6432.pickle
116
COCO mAP: 0.40865039825439453
/home/wxz/Documents/pickle/fastrcnn320/360p/cut6_3857.pickle
117
COCO mAP: 0.36108407378196716
/home/wxz/Documents/pickle/fastrcnn320/360p/cut7_8525.pickle
118
COCO mAP: 0.24757280945777893
/home/wxz/Documents/pickle/fastrcnn320/360p/cut6_1073.pickle
119
COCO mAP: 0.4223739206790924
/home/wxz/Documents/pickle/fastrcnn320/360p/cut8_3409.pickle
120
COCO mAP: 0.39108213782310486
/home/wxz/Documents/pickle/fastrcnn320/360p/cut2_714.pickle
121
COCO mAP: 0.548525869846344
/home/wxz/Documents/pickle/fastrcnn320/360p/cut5_7457.pickle
122
COCO mAP: 0.26829230785369873
/home/wxz/Documents/pickle/fastrcnn320/360p/cut1_3262.pickle
123
COCO mAP: 0.2971009612083435
/home/wxz/Documents/pickle/fastrcnn320/360p/cut4_4301.pickle
124
COCO mAP: 0.3654658794403076
/home/wxz/Documents/pickle/fastrcnn320/360p/cut4_3121.pickle
125
COCO mAP: 0.2888660728931427
/home/wxz/Documents/pickle/fastrcnn320/360p/cut7_3905.pickle
126
COCO mAP: 0.3477918207645416
/home/wxz/Documents/pickle/fastrcnn320/360p/cut6_4513.pickle
127
COCO mAP: 0.28011658787727356
/home/wxz/Documents/pickle/fastrcnn320/360p/cut2_4693.pickle
128
COCO mAP: 0.24560987949371338
/home/wxz/Documents/pickle/fastrcnn320/360p/cut9_3137.pickle
129
COCO mAP: 0.30557289719581604
/home/wxz/Documents/pickle/fastrcnn320/360p/cut4_5201.pickle
130
COCO mAP: 0.28166884183883667
/home/wxz/Documents/pickle/fastrcnn320/360p/cut8_8714.pickle
131
COCO mAP: 0.47402238845825195
/home/wxz/Documents/pickle/fastrcnn320/360p/cut4_5701.pickle
132
COCO mAP: 0.3018001914024353
/home/wxz/Documents/pickle/fastrcnn320/360p/cut6_3521.pickle
133
COCO mAP: 0.415017306804657
/home/wxz/Documents/pickle/fastrcnn320/360p/cut2_3221.pickle
134
COCO mAP: 0.36128363013267517
/home/wxz/Documents/pickle/fastrcnn320/360p/cut1_604.pickle
135
COCO mAP: 0.26140841841697693
/home/wxz/Documents/pickle/fastrcnn320/360p/cut6_4305.pickle
136
COCO mAP: 0.27807390689849854
/home/wxz/Documents/pickle/fastrcnn320/360p/cut9_4305.pickle
137
COCO mAP: 0.3972260653972626
/home/wxz/Documents/pickle/fastrcnn320/360p/cut3_4545.pickle
138
COCO mAP: 0.39070117473602295
/home/wxz/Documents/pickle/fastrcnn320/360p/cut8_800.pickle
139
COCO mAP: 0.44130784273147583
/home/wxz/Documents/pickle/fastrcnn320/360p/cut5_1809.pickle
140
COCO mAP: 0.2571895718574524
/home/wxz/Documents/pickle/fastrcnn320/360p/cut7_1963.pickle
141
COCO mAP: 0.3517347574234009
/home/wxz/Documents/pickle/fastrcnn320/360p/cut7_7345.pickle
142
COCO mAP: 0.38298556208610535
/home/wxz/Documents/pickle/fastrcnn320/360p/cut3_1217.pickle
143
COCO mAP: 0.26160234212875366
/home/wxz/Documents/pickle/fastrcnn320/360p/cut3_6769.pickle
144
COCO mAP: 0.42376452684402466
/home/wxz/Documents/pickle/fastrcnn320/360p/cut1_2110.pickle
145
COCO mAP: 0.15742574632167816
/home/wxz/Documents/pickle/fastrcnn320/360p/cut1_112.pickle
146
COCO mAP: 0.13650164008140564
/home/wxz/Documents/pickle/fastrcnn320/360p/cut2_5337.pickle
147
COCO mAP: 0.5458278656005859
/home/wxz/Documents/pickle/fastrcnn320/360p/cut1_430.pickle
148
COCO mAP: 0.10915841907262802
/home/wxz/Documents/pickle/fastrcnn320/360p/cut2_1496.pickle
149
COCO mAP: 0.40546107292175293
/home/wxz/Documents/pickle/fastrcnn320/360p/cut4_1201.pickle
150
COCO mAP: 0.3097403645515442
/home/wxz/Documents/pickle/fastrcnn320/360p/cut6_4145.pickle
151
COCO mAP: 0.2827202379703522
/home/wxz/Documents/pickle/fastrcnn320/360p/cut2_8005.pickle
152
COCO mAP: 0.08530870079994202
/home/wxz/Documents/pickle/fastrcnn320/360p/cut9_4113.pickle
153
COCO mAP: 0.48948603868484497
/home/wxz/Documents/pickle/fastrcnn320/360p/cut2_3842.pickle
154
COCO mAP: 0.2125512659549713
/home/wxz/Documents/pickle/fastrcnn320/360p/cut8_1000.pickle
155
COCO mAP: 0.3876153826713562
/home/wxz/Documents/pickle/fastrcnn320/360p/cut6_1297.pickle
156
COCO mAP: 0.43885597586631775
/home/wxz/Documents/pickle/fastrcnn320/360p/cut4_6646.pickle
157
COCO mAP: 0.3719801902770996
/home/wxz/Documents/pickle/fastrcnn320/360p/cut7_6825.pickle
158
COCO mAP: 0.4437275826931
/home/wxz/Documents/pickle/fastrcnn320/360p/cut5_7873.pickle
159
COCO mAP: 0.36899423599243164
/home/wxz/Documents/pickle/fastrcnn320/360p/cut6_7309.pickle
160
COCO mAP: 0.43694496154785156
/home/wxz/Documents/pickle/fastrcnn320/360p/cut3_3953.pickle
161
COCO mAP: 0.4382687509059906
/home/wxz/Documents/pickle/fastrcnn320/360p/cut7_5745.pickle
162
COCO mAP: 0.4107704162597656
/home/wxz/Documents/pickle/fastrcnn320/360p/cut7_2705.pickle
163
COCO mAP: 0.4174577593803406
/home/wxz/Documents/pickle/fastrcnn320/360p/cut2_5245.pickle
164
COCO mAP: 0.4132879674434662
/home/wxz/Documents/pickle/fastrcnn320/360p/cut9_4401.pickle
165
COCO mAP: 0.2570810914039612
/home/wxz/Documents/pickle/fastrcnn320/360p/cut6_4049.pickle
166
COCO mAP: 0.564841091632843
/home/wxz/Documents/pickle/fastrcnn320/360p/cut3_2113.pickle
167
COCO mAP: 0.5734113454818726
/home/wxz/Documents/pickle/fastrcnn320/360p/cut5_3009.pickle
168
COCO mAP: 0.2562071681022644
/home/wxz/Documents/pickle/fastrcnn320/360p/cut1_517.pickle
169
COCO mAP: 0.4322229325771332
/home/wxz/Documents/pickle/fastrcnn320/360p/cut5_6449.pickle
170
COCO mAP: 0.19752487540245056
/home/wxz/Documents/pickle/fastrcnn320/360p/cut3_1521.pickle
171
COCO mAP: 0.28709912300109863
/home/wxz/Documents/pickle/fastrcnn320/360p/cut5_2001.pickle
172
COCO mAP: 0.33340293169021606
/home/wxz/Documents/pickle/fastrcnn320/360p/cut4_641.pickle
173
COCO mAP: 0.4767184853553772
/home/wxz/Documents/pickle/fastrcnn320/360p/cut2_5475.pickle
174
COCO mAP: 0.49987879395484924
/home/wxz/Documents/pickle/fastrcnn320/360p/cut7_241.pickle
175
COCO mAP: 0.26084673404693604
/home/wxz/Documents/pickle/fastrcnn320/360p/cut3_6385.pickle
176
COCO mAP: 0.43776482343673706
/home/wxz/Documents/pickle/fastrcnn320/360p/cut1_5019.pickle
177
COCO mAP: 0.3692396879196167
/home/wxz/Documents/pickle/fastrcnn320/360p/cut1_1934.pickle
178
COCO mAP: 0.3371678590774536
/home/wxz/Documents/pickle/fastrcnn320/360p/cut6_2513.pickle
179
COCO mAP: 0.27350878715515137
/home/wxz/Documents/pickle/fastrcnn320/360p/cut7_5105.pickle
180
COCO mAP: 0.30560991168022156
/home/wxz/Documents/pickle/fastrcnn320/360p/cut7_8005.pickle
181
COCO mAP: 0.4895501732826233
/home/wxz/Documents/pickle/fastrcnn320/360p/cut8_6236.pickle
182
COCO mAP: 0.3227611184120178
/home/wxz/Documents/pickle/fastrcnn320/360p/cut8_113.pickle
183
COCO mAP: 0.3812745213508606
/home/wxz/Documents/pickle/fastrcnn320/360p/cut9_5953.pickle
184
COCO mAP: 0.251451313495636
/home/wxz/Documents/pickle/fastrcnn320/360p/cut9_2705.pickle
185
COCO mAP: 0.3349112570285797
/home/wxz/Documents/pickle/fastrcnn320/360p/cut9_3521.pickle
186
COCO mAP: 0.17821606993675232
/home/wxz/Documents/pickle/fastrcnn320/360p/cut7_5345.pickle
187
COCO mAP: 0.2526106834411621
/home/wxz/Documents/pickle/fastrcnn320/360p/cut8_4207.pickle
188
COCO mAP: 0.28305763006210327
/home/wxz/Documents/pickle/fastrcnn320/360p/cut7_5865.pickle
189
COCO mAP: 0.2360532283782959
/home/wxz/Documents/pickle/fastrcnn320/360p/cut2_4003.pickle
190
COCO mAP: 0.41736873984336853
/home/wxz/Documents/pickle/fastrcnn320/360p/cut1_1758.pickle
191
COCO mAP: 0.12118277698755264
/home/wxz/Documents/pickle/fastrcnn320/360p/cut7_561.pickle
192
COCO mAP: 0.26335611939430237
/home/wxz/Documents/pickle/fastrcnn320/360p/cut3_1121.pickle
193
COCO mAP: 0.2517573833465576
/home/wxz/Documents/pickle/fastrcnn320/360p/cut8_6838.pickle
194
COCO mAP: 0.3382670283317566
/home/wxz/Documents/pickle/fastrcnn320/360p/cut3_8321.pickle
195
COCO mAP: 0.4550709128379822
/home/wxz/Documents/pickle/fastrcnn320/360p/cut7_3125.pickle
196
COCO mAP: 0.29979050159454346
/home/wxz/Documents/pickle/fastrcnn320/360p/cut3_4641.pickle
197
COCO mAP: 0.30070462822914124
/home/wxz/Documents/pickle/fastrcnn320/360p/cut8_1435.pickle
198
COCO mAP: 0.5535069704055786
/home/wxz/Documents/pickle/fastrcnn320/360p/cut1_1671.pickle
199
COCO mAP: 0.14296716451644897
/home/wxz/Documents/pickle/fastrcnn320/360p/cut6_5713.pickle
200
COCO mAP: 0.4001835882663727
/home/wxz/Documents/pickle/fastrcnn320/360p/cut4_4041.pickle
201
COCO mAP: 0.29948192834854126
/home/wxz/Documents/pickle/fastrcnn320/360p/cut4_5801.pickle
202
COCO mAP: 0.22686143219470978
/home/wxz/Documents/pickle/fastrcnn320/360p/cut3_6289.pickle
203
COCO mAP: 0.5162655115127563
/home/wxz/Documents/pickle/fastrcnn320/360p/cut9_1.pickle
204
COCO mAP: 0.25346532464027405
/home/wxz/Documents/pickle/fastrcnn320/360p/cut3_2833.pickle
205
COCO mAP: 0.5486165881156921
/home/wxz/Documents/pickle/fastrcnn320/360p/cut5_2305.pickle
206
COCO mAP: 0.32855886220932007
/home/wxz/Documents/pickle/fastrcnn320/360p/cut9_2417.pickle
207
COCO mAP: 0.4499760568141937
/home/wxz/Documents/pickle/fastrcnn320/360p/cut2_4463.pickle
208
COCO mAP: 0.26366400718688965
/home/wxz/Documents/pickle/fastrcnn320/360p/cut5_8161.pickle
209
COCO mAP: 0.4480474591255188
/home/wxz/Documents/pickle/fastrcnn320/360p/cut1_3611.pickle
210
COCO mAP: 0.4451902508735657
/home/wxz/Documents/pickle/fastrcnn320/360p/cut4_4601.pickle
211
COCO mAP: 0.25353771448135376
/home/wxz/Documents/pickle/fastrcnn320/360p/cut4_8536.pickle
212
COCO mAP: 0.24657723307609558
/home/wxz/Documents/pickle/fastrcnn320/360p/cut6_337.pickle
213
COCO mAP: 0.3846617341041565
/home/wxz/Documents/pickle/fastrcnn320/360p/cut6_7543.pickle
214
COCO mAP: 0.23387327790260315
/home/wxz/Documents/pickle/fastrcnn320/360p/cut2_1818.pickle
215
COCO mAP: 0.40605324506759644
/home/wxz/Documents/pickle/fastrcnn320/360p/cut4_5021.pickle
216
COCO mAP: 0.2508580684661865
/home/wxz/Documents/pickle/fastrcnn320/360p/cut4_7564.pickle
217
COCO mAP: 0.253989577293396
/home/wxz/Documents/pickle/fastrcnn320/360p/cut4_5461.pickle
218
COCO mAP: 0.2923305630683899
/home/wxz/Documents/pickle/fastrcnn320/360p/cut8_7930.pickle
219
COCO mAP: 0.37914401292800903
/home/wxz/Documents/pickle/fastrcnn320/360p/cut5_7361.pickle
220
COCO mAP: 0.38992440700531006
/home/wxz/Documents/pickle/fastrcnn320/360p/cut6_1809.pickle
221
COCO mAP: 0.3707561492919922
/home/wxz/Documents/pickle/fastrcnn320/360p/cut5_337.pickle
222
COCO mAP: 0.302490770816803
/home/wxz/Documents/pickle/fastrcnn320/360p/cut7_3785.pickle
223
COCO mAP: 0.26718634366989136
/home/wxz/Documents/pickle/fastrcnn320/360p/cut2_231.pickle
224
COCO mAP: 0.3630499541759491
/home/wxz/Documents/pickle/fastrcnn320/360p/cut9_5265.pickle
225
COCO mAP: 0.22711825370788574
/home/wxz/Documents/pickle/fastrcnn320/360p/cut7_6065.pickle
226
COCO mAP: 0.3640817105770111
/home/wxz/Documents/pickle/fastrcnn320/360p/cut3_6673.pickle
227
COCO mAP: 0.49391698837280273
/home/wxz/Documents/pickle/fastrcnn320/360p/cut7_1585.pickle
228
COCO mAP: 0.4353450834751129
/home/wxz/Documents/pickle/fastrcnn320/360p/cut1_4051.pickle
229
COCO mAP: 0.34584319591522217
/home/wxz/Documents/pickle/fastrcnn320/360p/cut4_1081.pickle
230
COCO mAP: 0.16206946969032288
/home/wxz/Documents/pickle/fastrcnn320/360p/cut2_5682.pickle
231
COCO mAP: 0.3733726739883423
/home/wxz/Documents/pickle/fastrcnn320/360p/cut7_5225.pickle
232
COCO mAP: 0.28515544533729553
/home/wxz/Documents/pickle/fastrcnn320/360p/cut7_6405.pickle
233
COCO mAP: 0.3500019907951355
/home/wxz/Documents/pickle/fastrcnn320/360p/cut8_7230.pickle
234
COCO mAP: 0.2667990028858185
/home/wxz/Documents/pickle/fastrcnn320/360p/cut6_3953.pickle
235
COCO mAP: 0.45166119933128357
/home/wxz/Documents/pickle/fastrcnn320/360p/cut6_1393.pickle
236
COCO mAP: 0.37895622849464417
/home/wxz/Documents/pickle/fastrcnn320/360p/cut1_1053.pickle
237
COCO mAP: 0.3950967788696289
/home/wxz/Documents/pickle/fastrcnn320/360p/cut1_1228.pickle
238
COCO mAP: 0.23674285411834717
/home/wxz/Documents/pickle/fastrcnn320/360p/cut4_8644.pickle
239
COCO mAP: 0.5443403720855713
/home/wxz/Documents/pickle/fastrcnn320/360p/cut6_3713.pickle
240
COCO mAP: 0.3191717863082886
/home/wxz/Documents/pickle/fastrcnn320/360p/cut1_4315.pickle
241
COCO mAP: 0.42378169298171997
/home/wxz/Documents/pickle/fastrcnn320/360p/cut2_7177.pickle
242
COCO mAP: 0.11411340534687042
/home/wxz/Documents/pickle/fastrcnn320/360p/cut6_2849.pickle
243
COCO mAP: 0.3351505994796753
/home/wxz/Documents/pickle/fastrcnn320/360p/cut6_6036.pickle
244
COCO mAP: 0.37416550517082214
/home/wxz/Documents/pickle/fastrcnn320/360p/cut7_385.pickle
245
COCO mAP: 0.40172386169433594
/home/wxz/Documents/pickle/fastrcnn320/360p/cut1_4501.pickle
246
COCO mAP: 0.4143977761268616
/home/wxz/Documents/pickle/fastrcnn320/360p/cut3_5505.pickle
247
COCO mAP: 0.4761163294315338
/home/wxz/Documents/pickle/fastrcnn320/360p/cut3_8993.pickle
248
COCO mAP: 0.3491981327533722
/home/wxz/Documents/pickle/fastrcnn320/360p/cut3_8225.pickle
249
COCO mAP: 0.512311577796936
/home/wxz/Documents/pickle/fastrcnn320/360p/cut1_7754.pickle
250
COCO mAP: 0.15247699618339539
/home/wxz/Documents/pickle/fastrcnn320/360p/cut3_3073.pickle
251
COCO mAP: 0.5366166830062866
/home/wxz/Documents/pickle/fastrcnn320/360p/cut1_1404.pickle
252
COCO mAP: 0.14510449767112732
/home/wxz/Documents/pickle/fastrcnn320/360p/cut7_6505.pickle
253
COCO mAP: 0.24924644827842712
/home/wxz/Documents/pickle/fastrcnn320/360p/cut4_6021.pickle
254
COCO mAP: 0.24962873756885529
/home/wxz/Documents/pickle/fastrcnn320/360p/cut4_821.pickle
255
COCO mAP: 0.3003283143043518
/home/wxz/Documents/pickle/fastrcnn320/360p/cut9_5361.pickle
256
COCO mAP: 0.3182999789714813
/home/wxz/Documents/pickle/fastrcnn320/360p/cut1_7139.pickle
257
COCO mAP: 0.12059833109378815
/home/wxz/Documents/pickle/fastrcnn320/360p/cut8_3829.pickle
258
COCO mAP: 0.21545200049877167
/home/wxz/Documents/pickle/fastrcnn320/360p/cut1_8114.pickle
259
COCO mAP: 0.33995315432548523
/home/wxz/Documents/pickle/fastrcnn320/360p/cut3_6961.pickle
260
COCO mAP: 0.4003539979457855
/home/wxz/Documents/pickle/fastrcnn320/360p/cut5_4209.pickle
261
COCO mAP: 0.4854368269443512
/home/wxz/Documents/pickle/fastrcnn320/360p/cut1_7004.pickle
262
COCO mAP: 0.13960397243499756
/home/wxz/Documents/pickle/fastrcnn320/360p/cut5_5809.pickle
263
COCO mAP: 0.46844181418418884
/home/wxz/Documents/pickle/fastrcnn320/360p/cut1_7524.pickle
264
COCO mAP: 0.21419580280780792
/home/wxz/Documents/pickle/fastrcnn320/360p/cut8_3507.pickle
265
COCO mAP: 0.20779557526111603
/home/wxz/Documents/pickle/fastrcnn320/360p/cut8_6922.pickle
266
COCO mAP: 0.2468169927597046
/home/wxz/Documents/pickle/fastrcnn320/360p/cut1_4758.pickle
267
COCO mAP: 0.40939560532569885
/home/wxz/Documents/pickle/fastrcnn320/360p/cut7_2965.pickle
268
COCO mAP: 0.3294082283973694
/home/wxz/Documents/pickle/fastrcnn320/360p/cut1_6332.pickle
269
COCO mAP: 0.5061670541763306
/home/wxz/Documents/pickle/fastrcnn320/360p/cut3_337.pickle
270
COCO mAP: 0.43825387954711914
/home/wxz/Documents/pickle/fastrcnn320/360p/cut8_4123.pickle
271
COCO mAP: 0.3456892669200897
/home/wxz/Documents/pickle/fastrcnn320/360p/cut7_3845.pickle
272
COCO mAP: 0.34303033351898193
/home/wxz/Documents/pickle/fastrcnn320/360p/cut3_7201.pickle
273
COCO mAP: 0.16779828071594238
/home/wxz/Documents/pickle/fastrcnn320/360p/cut9_3425.pickle
274
COCO mAP: 0.04903661832213402
/home/wxz/Documents/pickle/fastrcnn320/360p/cut5_8449.pickle
275
COCO mAP: 0.38833245635032654
/home/wxz/Documents/pickle/fastrcnn320/360p/cut2_2094.pickle
276
COCO mAP: 0.39618366956710815
/home/wxz/Documents/pickle/fastrcnn320/360p/cut4_1321.pickle
277
COCO mAP: 0.310385137796402
/home/wxz/Documents/pickle/fastrcnn320/360p/cut8_5704.pickle
278
COCO mAP: 0.1824338138103485
/home/wxz/Documents/pickle/fastrcnn320/360p/cut9_2609.pickle
279
COCO mAP: 0.6926583647727966
/home/wxz/Documents/pickle/fastrcnn320/360p/cut4_6754.pickle
280
COCO mAP: 0.3528681993484497
/home/wxz/Documents/pickle/fastrcnn320/360p/cut3_2929.pickle
281
COCO mAP: 0.4198276996612549
/home/wxz/Documents/pickle/fastrcnn320/360p/cut2_4141.pickle
282
COCO mAP: 0.37591353058815
/home/wxz/Documents/pickle/fastrcnn320/360p/cut6_3233.pickle
283
COCO mAP: 0.32608717679977417
/home/wxz/Documents/pickle/fastrcnn320/360p/cut3_6481.pickle
284
COCO mAP: 0.3528934121131897
/home/wxz/Documents/pickle/fastrcnn320/360p/cut7_2525.pickle
285
COCO mAP: 0.28391721844673157
/home/wxz/Documents/pickle/fastrcnn320/360p/cut8_1337.pickle
286
COCO mAP: 0.29273417592048645
/home/wxz/Documents/pickle/fastrcnn320/360p/cut7_1693.pickle
287
COCO mAP: 0.35837116837501526
/home/wxz/Documents/pickle/fastrcnn320/360p/cut5_561.pickle
288
COCO mAP: 0.2517830729484558
/home/wxz/Documents/pickle/fastrcnn320/360p/cut1_7314.pickle
289
COCO mAP: 0.09178218245506287
/home/wxz/Documents/pickle/fastrcnn320/360p/cut4_6916.pickle
290
COCO mAP: 0.2505248188972473
/home/wxz/Documents/pickle/fastrcnn320/360p/cut6_2145.pickle
291
COCO mAP: 0.39282307028770447
/home/wxz/Documents/pickle/fastrcnn320/360p/cut5_193.pickle
292
COCO mAP: 0.18372514843940735
/home/wxz/Documents/pickle/fastrcnn320/360p/cut6_8569.pickle
293
COCO mAP: 0.44308075308799744
/home/wxz/Documents/pickle/fastrcnn320/360p/cut5_5505.pickle
294
COCO mAP: 0.40130695700645447
/home/wxz/Documents/pickle/fastrcnn320/360p/cut1_7254.pickle
295
COCO mAP: 0.21443894505500793
/home/wxz/Documents/pickle/fastrcnn320/360p/cut2_2554.pickle
296
COCO mAP: 0.3901106119155884
/home/wxz/Documents/pickle/fastrcnn320/360p/cut8_4039.pickle
297
COCO mAP: 0.19768449664115906
/home/wxz/Documents/pickle/fastrcnn320/360p/cut9_3921.pickle
298
COCO mAP: 0.5993172526359558
/home/wxz/Documents/pickle/fastrcnn320/360p/cut7_4505.pickle
299
COCO mAP: 0.4112315773963928
/home/wxz/Documents/pickle/fastrcnn320/360p/cut4_8992.pickle
300
COCO mAP: 0.31155088543891907
/home/wxz/Documents/pickle/fastrcnn320/360p/cut6_4721.pickle
301
COCO mAP: 0.5220365524291992
/home/wxz/Documents/pickle/fastrcnn320/360p/cut7_6945.pickle
302
COCO mAP: 0.5870787501335144
/home/wxz/Documents/pickle/fastrcnn320/360p/cut2_3405.pickle
303
COCO mAP: 0.37318170070648193
/home/wxz/Documents/pickle/fastrcnn320/360p/cut2_8672.pickle
304
COCO mAP: 0.4433310627937317
/home/wxz/Documents/pickle/fastrcnn320/360p/cut1_3876.pickle
305
COCO mAP: 0.33505892753601074
/home/wxz/Documents/pickle/fastrcnn320/360p/cut9_529.pickle
306
COCO mAP: 0.5465935468673706
/home/wxz/Documents/pickle/fastrcnn320/360p/cut9_2945.pickle
307
COCO mAP: 0.40895694494247437
/home/wxz/Documents/pickle/fastrcnn320/360p/cut4_3561.pickle
308
COCO mAP: 0.3659329414367676
/home/wxz/Documents/pickle/fastrcnn320/360p/cut4_6574.pickle
309
COCO mAP: 0.2795284390449524
/home/wxz/Documents/pickle/fastrcnn320/360p/cut9_2129.pickle
310
COCO mAP: 0.5726638436317444
/home/wxz/Documents/pickle/fastrcnn320/360p/cut9_2513.pickle
311
COCO mAP: 0.1394081711769104
/home/wxz/Documents/pickle/fastrcnn320/360p/cut3_3441.pickle
312
COCO mAP: 0.520109236240387
/home/wxz/Documents/pickle/fastrcnn320/360p/cut3_7409.pickle
313
COCO mAP: 0.3656395971775055
/home/wxz/Documents/pickle/fastrcnn320/360p/cut7_1201.pickle
314
COCO mAP: 0.29479002952575684
/home/wxz/Documents/pickle/fastrcnn320/360p/cut2_1772.pickle
315
COCO mAP: 0.4415050446987152
/home/wxz/Documents/pickle/fastrcnn320/360p/cut1_966.pickle
316
COCO mAP: 0.24002400040626526
/home/wxz/Documents/pickle/fastrcnn320/360p/cut1_2732.pickle
317
COCO mAP: 0.089108906686306
/home/wxz/Documents/pickle/fastrcnn320/360p/cut7_8405.pickle
318
COCO mAP: 0.7538114190101624
/home/wxz/Documents/pickle/fastrcnn320/360p/cut3_257.pickle
319
COCO mAP: 0.4161089062690735
/home/wxz/Documents/pickle/fastrcnn320/360p/cut9_6241.pickle
320
COCO mAP: 0.24105171859264374
/home/wxz/Documents/pickle/fastrcnn320/360p/cut1_3964.pickle
321
COCO mAP: 0.4032104015350342
/home/wxz/Documents/pickle/fastrcnn320/360p/cut7_7885.pickle
322
COCO mAP: 0.42330676317214966
/home/wxz/Documents/pickle/fastrcnn320/360p/cut5_4785.pickle
323
COCO mAP: 0.21211715042591095
/home/wxz/Documents/pickle/fastrcnn320/360p/cut4_1141.pickle
324
COCO mAP: 0.5523699522018433
/home/wxz/Documents/pickle/fastrcnn320/360p/cut6_4913.pickle
325
COCO mAP: 0.5937052965164185
/home/wxz/Documents/pickle/fastrcnn320/360p/cut4_2441.pickle
326
COCO mAP: 0.30046480894088745
/home/wxz/Documents/pickle/fastrcnn320/360p/cut1_2645.pickle
327
COCO mAP: 0.012871285900473595
/home/wxz/Documents/pickle/fastrcnn320/360p/cut9_5025.pickle
328
COCO mAP: 0.2635138928890228
/home/wxz/Documents/pickle/fastrcnn320/360p/cut7_7605.pickle
329
COCO mAP: 0.3992174565792084
/home/wxz/Documents/pickle/fastrcnn320/360p/cut3_1329.pickle
330
COCO mAP: 0.19024625420570374
/home/wxz/Documents/pickle/fastrcnn320/360p/cut3_1025.pickle
331
COCO mAP: 0.24422188103199005
/home/wxz/Documents/pickle/fastrcnn320/360p/cut7_8325.pickle
332
COCO mAP: 0.35723739862442017
/home/wxz/Documents/pickle/fastrcnn320/360p/cut5_8065.pickle
333
COCO mAP: 0.4356599450111389
/home/wxz/Documents/pickle/fastrcnn320/360p/cut1_3002.pickle
334
COCO mAP: 0.0597359724342823
/home/wxz/Documents/pickle/fastrcnn320/360p/cut7_2645.pickle
335
COCO mAP: 0.17612560093402863
/home/wxz/Documents/pickle/fastrcnn320/360p/cut7_1265.pickle
336
COCO mAP: 0.29561084508895874
/home/wxz/Documents/pickle/fastrcnn320/360p/cut8_702.pickle
337
COCO mAP: 0.45223426818847656
/home/wxz/Documents/pickle/fastrcnn320/360p/cut8_7006.pickle
338
COCO mAP: 0.2929167151451111
/home/wxz/Documents/pickle/fastrcnn320/360p/cut5_7633.pickle
339
COCO mAP: 0.34220656752586365
/home/wxz/Documents/pickle/fastrcnn320/360p/cut4_8104.pickle
340
COCO mAP: 0.26000839471817017
/home/wxz/Documents/pickle/fastrcnn320/360p/cut5_8737.pickle
341
COCO mAP: 0.42698246240615845
/home/wxz/Documents/pickle/fastrcnn320/360p/cut3_1713.pickle
342
COCO mAP: 0.19901539385318756
/home/wxz/Documents/pickle/fastrcnn320/360p/cut3_5713.pickle
343
COCO mAP: 0.32807889580726624
/home/wxz/Documents/pickle/fastrcnn320/360p/cut4_5601.pickle
344
COCO mAP: 0.34117406606674194
/home/wxz/Documents/pickle/fastrcnn320/360p/cut1_5889.pickle
345
COCO mAP: 0.3305300772190094
/home/wxz/Documents/pickle/fastrcnn320/360p/cut9_913.pickle
346
COCO mAP: 0.4910392165184021
/home/wxz/Documents/pickle/fastrcnn320/360p/cut5_6833.pickle
347
COCO mAP: 0.39568018913269043
/home/wxz/Documents/pickle/fastrcnn320/360p/cut6_721.pickle
348
COCO mAP: 0.488101065158844
/home/wxz/Documents/pickle/fastrcnn320/360p/cut3_7841.pickle
349
COCO mAP: 0.3487952947616577
/home/wxz/Documents/pickle/fastrcnn320/360p/cut7_7065.pickle
350
COCO mAP: 0.22071966528892517
/home/wxz/Documents/pickle/fastrcnn320/360p/cut3_7057.pickle
351
COCO mAP: 0.3380289077758789
/home/wxz/Documents/pickle/fastrcnn320/360p/cut4_7780.pickle
352
COCO mAP: 0.2549741268157959
/home/wxz/Documents/pickle/fastrcnn320/360p/cut4_2621.pickle
353
COCO mAP: 0.48507267236709595
/home/wxz/Documents/pickle/fastrcnn320/360p/cut5_7537.pickle
354
COCO mAP: 0.4761272072792053
/home/wxz/Documents/pickle/fastrcnn320/360p/cut5_8641.pickle
355
COCO mAP: 0.5218012928962708
/home/wxz/Documents/pickle/fastrcnn320/360p/cut8_3955.pickle
356
COCO mAP: 0.3485633432865143
/home/wxz/Documents/pickle/fastrcnn320/360p/cut2_1634.pickle
357
COCO mAP: 0.3740469813346863
/home/wxz/Documents/pickle/fastrcnn320/360p/cut5_1425.pickle
358
COCO mAP: 0.41508349776268005
/home/wxz/Documents/pickle/fastrcnn320/360p/cut1_8939.pickle
359
COCO mAP: 0.34080976247787476
/home/wxz/Documents/pickle/fastrcnn320/360p/cut2_2922.pickle
360
COCO mAP: 0.4152701795101166
/home/wxz/Documents/pickle/fastrcnn320/360p/cut8_7328.pickle
361
COCO mAP: 0.1259525865316391
/home/wxz/Documents/pickle/fastrcnn320/360p/cut8_2821.pickle
362
COCO mAP: 0.1036866083741188
/home/wxz/Documents/pickle/fastrcnn320/360p/cut8_5312.pickle
363
COCO mAP: 0.3876338005065918
/home/wxz/Documents/pickle/fastrcnn320/360p/cut1_1140.pickle
364
COCO mAP: 0.30941957235336304
/home/wxz/Documents/pickle/fastrcnn320/360p/cut4_2721.pickle
365
COCO mAP: 0.4639865458011627
/home/wxz/Documents/pickle/fastrcnn320/360p/cut7_481.pickle
366
COCO mAP: 0.2324827015399933
/home/wxz/Documents/pickle/fastrcnn320/360p/cut7_8105.pickle
367
COCO mAP: 0.46220630407333374
/home/wxz/Documents/pickle/fastrcnn320/360p/cut8_6726.pickle
368
COCO mAP: 0.28146424889564514
/home/wxz/Documents/pickle/fastrcnn320/360p/cut5_289.pickle
369
COCO mAP: 0.22179336845874786
/home/wxz/Documents/pickle/fastrcnn320/360p/cut9_1601.pickle
370
COCO mAP: 0.2628568708896637
/home/wxz/Documents/pickle/fastrcnn320/360p/cut9_1409.pickle
371
COCO mAP: 0.4171993136405945
/home/wxz/Documents/pickle/fastrcnn320/360p/cut9_1201.pickle
372
COCO mAP: 0.35700035095214844
/home/wxz/Documents/pickle/fastrcnn320/360p/cut5_6257.pickle
373
COCO mAP: 0.3499128818511963
/home/wxz/Documents/pickle/fastrcnn320/360p/cut9_625.pickle
374
COCO mAP: 0.5328564643859863
/home/wxz/Documents/pickle/fastrcnn320/360p/cut8_8462.pickle
375
COCO mAP: 0.20932617783546448
/home/wxz/Documents/pickle/fastrcnn320/360p/cut8_8014.pickle
376
COCO mAP: 0.31749945878982544
/home/wxz/Documents/pickle/fastrcnn320/360p/cut3_5409.pickle
377
COCO mAP: 0.36350521445274353
/home/wxz/Documents/pickle/fastrcnn320/360p/cut2_507.pickle
378
COCO mAP: 0.6276814937591553
/home/wxz/Documents/pickle/fastrcnn320/360p/cut2_2485.pickle
379
COCO mAP: 0.36515215039253235
/home/wxz/Documents/pickle/fastrcnn320/360p/cut6_5313.pickle
380
COCO mAP: 0.3295484781265259
/home/wxz/Documents/pickle/fastrcnn320/360p/cut3_3313.pickle
381
COCO mAP: 0.5640929341316223
/home/wxz/Documents/pickle/fastrcnn320/360p/cut5_6545.pickle
382
COCO mAP: 0.47765666246414185
/home/wxz/Documents/pickle/fastrcnn320/360p/cut3_5025.pickle
383
COCO mAP: 0.3891424834728241
/home/wxz/Documents/pickle/fastrcnn320/360p/cut8_1113.pickle
384
COCO mAP: 0.2647906243801117
/home/wxz/Documents/pickle/fastrcnn320/360p/cut3_8033.pickle
385
COCO mAP: 0.44943585991859436
/home/wxz/Documents/pickle/fastrcnn320/360p/cut4_2841.pickle
386
COCO mAP: 0.23181340098381042
/home/wxz/Documents/pickle/fastrcnn320/360p/cut3_5217.pickle
387
COCO mAP: 0.17761918902397156
/home/wxz/Documents/pickle/fastrcnn320/360p/cut2_2715.pickle
388
COCO mAP: 0.4969516396522522
/home/wxz/Documents/pickle/fastrcnn320/360p/cut6_7453.pickle
389
COCO mAP: 0.3119024932384491
/home/wxz/Documents/pickle/fastrcnn320/360p/cut6_817.pickle
390
COCO mAP: 0.3883698582649231
/home/wxz/Documents/pickle/fastrcnn320/360p/cut3_2737.pickle
391
COCO mAP: 0.2282511293888092
/home/wxz/Documents/pickle/fastrcnn320/360p/cut7_2885.pickle
392
COCO mAP: 0.27373450994491577
/home/wxz/Documents/pickle/fastrcnn320/360p/cut5_3441.pickle
393
COCO mAP: 0.2994822859764099
/home/wxz/Documents/pickle/fastrcnn320/360p/cut1_7644.pickle
394
COCO mAP: 0.30512088537216187
/home/wxz/Documents/pickle/fastrcnn320/360p/cut3_5809.pickle
395
COCO mAP: 0.28833824396133423
/home/wxz/Documents/pickle/fastrcnn320/360p/cut8_7804.pickle
396
COCO mAP: 0.35873323678970337
/home/wxz/Documents/pickle/fastrcnn320/360p/cut3_5601.pickle
397
COCO mAP: 0.32184934616088867
/home/wxz/Documents/pickle/fastrcnn320/360p/cut5_7073.pickle
398
COCO mAP: 0.12433835119009018
/home/wxz/Documents/pickle/fastrcnn320/360p/cut9_6305.pickle
399
COCO mAP: 0.19327613711357117
/home/wxz/Documents/pickle/fastrcnn320/360p/cut3_8129.pickle
400
COCO mAP: 0.3270552456378937
/home/wxz/Documents/pickle/fastrcnn320/360p/cut5_4545.pickle
401
COCO mAP: 0.4409259855747223
/home/wxz/Documents/pickle/fastrcnn320/360p/cut7_3425.pickle
402
COCO mAP: 0.3130486309528351
/home/wxz/Documents/pickle/fastrcnn320/360p/cut3_8513.pickle
403
COCO mAP: 0.20050542056560516
/home/wxz/Documents/pickle/fastrcnn320/360p/cut8_506.pickle
404
COCO mAP: 0.4138638377189636
/home/wxz/Documents/pickle/fastrcnn320/360p/cut2_5912.pickle
405
COCO mAP: 0.1498526632785797
/home/wxz/Documents/pickle/fastrcnn320/360p/cut5_2545.pickle
406
COCO mAP: 0.16664236783981323
/home/wxz/Documents/pickle/fastrcnn320/360p/cut3_4209.pickle
407
COCO mAP: 0.20820792019367218
/home/wxz/Documents/pickle/fastrcnn320/360p/cut6_8029.pickle
408
COCO mAP: 0.2935873866081238
/home/wxz/Documents/pickle/fastrcnn320/360p/cut8_7510.pickle
409
COCO mAP: 0.281464159488678
/home/wxz/Documents/pickle/fastrcnn320/360p/cut3_2001.pickle
410
COCO mAP: 0.1909557729959488
/home/wxz/Documents/pickle/fastrcnn320/360p/cut3_7937.pickle
411
COCO mAP: 0.5736721158027649
/home/wxz/Documents/pickle/fastrcnn320/360p/cut3_705.pickle
412
COCO mAP: 0.16623523831367493
/home/wxz/Documents/pickle/fastrcnn320/360p/cut4_2241.pickle
413
COCO mAP: 0.3481823801994324
/home/wxz/Documents/pickle/fastrcnn320/360p/cut2_7522.pickle
414
COCO mAP: 0.17585858702659607
/home/wxz/Documents/pickle/fastrcnn320/360p/cut2_8879.pickle
415
COCO mAP: 0.6251147389411926
/home/wxz/Documents/pickle/fastrcnn320/360p/cut9_4017.pickle
416
COCO mAP: 0.5930144786834717
/home/wxz/Documents/pickle/fastrcnn320/360p/cut3_3857.pickle
417
COCO mAP: 0.5138896107673645
/home/wxz/Documents/pickle/fastrcnn320/360p/cut5_4641.pickle
418
COCO mAP: 0.4665301442146301
/home/wxz/Documents/pickle/fastrcnn320/360p/cut4_7024.pickle
419
COCO mAP: 0.22854551672935486
/home/wxz/Documents/pickle/fastrcnn320/360p/cut5_5713.pickle
420
COCO mAP: 0.23956087231636047
/home/wxz/Documents/pickle/fastrcnn320/360p/cut5_1377.pickle
421
COCO mAP: 0.3734903931617737
/home/wxz/Documents/pickle/fastrcnn320/360p/cut7_3545.pickle
422
COCO mAP: 0.3025807738304138
/home/wxz/Documents/pickle/fastrcnn320/360p/cut5_3105.pickle
423
COCO mAP: 0.5561562776565552
/home/wxz/Documents/pickle/fastrcnn320/360p/cut1_4671.pickle
424
COCO mAP: 0.316106915473938
/home/wxz/Documents/pickle/fastrcnn320/360p/cut4_6293.pickle
425
COCO mAP: 0.3857004642486572
/home/wxz/Documents/pickle/fastrcnn320/360p/cut9_2033.pickle
426
COCO mAP: 0.5190689563751221
/home/wxz/Documents/pickle/fastrcnn320/360p/cut9_4913.pickle
427
COCO mAP: 0.5235503315925598
/home/wxz/Documents/pickle/fastrcnn320/360p/cut5_1713.pickle
428
COCO mAP: 0.373749315738678
/home/wxz/Documents/pickle/fastrcnn320/360p/cut8_8602.pickle
429
COCO mAP: 0.2735143005847931
/home/wxz/Documents/pickle/fastrcnn320/360p/cut1_2908.pickle
430
COCO mAP: 0.03003300353884697
/home/wxz/Documents/pickle/fastrcnn320/360p/cut8_4431.pickle
431
COCO mAP: 0.06209515407681465
/home/wxz/Documents/pickle/fastrcnn320/360p/cut3_1633.pickle
432
COCO mAP: 0.21923542022705078
/home/wxz/Documents/pickle/fastrcnn320/360p/cut5_3633.pickle
433
COCO mAP: 0.22443047165870667
/home/wxz/Documents/pickle/fastrcnn320/360p/cut3_609.pickle
434
COCO mAP: 0.401035875082016
/home/wxz/Documents/pickle/fastrcnn320/360p/cut3_417.pickle
435
COCO mAP: 0.2909350097179413
/home/wxz/Documents/pickle/fastrcnn320/360p/cut2_3704.pickle
436
COCO mAP: 0.18691420555114746
/home/wxz/Documents/pickle/fastrcnn320/360p/cut4_461.pickle
437
COCO mAP: 0.3827472925186157
/home/wxz/Documents/pickle/fastrcnn320/360p/cut2_7361.pickle
438
COCO mAP: 0.19893622398376465
/home/wxz/Documents/pickle/fastrcnn320/360p/cut8_1827.pickle
439
COCO mAP: 0.38679659366607666
/home/wxz/Documents/pickle/fastrcnn320/360p/cut2_8603.pickle
440
COCO mAP: 0.37191522121429443
/home/wxz/Documents/pickle/fastrcnn320/360p/cut8_2331.pickle
441
COCO mAP: 0.21260285377502441
/home/wxz/Documents/pickle/fastrcnn320/360p/cut7_2145.pickle
442
COCO mAP: 0.4240988790988922
/home/wxz/Documents/pickle/fastrcnn320/360p/cut9_6145.pickle
443
COCO mAP: 0.16780604422092438
/home/wxz/Documents/pickle/fastrcnn320/360p/cut2_3106.pickle
444
COCO mAP: 0.3386527895927429
/home/wxz/Documents/pickle/fastrcnn320/360p/cut3_6001.pickle
445
COCO mAP: 0.208247572183609
/home/wxz/Documents/pickle/fastrcnn320/360p/cut3_1809.pickle
446
COCO mAP: 0.19378699362277985
/home/wxz/Documents/pickle/fastrcnn320/360p/cut1_8319.pickle
447
COCO mAP: 0.43686825037002563
/home/wxz/Documents/pickle/fastrcnn320/360p/cut6_193.pickle
448
COCO mAP: 0.6038142442703247
/home/wxz/Documents/pickle/fastrcnn320/360p/cut1_1846.pickle
449
COCO mAP: 0.16221874952316284
/home/wxz/Documents/pickle/fastrcnn320/360p/cut6_8785.pickle
450
COCO mAP: 0.4030377268791199
/home/wxz/Documents/pickle/fastrcnn320/360p/cut9_5409.pickle
451
COCO mAP: 0.311891108751297
/home/wxz/Documents/pickle/fastrcnn320/360p/cut5_657.pickle
452
COCO mAP: 0.1994355171918869
/home/wxz/Documents/pickle/fastrcnn320/360p/cut6_8353.pickle
453
COCO mAP: 0.4478127360343933
/home/wxz/Documents/pickle/fastrcnn320/360p/cut8_8924.pickle
454
COCO mAP: 0.12754276394844055
/home/wxz/Documents/pickle/fastrcnn320/360p/cut6_5934.pickle
455
COCO mAP: 0.3902137875556946
/home/wxz/Documents/pickle/fastrcnn320/360p/cut3_8417.pickle
456
COCO mAP: 0.33679860830307007
/home/wxz/Documents/pickle/fastrcnn320/360p/cut4_8068.pickle
457
COCO mAP: 0.21666476130485535
/home/wxz/Documents/pickle/fastrcnn320/360p/cut9_1105.pickle
458
COCO mAP: 0.390922486782074
/home/wxz/Documents/pickle/fastrcnn320/360p/cut7_8825.pickle
459
COCO mAP: 0.6096084117889404
/home/wxz/Documents/pickle/fastrcnn320/360p/cut2_3612.pickle
460
COCO mAP: 0.34613120555877686
/home/wxz/Documents/pickle/fastrcnn320/360p/cut6_3041.pickle
461
COCO mAP: 0.39233726263046265
/home/wxz/Documents/pickle/fastrcnn320/360p/cut7_4425.pickle
462
COCO mAP: 0.3446693420410156
/home/wxz/Documents/pickle/fastrcnn320/360p/cut7_6705.pickle
463
COCO mAP: 0.4351741671562195
/home/wxz/Documents/pickle/fastrcnn320/360p/cut9_209.pickle
464
COCO mAP: 0.633773148059845
/home/wxz/Documents/pickle/fastrcnn320/360p/cut4_261.pickle
465
COCO mAP: 0.28999441862106323
/home/wxz/Documents/pickle/fastrcnn320/360p/cut4_3401.pickle
466
COCO mAP: 0.3876763880252838
/home/wxz/Documents/pickle/fastrcnn320/360p/cut3_3217.pickle
467
COCO mAP: 0.43817344307899475
/home/wxz/Documents/pickle/fastrcnn320/360p/cut9_4641.pickle
468
COCO mAP: 0.49441298842430115
/home/wxz/Documents/pickle/fastrcnn320/360p/cut7_6365.pickle
469
COCO mAP: 0.40244874358177185
/home/wxz/Documents/pickle/fastrcnn320/360p/cut4_3241.pickle
470
COCO mAP: 0.31658369302749634
/home/wxz/Documents/pickle/fastrcnn320/360p/cut8_8546.pickle
471
COCO mAP: 0.2299560010433197
/home/wxz/Documents/pickle/fastrcnn320/360p/cut8_8840.pickle
472
COCO mAP: 0.340345174074173
/home/wxz/Documents/pickle/fastrcnn320/360p/cut3_7505.pickle
473
COCO mAP: 0.43832892179489136
/home/wxz/Documents/pickle/fastrcnn320/360p/cut5_7969.pickle
474
COCO mAP: 0.4629899859428406
/home/wxz/Documents/pickle/fastrcnn320/360p/cut4_7258.pickle
475
COCO mAP: 0.13888569176197052
/home/wxz/Documents/pickle/fastrcnn320/360p/cut4_1801.pickle
476
COCO mAP: 0.5649906396865845
/home/wxz/Documents/pickle/fastrcnn320/360p/cut7_4845.pickle
477
COCO mAP: 0.4526481032371521
/home/wxz/Documents/pickle/fastrcnn320/360p/cut6_8137.pickle
478
COCO mAP: 0.33950936794281006
/home/wxz/Documents/pickle/fastrcnn320/360p/cut4_761.pickle
479
COCO mAP: 0.2442351132631302
/home/wxz/Documents/pickle/fastrcnn320/360p/cut2_8925.pickle
480
COCO mAP: 0.35190534591674805
/home/wxz/Documents/pickle/fastrcnn320/360p/cut4_5281.pickle
481
COCO mAP: 0.32999303936958313
/home/wxz/Documents/pickle/fastrcnn320/360p/cut1_5700.pickle
482
COCO mAP: 0.29432958364486694
/home/wxz/Documents/pickle/fastrcnn320/360p/cut7_641.pickle
483
COCO mAP: 0.19188427925109863
/home/wxz/Documents/pickle/fastrcnn320/360p/cut2_5751.pickle
484
COCO mAP: 0.080147385597229
/home/wxz/Documents/pickle/fastrcnn320/360p/cut9_113.pickle
485
COCO mAP: 0.5871137380599976
/home/wxz/Documents/pickle/fastrcnn320/360p/cut4_7348.pickle
486
COCO mAP: 0.28092309832572937
/home/wxz/Documents/pickle/fastrcnn320/360p/cut1_3438.pickle
487
COCO mAP: 0.20631363987922668
/home/wxz/Documents/pickle/fastrcnn320/360p/cut7_4305.pickle
488
COCO mAP: 0.3297419548034668
/home/wxz/Documents/pickle/fastrcnn320/360p/cut5_897.pickle
489
COCO mAP: 0.2338436394929886
/home/wxz/Documents/pickle/fastrcnn320/360p/cut3_3601.pickle
490
COCO mAP: 0.4942818582057953
/home/wxz/Documents/pickle/fastrcnn320/360p/cut5_8881.pickle
491
COCO mAP: 0.4977814257144928
/home/wxz/Documents/pickle/fastrcnn320/360p/cut5_3729.pickle
492
COCO mAP: 0.36621594429016113
/home/wxz/Documents/pickle/fastrcnn320/360p/cut4_6412.pickle
493
COCO mAP: 0.4653807282447815
/home/wxz/Documents/pickle/fastrcnn320/360p/cut5_3809.pickle
494
COCO mAP: 0.3286266624927521
/home/wxz/Documents/pickle/fastrcnn320/360p/cut4_7672.pickle
495
COCO mAP: 0.21793243288993835
/home/wxz/Documents/pickle/fastrcnn320/360p/cut1_2820.pickle
496
COCO mAP: 0.11657707393169403
/home/wxz/Documents/pickle/fastrcnn320/360p/cut4_521.pickle
497
COCO mAP: 0.31599268317222595
/home/wxz/Documents/pickle/fastrcnn320/360p/cut9_1937.pickle
498
COCO mAP: 0.4573463797569275
/home/wxz/Documents/pickle/fastrcnn320/360p/cut6_5611.pickle
499
COCO mAP: 0.31553399562835693
/home/wxz/Documents/pickle/fastrcnn320/360p/cut4_2001.pickle
500
COCO mAP: 0.0876486673951149
/home/wxz/Documents/pickle/fastrcnn320/360p/cut1_5373.pickle
501
COCO mAP: 0.49519023299217224
/home/wxz/Documents/pickle/fastrcnn320/360p/cut8_912.pickle
502
COCO mAP: 0.5061421990394592
/home/wxz/Documents/pickle/fastrcnn320/360p/cut6_6750.pickle
503
COCO mAP: 0.36729303002357483
/home/wxz/Documents/pickle/fastrcnn320/360p/cut4_5401.pickle
504
COCO mAP: 0.3440554440021515
/home/wxz/Documents/pickle/fastrcnn320/360p/cut3_3505.pickle
505
COCO mAP: 0.47417140007019043
/home/wxz/Documents/pickle/fastrcnn320/360p/cut5_8353.pickle
506
COCO mAP: 0.30262595415115356
/home/wxz/Documents/pickle/fastrcnn320/360p/cut6_8461.pickle
507
COCO mAP: 0.502349317073822
/home/wxz/Documents/pickle/fastrcnn320/360p/cut7_5945.pickle
508
COCO mAP: 0.24749357998371124
/home/wxz/Documents/pickle/fastrcnn320/360p/cut3_2609.pickle
509
COCO mAP: 0.49001365900039673
/home/wxz/Documents/pickle/fastrcnn320/360p/cut6_7741.pickle
510
COCO mAP: 0.36861297488212585
/home/wxz/Documents/pickle/fastrcnn320/360p/cut8_4613.pickle
511
COCO mAP: 0.30175432562828064
/home/wxz/Documents/pickle/fastrcnn320/360p/cut2_852.pickle
512
COCO mAP: 0.44347047805786133
/home/wxz/Documents/pickle/fastrcnn320/360p/cut5_4017.pickle
513
COCO mAP: 0.5239164233207703
/home/wxz/Documents/pickle/fastrcnn320/360p/cut1_4931.pickle
514
COCO mAP: 0.3775411546230316
/home/wxz/Documents/pickle/fastrcnn320/360p/cut6_5201.pickle
515
COCO mAP: 0.2949109375476837
/home/wxz/Documents/pickle/fastrcnn320/360p/cut8_3619.pickle
516
COCO mAP: 0.1675030142068863
/home/wxz/Documents/pickle/fastrcnn320/360p/cut2_6717.pickle
517
COCO mAP: 0.25350162386894226
/home/wxz/Documents/pickle/fastrcnn320/360p/cut4_7996.pickle
518
COCO mAP: 0.23334169387817383
/home/wxz/Documents/pickle/fastrcnn320/360p/cut8_1519.pickle
519
COCO mAP: 0.28335338830947876
/home/wxz/Documents/pickle/fastrcnn320/360p/cut2_5061.pickle
520
COCO mAP: 0.11047966778278351
/home/wxz/Documents/pickle/fastrcnn320/360p/cut5_7265.pickle
521
COCO mAP: 0.44360193610191345
/home/wxz/Documents/pickle/fastrcnn320/360p/cut5_2401.pickle
522
COCO mAP: 0.2901713252067566
/home/wxz/Documents/pickle/fastrcnn320/360p/cut2_8741.pickle
523
COCO mAP: 0.39139795303344727
/home/wxz/Documents/pickle/fastrcnn320/360p/cut6_2433.pickle
524
COCO mAP: 0.2839498221874237
/home/wxz/Documents/pickle/fastrcnn320/360p/cut3_1.pickle
525
COCO mAP: 0.2644394338130951
/home/wxz/Documents/pickle/fastrcnn320/360p/cut4_1761.pickle
526
COCO mAP: 0.263649046421051
/home/wxz/Documents/pickle/fastrcnn320/360p/cut5_6929.pickle
527
COCO mAP: 0.3150138258934021
/home/wxz/Documents/pickle/fastrcnn320/360p/cut2_7430.pickle
528
COCO mAP: 0.46978873014450073
/home/wxz/Documents/pickle/fastrcnn320/360p/cut9_2801.pickle
529
COCO mAP: 0.365961492061615
/home/wxz/Documents/pickle/fastrcnn320/360p/cut6_6189.pickle
530
COCO mAP: 0.4595690369606018
/home/wxz/Documents/pickle/fastrcnn320/360p/cut5_2817.pickle
531
COCO mAP: 0.3703603148460388
/home/wxz/Documents/pickle/fastrcnn320/360p/cut2_7660.pickle
532
COCO mAP: 0.5328496694564819
/home/wxz/Documents/pickle/fastrcnn320/360p/cut6_7975.pickle
533
COCO mAP: 0.2598065137863159
/home/wxz/Documents/pickle/fastrcnn320/360p/cut3_6865.pickle
534
COCO mAP: 0.4644591212272644
/home/wxz/Documents/pickle/fastrcnn320/360p/cut8_4515.pickle
535
COCO mAP: 0.2910265624523163
/home/wxz/Documents/pickle/fastrcnn320/360p/cut3_3393.pickle
536
COCO mAP: 0.46552950143814087
/home/wxz/Documents/pickle/fastrcnn320/360p/cut1_879.pickle
537
COCO mAP: 0.020823994651436806
/home/wxz/Documents/pickle/fastrcnn320/360p/cut9_3329.pickle
538
COCO mAP: 0.1069306880235672
/home/wxz/Documents/pickle/fastrcnn320/360p/cut2_8143.pickle
539
COCO mAP: 0.4356149733066559
/home/wxz/Documents/pickle/fastrcnn320/360p/cut4_5817.pickle
540
COCO mAP: 0.28401049971580505
/home/wxz/Documents/pickle/fastrcnn320/360p/cut9_5505.pickle
541
COCO mAP: 0.2678837180137634
/home/wxz/Documents/pickle/fastrcnn320/360p/cut2_4762.pickle
542
COCO mAP: 0.17426785826683044
/home/wxz/Documents/pickle/fastrcnn320/360p/cut4_3621.pickle
543
COCO mAP: 0.38670235872268677
/home/wxz/Documents/pickle/fastrcnn320/360p/cut6_1489.pickle
544
COCO mAP: 0.3108244240283966
/home/wxz/Documents/pickle/fastrcnn320/360p/cut1_3174.pickle
545
COCO mAP: 0.21881189942359924
/home/wxz/Documents/pickle/fastrcnn320/360p/cut6_5832.pickle
546
COCO mAP: 0.3601236641407013
/home/wxz/Documents/pickle/fastrcnn320/360p/cut6_5105.pickle
547
COCO mAP: 0.29327115416526794
/home/wxz/Documents/pickle/fastrcnn320/360p/cut4_161.pickle
548
COCO mAP: 0.4604261815547943
/home/wxz/Documents/pickle/fastrcnn320/360p/cut3_4305.pickle
549
COCO mAP: 0.3104993999004364
/home/wxz/Documents/pickle/fastrcnn320/360p/cut1_3526.pickle
550
COCO mAP: 0.33111026883125305
/home/wxz/Documents/pickle/fastrcnn320/360p/cut2_7292.pickle
551
COCO mAP: 0.5095911026000977
/home/wxz/Documents/pickle/fastrcnn320/360p/cut7_4725.pickle
552
COCO mAP: 0.277391642332077
/home/wxz/Documents/pickle/fastrcnn320/360p/cut3_3793.pickle
553
COCO mAP: 0.3231227695941925
/home/wxz/Documents/pickle/fastrcnn320/360p/cut5_3537.pickle
554
COCO mAP: 0.28741541504859924
/home/wxz/Documents/pickle/fastrcnn320/360p/cut5_2913.pickle
555
COCO mAP: 0.5782114267349243
/home/wxz/Documents/pickle/fastrcnn320/360p/cut7_7945.pickle
556
COCO mAP: 0.4680158495903015
/home/wxz/Documents/pickle/fastrcnn320/360p/cut8_7412.pickle
557
COCO mAP: 0.10688354820013046
/home/wxz/Documents/pickle/fastrcnn320/360p/cut3_6193.pickle
558
COCO mAP: 0.2978241741657257
/home/wxz/Documents/pickle/fastrcnn320/360p/cut4_3001.pickle
559
COCO mAP: 0.35417836904525757
/home/wxz/Documents/pickle/fastrcnn320/360p/cut4_5901.pickle
560
COCO mAP: 0.2800907492637634
/home/wxz/Documents/pickle/fastrcnn320/360p/cut2_1036.pickle
561
COCO mAP: 0.576113760471344
/home/wxz/Documents/pickle/fastrcnn320/360p/cut8_1715.pickle
562
COCO mAP: 0.40815964341163635
/home/wxz/Documents/pickle/fastrcnn320/360p/cut5_8992.pickle
563
COCO mAP: 0.6104604601860046
/home/wxz/Documents/pickle/fastrcnn320/360p/cut6_3617.pickle
564
COCO mAP: 0.27726590633392334
/home/wxz/Documents/pickle/fastrcnn320/360p/cut5_6641.pickle
565
COCO mAP: 0.48016804456710815
/home/wxz/Documents/pickle/fastrcnn320/360p/cut6_6240.pickle
566
COCO mAP: 0.306780606508255
/home/wxz/Documents/pickle/fastrcnn320/360p/cut8_4906.pickle
567
COCO mAP: 0.2417362928390503
/home/wxz/Documents/pickle/fastrcnn320/360p/cut6_8947.pickle
568
COCO mAP: 0.31164079904556274
/home/wxz/Documents/pickle/fastrcnn320/360p/cut7_1.pickle
569
COCO mAP: 0.3871842324733734
/home/wxz/Documents/pickle/fastrcnn320/360p/cut1_2471.pickle
570
COCO mAP: 0.46290725469589233
/home/wxz/Documents/pickle/fastrcnn320/360p/cut6_2001.pickle
571
COCO mAP: 0.32121896743774414
/home/wxz/Documents/pickle/fastrcnn320/360p/cut6_1201.pickle
572
COCO mAP: 0.3906248211860657
/home/wxz/Documents/pickle/fastrcnn320/360p/cut6_6903.pickle
573
COCO mAP: 0.46886587142944336
/home/wxz/Documents/pickle/fastrcnn320/360p/cut2_93.pickle
574
COCO mAP: 0.21410700678825378
/home/wxz/Documents/pickle/fastrcnn320/360p/cut5_8545.pickle
575
COCO mAP: 0.3386986255645752
/home/wxz/Documents/pickle/fastrcnn320/360p/cut7_1105.pickle
576
COCO mAP: 0.27514854073524475
/home/wxz/Documents/pickle/fastrcnn320/360p/cut7_1855.pickle
577
COCO mAP: 0.3641851842403412
/home/wxz/Documents/pickle/fastrcnn320/360p/cut5_8785.pickle
578
COCO mAP: 0.6058107614517212
/home/wxz/Documents/pickle/fastrcnn320/360p/cut2_6510.pickle
579
COCO mAP: 0.19761888682842255
/home/wxz/Documents/pickle/fastrcnn320/360p/cut8_1645.pickle
580
COCO mAP: 0.3089202642440796
/home/wxz/Documents/pickle/fastrcnn320/360p/cut4_5321.pickle
581
COCO mAP: 0.3077767491340637
/home/wxz/Documents/pickle/fastrcnn320/360p/cut2_6418.pickle
582
COCO mAP: 0.3986538052558899
/home/wxz/Documents/pickle/fastrcnn320/360p/cut9_1009.pickle
583
COCO mAP: 0.24145075678825378
/home/wxz/Documents/pickle/fastrcnn320/360p/cut7_6645.pickle
584
COCO mAP: 0.4060685634613037
/home/wxz/Documents/pickle/fastrcnn320/360p/cut4_1681.pickle
585
COCO mAP: 0.6554378867149353
/home/wxz/Documents/pickle/fastrcnn320/360p/cut9_401.pickle
586
COCO mAP: 0.3240954875946045
/home/wxz/Documents/pickle/fastrcnn320/360p/cut3_2209.pickle
587
COCO mAP: 0.5232318043708801
/home/wxz/Documents/pickle/fastrcnn320/360p/cut8_4809.pickle
588
COCO mAP: 0.17095796763896942
/home/wxz/Documents/pickle/fastrcnn320/360p/cut6_4641.pickle
589
COCO mAP: 0.2555169463157654
/home/wxz/Documents/pickle/fastrcnn320/360p/cut7_833.pickle
590
COCO mAP: 0.2934219539165497
/home/wxz/Documents/pickle/fastrcnn320/360p/cut5_6113.pickle
591
COCO mAP: 0.5360357761383057
/home/wxz/Documents/pickle/fastrcnn320/360p/cut6_7867.pickle
592
COCO mAP: 0.4262459874153137
/home/wxz/Documents/pickle/fastrcnn320/360p/cut6_6444.pickle
593
COCO mAP: 0.36825287342071533
/home/wxz/Documents/pickle/fastrcnn320/360p/cut1_4139.pickle
594
COCO mAP: 0.3314278721809387
/home/wxz/Documents/pickle/fastrcnn320/360p/cut3_817.pickle
595
COCO mAP: 0.1929062306880951
/home/wxz/Documents/pickle/fastrcnn320/360p/cut4_1.pickle
596
COCO mAP: 0.6011521220207214
/home/wxz/Documents/pickle/fastrcnn320/360p/cut4_2121.pickle
597
COCO mAP: 0.3183734118938446
/home/wxz/Documents/pickle/fastrcnn320/360p/cut2_8534.pickle
598
COCO mAP: 0.36993950605392456
/home/wxz/Documents/pickle/fastrcnn320/360p/cut4_4721.pickle
599
COCO mAP: 0.3519739508628845
/home/wxz/Documents/pickle/fastrcnn320/360p/cut1_8759.pickle
600
COCO mAP: 0.43016618490219116
/home/wxz/Documents/pickle/fastrcnn320/360p/cut8_2737.pickle
601
COCO mAP: 0.3013414740562439
/home/wxz/Documents/pickle/fastrcnn320/360p/cut8_3003.pickle
602
COCO mAP: 0.29214760661125183
/home/wxz/Documents/pickle/fastrcnn320/360p/cut4_3341.pickle
603
COCO mAP: 0.35627633333206177
/home/wxz/Documents/pickle/fastrcnn320/360p/cut4_8914.pickle
604
COCO mAP: 0.39915162324905396
/home/wxz/Documents/pickle/fastrcnn320/360p/cut6_1537.pickle
605
COCO mAP: 0.169210284948349
/home/wxz/Documents/pickle/fastrcnn320/360p/cut3_4737.pickle
606
COCO mAP: 0.2503100335597992
/home/wxz/Documents/pickle/fastrcnn320/360p/cut1_8509.pickle
607
COCO mAP: 0.4407479166984558
/home/wxz/Documents/pickle/fastrcnn320/360p/cut5_4929.pickle
608
COCO mAP: 0.21972844004631042
/home/wxz/Documents/pickle/fastrcnn320/360p/cut2_6602.pickle
609
COCO mAP: 0.19726227223873138
/home/wxz/Documents/pickle/fastrcnn320/360p/cut7_7465.pickle
610
COCO mAP: 0.45007267594337463
/home/wxz/Documents/pickle/fastrcnn320/360p/cut3_2305.pickle
611
COCO mAP: 0.3405561149120331
/home/wxz/Documents/pickle/fastrcnn320/360p/cut6_4241.pickle
612
COCO mAP: 0.16748832166194916
/home/wxz/Documents/pickle/fastrcnn320/360p/cut3_5313.pickle
613
COCO mAP: 0.267291784286499
/home/wxz/Documents/pickle/fastrcnn320/360p/cut7_3665.pickle
614
COCO mAP: 0.25834962725639343
/home/wxz/Documents/pickle/fastrcnn320/360p/cut7_5445.pickle
615
COCO mAP: 0.42618268728256226
/home/wxz/Documents/pickle/fastrcnn320/360p/cut1_5107.pickle
616
COCO mAP: 0.416877418756485
/home/wxz/Documents/pickle/fastrcnn320/360p/cut6_5009.pickle
617
COCO mAP: 0.29671236872673035
/home/wxz/Documents/pickle/fastrcnn320/360p/cut3_4833.pickle
618
COCO mAP: 0.33072423934936523
/home/wxz/Documents/pickle/fastrcnn320/360p/cut1_6068.pickle
619
COCO mAP: 0.6316243410110474
/home/wxz/Documents/pickle/fastrcnn320/360p/cut8_7706.pickle
620
COCO mAP: 0.2813487946987152
/home/wxz/Documents/pickle/fastrcnn320/360p/cut6_5409.pickle
621
COCO mAP: 0.27635326981544495
/home/wxz/Documents/pickle/fastrcnn320/360p/cut4_6141.pickle
622
COCO mAP: 0.2524566054344177
/home/wxz/Documents/pickle/fastrcnn320/360p/cut7_2017.pickle
623
COCO mAP: 0.3186785876750946
/home/wxz/Documents/pickle/fastrcnn320/360p/cut9_5601.pickle
624
COCO mAP: 0.2852592468261719
/home/wxz/Documents/pickle/fastrcnn320/360p/cut3_7649.pickle
625
COCO mAP: 0.4028545022010803
/home/wxz/Documents/pickle/fastrcnn320/360p/cut4_361.pickle
626
COCO mAP: 0.31164634227752686
/home/wxz/Documents/pickle/fastrcnn320/360p/cut4_5521.pickle
627
COCO mAP: 0.3214195668697357
/home/wxz/Documents/pickle/fastrcnn320/360p/cut6_689.pickle
628
COCO mAP: 0.3226887583732605
/home/wxz/Documents/pickle/fastrcnn320/360p/cut4_4121.pickle
629
COCO mAP: 0.38775020837783813
/home/wxz/Documents/pickle/fastrcnn320/360p/cut7_8225.pickle
630
COCO mAP: 0.41554808616638184
/home/wxz/Documents/pickle/fastrcnn320/360p/cut4_4841.pickle
631
COCO mAP: 0.2192726582288742
/home/wxz/Documents/pickle/fastrcnn320/360p/cut9_305.pickle
632
COCO mAP: 0.4135478436946869
/home/wxz/Documents/pickle/fastrcnn320/360p/cut9_5713.pickle
633
COCO mAP: 0.38482898473739624
/home/wxz/Documents/pickle/fastrcnn320/360p/cut4_3901.pickle
634
COCO mAP: 0.25259822607040405
/home/wxz/Documents/pickle/fastrcnn320/360p/cut1_2558.pickle
635
COCO mAP: 0.14780764281749725
/home/wxz/Documents/pickle/fastrcnn320/360p/cut8_5620.pickle
636
COCO mAP: 0.41995367407798767
/home/wxz/Documents/pickle/fastrcnn320/360p/cut3_3169.pickle
637
COCO mAP: 0.5288429856300354
/home/wxz/Documents/pickle/fastrcnn320/360p/cut4_6201.pickle
638
COCO mAP: 0.3514431416988373
/home/wxz/Documents/pickle/fastrcnn320/360p/cut2_1312.pickle
639
COCO mAP: 0.31721946597099304
/home/wxz/Documents/pickle/fastrcnn320/360p/cut6_1905.pickle
640
COCO mAP: 0.3084667921066284
/home/wxz/Documents/pickle/fastrcnn320/360p/cut9_3729.pickle
641
COCO mAP: 0.6252712607383728
/home/wxz/Documents/pickle/fastrcnn320/360p/cut2_6142.pickle
642
COCO mAP: 0.4348297119140625
/home/wxz/Documents/pickle/fastrcnn320/360p/cut3_8705.pickle
643
COCO mAP: 0.5265095829963684
/home/wxz/Documents/pickle/fastrcnn320/360p/cut8_5032.pickle
644
COCO mAP: 0.31811290979385376
/home/wxz/Documents/pickle/fastrcnn320/360p/cut8_2905.pickle
645
COCO mAP: 0.10865575075149536
/home/wxz/Documents/pickle/fastrcnn320/360p/cut2_2002.pickle
646
COCO mAP: 0.23724576830863953
/home/wxz/Documents/pickle/fastrcnn320/360p/cut8_209.pickle
647
COCO mAP: 0.5065856575965881
/home/wxz/Documents/pickle/fastrcnn320/360p/cut2_8327.pickle
648
COCO mAP: 0.5895064473152161
/home/wxz/Documents/pickle/fastrcnn320/360p/cut5_5617.pickle
649
COCO mAP: 0.2823446989059448
/home/wxz/Documents/pickle/fastrcnn320/360p/cut7_3245.pickle
650
COCO mAP: 0.2738105356693268
/home/wxz/Documents/pickle/fastrcnn320/360p/cut9_5169.pickle
651
COCO mAP: 0.2324303388595581
/home/wxz/Documents/pickle/fastrcnn320/360p/cut9_2321.pickle
652
COCO mAP: 0.2587427496910095
/home/wxz/Documents/pickle/fastrcnn320/360p/cut7_5625.pickle
653
COCO mAP: 0.3715370297431946
/home/wxz/Documents/pickle/fastrcnn320/360p/cut8_5410.pickle
654
COCO mAP: 0.2572903037071228
/home/wxz/Documents/pickle/fastrcnn320/360p/cut8_2009.pickle
655
COCO mAP: 0.3650602400302887
/home/wxz/Documents/pickle/fastrcnn320/360p/cut8_604.pickle
656
COCO mAP: 0.4503406882286072
/home/wxz/Documents/pickle/fastrcnn320/360p/cut7_737.pickle
657
COCO mAP: 0.2548883855342865
/home/wxz/Documents/pickle/fastrcnn320/360p/cut6_3425.pickle
658
COCO mAP: 0.27596208453178406
/home/wxz/Documents/pickle/fastrcnn320/360p/cut7_7185.pickle
659
COCO mAP: 0.39208129048347473
/home/wxz/Documents/pickle/fastrcnn320/360p/cut5_2209.pickle
660
COCO mAP: 0.2178155928850174
/home/wxz/Documents/pickle/fastrcnn320/360p/cut4_4541.pickle
661
COCO mAP: 0.49545255303382874
/home/wxz/Documents/pickle/fastrcnn320/360p/cut3_5121.pickle
662
COCO mAP: 0.29856640100479126
/home/wxz/Documents/pickle/fastrcnn320/360p/cut1_4403.pickle
663
COCO mAP: 0.4101375937461853
/home/wxz/Documents/pickle/fastrcnn320/360p/cut6_2945.pickle
664
COCO mAP: 0.478353351354599
/home/wxz/Documents/pickle/fastrcnn320/360p/cut1_6244.pickle
665
COCO mAP: 0.5071889162063599
/home/wxz/Documents/pickle/fastrcnn320/360p/cut5_4401.pickle
666
COCO mAP: 0.5096064805984497
/home/wxz/Documents/pickle/fastrcnn320/360p/cut8_3213.pickle
667
COCO mAP: 0.22308452427387238
/home/wxz/Documents/pickle/fastrcnn320/360p/cut2_3520.pickle
668
COCO mAP: 0.5335358381271362
/home/wxz/Documents/pickle/fastrcnn320/360p/cut7_1747.pickle
669
COCO mAP: 0.31494444608688354
/home/wxz/Documents/pickle/fastrcnn320/360p/cut6_1713.pickle
670
COCO mAP: 0.355019748210907
/home/wxz/Documents/pickle/fastrcnn320/360p/cut4_8752.pickle
671
COCO mAP: 0.492428719997406
/home/wxz/Documents/pickle/fastrcnn320/360p/cut3_3713.pickle
672
COCO mAP: 0.3295244872570038
/home/wxz/Documents/pickle/fastrcnn320/360p/cut8_4305.pickle
673
COCO mAP: 0.26548951864242554
/home/wxz/Documents/pickle/fastrcnn320/360p/cut5_5905.pickle
674
COCO mAP: 0.5848275423049927
/home/wxz/Documents/pickle/fastrcnn320/360p/cut9_6049.pickle
675
COCO mAP: 0.3134199380874634
/home/wxz/Documents/pickle/fastrcnn320/360p/cut6_6546.pickle
676
COCO mAP: 0.2882811725139618
/home/wxz/Documents/pickle/fastrcnn320/360p/cut5_2625.pickle
677
COCO mAP: 0.39484351873397827
/home/wxz/Documents/pickle/fastrcnn320/360p/cut6_6342.pickle
678
COCO mAP: 0.37595057487487793
/home/wxz/Documents/pickle/fastrcnn320/360p/cut7_929.pickle
679
COCO mAP: 0.2129673957824707
/home/wxz/Documents/pickle/fastrcnn320/360p/cut3_2513.pickle
680
COCO mAP: 0.21661260724067688
/home/wxz/Documents/pickle/fastrcnn320/360p/cut5_1.pickle
681
COCO mAP: 0.3334828019142151
/home/wxz/Documents/pickle/fastrcnn320/360p/cut9_1505.pickle
682
COCO mAP: 0.3299188017845154
/home/wxz/Documents/pickle/fastrcnn320/360p/cut8_5928.pickle
683
COCO mAP: 0.29364117980003357
/home/wxz/Documents/pickle/fastrcnn320/360p/cut9_4737.pickle
684
COCO mAP: 0.4484517574310303
/home/wxz/Documents/pickle/fastrcnn320/360p/cut5_2721.pickle
685
COCO mAP: 0.4200142025947571
/home/wxz/Documents/pickle/fastrcnn320/360p/cut6_2385.pickle
686
COCO mAP: 0.34368082880973816
/home/wxz/Documents/pickle/fastrcnn320/360p/cut7_7285.pickle
687
COCO mAP: 0.3520624041557312
/home/wxz/Documents/pickle/fastrcnn320/360p/cut8_1911.pickle
688
COCO mAP: 0.3661772608757019
/home/wxz/Documents/pickle/fastrcnn320/360p/cut3_7153.pickle
689
COCO mAP: 0.30311456322669983
/home/wxz/Documents/pickle/fastrcnn320/360p/cut4_5709.pickle
690
COCO mAP: 0.2674505114555359
/home/wxz/Documents/pickle/fastrcnn320/360p/cut1_6909.pickle
691
COCO mAP: 0.2843753695487976
/home/wxz/Documents/pickle/fastrcnn320/360p/cut8_6110.pickle
692
COCO mAP: 0.3001142740249634
/home/wxz/Documents/pickle/fastrcnn320/360p/cut3_2401.pickle
693
COCO mAP: 0.3350346088409424
/home/wxz/Documents/pickle/fastrcnn320/360p/cut7_6285.pickle
694
COCO mAP: 0.4233017563819885
/home/wxz/Documents/pickle/fastrcnn320/360p/cut8_4725.pickle
695
COCO mAP: 0.23000475764274597
/home/wxz/Documents/pickle/fastrcnn320/360p/cut9_721.pickle
696
COCO mAP: 0.45581626892089844
/home/wxz/Documents/pickle/fastrcnn320/360p/cut1_704.pickle
697
COCO mAP: 0.3924636244773865
/home/wxz/Documents/pickle/fastrcnn320/360p/cut9_3233.pickle
698
COCO mAP: 0.07722772657871246
/home/wxz/Documents/pickle/fastrcnn320/360p/cut3_6097.pickle
699
COCO mAP: 0.49328383803367615
/home/wxz/Documents/pickle/fastrcnn320/360p/cut8_7608.pickle
700
COCO mAP: 0.37041205167770386
/home/wxz/Documents/pickle/fastrcnn320/360p/cut8_8252.pickle
701
COCO mAP: 0.28500908613204956
/home/wxz/Documents/pickle/fastrcnn320/360p/cut7_8705.pickle
702
COCO mAP: 0.24665570259094238
/home/wxz/Documents/pickle/fastrcnn320/360p/cut5_5313.pickle
703
COCO mAP: 0.23965847492218018
/home/wxz/Documents/pickle/fastrcnn320/360p/cut5_1089.pickle
704
COCO mAP: 0.15126493573188782
/home/wxz/Documents/pickle/fastrcnn320/360p/cut8_5522.pickle
705
COCO mAP: 0.2937692105770111
/home/wxz/Documents/pickle/fastrcnn320/360p/cut5_7729.pickle
706
COCO mAP: 0.39946940541267395
/home/wxz/Documents/pickle/fastrcnn320/360p/cut3_8945.pickle
707
COCO mAP: 0.2384091168642044
/home/wxz/Documents/pickle/fastrcnn320/360p/cut2_6901.pickle
708
COCO mAP: 0.16826973855495453
/home/wxz/Documents/pickle/fastrcnn320/360p/cut5_1617.pickle
709
COCO mAP: 0.29117172956466675
/home/wxz/Documents/pickle/fastrcnn320/360p/cut1_8864.pickle
710
COCO mAP: 0.4847801625728607
/home/wxz/Documents/pickle/fastrcnn320/360p/cut3_2257.pickle
711
COCO mAP: 0.21527640521526337
/home/wxz/Documents/pickle/fastrcnn320/360p/cut3_8801.pickle
712
COCO mAP: 0.5247158408164978
/home/wxz/Documents/pickle/fastrcnn320/360p/cut5_2113.pickle
713
COCO mAP: 0.3728160262107849
/home/wxz/Documents/pickle/fastrcnn320/360p/cut9_4817.pickle
714
COCO mAP: 0.5898394584655762
/home/wxz/Documents/pickle/fastrcnn320/360p/cut7_8645.pickle
715
COCO mAP: 0.34573766589164734
/home/wxz/Documents/pickle/fastrcnn320/360p/cut1_2022.pickle
716
COCO mAP: 0.3746655583381653
/home/wxz/Documents/pickle/fastrcnn320/360p/cut6_6801.pickle
717
COCO mAP: 0.39270931482315063
/home/wxz/Documents/pickle/fastrcnn320/360p/cut4_6808.pickle
718
COCO mAP: 0.2405995875597
/home/wxz/Documents/pickle/fastrcnn320/360p/cut1_17.pickle
719
COCO mAP: 0.13747525215148926
/home/wxz/Documents/pickle/fastrcnn320/360p/cut4_1901.pickle
720
COCO mAP: 0.28874045610427856
/home/wxz/Documents/pickle/fastrcnn320/360p/cut7_3005.pickle
721
COCO mAP: 0.27340346574783325
/home/wxz/Documents/pickle/fastrcnn320/360p/cut9_1745.pickle
722
COCO mAP: 0.20957529544830322
/home/wxz/Documents/pickle/fastrcnn320/360p/cut7_4225.pickle
723
COCO mAP: 0.3768542408943176
/home/wxz/Documents/pickle/fastrcnn320/360p/cut4_8320.pickle
724
COCO mAP: 0.17084021866321564
/home/wxz/Documents/pickle/fastrcnn320/360p/cut4_3701.pickle
725
COCO mAP: 0.3434692621231079
/home/wxz/Documents/pickle/fastrcnn320/360p/cut2_7821.pickle
726
COCO mAP: 0.4430106282234192
/home/wxz/Documents/pickle/fastrcnn320/360p/cut6_577.pickle
727
COCO mAP: 0.3362573981285095
/home/wxz/Documents/pickle/fastrcnn320/360p/cut3_5905.pickle
728
COCO mAP: 0.22712481021881104
/home/wxz/Documents/pickle/fastrcnn320/360p/cut3_1425.pickle
729
COCO mAP: 0.2510126233100891
/home/wxz/Documents/pickle/fastrcnn320/360p/cut2_7706.pickle
730
COCO mAP: 0.42770490050315857
/home/wxz/Documents/pickle/fastrcnn320/360p/cut8_346.pickle
731
COCO mAP: 0.264870822429657
/home/wxz/Documents/pickle/fastrcnn320/360p/cut6_8245.pickle
732
COCO mAP: 0.32110533118247986
/home/wxz/Documents/pickle/fastrcnn320/360p/cut6_3137.pickle
733
COCO mAP: 0.5290650129318237
/home/wxz/Documents/pickle/fastrcnn320/360p/cut1_2202.pickle
734
COCO mAP: 0.44216737151145935
/home/wxz/Documents/pickle/fastrcnn320/360p/cut1_8419.pickle
735
COCO mAP: 0.31744617223739624
/home/wxz/Documents/pickle/fastrcnn320/360p/cut8_5802.pickle
736
COCO mAP: 0.5136489272117615
/home/wxz/Documents/pickle/fastrcnn320/360p/cut2_3911.pickle
737
COCO mAP: 0.3395228981971741
/home/wxz/Documents/pickle/fastrcnn320/360p/cut8_6362.pickle
738
COCO mAP: 0.44831258058547974
/home/wxz/Documents/pickle/fastrcnn320/360p/cut2_6027.pickle
739
COCO mAP: 0.42617255449295044
/home/wxz/Documents/pickle/fastrcnn320/360p/cut6_1105.pickle
740
COCO mAP: 0.31883594393730164
/home/wxz/Documents/pickle/fastrcnn320/360p/cut8_496.pickle
741
COCO mAP: 0.4524846076965332
/home/wxz/Documents/pickle/fastrcnn320/360p/cut1_1503.pickle
742
COCO mAP: 0.15821781754493713
/home/wxz/Documents/pickle/fastrcnn320/360p/cut1_3350.pickle
743
COCO mAP: 0.3328506648540497
/home/wxz/Documents/pickle/fastrcnn320/360p/cut1_343.pickle
744
COCO mAP: 0.158143550157547
/home/wxz/Documents/pickle/fastrcnn320/360p/cut9_1841.pickle
745
COCO mAP: 0.7144632339477539
/home/wxz/Documents/pickle/fastrcnn320/360p/cut2_3014.pickle
746
COCO mAP: 0.447868674993515
/home/wxz/Documents/pickle/fastrcnn320/360p/cut7_3365.pickle
747
COCO mAP: 0.2720739245414734
/home/wxz/Documents/pickle/fastrcnn320/360p/cut2_6303.pickle
748
COCO mAP: 0.43205660581588745
/home/wxz/Documents/pickle/fastrcnn320/360p/cut1_6821.pickle
749
COCO mAP: 0.049504946917295456
/home/wxz/Documents/pickle/fastrcnn320/360p/cut2_4348.pickle
750
COCO mAP: 0.4919906258583069
/home/wxz/Documents/pickle/fastrcnn320/360p/cut1_6604.pickle
751
COCO mAP: 0.056930698454380035
/home/wxz/Documents/pickle/fastrcnn320/360p/cut1_6689.pickle
752
COCO mAP: 0.0801980271935463
/home/wxz/Documents/pickle/fastrcnn320/360p/cut3_7745.pickle
753
COCO mAP: 0.26259011030197144
/home/wxz/Documents/pickle/fastrcnn320/360p/cut5_5217.pickle
754
COCO mAP: 0.3764614462852478
/home/wxz/Documents/pickle/fastrcnn320/360p/cut2_6809.pickle
755
COCO mAP: 0.26057565212249756
/home/wxz/Documents/pickle/fastrcnn320/360p/cut1_2302.pickle
756
COCO mAP: 0.1960396021604538
/home/wxz/Documents/pickle/fastrcnn320/360p/cut7_2405.pickle
757
COCO mAP: 0.4014250338077545
/home/wxz/Documents/pickle/fastrcnn320/360p/cut5_401.pickle
758
COCO mAP: 0.3198605477809906
/home/wxz/Documents/pickle/fastrcnn320/360p/cut8_3129.pickle
759
COCO mAP: 0.3187341094017029
/home/wxz/Documents/pickle/fastrcnn320/360p/cut5_4881.pickle
760
COCO mAP: 0.2186257392168045
/home/wxz/Documents/pickle/fastrcnn320/360p/cut3_4929.pickle
761
COCO mAP: 0.3665829300880432
/home/wxz/Documents/pickle/fastrcnn320/360p/cut5_5025.pickle
762
COCO mAP: 0.5323265194892883
/home/wxz/Documents/pickle/fastrcnn320/360p/cut6_961.pickle
763
COCO mAP: 0.33272749185562134
/home/wxz/Documents/pickle/fastrcnn320/360p/cut8_5144.pickle
764
COCO mAP: 0.3512346148490906
/home/wxz/Documents/pickle/fastrcnn320/360p/cut5_5409.pickle
765
COCO mAP: 0.5518149137496948
/home/wxz/Documents/pickle/fastrcnn320/360p/cut1_5613.pickle
766
COCO mAP: 0.31715619564056396
/home/wxz/Documents/pickle/fastrcnn320/360p/cut2_2370.pickle
767
COCO mAP: 0.3222340941429138
/home/wxz/Documents/pickle/fastrcnn320/360p/cut7_4985.pickle
768
COCO mAP: 0.3206024467945099
/home/wxz/Documents/pickle/fastrcnn320/360p/cut6_1.pickle
769
COCO mAP: 0.710063099861145
/home/wxz/Documents/pickle/fastrcnn320/360p/cut8_2107.pickle
770
COCO mAP: 0.22884631156921387
/home/wxz/Documents/pickle/fastrcnn320/360p/cut8_2401.pickle
771
COCO mAP: 0.11375655978918076
/home/wxz/Documents/pickle/fastrcnn320/360p/cut4_8212.pickle
772
COCO mAP: 0.2532883882522583
/home/wxz/Documents/pickle/fastrcnn320/360p/cut8_6516.pickle
773
COCO mAP: 0.3929317891597748
/home/wxz/Documents/pickle/fastrcnn320/360p/cut4_4901.pickle
774
COCO mAP: 0.3764193654060364
/home/wxz/Documents/pickle/fastrcnn320/360p/cut1_1316.pickle
775
COCO mAP: 0.0736633688211441
/home/wxz/Documents/pickle/fastrcnn320/360p/cut3_145.pickle
776
COCO mAP: 0.2787015736103058
/home/wxz/Documents/pickle/fastrcnn320/360p/cut7_4605.pickle
777
COCO mAP: 0.41742366552352905
/home/wxz/Documents/pickle/fastrcnn320/360p/cut8_8168.pickle
778
COCO mAP: 0.22216713428497314
/home/wxz/Documents/pickle/fastrcnn320/360p/cut8_6012.pickle
779
COCO mAP: 0.3525001108646393
/home/wxz/Documents/pickle/fastrcnn320/360p/cut1_5524.pickle
780
COCO mAP: 0.33906954526901245
/home/wxz/Documents/pickle/fastrcnn320/360p/cut4_7888.pickle
781
COCO mAP: 0.27792471647262573
/home/wxz/Documents/pickle/fastrcnn320/360p/cut2_2807.pickle
782
COCO mAP: 0.3005215525627136
/home/wxz/Documents/pickle/fastrcnn320/360p/cut7_2365.pickle
783
COCO mAP: 0.31914371252059937
/home/wxz/Documents/pickle/fastrcnn320/360p/cut1_7444.pickle
784
COCO mAP: 0.11387553066015244
/home/wxz/Documents/pickle/fastrcnn320/360p/cut2_369.pickle
785
COCO mAP: 0.6415326595306396
/home/wxz/Documents/pickle/fastrcnn320/360p/cut7_1405.pickle
786
COCO mAP: 0.23504868149757385
/home/wxz/Documents/pickle/fastrcnn320/360p/cut7_7525.pickle
787
COCO mAP: 0.42514729499816895
/home/wxz/Documents/pickle/fastrcnn320/360p/cut2_4923.pickle
788
COCO mAP: 0.14890699088573456
/home/wxz/Documents/pickle/fastrcnn320/360p/cut1_8629.pickle
789
COCO mAP: 0.49061957001686096
/home/wxz/Documents/pickle/fastrcnn320/360p/cut4_5141.pickle
790
COCO mAP: 0.30294907093048096
/home/wxz/Documents/pickle/fastrcnn320/360p/cut1_5978.pickle
791
COCO mAP: 0.5620992183685303
/home/wxz/Documents/pickle/fastrcnn320/360p/cut9_1313.pickle
792
COCO mAP: 0.5281952619552612
/home/wxz/Documents/pickle/fastrcnn320/360p/cut8_1.pickle
793
COCO mAP: 0.46182912588119507
/home/wxz/Documents/pickle/fastrcnn320/360p/cut1_3702.pickle
794
COCO mAP: 0.3358810544013977
average COCO mAP:0.3455379982561023
