nohup: 忽略输入
/home/wxz/Documents/pickle/fastrcnn320/200p/cut5_8945.pickle
1
COCO mAP: 0.5957119464874268
/home/wxz/Documents/pickle/fastrcnn320/200p/cut8_436.pickle
2
COCO mAP: 0.16262133419513702
/home/wxz/Documents/pickle/fastrcnn320/200p/cut6_5509.pickle
3
COCO mAP: 0.3264809250831604
/home/wxz/Documents/pickle/fastrcnn320/200p/cut2_4831.pickle
4
COCO mAP: 0.19632691144943237
/home/wxz/Documents/pickle/fastrcnn320/200p/cut2_8971.pickle
5
COCO mAP: 0.34258490800857544
/home/wxz/Documents/pickle/fastrcnn320/200p/cut7_2265.pickle
6
COCO mAP: 0.3407098054885864
/home/wxz/Documents/pickle/fastrcnn320/200p/cut2_185.pickle
7
COCO mAP: 0.7127463817596436
/home/wxz/Documents/pickle/fastrcnn320/200p/cut9_3041.pickle
8
COCO mAP: 0.2494024932384491
/home/wxz/Documents/pickle/fastrcnn320/200p/cut7_7705.pickle
9
COCO mAP: 0.4709358811378479
/home/wxz/Documents/pickle/fastrcnn320/200p/cut6_4817.pickle
10
COCO mAP: 0.5213459730148315
/home/wxz/Documents/pickle/fastrcnn320/200p/cut5_3921.pickle
11
COCO mAP: 0.18080700933933258
/home/wxz/Documents/pickle/fastrcnn320/200p/cut3_6577.pickle
12
COCO mAP: 0.2940818965435028
/home/wxz/Documents/pickle/fastrcnn320/200p/cut5_993.pickle
13
COCO mAP: 0.1575063318014145
/home/wxz/Documents/pickle/fastrcnn320/200p/cut2_6257.pickle
14
COCO mAP: 0.40413346886634827
/home/wxz/Documents/pickle/fastrcnn320/200p/cut4_7186.pickle
15
COCO mAP: 0.25789016485214233
/home/wxz/Documents/pickle/fastrcnn320/200p/cut9_3825.pickle
16
COCO mAP: 0.6245397925376892
/home/wxz/Documents/pickle/fastrcnn320/200p/cut3_4001.pickle
17
COCO mAP: 0.2753646969795227
/home/wxz/Documents/pickle/fastrcnn320/200p/cut9_4545.pickle
18
COCO mAP: 0.14680124819278717
/home/wxz/Documents/pickle/fastrcnn320/200p/cut2_2186.pickle
19
COCO mAP: 0.6239544153213501
/home/wxz/Documents/pickle/fastrcnn320/200p/cut8_7104.pickle
20
COCO mAP: 0.3087984621524811
/home/wxz/Documents/pickle/fastrcnn320/200p/cut7_4125.pickle
21
COCO mAP: 0.3287528157234192
/home/wxz/Documents/pickle/fastrcnn320/200p/cut3_4401.pickle
22
COCO mAP: 0.2948223948478699
/home/wxz/Documents/pickle/fastrcnn320/200p/cut6_2657.pickle
23
COCO mAP: 0.31706759333610535
/home/wxz/Documents/pickle/fastrcnn320/200p/cut4_2301.pickle
24
COCO mAP: 0.26593396067619324
/home/wxz/Documents/pickle/fastrcnn320/200p/cut8_8336.pickle
25
COCO mAP: 0.26938560605049133
/home/wxz/Documents/pickle/fastrcnn320/200p/cut7_1009.pickle
26
COCO mAP: 0.27828842401504517
/home/wxz/Documents/pickle/fastrcnn320/200p/cut1_257.pickle
27
COCO mAP: 0.09026402980089188
/home/wxz/Documents/pickle/fastrcnn320/200p/cut5_5121.pickle
28
COCO mAP: 0.36988645792007446
/home/wxz/Documents/pickle/fastrcnn320/200p/cut3_4113.pickle
29
COCO mAP: 0.4073522686958313
/home/wxz/Documents/pickle/fastrcnn320/200p/cut6_7633.pickle
30
COCO mAP: 0.2372625768184662
/home/wxz/Documents/pickle/fastrcnn320/200p/cut3_7313.pickle
31
COCO mAP: 0.39333826303482056
/home/wxz/Documents/pickle/fastrcnn320/200p/cut4_1501.pickle
32
COCO mAP: 0.4227880537509918
/home/wxz/Documents/pickle/fastrcnn320/200p/cut9_3633.pickle
33
COCO mAP: 0.6183403730392456
/home/wxz/Documents/pickle/fastrcnn320/200p/cut2_8281.pickle
34
COCO mAP: 0.4634491801261902
/home/wxz/Documents/pickle/fastrcnn320/200p/cut2_967.pickle
35
COCO mAP: 0.6637970209121704
/home/wxz/Documents/pickle/fastrcnn320/200p/cut2_2623.pickle
36
COCO mAP: 0.37859684228897095
/home/wxz/Documents/pickle/fastrcnn320/200p/cut1_8044.pickle
37
COCO mAP: 0.24827948212623596
/home/wxz/Documents/pickle/fastrcnn320/200p/cut5_3249.pickle
38
COCO mAP: 0.23166875541210175
/home/wxz/Documents/pickle/fastrcnn320/200p/cut5_1281.pickle
39
COCO mAP: 0.2707257568836212
/home/wxz/Documents/pickle/fastrcnn320/200p/cut7_5505.pickle
40
COCO mAP: 0.2533429265022278
/home/wxz/Documents/pickle/fastrcnn320/200p/cut7_8945.pickle
41
COCO mAP: 0.29412582516670227
/home/wxz/Documents/pickle/fastrcnn320/200p/cut4_8806.pickle
42
COCO mAP: 0.4480587840080261
/home/wxz/Documents/pickle/fastrcnn320/200p/cut5_6001.pickle
43
COCO mAP: 0.20476551353931427
/home/wxz/Documents/pickle/fastrcnn320/200p/cut3_513.pickle
44
COCO mAP: 0.29856908321380615
/home/wxz/Documents/pickle/fastrcnn320/200p/cut6_3329.pickle
45
COCO mAP: 0.1724206954240799
/home/wxz/Documents/pickle/fastrcnn320/200p/cut6_4401.pickle
46
COCO mAP: 0.4522174894809723
/home/wxz/Documents/pickle/fastrcnn320/200p/cut1_6156.pickle
47
COCO mAP: 0.32271808385849
/home/wxz/Documents/pickle/fastrcnn320/200p/cut2_5130.pickle
48
COCO mAP: 0.3196418881416321
/home/wxz/Documents/pickle/fastrcnn320/200p/cut7_6165.pickle
49
COCO mAP: 0.4186626374721527
/home/wxz/Documents/pickle/fastrcnn320/200p/cut9_4209.pickle
50
COCO mAP: 0.3822336792945862
/home/wxz/Documents/pickle/fastrcnn320/200p/cut5_1521.pickle
51
COCO mAP: 0.2592863142490387
/home/wxz/Documents/pickle/fastrcnn320/200p/cut9_2225.pickle
52
COCO mAP: 0.3111606240272522
/home/wxz/Documents/pickle/fastrcnn320/200p/cut6_8893.pickle
53
COCO mAP: 0.32482677698135376
/home/wxz/Documents/pickle/fastrcnn320/200p/cut2_5521.pickle
54
COCO mAP: 0.4459547996520996
/home/wxz/Documents/pickle/fastrcnn320/200p/cut4_4241.pickle
55
COCO mAP: 0.37806546688079834
/home/wxz/Documents/pickle/fastrcnn320/200p/cut6_7107.pickle
56
COCO mAP: 0.3818478584289551
/home/wxz/Documents/pickle/fastrcnn320/200p/cut4_3801.pickle
57
COCO mAP: 0.29889535903930664
/home/wxz/Documents/pickle/fastrcnn320/200p/cut8_1253.pickle
58
COCO mAP: 0.3784390687942505
/home/wxz/Documents/pickle/fastrcnn320/200p/cut1_6420.pickle
59
COCO mAP: 0.1943744271993637
/home/wxz/Documents/pickle/fastrcnn320/200p/cut5_7169.pickle
60
COCO mAP: 0.14327189326286316
/home/wxz/Documents/pickle/fastrcnn320/200p/cut6_1601.pickle
61
COCO mAP: 0.3317408561706543
/home/wxz/Documents/pickle/fastrcnn320/200p/cut8_2205.pickle
62
COCO mAP: 0.25154823064804077
/home/wxz/Documents/pickle/fastrcnn320/200p/cut4_1441.pickle
63
COCO mAP: 0.32550865411758423
/home/wxz/Documents/pickle/fastrcnn320/200p/cut6_2753.pickle
64
COCO mAP: 0.5351995229721069
/home/wxz/Documents/pickle/fastrcnn320/200p/cut2_7039.pickle
65
COCO mAP: 0.1684325933456421
/home/wxz/Documents/pickle/fastrcnn320/200p/cut7_1351.pickle
66
COCO mAP: 0.27542644739151
/home/wxz/Documents/pickle/fastrcnn320/200p/cut8_3703.pickle
67
COCO mAP: 0.29371339082717896
/home/wxz/Documents/pickle/fastrcnn320/200p/cut9_5841.pickle
68
COCO mAP: 0.2503923177719116
/home/wxz/Documents/pickle/fastrcnn320/200p/cut9_817.pickle
69
COCO mAP: 0.48990097641944885
/home/wxz/Documents/pickle/fastrcnn320/200p/cut2_1381.pickle
70
COCO mAP: 0.12166794389486313
/home/wxz/Documents/pickle/fastrcnn320/200p/cut6_433.pickle
71
COCO mAP: 0.28466346859931946
/home/wxz/Documents/pickle/fastrcnn320/200p/cut4_7456.pickle
72
COCO mAP: 0.25883278250694275
/home/wxz/Documents/pickle/fastrcnn320/200p/cut2_7913.pickle
73
COCO mAP: 0.4133668839931488
/home/wxz/Documents/pickle/fastrcnn320/200p/cut5_3345.pickle
74
COCO mAP: 0.34833815693855286
/home/wxz/Documents/pickle/fastrcnn320/200p/cut2_1910.pickle
75
COCO mAP: 0.24309177696704865
/home/wxz/Documents/pickle/fastrcnn320/200p/cut1_4227.pickle
76
COCO mAP: 0.2251942902803421
/home/wxz/Documents/pickle/fastrcnn320/200p/cut5_4305.pickle
77
COCO mAP: 0.13071419298648834
/home/wxz/Documents/pickle/fastrcnn320/200p/cut8_5228.pickle
78
COCO mAP: 0.3344775438308716
/home/wxz/Documents/pickle/fastrcnn320/200p/cut3_913.pickle
79
COCO mAP: 0.1312331259250641
/home/wxz/Documents/pickle/fastrcnn320/200p/cut1_5283.pickle
80
COCO mAP: 0.32822534441947937
/home/wxz/Documents/pickle/fastrcnn320/200p/cut4_2501.pickle
81
COCO mAP: 0.24160663783550262
/home/wxz/Documents/pickle/fastrcnn320/200p/cut5_6737.pickle
82
COCO mAP: 0.2599206566810608
/home/wxz/Documents/pickle/fastrcnn320/200p/cut5_753.pickle
83
COCO mAP: 0.17753860354423523
/home/wxz/Documents/pickle/fastrcnn320/200p/cut7_145.pickle
84
COCO mAP: 0.4602336287498474
/home/wxz/Documents/pickle/fastrcnn320/200p/cut6_8677.pickle
85
COCO mAP: 0.23648540675640106
/home/wxz/Documents/pickle/fastrcnn320/200p/cut6_6648.pickle
86
COCO mAP: 0.36843353509902954
/home/wxz/Documents/pickle/fastrcnn320/200p/cut2_1243.pickle
87
COCO mAP: 0.4075142443180084
/home/wxz/Documents/pickle/fastrcnn320/200p/cut4_8428.pickle
88
COCO mAP: 0.30468934774398804
/home/wxz/Documents/pickle/fastrcnn320/200p/cut8_2611.pickle
89
COCO mAP: 0.1905307024717331
/home/wxz/Documents/pickle/fastrcnn320/200p/cut1_7989.pickle
90
COCO mAP: 0.2318621128797531
/home/wxz/Documents/pickle/fastrcnn320/200p/cut8_6600.pickle
91
COCO mAP: 0.35078713297843933
/home/wxz/Documents/pickle/fastrcnn320/200p/cut2_1542.pickle
92
COCO mAP: 0.38346272706985474
/home/wxz/Documents/pickle/fastrcnn320/200p/cut1_8224.pickle
93
COCO mAP: 0.3594337999820709
/home/wxz/Documents/pickle/fastrcnn320/200p/cut2_8419.pickle
94
COCO mAP: 0.5075722932815552
/home/wxz/Documents/pickle/fastrcnn320/200p/cut6_7260.pickle
95
COCO mAP: 0.28792551159858704
/home/wxz/Documents/pickle/fastrcnn320/200p/cut4_4421.pickle
96
COCO mAP: 0.3618832528591156
/home/wxz/Documents/pickle/fastrcnn320/200p/cut1_4843.pickle
97
COCO mAP: 0.29427850246429443
/home/wxz/Documents/pickle/fastrcnn320/200p/cut1_6508.pickle
98
COCO mAP: 0.07688119262456894
/home/wxz/Documents/pickle/fastrcnn320/200p/cut2_2278.pickle
99
COCO mAP: 0.2277713567018509
/home/wxz/Documents/pickle/fastrcnn320/200p/cut6_7005.pickle
100
COCO mAP: 0.30368366837501526
/home/wxz/Documents/pickle/fastrcnn320/200p/cut5_8257.pickle
101
COCO mAP: 0.31607335805892944
/home/wxz/Documents/pickle/fastrcnn320/200p/cut3_1905.pickle
102
COCO mAP: 0.2815815508365631
/home/wxz/Documents/pickle/fastrcnn320/200p/cut5_4113.pickle
103
COCO mAP: 0.4178834855556488
/home/wxz/Documents/pickle/fastrcnn320/200p/cut8_3311.pickle
104
COCO mAP: 0.21221689879894257
/home/wxz/Documents/pickle/fastrcnn320/200p/cut7_4005.pickle
105
COCO mAP: 0.36515170335769653
/home/wxz/Documents/pickle/fastrcnn320/200p/cut5_1905.pickle
106
COCO mAP: 0.4002070426940918
/home/wxz/Documents/pickle/fastrcnn320/200p/cut5_6353.pickle
107
COCO mAP: 0.13148514926433563
/home/wxz/Documents/pickle/fastrcnn320/200p/cut3_8609.pickle
108
COCO mAP: 0.29659032821655273
/home/wxz/Documents/pickle/fastrcnn320/200p/cut6_2289.pickle
109
COCO mAP: 0.3329898715019226
/home/wxz/Documents/pickle/fastrcnn320/200p/cut2_4532.pickle
110
COCO mAP: 0.3951607644557953
/home/wxz/Documents/pickle/fastrcnn320/200p/cut2_3313.pickle
111
COCO mAP: 0.272128164768219
/home/wxz/Documents/pickle/fastrcnn320/200p/cut2_4210.pickle
112
COCO mAP: 0.24434447288513184
/home/wxz/Documents/pickle/fastrcnn320/200p/cut4_981.pickle
113
COCO mAP: 0.39920058846473694
/home/wxz/Documents/pickle/fastrcnn320/200p/cut8_2527.pickle
114
COCO mAP: 0.08810006082057953
/home/wxz/Documents/pickle/fastrcnn320/200p/cut5_1185.pickle
115
COCO mAP: 0.31228774785995483
/home/wxz/Documents/pickle/fastrcnn320/200p/cut8_6432.pickle
116
COCO mAP: 0.4000776410102844
/home/wxz/Documents/pickle/fastrcnn320/200p/cut6_3857.pickle
117
COCO mAP: 0.3020661473274231
/home/wxz/Documents/pickle/fastrcnn320/200p/cut7_8525.pickle
118
COCO mAP: 0.2138998955488205
/home/wxz/Documents/pickle/fastrcnn320/200p/cut6_1073.pickle
119
COCO mAP: 0.41227930784225464
/home/wxz/Documents/pickle/fastrcnn320/200p/cut8_3409.pickle
120
COCO mAP: 0.3575974702835083
/home/wxz/Documents/pickle/fastrcnn320/200p/cut2_714.pickle
121
COCO mAP: 0.44514355063438416
/home/wxz/Documents/pickle/fastrcnn320/200p/cut5_7457.pickle
122
COCO mAP: 0.2695992588996887
/home/wxz/Documents/pickle/fastrcnn320/200p/cut1_3262.pickle
123
COCO mAP: 0.18256719410419464
/home/wxz/Documents/pickle/fastrcnn320/200p/cut4_4301.pickle
124
COCO mAP: 0.38517144322395325
/home/wxz/Documents/pickle/fastrcnn320/200p/cut4_3121.pickle
125
COCO mAP: 0.22559568285942078
/home/wxz/Documents/pickle/fastrcnn320/200p/cut7_3905.pickle
126
COCO mAP: 0.3128037750720978
/home/wxz/Documents/pickle/fastrcnn320/200p/cut6_4513.pickle
127
COCO mAP: 0.29106420278549194
/home/wxz/Documents/pickle/fastrcnn320/200p/cut2_4693.pickle
128
COCO mAP: 0.31767377257347107
/home/wxz/Documents/pickle/fastrcnn320/200p/cut9_3137.pickle
129
COCO mAP: 0.3010200560092926
/home/wxz/Documents/pickle/fastrcnn320/200p/cut4_5201.pickle
130
COCO mAP: 0.15878713130950928
/home/wxz/Documents/pickle/fastrcnn320/200p/cut8_8714.pickle
131
COCO mAP: 0.2817282974720001
/home/wxz/Documents/pickle/fastrcnn320/200p/cut4_5701.pickle
132
COCO mAP: 0.23853769898414612
/home/wxz/Documents/pickle/fastrcnn320/200p/cut6_3521.pickle
133
COCO mAP: 0.44401389360427856
/home/wxz/Documents/pickle/fastrcnn320/200p/cut2_3221.pickle
134
COCO mAP: 0.35029101371765137
/home/wxz/Documents/pickle/fastrcnn320/200p/cut1_604.pickle
135
COCO mAP: 0.3008485734462738
/home/wxz/Documents/pickle/fastrcnn320/200p/cut6_4305.pickle
136
COCO mAP: 0.29541581869125366
/home/wxz/Documents/pickle/fastrcnn320/200p/cut9_4305.pickle
137
COCO mAP: 0.3643801808357239
/home/wxz/Documents/pickle/fastrcnn320/200p/cut3_4545.pickle
138
COCO mAP: 0.2870909571647644
/home/wxz/Documents/pickle/fastrcnn320/200p/cut8_800.pickle
139
COCO mAP: 0.3758991062641144
/home/wxz/Documents/pickle/fastrcnn320/200p/cut5_1809.pickle
140
COCO mAP: 0.28740811347961426
/home/wxz/Documents/pickle/fastrcnn320/200p/cut7_1963.pickle
141
COCO mAP: 0.309234619140625
/home/wxz/Documents/pickle/fastrcnn320/200p/cut7_7345.pickle
142
COCO mAP: 0.37873780727386475
/home/wxz/Documents/pickle/fastrcnn320/200p/cut3_1217.pickle
143
COCO mAP: 0.2418413907289505
/home/wxz/Documents/pickle/fastrcnn320/200p/cut3_6769.pickle
144
COCO mAP: 0.3709487020969391
/home/wxz/Documents/pickle/fastrcnn320/200p/cut1_2110.pickle
145
COCO mAP: 0.1955445557832718
/home/wxz/Documents/pickle/fastrcnn320/200p/cut1_112.pickle
146
COCO mAP: 0.08760607987642288
/home/wxz/Documents/pickle/fastrcnn320/200p/cut2_5337.pickle
147
COCO mAP: 0.26254311203956604
/home/wxz/Documents/pickle/fastrcnn320/200p/cut1_430.pickle
148
COCO mAP: 0.08380480855703354
/home/wxz/Documents/pickle/fastrcnn320/200p/cut2_1496.pickle
149
COCO mAP: 0.2856907248497009
/home/wxz/Documents/pickle/fastrcnn320/200p/cut4_1201.pickle
150
COCO mAP: 0.37039750814437866
/home/wxz/Documents/pickle/fastrcnn320/200p/cut6_4145.pickle
151
COCO mAP: 0.2635659873485565
/home/wxz/Documents/pickle/fastrcnn320/200p/cut2_8005.pickle
152
COCO mAP: 0.4893725514411926
/home/wxz/Documents/pickle/fastrcnn320/200p/cut9_4113.pickle
153
COCO mAP: 0.4957157075405121
/home/wxz/Documents/pickle/fastrcnn320/200p/cut2_3842.pickle
154
COCO mAP: 0.19807203114032745
/home/wxz/Documents/pickle/fastrcnn320/200p/cut8_1000.pickle
155
COCO mAP: 0.3689517676830292
/home/wxz/Documents/pickle/fastrcnn320/200p/cut6_1297.pickle
156
COCO mAP: 0.3612721562385559
/home/wxz/Documents/pickle/fastrcnn320/200p/cut4_6646.pickle
157
COCO mAP: 0.3607933819293976
/home/wxz/Documents/pickle/fastrcnn320/200p/cut7_6825.pickle
158
COCO mAP: 0.31000441312789917
/home/wxz/Documents/pickle/fastrcnn320/200p/cut5_7873.pickle
159
COCO mAP: 0.3164210319519043
/home/wxz/Documents/pickle/fastrcnn320/200p/cut6_7309.pickle
160
COCO mAP: 0.3128693699836731
/home/wxz/Documents/pickle/fastrcnn320/200p/cut3_3953.pickle
161
COCO mAP: 0.33237165212631226
/home/wxz/Documents/pickle/fastrcnn320/200p/cut7_5745.pickle
162
COCO mAP: 0.24120788276195526
/home/wxz/Documents/pickle/fastrcnn320/200p/cut7_2705.pickle
163
COCO mAP: 0.3987061381340027
/home/wxz/Documents/pickle/fastrcnn320/200p/cut2_5245.pickle
164
COCO mAP: 0.37661412358283997
/home/wxz/Documents/pickle/fastrcnn320/200p/cut9_4401.pickle
165
COCO mAP: 0.23921915888786316
/home/wxz/Documents/pickle/fastrcnn320/200p/cut6_4049.pickle
166
COCO mAP: 0.49050426483154297
/home/wxz/Documents/pickle/fastrcnn320/200p/cut3_2113.pickle
167
COCO mAP: 0.582490861415863
/home/wxz/Documents/pickle/fastrcnn320/200p/cut5_3009.pickle
168
COCO mAP: 0.256313294172287
/home/wxz/Documents/pickle/fastrcnn320/200p/cut1_517.pickle
169
COCO mAP: 0.3986753821372986
/home/wxz/Documents/pickle/fastrcnn320/200p/cut5_6449.pickle
170
COCO mAP: 0.16454282402992249
/home/wxz/Documents/pickle/fastrcnn320/200p/cut3_1521.pickle
171
COCO mAP: 0.27678388357162476
/home/wxz/Documents/pickle/fastrcnn320/200p/cut5_2001.pickle
172
COCO mAP: 0.2593551278114319
/home/wxz/Documents/pickle/fastrcnn320/200p/cut4_641.pickle
173
COCO mAP: 0.3987332582473755
/home/wxz/Documents/pickle/fastrcnn320/200p/cut2_5475.pickle
174
COCO mAP: 0.47204717993736267
/home/wxz/Documents/pickle/fastrcnn320/200p/cut7_241.pickle
175
COCO mAP: 0.2733534574508667
/home/wxz/Documents/pickle/fastrcnn320/200p/cut3_6385.pickle
176
COCO mAP: 0.29968592524528503
/home/wxz/Documents/pickle/fastrcnn320/200p/cut1_5019.pickle
177
COCO mAP: 0.27341529726982117
/home/wxz/Documents/pickle/fastrcnn320/200p/cut1_1934.pickle
178
COCO mAP: 0.24757735431194305
/home/wxz/Documents/pickle/fastrcnn320/200p/cut6_2513.pickle
179
COCO mAP: 0.30762431025505066
/home/wxz/Documents/pickle/fastrcnn320/200p/cut7_5105.pickle
180
COCO mAP: 0.2812555134296417
/home/wxz/Documents/pickle/fastrcnn320/200p/cut7_8005.pickle
181
COCO mAP: 0.43379467725753784
/home/wxz/Documents/pickle/fastrcnn320/200p/cut8_6236.pickle
182
COCO mAP: 0.3719915449619293
/home/wxz/Documents/pickle/fastrcnn320/200p/cut8_113.pickle
183
COCO mAP: 0.35420578718185425
/home/wxz/Documents/pickle/fastrcnn320/200p/cut9_5953.pickle
184
COCO mAP: 0.3878183960914612
/home/wxz/Documents/pickle/fastrcnn320/200p/cut9_2705.pickle
185
COCO mAP: 0.3157694339752197
/home/wxz/Documents/pickle/fastrcnn320/200p/cut9_3521.pickle
186
COCO mAP: 0.2126322239637375
/home/wxz/Documents/pickle/fastrcnn320/200p/cut7_5345.pickle
187
COCO mAP: 0.2554970681667328
/home/wxz/Documents/pickle/fastrcnn320/200p/cut8_4207.pickle
188
COCO mAP: 0.2736894488334656
/home/wxz/Documents/pickle/fastrcnn320/200p/cut7_5865.pickle
189
COCO mAP: 0.1311606913805008
/home/wxz/Documents/pickle/fastrcnn320/200p/cut2_4003.pickle
190
COCO mAP: 0.3380019962787628
/home/wxz/Documents/pickle/fastrcnn320/200p/cut1_1758.pickle
191
COCO mAP: 0.15628685057163239
/home/wxz/Documents/pickle/fastrcnn320/200p/cut7_561.pickle
192
COCO mAP: 0.2520182728767395
/home/wxz/Documents/pickle/fastrcnn320/200p/cut3_1121.pickle
193
COCO mAP: 0.2706243097782135
/home/wxz/Documents/pickle/fastrcnn320/200p/cut8_6838.pickle
194
COCO mAP: 0.29865095019340515
/home/wxz/Documents/pickle/fastrcnn320/200p/cut3_8321.pickle
195
COCO mAP: 0.41527968645095825
/home/wxz/Documents/pickle/fastrcnn320/200p/cut7_3125.pickle
196
COCO mAP: 0.21107764542102814
/home/wxz/Documents/pickle/fastrcnn320/200p/cut3_4641.pickle
197
COCO mAP: 0.321529358625412
/home/wxz/Documents/pickle/fastrcnn320/200p/cut8_1435.pickle
198
COCO mAP: 0.4914230406284332
/home/wxz/Documents/pickle/fastrcnn320/200p/cut1_1671.pickle
199
COCO mAP: 0.10792078822851181
/home/wxz/Documents/pickle/fastrcnn320/200p/cut6_5713.pickle
200
COCO mAP: 0.3655761480331421
/home/wxz/Documents/pickle/fastrcnn320/200p/cut4_4041.pickle
201
COCO mAP: 0.2993936538696289
/home/wxz/Documents/pickle/fastrcnn320/200p/cut4_5801.pickle
202
COCO mAP: 0.17764027416706085
/home/wxz/Documents/pickle/fastrcnn320/200p/cut3_6289.pickle
203
COCO mAP: 0.422457754611969
/home/wxz/Documents/pickle/fastrcnn320/200p/cut9_1.pickle
204
COCO mAP: 0.27564507722854614
/home/wxz/Documents/pickle/fastrcnn320/200p/cut3_2833.pickle
205
COCO mAP: 0.35056060552597046
/home/wxz/Documents/pickle/fastrcnn320/200p/cut5_2305.pickle
206
COCO mAP: 0.25550559163093567
/home/wxz/Documents/pickle/fastrcnn320/200p/cut9_2417.pickle
207
COCO mAP: 0.47708648443222046
/home/wxz/Documents/pickle/fastrcnn320/200p/cut2_4463.pickle
208
COCO mAP: 0.2610465884208679
/home/wxz/Documents/pickle/fastrcnn320/200p/cut5_8161.pickle
209
COCO mAP: 0.3597830533981323
/home/wxz/Documents/pickle/fastrcnn320/200p/cut1_3611.pickle
210
COCO mAP: 0.407054603099823
/home/wxz/Documents/pickle/fastrcnn320/200p/cut4_4601.pickle
211
COCO mAP: 0.24530091881752014
/home/wxz/Documents/pickle/fastrcnn320/200p/cut4_8536.pickle
212
COCO mAP: 0.31045207381248474
/home/wxz/Documents/pickle/fastrcnn320/200p/cut6_337.pickle
213
COCO mAP: 0.2505711317062378
/home/wxz/Documents/pickle/fastrcnn320/200p/cut6_7543.pickle
214
COCO mAP: 0.1930333971977234
/home/wxz/Documents/pickle/fastrcnn320/200p/cut2_1818.pickle
215
COCO mAP: 0.2885814309120178
/home/wxz/Documents/pickle/fastrcnn320/200p/cut4_5021.pickle
216
COCO mAP: 0.20333035290241241
/home/wxz/Documents/pickle/fastrcnn320/200p/cut4_7564.pickle
217
COCO mAP: 0.2928902208805084
/home/wxz/Documents/pickle/fastrcnn320/200p/cut4_5461.pickle
218
COCO mAP: 0.2655825614929199
/home/wxz/Documents/pickle/fastrcnn320/200p/cut8_7930.pickle
219
COCO mAP: 0.34439772367477417
/home/wxz/Documents/pickle/fastrcnn320/200p/cut5_7361.pickle
220
COCO mAP: 0.3463110029697418
/home/wxz/Documents/pickle/fastrcnn320/200p/cut6_1809.pickle
221
COCO mAP: 0.3579798638820648
/home/wxz/Documents/pickle/fastrcnn320/200p/cut5_337.pickle
222
COCO mAP: 0.16432499885559082
/home/wxz/Documents/pickle/fastrcnn320/200p/cut7_3785.pickle
223
COCO mAP: 0.3053807020187378
/home/wxz/Documents/pickle/fastrcnn320/200p/cut2_231.pickle
224
COCO mAP: 0.3676478862762451
/home/wxz/Documents/pickle/fastrcnn320/200p/cut9_5265.pickle
225
COCO mAP: 0.3561646342277527
/home/wxz/Documents/pickle/fastrcnn320/200p/cut7_6065.pickle
226
COCO mAP: 0.31667640805244446
/home/wxz/Documents/pickle/fastrcnn320/200p/cut3_6673.pickle
227
COCO mAP: 0.43988436460494995
/home/wxz/Documents/pickle/fastrcnn320/200p/cut7_1585.pickle
228
COCO mAP: 0.35242554545402527
/home/wxz/Documents/pickle/fastrcnn320/200p/cut1_4051.pickle
229
COCO mAP: 0.2503581643104553
/home/wxz/Documents/pickle/fastrcnn320/200p/cut4_1081.pickle
230
COCO mAP: 0.13369014859199524
/home/wxz/Documents/pickle/fastrcnn320/200p/cut2_5682.pickle
231
COCO mAP: 0.3382371962070465
/home/wxz/Documents/pickle/fastrcnn320/200p/cut7_5225.pickle
232
COCO mAP: 0.24804024398326874
/home/wxz/Documents/pickle/fastrcnn320/200p/cut7_6405.pickle
233
COCO mAP: 0.36666351556777954
/home/wxz/Documents/pickle/fastrcnn320/200p/cut8_7230.pickle
234
COCO mAP: 0.2197255790233612
/home/wxz/Documents/pickle/fastrcnn320/200p/cut6_3953.pickle
235
COCO mAP: 0.41780081391334534
/home/wxz/Documents/pickle/fastrcnn320/200p/cut6_1393.pickle
236
COCO mAP: 0.3105393052101135
/home/wxz/Documents/pickle/fastrcnn320/200p/cut1_1053.pickle
237
COCO mAP: 0.29110515117645264
/home/wxz/Documents/pickle/fastrcnn320/200p/cut1_1228.pickle
238
COCO mAP: 0.291756808757782
/home/wxz/Documents/pickle/fastrcnn320/200p/cut4_8644.pickle
239
COCO mAP: 0.39898404479026794
/home/wxz/Documents/pickle/fastrcnn320/200p/cut6_3713.pickle
240
COCO mAP: 0.26475828886032104
/home/wxz/Documents/pickle/fastrcnn320/200p/cut1_4315.pickle
241
COCO mAP: 0.35932233929634094
/home/wxz/Documents/pickle/fastrcnn320/200p/cut2_7177.pickle
242
COCO mAP: 0.21800942718982697
/home/wxz/Documents/pickle/fastrcnn320/200p/cut6_2849.pickle
243
COCO mAP: 0.3182660937309265
/home/wxz/Documents/pickle/fastrcnn320/200p/cut6_6036.pickle
244
COCO mAP: 0.3627718389034271
/home/wxz/Documents/pickle/fastrcnn320/200p/cut7_385.pickle
245
COCO mAP: 0.361500084400177
/home/wxz/Documents/pickle/fastrcnn320/200p/cut1_4501.pickle
246
COCO mAP: 0.32255539298057556
/home/wxz/Documents/pickle/fastrcnn320/200p/cut3_5505.pickle
247
COCO mAP: 0.42523694038391113
/home/wxz/Documents/pickle/fastrcnn320/200p/cut3_8993.pickle
248
COCO mAP: 0.30433398485183716
/home/wxz/Documents/pickle/fastrcnn320/200p/cut3_8225.pickle
249
COCO mAP: 0.38524794578552246
/home/wxz/Documents/pickle/fastrcnn320/200p/cut1_7754.pickle
250
COCO mAP: 0.04554455354809761
/home/wxz/Documents/pickle/fastrcnn320/200p/cut3_3073.pickle
251
COCO mAP: 0.47379741072654724
/home/wxz/Documents/pickle/fastrcnn320/200p/cut1_1404.pickle
252
COCO mAP: 0.044554453343153
/home/wxz/Documents/pickle/fastrcnn320/200p/cut7_6505.pickle
253
COCO mAP: 0.18616683781147003
/home/wxz/Documents/pickle/fastrcnn320/200p/cut4_6021.pickle
254
COCO mAP: 0.23459944128990173
/home/wxz/Documents/pickle/fastrcnn320/200p/cut4_821.pickle
255
COCO mAP: 0.20101261138916016
/home/wxz/Documents/pickle/fastrcnn320/200p/cut9_5361.pickle
256
COCO mAP: 0.27222833037376404
/home/wxz/Documents/pickle/fastrcnn320/200p/cut1_7139.pickle
257
COCO mAP: 0.06495440006256104
/home/wxz/Documents/pickle/fastrcnn320/200p/cut8_3829.pickle
258
COCO mAP: 0.1400623768568039
/home/wxz/Documents/pickle/fastrcnn320/200p/cut1_8114.pickle
259
COCO mAP: 0.27539151906967163
/home/wxz/Documents/pickle/fastrcnn320/200p/cut3_6961.pickle
260
COCO mAP: 0.3532772660255432
/home/wxz/Documents/pickle/fastrcnn320/200p/cut5_4209.pickle
261
COCO mAP: 0.3408412039279938
/home/wxz/Documents/pickle/fastrcnn320/200p/cut1_7004.pickle
262
COCO mAP: 0.13960397243499756
/home/wxz/Documents/pickle/fastrcnn320/200p/cut5_5809.pickle
263
COCO mAP: 0.47934141755104065
/home/wxz/Documents/pickle/fastrcnn320/200p/cut1_7524.pickle
264
COCO mAP: 0.2009468525648117
/home/wxz/Documents/pickle/fastrcnn320/200p/cut8_3507.pickle
265
COCO mAP: 0.25851812958717346
/home/wxz/Documents/pickle/fastrcnn320/200p/cut8_6922.pickle
266
COCO mAP: 0.16544204950332642
/home/wxz/Documents/pickle/fastrcnn320/200p/cut1_4758.pickle
267
COCO mAP: 0.26347535848617554
/home/wxz/Documents/pickle/fastrcnn320/200p/cut7_2965.pickle
268
COCO mAP: 0.22306855022907257
/home/wxz/Documents/pickle/fastrcnn320/200p/cut1_6332.pickle
269
COCO mAP: 0.36492449045181274
/home/wxz/Documents/pickle/fastrcnn320/200p/cut3_337.pickle
270
COCO mAP: 0.4149673581123352
/home/wxz/Documents/pickle/fastrcnn320/200p/cut8_4123.pickle
271
COCO mAP: 0.23994144797325134
/home/wxz/Documents/pickle/fastrcnn320/200p/cut7_3845.pickle
272
COCO mAP: 0.2414427250623703
/home/wxz/Documents/pickle/fastrcnn320/200p/cut3_7201.pickle
273
COCO mAP: 0.12290363013744354
/home/wxz/Documents/pickle/fastrcnn320/200p/cut9_3425.pickle
274
COCO mAP: 0.047029703855514526
/home/wxz/Documents/pickle/fastrcnn320/200p/cut5_8449.pickle
275
COCO mAP: 0.35933730006217957
/home/wxz/Documents/pickle/fastrcnn320/200p/cut2_2094.pickle
276
COCO mAP: 0.3735259175300598
/home/wxz/Documents/pickle/fastrcnn320/200p/cut4_1321.pickle
277
COCO mAP: 0.26136237382888794
/home/wxz/Documents/pickle/fastrcnn320/200p/cut8_5704.pickle
278
COCO mAP: 0.12517434358596802
/home/wxz/Documents/pickle/fastrcnn320/200p/cut9_2609.pickle
279
COCO mAP: 0.7030497193336487
/home/wxz/Documents/pickle/fastrcnn320/200p/cut4_6754.pickle
280
COCO mAP: 0.33374813199043274
/home/wxz/Documents/pickle/fastrcnn320/200p/cut3_2929.pickle
281
COCO mAP: 0.3726169466972351
/home/wxz/Documents/pickle/fastrcnn320/200p/cut2_4141.pickle
282
COCO mAP: 0.38202518224716187
/home/wxz/Documents/pickle/fastrcnn320/200p/cut6_3233.pickle
283
COCO mAP: 0.2686542570590973
/home/wxz/Documents/pickle/fastrcnn320/200p/cut3_6481.pickle
284
COCO mAP: 0.2619827389717102
/home/wxz/Documents/pickle/fastrcnn320/200p/cut7_2525.pickle
285
COCO mAP: 0.26230666041374207
/home/wxz/Documents/pickle/fastrcnn320/200p/cut8_1337.pickle
286
COCO mAP: 0.32327648997306824
/home/wxz/Documents/pickle/fastrcnn320/200p/cut7_1693.pickle
287
COCO mAP: 0.32271772623062134
/home/wxz/Documents/pickle/fastrcnn320/200p/cut5_561.pickle
288
COCO mAP: 0.1407741755247116
/home/wxz/Documents/pickle/fastrcnn320/200p/cut1_7314.pickle
289
COCO mAP: 0.046039603650569916
/home/wxz/Documents/pickle/fastrcnn320/200p/cut4_6916.pickle
290
COCO mAP: 0.28408175706863403
/home/wxz/Documents/pickle/fastrcnn320/200p/cut6_2145.pickle
291
COCO mAP: 0.3746720254421234
/home/wxz/Documents/pickle/fastrcnn320/200p/cut5_193.pickle
292
COCO mAP: 0.17739275097846985
/home/wxz/Documents/pickle/fastrcnn320/200p/cut6_8569.pickle
293
COCO mAP: 0.3545058071613312
/home/wxz/Documents/pickle/fastrcnn320/200p/cut5_5505.pickle
294
COCO mAP: 0.44863104820251465
/home/wxz/Documents/pickle/fastrcnn320/200p/cut1_7254.pickle
295
COCO mAP: 0.13828381896018982
/home/wxz/Documents/pickle/fastrcnn320/200p/cut2_2554.pickle
296
COCO mAP: 0.24383644759655
/home/wxz/Documents/pickle/fastrcnn320/200p/cut8_4039.pickle
297
COCO mAP: 0.19105397164821625
/home/wxz/Documents/pickle/fastrcnn320/200p/cut9_3921.pickle
298
COCO mAP: 0.5676342248916626
/home/wxz/Documents/pickle/fastrcnn320/200p/cut7_4505.pickle
299
COCO mAP: 0.3452821373939514
/home/wxz/Documents/pickle/fastrcnn320/200p/cut4_8992.pickle
300
COCO mAP: 0.31831684708595276
/home/wxz/Documents/pickle/fastrcnn320/200p/cut6_4721.pickle
301
COCO mAP: 0.5623050332069397
/home/wxz/Documents/pickle/fastrcnn320/200p/cut7_6945.pickle
302
COCO mAP: 0.5284290313720703
/home/wxz/Documents/pickle/fastrcnn320/200p/cut2_3405.pickle
303
COCO mAP: 0.3103068768978119
/home/wxz/Documents/pickle/fastrcnn320/200p/cut2_8672.pickle
304
COCO mAP: 0.3411989212036133
/home/wxz/Documents/pickle/fastrcnn320/200p/cut1_3876.pickle
305
COCO mAP: 0.3164325952529907
/home/wxz/Documents/pickle/fastrcnn320/200p/cut9_529.pickle
306
COCO mAP: 0.5662330985069275
/home/wxz/Documents/pickle/fastrcnn320/200p/cut9_2945.pickle
307
COCO mAP: 0.42442864179611206
/home/wxz/Documents/pickle/fastrcnn320/200p/cut4_3561.pickle
308
COCO mAP: 0.4191282391548157
/home/wxz/Documents/pickle/fastrcnn320/200p/cut4_6574.pickle
309
COCO mAP: 0.19581617414951324
/home/wxz/Documents/pickle/fastrcnn320/200p/cut9_2129.pickle
310
COCO mAP: 0.5429503321647644
/home/wxz/Documents/pickle/fastrcnn320/200p/cut9_2513.pickle
311
COCO mAP: 0.13801495730876923
/home/wxz/Documents/pickle/fastrcnn320/200p/cut3_3441.pickle
312
COCO mAP: 0.3367542326450348
/home/wxz/Documents/pickle/fastrcnn320/200p/cut3_7409.pickle
313
COCO mAP: 0.3241642415523529
/home/wxz/Documents/pickle/fastrcnn320/200p/cut7_1201.pickle
314
COCO mAP: 0.2889019846916199
/home/wxz/Documents/pickle/fastrcnn320/200p/cut2_1772.pickle
315
COCO mAP: 0.408174991607666
/home/wxz/Documents/pickle/fastrcnn320/200p/cut1_966.pickle
316
COCO mAP: 0.26474541425704956
/home/wxz/Documents/pickle/fastrcnn320/200p/cut1_2732.pickle
317
COCO mAP: 0.11122111976146698
/home/wxz/Documents/pickle/fastrcnn320/200p/cut7_8405.pickle
318
COCO mAP: 0.6495926380157471
/home/wxz/Documents/pickle/fastrcnn320/200p/cut3_257.pickle
319
COCO mAP: 0.3890291750431061
/home/wxz/Documents/pickle/fastrcnn320/200p/cut9_6241.pickle
320
COCO mAP: 0.1814747154712677
/home/wxz/Documents/pickle/fastrcnn320/200p/cut1_3964.pickle
321
COCO mAP: 0.25714433193206787
/home/wxz/Documents/pickle/fastrcnn320/200p/cut7_7885.pickle
322
COCO mAP: 0.38227784633636475
/home/wxz/Documents/pickle/fastrcnn320/200p/cut5_4785.pickle
323
COCO mAP: 0.1717211753129959
/home/wxz/Documents/pickle/fastrcnn320/200p/cut4_1141.pickle
324
COCO mAP: 0.50724858045578
/home/wxz/Documents/pickle/fastrcnn320/200p/cut6_4913.pickle
325
COCO mAP: 0.4904102385044098
/home/wxz/Documents/pickle/fastrcnn320/200p/cut4_2441.pickle
326
COCO mAP: 0.2531794607639313
/home/wxz/Documents/pickle/fastrcnn320/200p/cut1_2645.pickle
327
COCO mAP: 0.062004946172237396
/home/wxz/Documents/pickle/fastrcnn320/200p/cut9_5025.pickle
328
COCO mAP: 0.23752443492412567
/home/wxz/Documents/pickle/fastrcnn320/200p/cut7_7605.pickle
329
COCO mAP: 0.407906711101532
/home/wxz/Documents/pickle/fastrcnn320/200p/cut3_1329.pickle
330
COCO mAP: 0.23367159068584442
/home/wxz/Documents/pickle/fastrcnn320/200p/cut3_1025.pickle
331
COCO mAP: 0.20458444952964783
/home/wxz/Documents/pickle/fastrcnn320/200p/cut7_8325.pickle
332
COCO mAP: 0.34770864248275757
/home/wxz/Documents/pickle/fastrcnn320/200p/cut5_8065.pickle
333
COCO mAP: 0.2697536051273346
/home/wxz/Documents/pickle/fastrcnn320/200p/cut1_3002.pickle
334
COCO mAP: 0.12920792400836945
/home/wxz/Documents/pickle/fastrcnn320/200p/cut7_2645.pickle
335
COCO mAP: 0.1587074100971222
/home/wxz/Documents/pickle/fastrcnn320/200p/cut7_1265.pickle
336
COCO mAP: 0.29264599084854126
/home/wxz/Documents/pickle/fastrcnn320/200p/cut8_702.pickle
337
COCO mAP: 0.4463904798030853
/home/wxz/Documents/pickle/fastrcnn320/200p/cut8_7006.pickle
338
COCO mAP: 0.2699599862098694
/home/wxz/Documents/pickle/fastrcnn320/200p/cut5_7633.pickle
339
COCO mAP: 0.2879267632961273
/home/wxz/Documents/pickle/fastrcnn320/200p/cut4_8104.pickle
340
COCO mAP: 0.29898738861083984
/home/wxz/Documents/pickle/fastrcnn320/200p/cut5_8737.pickle
341
COCO mAP: 0.4004043936729431
/home/wxz/Documents/pickle/fastrcnn320/200p/cut3_1713.pickle
342
COCO mAP: 0.20246736705303192
/home/wxz/Documents/pickle/fastrcnn320/200p/cut3_5713.pickle
343
COCO mAP: 0.29688915610313416
/home/wxz/Documents/pickle/fastrcnn320/200p/cut4_5601.pickle
344
COCO mAP: 0.3458474576473236
/home/wxz/Documents/pickle/fastrcnn320/200p/cut1_5889.pickle
345
COCO mAP: 0.3104647994041443
/home/wxz/Documents/pickle/fastrcnn320/200p/cut9_913.pickle
346
COCO mAP: 0.45440754294395447
/home/wxz/Documents/pickle/fastrcnn320/200p/cut5_6833.pickle
347
COCO mAP: 0.2682637572288513
/home/wxz/Documents/pickle/fastrcnn320/200p/cut6_721.pickle
348
COCO mAP: 0.44755011796951294
/home/wxz/Documents/pickle/fastrcnn320/200p/cut3_7841.pickle
349
COCO mAP: 0.2834398150444031
/home/wxz/Documents/pickle/fastrcnn320/200p/cut7_7065.pickle
350
COCO mAP: 0.19273802638053894
/home/wxz/Documents/pickle/fastrcnn320/200p/cut3_7057.pickle
351
COCO mAP: 0.24488285183906555
/home/wxz/Documents/pickle/fastrcnn320/200p/cut4_7780.pickle
352
COCO mAP: 0.2825070023536682
/home/wxz/Documents/pickle/fastrcnn320/200p/cut4_2621.pickle
353
COCO mAP: 0.4432949125766754
/home/wxz/Documents/pickle/fastrcnn320/200p/cut5_7537.pickle
354
COCO mAP: 0.48575639724731445
/home/wxz/Documents/pickle/fastrcnn320/200p/cut5_8641.pickle
355
COCO mAP: 0.4883298873901367
/home/wxz/Documents/pickle/fastrcnn320/200p/cut8_3955.pickle
356
COCO mAP: 0.3535712659358978
/home/wxz/Documents/pickle/fastrcnn320/200p/cut2_1634.pickle
357
COCO mAP: 0.22458145022392273
/home/wxz/Documents/pickle/fastrcnn320/200p/cut5_1425.pickle
358
COCO mAP: 0.3737921416759491
/home/wxz/Documents/pickle/fastrcnn320/200p/cut1_8939.pickle
359
COCO mAP: 0.3525063395500183
/home/wxz/Documents/pickle/fastrcnn320/200p/cut2_2922.pickle
360
COCO mAP: 0.37274879217147827
/home/wxz/Documents/pickle/fastrcnn320/200p/cut8_7328.pickle
361
COCO mAP: 0.1280149221420288
/home/wxz/Documents/pickle/fastrcnn320/200p/cut8_2821.pickle
362
COCO mAP: 0.2152465283870697
/home/wxz/Documents/pickle/fastrcnn320/200p/cut8_5312.pickle
363
COCO mAP: 0.38430601358413696
/home/wxz/Documents/pickle/fastrcnn320/200p/cut1_1140.pickle
364
COCO mAP: 0.4488711357116699
/home/wxz/Documents/pickle/fastrcnn320/200p/cut4_2721.pickle
365
COCO mAP: 0.36914193630218506
/home/wxz/Documents/pickle/fastrcnn320/200p/cut7_481.pickle
366
COCO mAP: 0.19497926533222198
/home/wxz/Documents/pickle/fastrcnn320/200p/cut7_8105.pickle
367
COCO mAP: 0.4065372347831726
/home/wxz/Documents/pickle/fastrcnn320/200p/cut8_6726.pickle
368
COCO mAP: 0.2514197528362274
/home/wxz/Documents/pickle/fastrcnn320/200p/cut5_289.pickle
369
COCO mAP: 0.22968928515911102
/home/wxz/Documents/pickle/fastrcnn320/200p/cut9_1601.pickle
370
COCO mAP: 0.32074040174484253
/home/wxz/Documents/pickle/fastrcnn320/200p/cut9_1409.pickle
371
COCO mAP: 0.5487439632415771
/home/wxz/Documents/pickle/fastrcnn320/200p/cut9_1201.pickle
372
COCO mAP: 0.3631829023361206
/home/wxz/Documents/pickle/fastrcnn320/200p/cut5_6257.pickle
373
COCO mAP: 0.3204921782016754
/home/wxz/Documents/pickle/fastrcnn320/200p/cut9_625.pickle
374
COCO mAP: 0.49791303277015686
/home/wxz/Documents/pickle/fastrcnn320/200p/cut8_8462.pickle
375
COCO mAP: 0.19223488867282867
/home/wxz/Documents/pickle/fastrcnn320/200p/cut8_8014.pickle
376
COCO mAP: 0.3060121536254883
/home/wxz/Documents/pickle/fastrcnn320/200p/cut3_5409.pickle
377
COCO mAP: 0.3520203232765198
/home/wxz/Documents/pickle/fastrcnn320/200p/cut2_507.pickle
378
COCO mAP: 0.5924402475357056
/home/wxz/Documents/pickle/fastrcnn320/200p/cut2_2485.pickle
379
COCO mAP: 0.37715792655944824
/home/wxz/Documents/pickle/fastrcnn320/200p/cut6_5313.pickle
380
COCO mAP: 0.3265415132045746
/home/wxz/Documents/pickle/fastrcnn320/200p/cut3_3313.pickle
381
COCO mAP: 0.4611448347568512
/home/wxz/Documents/pickle/fastrcnn320/200p/cut5_6545.pickle
382
COCO mAP: 0.3926659822463989
/home/wxz/Documents/pickle/fastrcnn320/200p/cut3_5025.pickle
383
COCO mAP: 0.3844169080257416
/home/wxz/Documents/pickle/fastrcnn320/200p/cut8_1113.pickle
384
COCO mAP: 0.2571677267551422
/home/wxz/Documents/pickle/fastrcnn320/200p/cut3_8033.pickle
385
COCO mAP: 0.4404612183570862
/home/wxz/Documents/pickle/fastrcnn320/200p/cut4_2841.pickle
386
COCO mAP: 0.21411915123462677
/home/wxz/Documents/pickle/fastrcnn320/200p/cut3_5217.pickle
387
COCO mAP: 0.16083332896232605
/home/wxz/Documents/pickle/fastrcnn320/200p/cut2_2715.pickle
388
COCO mAP: 0.48969680070877075
/home/wxz/Documents/pickle/fastrcnn320/200p/cut6_7453.pickle
389
COCO mAP: 0.22268183529376984
/home/wxz/Documents/pickle/fastrcnn320/200p/cut6_817.pickle
390
COCO mAP: 0.3296371102333069
/home/wxz/Documents/pickle/fastrcnn320/200p/cut3_2737.pickle
391
COCO mAP: 0.19810357689857483
/home/wxz/Documents/pickle/fastrcnn320/200p/cut7_2885.pickle
392
COCO mAP: 0.24361415207386017
/home/wxz/Documents/pickle/fastrcnn320/200p/cut5_3441.pickle
393
COCO mAP: 0.26249566674232483
/home/wxz/Documents/pickle/fastrcnn320/200p/cut1_7644.pickle
394
COCO mAP: 0.16587693989276886
/home/wxz/Documents/pickle/fastrcnn320/200p/cut3_5809.pickle
395
COCO mAP: 0.1912296861410141
/home/wxz/Documents/pickle/fastrcnn320/200p/cut8_7804.pickle
396
COCO mAP: 0.33674687147140503
/home/wxz/Documents/pickle/fastrcnn320/200p/cut3_5601.pickle
397
COCO mAP: 0.4070660173892975
/home/wxz/Documents/pickle/fastrcnn320/200p/cut5_7073.pickle
398
COCO mAP: 0.11067201942205429
/home/wxz/Documents/pickle/fastrcnn320/200p/cut9_6305.pickle
399
COCO mAP: 0.25185269117355347
/home/wxz/Documents/pickle/fastrcnn320/200p/cut3_8129.pickle
400
COCO mAP: 0.2567776143550873
/home/wxz/Documents/pickle/fastrcnn320/200p/cut5_4545.pickle
401
COCO mAP: 0.2922746539115906
/home/wxz/Documents/pickle/fastrcnn320/200p/cut7_3425.pickle
402
COCO mAP: 0.22207197546958923
/home/wxz/Documents/pickle/fastrcnn320/200p/cut3_8513.pickle
403
COCO mAP: 0.2034570872783661
/home/wxz/Documents/pickle/fastrcnn320/200p/cut8_506.pickle
404
COCO mAP: 0.3099038004875183
/home/wxz/Documents/pickle/fastrcnn320/200p/cut2_5912.pickle
405
COCO mAP: 0.3960309624671936
/home/wxz/Documents/pickle/fastrcnn320/200p/cut5_2545.pickle
406
COCO mAP: 0.09933775663375854
/home/wxz/Documents/pickle/fastrcnn320/200p/cut3_4209.pickle
407
COCO mAP: 0.19017690420150757
/home/wxz/Documents/pickle/fastrcnn320/200p/cut6_8029.pickle
408
COCO mAP: 0.30919092893600464
/home/wxz/Documents/pickle/fastrcnn320/200p/cut8_7510.pickle
409
COCO mAP: 0.26468905806541443
/home/wxz/Documents/pickle/fastrcnn320/200p/cut3_2001.pickle
410
COCO mAP: 0.15565647184848785
/home/wxz/Documents/pickle/fastrcnn320/200p/cut3_7937.pickle
411
COCO mAP: 0.4470705986022949
/home/wxz/Documents/pickle/fastrcnn320/200p/cut3_705.pickle
412
COCO mAP: 0.2457631528377533
/home/wxz/Documents/pickle/fastrcnn320/200p/cut4_2241.pickle
413
COCO mAP: 0.3484678864479065
/home/wxz/Documents/pickle/fastrcnn320/200p/cut2_7522.pickle
414
COCO mAP: 0.3941428065299988
/home/wxz/Documents/pickle/fastrcnn320/200p/cut2_8879.pickle
415
COCO mAP: 0.614396333694458
/home/wxz/Documents/pickle/fastrcnn320/200p/cut9_4017.pickle
416
COCO mAP: 0.6190342307090759
/home/wxz/Documents/pickle/fastrcnn320/200p/cut3_3857.pickle
417
COCO mAP: 0.41070985794067383
/home/wxz/Documents/pickle/fastrcnn320/200p/cut5_4641.pickle
418
COCO mAP: 0.30855196714401245
/home/wxz/Documents/pickle/fastrcnn320/200p/cut4_7024.pickle
419
COCO mAP: 0.15357793867588043
/home/wxz/Documents/pickle/fastrcnn320/200p/cut5_5713.pickle
420
COCO mAP: 0.2676721215248108
/home/wxz/Documents/pickle/fastrcnn320/200p/cut5_1377.pickle
421
COCO mAP: 0.3441060483455658
/home/wxz/Documents/pickle/fastrcnn320/200p/cut7_3545.pickle
422
COCO mAP: 0.28497663140296936
/home/wxz/Documents/pickle/fastrcnn320/200p/cut5_3105.pickle
423
COCO mAP: 0.5065560340881348
/home/wxz/Documents/pickle/fastrcnn320/200p/cut1_4671.pickle
424
COCO mAP: 0.298551082611084
/home/wxz/Documents/pickle/fastrcnn320/200p/cut4_6293.pickle
425
COCO mAP: 0.2655351758003235
/home/wxz/Documents/pickle/fastrcnn320/200p/cut9_2033.pickle
426
COCO mAP: 0.46361294388771057
/home/wxz/Documents/pickle/fastrcnn320/200p/cut9_4913.pickle
427
COCO mAP: 0.5110049247741699
/home/wxz/Documents/pickle/fastrcnn320/200p/cut5_1713.pickle
428
COCO mAP: 0.2886562943458557
/home/wxz/Documents/pickle/fastrcnn320/200p/cut8_8602.pickle
429
COCO mAP: 0.2755007743835449
/home/wxz/Documents/pickle/fastrcnn320/200p/cut1_2908.pickle
430
COCO mAP: 0.0
/home/wxz/Documents/pickle/fastrcnn320/200p/cut8_4431.pickle
431
COCO mAP: 0.028819048777222633
/home/wxz/Documents/pickle/fastrcnn320/200p/cut3_1633.pickle
432
COCO mAP: 0.24544262886047363
/home/wxz/Documents/pickle/fastrcnn320/200p/cut5_3633.pickle
433
COCO mAP: 0.22594118118286133
/home/wxz/Documents/pickle/fastrcnn320/200p/cut3_609.pickle
434
COCO mAP: 0.3638466000556946
/home/wxz/Documents/pickle/fastrcnn320/200p/cut3_417.pickle
435
COCO mAP: 0.2664887011051178
/home/wxz/Documents/pickle/fastrcnn320/200p/cut2_3704.pickle
436
COCO mAP: 0.18127202987670898
/home/wxz/Documents/pickle/fastrcnn320/200p/cut4_461.pickle
437
COCO mAP: 0.2866886854171753
/home/wxz/Documents/pickle/fastrcnn320/200p/cut2_7361.pickle
438
COCO mAP: 0.43535441160202026
/home/wxz/Documents/pickle/fastrcnn320/200p/cut8_1827.pickle
439
COCO mAP: 0.40366441011428833
/home/wxz/Documents/pickle/fastrcnn320/200p/cut2_8603.pickle
440
COCO mAP: 0.3349764347076416
/home/wxz/Documents/pickle/fastrcnn320/200p/cut8_2331.pickle
441
COCO mAP: 0.2204502522945404
/home/wxz/Documents/pickle/fastrcnn320/200p/cut7_2145.pickle
442
COCO mAP: 0.38648638129234314
/home/wxz/Documents/pickle/fastrcnn320/200p/cut9_6145.pickle
443
COCO mAP: 0.18765220046043396
/home/wxz/Documents/pickle/fastrcnn320/200p/cut2_3106.pickle
444
COCO mAP: 0.29402852058410645
/home/wxz/Documents/pickle/fastrcnn320/200p/cut3_6001.pickle
445
COCO mAP: 0.16965216398239136
/home/wxz/Documents/pickle/fastrcnn320/200p/cut3_1809.pickle
446
COCO mAP: 0.1971617192029953
/home/wxz/Documents/pickle/fastrcnn320/200p/cut1_8319.pickle
447
COCO mAP: 0.3468562960624695
/home/wxz/Documents/pickle/fastrcnn320/200p/cut6_193.pickle
448
COCO mAP: 0.5000702142715454
/home/wxz/Documents/pickle/fastrcnn320/200p/cut1_1846.pickle
449
COCO mAP: 0.08087308704853058
/home/wxz/Documents/pickle/fastrcnn320/200p/cut6_8785.pickle
450
COCO mAP: 0.3399026095867157
/home/wxz/Documents/pickle/fastrcnn320/200p/cut9_5409.pickle
451
COCO mAP: 0.30813610553741455
/home/wxz/Documents/pickle/fastrcnn320/200p/cut5_657.pickle
452
COCO mAP: 0.17909525334835052
/home/wxz/Documents/pickle/fastrcnn320/200p/cut6_8353.pickle
453
COCO mAP: 0.357197105884552
/home/wxz/Documents/pickle/fastrcnn320/200p/cut8_8924.pickle
454
COCO mAP: 0.09859736263751984
/home/wxz/Documents/pickle/fastrcnn320/200p/cut6_5934.pickle
455
COCO mAP: 0.3484066128730774
/home/wxz/Documents/pickle/fastrcnn320/200p/cut3_8417.pickle
456
COCO mAP: 0.23032598197460175
/home/wxz/Documents/pickle/fastrcnn320/200p/cut4_8068.pickle
457
COCO mAP: 0.28815075755119324
/home/wxz/Documents/pickle/fastrcnn320/200p/cut9_1105.pickle
458
COCO mAP: 0.3688901364803314
/home/wxz/Documents/pickle/fastrcnn320/200p/cut7_8825.pickle
459
COCO mAP: 0.5228409171104431
/home/wxz/Documents/pickle/fastrcnn320/200p/cut2_3612.pickle
460
COCO mAP: 0.2626195549964905
/home/wxz/Documents/pickle/fastrcnn320/200p/cut6_3041.pickle
461
COCO mAP: 0.3677207827568054
/home/wxz/Documents/pickle/fastrcnn320/200p/cut7_4425.pickle
462
COCO mAP: 0.2926444113254547
/home/wxz/Documents/pickle/fastrcnn320/200p/cut7_6705.pickle
463
COCO mAP: 0.42227059602737427
/home/wxz/Documents/pickle/fastrcnn320/200p/cut9_209.pickle
464
COCO mAP: 0.5651611089706421
/home/wxz/Documents/pickle/fastrcnn320/200p/cut4_261.pickle
465
COCO mAP: 0.3197898268699646
/home/wxz/Documents/pickle/fastrcnn320/200p/cut4_3401.pickle
466
COCO mAP: 0.36915862560272217
/home/wxz/Documents/pickle/fastrcnn320/200p/cut3_3217.pickle
467
COCO mAP: 0.39894506335258484
/home/wxz/Documents/pickle/fastrcnn320/200p/cut9_4641.pickle
468
COCO mAP: 0.45042353868484497
/home/wxz/Documents/pickle/fastrcnn320/200p/cut7_6365.pickle
469
COCO mAP: 0.38742595911026
/home/wxz/Documents/pickle/fastrcnn320/200p/cut4_3241.pickle
470
COCO mAP: 0.2914509177207947
/home/wxz/Documents/pickle/fastrcnn320/200p/cut8_8546.pickle
471
COCO mAP: 0.21207913756370544
/home/wxz/Documents/pickle/fastrcnn320/200p/cut8_8840.pickle
472
COCO mAP: 0.25699594616889954
/home/wxz/Documents/pickle/fastrcnn320/200p/cut3_7505.pickle
473
COCO mAP: 0.4354345202445984
/home/wxz/Documents/pickle/fastrcnn320/200p/cut5_7969.pickle
474
COCO mAP: 0.3609110713005066
/home/wxz/Documents/pickle/fastrcnn320/200p/cut4_7258.pickle
475
COCO mAP: 0.14737752079963684
/home/wxz/Documents/pickle/fastrcnn320/200p/cut4_1801.pickle
476
COCO mAP: 0.4971369206905365
/home/wxz/Documents/pickle/fastrcnn320/200p/cut7_4845.pickle
477
COCO mAP: 0.2130434513092041
/home/wxz/Documents/pickle/fastrcnn320/200p/cut6_8137.pickle
478
COCO mAP: 0.3588746190071106
/home/wxz/Documents/pickle/fastrcnn320/200p/cut4_761.pickle
479
COCO mAP: 0.2387884110212326
/home/wxz/Documents/pickle/fastrcnn320/200p/cut2_8925.pickle
480
COCO mAP: 0.29312169551849365
/home/wxz/Documents/pickle/fastrcnn320/200p/cut4_5281.pickle
481
COCO mAP: 0.2153465449810028
/home/wxz/Documents/pickle/fastrcnn320/200p/cut1_5700.pickle
482
COCO mAP: 0.3023061454296112
/home/wxz/Documents/pickle/fastrcnn320/200p/cut7_641.pickle
483
COCO mAP: 0.19277217984199524
/home/wxz/Documents/pickle/fastrcnn320/200p/cut2_5751.pickle
484
COCO mAP: 0.0893842801451683
/home/wxz/Documents/pickle/fastrcnn320/200p/cut9_113.pickle
485
COCO mAP: 0.5500370860099792
/home/wxz/Documents/pickle/fastrcnn320/200p/cut4_7348.pickle
486
COCO mAP: 0.3494488000869751
/home/wxz/Documents/pickle/fastrcnn320/200p/cut1_3438.pickle
487
COCO mAP: 0.027970295399427414
/home/wxz/Documents/pickle/fastrcnn320/200p/cut7_4305.pickle
488
COCO mAP: 0.2518652081489563
/home/wxz/Documents/pickle/fastrcnn320/200p/cut5_897.pickle
489
COCO mAP: 0.200243279337883
/home/wxz/Documents/pickle/fastrcnn320/200p/cut3_3601.pickle
490
COCO mAP: 0.4110233187675476
/home/wxz/Documents/pickle/fastrcnn320/200p/cut5_8881.pickle
491
COCO mAP: 0.4485648274421692
/home/wxz/Documents/pickle/fastrcnn320/200p/cut5_3729.pickle
492
COCO mAP: 0.3702465295791626
/home/wxz/Documents/pickle/fastrcnn320/200p/cut4_6412.pickle
493
COCO mAP: 0.4326358735561371
/home/wxz/Documents/pickle/fastrcnn320/200p/cut5_3809.pickle
494
COCO mAP: 0.25960057973861694
/home/wxz/Documents/pickle/fastrcnn320/200p/cut4_7672.pickle
495
COCO mAP: 0.22970609366893768
/home/wxz/Documents/pickle/fastrcnn320/200p/cut1_2820.pickle
496
COCO mAP: 0.14854000508785248
/home/wxz/Documents/pickle/fastrcnn320/200p/cut4_521.pickle
497
COCO mAP: 0.3382773995399475
/home/wxz/Documents/pickle/fastrcnn320/200p/cut9_1937.pickle
498
COCO mAP: 0.2669135630130768
/home/wxz/Documents/pickle/fastrcnn320/200p/cut6_5611.pickle
499
COCO mAP: 0.2726564109325409
/home/wxz/Documents/pickle/fastrcnn320/200p/cut4_2001.pickle
500
COCO mAP: 0.07884855568408966
/home/wxz/Documents/pickle/fastrcnn320/200p/cut1_5373.pickle
501
COCO mAP: 0.40678030252456665
/home/wxz/Documents/pickle/fastrcnn320/200p/cut8_912.pickle
502
COCO mAP: 0.46487241983413696
/home/wxz/Documents/pickle/fastrcnn320/200p/cut6_6750.pickle
503
COCO mAP: 0.27166590094566345
/home/wxz/Documents/pickle/fastrcnn320/200p/cut4_5401.pickle
504
COCO mAP: 0.29613345861434937
/home/wxz/Documents/pickle/fastrcnn320/200p/cut3_3505.pickle
505
COCO mAP: 0.33576035499572754
/home/wxz/Documents/pickle/fastrcnn320/200p/cut5_8353.pickle
506
COCO mAP: 0.2584887146949768
/home/wxz/Documents/pickle/fastrcnn320/200p/cut6_8461.pickle
507
COCO mAP: 0.38850289583206177
/home/wxz/Documents/pickle/fastrcnn320/200p/cut7_5945.pickle
508
COCO mAP: 0.12609991431236267
/home/wxz/Documents/pickle/fastrcnn320/200p/cut3_2609.pickle
509
COCO mAP: 0.3377910256385803
/home/wxz/Documents/pickle/fastrcnn320/200p/cut6_7741.pickle
510
COCO mAP: 0.26218658685684204
/home/wxz/Documents/pickle/fastrcnn320/200p/cut8_4613.pickle
511
COCO mAP: 0.2516142725944519
/home/wxz/Documents/pickle/fastrcnn320/200p/cut2_852.pickle
512
COCO mAP: 0.44607001543045044
/home/wxz/Documents/pickle/fastrcnn320/200p/cut5_4017.pickle
513
COCO mAP: 0.4679888188838959
/home/wxz/Documents/pickle/fastrcnn320/200p/cut1_4931.pickle
514
COCO mAP: 0.298367977142334
/home/wxz/Documents/pickle/fastrcnn320/200p/cut6_5201.pickle
515
COCO mAP: 0.2737930417060852
/home/wxz/Documents/pickle/fastrcnn320/200p/cut8_3619.pickle
516
COCO mAP: 0.14075908064842224
/home/wxz/Documents/pickle/fastrcnn320/200p/cut2_6717.pickle
517
COCO mAP: 0.2491740882396698
/home/wxz/Documents/pickle/fastrcnn320/200p/cut4_7996.pickle
518
COCO mAP: 0.22929871082305908
/home/wxz/Documents/pickle/fastrcnn320/200p/cut8_1519.pickle
519
COCO mAP: 0.2694787085056305
/home/wxz/Documents/pickle/fastrcnn320/200p/cut2_5061.pickle
520
COCO mAP: 0.0986386090517044
/home/wxz/Documents/pickle/fastrcnn320/200p/cut5_7265.pickle
521
COCO mAP: 0.3871080279350281
/home/wxz/Documents/pickle/fastrcnn320/200p/cut5_2401.pickle
522
COCO mAP: 0.24643173813819885
/home/wxz/Documents/pickle/fastrcnn320/200p/cut2_8741.pickle
523
COCO mAP: 0.3168349862098694
/home/wxz/Documents/pickle/fastrcnn320/200p/cut6_2433.pickle
524
COCO mAP: 0.299225389957428
/home/wxz/Documents/pickle/fastrcnn320/200p/cut3_1.pickle
525
COCO mAP: 0.2634691298007965
/home/wxz/Documents/pickle/fastrcnn320/200p/cut4_1761.pickle
526
COCO mAP: 0.1852259635925293
/home/wxz/Documents/pickle/fastrcnn320/200p/cut5_6929.pickle
527
COCO mAP: 0.30505988001823425
/home/wxz/Documents/pickle/fastrcnn320/200p/cut2_7430.pickle
528
COCO mAP: 0.3972095847129822
/home/wxz/Documents/pickle/fastrcnn320/200p/cut9_2801.pickle
529
COCO mAP: 0.3829345703125
/home/wxz/Documents/pickle/fastrcnn320/200p/cut6_6189.pickle
530
COCO mAP: 0.37571069598197937
/home/wxz/Documents/pickle/fastrcnn320/200p/cut5_2817.pickle
531
COCO mAP: 0.2999320328235626
/home/wxz/Documents/pickle/fastrcnn320/200p/cut2_7660.pickle
532
COCO mAP: 0.4533446729183197
/home/wxz/Documents/pickle/fastrcnn320/200p/cut6_7975.pickle
533
COCO mAP: 0.25734326243400574
/home/wxz/Documents/pickle/fastrcnn320/200p/cut3_6865.pickle
534
COCO mAP: 0.4351184368133545
/home/wxz/Documents/pickle/fastrcnn320/200p/cut8_4515.pickle
535
COCO mAP: 0.2457791268825531
/home/wxz/Documents/pickle/fastrcnn320/200p/cut3_3393.pickle
536
COCO mAP: 0.321975439786911
/home/wxz/Documents/pickle/fastrcnn320/200p/cut1_879.pickle
537
COCO mAP: 0.1175646036863327
/home/wxz/Documents/pickle/fastrcnn320/200p/cut9_3329.pickle
538
COCO mAP: 0.08712871372699738
/home/wxz/Documents/pickle/fastrcnn320/200p/cut2_8143.pickle
539
COCO mAP: 0.32032081484794617
/home/wxz/Documents/pickle/fastrcnn320/200p/cut4_5817.pickle
540
COCO mAP: 0.283851683139801
/home/wxz/Documents/pickle/fastrcnn320/200p/cut9_5505.pickle
541
COCO mAP: 0.2907053828239441
/home/wxz/Documents/pickle/fastrcnn320/200p/cut2_4762.pickle
542
COCO mAP: 0.1459570974111557
/home/wxz/Documents/pickle/fastrcnn320/200p/cut4_3621.pickle
543
COCO mAP: 0.40682992339134216
/home/wxz/Documents/pickle/fastrcnn320/200p/cut6_1489.pickle
544
COCO mAP: 0.30771368741989136
/home/wxz/Documents/pickle/fastrcnn320/200p/cut1_3174.pickle
545
COCO mAP: 0.23564358055591583
/home/wxz/Documents/pickle/fastrcnn320/200p/cut6_5832.pickle
546
COCO mAP: 0.3213856816291809
/home/wxz/Documents/pickle/fastrcnn320/200p/cut6_5105.pickle
547
COCO mAP: 0.28343841433525085
/home/wxz/Documents/pickle/fastrcnn320/200p/cut4_161.pickle
548
COCO mAP: 0.4258190095424652
/home/wxz/Documents/pickle/fastrcnn320/200p/cut3_4305.pickle
549
COCO mAP: 0.28219106793403625
/home/wxz/Documents/pickle/fastrcnn320/200p/cut1_3526.pickle
550
COCO mAP: 0.20758013427257538
/home/wxz/Documents/pickle/fastrcnn320/200p/cut2_7292.pickle
551
COCO mAP: 0.3968377709388733
/home/wxz/Documents/pickle/fastrcnn320/200p/cut7_4725.pickle
552
COCO mAP: 0.30710849165916443
/home/wxz/Documents/pickle/fastrcnn320/200p/cut3_3793.pickle
553
COCO mAP: 0.31643080711364746
/home/wxz/Documents/pickle/fastrcnn320/200p/cut5_3537.pickle
554
COCO mAP: 0.28393518924713135
/home/wxz/Documents/pickle/fastrcnn320/200p/cut5_2913.pickle
555
COCO mAP: 0.5446758270263672
/home/wxz/Documents/pickle/fastrcnn320/200p/cut7_7945.pickle
556
COCO mAP: 0.4147842824459076
/home/wxz/Documents/pickle/fastrcnn320/200p/cut8_7412.pickle
557
COCO mAP: 0.11349835246801376
/home/wxz/Documents/pickle/fastrcnn320/200p/cut3_6193.pickle
558
COCO mAP: 0.23333215713500977
/home/wxz/Documents/pickle/fastrcnn320/200p/cut4_3001.pickle
559
COCO mAP: 0.28326454758644104
/home/wxz/Documents/pickle/fastrcnn320/200p/cut4_5901.pickle
560
COCO mAP: 0.2826780080795288
/home/wxz/Documents/pickle/fastrcnn320/200p/cut2_1036.pickle
561
COCO mAP: 0.529643714427948
/home/wxz/Documents/pickle/fastrcnn320/200p/cut8_1715.pickle
562
COCO mAP: 0.37308090925216675
/home/wxz/Documents/pickle/fastrcnn320/200p/cut5_8992.pickle
563
COCO mAP: 0.5090333223342896
/home/wxz/Documents/pickle/fastrcnn320/200p/cut6_3617.pickle
564
COCO mAP: 0.3321428894996643
/home/wxz/Documents/pickle/fastrcnn320/200p/cut5_6641.pickle
565
COCO mAP: 0.3823365569114685
/home/wxz/Documents/pickle/fastrcnn320/200p/cut6_6240.pickle
566
COCO mAP: 0.257217675447464
/home/wxz/Documents/pickle/fastrcnn320/200p/cut8_4906.pickle
567
COCO mAP: 0.21836189925670624
/home/wxz/Documents/pickle/fastrcnn320/200p/cut6_8947.pickle
568
COCO mAP: 0.27753567695617676
/home/wxz/Documents/pickle/fastrcnn320/200p/cut7_1.pickle
569
COCO mAP: 0.3593183159828186
/home/wxz/Documents/pickle/fastrcnn320/200p/cut1_2471.pickle
570
COCO mAP: 0.42794281244277954
/home/wxz/Documents/pickle/fastrcnn320/200p/cut6_2001.pickle
571
COCO mAP: 0.31318607926368713
/home/wxz/Documents/pickle/fastrcnn320/200p/cut6_1201.pickle
572
COCO mAP: 0.37397363781929016
/home/wxz/Documents/pickle/fastrcnn320/200p/cut6_6903.pickle
573
COCO mAP: 0.4100955128669739
/home/wxz/Documents/pickle/fastrcnn320/200p/cut2_93.pickle
574
COCO mAP: 0.20165865123271942
/home/wxz/Documents/pickle/fastrcnn320/200p/cut5_8545.pickle
575
COCO mAP: 0.2936440110206604
/home/wxz/Documents/pickle/fastrcnn320/200p/cut7_1105.pickle
576
COCO mAP: 0.21240270137786865
/home/wxz/Documents/pickle/fastrcnn320/200p/cut7_1855.pickle
577
COCO mAP: 0.3538784086704254
/home/wxz/Documents/pickle/fastrcnn320/200p/cut5_8785.pickle
578
COCO mAP: 0.47180604934692383
/home/wxz/Documents/pickle/fastrcnn320/200p/cut2_6510.pickle
579
COCO mAP: 0.2599066197872162
/home/wxz/Documents/pickle/fastrcnn320/200p/cut8_1645.pickle
580
COCO mAP: 0.30901283025741577
/home/wxz/Documents/pickle/fastrcnn320/200p/cut4_5321.pickle
581
COCO mAP: 0.36497652530670166
/home/wxz/Documents/pickle/fastrcnn320/200p/cut2_6418.pickle
582
COCO mAP: 0.3268822729587555
/home/wxz/Documents/pickle/fastrcnn320/200p/cut9_1009.pickle
583
COCO mAP: 0.22397980093955994
/home/wxz/Documents/pickle/fastrcnn320/200p/cut7_6645.pickle
584
COCO mAP: 0.42002052068710327
/home/wxz/Documents/pickle/fastrcnn320/200p/cut4_1681.pickle
585
COCO mAP: 0.43357324600219727
/home/wxz/Documents/pickle/fastrcnn320/200p/cut9_401.pickle
586
COCO mAP: 0.3188250660896301
/home/wxz/Documents/pickle/fastrcnn320/200p/cut3_2209.pickle
587
COCO mAP: 0.4709685444831848
/home/wxz/Documents/pickle/fastrcnn320/200p/cut8_4809.pickle
588
COCO mAP: 0.19569608569145203
/home/wxz/Documents/pickle/fastrcnn320/200p/cut6_4641.pickle
589
COCO mAP: 0.288208544254303
/home/wxz/Documents/pickle/fastrcnn320/200p/cut7_833.pickle
590
COCO mAP: 0.2749956250190735
/home/wxz/Documents/pickle/fastrcnn320/200p/cut5_6113.pickle
591
COCO mAP: 0.4326399862766266
/home/wxz/Documents/pickle/fastrcnn320/200p/cut6_7867.pickle
592
COCO mAP: 0.3306424617767334
/home/wxz/Documents/pickle/fastrcnn320/200p/cut6_6444.pickle
593
COCO mAP: 0.3113000690937042
/home/wxz/Documents/pickle/fastrcnn320/200p/cut1_4139.pickle
594
COCO mAP: 0.2630022168159485
/home/wxz/Documents/pickle/fastrcnn320/200p/cut3_817.pickle
595
COCO mAP: 0.1913263499736786
/home/wxz/Documents/pickle/fastrcnn320/200p/cut4_1.pickle
596
COCO mAP: 0.4098363518714905
/home/wxz/Documents/pickle/fastrcnn320/200p/cut4_2121.pickle
597
COCO mAP: 0.29514721035957336
/home/wxz/Documents/pickle/fastrcnn320/200p/cut2_8534.pickle
598
COCO mAP: 0.32071980834007263
/home/wxz/Documents/pickle/fastrcnn320/200p/cut4_4721.pickle
599
COCO mAP: 0.3027971088886261
/home/wxz/Documents/pickle/fastrcnn320/200p/cut1_8759.pickle
600
COCO mAP: 0.3421401381492615
/home/wxz/Documents/pickle/fastrcnn320/200p/cut8_2737.pickle
601
COCO mAP: 0.24235792458057404
/home/wxz/Documents/pickle/fastrcnn320/200p/cut8_3003.pickle
602
COCO mAP: 0.22907403111457825
/home/wxz/Documents/pickle/fastrcnn320/200p/cut4_3341.pickle
603
COCO mAP: 0.3107612431049347
/home/wxz/Documents/pickle/fastrcnn320/200p/cut4_8914.pickle
604
COCO mAP: 0.31906282901763916
/home/wxz/Documents/pickle/fastrcnn320/200p/cut6_1537.pickle
605
COCO mAP: 0.1818889081478119
/home/wxz/Documents/pickle/fastrcnn320/200p/cut3_4737.pickle
606
COCO mAP: 0.1779857873916626
/home/wxz/Documents/pickle/fastrcnn320/200p/cut1_8509.pickle
607
COCO mAP: 0.3662416338920593
/home/wxz/Documents/pickle/fastrcnn320/200p/cut5_4929.pickle
608
COCO mAP: 0.206721231341362
/home/wxz/Documents/pickle/fastrcnn320/200p/cut2_6602.pickle
609
COCO mAP: 0.15490791201591492
/home/wxz/Documents/pickle/fastrcnn320/200p/cut7_7465.pickle
610
COCO mAP: 0.4257071912288666
/home/wxz/Documents/pickle/fastrcnn320/200p/cut3_2305.pickle
611
COCO mAP: 0.26505550742149353
/home/wxz/Documents/pickle/fastrcnn320/200p/cut6_4241.pickle
612
COCO mAP: 0.1415097415447235
/home/wxz/Documents/pickle/fastrcnn320/200p/cut3_5313.pickle
613
COCO mAP: 0.26284128427505493
/home/wxz/Documents/pickle/fastrcnn320/200p/cut7_3665.pickle
614
COCO mAP: 0.2806771695613861
/home/wxz/Documents/pickle/fastrcnn320/200p/cut7_5445.pickle
615
COCO mAP: 0.2578577697277069
/home/wxz/Documents/pickle/fastrcnn320/200p/cut1_5107.pickle
616
COCO mAP: 0.3682578504085541
/home/wxz/Documents/pickle/fastrcnn320/200p/cut6_5009.pickle
617
COCO mAP: 0.2712794542312622
/home/wxz/Documents/pickle/fastrcnn320/200p/cut3_4833.pickle
618
COCO mAP: 0.22823496162891388
/home/wxz/Documents/pickle/fastrcnn320/200p/cut1_6068.pickle
619
COCO mAP: 0.5473162531852722
/home/wxz/Documents/pickle/fastrcnn320/200p/cut8_7706.pickle
620
COCO mAP: 0.3107283413410187
/home/wxz/Documents/pickle/fastrcnn320/200p/cut6_5409.pickle
621
COCO mAP: 0.24918797612190247
/home/wxz/Documents/pickle/fastrcnn320/200p/cut4_6141.pickle
622
COCO mAP: 0.1850758194923401
/home/wxz/Documents/pickle/fastrcnn320/200p/cut7_2017.pickle
623
COCO mAP: 0.38239890336990356
/home/wxz/Documents/pickle/fastrcnn320/200p/cut9_5601.pickle
624
COCO mAP: 0.315021812915802
/home/wxz/Documents/pickle/fastrcnn320/200p/cut3_7649.pickle
625
COCO mAP: 0.30744680762290955
/home/wxz/Documents/pickle/fastrcnn320/200p/cut4_361.pickle
626
COCO mAP: 0.16746467351913452
/home/wxz/Documents/pickle/fastrcnn320/200p/cut4_5521.pickle
627
COCO mAP: 0.28596848249435425
/home/wxz/Documents/pickle/fastrcnn320/200p/cut6_689.pickle
628
COCO mAP: 0.38252338767051697
/home/wxz/Documents/pickle/fastrcnn320/200p/cut4_4121.pickle
629
COCO mAP: 0.3539620339870453
/home/wxz/Documents/pickle/fastrcnn320/200p/cut7_8225.pickle
630
COCO mAP: 0.3386205732822418
/home/wxz/Documents/pickle/fastrcnn320/200p/cut4_4841.pickle
631
COCO mAP: 0.2215535193681717
/home/wxz/Documents/pickle/fastrcnn320/200p/cut9_305.pickle
632
COCO mAP: 0.3674587607383728
/home/wxz/Documents/pickle/fastrcnn320/200p/cut9_5713.pickle
633
COCO mAP: 0.32674092054367065
/home/wxz/Documents/pickle/fastrcnn320/200p/cut4_3901.pickle
634
COCO mAP: 0.23926571011543274
/home/wxz/Documents/pickle/fastrcnn320/200p/cut1_2558.pickle
635
COCO mAP: 0.20981848239898682
/home/wxz/Documents/pickle/fastrcnn320/200p/cut8_5620.pickle
636
COCO mAP: 0.4015323519706726
/home/wxz/Documents/pickle/fastrcnn320/200p/cut3_3169.pickle
637
COCO mAP: 0.5316108465194702
/home/wxz/Documents/pickle/fastrcnn320/200p/cut4_6201.pickle
638
COCO mAP: 0.3190043568611145
/home/wxz/Documents/pickle/fastrcnn320/200p/cut2_1312.pickle
639
COCO mAP: 0.38461095094680786
/home/wxz/Documents/pickle/fastrcnn320/200p/cut6_1905.pickle
640
COCO mAP: 0.31061017513275146
/home/wxz/Documents/pickle/fastrcnn320/200p/cut9_3729.pickle
641
COCO mAP: 0.6054858565330505
/home/wxz/Documents/pickle/fastrcnn320/200p/cut2_6142.pickle
642
COCO mAP: 0.3729599118232727
/home/wxz/Documents/pickle/fastrcnn320/200p/cut3_8705.pickle
643
COCO mAP: 0.359475314617157
/home/wxz/Documents/pickle/fastrcnn320/200p/cut8_5032.pickle
644
COCO mAP: 0.18986517190933228
/home/wxz/Documents/pickle/fastrcnn320/200p/cut8_2905.pickle
645
COCO mAP: 0.07146864384412766
/home/wxz/Documents/pickle/fastrcnn320/200p/cut2_2002.pickle
646
COCO mAP: 0.20483724772930145
/home/wxz/Documents/pickle/fastrcnn320/200p/cut8_209.pickle
647
COCO mAP: 0.5069184899330139
/home/wxz/Documents/pickle/fastrcnn320/200p/cut2_8327.pickle
648
COCO mAP: 0.45552629232406616
/home/wxz/Documents/pickle/fastrcnn320/200p/cut5_5617.pickle
649
COCO mAP: 0.28467437624931335
/home/wxz/Documents/pickle/fastrcnn320/200p/cut7_3245.pickle
650
COCO mAP: 0.23221902549266815
/home/wxz/Documents/pickle/fastrcnn320/200p/cut9_5169.pickle
651
COCO mAP: 0.2470376044511795
/home/wxz/Documents/pickle/fastrcnn320/200p/cut9_2321.pickle
652
COCO mAP: 0.34010350704193115
/home/wxz/Documents/pickle/fastrcnn320/200p/cut7_5625.pickle
653
COCO mAP: 0.20495064556598663
/home/wxz/Documents/pickle/fastrcnn320/200p/cut8_5410.pickle
654
COCO mAP: 0.21276815235614777
/home/wxz/Documents/pickle/fastrcnn320/200p/cut8_2009.pickle
655
COCO mAP: 0.35335612297058105
/home/wxz/Documents/pickle/fastrcnn320/200p/cut8_604.pickle
656
COCO mAP: 0.30501168966293335
/home/wxz/Documents/pickle/fastrcnn320/200p/cut7_737.pickle
657
COCO mAP: 0.204245924949646
/home/wxz/Documents/pickle/fastrcnn320/200p/cut6_3425.pickle
658
COCO mAP: 0.3326016366481781
/home/wxz/Documents/pickle/fastrcnn320/200p/cut7_7185.pickle
659
COCO mAP: 0.3953400254249573
/home/wxz/Documents/pickle/fastrcnn320/200p/cut5_2209.pickle
660
COCO mAP: 0.16575196385383606
/home/wxz/Documents/pickle/fastrcnn320/200p/cut4_4541.pickle
661
COCO mAP: 0.39932671189308167
/home/wxz/Documents/pickle/fastrcnn320/200p/cut3_5121.pickle
662
COCO mAP: 0.2816472351551056
/home/wxz/Documents/pickle/fastrcnn320/200p/cut1_4403.pickle
663
COCO mAP: 0.32332971692085266
/home/wxz/Documents/pickle/fastrcnn320/200p/cut6_2945.pickle
664
COCO mAP: 0.38403597474098206
/home/wxz/Documents/pickle/fastrcnn320/200p/cut1_6244.pickle
665
COCO mAP: 0.44419845938682556
/home/wxz/Documents/pickle/fastrcnn320/200p/cut5_4401.pickle
666
COCO mAP: 0.5162252187728882
/home/wxz/Documents/pickle/fastrcnn320/200p/cut8_3213.pickle
667
COCO mAP: 0.21710965037345886
/home/wxz/Documents/pickle/fastrcnn320/200p/cut2_3520.pickle
668
COCO mAP: 0.39259159564971924
/home/wxz/Documents/pickle/fastrcnn320/200p/cut7_1747.pickle
669
COCO mAP: 0.27795079350471497
/home/wxz/Documents/pickle/fastrcnn320/200p/cut6_1713.pickle
670
COCO mAP: 0.3719050884246826
/home/wxz/Documents/pickle/fastrcnn320/200p/cut4_8752.pickle
671
COCO mAP: 0.48271840810775757
/home/wxz/Documents/pickle/fastrcnn320/200p/cut3_3713.pickle
672
COCO mAP: 0.28892946243286133
/home/wxz/Documents/pickle/fastrcnn320/200p/cut8_4305.pickle
673
COCO mAP: 0.1937420666217804
/home/wxz/Documents/pickle/fastrcnn320/200p/cut5_5905.pickle
674
COCO mAP: 0.4687213897705078
/home/wxz/Documents/pickle/fastrcnn320/200p/cut9_6049.pickle
675
COCO mAP: 0.29927748441696167
/home/wxz/Documents/pickle/fastrcnn320/200p/cut6_6546.pickle
676
COCO mAP: 0.268799364566803
/home/wxz/Documents/pickle/fastrcnn320/200p/cut5_2625.pickle
677
COCO mAP: 0.34669584035873413
/home/wxz/Documents/pickle/fastrcnn320/200p/cut6_6342.pickle
678
COCO mAP: 0.36861664056777954
/home/wxz/Documents/pickle/fastrcnn320/200p/cut7_929.pickle
679
COCO mAP: 0.19550122320652008
/home/wxz/Documents/pickle/fastrcnn320/200p/cut3_2513.pickle
680
COCO mAP: 0.2378358095884323
/home/wxz/Documents/pickle/fastrcnn320/200p/cut5_1.pickle
681
COCO mAP: 0.2889063060283661
/home/wxz/Documents/pickle/fastrcnn320/200p/cut9_1505.pickle
682
COCO mAP: 0.4322877526283264
/home/wxz/Documents/pickle/fastrcnn320/200p/cut8_5928.pickle
683
COCO mAP: 0.17214985191822052
/home/wxz/Documents/pickle/fastrcnn320/200p/cut9_4737.pickle
684
COCO mAP: 0.5049644112586975
/home/wxz/Documents/pickle/fastrcnn320/200p/cut5_2721.pickle
685
COCO mAP: 0.2995022237300873
/home/wxz/Documents/pickle/fastrcnn320/200p/cut6_2385.pickle
686
COCO mAP: 0.32784971594810486
/home/wxz/Documents/pickle/fastrcnn320/200p/cut7_7285.pickle
687
COCO mAP: 0.3563069701194763
/home/wxz/Documents/pickle/fastrcnn320/200p/cut8_1911.pickle
688
COCO mAP: 0.27097761631011963
/home/wxz/Documents/pickle/fastrcnn320/200p/cut3_7153.pickle
689
COCO mAP: 0.21111014485359192
/home/wxz/Documents/pickle/fastrcnn320/200p/cut4_5709.pickle
690
COCO mAP: 0.23839464783668518
/home/wxz/Documents/pickle/fastrcnn320/200p/cut1_6909.pickle
691
COCO mAP: 0.2059723436832428
/home/wxz/Documents/pickle/fastrcnn320/200p/cut8_6110.pickle
692
COCO mAP: 0.389254093170166
/home/wxz/Documents/pickle/fastrcnn320/200p/cut3_2401.pickle
693
COCO mAP: 0.3337780833244324
/home/wxz/Documents/pickle/fastrcnn320/200p/cut7_6285.pickle
694
COCO mAP: 0.39746803045272827
/home/wxz/Documents/pickle/fastrcnn320/200p/cut8_4725.pickle
695
COCO mAP: 0.10212967544794083
/home/wxz/Documents/pickle/fastrcnn320/200p/cut9_721.pickle
696
COCO mAP: 0.4717252850532532
/home/wxz/Documents/pickle/fastrcnn320/200p/cut1_704.pickle
697
COCO mAP: 0.5287537574768066
/home/wxz/Documents/pickle/fastrcnn320/200p/cut9_3233.pickle
698
COCO mAP: 0.0534653477370739
/home/wxz/Documents/pickle/fastrcnn320/200p/cut3_6097.pickle
699
COCO mAP: 0.396379292011261
/home/wxz/Documents/pickle/fastrcnn320/200p/cut8_7608.pickle
700
COCO mAP: 0.34807339310646057
/home/wxz/Documents/pickle/fastrcnn320/200p/cut8_8252.pickle
701
COCO mAP: 0.2688235342502594
/home/wxz/Documents/pickle/fastrcnn320/200p/cut7_8705.pickle
702
COCO mAP: 0.12671338021755219
/home/wxz/Documents/pickle/fastrcnn320/200p/cut5_5313.pickle
703
COCO mAP: 0.23152370750904083
/home/wxz/Documents/pickle/fastrcnn320/200p/cut5_1089.pickle
704
COCO mAP: 0.20243215560913086
/home/wxz/Documents/pickle/fastrcnn320/200p/cut8_5522.pickle
705
COCO mAP: 0.22654783725738525
/home/wxz/Documents/pickle/fastrcnn320/200p/cut5_7729.pickle
706
COCO mAP: 0.4233991503715515
/home/wxz/Documents/pickle/fastrcnn320/200p/cut3_8945.pickle
707
COCO mAP: 0.14866963028907776
/home/wxz/Documents/pickle/fastrcnn320/200p/cut2_6901.pickle
708
COCO mAP: 0.19438935816287994
/home/wxz/Documents/pickle/fastrcnn320/200p/cut5_1617.pickle
709
COCO mAP: 0.2679443061351776
/home/wxz/Documents/pickle/fastrcnn320/200p/cut1_8864.pickle
710
COCO mAP: 0.3643011450767517
/home/wxz/Documents/pickle/fastrcnn320/200p/cut3_2257.pickle
711
COCO mAP: 0.11347190290689468
/home/wxz/Documents/pickle/fastrcnn320/200p/cut3_8801.pickle
712
COCO mAP: 0.44293370842933655
/home/wxz/Documents/pickle/fastrcnn320/200p/cut5_2113.pickle
713
COCO mAP: 0.2643785774707794
/home/wxz/Documents/pickle/fastrcnn320/200p/cut9_4817.pickle
714
COCO mAP: 0.5803085565567017
/home/wxz/Documents/pickle/fastrcnn320/200p/cut7_8645.pickle
715
COCO mAP: 0.17284943163394928
/home/wxz/Documents/pickle/fastrcnn320/200p/cut1_2022.pickle
716
COCO mAP: 0.24846534430980682
/home/wxz/Documents/pickle/fastrcnn320/200p/cut6_6801.pickle
717
COCO mAP: 0.35214152932167053
/home/wxz/Documents/pickle/fastrcnn320/200p/cut4_6808.pickle
718
COCO mAP: 0.237737774848938
/home/wxz/Documents/pickle/fastrcnn320/200p/cut1_17.pickle
719
COCO mAP: 0.0634276270866394
/home/wxz/Documents/pickle/fastrcnn320/200p/cut4_1901.pickle
720
COCO mAP: 0.27969399094581604
/home/wxz/Documents/pickle/fastrcnn320/200p/cut7_3005.pickle
721
COCO mAP: 0.22385713458061218
/home/wxz/Documents/pickle/fastrcnn320/200p/cut9_1745.pickle
722
COCO mAP: 0.40155768394470215
/home/wxz/Documents/pickle/fastrcnn320/200p/cut7_4225.pickle
723
COCO mAP: 0.2635021507740021
/home/wxz/Documents/pickle/fastrcnn320/200p/cut4_8320.pickle
724
COCO mAP: 0.18499083817005157
/home/wxz/Documents/pickle/fastrcnn320/200p/cut4_3701.pickle
725
COCO mAP: 0.2417825162410736
/home/wxz/Documents/pickle/fastrcnn320/200p/cut2_7821.pickle
726
COCO mAP: 0.4318832755088806
/home/wxz/Documents/pickle/fastrcnn320/200p/cut6_577.pickle
727
COCO mAP: 0.300983726978302
/home/wxz/Documents/pickle/fastrcnn320/200p/cut3_5905.pickle
728
COCO mAP: 0.17968404293060303
/home/wxz/Documents/pickle/fastrcnn320/200p/cut3_1425.pickle
729
COCO mAP: 0.24844467639923096
/home/wxz/Documents/pickle/fastrcnn320/200p/cut2_7706.pickle
730
COCO mAP: 0.4046216905117035
/home/wxz/Documents/pickle/fastrcnn320/200p/cut8_346.pickle
731
COCO mAP: 0.2747754156589508
/home/wxz/Documents/pickle/fastrcnn320/200p/cut6_8245.pickle
732
COCO mAP: 0.31392771005630493
/home/wxz/Documents/pickle/fastrcnn320/200p/cut6_3137.pickle
733
COCO mAP: 0.5385044813156128
/home/wxz/Documents/pickle/fastrcnn320/200p/cut1_2202.pickle
734
COCO mAP: 0.35432565212249756
/home/wxz/Documents/pickle/fastrcnn320/200p/cut1_8419.pickle
735
COCO mAP: 0.2633930742740631
/home/wxz/Documents/pickle/fastrcnn320/200p/cut8_5802.pickle
736
COCO mAP: 0.46871381998062134
/home/wxz/Documents/pickle/fastrcnn320/200p/cut2_3911.pickle
737
COCO mAP: 0.2795756757259369
/home/wxz/Documents/pickle/fastrcnn320/200p/cut8_6362.pickle
738
COCO mAP: 0.3424574136734009
/home/wxz/Documents/pickle/fastrcnn320/200p/cut2_6027.pickle
739
COCO mAP: 0.38651013374328613
/home/wxz/Documents/pickle/fastrcnn320/200p/cut6_1105.pickle
740
COCO mAP: 0.29229050874710083
/home/wxz/Documents/pickle/fastrcnn320/200p/cut8_496.pickle
741
COCO mAP: 0.34785062074661255
/home/wxz/Documents/pickle/fastrcnn320/200p/cut1_1503.pickle
742
COCO mAP: 0.31278878450393677
/home/wxz/Documents/pickle/fastrcnn320/200p/cut1_3350.pickle
743
COCO mAP: 0.38573428988456726
/home/wxz/Documents/pickle/fastrcnn320/200p/cut1_343.pickle
744
COCO mAP: 0.14617712795734406
/home/wxz/Documents/pickle/fastrcnn320/200p/cut9_1841.pickle
745
COCO mAP: 0.7486785650253296
/home/wxz/Documents/pickle/fastrcnn320/200p/cut2_3014.pickle
746
COCO mAP: 0.48663902282714844
/home/wxz/Documents/pickle/fastrcnn320/200p/cut7_3365.pickle
747
COCO mAP: 0.22308865189552307
/home/wxz/Documents/pickle/fastrcnn320/200p/cut2_6303.pickle
748
COCO mAP: 0.3622763156890869
/home/wxz/Documents/pickle/fastrcnn320/200p/cut1_6821.pickle
749
COCO mAP: 0.06567656993865967
/home/wxz/Documents/pickle/fastrcnn320/200p/cut2_4348.pickle
750
COCO mAP: 0.42570653557777405
/home/wxz/Documents/pickle/fastrcnn320/200p/cut1_6604.pickle
751
COCO mAP: 0.04653465002775192
/home/wxz/Documents/pickle/fastrcnn320/200p/cut1_6689.pickle
752
COCO mAP: 0.05891088768839836
/home/wxz/Documents/pickle/fastrcnn320/200p/cut3_7745.pickle
753
COCO mAP: 0.307953417301178
/home/wxz/Documents/pickle/fastrcnn320/200p/cut5_5217.pickle
754
COCO mAP: 0.36117497086524963
/home/wxz/Documents/pickle/fastrcnn320/200p/cut2_6809.pickle
755
COCO mAP: 0.26275986433029175
/home/wxz/Documents/pickle/fastrcnn320/200p/cut1_2302.pickle
756
COCO mAP: 0.28118813037872314
/home/wxz/Documents/pickle/fastrcnn320/200p/cut7_2405.pickle
757
COCO mAP: 0.36889415979385376
/home/wxz/Documents/pickle/fastrcnn320/200p/cut5_401.pickle
758
COCO mAP: 0.25595006346702576
/home/wxz/Documents/pickle/fastrcnn320/200p/cut8_3129.pickle
759
COCO mAP: 0.2744319438934326
/home/wxz/Documents/pickle/fastrcnn320/200p/cut5_4881.pickle
760
COCO mAP: 0.21751156449317932
/home/wxz/Documents/pickle/fastrcnn320/200p/cut3_4929.pickle
761
COCO mAP: 0.39400357007980347
/home/wxz/Documents/pickle/fastrcnn320/200p/cut5_5025.pickle
762
COCO mAP: 0.34396618604660034
/home/wxz/Documents/pickle/fastrcnn320/200p/cut6_961.pickle
763
COCO mAP: 0.3553752601146698
/home/wxz/Documents/pickle/fastrcnn320/200p/cut8_5144.pickle
764
COCO mAP: 0.3766448497772217
/home/wxz/Documents/pickle/fastrcnn320/200p/cut5_5409.pickle
765
COCO mAP: 0.4245275557041168
/home/wxz/Documents/pickle/fastrcnn320/200p/cut1_5613.pickle
766
COCO mAP: 0.3001876771450043
/home/wxz/Documents/pickle/fastrcnn320/200p/cut2_2370.pickle
767
COCO mAP: 0.2417161464691162
/home/wxz/Documents/pickle/fastrcnn320/200p/cut7_4985.pickle
768
COCO mAP: 0.2390269786119461
/home/wxz/Documents/pickle/fastrcnn320/200p/cut6_1.pickle
769
COCO mAP: 0.554572582244873
/home/wxz/Documents/pickle/fastrcnn320/200p/cut8_2107.pickle
770
COCO mAP: 0.2912844121456146
/home/wxz/Documents/pickle/fastrcnn320/200p/cut8_2401.pickle
771
COCO mAP: 0.07373382151126862
/home/wxz/Documents/pickle/fastrcnn320/200p/cut4_8212.pickle
772
COCO mAP: 0.25309568643569946
/home/wxz/Documents/pickle/fastrcnn320/200p/cut8_6516.pickle
773
COCO mAP: 0.4171655774116516
/home/wxz/Documents/pickle/fastrcnn320/200p/cut4_4901.pickle
774
COCO mAP: 0.36882954835891724
/home/wxz/Documents/pickle/fastrcnn320/200p/cut1_1316.pickle
775
COCO mAP: 0.10206270217895508
/home/wxz/Documents/pickle/fastrcnn320/200p/cut3_145.pickle
776
COCO mAP: 0.2570117115974426
/home/wxz/Documents/pickle/fastrcnn320/200p/cut7_4605.pickle
777
COCO mAP: 0.3214222192764282
/home/wxz/Documents/pickle/fastrcnn320/200p/cut8_8168.pickle
778
COCO mAP: 0.24523043632507324
/home/wxz/Documents/pickle/fastrcnn320/200p/cut8_6012.pickle
779
COCO mAP: 0.33143579959869385
/home/wxz/Documents/pickle/fastrcnn320/200p/cut1_5524.pickle
780
COCO mAP: 0.3651061952114105
/home/wxz/Documents/pickle/fastrcnn320/200p/cut4_7888.pickle
781
COCO mAP: 0.2565736472606659
/home/wxz/Documents/pickle/fastrcnn320/200p/cut2_2807.pickle
782
COCO mAP: 0.34634482860565186
/home/wxz/Documents/pickle/fastrcnn320/200p/cut7_2365.pickle
783
COCO mAP: 0.34029439091682434
/home/wxz/Documents/pickle/fastrcnn320/200p/cut1_7444.pickle
784
COCO mAP: 0.12355165183544159
/home/wxz/Documents/pickle/fastrcnn320/200p/cut2_369.pickle
785
COCO mAP: 0.45551982522010803
/home/wxz/Documents/pickle/fastrcnn320/200p/cut7_1405.pickle
786
COCO mAP: 0.25083667039871216
/home/wxz/Documents/pickle/fastrcnn320/200p/cut7_7525.pickle
787
COCO mAP: 0.42665567994117737
/home/wxz/Documents/pickle/fastrcnn320/200p/cut2_4923.pickle
788
COCO mAP: 0.14685563743114471
/home/wxz/Documents/pickle/fastrcnn320/200p/cut1_8629.pickle
789
COCO mAP: 0.3255554437637329
/home/wxz/Documents/pickle/fastrcnn320/200p/cut4_5141.pickle
790
COCO mAP: 0.15335533022880554
/home/wxz/Documents/pickle/fastrcnn320/200p/cut1_5978.pickle
791
COCO mAP: 0.49103912711143494
/home/wxz/Documents/pickle/fastrcnn320/200p/cut9_1313.pickle
792
COCO mAP: 0.5396544933319092
/home/wxz/Documents/pickle/fastrcnn320/200p/cut8_1.pickle
793
COCO mAP: 0.3318951725959778
/home/wxz/Documents/pickle/fastrcnn320/200p/cut1_3702.pickle
794
COCO mAP: 0.2922491431236267
average COCO mAP:0.309047276118972
