nohup: 忽略输入
/home/wxz/Documents/pickle/fastrcnn/1080p/cut5_8945.pickle
1
COCO mAP: 0.8979142904281616
/home/wxz/Documents/pickle/fastrcnn/1080p/cut8_436.pickle
2
COCO mAP: 0.380994975566864
/home/wxz/Documents/pickle/fastrcnn/1080p/cut6_5509.pickle
3
COCO mAP: 0.6025179028511047
/home/wxz/Documents/pickle/fastrcnn/1080p/cut2_4831.pickle
4
COCO mAP: 0.7614688277244568
/home/wxz/Documents/pickle/fastrcnn/1080p/cut2_8971.pickle
5
COCO mAP: 0.7273582220077515
/home/wxz/Documents/pickle/fastrcnn/1080p/cut7_2265.pickle
6
COCO mAP: 0.6028739213943481
/home/wxz/Documents/pickle/fastrcnn/1080p/cut2_185.pickle
7
COCO mAP: 0.6780189275741577
/home/wxz/Documents/pickle/fastrcnn/1080p/cut9_3041.pickle
8
COCO mAP: 0.5904420018196106
/home/wxz/Documents/pickle/fastrcnn/1080p/cut7_7705.pickle
9
COCO mAP: 0.5881735682487488
/home/wxz/Documents/pickle/fastrcnn/1080p/cut6_4817.pickle
10
COCO mAP: 0.6663731336593628
/home/wxz/Documents/pickle/fastrcnn/1080p/cut5_3921.pickle
11
COCO mAP: 0.5951560735702515
/home/wxz/Documents/pickle/fastrcnn/1080p/cut3_6577.pickle
12
COCO mAP: 0.6815899610519409
/home/wxz/Documents/pickle/fastrcnn/1080p/cut5_993.pickle
13
COCO mAP: 0.8351057171821594
/home/wxz/Documents/pickle/fastrcnn/1080p/cut2_6257.pickle
14
COCO mAP: 0.8299263119697571
/home/wxz/Documents/pickle/fastrcnn/1080p/cut4_7186.pickle
15
COCO mAP: 0.6549742221832275
/home/wxz/Documents/pickle/fastrcnn/1080p/cut9_3825.pickle
16
COCO mAP: 0.6910796761512756
/home/wxz/Documents/pickle/fastrcnn/1080p/cut3_4001.pickle
17
COCO mAP: 0.8127254247665405
/home/wxz/Documents/pickle/fastrcnn/1080p/cut9_4545.pickle
18
COCO mAP: 0.44463157653808594
/home/wxz/Documents/pickle/fastrcnn/1080p/cut2_2186.pickle
19
COCO mAP: 0.5320952534675598
/home/wxz/Documents/pickle/fastrcnn/1080p/cut8_7104.pickle
20
COCO mAP: 0.7480276226997375
/home/wxz/Documents/pickle/fastrcnn/1080p/cut7_4125.pickle
21
COCO mAP: 0.6535311937332153
/home/wxz/Documents/pickle/fastrcnn/1080p/cut3_4401.pickle
22
COCO mAP: 0.6579996943473816
/home/wxz/Documents/pickle/fastrcnn/1080p/cut6_2657.pickle
23
COCO mAP: 0.8262222409248352
/home/wxz/Documents/pickle/fastrcnn/1080p/cut4_2301.pickle
24
COCO mAP: 0.7484047412872314
/home/wxz/Documents/pickle/fastrcnn/1080p/cut8_8336.pickle
25
COCO mAP: 0.7037801742553711
/home/wxz/Documents/pickle/fastrcnn/1080p/cut7_1009.pickle
26
COCO mAP: 0.44841694831848145
/home/wxz/Documents/pickle/fastrcnn/1080p/cut1_257.pickle
27
COCO mAP: 0.672257661819458
/home/wxz/Documents/pickle/fastrcnn/1080p/cut5_5121.pickle
28
COCO mAP: 0.7447598576545715
/home/wxz/Documents/pickle/fastrcnn/1080p/cut3_4113.pickle
29
COCO mAP: 0.8451023101806641
/home/wxz/Documents/pickle/fastrcnn/1080p/cut6_7633.pickle
30
COCO mAP: 0.7094329595565796
/home/wxz/Documents/pickle/fastrcnn/1080p/cut3_7313.pickle
31
COCO mAP: 0.7134636044502258
/home/wxz/Documents/pickle/fastrcnn/1080p/cut4_1501.pickle
32
COCO mAP: 0.7395616769790649
/home/wxz/Documents/pickle/fastrcnn/1080p/cut9_3633.pickle
33
COCO mAP: 0.5971761345863342
/home/wxz/Documents/pickle/fastrcnn/1080p/cut2_8281.pickle
34
COCO mAP: 0.7909650206565857
/home/wxz/Documents/pickle/fastrcnn/1080p/cut2_967.pickle
35
COCO mAP: 0.7099939584732056
/home/wxz/Documents/pickle/fastrcnn/1080p/cut2_2623.pickle
36
COCO mAP: 0.5076098442077637
/home/wxz/Documents/pickle/fastrcnn/1080p/cut1_8044.pickle
37
COCO mAP: 0.7991066575050354
/home/wxz/Documents/pickle/fastrcnn/1080p/cut5_3249.pickle
38
COCO mAP: 0.6738283038139343
/home/wxz/Documents/pickle/fastrcnn/1080p/cut5_1281.pickle
39
COCO mAP: 0.7425822019577026
/home/wxz/Documents/pickle/fastrcnn/1080p/cut7_5505.pickle
40
COCO mAP: 0.7057987451553345
/home/wxz/Documents/pickle/fastrcnn/1080p/cut7_8945.pickle
41
COCO mAP: 0.7626706957817078
/home/wxz/Documents/pickle/fastrcnn/1080p/cut4_8806.pickle
42
COCO mAP: 0.7749651670455933
/home/wxz/Documents/pickle/fastrcnn/1080p/cut5_6001.pickle
43
COCO mAP: 0.5246875882148743
/home/wxz/Documents/pickle/fastrcnn/1080p/cut3_513.pickle
44
COCO mAP: 0.6613637208938599
/home/wxz/Documents/pickle/fastrcnn/1080p/cut6_3329.pickle
45
COCO mAP: 0.4644099771976471
/home/wxz/Documents/pickle/fastrcnn/1080p/cut6_4401.pickle
46
COCO mAP: 0.5301786661148071
/home/wxz/Documents/pickle/fastrcnn/1080p/cut1_6156.pickle
47
COCO mAP: 0.8027893304824829
/home/wxz/Documents/pickle/fastrcnn/1080p/cut2_5130.pickle
48
COCO mAP: 0.8286405801773071
/home/wxz/Documents/pickle/fastrcnn/1080p/cut7_6165.pickle
49
COCO mAP: 0.5011903047561646
/home/wxz/Documents/pickle/fastrcnn/1080p/cut9_4209.pickle
50
COCO mAP: 0.6326698660850525
/home/wxz/Documents/pickle/fastrcnn/1080p/cut5_1521.pickle
51
COCO mAP: 0.6981375217437744
/home/wxz/Documents/pickle/fastrcnn/1080p/cut9_2225.pickle
52
COCO mAP: 0.7192944884300232
/home/wxz/Documents/pickle/fastrcnn/1080p/cut6_8893.pickle
53
COCO mAP: 0.7963796854019165
/home/wxz/Documents/pickle/fastrcnn/1080p/cut2_5521.pickle
54
COCO mAP: 0.8390105962753296
/home/wxz/Documents/pickle/fastrcnn/1080p/cut4_4241.pickle
55
COCO mAP: 0.8250422477722168
/home/wxz/Documents/pickle/fastrcnn/1080p/cut6_7107.pickle
56
COCO mAP: 0.7194895148277283
/home/wxz/Documents/pickle/fastrcnn/1080p/cut4_3801.pickle
57
COCO mAP: 0.4252920150756836
/home/wxz/Documents/pickle/fastrcnn/1080p/cut8_1253.pickle
58
COCO mAP: 0.474783718585968
/home/wxz/Documents/pickle/fastrcnn/1080p/cut1_6420.pickle
59
COCO mAP: 0.7466795444488525
/home/wxz/Documents/pickle/fastrcnn/1080p/cut5_7169.pickle
60
COCO mAP: 0.32901519536972046
/home/wxz/Documents/pickle/fastrcnn/1080p/cut6_1601.pickle
61
COCO mAP: 0.8718546032905579
/home/wxz/Documents/pickle/fastrcnn/1080p/cut8_2205.pickle
62
COCO mAP: 0.8477964401245117
/home/wxz/Documents/pickle/fastrcnn/1080p/cut4_1441.pickle
63
COCO mAP: 0.5532824397087097
/home/wxz/Documents/pickle/fastrcnn/1080p/cut6_2753.pickle
64
COCO mAP: 0.8420218229293823
/home/wxz/Documents/pickle/fastrcnn/1080p/cut2_7039.pickle
65
COCO mAP: 0.8165980577468872
/home/wxz/Documents/pickle/fastrcnn/1080p/cut7_1351.pickle
66
COCO mAP: 0.38330012559890747
/home/wxz/Documents/pickle/fastrcnn/1080p/cut8_3703.pickle
67
COCO mAP: 0.7516329884529114
/home/wxz/Documents/pickle/fastrcnn/1080p/cut9_5841.pickle
68
COCO mAP: 0.6905447244644165
/home/wxz/Documents/pickle/fastrcnn/1080p/cut9_817.pickle
69
COCO mAP: 0.6783663630485535
/home/wxz/Documents/pickle/fastrcnn/1080p/cut2_1381.pickle
70
COCO mAP: 0.2689417898654938
/home/wxz/Documents/pickle/fastrcnn/1080p/cut6_433.pickle
71
COCO mAP: 0.7455828785896301
/home/wxz/Documents/pickle/fastrcnn/1080p/cut4_7456.pickle
72
COCO mAP: 0.6865240335464478
/home/wxz/Documents/pickle/fastrcnn/1080p/cut2_7913.pickle
73
COCO mAP: 0.803512692451477
/home/wxz/Documents/pickle/fastrcnn/1080p/cut5_3345.pickle
74
COCO mAP: 0.6555517911911011
/home/wxz/Documents/pickle/fastrcnn/1080p/cut2_1910.pickle
75
COCO mAP: 0.5448799133300781
/home/wxz/Documents/pickle/fastrcnn/1080p/cut1_4227.pickle
76
COCO mAP: 0.7428691983222961
/home/wxz/Documents/pickle/fastrcnn/1080p/cut5_4305.pickle
77
COCO mAP: 0.31306570768356323
/home/wxz/Documents/pickle/fastrcnn/1080p/cut8_5228.pickle
78
COCO mAP: 0.778843104839325
/home/wxz/Documents/pickle/fastrcnn/1080p/cut3_913.pickle
79
COCO mAP: 0.4532402455806732
/home/wxz/Documents/pickle/fastrcnn/1080p/cut1_5283.pickle
80
COCO mAP: 0.6949182748794556
/home/wxz/Documents/pickle/fastrcnn/1080p/cut4_2501.pickle
81
COCO mAP: 0.7468453645706177
/home/wxz/Documents/pickle/fastrcnn/1080p/cut5_6737.pickle
82
COCO mAP: 0.47328200936317444
/home/wxz/Documents/pickle/fastrcnn/1080p/cut5_753.pickle
83
COCO mAP: 0.8355291485786438
/home/wxz/Documents/pickle/fastrcnn/1080p/cut7_145.pickle
84
COCO mAP: 0.7641307711601257
/home/wxz/Documents/pickle/fastrcnn/1080p/cut6_8677.pickle
85
COCO mAP: 0.7535755634307861
/home/wxz/Documents/pickle/fastrcnn/1080p/cut6_6648.pickle
86
COCO mAP: 0.7429975867271423
/home/wxz/Documents/pickle/fastrcnn/1080p/cut2_1243.pickle
87
COCO mAP: 0.5915202498435974
/home/wxz/Documents/pickle/fastrcnn/1080p/cut4_8428.pickle
88
COCO mAP: 0.6716897487640381
/home/wxz/Documents/pickle/fastrcnn/1080p/cut8_2611.pickle
89
COCO mAP: 0.04481905326247215
/home/wxz/Documents/pickle/fastrcnn/1080p/cut1_7989.pickle
90
COCO mAP: 0.7729783654212952
/home/wxz/Documents/pickle/fastrcnn/1080p/cut8_6600.pickle
91
COCO mAP: 0.6669470071792603
/home/wxz/Documents/pickle/fastrcnn/1080p/cut2_1542.pickle
92
COCO mAP: 0.7810534238815308
/home/wxz/Documents/pickle/fastrcnn/1080p/cut1_8224.pickle
93
COCO mAP: 0.7834948301315308
/home/wxz/Documents/pickle/fastrcnn/1080p/cut2_8419.pickle
94
COCO mAP: 0.5552343726158142
/home/wxz/Documents/pickle/fastrcnn/1080p/cut6_7260.pickle
95
COCO mAP: 0.7951375246047974
/home/wxz/Documents/pickle/fastrcnn/1080p/cut4_4421.pickle
96
COCO mAP: 0.6085093021392822
/home/wxz/Documents/pickle/fastrcnn/1080p/cut1_4843.pickle
97
COCO mAP: 0.8350138664245605
/home/wxz/Documents/pickle/fastrcnn/1080p/cut1_6508.pickle
98
COCO mAP: 0.16546481847763062
/home/wxz/Documents/pickle/fastrcnn/1080p/cut2_2278.pickle
99
COCO mAP: 0.44201645255088806
/home/wxz/Documents/pickle/fastrcnn/1080p/cut6_7005.pickle
100
COCO mAP: 0.6277004480361938
/home/wxz/Documents/pickle/fastrcnn/1080p/cut5_8257.pickle
101
COCO mAP: 0.7331824898719788
/home/wxz/Documents/pickle/fastrcnn/1080p/cut3_1905.pickle
102
COCO mAP: 0.5154381394386292
/home/wxz/Documents/pickle/fastrcnn/1080p/cut5_4113.pickle
103
COCO mAP: 0.7893341779708862
/home/wxz/Documents/pickle/fastrcnn/1080p/cut8_3311.pickle
104
COCO mAP: 0.6796222925186157
/home/wxz/Documents/pickle/fastrcnn/1080p/cut7_4005.pickle
105
COCO mAP: 0.7825642824172974
/home/wxz/Documents/pickle/fastrcnn/1080p/cut5_1905.pickle
106
COCO mAP: 0.8321446180343628
/home/wxz/Documents/pickle/fastrcnn/1080p/cut5_6353.pickle
107
COCO mAP: 0.5494052171707153
/home/wxz/Documents/pickle/fastrcnn/1080p/cut3_8609.pickle
108
COCO mAP: 0.8164812922477722
/home/wxz/Documents/pickle/fastrcnn/1080p/cut6_2289.pickle
109
COCO mAP: 0.7694941759109497
/home/wxz/Documents/pickle/fastrcnn/1080p/cut2_4532.pickle
110
COCO mAP: 0.7497467994689941
/home/wxz/Documents/pickle/fastrcnn/1080p/cut2_3313.pickle
111
COCO mAP: 0.3983894884586334
/home/wxz/Documents/pickle/fastrcnn/1080p/cut2_4210.pickle
112
COCO mAP: 0.5674205422401428
/home/wxz/Documents/pickle/fastrcnn/1080p/cut4_981.pickle
113
COCO mAP: 0.3899499773979187
/home/wxz/Documents/pickle/fastrcnn/1080p/cut8_2527.pickle
114
COCO mAP: 0.24856451153755188
/home/wxz/Documents/pickle/fastrcnn/1080p/cut5_1185.pickle
115
COCO mAP: 0.6654566526412964
/home/wxz/Documents/pickle/fastrcnn/1080p/cut8_6432.pickle
116
COCO mAP: 0.7327457070350647
/home/wxz/Documents/pickle/fastrcnn/1080p/cut6_3857.pickle
117
COCO mAP: 0.5311397910118103
/home/wxz/Documents/pickle/fastrcnn/1080p/cut7_8525.pickle
118
COCO mAP: 0.5300740003585815
/home/wxz/Documents/pickle/fastrcnn/1080p/cut6_1073.pickle
119
COCO mAP: 0.590438723564148
/home/wxz/Documents/pickle/fastrcnn/1080p/cut8_3409.pickle
120
COCO mAP: 0.6997023820877075
/home/wxz/Documents/pickle/fastrcnn/1080p/cut2_714.pickle
121
COCO mAP: 0.8923972249031067
/home/wxz/Documents/pickle/fastrcnn/1080p/cut5_7457.pickle
122
COCO mAP: 0.5129391551017761
/home/wxz/Documents/pickle/fastrcnn/1080p/cut1_3262.pickle
123
COCO mAP: 0.14950495958328247
/home/wxz/Documents/pickle/fastrcnn/1080p/cut4_4301.pickle
124
COCO mAP: 0.6239372491836548
/home/wxz/Documents/pickle/fastrcnn/1080p/cut4_3121.pickle
125
COCO mAP: 0.7209786176681519
/home/wxz/Documents/pickle/fastrcnn/1080p/cut7_3905.pickle
126
COCO mAP: 0.6778606176376343
/home/wxz/Documents/pickle/fastrcnn/1080p/cut6_4513.pickle
127
COCO mAP: 0.6907083988189697
/home/wxz/Documents/pickle/fastrcnn/1080p/cut2_4693.pickle
128
COCO mAP: 0.8123624920845032
/home/wxz/Documents/pickle/fastrcnn/1080p/cut9_3137.pickle
129
COCO mAP: 0.3420659899711609
/home/wxz/Documents/pickle/fastrcnn/1080p/cut4_5201.pickle
130
COCO mAP: 0.650566816329956
/home/wxz/Documents/pickle/fastrcnn/1080p/cut8_8714.pickle
131
COCO mAP: 0.7516698837280273
/home/wxz/Documents/pickle/fastrcnn/1080p/cut4_5701.pickle
132
COCO mAP: 0.2679896950721741
/home/wxz/Documents/pickle/fastrcnn/1080p/cut6_3521.pickle
133
COCO mAP: 0.6804722547531128
/home/wxz/Documents/pickle/fastrcnn/1080p/cut2_3221.pickle
134
COCO mAP: 0.6230164766311646
/home/wxz/Documents/pickle/fastrcnn/1080p/cut1_604.pickle
135
COCO mAP: 0.4078217148780823
/home/wxz/Documents/pickle/fastrcnn/1080p/cut6_4305.pickle
136
COCO mAP: 0.368483304977417
/home/wxz/Documents/pickle/fastrcnn/1080p/cut9_4305.pickle
137
COCO mAP: 0.7503957152366638
/home/wxz/Documents/pickle/fastrcnn/1080p/cut3_4545.pickle
138
COCO mAP: 0.6531648635864258
/home/wxz/Documents/pickle/fastrcnn/1080p/cut8_800.pickle
139
COCO mAP: 0.6908453702926636
/home/wxz/Documents/pickle/fastrcnn/1080p/cut5_1809.pickle
140
COCO mAP: 0.6921719312667847
/home/wxz/Documents/pickle/fastrcnn/1080p/cut7_1963.pickle
141
COCO mAP: 0.5287294387817383
/home/wxz/Documents/pickle/fastrcnn/1080p/cut7_7345.pickle
142
COCO mAP: 0.806108832359314
/home/wxz/Documents/pickle/fastrcnn/1080p/cut3_1217.pickle
143
COCO mAP: 0.6090559363365173
/home/wxz/Documents/pickle/fastrcnn/1080p/cut3_6769.pickle
144
COCO mAP: 0.7157315015792847
/home/wxz/Documents/pickle/fastrcnn/1080p/cut1_2110.pickle
145
COCO mAP: 0.6120356321334839
/home/wxz/Documents/pickle/fastrcnn/1080p/cut1_112.pickle
146
COCO mAP: 0.4372562766075134
/home/wxz/Documents/pickle/fastrcnn/1080p/cut2_5337.pickle
147
COCO mAP: 0.7816098928451538
/home/wxz/Documents/pickle/fastrcnn/1080p/cut1_430.pickle
148
COCO mAP: 0.3883983790874481
/home/wxz/Documents/pickle/fastrcnn/1080p/cut2_1496.pickle
149
COCO mAP: 0.7218376398086548
/home/wxz/Documents/pickle/fastrcnn/1080p/cut4_1201.pickle
150
COCO mAP: 0.6877660751342773
/home/wxz/Documents/pickle/fastrcnn/1080p/cut6_4145.pickle
151
COCO mAP: 0.3684954345226288
/home/wxz/Documents/pickle/fastrcnn/1080p/cut2_8005.pickle
152
COCO mAP: 0.7265670895576477
/home/wxz/Documents/pickle/fastrcnn/1080p/cut9_4113.pickle
153
COCO mAP: 0.4696166515350342
/home/wxz/Documents/pickle/fastrcnn/1080p/cut2_3842.pickle
154
COCO mAP: 0.45249128341674805
/home/wxz/Documents/pickle/fastrcnn/1080p/cut8_1000.pickle
155
COCO mAP: 0.43312010169029236
/home/wxz/Documents/pickle/fastrcnn/1080p/cut6_1297.pickle
156
COCO mAP: 0.7306433916091919
/home/wxz/Documents/pickle/fastrcnn/1080p/cut4_6646.pickle
157
COCO mAP: 0.747911274433136
/home/wxz/Documents/pickle/fastrcnn/1080p/cut7_6825.pickle
158
COCO mAP: 0.6147550344467163
/home/wxz/Documents/pickle/fastrcnn/1080p/cut5_7873.pickle
159
COCO mAP: 0.7367763519287109
/home/wxz/Documents/pickle/fastrcnn/1080p/cut6_7309.pickle
160
COCO mAP: 0.7958576679229736
/home/wxz/Documents/pickle/fastrcnn/1080p/cut3_3953.pickle
161
COCO mAP: 0.9304124712944031
/home/wxz/Documents/pickle/fastrcnn/1080p/cut7_5745.pickle
162
COCO mAP: 0.7382529377937317
/home/wxz/Documents/pickle/fastrcnn/1080p/cut7_2705.pickle
163
COCO mAP: 0.504644513130188
/home/wxz/Documents/pickle/fastrcnn/1080p/cut2_5245.pickle
164
COCO mAP: 0.5261658430099487
/home/wxz/Documents/pickle/fastrcnn/1080p/cut9_4401.pickle
165
COCO mAP: 0.8266323804855347
/home/wxz/Documents/pickle/fastrcnn/1080p/cut6_4049.pickle
166
COCO mAP: 0.693939745426178
/home/wxz/Documents/pickle/fastrcnn/1080p/cut3_2113.pickle
167
COCO mAP: 0.2575266361236572
/home/wxz/Documents/pickle/fastrcnn/1080p/cut5_3009.pickle
168
COCO mAP: 0.27711760997772217
/home/wxz/Documents/pickle/fastrcnn/1080p/cut1_517.pickle
169
COCO mAP: 0.7494386434555054
/home/wxz/Documents/pickle/fastrcnn/1080p/cut5_6449.pickle
170
COCO mAP: 0.6582208871841431
/home/wxz/Documents/pickle/fastrcnn/1080p/cut3_1521.pickle
171
COCO mAP: 0.7362650036811829
/home/wxz/Documents/pickle/fastrcnn/1080p/cut5_2001.pickle
172
COCO mAP: 0.6767224073410034
/home/wxz/Documents/pickle/fastrcnn/1080p/cut4_641.pickle
173
COCO mAP: 0.7568435072898865
/home/wxz/Documents/pickle/fastrcnn/1080p/cut2_5475.pickle
174
COCO mAP: 0.6480798125267029
/home/wxz/Documents/pickle/fastrcnn/1080p/cut7_241.pickle
175
COCO mAP: 0.5902502536773682
/home/wxz/Documents/pickle/fastrcnn/1080p/cut3_6385.pickle
176
COCO mAP: 0.6503198742866516
/home/wxz/Documents/pickle/fastrcnn/1080p/cut1_5019.pickle
177
COCO mAP: 0.8370873332023621
/home/wxz/Documents/pickle/fastrcnn/1080p/cut1_1934.pickle
178
COCO mAP: 0.16804239153862
/home/wxz/Documents/pickle/fastrcnn/1080p/cut6_2513.pickle
179
COCO mAP: 0.6588981747627258
/home/wxz/Documents/pickle/fastrcnn/1080p/cut7_5105.pickle
180
COCO mAP: 0.8011460304260254
/home/wxz/Documents/pickle/fastrcnn/1080p/cut7_8005.pickle
181
COCO mAP: 0.7326191067695618
/home/wxz/Documents/pickle/fastrcnn/1080p/cut8_6236.pickle
182
COCO mAP: 0.7624315023422241
/home/wxz/Documents/pickle/fastrcnn/1080p/cut8_113.pickle
183
COCO mAP: 0.570796012878418
/home/wxz/Documents/pickle/fastrcnn/1080p/cut9_5953.pickle
184
COCO mAP: 0.7306420803070068
/home/wxz/Documents/pickle/fastrcnn/1080p/cut9_2705.pickle
185
COCO mAP: 0.5151117444038391
/home/wxz/Documents/pickle/fastrcnn/1080p/cut9_3521.pickle
186
COCO mAP: 0.3032877743244171
/home/wxz/Documents/pickle/fastrcnn/1080p/cut7_5345.pickle
187
COCO mAP: 0.7419333457946777
/home/wxz/Documents/pickle/fastrcnn/1080p/cut8_4207.pickle
188
COCO mAP: 0.6374568343162537
/home/wxz/Documents/pickle/fastrcnn/1080p/cut7_5865.pickle
189
COCO mAP: 0.6783416271209717
/home/wxz/Documents/pickle/fastrcnn/1080p/cut2_4003.pickle
190
COCO mAP: 0.8423638343811035
/home/wxz/Documents/pickle/fastrcnn/1080p/cut1_1758.pickle
191
COCO mAP: 0.03935643658041954
/home/wxz/Documents/pickle/fastrcnn/1080p/cut7_561.pickle
192
COCO mAP: 0.7950502634048462
/home/wxz/Documents/pickle/fastrcnn/1080p/cut3_1121.pickle
193
COCO mAP: 0.6459592580795288
/home/wxz/Documents/pickle/fastrcnn/1080p/cut8_6838.pickle
194
COCO mAP: 0.70738685131073
/home/wxz/Documents/pickle/fastrcnn/1080p/cut3_8321.pickle
195
COCO mAP: 0.6925245523452759
/home/wxz/Documents/pickle/fastrcnn/1080p/cut7_3125.pickle
196
COCO mAP: 0.7526247501373291
/home/wxz/Documents/pickle/fastrcnn/1080p/cut3_4641.pickle
197
COCO mAP: 0.644914984703064
/home/wxz/Documents/pickle/fastrcnn/1080p/cut8_1435.pickle
198
COCO mAP: 0.7931110858917236
/home/wxz/Documents/pickle/fastrcnn/1080p/cut1_1671.pickle
199
COCO mAP: 0.2684818506240845
/home/wxz/Documents/pickle/fastrcnn/1080p/cut6_5713.pickle
200
COCO mAP: 0.7501869797706604
/home/wxz/Documents/pickle/fastrcnn/1080p/cut4_4041.pickle
201
COCO mAP: 0.7133060693740845
/home/wxz/Documents/pickle/fastrcnn/1080p/cut4_5801.pickle
202
COCO mAP: 0.25185611844062805
/home/wxz/Documents/pickle/fastrcnn/1080p/cut3_6289.pickle
203
COCO mAP: 0.7756599187850952
/home/wxz/Documents/pickle/fastrcnn/1080p/cut9_1.pickle
204
COCO mAP: 0.35679319500923157
/home/wxz/Documents/pickle/fastrcnn/1080p/cut3_2833.pickle
205
COCO mAP: 0.6623634099960327
/home/wxz/Documents/pickle/fastrcnn/1080p/cut5_2305.pickle
206
COCO mAP: 0.8244854807853699
/home/wxz/Documents/pickle/fastrcnn/1080p/cut9_2417.pickle
207
COCO mAP: 0.6498464345932007
/home/wxz/Documents/pickle/fastrcnn/1080p/cut2_4463.pickle
208
COCO mAP: 0.6766436100006104
/home/wxz/Documents/pickle/fastrcnn/1080p/cut5_8161.pickle
209
COCO mAP: 0.7770528793334961
/home/wxz/Documents/pickle/fastrcnn/1080p/cut1_3611.pickle
210
COCO mAP: 0.6593659520149231
/home/wxz/Documents/pickle/fastrcnn/1080p/cut4_4601.pickle
211
COCO mAP: 0.5171259641647339
/home/wxz/Documents/pickle/fastrcnn/1080p/cut4_8536.pickle
212
COCO mAP: 0.8218674659729004
/home/wxz/Documents/pickle/fastrcnn/1080p/cut6_337.pickle
213
COCO mAP: 0.5528019070625305
/home/wxz/Documents/pickle/fastrcnn/1080p/cut6_7543.pickle
214
COCO mAP: 0.6832872033119202
/home/wxz/Documents/pickle/fastrcnn/1080p/cut2_1818.pickle
215
COCO mAP: 0.8483797311782837
/home/wxz/Documents/pickle/fastrcnn/1080p/cut4_5021.pickle
216
COCO mAP: 0.6736276149749756
/home/wxz/Documents/pickle/fastrcnn/1080p/cut4_7564.pickle
217
COCO mAP: 0.7483664751052856
/home/wxz/Documents/pickle/fastrcnn/1080p/cut4_5461.pickle
218
COCO mAP: 0.180908203125
/home/wxz/Documents/pickle/fastrcnn/1080p/cut8_7930.pickle
219
COCO mAP: 0.6983104944229126
/home/wxz/Documents/pickle/fastrcnn/1080p/cut5_7361.pickle
220
COCO mAP: 0.8115928769111633
/home/wxz/Documents/pickle/fastrcnn/1080p/cut6_1809.pickle
221
COCO mAP: 0.7754286527633667
/home/wxz/Documents/pickle/fastrcnn/1080p/cut5_337.pickle
222
COCO mAP: 0.7551409006118774
/home/wxz/Documents/pickle/fastrcnn/1080p/cut7_3785.pickle
223
COCO mAP: 0.6292753219604492
/home/wxz/Documents/pickle/fastrcnn/1080p/cut2_231.pickle
224
COCO mAP: 0.6300550699234009
/home/wxz/Documents/pickle/fastrcnn/1080p/cut9_5265.pickle
225
COCO mAP: 0.7229516506195068
/home/wxz/Documents/pickle/fastrcnn/1080p/cut7_6065.pickle
226
COCO mAP: 0.7492755651473999
/home/wxz/Documents/pickle/fastrcnn/1080p/cut3_6673.pickle
227
COCO mAP: 0.3368378281593323
/home/wxz/Documents/pickle/fastrcnn/1080p/cut7_1585.pickle
228
COCO mAP: 0.6462486386299133
/home/wxz/Documents/pickle/fastrcnn/1080p/cut1_4051.pickle
229
COCO mAP: 0.7941416501998901
/home/wxz/Documents/pickle/fastrcnn/1080p/cut4_1081.pickle
230
COCO mAP: 0.6828721165657043
/home/wxz/Documents/pickle/fastrcnn/1080p/cut2_5682.pickle
231
COCO mAP: 0.5970430374145508
/home/wxz/Documents/pickle/fastrcnn/1080p/cut7_5225.pickle
232
COCO mAP: 0.7410674691200256
/home/wxz/Documents/pickle/fastrcnn/1080p/cut7_6405.pickle
233
COCO mAP: 0.7113834619522095
/home/wxz/Documents/pickle/fastrcnn/1080p/cut8_7230.pickle
234
COCO mAP: 0.6117681860923767
/home/wxz/Documents/pickle/fastrcnn/1080p/cut6_3953.pickle
235
COCO mAP: 0.7986045479774475
/home/wxz/Documents/pickle/fastrcnn/1080p/cut6_1393.pickle
236
COCO mAP: 0.7911648154258728
/home/wxz/Documents/pickle/fastrcnn/1080p/cut1_1053.pickle
237
COCO mAP: 0.5516676306724548
/home/wxz/Documents/pickle/fastrcnn/1080p/cut1_1228.pickle
238
COCO mAP: 0.4187546372413635
/home/wxz/Documents/pickle/fastrcnn/1080p/cut4_8644.pickle
239
COCO mAP: 0.6947515606880188
/home/wxz/Documents/pickle/fastrcnn/1080p/cut6_3713.pickle
240
COCO mAP: 0.5301496982574463
/home/wxz/Documents/pickle/fastrcnn/1080p/cut1_4315.pickle
241
COCO mAP: 0.8221930265426636
/home/wxz/Documents/pickle/fastrcnn/1080p/cut2_7177.pickle
242
COCO mAP: 0.8044946789741516
/home/wxz/Documents/pickle/fastrcnn/1080p/cut6_2849.pickle
243
COCO mAP: 0.8470287322998047
/home/wxz/Documents/pickle/fastrcnn/1080p/cut6_6036.pickle
244
COCO mAP: 0.7694339156150818
/home/wxz/Documents/pickle/fastrcnn/1080p/cut7_385.pickle
245
COCO mAP: 0.6635057330131531
/home/wxz/Documents/pickle/fastrcnn/1080p/cut1_4501.pickle
246
COCO mAP: 0.7589484453201294
/home/wxz/Documents/pickle/fastrcnn/1080p/cut3_5505.pickle
247
COCO mAP: 0.797045111656189
/home/wxz/Documents/pickle/fastrcnn/1080p/cut3_8993.pickle
248
COCO mAP: 0.5767300128936768
/home/wxz/Documents/pickle/fastrcnn/1080p/cut3_8225.pickle
249
COCO mAP: 0.25141745805740356
/home/wxz/Documents/pickle/fastrcnn/1080p/cut1_7754.pickle
250
COCO mAP: 0.4989933967590332
/home/wxz/Documents/pickle/fastrcnn/1080p/cut3_3073.pickle
251
COCO mAP: 0.6056641340255737
/home/wxz/Documents/pickle/fastrcnn/1080p/cut1_1404.pickle
252
COCO mAP: 0.4961743950843811
/home/wxz/Documents/pickle/fastrcnn/1080p/cut7_6505.pickle
253
COCO mAP: 0.5252037048339844
/home/wxz/Documents/pickle/fastrcnn/1080p/cut4_6021.pickle
254
COCO mAP: 0.1466229259967804
/home/wxz/Documents/pickle/fastrcnn/1080p/cut4_821.pickle
255
COCO mAP: 0.703917384147644
/home/wxz/Documents/pickle/fastrcnn/1080p/cut9_5361.pickle
256
COCO mAP: 0.8303797841072083
/home/wxz/Documents/pickle/fastrcnn/1080p/cut1_7139.pickle
257
COCO mAP: 0.10062966495752335
/home/wxz/Documents/pickle/fastrcnn/1080p/cut8_3829.pickle
258
COCO mAP: 0.33995291590690613
/home/wxz/Documents/pickle/fastrcnn/1080p/cut1_8114.pickle
259
COCO mAP: 0.47748440504074097
/home/wxz/Documents/pickle/fastrcnn/1080p/cut3_6961.pickle
260
COCO mAP: 0.7652664184570312
/home/wxz/Documents/pickle/fastrcnn/1080p/cut5_4209.pickle
261
COCO mAP: 0.7058147192001343
/home/wxz/Documents/pickle/fastrcnn/1080p/cut1_7004.pickle
262
COCO mAP: 0.2678217887878418
/home/wxz/Documents/pickle/fastrcnn/1080p/cut5_5809.pickle
263
COCO mAP: 0.7647529244422913
/home/wxz/Documents/pickle/fastrcnn/1080p/cut1_7524.pickle
264
COCO mAP: 0.5906838774681091
/home/wxz/Documents/pickle/fastrcnn/1080p/cut8_3507.pickle
265
COCO mAP: 0.7418287396430969
/home/wxz/Documents/pickle/fastrcnn/1080p/cut8_6922.pickle
266
COCO mAP: 0.5951518416404724
/home/wxz/Documents/pickle/fastrcnn/1080p/cut1_4758.pickle
267
COCO mAP: 0.8173654675483704
/home/wxz/Documents/pickle/fastrcnn/1080p/cut7_2965.pickle
268
COCO mAP: 0.7476340532302856
/home/wxz/Documents/pickle/fastrcnn/1080p/cut1_6332.pickle
269
COCO mAP: 0.670546293258667
/home/wxz/Documents/pickle/fastrcnn/1080p/cut3_337.pickle
270
COCO mAP: 0.23408253490924835
/home/wxz/Documents/pickle/fastrcnn/1080p/cut8_4123.pickle
271
COCO mAP: 0.5687054395675659
/home/wxz/Documents/pickle/fastrcnn/1080p/cut7_3845.pickle
272
COCO mAP: 0.49884137511253357
/home/wxz/Documents/pickle/fastrcnn/1080p/cut3_7201.pickle
273
COCO mAP: 0.4617844223976135
/home/wxz/Documents/pickle/fastrcnn/1080p/cut9_3425.pickle
274
COCO mAP: 0.040594059973955154
/home/wxz/Documents/pickle/fastrcnn/1080p/cut5_8449.pickle
275
COCO mAP: 0.7542978525161743
/home/wxz/Documents/pickle/fastrcnn/1080p/cut2_2094.pickle
276
COCO mAP: 0.6718372106552124
/home/wxz/Documents/pickle/fastrcnn/1080p/cut4_1321.pickle
277
COCO mAP: 0.5723544359207153
/home/wxz/Documents/pickle/fastrcnn/1080p/cut8_5704.pickle
278
COCO mAP: 0.7937325239181519
/home/wxz/Documents/pickle/fastrcnn/1080p/cut9_2609.pickle
279
COCO mAP: 0.8049293756484985
/home/wxz/Documents/pickle/fastrcnn/1080p/cut4_6754.pickle
280
COCO mAP: 0.571710467338562
/home/wxz/Documents/pickle/fastrcnn/1080p/cut3_2929.pickle
281
COCO mAP: 0.5512095093727112
/home/wxz/Documents/pickle/fastrcnn/1080p/cut2_4141.pickle
282
COCO mAP: 0.4475773274898529
/home/wxz/Documents/pickle/fastrcnn/1080p/cut6_3233.pickle
283
COCO mAP: 0.8143094778060913
/home/wxz/Documents/pickle/fastrcnn/1080p/cut3_6481.pickle
284
COCO mAP: 0.6024110913276672
/home/wxz/Documents/pickle/fastrcnn/1080p/cut7_2525.pickle
285
COCO mAP: 0.4192064702510834
/home/wxz/Documents/pickle/fastrcnn/1080p/cut8_1337.pickle
286
COCO mAP: 0.7363861799240112
/home/wxz/Documents/pickle/fastrcnn/1080p/cut7_1693.pickle
287
COCO mAP: 0.5896341800689697
/home/wxz/Documents/pickle/fastrcnn/1080p/cut5_561.pickle
288
COCO mAP: 0.7359670400619507
/home/wxz/Documents/pickle/fastrcnn/1080p/cut1_7314.pickle
289
COCO mAP: 0.11831430345773697
/home/wxz/Documents/pickle/fastrcnn/1080p/cut4_6916.pickle
290
COCO mAP: 0.5561019778251648
/home/wxz/Documents/pickle/fastrcnn/1080p/cut6_2145.pickle
291
COCO mAP: 0.7741913199424744
/home/wxz/Documents/pickle/fastrcnn/1080p/cut5_193.pickle
292
COCO mAP: 0.6765158176422119
/home/wxz/Documents/pickle/fastrcnn/1080p/cut6_8569.pickle
293
COCO mAP: 0.6582697629928589
/home/wxz/Documents/pickle/fastrcnn/1080p/cut5_5505.pickle
294
COCO mAP: 0.7209691405296326
/home/wxz/Documents/pickle/fastrcnn/1080p/cut1_7254.pickle
295
COCO mAP: 0.17793671786785126
/home/wxz/Documents/pickle/fastrcnn/1080p/cut2_2554.pickle
296
COCO mAP: 0.3729330599308014
/home/wxz/Documents/pickle/fastrcnn/1080p/cut8_4039.pickle
297
COCO mAP: 0.2383100539445877
/home/wxz/Documents/pickle/fastrcnn/1080p/cut9_3921.pickle
298
COCO mAP: 0.6088970303535461
/home/wxz/Documents/pickle/fastrcnn/1080p/cut7_4505.pickle
299
COCO mAP: 0.8448489904403687
/home/wxz/Documents/pickle/fastrcnn/1080p/cut4_8992.pickle
300
COCO mAP: 0.8255592584609985
/home/wxz/Documents/pickle/fastrcnn/1080p/cut6_4721.pickle
301
COCO mAP: 0.7570478320121765
/home/wxz/Documents/pickle/fastrcnn/1080p/cut7_6945.pickle
302
COCO mAP: 0.8194289207458496
/home/wxz/Documents/pickle/fastrcnn/1080p/cut2_3405.pickle
303
COCO mAP: 0.7079669237136841
/home/wxz/Documents/pickle/fastrcnn/1080p/cut2_8672.pickle
304
COCO mAP: 0.7930516004562378
/home/wxz/Documents/pickle/fastrcnn/1080p/cut1_3876.pickle
305
COCO mAP: 0.509053647518158
/home/wxz/Documents/pickle/fastrcnn/1080p/cut9_529.pickle
306
COCO mAP: 0.4398714601993561
/home/wxz/Documents/pickle/fastrcnn/1080p/cut9_2945.pickle
307
COCO mAP: 0.6944109797477722
/home/wxz/Documents/pickle/fastrcnn/1080p/cut4_3561.pickle
308
COCO mAP: 0.7186226844787598
/home/wxz/Documents/pickle/fastrcnn/1080p/cut4_6574.pickle
309
COCO mAP: 0.4744499623775482
/home/wxz/Documents/pickle/fastrcnn/1080p/cut9_2129.pickle
310
COCO mAP: 0.5276906490325928
/home/wxz/Documents/pickle/fastrcnn/1080p/cut9_2513.pickle
311
COCO mAP: 0.15880277752876282
/home/wxz/Documents/pickle/fastrcnn/1080p/cut3_3441.pickle
312
COCO mAP: 0.7317348718643188
/home/wxz/Documents/pickle/fastrcnn/1080p/cut3_7409.pickle
313
COCO mAP: 0.7243403196334839
/home/wxz/Documents/pickle/fastrcnn/1080p/cut7_1201.pickle
314
COCO mAP: 0.42217278480529785
/home/wxz/Documents/pickle/fastrcnn/1080p/cut2_1772.pickle
315
COCO mAP: 0.7565590143203735
/home/wxz/Documents/pickle/fastrcnn/1080p/cut1_966.pickle
316
COCO mAP: 0.8410899043083191
/home/wxz/Documents/pickle/fastrcnn/1080p/cut1_2732.pickle
317
COCO mAP: 0.1129184365272522
/home/wxz/Documents/pickle/fastrcnn/1080p/cut7_8405.pickle
318
COCO mAP: 0.7622617483139038
/home/wxz/Documents/pickle/fastrcnn/1080p/cut3_257.pickle
319
COCO mAP: 0.5401915907859802
/home/wxz/Documents/pickle/fastrcnn/1080p/cut9_6241.pickle
320
COCO mAP: 0.6278038024902344
/home/wxz/Documents/pickle/fastrcnn/1080p/cut1_3964.pickle
321
COCO mAP: 0.6013662219047546
/home/wxz/Documents/pickle/fastrcnn/1080p/cut7_7885.pickle
322
COCO mAP: 0.8705896139144897
/home/wxz/Documents/pickle/fastrcnn/1080p/cut5_4785.pickle
323
COCO mAP: 0.2620239853858948
/home/wxz/Documents/pickle/fastrcnn/1080p/cut4_1141.pickle
324
COCO mAP: 0.6795229315757751
/home/wxz/Documents/pickle/fastrcnn/1080p/cut6_4913.pickle
325
COCO mAP: 0.5518125295639038
/home/wxz/Documents/pickle/fastrcnn/1080p/cut4_2441.pickle
326
COCO mAP: 0.6869595646858215
/home/wxz/Documents/pickle/fastrcnn/1080p/cut1_2645.pickle
327
COCO mAP: 0.14085808396339417
/home/wxz/Documents/pickle/fastrcnn/1080p/cut9_5025.pickle
328
COCO mAP: 0.7747361063957214
/home/wxz/Documents/pickle/fastrcnn/1080p/cut7_7605.pickle
329
COCO mAP: 0.8264331817626953
/home/wxz/Documents/pickle/fastrcnn/1080p/cut3_1329.pickle
330
COCO mAP: 0.6816825270652771
/home/wxz/Documents/pickle/fastrcnn/1080p/cut3_1025.pickle
331
COCO mAP: 0.3393276035785675
/home/wxz/Documents/pickle/fastrcnn/1080p/cut7_8325.pickle
332
COCO mAP: 0.5368529558181763
/home/wxz/Documents/pickle/fastrcnn/1080p/cut5_8065.pickle
333
COCO mAP: 0.7795526385307312
/home/wxz/Documents/pickle/fastrcnn/1080p/cut1_3002.pickle
334
COCO mAP: 0.029702970758080482
/home/wxz/Documents/pickle/fastrcnn/1080p/cut7_2645.pickle
335
COCO mAP: 0.22248122096061707
/home/wxz/Documents/pickle/fastrcnn/1080p/cut7_1265.pickle
336
COCO mAP: 0.35210421681404114
/home/wxz/Documents/pickle/fastrcnn/1080p/cut8_702.pickle
337
COCO mAP: 0.9029837846755981
/home/wxz/Documents/pickle/fastrcnn/1080p/cut8_7006.pickle
338
COCO mAP: 0.7618836164474487
/home/wxz/Documents/pickle/fastrcnn/1080p/cut5_7633.pickle
339
COCO mAP: 0.6805196404457092
/home/wxz/Documents/pickle/fastrcnn/1080p/cut4_8104.pickle
340
COCO mAP: 0.6968990564346313
/home/wxz/Documents/pickle/fastrcnn/1080p/cut5_8737.pickle
341
COCO mAP: 0.4872054159641266
/home/wxz/Documents/pickle/fastrcnn/1080p/cut3_1713.pickle
342
COCO mAP: 0.4533466696739197
/home/wxz/Documents/pickle/fastrcnn/1080p/cut3_5713.pickle
343
COCO mAP: 0.7214284539222717
/home/wxz/Documents/pickle/fastrcnn/1080p/cut4_5601.pickle
344
COCO mAP: 0.23653455078601837
/home/wxz/Documents/pickle/fastrcnn/1080p/cut1_5889.pickle
345
COCO mAP: 0.7260854840278625
/home/wxz/Documents/pickle/fastrcnn/1080p/cut9_913.pickle
346
COCO mAP: 0.42262810468673706
/home/wxz/Documents/pickle/fastrcnn/1080p/cut5_6833.pickle
347
COCO mAP: 0.4486723840236664
/home/wxz/Documents/pickle/fastrcnn/1080p/cut6_721.pickle
348
COCO mAP: 0.0951535552740097
/home/wxz/Documents/pickle/fastrcnn/1080p/cut3_7841.pickle
349
COCO mAP: 0.6020448207855225
/home/wxz/Documents/pickle/fastrcnn/1080p/cut7_7065.pickle
350
COCO mAP: 0.4498792290687561
/home/wxz/Documents/pickle/fastrcnn/1080p/cut3_7057.pickle
351
COCO mAP: 0.6396380662918091
/home/wxz/Documents/pickle/fastrcnn/1080p/cut4_7780.pickle
352
COCO mAP: 0.687504768371582
/home/wxz/Documents/pickle/fastrcnn/1080p/cut4_2621.pickle
353
COCO mAP: 0.8011507987976074
/home/wxz/Documents/pickle/fastrcnn/1080p/cut5_7537.pickle
354
COCO mAP: 0.7091024518013
/home/wxz/Documents/pickle/fastrcnn/1080p/cut5_8641.pickle
355
COCO mAP: 0.837382435798645
/home/wxz/Documents/pickle/fastrcnn/1080p/cut8_3955.pickle
356
COCO mAP: 0.7907302975654602
/home/wxz/Documents/pickle/fastrcnn/1080p/cut2_1634.pickle
357
COCO mAP: 0.7147636413574219
/home/wxz/Documents/pickle/fastrcnn/1080p/cut5_1425.pickle
358
COCO mAP: 0.8100282549858093
/home/wxz/Documents/pickle/fastrcnn/1080p/cut1_8939.pickle
359
COCO mAP: 0.8488119840621948
/home/wxz/Documents/pickle/fastrcnn/1080p/cut2_2922.pickle
360
COCO mAP: 0.6889082193374634
/home/wxz/Documents/pickle/fastrcnn/1080p/cut8_7328.pickle
361
COCO mAP: 0.5713286995887756
/home/wxz/Documents/pickle/fastrcnn/1080p/cut8_2821.pickle
362
COCO mAP: 0.7083285450935364
/home/wxz/Documents/pickle/fastrcnn/1080p/cut8_5312.pickle
363
COCO mAP: 0.8616369366645813
/home/wxz/Documents/pickle/fastrcnn/1080p/cut1_1140.pickle
364
COCO mAP: 0.6896005868911743
/home/wxz/Documents/pickle/fastrcnn/1080p/cut4_2721.pickle
365
COCO mAP: 0.8501675724983215
/home/wxz/Documents/pickle/fastrcnn/1080p/cut7_481.pickle
366
COCO mAP: 0.6275706887245178
/home/wxz/Documents/pickle/fastrcnn/1080p/cut7_8105.pickle
367
COCO mAP: 0.7259631752967834
/home/wxz/Documents/pickle/fastrcnn/1080p/cut8_6726.pickle
368
COCO mAP: 0.6922519207000732
/home/wxz/Documents/pickle/fastrcnn/1080p/cut5_289.pickle
369
COCO mAP: 0.8397663235664368
/home/wxz/Documents/pickle/fastrcnn/1080p/cut9_1601.pickle
370
COCO mAP: 0.8784886598587036
/home/wxz/Documents/pickle/fastrcnn/1080p/cut9_1409.pickle
371
COCO mAP: 0.6090618968009949
/home/wxz/Documents/pickle/fastrcnn/1080p/cut9_1201.pickle
372
COCO mAP: 0.47739362716674805
/home/wxz/Documents/pickle/fastrcnn/1080p/cut5_6257.pickle
373
COCO mAP: 0.7491937875747681
/home/wxz/Documents/pickle/fastrcnn/1080p/cut9_625.pickle
374
COCO mAP: 0.620689868927002
/home/wxz/Documents/pickle/fastrcnn/1080p/cut8_8462.pickle
375
COCO mAP: 0.8528173565864563
/home/wxz/Documents/pickle/fastrcnn/1080p/cut8_8014.pickle
376
COCO mAP: 0.6882100701332092
/home/wxz/Documents/pickle/fastrcnn/1080p/cut3_5409.pickle
377
COCO mAP: 0.48372364044189453
/home/wxz/Documents/pickle/fastrcnn/1080p/cut2_507.pickle
378
COCO mAP: 0.6199884414672852
/home/wxz/Documents/pickle/fastrcnn/1080p/cut2_2485.pickle
379
COCO mAP: 0.40950876474380493
/home/wxz/Documents/pickle/fastrcnn/1080p/cut6_5313.pickle
380
COCO mAP: 0.6719728112220764
/home/wxz/Documents/pickle/fastrcnn/1080p/cut3_3313.pickle
381
COCO mAP: 0.54853355884552
/home/wxz/Documents/pickle/fastrcnn/1080p/cut5_6545.pickle
382
COCO mAP: 0.8070478439331055
/home/wxz/Documents/pickle/fastrcnn/1080p/cut3_5025.pickle
383
COCO mAP: 0.6899193525314331
/home/wxz/Documents/pickle/fastrcnn/1080p/cut8_1113.pickle
384
COCO mAP: 0.448613703250885
/home/wxz/Documents/pickle/fastrcnn/1080p/cut3_8033.pickle
385
COCO mAP: 0.7724565267562866
/home/wxz/Documents/pickle/fastrcnn/1080p/cut4_2841.pickle
386
COCO mAP: 0.764785885810852
/home/wxz/Documents/pickle/fastrcnn/1080p/cut3_5217.pickle
387
COCO mAP: 0.42796558141708374
/home/wxz/Documents/pickle/fastrcnn/1080p/cut2_2715.pickle
388
COCO mAP: 0.7496607899665833
/home/wxz/Documents/pickle/fastrcnn/1080p/cut6_7453.pickle
389
COCO mAP: 0.6285520792007446
/home/wxz/Documents/pickle/fastrcnn/1080p/cut6_817.pickle
390
COCO mAP: 0.49467015266418457
/home/wxz/Documents/pickle/fastrcnn/1080p/cut3_2737.pickle
391
COCO mAP: 0.629074215888977
/home/wxz/Documents/pickle/fastrcnn/1080p/cut7_2885.pickle
392
COCO mAP: 0.2708646357059479
/home/wxz/Documents/pickle/fastrcnn/1080p/cut5_3441.pickle
393
COCO mAP: 0.536260724067688
/home/wxz/Documents/pickle/fastrcnn/1080p/cut1_7644.pickle
394
COCO mAP: 0.3969469666481018
/home/wxz/Documents/pickle/fastrcnn/1080p/cut3_5809.pickle
395
COCO mAP: 0.7893169522285461
/home/wxz/Documents/pickle/fastrcnn/1080p/cut8_7804.pickle
396
COCO mAP: 0.6218484044075012
/home/wxz/Documents/pickle/fastrcnn/1080p/cut3_5601.pickle
397
COCO mAP: 0.47038403153419495
/home/wxz/Documents/pickle/fastrcnn/1080p/cut5_7073.pickle
398
COCO mAP: 0.7028419971466064
/home/wxz/Documents/pickle/fastrcnn/1080p/cut9_6305.pickle
399
COCO mAP: 0.7251685857772827
/home/wxz/Documents/pickle/fastrcnn/1080p/cut3_8129.pickle
400
COCO mAP: 0.6601707935333252
/home/wxz/Documents/pickle/fastrcnn/1080p/cut5_4545.pickle
401
COCO mAP: 0.47132986783981323
/home/wxz/Documents/pickle/fastrcnn/1080p/cut7_3425.pickle
402
COCO mAP: 0.7645179033279419
/home/wxz/Documents/pickle/fastrcnn/1080p/cut3_8513.pickle
403
COCO mAP: 0.7046843767166138
/home/wxz/Documents/pickle/fastrcnn/1080p/cut8_506.pickle
404
COCO mAP: 0.6725764274597168
/home/wxz/Documents/pickle/fastrcnn/1080p/cut2_5912.pickle
405
COCO mAP: 0.7849280834197998
/home/wxz/Documents/pickle/fastrcnn/1080p/cut5_2545.pickle
406
COCO mAP: 0.34002813696861267
/home/wxz/Documents/pickle/fastrcnn/1080p/cut3_4209.pickle
407
COCO mAP: 0.5883877277374268
/home/wxz/Documents/pickle/fastrcnn/1080p/cut6_8029.pickle
408
COCO mAP: 0.8269150853157043
/home/wxz/Documents/pickle/fastrcnn/1080p/cut8_7510.pickle
409
COCO mAP: 0.5028814673423767
/home/wxz/Documents/pickle/fastrcnn/1080p/cut3_2001.pickle
410
COCO mAP: 0.43463534116744995
/home/wxz/Documents/pickle/fastrcnn/1080p/cut3_7937.pickle
411
COCO mAP: 0.767616868019104
/home/wxz/Documents/pickle/fastrcnn/1080p/cut3_705.pickle
412
COCO mAP: 0.8043034672737122
/home/wxz/Documents/pickle/fastrcnn/1080p/cut4_2241.pickle
413
COCO mAP: 0.7190490365028381
/home/wxz/Documents/pickle/fastrcnn/1080p/cut2_7522.pickle
414
COCO mAP: 0.8209282755851746
/home/wxz/Documents/pickle/fastrcnn/1080p/cut2_8879.pickle
415
COCO mAP: 0.7801753282546997
/home/wxz/Documents/pickle/fastrcnn/1080p/cut9_4017.pickle
416
COCO mAP: 0.7928093671798706
/home/wxz/Documents/pickle/fastrcnn/1080p/cut3_3857.pickle
417
COCO mAP: 0.25928837060928345
/home/wxz/Documents/pickle/fastrcnn/1080p/cut5_4641.pickle
418
COCO mAP: 0.55284583568573
/home/wxz/Documents/pickle/fastrcnn/1080p/cut4_7024.pickle
419
COCO mAP: 0.6745095252990723
/home/wxz/Documents/pickle/fastrcnn/1080p/cut5_5713.pickle
420
COCO mAP: 0.543752133846283
/home/wxz/Documents/pickle/fastrcnn/1080p/cut5_1377.pickle
421
COCO mAP: 0.7858591079711914
/home/wxz/Documents/pickle/fastrcnn/1080p/cut7_3545.pickle
422
COCO mAP: 0.6659669876098633
/home/wxz/Documents/pickle/fastrcnn/1080p/cut5_3105.pickle
423
COCO mAP: 0.6854285597801208
/home/wxz/Documents/pickle/fastrcnn/1080p/cut1_4671.pickle
424
COCO mAP: 0.8678922653198242
/home/wxz/Documents/pickle/fastrcnn/1080p/cut4_6293.pickle
425
COCO mAP: 0.2791573107242584
/home/wxz/Documents/pickle/fastrcnn/1080p/cut9_2033.pickle
426
COCO mAP: 0.722507655620575
/home/wxz/Documents/pickle/fastrcnn/1080p/cut9_4913.pickle
427
COCO mAP: 0.404677152633667
/home/wxz/Documents/pickle/fastrcnn/1080p/cut5_1713.pickle
428
COCO mAP: 0.8456987142562866
/home/wxz/Documents/pickle/fastrcnn/1080p/cut8_8602.pickle
429
COCO mAP: 0.8328914642333984
/home/wxz/Documents/pickle/fastrcnn/1080p/cut1_2908.pickle
430
COCO mAP: 0.05475247651338577
/home/wxz/Documents/pickle/fastrcnn/1080p/cut8_4431.pickle
431
COCO mAP: 0.8099316358566284
/home/wxz/Documents/pickle/fastrcnn/1080p/cut3_1633.pickle
432
COCO mAP: 0.43648847937583923
/home/wxz/Documents/pickle/fastrcnn/1080p/cut5_3633.pickle
433
COCO mAP: 0.4523591101169586
/home/wxz/Documents/pickle/fastrcnn/1080p/cut3_609.pickle
434
COCO mAP: 0.6739112138748169
/home/wxz/Documents/pickle/fastrcnn/1080p/cut3_417.pickle
435
COCO mAP: 0.7537274956703186
/home/wxz/Documents/pickle/fastrcnn/1080p/cut2_3704.pickle
436
COCO mAP: 0.4031739830970764
/home/wxz/Documents/pickle/fastrcnn/1080p/cut4_461.pickle
437
COCO mAP: 0.39858609437942505
/home/wxz/Documents/pickle/fastrcnn/1080p/cut2_7361.pickle
438
COCO mAP: 0.7419520020484924
/home/wxz/Documents/pickle/fastrcnn/1080p/cut8_1827.pickle
439
COCO mAP: 0.8036538362503052
/home/wxz/Documents/pickle/fastrcnn/1080p/cut2_8603.pickle
440
COCO mAP: 0.8570634722709656
/home/wxz/Documents/pickle/fastrcnn/1080p/cut8_2331.pickle
441
COCO mAP: 0.5439519286155701
/home/wxz/Documents/pickle/fastrcnn/1080p/cut7_2145.pickle
442
COCO mAP: 0.618188202381134
/home/wxz/Documents/pickle/fastrcnn/1080p/cut9_6145.pickle
443
COCO mAP: 0.49054116010665894
/home/wxz/Documents/pickle/fastrcnn/1080p/cut2_3106.pickle
444
COCO mAP: 0.830285370349884
/home/wxz/Documents/pickle/fastrcnn/1080p/cut3_6001.pickle
445
COCO mAP: 0.47261008620262146
/home/wxz/Documents/pickle/fastrcnn/1080p/cut3_1809.pickle
446
COCO mAP: 0.7201433181762695
/home/wxz/Documents/pickle/fastrcnn/1080p/cut1_8319.pickle
447
COCO mAP: 0.7896971106529236
/home/wxz/Documents/pickle/fastrcnn/1080p/cut6_193.pickle
448
COCO mAP: 0.8885403871536255
/home/wxz/Documents/pickle/fastrcnn/1080p/cut1_1846.pickle
449
COCO mAP: 0.5367449522018433
/home/wxz/Documents/pickle/fastrcnn/1080p/cut6_8785.pickle
450
COCO mAP: 0.8273271322250366
/home/wxz/Documents/pickle/fastrcnn/1080p/cut9_5409.pickle
451
COCO mAP: 0.6456513404846191
/home/wxz/Documents/pickle/fastrcnn/1080p/cut5_657.pickle
452
COCO mAP: 0.7965716123580933
/home/wxz/Documents/pickle/fastrcnn/1080p/cut6_8353.pickle
453
COCO mAP: 0.8178583979606628
/home/wxz/Documents/pickle/fastrcnn/1080p/cut8_8924.pickle
454
COCO mAP: 0.14653465151786804
/home/wxz/Documents/pickle/fastrcnn/1080p/cut6_5934.pickle
455
COCO mAP: 0.7048741579055786
/home/wxz/Documents/pickle/fastrcnn/1080p/cut3_8417.pickle
456
COCO mAP: 0.7623684406280518
/home/wxz/Documents/pickle/fastrcnn/1080p/cut4_8068.pickle
457
COCO mAP: 0.7757558822631836
/home/wxz/Documents/pickle/fastrcnn/1080p/cut9_1105.pickle
458
COCO mAP: 0.7343522310256958
/home/wxz/Documents/pickle/fastrcnn/1080p/cut7_8825.pickle
459
COCO mAP: 0.7691519856452942
/home/wxz/Documents/pickle/fastrcnn/1080p/cut2_3612.pickle
460
COCO mAP: 0.43604159355163574
/home/wxz/Documents/pickle/fastrcnn/1080p/cut6_3041.pickle
461
COCO mAP: 0.571117639541626
/home/wxz/Documents/pickle/fastrcnn/1080p/cut7_4425.pickle
462
COCO mAP: 0.8179143667221069
/home/wxz/Documents/pickle/fastrcnn/1080p/cut7_6705.pickle
463
COCO mAP: 0.8008745908737183
/home/wxz/Documents/pickle/fastrcnn/1080p/cut9_209.pickle
464
COCO mAP: 0.8601201772689819
/home/wxz/Documents/pickle/fastrcnn/1080p/cut4_261.pickle
465
COCO mAP: 0.44312387704849243
/home/wxz/Documents/pickle/fastrcnn/1080p/cut4_3401.pickle
466
COCO mAP: 0.7322648763656616
/home/wxz/Documents/pickle/fastrcnn/1080p/cut3_3217.pickle
467
COCO mAP: 0.5561681389808655
/home/wxz/Documents/pickle/fastrcnn/1080p/cut9_4641.pickle
468
COCO mAP: 0.5337917804718018
/home/wxz/Documents/pickle/fastrcnn/1080p/cut7_6365.pickle
469
COCO mAP: 0.867106556892395
/home/wxz/Documents/pickle/fastrcnn/1080p/cut4_3241.pickle
470
COCO mAP: 0.769580066204071
/home/wxz/Documents/pickle/fastrcnn/1080p/cut8_8546.pickle
471
COCO mAP: 0.7328783869743347
/home/wxz/Documents/pickle/fastrcnn/1080p/cut8_8840.pickle
472
COCO mAP: 0.566412627696991
/home/wxz/Documents/pickle/fastrcnn/1080p/cut3_7505.pickle
473
COCO mAP: 0.8988367319107056
/home/wxz/Documents/pickle/fastrcnn/1080p/cut5_7969.pickle
474
COCO mAP: 0.7152190208435059
/home/wxz/Documents/pickle/fastrcnn/1080p/cut4_7258.pickle
475
COCO mAP: 0.7862875461578369
/home/wxz/Documents/pickle/fastrcnn/1080p/cut4_1801.pickle
476
COCO mAP: 0.895438015460968
/home/wxz/Documents/pickle/fastrcnn/1080p/cut7_4845.pickle
477
COCO mAP: 0.6758652925491333
/home/wxz/Documents/pickle/fastrcnn/1080p/cut6_8137.pickle
478
COCO mAP: 0.7538460493087769
/home/wxz/Documents/pickle/fastrcnn/1080p/cut4_761.pickle
479
COCO mAP: 0.501360297203064
/home/wxz/Documents/pickle/fastrcnn/1080p/cut2_8925.pickle
480
COCO mAP: 0.6006592512130737
/home/wxz/Documents/pickle/fastrcnn/1080p/cut4_5281.pickle
481
COCO mAP: 0.2585095465183258
/home/wxz/Documents/pickle/fastrcnn/1080p/cut1_5700.pickle
482
COCO mAP: 0.7772358655929565
/home/wxz/Documents/pickle/fastrcnn/1080p/cut7_641.pickle
483
COCO mAP: 0.5428845882415771
/home/wxz/Documents/pickle/fastrcnn/1080p/cut2_5751.pickle
484
COCO mAP: 0.7121895551681519
/home/wxz/Documents/pickle/fastrcnn/1080p/cut9_113.pickle
485
COCO mAP: 0.7770160436630249
/home/wxz/Documents/pickle/fastrcnn/1080p/cut4_7348.pickle
486
COCO mAP: 0.7753363847732544
/home/wxz/Documents/pickle/fastrcnn/1080p/cut1_3438.pickle
487
COCO mAP: 0.7430492639541626
/home/wxz/Documents/pickle/fastrcnn/1080p/cut7_4305.pickle
488
COCO mAP: 0.7874032258987427
/home/wxz/Documents/pickle/fastrcnn/1080p/cut5_897.pickle
489
COCO mAP: 0.8990169763565063
/home/wxz/Documents/pickle/fastrcnn/1080p/cut3_3601.pickle
490
COCO mAP: 0.5722169876098633
/home/wxz/Documents/pickle/fastrcnn/1080p/cut5_8881.pickle
491
COCO mAP: 0.9037726521492004
/home/wxz/Documents/pickle/fastrcnn/1080p/cut5_3729.pickle
492
COCO mAP: 0.23383645713329315
/home/wxz/Documents/pickle/fastrcnn/1080p/cut4_6412.pickle
493
COCO mAP: 0.9208817481994629
/home/wxz/Documents/pickle/fastrcnn/1080p/cut5_3809.pickle
494
COCO mAP: 0.6184192895889282
/home/wxz/Documents/pickle/fastrcnn/1080p/cut4_7672.pickle
495
COCO mAP: 0.7086387276649475
/home/wxz/Documents/pickle/fastrcnn/1080p/cut1_2820.pickle
496
COCO mAP: 0.26079678535461426
/home/wxz/Documents/pickle/fastrcnn/1080p/cut4_521.pickle
497
COCO mAP: 0.39878636598587036
/home/wxz/Documents/pickle/fastrcnn/1080p/cut9_1937.pickle
498
COCO mAP: 0.6925639510154724
/home/wxz/Documents/pickle/fastrcnn/1080p/cut6_5611.pickle
499
COCO mAP: 0.6189629435539246
/home/wxz/Documents/pickle/fastrcnn/1080p/cut4_2001.pickle
500
COCO mAP: 0.15236635506153107
/home/wxz/Documents/pickle/fastrcnn/1080p/cut1_5373.pickle
501
COCO mAP: 0.6911035180091858
/home/wxz/Documents/pickle/fastrcnn/1080p/cut8_912.pickle
502
COCO mAP: 0.7130850553512573
/home/wxz/Documents/pickle/fastrcnn/1080p/cut6_6750.pickle
503
COCO mAP: 0.6368189454078674
/home/wxz/Documents/pickle/fastrcnn/1080p/cut4_5401.pickle
504
COCO mAP: 0.25728195905685425
/home/wxz/Documents/pickle/fastrcnn/1080p/cut3_3505.pickle
505
COCO mAP: 0.6953076124191284
/home/wxz/Documents/pickle/fastrcnn/1080p/cut5_8353.pickle
506
COCO mAP: 0.7296196222305298
/home/wxz/Documents/pickle/fastrcnn/1080p/cut6_8461.pickle
507
COCO mAP: 0.5562273263931274
/home/wxz/Documents/pickle/fastrcnn/1080p/cut7_5945.pickle
508
COCO mAP: 0.6027765870094299
/home/wxz/Documents/pickle/fastrcnn/1080p/cut3_2609.pickle
509
COCO mAP: 0.7468923330307007
/home/wxz/Documents/pickle/fastrcnn/1080p/cut6_7741.pickle
510
COCO mAP: 0.7841194868087769
/home/wxz/Documents/pickle/fastrcnn/1080p/cut8_4613.pickle
511
COCO mAP: 0.47297772765159607
/home/wxz/Documents/pickle/fastrcnn/1080p/cut2_852.pickle
512
COCO mAP: 0.7883716821670532
/home/wxz/Documents/pickle/fastrcnn/1080p/cut5_4017.pickle
513
COCO mAP: 0.6879676580429077
/home/wxz/Documents/pickle/fastrcnn/1080p/cut1_4931.pickle
514
COCO mAP: 0.8007023930549622
/home/wxz/Documents/pickle/fastrcnn/1080p/cut6_5201.pickle
515
COCO mAP: 0.5737513899803162
/home/wxz/Documents/pickle/fastrcnn/1080p/cut8_3619.pickle
516
COCO mAP: 0.5064753293991089
/home/wxz/Documents/pickle/fastrcnn/1080p/cut2_6717.pickle
517
COCO mAP: 0.8260847330093384
/home/wxz/Documents/pickle/fastrcnn/1080p/cut4_7996.pickle
518
COCO mAP: 0.7512288689613342
/home/wxz/Documents/pickle/fastrcnn/1080p/cut8_1519.pickle
519
COCO mAP: 0.7679200172424316
/home/wxz/Documents/pickle/fastrcnn/1080p/cut2_5061.pickle
520
COCO mAP: 0.6655063629150391
/home/wxz/Documents/pickle/fastrcnn/1080p/cut5_7265.pickle
521
COCO mAP: 0.6671713590621948
/home/wxz/Documents/pickle/fastrcnn/1080p/cut5_2401.pickle
522
COCO mAP: 0.5701698064804077
/home/wxz/Documents/pickle/fastrcnn/1080p/cut2_8741.pickle
523
COCO mAP: 0.7176430225372314
/home/wxz/Documents/pickle/fastrcnn/1080p/cut6_2433.pickle
524
COCO mAP: 0.7203371524810791
/home/wxz/Documents/pickle/fastrcnn/1080p/cut3_1.pickle
525
COCO mAP: 0.7145900130271912
/home/wxz/Documents/pickle/fastrcnn/1080p/cut4_1761.pickle
526
COCO mAP: 0.34645435214042664
/home/wxz/Documents/pickle/fastrcnn/1080p/cut5_6929.pickle
527
COCO mAP: 0.5783668756484985
/home/wxz/Documents/pickle/fastrcnn/1080p/cut2_7430.pickle
528
COCO mAP: 0.8190687298774719
/home/wxz/Documents/pickle/fastrcnn/1080p/cut9_2801.pickle
529
COCO mAP: 0.5077037811279297
/home/wxz/Documents/pickle/fastrcnn/1080p/cut6_6189.pickle
530
COCO mAP: 0.693159818649292
/home/wxz/Documents/pickle/fastrcnn/1080p/cut5_2817.pickle
531
COCO mAP: 0.7441285848617554
/home/wxz/Documents/pickle/fastrcnn/1080p/cut2_7660.pickle
532
COCO mAP: 0.7108485102653503
/home/wxz/Documents/pickle/fastrcnn/1080p/cut6_7975.pickle
533
COCO mAP: 0.6991790533065796
/home/wxz/Documents/pickle/fastrcnn/1080p/cut3_6865.pickle
534
COCO mAP: 0.7163481712341309
/home/wxz/Documents/pickle/fastrcnn/1080p/cut8_4515.pickle
535
COCO mAP: 0.7074218392372131
/home/wxz/Documents/pickle/fastrcnn/1080p/cut3_3393.pickle
536
COCO mAP: 0.5133469700813293
/home/wxz/Documents/pickle/fastrcnn/1080p/cut1_879.pickle
537
COCO mAP: 0.7552385330200195
/home/wxz/Documents/pickle/fastrcnn/1080p/cut9_3329.pickle
538
COCO mAP: 0.15544554591178894
/home/wxz/Documents/pickle/fastrcnn/1080p/cut2_8143.pickle
539
COCO mAP: 0.5807374119758606
/home/wxz/Documents/pickle/fastrcnn/1080p/cut4_5817.pickle
540
COCO mAP: 0.2514238655567169
/home/wxz/Documents/pickle/fastrcnn/1080p/cut9_5505.pickle
541
COCO mAP: 0.7101988196372986
/home/wxz/Documents/pickle/fastrcnn/1080p/cut2_4762.pickle
542
COCO mAP: 0.7947579622268677
/home/wxz/Documents/pickle/fastrcnn/1080p/cut4_3621.pickle
543
COCO mAP: 0.7527419924736023
/home/wxz/Documents/pickle/fastrcnn/1080p/cut6_1489.pickle
544
COCO mAP: 0.6087309122085571
/home/wxz/Documents/pickle/fastrcnn/1080p/cut1_3174.pickle
545
COCO mAP: 0.17673268914222717
/home/wxz/Documents/pickle/fastrcnn/1080p/cut6_5832.pickle
546
COCO mAP: 0.7505311369895935
/home/wxz/Documents/pickle/fastrcnn/1080p/cut6_5105.pickle
547
COCO mAP: 0.6738989353179932
/home/wxz/Documents/pickle/fastrcnn/1080p/cut4_161.pickle
548
COCO mAP: 0.810111403465271
/home/wxz/Documents/pickle/fastrcnn/1080p/cut3_4305.pickle
549
COCO mAP: 0.2788718342781067
/home/wxz/Documents/pickle/fastrcnn/1080p/cut1_3526.pickle
550
COCO mAP: 0.532929539680481
/home/wxz/Documents/pickle/fastrcnn/1080p/cut2_7292.pickle
551
COCO mAP: 0.7298110723495483
/home/wxz/Documents/pickle/fastrcnn/1080p/cut7_4725.pickle
552
COCO mAP: 0.7245493531227112
/home/wxz/Documents/pickle/fastrcnn/1080p/cut3_3793.pickle
553
COCO mAP: 0.5576815009117126
/home/wxz/Documents/pickle/fastrcnn/1080p/cut5_3537.pickle
554
COCO mAP: 0.5352002382278442
/home/wxz/Documents/pickle/fastrcnn/1080p/cut5_2913.pickle
555
COCO mAP: 0.764063835144043
/home/wxz/Documents/pickle/fastrcnn/1080p/cut7_7945.pickle
556
COCO mAP: 0.7800694108009338
/home/wxz/Documents/pickle/fastrcnn/1080p/cut8_7412.pickle
557
COCO mAP: 0.3094618320465088
/home/wxz/Documents/pickle/fastrcnn/1080p/cut3_6193.pickle
558
COCO mAP: 0.7772857546806335
/home/wxz/Documents/pickle/fastrcnn/1080p/cut4_3001.pickle
559
COCO mAP: 0.7699042558670044
/home/wxz/Documents/pickle/fastrcnn/1080p/cut4_5901.pickle
560
COCO mAP: 0.20833328366279602
/home/wxz/Documents/pickle/fastrcnn/1080p/cut2_1036.pickle
561
COCO mAP: 0.649960458278656
/home/wxz/Documents/pickle/fastrcnn/1080p/cut8_1715.pickle
562
COCO mAP: 0.8733882904052734
/home/wxz/Documents/pickle/fastrcnn/1080p/cut5_8992.pickle
563
COCO mAP: 0.7323900461196899
/home/wxz/Documents/pickle/fastrcnn/1080p/cut6_3617.pickle
564
COCO mAP: 0.4349774718284607
/home/wxz/Documents/pickle/fastrcnn/1080p/cut5_6641.pickle
565
COCO mAP: 0.8372069597244263
/home/wxz/Documents/pickle/fastrcnn/1080p/cut6_6240.pickle
566
COCO mAP: 0.5940687656402588
/home/wxz/Documents/pickle/fastrcnn/1080p/cut8_4906.pickle
567
COCO mAP: 0.44717511534690857
/home/wxz/Documents/pickle/fastrcnn/1080p/cut6_8947.pickle
568
COCO mAP: 0.6552296876907349
/home/wxz/Documents/pickle/fastrcnn/1080p/cut7_1.pickle
569
COCO mAP: 0.7686545252799988
/home/wxz/Documents/pickle/fastrcnn/1080p/cut1_2471.pickle
570
COCO mAP: 0.4253086447715759
/home/wxz/Documents/pickle/fastrcnn/1080p/cut6_2001.pickle
571
COCO mAP: 0.850843608379364
/home/wxz/Documents/pickle/fastrcnn/1080p/cut6_1201.pickle
572
COCO mAP: 0.7695716619491577
/home/wxz/Documents/pickle/fastrcnn/1080p/cut6_6903.pickle
573
COCO mAP: 0.6976876258850098
/home/wxz/Documents/pickle/fastrcnn/1080p/cut2_93.pickle
574
COCO mAP: 0.4347892701625824
/home/wxz/Documents/pickle/fastrcnn/1080p/cut5_8545.pickle
575
COCO mAP: 0.6943925023078918
/home/wxz/Documents/pickle/fastrcnn/1080p/cut7_1105.pickle
576
COCO mAP: 0.3458208739757538
/home/wxz/Documents/pickle/fastrcnn/1080p/cut7_1855.pickle
577
COCO mAP: 0.5670191049575806
/home/wxz/Documents/pickle/fastrcnn/1080p/cut5_8785.pickle
578
COCO mAP: 0.834813117980957
/home/wxz/Documents/pickle/fastrcnn/1080p/cut2_6510.pickle
579
COCO mAP: 0.74824059009552
/home/wxz/Documents/pickle/fastrcnn/1080p/cut8_1645.pickle
580
COCO mAP: 0.8055559992790222
/home/wxz/Documents/pickle/fastrcnn/1080p/cut4_5321.pickle
581
COCO mAP: 0.268828809261322
/home/wxz/Documents/pickle/fastrcnn/1080p/cut2_6418.pickle
582
COCO mAP: 0.7778421640396118
/home/wxz/Documents/pickle/fastrcnn/1080p/cut9_1009.pickle
583
COCO mAP: 0.5394018888473511
/home/wxz/Documents/pickle/fastrcnn/1080p/cut7_6645.pickle
584
COCO mAP: 0.8361587524414062
/home/wxz/Documents/pickle/fastrcnn/1080p/cut4_1681.pickle
585
COCO mAP: 0.61725914478302
/home/wxz/Documents/pickle/fastrcnn/1080p/cut9_401.pickle
586
COCO mAP: 0.548996090888977
/home/wxz/Documents/pickle/fastrcnn/1080p/cut3_2209.pickle
587
COCO mAP: 0.6397793889045715
/home/wxz/Documents/pickle/fastrcnn/1080p/cut8_4809.pickle
588
COCO mAP: 0.0549757182598114
/home/wxz/Documents/pickle/fastrcnn/1080p/cut6_4641.pickle
589
COCO mAP: 0.500778079032898
/home/wxz/Documents/pickle/fastrcnn/1080p/cut7_833.pickle
590
COCO mAP: 0.5016078948974609
/home/wxz/Documents/pickle/fastrcnn/1080p/cut5_6113.pickle
591
COCO mAP: 0.3453563153743744
/home/wxz/Documents/pickle/fastrcnn/1080p/cut6_7867.pickle
592
COCO mAP: 0.8050150871276855
/home/wxz/Documents/pickle/fastrcnn/1080p/cut6_6444.pickle
593
COCO mAP: 0.6259006857872009
/home/wxz/Documents/pickle/fastrcnn/1080p/cut1_4139.pickle
594
COCO mAP: 0.7344537973403931
/home/wxz/Documents/pickle/fastrcnn/1080p/cut3_817.pickle
595
COCO mAP: 0.39445066452026367
/home/wxz/Documents/pickle/fastrcnn/1080p/cut4_1.pickle
596
COCO mAP: 0.79997718334198
/home/wxz/Documents/pickle/fastrcnn/1080p/cut4_2121.pickle
597
COCO mAP: 0.7627457976341248
/home/wxz/Documents/pickle/fastrcnn/1080p/cut2_8534.pickle
598
COCO mAP: 0.6417729258537292
/home/wxz/Documents/pickle/fastrcnn/1080p/cut4_4721.pickle
599
COCO mAP: 0.16509251296520233
/home/wxz/Documents/pickle/fastrcnn/1080p/cut1_8759.pickle
600
COCO mAP: 0.8250116109848022
/home/wxz/Documents/pickle/fastrcnn/1080p/cut8_2737.pickle
601
COCO mAP: 0.5753122568130493
/home/wxz/Documents/pickle/fastrcnn/1080p/cut8_3003.pickle
602
COCO mAP: 0.6909288167953491
/home/wxz/Documents/pickle/fastrcnn/1080p/cut4_3341.pickle
603
COCO mAP: 0.6959813833236694
/home/wxz/Documents/pickle/fastrcnn/1080p/cut4_8914.pickle
604
COCO mAP: 0.5947753190994263
/home/wxz/Documents/pickle/fastrcnn/1080p/cut6_1537.pickle
605
COCO mAP: 0.4943864941596985
/home/wxz/Documents/pickle/fastrcnn/1080p/cut3_4737.pickle
606
COCO mAP: 0.33929643034935
/home/wxz/Documents/pickle/fastrcnn/1080p/cut1_8509.pickle
607
COCO mAP: 0.7937915921211243
/home/wxz/Documents/pickle/fastrcnn/1080p/cut5_4929.pickle
608
COCO mAP: 0.26810622215270996
/home/wxz/Documents/pickle/fastrcnn/1080p/cut2_6602.pickle
609
COCO mAP: 0.7902958989143372
/home/wxz/Documents/pickle/fastrcnn/1080p/cut7_7465.pickle
610
COCO mAP: 0.7652137875556946
/home/wxz/Documents/pickle/fastrcnn/1080p/cut3_2305.pickle
611
COCO mAP: 0.6374639272689819
/home/wxz/Documents/pickle/fastrcnn/1080p/cut6_4241.pickle
612
COCO mAP: 0.8583857417106628
/home/wxz/Documents/pickle/fastrcnn/1080p/cut3_5313.pickle
613
COCO mAP: 0.5462533235549927
/home/wxz/Documents/pickle/fastrcnn/1080p/cut7_3665.pickle
614
COCO mAP: 0.5080249309539795
/home/wxz/Documents/pickle/fastrcnn/1080p/cut7_5445.pickle
615
COCO mAP: 0.7700948119163513
/home/wxz/Documents/pickle/fastrcnn/1080p/cut1_5107.pickle
616
COCO mAP: 0.7697754502296448
/home/wxz/Documents/pickle/fastrcnn/1080p/cut6_5009.pickle
617
COCO mAP: 0.7843788862228394
/home/wxz/Documents/pickle/fastrcnn/1080p/cut3_4833.pickle
618
COCO mAP: 0.577559769153595
/home/wxz/Documents/pickle/fastrcnn/1080p/cut1_6068.pickle
619
COCO mAP: 0.3779735565185547
/home/wxz/Documents/pickle/fastrcnn/1080p/cut8_7706.pickle
620
COCO mAP: 0.6082979440689087
/home/wxz/Documents/pickle/fastrcnn/1080p/cut6_5409.pickle
621
COCO mAP: 0.4876622259616852
/home/wxz/Documents/pickle/fastrcnn/1080p/cut4_6141.pickle
622
COCO mAP: 0.27225208282470703
/home/wxz/Documents/pickle/fastrcnn/1080p/cut7_2017.pickle
623
COCO mAP: 0.5238478183746338
/home/wxz/Documents/pickle/fastrcnn/1080p/cut9_5601.pickle
624
COCO mAP: 0.7313815951347351
/home/wxz/Documents/pickle/fastrcnn/1080p/cut3_7649.pickle
625
COCO mAP: 0.8027474284172058
/home/wxz/Documents/pickle/fastrcnn/1080p/cut4_361.pickle
626
COCO mAP: 0.4907345771789551
/home/wxz/Documents/pickle/fastrcnn/1080p/cut4_5521.pickle
627
COCO mAP: 0.20130153000354767
/home/wxz/Documents/pickle/fastrcnn/1080p/cut6_689.pickle
628
COCO mAP: 0.5617811679840088
/home/wxz/Documents/pickle/fastrcnn/1080p/cut4_4121.pickle
629
COCO mAP: 0.35719820857048035
/home/wxz/Documents/pickle/fastrcnn/1080p/cut7_8225.pickle
630
COCO mAP: 0.8428214192390442
/home/wxz/Documents/pickle/fastrcnn/1080p/cut4_4841.pickle
631
COCO mAP: 0.5456228256225586
/home/wxz/Documents/pickle/fastrcnn/1080p/cut9_305.pickle
632
COCO mAP: 0.5704527497291565
/home/wxz/Documents/pickle/fastrcnn/1080p/cut9_5713.pickle
633
COCO mAP: 0.7378709316253662
/home/wxz/Documents/pickle/fastrcnn/1080p/cut4_3901.pickle
634
COCO mAP: 0.2856270670890808
/home/wxz/Documents/pickle/fastrcnn/1080p/cut1_2558.pickle
635
COCO mAP: 0.049504950642585754
/home/wxz/Documents/pickle/fastrcnn/1080p/cut8_5620.pickle
636
COCO mAP: 0.8679819107055664
/home/wxz/Documents/pickle/fastrcnn/1080p/cut3_3169.pickle
637
COCO mAP: 0.5851706862449646
/home/wxz/Documents/pickle/fastrcnn/1080p/cut4_6201.pickle
638
COCO mAP: 0.6215921640396118
/home/wxz/Documents/pickle/fastrcnn/1080p/cut2_1312.pickle
639
COCO mAP: 0.5288405418395996
/home/wxz/Documents/pickle/fastrcnn/1080p/cut6_1905.pickle
640
COCO mAP: 0.7872129082679749
/home/wxz/Documents/pickle/fastrcnn/1080p/cut9_3729.pickle
641
COCO mAP: 0.8022705912590027
/home/wxz/Documents/pickle/fastrcnn/1080p/cut2_6142.pickle
642
COCO mAP: 0.4874609410762787
/home/wxz/Documents/pickle/fastrcnn/1080p/cut3_8705.pickle
643
COCO mAP: 0.8078925013542175
/home/wxz/Documents/pickle/fastrcnn/1080p/cut8_5032.pickle
644
COCO mAP: 0.7286235094070435
/home/wxz/Documents/pickle/fastrcnn/1080p/cut8_2905.pickle
645
COCO mAP: 0.3425549268722534
/home/wxz/Documents/pickle/fastrcnn/1080p/cut2_2002.pickle
646
COCO mAP: 0.7435287237167358
/home/wxz/Documents/pickle/fastrcnn/1080p/cut8_209.pickle
647
COCO mAP: 0.4613015055656433
/home/wxz/Documents/pickle/fastrcnn/1080p/cut2_8327.pickle
648
COCO mAP: 0.7628329992294312
/home/wxz/Documents/pickle/fastrcnn/1080p/cut5_5617.pickle
649
COCO mAP: 0.6075045466423035
/home/wxz/Documents/pickle/fastrcnn/1080p/cut7_3245.pickle
650
COCO mAP: 0.7243181467056274
/home/wxz/Documents/pickle/fastrcnn/1080p/cut9_5169.pickle
651
COCO mAP: 0.7989121675491333
/home/wxz/Documents/pickle/fastrcnn/1080p/cut9_2321.pickle
652
COCO mAP: 0.33899620175361633
/home/wxz/Documents/pickle/fastrcnn/1080p/cut7_5625.pickle
653
COCO mAP: 0.7695132493972778
/home/wxz/Documents/pickle/fastrcnn/1080p/cut8_5410.pickle
654
COCO mAP: 0.7312697172164917
/home/wxz/Documents/pickle/fastrcnn/1080p/cut8_2009.pickle
655
COCO mAP: 0.7782697677612305
/home/wxz/Documents/pickle/fastrcnn/1080p/cut8_604.pickle
656
COCO mAP: 0.7634295225143433
/home/wxz/Documents/pickle/fastrcnn/1080p/cut7_737.pickle
657
COCO mAP: 0.35784828662872314
/home/wxz/Documents/pickle/fastrcnn/1080p/cut6_3425.pickle
658
COCO mAP: 0.8058721423149109
/home/wxz/Documents/pickle/fastrcnn/1080p/cut7_7185.pickle
659
COCO mAP: 0.8399392366409302
/home/wxz/Documents/pickle/fastrcnn/1080p/cut5_2209.pickle
660
COCO mAP: 0.7393187880516052
/home/wxz/Documents/pickle/fastrcnn/1080p/cut4_4541.pickle
661
COCO mAP: 0.7235664129257202
/home/wxz/Documents/pickle/fastrcnn/1080p/cut3_5121.pickle
662
COCO mAP: 0.41133469343185425
/home/wxz/Documents/pickle/fastrcnn/1080p/cut1_4403.pickle
663
COCO mAP: 0.8404900431632996
/home/wxz/Documents/pickle/fastrcnn/1080p/cut6_2945.pickle
664
COCO mAP: 0.7431267499923706
/home/wxz/Documents/pickle/fastrcnn/1080p/cut1_6244.pickle
665
COCO mAP: 0.701097846031189
/home/wxz/Documents/pickle/fastrcnn/1080p/cut5_4401.pickle
666
COCO mAP: 0.6140046715736389
/home/wxz/Documents/pickle/fastrcnn/1080p/cut8_3213.pickle
667
COCO mAP: 0.7297377586364746
/home/wxz/Documents/pickle/fastrcnn/1080p/cut2_3520.pickle
668
COCO mAP: 0.8670138120651245
/home/wxz/Documents/pickle/fastrcnn/1080p/cut7_1747.pickle
669
COCO mAP: 0.5695630311965942
/home/wxz/Documents/pickle/fastrcnn/1080p/cut6_1713.pickle
670
COCO mAP: 0.8997241258621216
/home/wxz/Documents/pickle/fastrcnn/1080p/cut4_8752.pickle
671
COCO mAP: 0.8229897618293762
/home/wxz/Documents/pickle/fastrcnn/1080p/cut3_3713.pickle
672
COCO mAP: 0.7658019661903381
/home/wxz/Documents/pickle/fastrcnn/1080p/cut8_4305.pickle
673
COCO mAP: 0.4008772373199463
/home/wxz/Documents/pickle/fastrcnn/1080p/cut5_5905.pickle
674
COCO mAP: 0.8183229565620422
/home/wxz/Documents/pickle/fastrcnn/1080p/cut9_6049.pickle
675
COCO mAP: 0.8108944892883301
/home/wxz/Documents/pickle/fastrcnn/1080p/cut6_6546.pickle
676
COCO mAP: 0.5133334994316101
/home/wxz/Documents/pickle/fastrcnn/1080p/cut5_2625.pickle
677
COCO mAP: 0.7460860013961792
/home/wxz/Documents/pickle/fastrcnn/1080p/cut6_6342.pickle
678
COCO mAP: 0.7281556129455566
/home/wxz/Documents/pickle/fastrcnn/1080p/cut7_929.pickle
679
COCO mAP: 0.3227296471595764
/home/wxz/Documents/pickle/fastrcnn/1080p/cut3_2513.pickle
680
COCO mAP: 0.6875337362289429
/home/wxz/Documents/pickle/fastrcnn/1080p/cut5_1.pickle
681
COCO mAP: 0.7966227531433105
/home/wxz/Documents/pickle/fastrcnn/1080p/cut9_1505.pickle
682
COCO mAP: 0.6191093325614929
/home/wxz/Documents/pickle/fastrcnn/1080p/cut8_5928.pickle
683
COCO mAP: 0.6489160656929016
/home/wxz/Documents/pickle/fastrcnn/1080p/cut9_4737.pickle
684
COCO mAP: 0.5436755418777466
/home/wxz/Documents/pickle/fastrcnn/1080p/cut5_2721.pickle
685
COCO mAP: 0.6577796936035156
/home/wxz/Documents/pickle/fastrcnn/1080p/cut6_2385.pickle
686
COCO mAP: 0.7676490545272827
/home/wxz/Documents/pickle/fastrcnn/1080p/cut7_7285.pickle
687
COCO mAP: 0.757116436958313
/home/wxz/Documents/pickle/fastrcnn/1080p/cut8_1911.pickle
688
COCO mAP: 0.7866497039794922
/home/wxz/Documents/pickle/fastrcnn/1080p/cut3_7153.pickle
689
COCO mAP: 0.6158341765403748
/home/wxz/Documents/pickle/fastrcnn/1080p/cut4_5709.pickle
690
COCO mAP: 0.24246463179588318
/home/wxz/Documents/pickle/fastrcnn/1080p/cut1_6909.pickle
691
COCO mAP: 0.17280057072639465
/home/wxz/Documents/pickle/fastrcnn/1080p/cut8_6110.pickle
692
COCO mAP: 0.8228925466537476
/home/wxz/Documents/pickle/fastrcnn/1080p/cut3_2401.pickle
693
COCO mAP: 0.8150564432144165
/home/wxz/Documents/pickle/fastrcnn/1080p/cut7_6285.pickle
694
COCO mAP: 0.6668528318405151
/home/wxz/Documents/pickle/fastrcnn/1080p/cut8_4725.pickle
695
COCO mAP: 0.40460819005966187
/home/wxz/Documents/pickle/fastrcnn/1080p/cut9_721.pickle
696
COCO mAP: 0.5963382124900818
/home/wxz/Documents/pickle/fastrcnn/1080p/cut1_704.pickle
697
COCO mAP: 0.7563539743423462
/home/wxz/Documents/pickle/fastrcnn/1080p/cut9_3233.pickle
698
COCO mAP: 0.015841584652662277
/home/wxz/Documents/pickle/fastrcnn/1080p/cut3_6097.pickle
699
COCO mAP: 0.7644692659378052
/home/wxz/Documents/pickle/fastrcnn/1080p/cut8_7608.pickle
700
COCO mAP: 0.5433337688446045
/home/wxz/Documents/pickle/fastrcnn/1080p/cut8_8252.pickle
701
COCO mAP: 0.5483883619308472
/home/wxz/Documents/pickle/fastrcnn/1080p/cut7_8705.pickle
702
COCO mAP: 0.7470940947532654
/home/wxz/Documents/pickle/fastrcnn/1080p/cut5_5313.pickle
703
COCO mAP: 0.43240371346473694
/home/wxz/Documents/pickle/fastrcnn/1080p/cut5_1089.pickle
704
COCO mAP: 0.8136831521987915
/home/wxz/Documents/pickle/fastrcnn/1080p/cut8_5522.pickle
705
COCO mAP: 0.7960888147354126
/home/wxz/Documents/pickle/fastrcnn/1080p/cut5_7729.pickle
706
COCO mAP: 0.7352496385574341
/home/wxz/Documents/pickle/fastrcnn/1080p/cut3_8945.pickle
707
COCO mAP: 0.5512627363204956
/home/wxz/Documents/pickle/fastrcnn/1080p/cut2_6901.pickle
708
COCO mAP: 0.8117321729660034
/home/wxz/Documents/pickle/fastrcnn/1080p/cut5_1617.pickle
709
COCO mAP: 0.775651752948761
/home/wxz/Documents/pickle/fastrcnn/1080p/cut1_8864.pickle
710
COCO mAP: 0.8597825169563293
/home/wxz/Documents/pickle/fastrcnn/1080p/cut3_2257.pickle
711
COCO mAP: 0.5669957399368286
/home/wxz/Documents/pickle/fastrcnn/1080p/cut3_8801.pickle
712
COCO mAP: 0.387686550617218
/home/wxz/Documents/pickle/fastrcnn/1080p/cut5_2113.pickle
713
COCO mAP: 0.7127984762191772
/home/wxz/Documents/pickle/fastrcnn/1080p/cut9_4817.pickle
714
COCO mAP: 0.46880918741226196
/home/wxz/Documents/pickle/fastrcnn/1080p/cut7_8645.pickle
715
COCO mAP: 0.5754585266113281
/home/wxz/Documents/pickle/fastrcnn/1080p/cut1_2022.pickle
716
COCO mAP: 0.6071438193321228
/home/wxz/Documents/pickle/fastrcnn/1080p/cut6_6801.pickle
717
COCO mAP: 0.6639168858528137
/home/wxz/Documents/pickle/fastrcnn/1080p/cut4_6808.pickle
718
COCO mAP: 0.456732839345932
/home/wxz/Documents/pickle/fastrcnn/1080p/cut1_17.pickle
719
COCO mAP: 0.081650011241436
/home/wxz/Documents/pickle/fastrcnn/1080p/cut4_1901.pickle
720
COCO mAP: 0.6305757761001587
/home/wxz/Documents/pickle/fastrcnn/1080p/cut7_3005.pickle
721
COCO mAP: 0.8197007179260254
/home/wxz/Documents/pickle/fastrcnn/1080p/cut9_1745.pickle
722
COCO mAP: 0.8124133944511414
/home/wxz/Documents/pickle/fastrcnn/1080p/cut7_4225.pickle
723
COCO mAP: 0.7252303957939148
/home/wxz/Documents/pickle/fastrcnn/1080p/cut4_8320.pickle
724
COCO mAP: 0.7698136568069458
/home/wxz/Documents/pickle/fastrcnn/1080p/cut4_3701.pickle
725
COCO mAP: 0.7717326283454895
/home/wxz/Documents/pickle/fastrcnn/1080p/cut2_7821.pickle
726
COCO mAP: 0.8248365521430969
/home/wxz/Documents/pickle/fastrcnn/1080p/cut6_577.pickle
727
COCO mAP: 0.7574898600578308
/home/wxz/Documents/pickle/fastrcnn/1080p/cut3_5905.pickle
728
COCO mAP: 0.7520574331283569
/home/wxz/Documents/pickle/fastrcnn/1080p/cut3_1425.pickle
729
COCO mAP: 0.8444636464118958
/home/wxz/Documents/pickle/fastrcnn/1080p/cut2_7706.pickle
730
COCO mAP: 0.7619333863258362
/home/wxz/Documents/pickle/fastrcnn/1080p/cut8_346.pickle
731
COCO mAP: 0.5368010997772217
/home/wxz/Documents/pickle/fastrcnn/1080p/cut6_8245.pickle
732
COCO mAP: 0.7485138773918152
/home/wxz/Documents/pickle/fastrcnn/1080p/cut6_3137.pickle
733
COCO mAP: 0.5900489687919617
/home/wxz/Documents/pickle/fastrcnn/1080p/cut1_2202.pickle
734
COCO mAP: 0.5124185085296631
/home/wxz/Documents/pickle/fastrcnn/1080p/cut1_8419.pickle
735
COCO mAP: 0.43511056900024414
/home/wxz/Documents/pickle/fastrcnn/1080p/cut8_5802.pickle
736
COCO mAP: 0.7638338804244995
/home/wxz/Documents/pickle/fastrcnn/1080p/cut2_3911.pickle
737
COCO mAP: 0.657575249671936
/home/wxz/Documents/pickle/fastrcnn/1080p/cut8_6362.pickle
738
COCO mAP: 0.5774457454681396
/home/wxz/Documents/pickle/fastrcnn/1080p/cut2_6027.pickle
739
COCO mAP: 0.6727081537246704
/home/wxz/Documents/pickle/fastrcnn/1080p/cut6_1105.pickle
740
COCO mAP: 0.46275240182876587
/home/wxz/Documents/pickle/fastrcnn/1080p/cut8_496.pickle
741
COCO mAP: 0.6376848220825195
/home/wxz/Documents/pickle/fastrcnn/1080p/cut1_1503.pickle
742
COCO mAP: 0.12118811905384064
/home/wxz/Documents/pickle/fastrcnn/1080p/cut1_3350.pickle
743
COCO mAP: 0.5727389454841614
/home/wxz/Documents/pickle/fastrcnn/1080p/cut1_343.pickle
744
COCO mAP: 0.44975438714027405
/home/wxz/Documents/pickle/fastrcnn/1080p/cut9_1841.pickle
745
COCO mAP: 0.8545568585395813
/home/wxz/Documents/pickle/fastrcnn/1080p/cut2_3014.pickle
746
COCO mAP: 0.5644338726997375
/home/wxz/Documents/pickle/fastrcnn/1080p/cut7_3365.pickle
747
COCO mAP: 0.7682157754898071
/home/wxz/Documents/pickle/fastrcnn/1080p/cut2_6303.pickle
748
COCO mAP: 0.7551125288009644
/home/wxz/Documents/pickle/fastrcnn/1080p/cut1_6821.pickle
749
COCO mAP: 0.049504946917295456
/home/wxz/Documents/pickle/fastrcnn/1080p/cut2_4348.pickle
750
COCO mAP: 0.7036435008049011
/home/wxz/Documents/pickle/fastrcnn/1080p/cut1_6604.pickle
751
COCO mAP: 0.27211302518844604
/home/wxz/Documents/pickle/fastrcnn/1080p/cut1_6689.pickle
752
COCO mAP: 0.24024787545204163
/home/wxz/Documents/pickle/fastrcnn/1080p/cut3_7745.pickle
753
COCO mAP: 0.6835969686508179
/home/wxz/Documents/pickle/fastrcnn/1080p/cut5_5217.pickle
754
COCO mAP: 0.6251634359359741
/home/wxz/Documents/pickle/fastrcnn/1080p/cut2_6809.pickle
755
COCO mAP: 0.7394304275512695
/home/wxz/Documents/pickle/fastrcnn/1080p/cut1_2302.pickle
756
COCO mAP: 0.5428429245948792
/home/wxz/Documents/pickle/fastrcnn/1080p/cut7_2405.pickle
757
COCO mAP: 0.6134134531021118
/home/wxz/Documents/pickle/fastrcnn/1080p/cut5_401.pickle
758
COCO mAP: 0.6187424659729004
/home/wxz/Documents/pickle/fastrcnn/1080p/cut8_3129.pickle
759
COCO mAP: 0.8121892809867859
/home/wxz/Documents/pickle/fastrcnn/1080p/cut5_4881.pickle
760
COCO mAP: 0.30544722080230713
/home/wxz/Documents/pickle/fastrcnn/1080p/cut3_4929.pickle
761
COCO mAP: 0.6220768094062805
/home/wxz/Documents/pickle/fastrcnn/1080p/cut5_5025.pickle
762
COCO mAP: 0.7931326627731323
/home/wxz/Documents/pickle/fastrcnn/1080p/cut6_961.pickle
763
COCO mAP: 0.6803995966911316
/home/wxz/Documents/pickle/fastrcnn/1080p/cut8_5144.pickle
764
COCO mAP: 0.8206955790519714
/home/wxz/Documents/pickle/fastrcnn/1080p/cut5_5409.pickle
765
COCO mAP: 0.7949420809745789
/home/wxz/Documents/pickle/fastrcnn/1080p/cut1_5613.pickle
766
COCO mAP: 0.8097672462463379
/home/wxz/Documents/pickle/fastrcnn/1080p/cut2_2370.pickle
767
COCO mAP: 0.4731323719024658
/home/wxz/Documents/pickle/fastrcnn/1080p/cut7_4985.pickle
768
COCO mAP: 0.7027395367622375
/home/wxz/Documents/pickle/fastrcnn/1080p/cut6_1.pickle
769
COCO mAP: 0.728823184967041
/home/wxz/Documents/pickle/fastrcnn/1080p/cut8_2107.pickle
770
COCO mAP: 0.6296210289001465
/home/wxz/Documents/pickle/fastrcnn/1080p/cut8_2401.pickle
771
COCO mAP: 0.005585323087871075
/home/wxz/Documents/pickle/fastrcnn/1080p/cut4_8212.pickle
772
COCO mAP: 0.7826656103134155
/home/wxz/Documents/pickle/fastrcnn/1080p/cut8_6516.pickle
773
COCO mAP: 0.7579459547996521
/home/wxz/Documents/pickle/fastrcnn/1080p/cut4_4901.pickle
774
COCO mAP: 0.5584089756011963
/home/wxz/Documents/pickle/fastrcnn/1080p/cut1_1316.pickle
775
COCO mAP: 0.2577444612979889
/home/wxz/Documents/pickle/fastrcnn/1080p/cut3_145.pickle
776
COCO mAP: 0.6213935017585754
/home/wxz/Documents/pickle/fastrcnn/1080p/cut7_4605.pickle
777
COCO mAP: 0.7105764746665955
/home/wxz/Documents/pickle/fastrcnn/1080p/cut8_8168.pickle
778
COCO mAP: 0.7075175046920776
/home/wxz/Documents/pickle/fastrcnn/1080p/cut8_6012.pickle
779
COCO mAP: 0.809281051158905
/home/wxz/Documents/pickle/fastrcnn/1080p/cut1_5524.pickle
780
COCO mAP: 0.820324718952179
/home/wxz/Documents/pickle/fastrcnn/1080p/cut4_7888.pickle
781
COCO mAP: 0.7105413675308228
/home/wxz/Documents/pickle/fastrcnn/1080p/cut2_2807.pickle
782
COCO mAP: 0.8105629682540894
/home/wxz/Documents/pickle/fastrcnn/1080p/cut7_2365.pickle
783
COCO mAP: 0.5956273078918457
/home/wxz/Documents/pickle/fastrcnn/1080p/cut1_7444.pickle
784
COCO mAP: 0.7226378917694092
/home/wxz/Documents/pickle/fastrcnn/1080p/cut2_369.pickle
785
COCO mAP: 0.5911821126937866
/home/wxz/Documents/pickle/fastrcnn/1080p/cut7_1405.pickle
786
COCO mAP: 0.3406623899936676
/home/wxz/Documents/pickle/fastrcnn/1080p/cut7_7525.pickle
787
COCO mAP: 0.779617190361023
/home/wxz/Documents/pickle/fastrcnn/1080p/cut2_4923.pickle
788
COCO mAP: 0.7274014353752136
/home/wxz/Documents/pickle/fastrcnn/1080p/cut1_8629.pickle
789
COCO mAP: 0.8227874636650085
/home/wxz/Documents/pickle/fastrcnn/1080p/cut4_5141.pickle
790
COCO mAP: 0.6233440637588501
/home/wxz/Documents/pickle/fastrcnn/1080p/cut1_5978.pickle
791
COCO mAP: 0.7265785932540894
/home/wxz/Documents/pickle/fastrcnn/1080p/cut9_1313.pickle
792
COCO mAP: 0.36178430914878845
/home/wxz/Documents/pickle/fastrcnn/1080p/cut8_1.pickle
793
COCO mAP: 0.8167619705200195
/home/wxz/Documents/pickle/fastrcnn/1080p/cut1_3702.pickle
794
COCO mAP: 0.6696802377700806
average COCO mAP:0.6296267477474093
