nohup: 忽略输入
/home/wxz/Documents/pickle/fastrcnn/360p/cut5_8945.pickle
1
COCO mAP: 0.9216793179512024
/home/wxz/Documents/pickle/fastrcnn/360p/cut8_436.pickle
2
COCO mAP: 0.7158855199813843
/home/wxz/Documents/pickle/fastrcnn/360p/cut6_5509.pickle
3
COCO mAP: 0.5866684913635254
/home/wxz/Documents/pickle/fastrcnn/360p/cut2_4831.pickle
4
COCO mAP: 0.7492668628692627
/home/wxz/Documents/pickle/fastrcnn/360p/cut2_8971.pickle
5
COCO mAP: 0.7201476097106934
/home/wxz/Documents/pickle/fastrcnn/360p/cut7_2265.pickle
6
COCO mAP: 0.6023984551429749
/home/wxz/Documents/pickle/fastrcnn/360p/cut2_185.pickle
7
COCO mAP: 0.7487448453903198
/home/wxz/Documents/pickle/fastrcnn/360p/cut9_3041.pickle
8
COCO mAP: 0.5880087018013
/home/wxz/Documents/pickle/fastrcnn/360p/cut7_7705.pickle
9
COCO mAP: 0.6815063953399658
/home/wxz/Documents/pickle/fastrcnn/360p/cut6_4817.pickle
10
COCO mAP: 0.6750978231430054
/home/wxz/Documents/pickle/fastrcnn/360p/cut5_3921.pickle
11
COCO mAP: 0.5138252973556519
/home/wxz/Documents/pickle/fastrcnn/360p/cut3_6577.pickle
12
COCO mAP: 0.7059277296066284
/home/wxz/Documents/pickle/fastrcnn/360p/cut5_993.pickle
13
COCO mAP: 0.8178771734237671
/home/wxz/Documents/pickle/fastrcnn/360p/cut2_6257.pickle
14
COCO mAP: 0.8414672613143921
/home/wxz/Documents/pickle/fastrcnn/360p/cut4_7186.pickle
15
COCO mAP: 0.6133493185043335
/home/wxz/Documents/pickle/fastrcnn/360p/cut9_3825.pickle
16
COCO mAP: 0.16360004246234894
/home/wxz/Documents/pickle/fastrcnn/360p/cut3_4001.pickle
17
COCO mAP: 0.8007737398147583
/home/wxz/Documents/pickle/fastrcnn/360p/cut9_4545.pickle
18
COCO mAP: 0.5227731466293335
/home/wxz/Documents/pickle/fastrcnn/360p/cut2_2186.pickle
19
COCO mAP: 0.506610631942749
/home/wxz/Documents/pickle/fastrcnn/360p/cut8_7104.pickle
20
COCO mAP: 0.7445915937423706
/home/wxz/Documents/pickle/fastrcnn/360p/cut7_4125.pickle
21
COCO mAP: 0.6377451419830322
/home/wxz/Documents/pickle/fastrcnn/360p/cut3_4401.pickle
22
COCO mAP: 0.6079288721084595
/home/wxz/Documents/pickle/fastrcnn/360p/cut6_2657.pickle
23
COCO mAP: 0.806008517742157
/home/wxz/Documents/pickle/fastrcnn/360p/cut4_2301.pickle
24
COCO mAP: 0.7105509042739868
/home/wxz/Documents/pickle/fastrcnn/360p/cut8_8336.pickle
25
COCO mAP: 0.7749980688095093
/home/wxz/Documents/pickle/fastrcnn/360p/cut7_1009.pickle
26
COCO mAP: 0.4601389467716217
/home/wxz/Documents/pickle/fastrcnn/360p/cut1_257.pickle
27
COCO mAP: 0.586696445941925
/home/wxz/Documents/pickle/fastrcnn/360p/cut5_5121.pickle
28
COCO mAP: 0.7345593571662903
/home/wxz/Documents/pickle/fastrcnn/360p/cut3_4113.pickle
29
COCO mAP: 0.8235002756118774
/home/wxz/Documents/pickle/fastrcnn/360p/cut6_7633.pickle
30
COCO mAP: 0.6266172528266907
/home/wxz/Documents/pickle/fastrcnn/360p/cut3_7313.pickle
31
COCO mAP: 0.6940811276435852
/home/wxz/Documents/pickle/fastrcnn/360p/cut4_1501.pickle
32
COCO mAP: 0.716764509677887
/home/wxz/Documents/pickle/fastrcnn/360p/cut9_3633.pickle
33
COCO mAP: 0.5504859089851379
/home/wxz/Documents/pickle/fastrcnn/360p/cut2_8281.pickle
34
COCO mAP: 0.7769074440002441
/home/wxz/Documents/pickle/fastrcnn/360p/cut2_967.pickle
35
COCO mAP: 0.7094308137893677
/home/wxz/Documents/pickle/fastrcnn/360p/cut2_2623.pickle
36
COCO mAP: 0.643809974193573
/home/wxz/Documents/pickle/fastrcnn/360p/cut1_8044.pickle
37
COCO mAP: 0.7974940538406372
/home/wxz/Documents/pickle/fastrcnn/360p/cut5_3249.pickle
38
COCO mAP: 0.637675404548645
/home/wxz/Documents/pickle/fastrcnn/360p/cut5_1281.pickle
39
COCO mAP: 0.7159554362297058
/home/wxz/Documents/pickle/fastrcnn/360p/cut7_5505.pickle
40
COCO mAP: 0.7178921699523926
/home/wxz/Documents/pickle/fastrcnn/360p/cut7_8945.pickle
41
COCO mAP: 0.7004972696304321
/home/wxz/Documents/pickle/fastrcnn/360p/cut4_8806.pickle
42
COCO mAP: 0.8128457069396973
/home/wxz/Documents/pickle/fastrcnn/360p/cut5_6001.pickle
43
COCO mAP: 0.5066370368003845
/home/wxz/Documents/pickle/fastrcnn/360p/cut3_513.pickle
44
COCO mAP: 0.6954197287559509
/home/wxz/Documents/pickle/fastrcnn/360p/cut6_3329.pickle
45
COCO mAP: 0.48527127504348755
/home/wxz/Documents/pickle/fastrcnn/360p/cut6_4401.pickle
46
COCO mAP: 0.5413910150527954
/home/wxz/Documents/pickle/fastrcnn/360p/cut1_6156.pickle
47
COCO mAP: 0.8366039991378784
/home/wxz/Documents/pickle/fastrcnn/360p/cut2_5130.pickle
48
COCO mAP: 0.6462146043777466
/home/wxz/Documents/pickle/fastrcnn/360p/cut7_6165.pickle
49
COCO mAP: 0.4870509207248688
/home/wxz/Documents/pickle/fastrcnn/360p/cut9_4209.pickle
50
COCO mAP: 0.5335372686386108
/home/wxz/Documents/pickle/fastrcnn/360p/cut5_1521.pickle
51
COCO mAP: 0.6607548594474792
/home/wxz/Documents/pickle/fastrcnn/360p/cut9_2225.pickle
52
COCO mAP: 0.6147153377532959
/home/wxz/Documents/pickle/fastrcnn/360p/cut6_8893.pickle
53
COCO mAP: 0.7831587791442871
/home/wxz/Documents/pickle/fastrcnn/360p/cut2_5521.pickle
54
COCO mAP: 0.846779465675354
/home/wxz/Documents/pickle/fastrcnn/360p/cut4_4241.pickle
55
COCO mAP: 0.5613676309585571
/home/wxz/Documents/pickle/fastrcnn/360p/cut6_7107.pickle
56
COCO mAP: 0.6607701182365417
/home/wxz/Documents/pickle/fastrcnn/360p/cut4_3801.pickle
57
COCO mAP: 0.3529561758041382
/home/wxz/Documents/pickle/fastrcnn/360p/cut8_1253.pickle
58
COCO mAP: 0.6949437260627747
/home/wxz/Documents/pickle/fastrcnn/360p/cut1_6420.pickle
59
COCO mAP: 0.7301808595657349
/home/wxz/Documents/pickle/fastrcnn/360p/cut5_7169.pickle
60
COCO mAP: 0.31632864475250244
/home/wxz/Documents/pickle/fastrcnn/360p/cut6_1601.pickle
61
COCO mAP: 0.8402420282363892
/home/wxz/Documents/pickle/fastrcnn/360p/cut8_2205.pickle
62
COCO mAP: 0.7591429948806763
/home/wxz/Documents/pickle/fastrcnn/360p/cut4_1441.pickle
63
COCO mAP: 0.5073785781860352
/home/wxz/Documents/pickle/fastrcnn/360p/cut6_2753.pickle
64
COCO mAP: 0.8427183032035828
/home/wxz/Documents/pickle/fastrcnn/360p/cut2_7039.pickle
65
COCO mAP: 0.7044088840484619
/home/wxz/Documents/pickle/fastrcnn/360p/cut7_1351.pickle
66
COCO mAP: 0.3900587260723114
/home/wxz/Documents/pickle/fastrcnn/360p/cut8_3703.pickle
67
COCO mAP: 0.7518846392631531
/home/wxz/Documents/pickle/fastrcnn/360p/cut9_5841.pickle
68
COCO mAP: 0.4666069447994232
/home/wxz/Documents/pickle/fastrcnn/360p/cut9_817.pickle
69
COCO mAP: 0.6615979075431824
/home/wxz/Documents/pickle/fastrcnn/360p/cut2_1381.pickle
70
COCO mAP: 0.23091919720172882
/home/wxz/Documents/pickle/fastrcnn/360p/cut6_433.pickle
71
COCO mAP: 0.6904283761978149
/home/wxz/Documents/pickle/fastrcnn/360p/cut4_7456.pickle
72
COCO mAP: 0.7595269680023193
/home/wxz/Documents/pickle/fastrcnn/360p/cut2_7913.pickle
73
COCO mAP: 0.8019939661026001
/home/wxz/Documents/pickle/fastrcnn/360p/cut5_3345.pickle
74
COCO mAP: 0.6747276782989502
/home/wxz/Documents/pickle/fastrcnn/360p/cut2_1910.pickle
75
COCO mAP: 0.5399824380874634
/home/wxz/Documents/pickle/fastrcnn/360p/cut1_4227.pickle
76
COCO mAP: 0.7797197103500366
/home/wxz/Documents/pickle/fastrcnn/360p/cut5_4305.pickle
77
COCO mAP: 0.2994127571582794
/home/wxz/Documents/pickle/fastrcnn/360p/cut8_5228.pickle
78
COCO mAP: 0.7490012049674988
/home/wxz/Documents/pickle/fastrcnn/360p/cut3_913.pickle
79
COCO mAP: 0.5520411729812622
/home/wxz/Documents/pickle/fastrcnn/360p/cut1_5283.pickle
80
COCO mAP: 0.7623818516731262
/home/wxz/Documents/pickle/fastrcnn/360p/cut4_2501.pickle
81
COCO mAP: 0.7501598000526428
/home/wxz/Documents/pickle/fastrcnn/360p/cut5_6737.pickle
82
COCO mAP: 0.4027865529060364
/home/wxz/Documents/pickle/fastrcnn/360p/cut5_753.pickle
83
COCO mAP: 0.8700968623161316
/home/wxz/Documents/pickle/fastrcnn/360p/cut7_145.pickle
84
COCO mAP: 0.7601377964019775
/home/wxz/Documents/pickle/fastrcnn/360p/cut6_8677.pickle
85
COCO mAP: 0.623081624507904
/home/wxz/Documents/pickle/fastrcnn/360p/cut6_6648.pickle
86
COCO mAP: 0.7479890584945679
/home/wxz/Documents/pickle/fastrcnn/360p/cut2_1243.pickle
87
COCO mAP: 0.4946817457675934
/home/wxz/Documents/pickle/fastrcnn/360p/cut4_8428.pickle
88
COCO mAP: 0.6697923541069031
/home/wxz/Documents/pickle/fastrcnn/360p/cut8_2611.pickle
89
COCO mAP: 0.019041165709495544
/home/wxz/Documents/pickle/fastrcnn/360p/cut1_7989.pickle
90
COCO mAP: 0.7147066593170166
/home/wxz/Documents/pickle/fastrcnn/360p/cut8_6600.pickle
91
COCO mAP: 0.6601473689079285
/home/wxz/Documents/pickle/fastrcnn/360p/cut2_1542.pickle
92
COCO mAP: 0.7119705080986023
/home/wxz/Documents/pickle/fastrcnn/360p/cut1_8224.pickle
93
COCO mAP: 0.8182188868522644
/home/wxz/Documents/pickle/fastrcnn/360p/cut2_8419.pickle
94
COCO mAP: 0.3888939321041107
/home/wxz/Documents/pickle/fastrcnn/360p/cut6_7260.pickle
95
COCO mAP: 0.7753544449806213
/home/wxz/Documents/pickle/fastrcnn/360p/cut4_4421.pickle
96
COCO mAP: 0.4567708969116211
/home/wxz/Documents/pickle/fastrcnn/360p/cut1_4843.pickle
97
COCO mAP: 0.8404392004013062
/home/wxz/Documents/pickle/fastrcnn/360p/cut1_6508.pickle
98
COCO mAP: 0.1916435956954956
/home/wxz/Documents/pickle/fastrcnn/360p/cut2_2278.pickle
99
COCO mAP: 0.422862708568573
/home/wxz/Documents/pickle/fastrcnn/360p/cut6_7005.pickle
100
COCO mAP: 0.6239042282104492
/home/wxz/Documents/pickle/fastrcnn/360p/cut5_8257.pickle
101
COCO mAP: 0.7167010307312012
/home/wxz/Documents/pickle/fastrcnn/360p/cut3_1905.pickle
102
COCO mAP: 0.5470242500305176
/home/wxz/Documents/pickle/fastrcnn/360p/cut5_4113.pickle
103
COCO mAP: 0.7428919672966003
/home/wxz/Documents/pickle/fastrcnn/360p/cut8_3311.pickle
104
COCO mAP: 0.35085901618003845
/home/wxz/Documents/pickle/fastrcnn/360p/cut7_4005.pickle
105
COCO mAP: 0.6826714277267456
/home/wxz/Documents/pickle/fastrcnn/360p/cut5_1905.pickle
106
COCO mAP: 0.8651758432388306
/home/wxz/Documents/pickle/fastrcnn/360p/cut5_6353.pickle
107
COCO mAP: 0.6200714111328125
/home/wxz/Documents/pickle/fastrcnn/360p/cut3_8609.pickle
108
COCO mAP: 0.6960889101028442
/home/wxz/Documents/pickle/fastrcnn/360p/cut6_2289.pickle
109
COCO mAP: 0.7833166122436523
/home/wxz/Documents/pickle/fastrcnn/360p/cut2_4532.pickle
110
COCO mAP: 0.816801905632019
/home/wxz/Documents/pickle/fastrcnn/360p/cut2_3313.pickle
111
COCO mAP: 0.3935011625289917
/home/wxz/Documents/pickle/fastrcnn/360p/cut2_4210.pickle
112
COCO mAP: 0.46887844800949097
/home/wxz/Documents/pickle/fastrcnn/360p/cut4_981.pickle
113
COCO mAP: 0.33083683252334595
/home/wxz/Documents/pickle/fastrcnn/360p/cut8_2527.pickle
114
COCO mAP: 0.18222585320472717
/home/wxz/Documents/pickle/fastrcnn/360p/cut5_1185.pickle
115
COCO mAP: 0.6873860955238342
/home/wxz/Documents/pickle/fastrcnn/360p/cut8_6432.pickle
116
COCO mAP: 0.7905862927436829
/home/wxz/Documents/pickle/fastrcnn/360p/cut6_3857.pickle
117
COCO mAP: 0.4946804940700531
/home/wxz/Documents/pickle/fastrcnn/360p/cut7_8525.pickle
118
COCO mAP: 0.7005620002746582
/home/wxz/Documents/pickle/fastrcnn/360p/cut6_1073.pickle
119
COCO mAP: 0.6584706902503967
/home/wxz/Documents/pickle/fastrcnn/360p/cut8_3409.pickle
120
COCO mAP: 0.6462962031364441
/home/wxz/Documents/pickle/fastrcnn/360p/cut2_714.pickle
121
COCO mAP: 0.9010240435600281
/home/wxz/Documents/pickle/fastrcnn/360p/cut5_7457.pickle
122
COCO mAP: 0.7316573858261108
/home/wxz/Documents/pickle/fastrcnn/360p/cut1_3262.pickle
123
COCO mAP: 0.14950494468212128
/home/wxz/Documents/pickle/fastrcnn/360p/cut4_4301.pickle
124
COCO mAP: 0.42306452989578247
/home/wxz/Documents/pickle/fastrcnn/360p/cut4_3121.pickle
125
COCO mAP: 0.7223031520843506
/home/wxz/Documents/pickle/fastrcnn/360p/cut7_3905.pickle
126
COCO mAP: 0.5894358158111572
/home/wxz/Documents/pickle/fastrcnn/360p/cut6_4513.pickle
127
COCO mAP: 0.6508314609527588
/home/wxz/Documents/pickle/fastrcnn/360p/cut2_4693.pickle
128
COCO mAP: 0.8358443975448608
/home/wxz/Documents/pickle/fastrcnn/360p/cut9_3137.pickle
129
COCO mAP: 0.29116302728652954
/home/wxz/Documents/pickle/fastrcnn/360p/cut4_5201.pickle
130
COCO mAP: 0.8052200078964233
/home/wxz/Documents/pickle/fastrcnn/360p/cut8_8714.pickle
131
COCO mAP: 0.5551795363426208
/home/wxz/Documents/pickle/fastrcnn/360p/cut4_5701.pickle
132
COCO mAP: 0.28477394580841064
/home/wxz/Documents/pickle/fastrcnn/360p/cut6_3521.pickle
133
COCO mAP: 0.6115041971206665
/home/wxz/Documents/pickle/fastrcnn/360p/cut2_3221.pickle
134
COCO mAP: 0.5996629595756531
/home/wxz/Documents/pickle/fastrcnn/360p/cut1_604.pickle
135
COCO mAP: 0.5602718591690063
/home/wxz/Documents/pickle/fastrcnn/360p/cut6_4305.pickle
136
COCO mAP: 0.3391209542751312
/home/wxz/Documents/pickle/fastrcnn/360p/cut9_4305.pickle
137
COCO mAP: 0.7056350111961365
/home/wxz/Documents/pickle/fastrcnn/360p/cut3_4545.pickle
138
COCO mAP: 0.591352641582489
/home/wxz/Documents/pickle/fastrcnn/360p/cut8_800.pickle
139
COCO mAP: 0.5368273854255676
/home/wxz/Documents/pickle/fastrcnn/360p/cut5_1809.pickle
140
COCO mAP: 0.6354895830154419
/home/wxz/Documents/pickle/fastrcnn/360p/cut7_1963.pickle
141
COCO mAP: 0.556924045085907
/home/wxz/Documents/pickle/fastrcnn/360p/cut7_7345.pickle
142
COCO mAP: 0.8711636662483215
/home/wxz/Documents/pickle/fastrcnn/360p/cut3_1217.pickle
143
COCO mAP: 0.5473348498344421
/home/wxz/Documents/pickle/fastrcnn/360p/cut3_6769.pickle
144
COCO mAP: 0.6807361841201782
/home/wxz/Documents/pickle/fastrcnn/360p/cut1_2110.pickle
145
COCO mAP: 0.6642091274261475
/home/wxz/Documents/pickle/fastrcnn/360p/cut1_112.pickle
146
COCO mAP: 0.349711537361145
/home/wxz/Documents/pickle/fastrcnn/360p/cut2_5337.pickle
147
COCO mAP: 0.734520673751831
/home/wxz/Documents/pickle/fastrcnn/360p/cut1_430.pickle
148
COCO mAP: 0.3156375586986542
/home/wxz/Documents/pickle/fastrcnn/360p/cut2_1496.pickle
149
COCO mAP: 0.7486299872398376
/home/wxz/Documents/pickle/fastrcnn/360p/cut4_1201.pickle
150
COCO mAP: 0.7074664831161499
/home/wxz/Documents/pickle/fastrcnn/360p/cut6_4145.pickle
151
COCO mAP: 0.32028377056121826
/home/wxz/Documents/pickle/fastrcnn/360p/cut2_8005.pickle
152
COCO mAP: 0.7184327244758606
/home/wxz/Documents/pickle/fastrcnn/360p/cut9_4113.pickle
153
COCO mAP: 0.4458177983760834
/home/wxz/Documents/pickle/fastrcnn/360p/cut2_3842.pickle
154
COCO mAP: 0.37731367349624634
/home/wxz/Documents/pickle/fastrcnn/360p/cut8_1000.pickle
155
COCO mAP: 0.5375620126724243
/home/wxz/Documents/pickle/fastrcnn/360p/cut6_1297.pickle
156
COCO mAP: 0.6850322484970093
/home/wxz/Documents/pickle/fastrcnn/360p/cut4_6646.pickle
157
COCO mAP: 0.8189218640327454
/home/wxz/Documents/pickle/fastrcnn/360p/cut7_6825.pickle
158
COCO mAP: 0.5991331934928894
/home/wxz/Documents/pickle/fastrcnn/360p/cut5_7873.pickle
159
COCO mAP: 0.6818000078201294
/home/wxz/Documents/pickle/fastrcnn/360p/cut6_7309.pickle
160
COCO mAP: 0.7538825869560242
/home/wxz/Documents/pickle/fastrcnn/360p/cut3_3953.pickle
161
COCO mAP: 0.9101594686508179
/home/wxz/Documents/pickle/fastrcnn/360p/cut7_5745.pickle
162
COCO mAP: 0.6424197554588318
/home/wxz/Documents/pickle/fastrcnn/360p/cut7_2705.pickle
163
COCO mAP: 0.5253350138664246
/home/wxz/Documents/pickle/fastrcnn/360p/cut2_5245.pickle
164
COCO mAP: 0.49059581756591797
/home/wxz/Documents/pickle/fastrcnn/360p/cut9_4401.pickle
165
COCO mAP: 0.6740382313728333
/home/wxz/Documents/pickle/fastrcnn/360p/cut6_4049.pickle
166
COCO mAP: 0.706521213054657
/home/wxz/Documents/pickle/fastrcnn/360p/cut3_2113.pickle
167
COCO mAP: 0.2648910880088806
/home/wxz/Documents/pickle/fastrcnn/360p/cut5_3009.pickle
168
COCO mAP: 0.25129756331443787
/home/wxz/Documents/pickle/fastrcnn/360p/cut1_517.pickle
169
COCO mAP: 0.7580782175064087
/home/wxz/Documents/pickle/fastrcnn/360p/cut5_6449.pickle
170
COCO mAP: 0.6628037691116333
/home/wxz/Documents/pickle/fastrcnn/360p/cut3_1521.pickle
171
COCO mAP: 0.5733470320701599
/home/wxz/Documents/pickle/fastrcnn/360p/cut5_2001.pickle
172
COCO mAP: 0.698084831237793
/home/wxz/Documents/pickle/fastrcnn/360p/cut4_641.pickle
173
COCO mAP: 0.6950348615646362
/home/wxz/Documents/pickle/fastrcnn/360p/cut2_5475.pickle
174
COCO mAP: 0.7281368970870972
/home/wxz/Documents/pickle/fastrcnn/360p/cut7_241.pickle
175
COCO mAP: 0.559893012046814
/home/wxz/Documents/pickle/fastrcnn/360p/cut3_6385.pickle
176
COCO mAP: 0.679571270942688
/home/wxz/Documents/pickle/fastrcnn/360p/cut1_5019.pickle
177
COCO mAP: 0.8137233853340149
/home/wxz/Documents/pickle/fastrcnn/360p/cut1_1934.pickle
178
COCO mAP: 0.09750937670469284
/home/wxz/Documents/pickle/fastrcnn/360p/cut6_2513.pickle
179
COCO mAP: 0.7260385155677795
/home/wxz/Documents/pickle/fastrcnn/360p/cut7_5105.pickle
180
COCO mAP: 0.7609952092170715
/home/wxz/Documents/pickle/fastrcnn/360p/cut7_8005.pickle
181
COCO mAP: 0.7787914872169495
/home/wxz/Documents/pickle/fastrcnn/360p/cut8_6236.pickle
182
COCO mAP: 0.7869380712509155
/home/wxz/Documents/pickle/fastrcnn/360p/cut8_113.pickle
183
COCO mAP: 0.458143413066864
/home/wxz/Documents/pickle/fastrcnn/360p/cut9_5953.pickle
184
COCO mAP: 0.5446538925170898
/home/wxz/Documents/pickle/fastrcnn/360p/cut9_2705.pickle
185
COCO mAP: 0.4927956163883209
/home/wxz/Documents/pickle/fastrcnn/360p/cut9_3521.pickle
186
COCO mAP: 0.29997169971466064
/home/wxz/Documents/pickle/fastrcnn/360p/cut7_5345.pickle
187
COCO mAP: 0.6642490029335022
/home/wxz/Documents/pickle/fastrcnn/360p/cut8_4207.pickle
188
COCO mAP: 0.643541157245636
/home/wxz/Documents/pickle/fastrcnn/360p/cut7_5865.pickle
189
COCO mAP: 0.6270139813423157
/home/wxz/Documents/pickle/fastrcnn/360p/cut2_4003.pickle
190
COCO mAP: 0.8666619062423706
/home/wxz/Documents/pickle/fastrcnn/360p/cut1_1758.pickle
191
COCO mAP: 0.019028758630156517
/home/wxz/Documents/pickle/fastrcnn/360p/cut7_561.pickle
192
COCO mAP: 0.7666369676589966
/home/wxz/Documents/pickle/fastrcnn/360p/cut3_1121.pickle
193
COCO mAP: 0.46194273233413696
/home/wxz/Documents/pickle/fastrcnn/360p/cut8_6838.pickle
194
COCO mAP: 0.5561712980270386
/home/wxz/Documents/pickle/fastrcnn/360p/cut3_8321.pickle
195
COCO mAP: 0.2608034908771515
/home/wxz/Documents/pickle/fastrcnn/360p/cut7_3125.pickle
196
COCO mAP: 0.7268701791763306
/home/wxz/Documents/pickle/fastrcnn/360p/cut3_4641.pickle
197
COCO mAP: 0.3813297748565674
/home/wxz/Documents/pickle/fastrcnn/360p/cut8_1435.pickle
198
COCO mAP: 0.7781562805175781
/home/wxz/Documents/pickle/fastrcnn/360p/cut1_1671.pickle
199
COCO mAP: 0.09339933842420578
/home/wxz/Documents/pickle/fastrcnn/360p/cut6_5713.pickle
200
COCO mAP: 0.6782394647598267
/home/wxz/Documents/pickle/fastrcnn/360p/cut4_4041.pickle
201
COCO mAP: 0.6251198053359985
/home/wxz/Documents/pickle/fastrcnn/360p/cut4_5801.pickle
202
COCO mAP: 0.2518889904022217
/home/wxz/Documents/pickle/fastrcnn/360p/cut3_6289.pickle
203
COCO mAP: 0.7912043929100037
/home/wxz/Documents/pickle/fastrcnn/360p/cut9_1.pickle
204
COCO mAP: 0.0602860227227211
/home/wxz/Documents/pickle/fastrcnn/360p/cut3_2833.pickle
205
COCO mAP: 0.8127705454826355
/home/wxz/Documents/pickle/fastrcnn/360p/cut5_2305.pickle
206
COCO mAP: 0.8457352519035339
/home/wxz/Documents/pickle/fastrcnn/360p/cut9_2417.pickle
207
COCO mAP: 0.6115511655807495
/home/wxz/Documents/pickle/fastrcnn/360p/cut2_4463.pickle
208
COCO mAP: 0.6026870012283325
/home/wxz/Documents/pickle/fastrcnn/360p/cut5_8161.pickle
209
COCO mAP: 0.7878407835960388
/home/wxz/Documents/pickle/fastrcnn/360p/cut1_3611.pickle
210
COCO mAP: 0.6080160140991211
/home/wxz/Documents/pickle/fastrcnn/360p/cut4_4601.pickle
211
COCO mAP: 0.579093337059021
/home/wxz/Documents/pickle/fastrcnn/360p/cut4_8536.pickle
212
COCO mAP: 0.82611083984375
/home/wxz/Documents/pickle/fastrcnn/360p/cut6_337.pickle
213
COCO mAP: 0.5365084409713745
/home/wxz/Documents/pickle/fastrcnn/360p/cut6_7543.pickle
214
COCO mAP: 0.5934209227561951
/home/wxz/Documents/pickle/fastrcnn/360p/cut2_1818.pickle
215
COCO mAP: 0.8607698678970337
/home/wxz/Documents/pickle/fastrcnn/360p/cut4_5021.pickle
216
COCO mAP: 0.7679078578948975
/home/wxz/Documents/pickle/fastrcnn/360p/cut4_7564.pickle
217
COCO mAP: 0.8484112024307251
/home/wxz/Documents/pickle/fastrcnn/360p/cut4_5461.pickle
218
COCO mAP: 0.2641521096229553
/home/wxz/Documents/pickle/fastrcnn/360p/cut8_7930.pickle
219
COCO mAP: 0.6689804792404175
/home/wxz/Documents/pickle/fastrcnn/360p/cut5_7361.pickle
220
COCO mAP: 0.7357569932937622
/home/wxz/Documents/pickle/fastrcnn/360p/cut6_1809.pickle
221
COCO mAP: 0.72804856300354
/home/wxz/Documents/pickle/fastrcnn/360p/cut5_337.pickle
222
COCO mAP: 0.7804195880889893
/home/wxz/Documents/pickle/fastrcnn/360p/cut7_3785.pickle
223
COCO mAP: 0.712624728679657
/home/wxz/Documents/pickle/fastrcnn/360p/cut2_231.pickle
224
COCO mAP: 0.5779367685317993
/home/wxz/Documents/pickle/fastrcnn/360p/cut9_5265.pickle
225
COCO mAP: 0.5566631555557251
/home/wxz/Documents/pickle/fastrcnn/360p/cut7_6065.pickle
226
COCO mAP: 0.7061063051223755
/home/wxz/Documents/pickle/fastrcnn/360p/cut3_6673.pickle
227
COCO mAP: 0.3884028196334839
/home/wxz/Documents/pickle/fastrcnn/360p/cut7_1585.pickle
228
COCO mAP: 0.6609688997268677
/home/wxz/Documents/pickle/fastrcnn/360p/cut1_4051.pickle
229
COCO mAP: 0.7726068496704102
/home/wxz/Documents/pickle/fastrcnn/360p/cut4_1081.pickle
230
COCO mAP: 0.618145763874054
/home/wxz/Documents/pickle/fastrcnn/360p/cut2_5682.pickle
231
COCO mAP: 0.7042125463485718
/home/wxz/Documents/pickle/fastrcnn/360p/cut7_5225.pickle
232
COCO mAP: 0.6815001368522644
/home/wxz/Documents/pickle/fastrcnn/360p/cut7_6405.pickle
233
COCO mAP: 0.7414366602897644
/home/wxz/Documents/pickle/fastrcnn/360p/cut8_7230.pickle
234
COCO mAP: 0.5657859444618225
/home/wxz/Documents/pickle/fastrcnn/360p/cut6_3953.pickle
235
COCO mAP: 0.6846703290939331
/home/wxz/Documents/pickle/fastrcnn/360p/cut6_1393.pickle
236
COCO mAP: 0.8236516118049622
/home/wxz/Documents/pickle/fastrcnn/360p/cut1_1053.pickle
237
COCO mAP: 0.661013662815094
/home/wxz/Documents/pickle/fastrcnn/360p/cut1_1228.pickle
238
COCO mAP: 0.647754967212677
/home/wxz/Documents/pickle/fastrcnn/360p/cut4_8644.pickle
239
COCO mAP: 0.7451913952827454
/home/wxz/Documents/pickle/fastrcnn/360p/cut6_3713.pickle
240
COCO mAP: 0.49594563245773315
/home/wxz/Documents/pickle/fastrcnn/360p/cut1_4315.pickle
241
COCO mAP: 0.7040678262710571
/home/wxz/Documents/pickle/fastrcnn/360p/cut2_7177.pickle
242
COCO mAP: 0.7823660969734192
/home/wxz/Documents/pickle/fastrcnn/360p/cut6_2849.pickle
243
COCO mAP: 0.8595062494277954
/home/wxz/Documents/pickle/fastrcnn/360p/cut6_6036.pickle
244
COCO mAP: 0.7779633402824402
/home/wxz/Documents/pickle/fastrcnn/360p/cut7_385.pickle
245
COCO mAP: 0.7058036923408508
/home/wxz/Documents/pickle/fastrcnn/360p/cut1_4501.pickle
246
COCO mAP: 0.8092471957206726
/home/wxz/Documents/pickle/fastrcnn/360p/cut3_5505.pickle
247
COCO mAP: 0.7847604751586914
/home/wxz/Documents/pickle/fastrcnn/360p/cut3_8993.pickle
248
COCO mAP: 0.5701331496238708
/home/wxz/Documents/pickle/fastrcnn/360p/cut3_8225.pickle
249
COCO mAP: 0.6088413000106812
/home/wxz/Documents/pickle/fastrcnn/360p/cut1_7754.pickle
250
COCO mAP: 0.3852067291736603
/home/wxz/Documents/pickle/fastrcnn/360p/cut3_3073.pickle
251
COCO mAP: 0.5810767412185669
/home/wxz/Documents/pickle/fastrcnn/360p/cut1_1404.pickle
252
COCO mAP: 0.4565017819404602
/home/wxz/Documents/pickle/fastrcnn/360p/cut7_6505.pickle
253
COCO mAP: 0.516865611076355
/home/wxz/Documents/pickle/fastrcnn/360p/cut4_6021.pickle
254
COCO mAP: 0.7079141736030579
/home/wxz/Documents/pickle/fastrcnn/360p/cut4_821.pickle
255
COCO mAP: 0.6504305005073547
/home/wxz/Documents/pickle/fastrcnn/360p/cut9_5361.pickle
256
COCO mAP: 0.6128377914428711
/home/wxz/Documents/pickle/fastrcnn/360p/cut1_7139.pickle
257
COCO mAP: 0.11004458367824554
/home/wxz/Documents/pickle/fastrcnn/360p/cut8_3829.pickle
258
COCO mAP: 0.31331878900527954
/home/wxz/Documents/pickle/fastrcnn/360p/cut1_8114.pickle
259
COCO mAP: 0.48100748658180237
/home/wxz/Documents/pickle/fastrcnn/360p/cut3_6961.pickle
260
COCO mAP: 0.6677823662757874
/home/wxz/Documents/pickle/fastrcnn/360p/cut5_4209.pickle
261
COCO mAP: 0.7159143686294556
/home/wxz/Documents/pickle/fastrcnn/360p/cut1_7004.pickle
262
COCO mAP: 0.2848750650882721
/home/wxz/Documents/pickle/fastrcnn/360p/cut5_5809.pickle
263
COCO mAP: 0.7466003894805908
/home/wxz/Documents/pickle/fastrcnn/360p/cut1_7524.pickle
264
COCO mAP: 0.6169999837875366
/home/wxz/Documents/pickle/fastrcnn/360p/cut8_3507.pickle
265
COCO mAP: 0.5367656946182251
/home/wxz/Documents/pickle/fastrcnn/360p/cut8_6922.pickle
266
COCO mAP: 0.616467297077179
/home/wxz/Documents/pickle/fastrcnn/360p/cut1_4758.pickle
267
COCO mAP: 0.8275583386421204
/home/wxz/Documents/pickle/fastrcnn/360p/cut7_2965.pickle
268
COCO mAP: 0.6512645483016968
/home/wxz/Documents/pickle/fastrcnn/360p/cut1_6332.pickle
269
COCO mAP: 0.6711100339889526
/home/wxz/Documents/pickle/fastrcnn/360p/cut3_337.pickle
270
COCO mAP: 0.22606465220451355
/home/wxz/Documents/pickle/fastrcnn/360p/cut8_4123.pickle
271
COCO mAP: 0.5469366908073425
/home/wxz/Documents/pickle/fastrcnn/360p/cut7_3845.pickle
272
COCO mAP: 0.48654621839523315
/home/wxz/Documents/pickle/fastrcnn/360p/cut3_7201.pickle
273
COCO mAP: 0.42890024185180664
/home/wxz/Documents/pickle/fastrcnn/360p/cut9_3425.pickle
274
COCO mAP: 0.15643563866615295
/home/wxz/Documents/pickle/fastrcnn/360p/cut5_8449.pickle
275
COCO mAP: 0.7400579452514648
/home/wxz/Documents/pickle/fastrcnn/360p/cut2_2094.pickle
276
COCO mAP: 0.79421466588974
/home/wxz/Documents/pickle/fastrcnn/360p/cut4_1321.pickle
277
COCO mAP: 0.5534964203834534
/home/wxz/Documents/pickle/fastrcnn/360p/cut8_5704.pickle
278
COCO mAP: 0.6580908894538879
/home/wxz/Documents/pickle/fastrcnn/360p/cut9_2609.pickle
279
COCO mAP: 0.8548861742019653
/home/wxz/Documents/pickle/fastrcnn/360p/cut4_6754.pickle
280
COCO mAP: 0.5131087303161621
/home/wxz/Documents/pickle/fastrcnn/360p/cut3_2929.pickle
281
COCO mAP: 0.5457376837730408
/home/wxz/Documents/pickle/fastrcnn/360p/cut2_4141.pickle
282
COCO mAP: 0.42007893323898315
/home/wxz/Documents/pickle/fastrcnn/360p/cut6_3233.pickle
283
COCO mAP: 0.7773176431655884
/home/wxz/Documents/pickle/fastrcnn/360p/cut3_6481.pickle
284
COCO mAP: 0.6542787551879883
/home/wxz/Documents/pickle/fastrcnn/360p/cut7_2525.pickle
285
COCO mAP: 0.40088802576065063
/home/wxz/Documents/pickle/fastrcnn/360p/cut8_1337.pickle
286
COCO mAP: 0.7891255617141724
/home/wxz/Documents/pickle/fastrcnn/360p/cut7_1693.pickle
287
COCO mAP: 0.584291934967041
/home/wxz/Documents/pickle/fastrcnn/360p/cut5_561.pickle
288
COCO mAP: 0.5162338614463806
/home/wxz/Documents/pickle/fastrcnn/360p/cut1_7314.pickle
289
COCO mAP: 0.19600561261177063
/home/wxz/Documents/pickle/fastrcnn/360p/cut4_6916.pickle
290
COCO mAP: 0.6836080551147461
/home/wxz/Documents/pickle/fastrcnn/360p/cut6_2145.pickle
291
COCO mAP: 0.7929233312606812
/home/wxz/Documents/pickle/fastrcnn/360p/cut5_193.pickle
292
COCO mAP: 0.652637243270874
/home/wxz/Documents/pickle/fastrcnn/360p/cut6_8569.pickle
293
COCO mAP: 0.6598411202430725
/home/wxz/Documents/pickle/fastrcnn/360p/cut5_5505.pickle
294
COCO mAP: 0.712164580821991
/home/wxz/Documents/pickle/fastrcnn/360p/cut1_7254.pickle
295
COCO mAP: 0.1069306954741478
/home/wxz/Documents/pickle/fastrcnn/360p/cut2_2554.pickle
296
COCO mAP: 0.35954156517982483
/home/wxz/Documents/pickle/fastrcnn/360p/cut8_4039.pickle
297
COCO mAP: 0.24247059226036072
/home/wxz/Documents/pickle/fastrcnn/360p/cut9_3921.pickle
298
COCO mAP: 0.4195622503757477
/home/wxz/Documents/pickle/fastrcnn/360p/cut7_4505.pickle
299
COCO mAP: 0.8573967218399048
/home/wxz/Documents/pickle/fastrcnn/360p/cut4_8992.pickle
300
COCO mAP: 0.8470968008041382
/home/wxz/Documents/pickle/fastrcnn/360p/cut6_4721.pickle
301
COCO mAP: 0.8031291961669922
/home/wxz/Documents/pickle/fastrcnn/360p/cut7_6945.pickle
302
COCO mAP: 0.7797361612319946
/home/wxz/Documents/pickle/fastrcnn/360p/cut2_3405.pickle
303
COCO mAP: 0.6641501188278198
/home/wxz/Documents/pickle/fastrcnn/360p/cut2_8672.pickle
304
COCO mAP: 0.7357022762298584
/home/wxz/Documents/pickle/fastrcnn/360p/cut1_3876.pickle
305
COCO mAP: 0.5215861201286316
/home/wxz/Documents/pickle/fastrcnn/360p/cut9_529.pickle
306
COCO mAP: 0.4238870143890381
/home/wxz/Documents/pickle/fastrcnn/360p/cut9_2945.pickle
307
COCO mAP: 0.6969811320304871
/home/wxz/Documents/pickle/fastrcnn/360p/cut4_3561.pickle
308
COCO mAP: 0.7935467958450317
/home/wxz/Documents/pickle/fastrcnn/360p/cut4_6574.pickle
309
COCO mAP: 0.48548445105552673
/home/wxz/Documents/pickle/fastrcnn/360p/cut9_2129.pickle
310
COCO mAP: 0.5175796151161194
/home/wxz/Documents/pickle/fastrcnn/360p/cut9_2513.pickle
311
COCO mAP: 0.1619921773672104
/home/wxz/Documents/pickle/fastrcnn/360p/cut3_3441.pickle
312
COCO mAP: 0.7447055578231812
/home/wxz/Documents/pickle/fastrcnn/360p/cut3_7409.pickle
313
COCO mAP: 0.7552720308303833
/home/wxz/Documents/pickle/fastrcnn/360p/cut7_1201.pickle
314
COCO mAP: 0.4256402850151062
/home/wxz/Documents/pickle/fastrcnn/360p/cut2_1772.pickle
315
COCO mAP: 0.7309006452560425
/home/wxz/Documents/pickle/fastrcnn/360p/cut1_966.pickle
316
COCO mAP: 0.210649773478508
/home/wxz/Documents/pickle/fastrcnn/360p/cut1_2732.pickle
317
COCO mAP: 0.023102309554815292
/home/wxz/Documents/pickle/fastrcnn/360p/cut7_8405.pickle
318
COCO mAP: 0.7751898765563965
/home/wxz/Documents/pickle/fastrcnn/360p/cut3_257.pickle
319
COCO mAP: 0.4456489086151123
/home/wxz/Documents/pickle/fastrcnn/360p/cut9_6241.pickle
320
COCO mAP: 0.7476503849029541
/home/wxz/Documents/pickle/fastrcnn/360p/cut1_3964.pickle
321
COCO mAP: 0.5896645784378052
/home/wxz/Documents/pickle/fastrcnn/360p/cut7_7885.pickle
322
COCO mAP: 0.8528617024421692
/home/wxz/Documents/pickle/fastrcnn/360p/cut5_4785.pickle
323
COCO mAP: 0.2566702961921692
/home/wxz/Documents/pickle/fastrcnn/360p/cut4_1141.pickle
324
COCO mAP: 0.6879069805145264
/home/wxz/Documents/pickle/fastrcnn/360p/cut6_4913.pickle
325
COCO mAP: 0.6796190142631531
/home/wxz/Documents/pickle/fastrcnn/360p/cut4_2441.pickle
326
COCO mAP: 0.7099335193634033
/home/wxz/Documents/pickle/fastrcnn/360p/cut1_2645.pickle
327
COCO mAP: 0.0317491739988327
/home/wxz/Documents/pickle/fastrcnn/360p/cut9_5025.pickle
328
COCO mAP: 0.7343270182609558
/home/wxz/Documents/pickle/fastrcnn/360p/cut7_7605.pickle
329
COCO mAP: 0.8509402275085449
/home/wxz/Documents/pickle/fastrcnn/360p/cut3_1329.pickle
330
COCO mAP: 0.6313136219978333
/home/wxz/Documents/pickle/fastrcnn/360p/cut3_1025.pickle
331
COCO mAP: 0.3242747485637665
/home/wxz/Documents/pickle/fastrcnn/360p/cut7_8325.pickle
332
COCO mAP: 0.6124717593193054
/home/wxz/Documents/pickle/fastrcnn/360p/cut5_8065.pickle
333
COCO mAP: 0.7595325708389282
/home/wxz/Documents/pickle/fastrcnn/360p/cut7_2645.pickle
334
COCO mAP: 0.23325881361961365
/home/wxz/Documents/pickle/fastrcnn/360p/cut7_1265.pickle
335
COCO mAP: 0.3565290868282318
/home/wxz/Documents/pickle/fastrcnn/360p/cut8_702.pickle
336
COCO mAP: 0.8403717875480652
/home/wxz/Documents/pickle/fastrcnn/360p/cut8_7006.pickle
337
COCO mAP: 0.7521014213562012
/home/wxz/Documents/pickle/fastrcnn/360p/cut5_7633.pickle
338
COCO mAP: 0.6035596132278442
/home/wxz/Documents/pickle/fastrcnn/360p/cut4_8104.pickle
339
COCO mAP: 0.7104254364967346
/home/wxz/Documents/pickle/fastrcnn/360p/cut5_8737.pickle
340
COCO mAP: 0.5122977495193481
/home/wxz/Documents/pickle/fastrcnn/360p/cut3_1713.pickle
341
COCO mAP: 0.40848755836486816
/home/wxz/Documents/pickle/fastrcnn/360p/cut3_5713.pickle
342
COCO mAP: 0.6544820070266724
/home/wxz/Documents/pickle/fastrcnn/360p/cut4_5601.pickle
343
COCO mAP: 0.8773306012153625
/home/wxz/Documents/pickle/fastrcnn/360p/cut1_5889.pickle
344
COCO mAP: 0.7462129592895508
/home/wxz/Documents/pickle/fastrcnn/360p/cut9_913.pickle
345
COCO mAP: 0.5051974058151245
/home/wxz/Documents/pickle/fastrcnn/360p/cut5_6833.pickle
346
COCO mAP: 0.158474400639534
/home/wxz/Documents/pickle/fastrcnn/360p/cut6_721.pickle
347
COCO mAP: 0.08109340071678162
/home/wxz/Documents/pickle/fastrcnn/360p/cut3_7841.pickle
348
COCO mAP: 0.5777098536491394
/home/wxz/Documents/pickle/fastrcnn/360p/cut7_7065.pickle
349
COCO mAP: 0.42576199769973755
/home/wxz/Documents/pickle/fastrcnn/360p/cut3_7057.pickle
350
COCO mAP: 0.6003977060317993
/home/wxz/Documents/pickle/fastrcnn/360p/cut4_7780.pickle
351
COCO mAP: 0.709226131439209
/home/wxz/Documents/pickle/fastrcnn/360p/cut4_2621.pickle
352
COCO mAP: 0.7877197861671448
/home/wxz/Documents/pickle/fastrcnn/360p/cut5_7537.pickle
353
COCO mAP: 0.686911940574646
/home/wxz/Documents/pickle/fastrcnn/360p/cut5_8641.pickle
354
COCO mAP: 0.8352705240249634
/home/wxz/Documents/pickle/fastrcnn/360p/cut8_3955.pickle
355
COCO mAP: 0.7446080446243286
/home/wxz/Documents/pickle/fastrcnn/360p/cut2_1634.pickle
356
COCO mAP: 0.7481635808944702
/home/wxz/Documents/pickle/fastrcnn/360p/cut5_1425.pickle
357
COCO mAP: 0.7823125123977661
/home/wxz/Documents/pickle/fastrcnn/360p/cut1_8939.pickle
358
COCO mAP: 0.770779013633728
/home/wxz/Documents/pickle/fastrcnn/360p/cut2_2922.pickle
359
COCO mAP: 0.6499961018562317
/home/wxz/Documents/pickle/fastrcnn/360p/cut8_7328.pickle
360
COCO mAP: 0.624651312828064
/home/wxz/Documents/pickle/fastrcnn/360p/cut8_2821.pickle
361
COCO mAP: 0.6451377272605896
/home/wxz/Documents/pickle/fastrcnn/360p/cut8_5312.pickle
362
COCO mAP: 0.8405889272689819
/home/wxz/Documents/pickle/fastrcnn/360p/cut1_1140.pickle
363
COCO mAP: 0.6654894351959229
/home/wxz/Documents/pickle/fastrcnn/360p/cut4_2721.pickle
364
COCO mAP: 0.8481108546257019
/home/wxz/Documents/pickle/fastrcnn/360p/cut7_481.pickle
365
COCO mAP: 0.6553754806518555
/home/wxz/Documents/pickle/fastrcnn/360p/cut7_8105.pickle
366
COCO mAP: 0.7830387949943542
/home/wxz/Documents/pickle/fastrcnn/360p/cut8_6726.pickle
367
COCO mAP: 0.649544358253479
/home/wxz/Documents/pickle/fastrcnn/360p/cut5_289.pickle
368
COCO mAP: 0.699636697769165
/home/wxz/Documents/pickle/fastrcnn/360p/cut9_1601.pickle
369
COCO mAP: 0.8135371208190918
/home/wxz/Documents/pickle/fastrcnn/360p/cut9_1409.pickle
370
COCO mAP: 0.8078556060791016
/home/wxz/Documents/pickle/fastrcnn/360p/cut9_1201.pickle
371
COCO mAP: 0.6548296213150024
/home/wxz/Documents/pickle/fastrcnn/360p/cut5_6257.pickle
372
COCO mAP: 0.6588793396949768
/home/wxz/Documents/pickle/fastrcnn/360p/cut9_625.pickle
373
COCO mAP: 0.672575831413269
/home/wxz/Documents/pickle/fastrcnn/360p/cut8_8462.pickle
374
COCO mAP: 0.7710389494895935
/home/wxz/Documents/pickle/fastrcnn/360p/cut8_8014.pickle
375
COCO mAP: 0.6915644407272339
/home/wxz/Documents/pickle/fastrcnn/360p/cut3_5409.pickle
376
COCO mAP: 0.4673459529876709
/home/wxz/Documents/pickle/fastrcnn/360p/cut2_507.pickle
377
COCO mAP: 0.611737847328186
/home/wxz/Documents/pickle/fastrcnn/360p/cut2_2485.pickle
378
COCO mAP: 0.7793468236923218
/home/wxz/Documents/pickle/fastrcnn/360p/cut6_5313.pickle
379
COCO mAP: 0.6495229601860046
/home/wxz/Documents/pickle/fastrcnn/360p/cut3_3313.pickle
380
COCO mAP: 0.5502672791481018
/home/wxz/Documents/pickle/fastrcnn/360p/cut5_6545.pickle
381
COCO mAP: 0.6832358241081238
/home/wxz/Documents/pickle/fastrcnn/360p/cut3_5025.pickle
382
COCO mAP: 0.709075927734375
/home/wxz/Documents/pickle/fastrcnn/360p/cut8_1113.pickle
383
COCO mAP: 0.3827696740627289
/home/wxz/Documents/pickle/fastrcnn/360p/cut3_8033.pickle
384
COCO mAP: 0.8269765973091125
/home/wxz/Documents/pickle/fastrcnn/360p/cut4_2841.pickle
385
COCO mAP: 0.7961004972457886
/home/wxz/Documents/pickle/fastrcnn/360p/cut3_5217.pickle
386
COCO mAP: 0.35287365317344666
/home/wxz/Documents/pickle/fastrcnn/360p/cut2_2715.pickle
387
COCO mAP: 0.6657260656356812
/home/wxz/Documents/pickle/fastrcnn/360p/cut6_7453.pickle
388
COCO mAP: 0.7229418754577637
/home/wxz/Documents/pickle/fastrcnn/360p/cut6_817.pickle
389
COCO mAP: 0.42197123169898987
/home/wxz/Documents/pickle/fastrcnn/360p/cut3_2737.pickle
390
COCO mAP: 0.5709579586982727
/home/wxz/Documents/pickle/fastrcnn/360p/cut7_2885.pickle
391
COCO mAP: 0.20662148296833038
/home/wxz/Documents/pickle/fastrcnn/360p/cut5_3441.pickle
392
COCO mAP: 0.4967568814754486
/home/wxz/Documents/pickle/fastrcnn/360p/cut1_7644.pickle
393
COCO mAP: 0.36713412404060364
/home/wxz/Documents/pickle/fastrcnn/360p/cut3_5809.pickle
394
COCO mAP: 0.5590924024581909
/home/wxz/Documents/pickle/fastrcnn/360p/cut8_7804.pickle
395
COCO mAP: 0.6080654859542847
/home/wxz/Documents/pickle/fastrcnn/360p/cut3_5601.pickle
396
COCO mAP: 0.4834989011287689
/home/wxz/Documents/pickle/fastrcnn/360p/cut5_7073.pickle
397
COCO mAP: 0.6005309820175171
/home/wxz/Documents/pickle/fastrcnn/360p/cut9_6305.pickle
398
COCO mAP: 0.5575758218765259
/home/wxz/Documents/pickle/fastrcnn/360p/cut3_8129.pickle
399
COCO mAP: 0.5859789252281189
/home/wxz/Documents/pickle/fastrcnn/360p/cut5_4545.pickle
400
COCO mAP: 0.46689772605895996
/home/wxz/Documents/pickle/fastrcnn/360p/cut7_3425.pickle
401
COCO mAP: 0.7278228998184204
/home/wxz/Documents/pickle/fastrcnn/360p/cut3_8513.pickle
402
COCO mAP: 0.6618213653564453
/home/wxz/Documents/pickle/fastrcnn/360p/cut8_506.pickle
403
COCO mAP: 0.6540125608444214
/home/wxz/Documents/pickle/fastrcnn/360p/cut2_5912.pickle
404
COCO mAP: 0.839206874370575
/home/wxz/Documents/pickle/fastrcnn/360p/cut5_2545.pickle
405
COCO mAP: 0.17110569775104523
/home/wxz/Documents/pickle/fastrcnn/360p/cut3_4209.pickle
406
COCO mAP: 0.587830126285553
/home/wxz/Documents/pickle/fastrcnn/360p/cut6_8029.pickle
407
COCO mAP: 0.6796846389770508
/home/wxz/Documents/pickle/fastrcnn/360p/cut8_7510.pickle
408
COCO mAP: 0.56211918592453
/home/wxz/Documents/pickle/fastrcnn/360p/cut3_2001.pickle
409
COCO mAP: 0.4210354685783386
/home/wxz/Documents/pickle/fastrcnn/360p/cut3_7937.pickle
410
COCO mAP: 0.8365980982780457
/home/wxz/Documents/pickle/fastrcnn/360p/cut3_705.pickle
411
COCO mAP: 0.6860299706459045
/home/wxz/Documents/pickle/fastrcnn/360p/cut4_2241.pickle
412
COCO mAP: 0.6144310832023621
/home/wxz/Documents/pickle/fastrcnn/360p/cut2_7522.pickle
413
COCO mAP: 0.8090548515319824
/home/wxz/Documents/pickle/fastrcnn/360p/cut2_8879.pickle
414
COCO mAP: 0.785659670829773
/home/wxz/Documents/pickle/fastrcnn/360p/cut9_4017.pickle
415
COCO mAP: 0.7818063497543335
/home/wxz/Documents/pickle/fastrcnn/360p/cut3_3857.pickle
416
COCO mAP: 0.6762157082557678
/home/wxz/Documents/pickle/fastrcnn/360p/cut5_4641.pickle
417
COCO mAP: 0.5271971225738525
/home/wxz/Documents/pickle/fastrcnn/360p/cut4_7024.pickle
418
COCO mAP: 0.7653802633285522
/home/wxz/Documents/pickle/fastrcnn/360p/cut5_5713.pickle
419
COCO mAP: 0.4580997824668884
/home/wxz/Documents/pickle/fastrcnn/360p/cut5_1377.pickle
420
COCO mAP: 0.6857208609580994
/home/wxz/Documents/pickle/fastrcnn/360p/cut7_3545.pickle
421
COCO mAP: 0.6315888166427612
/home/wxz/Documents/pickle/fastrcnn/360p/cut5_3105.pickle
422
COCO mAP: 0.7236223220825195
/home/wxz/Documents/pickle/fastrcnn/360p/cut1_4671.pickle
423
COCO mAP: 0.8447648882865906
/home/wxz/Documents/pickle/fastrcnn/360p/cut4_6293.pickle
424
COCO mAP: 0.26173266768455505
/home/wxz/Documents/pickle/fastrcnn/360p/cut9_2033.pickle
425
COCO mAP: 0.7986401319503784
/home/wxz/Documents/pickle/fastrcnn/360p/cut9_4913.pickle
426
COCO mAP: 0.3346885144710541
/home/wxz/Documents/pickle/fastrcnn/360p/cut5_1713.pickle
427
COCO mAP: 0.7998114824295044
/home/wxz/Documents/pickle/fastrcnn/360p/cut8_8602.pickle
428
COCO mAP: 0.7837568521499634
/home/wxz/Documents/pickle/fastrcnn/360p/cut1_2908.pickle
429
COCO mAP: 0.07019802182912827
/home/wxz/Documents/pickle/fastrcnn/360p/cut8_4431.pickle
430
COCO mAP: 0.8215029835700989
/home/wxz/Documents/pickle/fastrcnn/360p/cut3_1633.pickle
431
COCO mAP: 0.5568784475326538
/home/wxz/Documents/pickle/fastrcnn/360p/cut5_3633.pickle
432
COCO mAP: 0.44381293654441833
/home/wxz/Documents/pickle/fastrcnn/360p/cut3_609.pickle
433
COCO mAP: 0.7663707137107849
/home/wxz/Documents/pickle/fastrcnn/360p/cut3_417.pickle
434
COCO mAP: 0.775331437587738
/home/wxz/Documents/pickle/fastrcnn/360p/cut2_3704.pickle
435
COCO mAP: 0.4131518304347992
/home/wxz/Documents/pickle/fastrcnn/360p/cut4_461.pickle
436
COCO mAP: 0.360297828912735
/home/wxz/Documents/pickle/fastrcnn/360p/cut2_7361.pickle
437
COCO mAP: 0.7546327114105225
/home/wxz/Documents/pickle/fastrcnn/360p/cut8_1827.pickle
438
COCO mAP: 0.7595754861831665
/home/wxz/Documents/pickle/fastrcnn/360p/cut2_8603.pickle
439
COCO mAP: 0.7541816234588623
/home/wxz/Documents/pickle/fastrcnn/360p/cut8_2331.pickle
440
COCO mAP: 0.5911891460418701
/home/wxz/Documents/pickle/fastrcnn/360p/cut7_2145.pickle
441
COCO mAP: 0.6128268241882324
/home/wxz/Documents/pickle/fastrcnn/360p/cut9_6145.pickle
442
COCO mAP: 0.4866945147514343
/home/wxz/Documents/pickle/fastrcnn/360p/cut2_3106.pickle
443
COCO mAP: 0.8309862017631531
/home/wxz/Documents/pickle/fastrcnn/360p/cut3_6001.pickle
444
COCO mAP: 0.5809633731842041
/home/wxz/Documents/pickle/fastrcnn/360p/cut3_1809.pickle
445
COCO mAP: 0.5859634280204773
/home/wxz/Documents/pickle/fastrcnn/360p/cut1_8319.pickle
446
COCO mAP: 0.8241440057754517
/home/wxz/Documents/pickle/fastrcnn/360p/cut6_193.pickle
447
COCO mAP: 0.8375047445297241
/home/wxz/Documents/pickle/fastrcnn/360p/cut1_1846.pickle
448
COCO mAP: 0.5071830749511719
/home/wxz/Documents/pickle/fastrcnn/360p/cut6_8785.pickle
449
COCO mAP: 0.8090383410453796
/home/wxz/Documents/pickle/fastrcnn/360p/cut9_5409.pickle
450
COCO mAP: 0.6612253189086914
/home/wxz/Documents/pickle/fastrcnn/360p/cut5_657.pickle
451
COCO mAP: 0.7219753265380859
/home/wxz/Documents/pickle/fastrcnn/360p/cut6_8353.pickle
452
COCO mAP: 0.8189004063606262
/home/wxz/Documents/pickle/fastrcnn/360p/cut8_8924.pickle
453
COCO mAP: 0.25247523188591003
/home/wxz/Documents/pickle/fastrcnn/360p/cut6_5934.pickle
454
COCO mAP: 0.5848760008811951
/home/wxz/Documents/pickle/fastrcnn/360p/cut3_8417.pickle
455
COCO mAP: 0.7406364679336548
/home/wxz/Documents/pickle/fastrcnn/360p/cut4_8068.pickle
456
COCO mAP: 0.7876357436180115
/home/wxz/Documents/pickle/fastrcnn/360p/cut9_1105.pickle
457
COCO mAP: 0.8084977865219116
/home/wxz/Documents/pickle/fastrcnn/360p/cut7_8825.pickle
458
COCO mAP: 0.7761310935020447
/home/wxz/Documents/pickle/fastrcnn/360p/cut2_3612.pickle
459
COCO mAP: 0.6833692789077759
/home/wxz/Documents/pickle/fastrcnn/360p/cut6_3041.pickle
460
COCO mAP: 0.6081926226615906
/home/wxz/Documents/pickle/fastrcnn/360p/cut7_4425.pickle
461
COCO mAP: 0.8226838111877441
/home/wxz/Documents/pickle/fastrcnn/360p/cut7_6705.pickle
462
COCO mAP: 0.7821722030639648
/home/wxz/Documents/pickle/fastrcnn/360p/cut9_209.pickle
463
COCO mAP: 0.838593602180481
/home/wxz/Documents/pickle/fastrcnn/360p/cut4_261.pickle
464
COCO mAP: 0.42452293634414673
/home/wxz/Documents/pickle/fastrcnn/360p/cut4_3401.pickle
465
COCO mAP: 0.6770415902137756
/home/wxz/Documents/pickle/fastrcnn/360p/cut3_3217.pickle
466
COCO mAP: 0.5702545046806335
/home/wxz/Documents/pickle/fastrcnn/360p/cut9_4641.pickle
467
COCO mAP: 0.5271917581558228
/home/wxz/Documents/pickle/fastrcnn/360p/cut7_6365.pickle
468
COCO mAP: 0.8126791715621948
/home/wxz/Documents/pickle/fastrcnn/360p/cut4_3241.pickle
469
COCO mAP: 0.7999166250228882
/home/wxz/Documents/pickle/fastrcnn/360p/cut8_8546.pickle
470
COCO mAP: 0.7445226907730103
/home/wxz/Documents/pickle/fastrcnn/360p/cut8_8840.pickle
471
COCO mAP: 0.38635993003845215
/home/wxz/Documents/pickle/fastrcnn/360p/cut3_7505.pickle
472
COCO mAP: 0.8702046275138855
/home/wxz/Documents/pickle/fastrcnn/360p/cut5_7969.pickle
473
COCO mAP: 0.7052988409996033
/home/wxz/Documents/pickle/fastrcnn/360p/cut4_7258.pickle
474
COCO mAP: 0.7269562482833862
/home/wxz/Documents/pickle/fastrcnn/360p/cut4_1801.pickle
475
COCO mAP: 0.819311261177063
/home/wxz/Documents/pickle/fastrcnn/360p/cut7_4845.pickle
476
COCO mAP: 0.7372159361839294
/home/wxz/Documents/pickle/fastrcnn/360p/cut6_8137.pickle
477
COCO mAP: 0.721498966217041
/home/wxz/Documents/pickle/fastrcnn/360p/cut4_761.pickle
478
COCO mAP: 0.38877010345458984
/home/wxz/Documents/pickle/fastrcnn/360p/cut2_8925.pickle
479
COCO mAP: 0.6135914921760559
/home/wxz/Documents/pickle/fastrcnn/360p/cut4_5281.pickle
480
COCO mAP: 0.26748913526535034
/home/wxz/Documents/pickle/fastrcnn/360p/cut1_5700.pickle
481
COCO mAP: 0.7696602940559387
/home/wxz/Documents/pickle/fastrcnn/360p/cut7_641.pickle
482
COCO mAP: 0.5649873614311218
/home/wxz/Documents/pickle/fastrcnn/360p/cut2_5751.pickle
483
COCO mAP: 0.12731249630451202
/home/wxz/Documents/pickle/fastrcnn/360p/cut9_113.pickle
484
COCO mAP: 0.8703312873840332
/home/wxz/Documents/pickle/fastrcnn/360p/cut4_7348.pickle
485
COCO mAP: 0.6889451742172241
/home/wxz/Documents/pickle/fastrcnn/360p/cut1_3438.pickle
486
COCO mAP: 0.6922554969787598
/home/wxz/Documents/pickle/fastrcnn/360p/cut7_4305.pickle
487
COCO mAP: 0.7453243136405945
/home/wxz/Documents/pickle/fastrcnn/360p/cut5_897.pickle
488
COCO mAP: 0.8741012811660767
/home/wxz/Documents/pickle/fastrcnn/360p/cut3_3601.pickle
489
COCO mAP: 0.5840703845024109
/home/wxz/Documents/pickle/fastrcnn/360p/cut5_8881.pickle
490
COCO mAP: 0.8957322835922241
/home/wxz/Documents/pickle/fastrcnn/360p/cut5_3729.pickle
491
COCO mAP: 0.5615774989128113
/home/wxz/Documents/pickle/fastrcnn/360p/cut4_6412.pickle
492
COCO mAP: 0.93902587890625
/home/wxz/Documents/pickle/fastrcnn/360p/cut5_3809.pickle
493
COCO mAP: 0.6202476620674133
/home/wxz/Documents/pickle/fastrcnn/360p/cut4_7672.pickle
494
COCO mAP: 0.7195369005203247
/home/wxz/Documents/pickle/fastrcnn/360p/cut1_2820.pickle
495
COCO mAP: 0.29085099697113037
/home/wxz/Documents/pickle/fastrcnn/360p/cut4_521.pickle
496
COCO mAP: 0.3416518568992615
/home/wxz/Documents/pickle/fastrcnn/360p/cut9_1937.pickle
497
COCO mAP: 0.6064981818199158
/home/wxz/Documents/pickle/fastrcnn/360p/cut6_5611.pickle
498
COCO mAP: 0.5405803322792053
/home/wxz/Documents/pickle/fastrcnn/360p/cut4_2001.pickle
499
COCO mAP: 0.15877346694469452
/home/wxz/Documents/pickle/fastrcnn/360p/cut1_5373.pickle
500
COCO mAP: 0.7016969919204712
/home/wxz/Documents/pickle/fastrcnn/360p/cut8_912.pickle
501
COCO mAP: 0.6660839319229126
/home/wxz/Documents/pickle/fastrcnn/360p/cut6_6750.pickle
502
COCO mAP: 0.6062319874763489
/home/wxz/Documents/pickle/fastrcnn/360p/cut4_5401.pickle
503
COCO mAP: 0.28612667322158813
/home/wxz/Documents/pickle/fastrcnn/360p/cut3_3505.pickle
504
COCO mAP: 0.6212525963783264
/home/wxz/Documents/pickle/fastrcnn/360p/cut5_8353.pickle
505
COCO mAP: 0.7055462002754211
/home/wxz/Documents/pickle/fastrcnn/360p/cut6_8461.pickle
506
COCO mAP: 0.5405095815658569
/home/wxz/Documents/pickle/fastrcnn/360p/cut7_5945.pickle
507
COCO mAP: 0.6270297765731812
/home/wxz/Documents/pickle/fastrcnn/360p/cut3_2609.pickle
508
COCO mAP: 0.7552523016929626
/home/wxz/Documents/pickle/fastrcnn/360p/cut6_7741.pickle
509
COCO mAP: 0.7574251294136047
/home/wxz/Documents/pickle/fastrcnn/360p/cut8_4613.pickle
510
COCO mAP: 0.434821218252182
/home/wxz/Documents/pickle/fastrcnn/360p/cut2_852.pickle
511
COCO mAP: 0.8106352686882019
/home/wxz/Documents/pickle/fastrcnn/360p/cut5_4017.pickle
512
COCO mAP: 0.7049554586410522
/home/wxz/Documents/pickle/fastrcnn/360p/cut1_4931.pickle
513
COCO mAP: 0.7830520868301392
/home/wxz/Documents/pickle/fastrcnn/360p/cut6_5201.pickle
514
COCO mAP: 0.44029396772384644
/home/wxz/Documents/pickle/fastrcnn/360p/cut8_3619.pickle
515
COCO mAP: 0.3483026921749115
/home/wxz/Documents/pickle/fastrcnn/360p/cut2_6717.pickle
516
COCO mAP: 0.8323462605476379
/home/wxz/Documents/pickle/fastrcnn/360p/cut4_7996.pickle
517
COCO mAP: 0.7553077936172485
/home/wxz/Documents/pickle/fastrcnn/360p/cut8_1519.pickle
518
COCO mAP: 0.8235446214675903
/home/wxz/Documents/pickle/fastrcnn/360p/cut2_5061.pickle
519
COCO mAP: 0.1648593544960022
/home/wxz/Documents/pickle/fastrcnn/360p/cut5_7265.pickle
520
COCO mAP: 0.6483358144760132
/home/wxz/Documents/pickle/fastrcnn/360p/cut5_2401.pickle
521
COCO mAP: 0.6444185972213745
/home/wxz/Documents/pickle/fastrcnn/360p/cut2_8741.pickle
522
COCO mAP: 0.7234779596328735
/home/wxz/Documents/pickle/fastrcnn/360p/cut6_2433.pickle
523
COCO mAP: 0.7386688590049744
/home/wxz/Documents/pickle/fastrcnn/360p/cut3_1.pickle
524
COCO mAP: 0.7548598051071167
/home/wxz/Documents/pickle/fastrcnn/360p/cut4_1761.pickle
525
COCO mAP: 0.353215754032135
/home/wxz/Documents/pickle/fastrcnn/360p/cut5_6929.pickle
526
COCO mAP: 0.4665605425834656
/home/wxz/Documents/pickle/fastrcnn/360p/cut2_7430.pickle
527
COCO mAP: 0.7973779439926147
/home/wxz/Documents/pickle/fastrcnn/360p/cut9_2801.pickle
528
COCO mAP: 0.5550633668899536
/home/wxz/Documents/pickle/fastrcnn/360p/cut6_6189.pickle
529
COCO mAP: 0.6131830811500549
/home/wxz/Documents/pickle/fastrcnn/360p/cut5_2817.pickle
530
COCO mAP: 0.6825557947158813
/home/wxz/Documents/pickle/fastrcnn/360p/cut2_7660.pickle
531
COCO mAP: 0.7231438755989075
/home/wxz/Documents/pickle/fastrcnn/360p/cut6_7975.pickle
532
COCO mAP: 0.7302106618881226
/home/wxz/Documents/pickle/fastrcnn/360p/cut3_6865.pickle
533
COCO mAP: 0.6749898791313171
/home/wxz/Documents/pickle/fastrcnn/360p/cut8_4515.pickle
534
COCO mAP: 0.5812908411026001
/home/wxz/Documents/pickle/fastrcnn/360p/cut3_3393.pickle
535
COCO mAP: 0.49424800276756287
/home/wxz/Documents/pickle/fastrcnn/360p/cut1_879.pickle
536
COCO mAP: 0.6951440572738647
/home/wxz/Documents/pickle/fastrcnn/360p/cut9_3329.pickle
537
COCO mAP: 0.13283827900886536
/home/wxz/Documents/pickle/fastrcnn/360p/cut2_8143.pickle
538
COCO mAP: 0.547282338142395
/home/wxz/Documents/pickle/fastrcnn/360p/cut4_5817.pickle
539
COCO mAP: 0.8009278178215027
/home/wxz/Documents/pickle/fastrcnn/360p/cut9_5505.pickle
540
COCO mAP: 0.5466504693031311
/home/wxz/Documents/pickle/fastrcnn/360p/cut2_4762.pickle
541
COCO mAP: 0.7313246130943298
/home/wxz/Documents/pickle/fastrcnn/360p/cut4_3621.pickle
542
COCO mAP: 0.7111014127731323
/home/wxz/Documents/pickle/fastrcnn/360p/cut6_1489.pickle
543
COCO mAP: 0.8576773405075073
/home/wxz/Documents/pickle/fastrcnn/360p/cut1_3174.pickle
544
COCO mAP: 0.20198020339012146
/home/wxz/Documents/pickle/fastrcnn/360p/cut6_5832.pickle
545
COCO mAP: 0.7000840902328491
/home/wxz/Documents/pickle/fastrcnn/360p/cut6_5105.pickle
546
COCO mAP: 0.34954309463500977
/home/wxz/Documents/pickle/fastrcnn/360p/cut4_161.pickle
547
COCO mAP: 0.8334730863571167
/home/wxz/Documents/pickle/fastrcnn/360p/cut3_4305.pickle
548
COCO mAP: 0.392301082611084
/home/wxz/Documents/pickle/fastrcnn/360p/cut1_3526.pickle
549
COCO mAP: 0.5301365852355957
/home/wxz/Documents/pickle/fastrcnn/360p/cut2_7292.pickle
550
COCO mAP: 0.7422553300857544
/home/wxz/Documents/pickle/fastrcnn/360p/cut7_4725.pickle
551
COCO mAP: 0.7135922908782959
/home/wxz/Documents/pickle/fastrcnn/360p/cut3_3793.pickle
552
COCO mAP: 0.6023736596107483
/home/wxz/Documents/pickle/fastrcnn/360p/cut5_3537.pickle
553
COCO mAP: 0.48728474974632263
/home/wxz/Documents/pickle/fastrcnn/360p/cut5_2913.pickle
554
COCO mAP: 0.814207911491394
/home/wxz/Documents/pickle/fastrcnn/360p/cut7_7945.pickle
555
COCO mAP: 0.7874247431755066
/home/wxz/Documents/pickle/fastrcnn/360p/cut8_7412.pickle
556
COCO mAP: 0.3766111433506012
/home/wxz/Documents/pickle/fastrcnn/360p/cut3_6193.pickle
557
COCO mAP: 0.8175767064094543
/home/wxz/Documents/pickle/fastrcnn/360p/cut4_3001.pickle
558
COCO mAP: 0.7548962831497192
/home/wxz/Documents/pickle/fastrcnn/360p/cut4_5901.pickle
559
COCO mAP: 0.6672684550285339
/home/wxz/Documents/pickle/fastrcnn/360p/cut2_1036.pickle
560
COCO mAP: 0.5010178685188293
/home/wxz/Documents/pickle/fastrcnn/360p/cut8_1715.pickle
561
COCO mAP: 0.8763697743415833
/home/wxz/Documents/pickle/fastrcnn/360p/cut5_8992.pickle
562
COCO mAP: 0.7395511865615845
/home/wxz/Documents/pickle/fastrcnn/360p/cut6_3617.pickle
563
COCO mAP: 0.38474953174591064
/home/wxz/Documents/pickle/fastrcnn/360p/cut5_6641.pickle
564
COCO mAP: 0.6824097037315369
/home/wxz/Documents/pickle/fastrcnn/360p/cut6_6240.pickle
565
COCO mAP: 0.5530661344528198
/home/wxz/Documents/pickle/fastrcnn/360p/cut8_4906.pickle
566
COCO mAP: 0.4328770637512207
/home/wxz/Documents/pickle/fastrcnn/360p/cut6_8947.pickle
567
COCO mAP: 0.6619136333465576
/home/wxz/Documents/pickle/fastrcnn/360p/cut7_1.pickle
568
COCO mAP: 0.7641468644142151
/home/wxz/Documents/pickle/fastrcnn/360p/cut1_2471.pickle
569
COCO mAP: 0.3891371786594391
/home/wxz/Documents/pickle/fastrcnn/360p/cut6_2001.pickle
570
COCO mAP: 0.8816238641738892
/home/wxz/Documents/pickle/fastrcnn/360p/cut6_1201.pickle
571
COCO mAP: 0.7718459367752075
/home/wxz/Documents/pickle/fastrcnn/360p/cut6_6903.pickle
572
COCO mAP: 0.7710152864456177
/home/wxz/Documents/pickle/fastrcnn/360p/cut2_93.pickle
573
COCO mAP: 0.3764970302581787
/home/wxz/Documents/pickle/fastrcnn/360p/cut5_8545.pickle
574
COCO mAP: 0.6875227689743042
/home/wxz/Documents/pickle/fastrcnn/360p/cut7_1105.pickle
575
COCO mAP: 0.3550095558166504
/home/wxz/Documents/pickle/fastrcnn/360p/cut7_1855.pickle
576
COCO mAP: 0.5851604342460632
/home/wxz/Documents/pickle/fastrcnn/360p/cut5_8785.pickle
577
COCO mAP: 0.8288523554801941
/home/wxz/Documents/pickle/fastrcnn/360p/cut2_6510.pickle
578
COCO mAP: 0.7415093779563904
/home/wxz/Documents/pickle/fastrcnn/360p/cut8_1645.pickle
579
COCO mAP: 0.7928122878074646
/home/wxz/Documents/pickle/fastrcnn/360p/cut4_5321.pickle
580
COCO mAP: 0.30529916286468506
/home/wxz/Documents/pickle/fastrcnn/360p/cut2_6418.pickle
581
COCO mAP: 0.8494219779968262
/home/wxz/Documents/pickle/fastrcnn/360p/cut9_1009.pickle
582
COCO mAP: 0.5101598501205444
/home/wxz/Documents/pickle/fastrcnn/360p/cut7_6645.pickle
583
COCO mAP: 0.796892523765564
/home/wxz/Documents/pickle/fastrcnn/360p/cut4_1681.pickle
584
COCO mAP: 0.6380348801612854
/home/wxz/Documents/pickle/fastrcnn/360p/cut9_401.pickle
585
COCO mAP: 0.5747107267379761
/home/wxz/Documents/pickle/fastrcnn/360p/cut3_2209.pickle
586
COCO mAP: 0.6224337816238403
/home/wxz/Documents/pickle/fastrcnn/360p/cut8_4809.pickle
587
COCO mAP: 0.39591801166534424
/home/wxz/Documents/pickle/fastrcnn/360p/cut6_4641.pickle
588
COCO mAP: 0.46378380060195923
/home/wxz/Documents/pickle/fastrcnn/360p/cut7_833.pickle
589
COCO mAP: 0.4802023470401764
/home/wxz/Documents/pickle/fastrcnn/360p/cut5_6113.pickle
590
COCO mAP: 0.6766883134841919
/home/wxz/Documents/pickle/fastrcnn/360p/cut6_7867.pickle
591
COCO mAP: 0.7833742499351501
/home/wxz/Documents/pickle/fastrcnn/360p/cut6_6444.pickle
592
COCO mAP: 0.6778222322463989
/home/wxz/Documents/pickle/fastrcnn/360p/cut1_4139.pickle
593
COCO mAP: 0.7542024254798889
/home/wxz/Documents/pickle/fastrcnn/360p/cut3_817.pickle
594
COCO mAP: 0.3018103539943695
/home/wxz/Documents/pickle/fastrcnn/360p/cut4_1.pickle
595
COCO mAP: 0.7878037691116333
/home/wxz/Documents/pickle/fastrcnn/360p/cut4_2121.pickle
596
COCO mAP: 0.6974562406539917
/home/wxz/Documents/pickle/fastrcnn/360p/cut2_8534.pickle
597
COCO mAP: 0.7237594723701477
/home/wxz/Documents/pickle/fastrcnn/360p/cut4_4721.pickle
598
COCO mAP: 0.20594803988933563
/home/wxz/Documents/pickle/fastrcnn/360p/cut1_8759.pickle
599
COCO mAP: 0.8156437873840332
/home/wxz/Documents/pickle/fastrcnn/360p/cut8_2737.pickle
600
COCO mAP: 0.5786154270172119
/home/wxz/Documents/pickle/fastrcnn/360p/cut8_3003.pickle
601
COCO mAP: 0.6888076066970825
/home/wxz/Documents/pickle/fastrcnn/360p/cut4_3341.pickle
602
COCO mAP: 0.7120410799980164
/home/wxz/Documents/pickle/fastrcnn/360p/cut4_8914.pickle
603
COCO mAP: 0.684493362903595
/home/wxz/Documents/pickle/fastrcnn/360p/cut6_1537.pickle
604
COCO mAP: 0.4739205241203308
/home/wxz/Documents/pickle/fastrcnn/360p/cut3_4737.pickle
605
COCO mAP: 0.3435957431793213
/home/wxz/Documents/pickle/fastrcnn/360p/cut1_8509.pickle
606
COCO mAP: 0.7811914086341858
/home/wxz/Documents/pickle/fastrcnn/360p/cut5_4929.pickle
607
COCO mAP: 0.2803804278373718
/home/wxz/Documents/pickle/fastrcnn/360p/cut2_6602.pickle
608
COCO mAP: 0.7709254026412964
/home/wxz/Documents/pickle/fastrcnn/360p/cut7_7465.pickle
609
COCO mAP: 0.7584050893783569
/home/wxz/Documents/pickle/fastrcnn/360p/cut3_2305.pickle
610
COCO mAP: 0.6963673830032349
/home/wxz/Documents/pickle/fastrcnn/360p/cut6_4241.pickle
611
COCO mAP: 0.7198938727378845
/home/wxz/Documents/pickle/fastrcnn/360p/cut3_5313.pickle
612
COCO mAP: 0.5630812644958496
/home/wxz/Documents/pickle/fastrcnn/360p/cut7_3665.pickle
613
COCO mAP: 0.513192355632782
/home/wxz/Documents/pickle/fastrcnn/360p/cut7_5445.pickle
614
COCO mAP: 0.7386650443077087
/home/wxz/Documents/pickle/fastrcnn/360p/cut1_5107.pickle
615
COCO mAP: 0.8196097612380981
/home/wxz/Documents/pickle/fastrcnn/360p/cut6_5009.pickle
616
COCO mAP: 0.657906174659729
/home/wxz/Documents/pickle/fastrcnn/360p/cut3_4833.pickle
617
COCO mAP: 0.5786467790603638
/home/wxz/Documents/pickle/fastrcnn/360p/cut1_6068.pickle
618
COCO mAP: 0.5900846123695374
/home/wxz/Documents/pickle/fastrcnn/360p/cut8_7706.pickle
619
COCO mAP: 0.45823797583580017
/home/wxz/Documents/pickle/fastrcnn/360p/cut6_5409.pickle
620
COCO mAP: 0.5021624565124512
/home/wxz/Documents/pickle/fastrcnn/360p/cut4_6141.pickle
621
COCO mAP: 0.3232347369194031
/home/wxz/Documents/pickle/fastrcnn/360p/cut7_2017.pickle
622
COCO mAP: 0.5227402448654175
/home/wxz/Documents/pickle/fastrcnn/360p/cut9_5601.pickle
623
COCO mAP: 0.4539816379547119
/home/wxz/Documents/pickle/fastrcnn/360p/cut3_7649.pickle
624
COCO mAP: 0.7206367254257202
/home/wxz/Documents/pickle/fastrcnn/360p/cut4_361.pickle
625
COCO mAP: 0.5343488454818726
/home/wxz/Documents/pickle/fastrcnn/360p/cut4_5521.pickle
626
COCO mAP: 0.7500754594802856
/home/wxz/Documents/pickle/fastrcnn/360p/cut6_689.pickle
627
COCO mAP: 0.5980663895606995
/home/wxz/Documents/pickle/fastrcnn/360p/cut4_4121.pickle
628
COCO mAP: 0.37605851888656616
/home/wxz/Documents/pickle/fastrcnn/360p/cut7_8225.pickle
629
COCO mAP: 0.791878342628479
/home/wxz/Documents/pickle/fastrcnn/360p/cut4_4841.pickle
630
COCO mAP: 0.6138867139816284
/home/wxz/Documents/pickle/fastrcnn/360p/cut9_305.pickle
631
COCO mAP: 0.6756283044815063
/home/wxz/Documents/pickle/fastrcnn/360p/cut9_5713.pickle
632
COCO mAP: 0.4319973886013031
/home/wxz/Documents/pickle/fastrcnn/360p/cut4_3901.pickle
633
COCO mAP: 0.30144166946411133
/home/wxz/Documents/pickle/fastrcnn/360p/cut1_2558.pickle
634
COCO mAP: 0.011881188489496708
/home/wxz/Documents/pickle/fastrcnn/360p/cut8_5620.pickle
635
COCO mAP: 0.8356642723083496
/home/wxz/Documents/pickle/fastrcnn/360p/cut3_3169.pickle
636
COCO mAP: 0.5553362369537354
/home/wxz/Documents/pickle/fastrcnn/360p/cut4_6201.pickle
637
COCO mAP: 0.6631356477737427
/home/wxz/Documents/pickle/fastrcnn/360p/cut2_1312.pickle
638
COCO mAP: 0.46728602051734924
/home/wxz/Documents/pickle/fastrcnn/360p/cut6_1905.pickle
639
COCO mAP: 0.8225795030593872
/home/wxz/Documents/pickle/fastrcnn/360p/cut9_3729.pickle
640
COCO mAP: 0.2307223379611969
/home/wxz/Documents/pickle/fastrcnn/360p/cut2_6142.pickle
641
COCO mAP: 0.3240910768508911
/home/wxz/Documents/pickle/fastrcnn/360p/cut3_8705.pickle
642
COCO mAP: 0.7942677736282349
/home/wxz/Documents/pickle/fastrcnn/360p/cut8_5032.pickle
643
COCO mAP: 0.5666444301605225
/home/wxz/Documents/pickle/fastrcnn/360p/cut8_2905.pickle
644
COCO mAP: 0.2460290938615799
/home/wxz/Documents/pickle/fastrcnn/360p/cut2_2002.pickle
645
COCO mAP: 0.8181778192520142
/home/wxz/Documents/pickle/fastrcnn/360p/cut8_209.pickle
646
COCO mAP: 0.4244682192802429
/home/wxz/Documents/pickle/fastrcnn/360p/cut2_8327.pickle
647
COCO mAP: 0.8047612905502319
/home/wxz/Documents/pickle/fastrcnn/360p/cut5_5617.pickle
648
COCO mAP: 0.5803222060203552
/home/wxz/Documents/pickle/fastrcnn/360p/cut7_3245.pickle
649
COCO mAP: 0.700497031211853
/home/wxz/Documents/pickle/fastrcnn/360p/cut9_5169.pickle
650
COCO mAP: 0.5920993089675903
/home/wxz/Documents/pickle/fastrcnn/360p/cut9_2321.pickle
651
COCO mAP: 0.5923841595649719
/home/wxz/Documents/pickle/fastrcnn/360p/cut7_5625.pickle
652
COCO mAP: 0.7716160416603088
/home/wxz/Documents/pickle/fastrcnn/360p/cut8_5410.pickle
653
COCO mAP: 0.8119568824768066
/home/wxz/Documents/pickle/fastrcnn/360p/cut8_2009.pickle
654
COCO mAP: 0.8202942609786987
/home/wxz/Documents/pickle/fastrcnn/360p/cut8_604.pickle
655
COCO mAP: 0.8626376390457153
/home/wxz/Documents/pickle/fastrcnn/360p/cut7_737.pickle
656
COCO mAP: 0.722282350063324
/home/wxz/Documents/pickle/fastrcnn/360p/cut6_3425.pickle
657
COCO mAP: 0.7630899548530579
/home/wxz/Documents/pickle/fastrcnn/360p/cut7_7185.pickle
658
COCO mAP: 0.7960416078567505
/home/wxz/Documents/pickle/fastrcnn/360p/cut5_2209.pickle
659
COCO mAP: 0.6788279414176941
/home/wxz/Documents/pickle/fastrcnn/360p/cut4_4541.pickle
660
COCO mAP: 0.7001776695251465
/home/wxz/Documents/pickle/fastrcnn/360p/cut3_5121.pickle
661
COCO mAP: 0.4537352919578552
/home/wxz/Documents/pickle/fastrcnn/360p/cut1_4403.pickle
662
COCO mAP: 0.8335577249526978
/home/wxz/Documents/pickle/fastrcnn/360p/cut6_2945.pickle
663
COCO mAP: 0.7202080488204956
/home/wxz/Documents/pickle/fastrcnn/360p/cut1_6244.pickle
664
COCO mAP: 0.7695006728172302
/home/wxz/Documents/pickle/fastrcnn/360p/cut5_4401.pickle
665
COCO mAP: 0.7259019017219543
/home/wxz/Documents/pickle/fastrcnn/360p/cut8_3213.pickle
666
COCO mAP: 0.7895220518112183
/home/wxz/Documents/pickle/fastrcnn/360p/cut2_3520.pickle
667
COCO mAP: 0.830089271068573
/home/wxz/Documents/pickle/fastrcnn/360p/cut7_1747.pickle
668
COCO mAP: 0.5706992745399475
/home/wxz/Documents/pickle/fastrcnn/360p/cut6_1713.pickle
669
COCO mAP: 0.8952533006668091
/home/wxz/Documents/pickle/fastrcnn/360p/cut4_8752.pickle
670
COCO mAP: 0.816561222076416
/home/wxz/Documents/pickle/fastrcnn/360p/cut3_3713.pickle
671
COCO mAP: 0.7162860631942749
/home/wxz/Documents/pickle/fastrcnn/360p/cut8_4305.pickle
672
COCO mAP: 0.36838972568511963
/home/wxz/Documents/pickle/fastrcnn/360p/cut5_5905.pickle
673
COCO mAP: 0.8251999616622925
/home/wxz/Documents/pickle/fastrcnn/360p/cut9_6049.pickle
674
COCO mAP: 0.7514025568962097
/home/wxz/Documents/pickle/fastrcnn/360p/cut6_6546.pickle
675
COCO mAP: 0.6034711599349976
/home/wxz/Documents/pickle/fastrcnn/360p/cut5_2625.pickle
676
COCO mAP: 0.6292129755020142
/home/wxz/Documents/pickle/fastrcnn/360p/cut6_6342.pickle
677
COCO mAP: 0.8049179911613464
/home/wxz/Documents/pickle/fastrcnn/360p/cut7_929.pickle
678
COCO mAP: 0.3158338963985443
/home/wxz/Documents/pickle/fastrcnn/360p/cut3_2513.pickle
679
COCO mAP: 0.6759443283081055
/home/wxz/Documents/pickle/fastrcnn/360p/cut5_1.pickle
680
COCO mAP: 0.684980571269989
/home/wxz/Documents/pickle/fastrcnn/360p/cut9_1505.pickle
681
COCO mAP: 0.5827698111534119
/home/wxz/Documents/pickle/fastrcnn/360p/cut8_5928.pickle
682
COCO mAP: 0.6309125423431396
/home/wxz/Documents/pickle/fastrcnn/360p/cut9_4737.pickle
683
COCO mAP: 0.6039994955062866
/home/wxz/Documents/pickle/fastrcnn/360p/cut5_2721.pickle
684
COCO mAP: 0.5247982740402222
/home/wxz/Documents/pickle/fastrcnn/360p/cut6_2385.pickle
685
COCO mAP: 0.7544355988502502
/home/wxz/Documents/pickle/fastrcnn/360p/cut7_7285.pickle
686
COCO mAP: 0.7887414693832397
/home/wxz/Documents/pickle/fastrcnn/360p/cut8_1911.pickle
687
COCO mAP: 0.8045113682746887
/home/wxz/Documents/pickle/fastrcnn/360p/cut3_7153.pickle
688
COCO mAP: 0.5945881605148315
/home/wxz/Documents/pickle/fastrcnn/360p/cut4_5709.pickle
689
COCO mAP: 0.7455571889877319
/home/wxz/Documents/pickle/fastrcnn/360p/cut1_6909.pickle
690
COCO mAP: 0.20323030650615692
/home/wxz/Documents/pickle/fastrcnn/360p/cut8_6110.pickle
691
COCO mAP: 0.8392398953437805
/home/wxz/Documents/pickle/fastrcnn/360p/cut3_2401.pickle
692
COCO mAP: 0.8180953860282898
/home/wxz/Documents/pickle/fastrcnn/360p/cut7_6285.pickle
693
COCO mAP: 0.6365673542022705
/home/wxz/Documents/pickle/fastrcnn/360p/cut8_4725.pickle
694
COCO mAP: 0.48242244124412537
/home/wxz/Documents/pickle/fastrcnn/360p/cut9_721.pickle
695
COCO mAP: 0.6069011092185974
/home/wxz/Documents/pickle/fastrcnn/360p/cut1_704.pickle
696
COCO mAP: 0.7664417624473572
/home/wxz/Documents/pickle/fastrcnn/360p/cut9_3233.pickle
697
COCO mAP: 0.06138613820075989
/home/wxz/Documents/pickle/fastrcnn/360p/cut3_6097.pickle
698
COCO mAP: 0.7478734254837036
/home/wxz/Documents/pickle/fastrcnn/360p/cut8_7608.pickle
699
COCO mAP: 0.537233829498291
/home/wxz/Documents/pickle/fastrcnn/360p/cut8_8252.pickle
700
COCO mAP: 0.4703245162963867
/home/wxz/Documents/pickle/fastrcnn/360p/cut7_8705.pickle
701
COCO mAP: 0.7677182555198669
/home/wxz/Documents/pickle/fastrcnn/360p/cut5_5313.pickle
702
COCO mAP: 0.42586231231689453
/home/wxz/Documents/pickle/fastrcnn/360p/cut5_1089.pickle
703
COCO mAP: 0.709382176399231
/home/wxz/Documents/pickle/fastrcnn/360p/cut8_5522.pickle
704
COCO mAP: 0.8016160130500793
/home/wxz/Documents/pickle/fastrcnn/360p/cut5_7729.pickle
705
COCO mAP: 0.7636204957962036
/home/wxz/Documents/pickle/fastrcnn/360p/cut3_8945.pickle
706
COCO mAP: 0.47711342573165894
/home/wxz/Documents/pickle/fastrcnn/360p/cut2_6901.pickle
707
COCO mAP: 0.7608128190040588
/home/wxz/Documents/pickle/fastrcnn/360p/cut5_1617.pickle
708
COCO mAP: 0.7901389002799988
/home/wxz/Documents/pickle/fastrcnn/360p/cut1_8864.pickle
709
COCO mAP: 0.8531962633132935
/home/wxz/Documents/pickle/fastrcnn/360p/cut3_2257.pickle
710
COCO mAP: 0.4163278639316559
/home/wxz/Documents/pickle/fastrcnn/360p/cut3_8801.pickle
711
COCO mAP: 0.39016950130462646
/home/wxz/Documents/pickle/fastrcnn/360p/cut5_2113.pickle
712
COCO mAP: 0.6335917115211487
/home/wxz/Documents/pickle/fastrcnn/360p/cut9_4817.pickle
713
COCO mAP: 0.6755994558334351
/home/wxz/Documents/pickle/fastrcnn/360p/cut7_8645.pickle
714
COCO mAP: 0.7805936932563782
/home/wxz/Documents/pickle/fastrcnn/360p/cut1_2022.pickle
715
COCO mAP: 0.670544445514679
/home/wxz/Documents/pickle/fastrcnn/360p/cut6_6801.pickle
716
COCO mAP: 0.6084623336791992
/home/wxz/Documents/pickle/fastrcnn/360p/cut4_6808.pickle
717
COCO mAP: 0.4987545907497406
/home/wxz/Documents/pickle/fastrcnn/360p/cut1_17.pickle
718
COCO mAP: 0.3035745918750763
/home/wxz/Documents/pickle/fastrcnn/360p/cut4_1901.pickle
719
COCO mAP: 0.5991008877754211
/home/wxz/Documents/pickle/fastrcnn/360p/cut7_3005.pickle
720
COCO mAP: 0.662565290927887
/home/wxz/Documents/pickle/fastrcnn/360p/cut9_1745.pickle
721
COCO mAP: 0.8065547943115234
/home/wxz/Documents/pickle/fastrcnn/360p/cut7_4225.pickle
722
COCO mAP: 0.6995285153388977
/home/wxz/Documents/pickle/fastrcnn/360p/cut4_8320.pickle
723
COCO mAP: 0.7117708921432495
/home/wxz/Documents/pickle/fastrcnn/360p/cut4_3701.pickle
724
COCO mAP: 0.7354167699813843
/home/wxz/Documents/pickle/fastrcnn/360p/cut2_7821.pickle
725
COCO mAP: 0.7704038023948669
/home/wxz/Documents/pickle/fastrcnn/360p/cut6_577.pickle
726
COCO mAP: 0.782720148563385
/home/wxz/Documents/pickle/fastrcnn/360p/cut3_5905.pickle
727
COCO mAP: 0.7578078508377075
/home/wxz/Documents/pickle/fastrcnn/360p/cut3_1425.pickle
728
COCO mAP: 0.5899059772491455
/home/wxz/Documents/pickle/fastrcnn/360p/cut2_7706.pickle
729
COCO mAP: 0.7390831112861633
/home/wxz/Documents/pickle/fastrcnn/360p/cut8_346.pickle
730
COCO mAP: 0.5911090970039368
/home/wxz/Documents/pickle/fastrcnn/360p/cut6_8245.pickle
731
COCO mAP: 0.7579083442687988
/home/wxz/Documents/pickle/fastrcnn/360p/cut6_3137.pickle
732
COCO mAP: 0.8298953771591187
/home/wxz/Documents/pickle/fastrcnn/360p/cut1_2202.pickle
733
COCO mAP: 0.561994194984436
/home/wxz/Documents/pickle/fastrcnn/360p/cut1_8419.pickle
734
COCO mAP: 0.4614984393119812
/home/wxz/Documents/pickle/fastrcnn/360p/cut8_5802.pickle
735
COCO mAP: 0.7276877164840698
/home/wxz/Documents/pickle/fastrcnn/360p/cut2_3911.pickle
736
COCO mAP: 0.46031180024147034
/home/wxz/Documents/pickle/fastrcnn/360p/cut8_6362.pickle
737
COCO mAP: 0.7022000551223755
/home/wxz/Documents/pickle/fastrcnn/360p/cut2_6027.pickle
738
COCO mAP: 0.6887266635894775
/home/wxz/Documents/pickle/fastrcnn/360p/cut6_1105.pickle
739
COCO mAP: 0.4220530092716217
/home/wxz/Documents/pickle/fastrcnn/360p/cut8_496.pickle
740
COCO mAP: 0.6022473573684692
/home/wxz/Documents/pickle/fastrcnn/360p/cut1_1503.pickle
741
COCO mAP: 0.10099009424448013
/home/wxz/Documents/pickle/fastrcnn/360p/cut1_3350.pickle
742
COCO mAP: 0.2423408478498459
/home/wxz/Documents/pickle/fastrcnn/360p/cut1_343.pickle
743
COCO mAP: 0.5254419445991516
/home/wxz/Documents/pickle/fastrcnn/360p/cut9_1841.pickle
744
COCO mAP: 0.844581127166748
/home/wxz/Documents/pickle/fastrcnn/360p/cut2_3014.pickle
745
COCO mAP: 0.8529757261276245
/home/wxz/Documents/pickle/fastrcnn/360p/cut7_3365.pickle
746
COCO mAP: 0.6810617446899414
/home/wxz/Documents/pickle/fastrcnn/360p/cut2_6303.pickle
747
COCO mAP: 0.830105185508728
/home/wxz/Documents/pickle/fastrcnn/360p/cut2_4348.pickle
748
COCO mAP: 0.6936568021774292
/home/wxz/Documents/pickle/fastrcnn/360p/cut1_6604.pickle
749
COCO mAP: 0.17567184567451477
/home/wxz/Documents/pickle/fastrcnn/360p/cut1_6689.pickle
750
COCO mAP: 0.2460046112537384
/home/wxz/Documents/pickle/fastrcnn/360p/cut3_7745.pickle
751
COCO mAP: 0.6396333575248718
/home/wxz/Documents/pickle/fastrcnn/360p/cut5_5217.pickle
752
COCO mAP: 0.6537405252456665
/home/wxz/Documents/pickle/fastrcnn/360p/cut2_6809.pickle
753
COCO mAP: 0.7586888074874878
/home/wxz/Documents/pickle/fastrcnn/360p/cut1_2302.pickle
754
COCO mAP: 0.5332664251327515
/home/wxz/Documents/pickle/fastrcnn/360p/cut7_2405.pickle
755
COCO mAP: 0.5994766354560852
/home/wxz/Documents/pickle/fastrcnn/360p/cut5_401.pickle
756
COCO mAP: 0.3763189911842346
/home/wxz/Documents/pickle/fastrcnn/360p/cut8_3129.pickle
757
COCO mAP: 0.6136083006858826
/home/wxz/Documents/pickle/fastrcnn/360p/cut5_4881.pickle
758
COCO mAP: 0.31490427255630493
/home/wxz/Documents/pickle/fastrcnn/360p/cut3_4929.pickle
759
COCO mAP: 0.6056932210922241
/home/wxz/Documents/pickle/fastrcnn/360p/cut5_5025.pickle
760
COCO mAP: 0.8475988507270813
/home/wxz/Documents/pickle/fastrcnn/360p/cut6_961.pickle
761
COCO mAP: 0.5957145094871521
/home/wxz/Documents/pickle/fastrcnn/360p/cut8_5144.pickle
762
COCO mAP: 0.8361641764640808
/home/wxz/Documents/pickle/fastrcnn/360p/cut5_5409.pickle
763
COCO mAP: 0.8013020753860474
/home/wxz/Documents/pickle/fastrcnn/360p/cut1_5613.pickle
764
COCO mAP: 0.8283652067184448
/home/wxz/Documents/pickle/fastrcnn/360p/cut2_2370.pickle
765
COCO mAP: 0.5732885003089905
/home/wxz/Documents/pickle/fastrcnn/360p/cut7_4985.pickle
766
COCO mAP: 0.6941145658493042
/home/wxz/Documents/pickle/fastrcnn/360p/cut6_1.pickle
767
COCO mAP: 0.7453678250312805
/home/wxz/Documents/pickle/fastrcnn/360p/cut8_2107.pickle
768
COCO mAP: 0.6222965121269226
/home/wxz/Documents/pickle/fastrcnn/360p/cut8_2401.pickle
769
COCO mAP: 0.5187831521034241
/home/wxz/Documents/pickle/fastrcnn/360p/cut4_8212.pickle
770
COCO mAP: 0.7306925654411316
/home/wxz/Documents/pickle/fastrcnn/360p/cut8_6516.pickle
771
COCO mAP: 0.6944137811660767
/home/wxz/Documents/pickle/fastrcnn/360p/cut4_4901.pickle
772
COCO mAP: 0.5696285963058472
/home/wxz/Documents/pickle/fastrcnn/360p/cut1_1316.pickle
773
COCO mAP: 0.2122456133365631
/home/wxz/Documents/pickle/fastrcnn/360p/cut3_145.pickle
774
COCO mAP: 0.6824041604995728
/home/wxz/Documents/pickle/fastrcnn/360p/cut7_4605.pickle
775
COCO mAP: 0.7172380089759827
/home/wxz/Documents/pickle/fastrcnn/360p/cut8_8168.pickle
776
COCO mAP: 0.6662065386772156
/home/wxz/Documents/pickle/fastrcnn/360p/cut8_6012.pickle
777
COCO mAP: 0.8003994822502136
/home/wxz/Documents/pickle/fastrcnn/360p/cut1_5524.pickle
778
COCO mAP: 0.7572612166404724
/home/wxz/Documents/pickle/fastrcnn/360p/cut4_7888.pickle
779
COCO mAP: 0.7938550710678101
/home/wxz/Documents/pickle/fastrcnn/360p/cut2_2807.pickle
780
COCO mAP: 0.8457444310188293
/home/wxz/Documents/pickle/fastrcnn/360p/cut7_2365.pickle
781
COCO mAP: 0.5934202671051025
/home/wxz/Documents/pickle/fastrcnn/360p/cut1_7444.pickle
782
COCO mAP: 0.6296499967575073
/home/wxz/Documents/pickle/fastrcnn/360p/cut2_369.pickle
783
COCO mAP: 0.6729894280433655
/home/wxz/Documents/pickle/fastrcnn/360p/cut7_1405.pickle
784
COCO mAP: 0.3514842689037323
/home/wxz/Documents/pickle/fastrcnn/360p/cut7_7525.pickle
785
COCO mAP: 0.7769445776939392
/home/wxz/Documents/pickle/fastrcnn/360p/cut2_4923.pickle
786
COCO mAP: 0.7301041483879089
/home/wxz/Documents/pickle/fastrcnn/360p/cut1_8629.pickle
787
COCO mAP: 0.8580852746963501
/home/wxz/Documents/pickle/fastrcnn/360p/cut4_5141.pickle
788
COCO mAP: 0.6970548033714294
/home/wxz/Documents/pickle/fastrcnn/360p/cut1_5978.pickle
789
COCO mAP: 0.7054109573364258
/home/wxz/Documents/pickle/fastrcnn/360p/cut9_1313.pickle
790
COCO mAP: 0.6289843320846558
/home/wxz/Documents/pickle/fastrcnn/360p/cut8_1.pickle
791
COCO mAP: 0.854770302772522
/home/wxz/Documents/pickle/fastrcnn/360p/cut1_3702.pickle
792
COCO mAP: 0.6390141248703003
average COCO mAP:0.6212340588293349
