nohup: 忽略输入
/home/wxz/Documents/pickle/fastrcnn/96p/cut5_8945.pickle
1
COCO mAP: 0.4913516044616699
/home/wxz/Documents/pickle/fastrcnn/96p/cut8_436.pickle
2
COCO mAP: 0.19382813572883606
/home/wxz/Documents/pickle/fastrcnn/96p/cut6_5509.pickle
3
COCO mAP: 0.183261439204216
/home/wxz/Documents/pickle/fastrcnn/96p/cut2_4831.pickle
4
COCO mAP: 0.3447047173976898
/home/wxz/Documents/pickle/fastrcnn/96p/cut2_8971.pickle
5
COCO mAP: 0.45527347922325134
/home/wxz/Documents/pickle/fastrcnn/96p/cut7_2265.pickle
6
COCO mAP: 0.43984389305114746
/home/wxz/Documents/pickle/fastrcnn/96p/cut2_185.pickle
7
COCO mAP: 0.5592119693756104
/home/wxz/Documents/pickle/fastrcnn/96p/cut9_3041.pickle
8
COCO mAP: 0.40369415283203125
/home/wxz/Documents/pickle/fastrcnn/96p/cut7_7705.pickle
9
COCO mAP: 0.3515743911266327
/home/wxz/Documents/pickle/fastrcnn/96p/cut6_4817.pickle
10
COCO mAP: 0.32077890634536743
/home/wxz/Documents/pickle/fastrcnn/96p/cut5_3921.pickle
11
COCO mAP: 0.267984002828598
/home/wxz/Documents/pickle/fastrcnn/96p/cut3_6577.pickle
12
COCO mAP: 0.48256808519363403
/home/wxz/Documents/pickle/fastrcnn/96p/cut5_993.pickle
13
COCO mAP: 0.145501971244812
/home/wxz/Documents/pickle/fastrcnn/96p/cut2_6257.pickle
14
COCO mAP: 0.5616475343704224
/home/wxz/Documents/pickle/fastrcnn/96p/cut4_7186.pickle
15
COCO mAP: 0.2594115734100342
/home/wxz/Documents/pickle/fastrcnn/96p/cut9_3825.pickle
16
COCO mAP: 0.6551315188407898
/home/wxz/Documents/pickle/fastrcnn/96p/cut3_4001.pickle
17
COCO mAP: 0.26835161447525024
/home/wxz/Documents/pickle/fastrcnn/96p/cut9_4545.pickle
18
COCO mAP: 0.1553536206483841
/home/wxz/Documents/pickle/fastrcnn/96p/cut2_2186.pickle
19
COCO mAP: 0.6122024655342102
/home/wxz/Documents/pickle/fastrcnn/96p/cut8_7104.pickle
20
COCO mAP: 0.29698172211647034
/home/wxz/Documents/pickle/fastrcnn/96p/cut7_4125.pickle
21
COCO mAP: 0.5566527843475342
/home/wxz/Documents/pickle/fastrcnn/96p/cut3_4401.pickle
22
COCO mAP: 0.39875471591949463
/home/wxz/Documents/pickle/fastrcnn/96p/cut6_2657.pickle
23
COCO mAP: 0.4024372696876526
/home/wxz/Documents/pickle/fastrcnn/96p/cut4_2301.pickle
24
COCO mAP: 0.25670692324638367
/home/wxz/Documents/pickle/fastrcnn/96p/cut8_8336.pickle
25
COCO mAP: 0.22666406631469727
/home/wxz/Documents/pickle/fastrcnn/96p/cut7_1009.pickle
26
COCO mAP: 0.3718990087509155
/home/wxz/Documents/pickle/fastrcnn/96p/cut1_257.pickle
27
COCO mAP: 0.13172630965709686
/home/wxz/Documents/pickle/fastrcnn/96p/cut5_5121.pickle
28
COCO mAP: 0.2669903039932251
/home/wxz/Documents/pickle/fastrcnn/96p/cut3_4113.pickle
29
COCO mAP: 0.4919036328792572
/home/wxz/Documents/pickle/fastrcnn/96p/cut6_7633.pickle
30
COCO mAP: 0.48191308975219727
/home/wxz/Documents/pickle/fastrcnn/96p/cut3_7313.pickle
31
COCO mAP: 0.1206948384642601
/home/wxz/Documents/pickle/fastrcnn/96p/cut4_1501.pickle
32
COCO mAP: 0.4332140386104584
/home/wxz/Documents/pickle/fastrcnn/96p/cut9_3633.pickle
33
COCO mAP: 0.6847321391105652
/home/wxz/Documents/pickle/fastrcnn/96p/cut2_8281.pickle
34
COCO mAP: 0.420360803604126
/home/wxz/Documents/pickle/fastrcnn/96p/cut2_967.pickle
35
COCO mAP: 0.5177149176597595
/home/wxz/Documents/pickle/fastrcnn/96p/cut2_2623.pickle
36
COCO mAP: 0.31156793236732483
/home/wxz/Documents/pickle/fastrcnn/96p/cut1_8044.pickle
37
COCO mAP: 0.3309780955314636
/home/wxz/Documents/pickle/fastrcnn/96p/cut5_3249.pickle
38
COCO mAP: 0.4546205401420593
/home/wxz/Documents/pickle/fastrcnn/96p/cut5_1281.pickle
39
COCO mAP: 0.11535923182964325
/home/wxz/Documents/pickle/fastrcnn/96p/cut7_5505.pickle
40
COCO mAP: 0.2859647572040558
/home/wxz/Documents/pickle/fastrcnn/96p/cut7_8945.pickle
41
COCO mAP: 0.4985979497432709
/home/wxz/Documents/pickle/fastrcnn/96p/cut4_8806.pickle
42
COCO mAP: 0.49451008439064026
/home/wxz/Documents/pickle/fastrcnn/96p/cut5_6001.pickle
43
COCO mAP: 0.2396458387374878
/home/wxz/Documents/pickle/fastrcnn/96p/cut3_513.pickle
44
COCO mAP: 0.5878477692604065
/home/wxz/Documents/pickle/fastrcnn/96p/cut6_3329.pickle
45
COCO mAP: 0.18682771921157837
/home/wxz/Documents/pickle/fastrcnn/96p/cut6_4401.pickle
46
COCO mAP: 0.2852224111557007
/home/wxz/Documents/pickle/fastrcnn/96p/cut1_6156.pickle
47
COCO mAP: 0.5705577731132507
/home/wxz/Documents/pickle/fastrcnn/96p/cut2_5130.pickle
48
COCO mAP: 0.5720137357711792
/home/wxz/Documents/pickle/fastrcnn/96p/cut7_6165.pickle
49
COCO mAP: 0.4042433202266693
/home/wxz/Documents/pickle/fastrcnn/96p/cut9_4209.pickle
50
COCO mAP: 0.48166313767433167
/home/wxz/Documents/pickle/fastrcnn/96p/cut5_1521.pickle
51
COCO mAP: 0.11104875802993774
/home/wxz/Documents/pickle/fastrcnn/96p/cut9_2225.pickle
52
COCO mAP: 0.4189252257347107
/home/wxz/Documents/pickle/fastrcnn/96p/cut6_8893.pickle
53
COCO mAP: 0.5456476807594299
/home/wxz/Documents/pickle/fastrcnn/96p/cut2_5521.pickle
54
COCO mAP: 0.5055452585220337
/home/wxz/Documents/pickle/fastrcnn/96p/cut4_4241.pickle
55
COCO mAP: 0.42452526092529297
/home/wxz/Documents/pickle/fastrcnn/96p/cut6_7107.pickle
56
COCO mAP: 0.3129926323890686
/home/wxz/Documents/pickle/fastrcnn/96p/cut4_3801.pickle
57
COCO mAP: 0.28991878032684326
/home/wxz/Documents/pickle/fastrcnn/96p/cut8_1253.pickle
58
COCO mAP: 0.4569937288761139
/home/wxz/Documents/pickle/fastrcnn/96p/cut1_6420.pickle
59
COCO mAP: 0.13565000891685486
/home/wxz/Documents/pickle/fastrcnn/96p/cut5_7169.pickle
60
COCO mAP: 0.19252866506576538
/home/wxz/Documents/pickle/fastrcnn/96p/cut6_1601.pickle
61
COCO mAP: 0.4743024706840515
/home/wxz/Documents/pickle/fastrcnn/96p/cut8_2205.pickle
62
COCO mAP: 0.7511262893676758
/home/wxz/Documents/pickle/fastrcnn/96p/cut4_1441.pickle
63
COCO mAP: 0.23188500106334686
/home/wxz/Documents/pickle/fastrcnn/96p/cut6_2753.pickle
64
COCO mAP: 0.574161171913147
/home/wxz/Documents/pickle/fastrcnn/96p/cut2_7039.pickle
65
COCO mAP: 0.5168392062187195
/home/wxz/Documents/pickle/fastrcnn/96p/cut7_1351.pickle
66
COCO mAP: 0.327459454536438
/home/wxz/Documents/pickle/fastrcnn/96p/cut8_3703.pickle
67
COCO mAP: 0.31661298871040344
/home/wxz/Documents/pickle/fastrcnn/96p/cut9_5841.pickle
68
COCO mAP: 0.27758798003196716
/home/wxz/Documents/pickle/fastrcnn/96p/cut9_817.pickle
69
COCO mAP: 0.5040413737297058
/home/wxz/Documents/pickle/fastrcnn/96p/cut2_1381.pickle
70
COCO mAP: 0.1011829748749733
/home/wxz/Documents/pickle/fastrcnn/96p/cut6_433.pickle
71
COCO mAP: 0.36951759457588196
/home/wxz/Documents/pickle/fastrcnn/96p/cut4_7456.pickle
72
COCO mAP: 0.1536739617586136
/home/wxz/Documents/pickle/fastrcnn/96p/cut2_7913.pickle
73
COCO mAP: 0.5425692796707153
/home/wxz/Documents/pickle/fastrcnn/96p/cut5_3345.pickle
74
COCO mAP: 0.41646018624305725
/home/wxz/Documents/pickle/fastrcnn/96p/cut2_1910.pickle
75
COCO mAP: 0.23596155643463135
/home/wxz/Documents/pickle/fastrcnn/96p/cut1_4227.pickle
76
COCO mAP: 0.2421649992465973
/home/wxz/Documents/pickle/fastrcnn/96p/cut5_4305.pickle
77
COCO mAP: 0.15470728278160095
/home/wxz/Documents/pickle/fastrcnn/96p/cut8_5228.pickle
78
COCO mAP: 0.4194621443748474
/home/wxz/Documents/pickle/fastrcnn/96p/cut3_913.pickle
79
COCO mAP: 0.09232201427221298
/home/wxz/Documents/pickle/fastrcnn/96p/cut1_5283.pickle
80
COCO mAP: 0.32138121128082275
/home/wxz/Documents/pickle/fastrcnn/96p/cut4_2501.pickle
81
COCO mAP: 0.341595858335495
/home/wxz/Documents/pickle/fastrcnn/96p/cut5_6737.pickle
82
COCO mAP: 0.1486138552427292
/home/wxz/Documents/pickle/fastrcnn/96p/cut5_753.pickle
83
COCO mAP: 0.17180605232715607
/home/wxz/Documents/pickle/fastrcnn/96p/cut7_145.pickle
84
COCO mAP: 0.6628652811050415
/home/wxz/Documents/pickle/fastrcnn/96p/cut6_8677.pickle
85
COCO mAP: 0.4060954451560974
/home/wxz/Documents/pickle/fastrcnn/96p/cut6_6648.pickle
86
COCO mAP: 0.38993820548057556
/home/wxz/Documents/pickle/fastrcnn/96p/cut2_1243.pickle
87
COCO mAP: 0.2615172266960144
/home/wxz/Documents/pickle/fastrcnn/96p/cut4_8428.pickle
88
COCO mAP: 0.3264547884464264
/home/wxz/Documents/pickle/fastrcnn/96p/cut8_2611.pickle
89
COCO mAP: 0.047138143330812454
/home/wxz/Documents/pickle/fastrcnn/96p/cut1_7989.pickle
90
COCO mAP: 0.21381843090057373
/home/wxz/Documents/pickle/fastrcnn/96p/cut8_6600.pickle
91
COCO mAP: 0.4415971338748932
/home/wxz/Documents/pickle/fastrcnn/96p/cut2_1542.pickle
92
COCO mAP: 0.013353763148188591
/home/wxz/Documents/pickle/fastrcnn/96p/cut1_8224.pickle
93
COCO mAP: 0.2836480140686035
/home/wxz/Documents/pickle/fastrcnn/96p/cut2_8419.pickle
94
COCO mAP: 0.5329434275627136
/home/wxz/Documents/pickle/fastrcnn/96p/cut6_7260.pickle
95
COCO mAP: 0.32604557275772095
/home/wxz/Documents/pickle/fastrcnn/96p/cut4_4421.pickle
96
COCO mAP: 0.42080822587013245
/home/wxz/Documents/pickle/fastrcnn/96p/cut1_4843.pickle
97
COCO mAP: 0.4634059965610504
/home/wxz/Documents/pickle/fastrcnn/96p/cut1_6508.pickle
98
COCO mAP: 0.061008960008621216
/home/wxz/Documents/pickle/fastrcnn/96p/cut2_2278.pickle
99
COCO mAP: 0.22509828209877014
/home/wxz/Documents/pickle/fastrcnn/96p/cut6_7005.pickle
100
COCO mAP: 0.32928818464279175
/home/wxz/Documents/pickle/fastrcnn/96p/cut5_8257.pickle
101
COCO mAP: 0.4848857820034027
/home/wxz/Documents/pickle/fastrcnn/96p/cut3_1905.pickle
102
COCO mAP: 0.1363540142774582
/home/wxz/Documents/pickle/fastrcnn/96p/cut5_4113.pickle
103
COCO mAP: 0.27133017778396606
/home/wxz/Documents/pickle/fastrcnn/96p/cut8_3311.pickle
104
COCO mAP: 0.33006542921066284
/home/wxz/Documents/pickle/fastrcnn/96p/cut7_4005.pickle
105
COCO mAP: 0.2983698844909668
/home/wxz/Documents/pickle/fastrcnn/96p/cut5_1905.pickle
106
COCO mAP: 0.20243170857429504
/home/wxz/Documents/pickle/fastrcnn/96p/cut5_6353.pickle
107
COCO mAP: 0.19789192080497742
/home/wxz/Documents/pickle/fastrcnn/96p/cut3_8609.pickle
108
COCO mAP: 0.5632480382919312
/home/wxz/Documents/pickle/fastrcnn/96p/cut6_2289.pickle
109
COCO mAP: 0.36481592059135437
/home/wxz/Documents/pickle/fastrcnn/96p/cut2_4532.pickle
110
COCO mAP: 0.16932834684848785
/home/wxz/Documents/pickle/fastrcnn/96p/cut2_3313.pickle
111
COCO mAP: 0.2962902784347534
/home/wxz/Documents/pickle/fastrcnn/96p/cut2_4210.pickle
112
COCO mAP: 0.26175153255462646
/home/wxz/Documents/pickle/fastrcnn/96p/cut4_981.pickle
113
COCO mAP: 0.34596335887908936
/home/wxz/Documents/pickle/fastrcnn/96p/cut8_2527.pickle
114
COCO mAP: 0.04158415645360947
/home/wxz/Documents/pickle/fastrcnn/96p/cut5_1185.pickle
115
COCO mAP: 0.10633853822946548
/home/wxz/Documents/pickle/fastrcnn/96p/cut8_6432.pickle
116
COCO mAP: 0.41525134444236755
/home/wxz/Documents/pickle/fastrcnn/96p/cut6_3857.pickle
117
COCO mAP: 0.34919029474258423
/home/wxz/Documents/pickle/fastrcnn/96p/cut7_8525.pickle
118
COCO mAP: 0.3490486741065979
/home/wxz/Documents/pickle/fastrcnn/96p/cut6_1073.pickle
119
COCO mAP: 0.4872649610042572
/home/wxz/Documents/pickle/fastrcnn/96p/cut8_3409.pickle
120
COCO mAP: 0.316331148147583
/home/wxz/Documents/pickle/fastrcnn/96p/cut2_714.pickle
121
COCO mAP: 0.2739398181438446
/home/wxz/Documents/pickle/fastrcnn/96p/cut5_7457.pickle
122
COCO mAP: 0.4608873724937439
/home/wxz/Documents/pickle/fastrcnn/96p/cut1_3262.pickle
123
COCO mAP: 0.047029703855514526
/home/wxz/Documents/pickle/fastrcnn/96p/cut4_4301.pickle
124
COCO mAP: 0.3422276973724365
/home/wxz/Documents/pickle/fastrcnn/96p/cut4_3121.pickle
125
COCO mAP: 0.25030839443206787
/home/wxz/Documents/pickle/fastrcnn/96p/cut7_3905.pickle
126
COCO mAP: 0.41841521859169006
/home/wxz/Documents/pickle/fastrcnn/96p/cut6_4513.pickle
127
COCO mAP: 0.4386051595211029
/home/wxz/Documents/pickle/fastrcnn/96p/cut2_4693.pickle
128
COCO mAP: 0.5963669419288635
/home/wxz/Documents/pickle/fastrcnn/96p/cut9_3137.pickle
129
COCO mAP: 0.3016914129257202
/home/wxz/Documents/pickle/fastrcnn/96p/cut4_5201.pickle
130
COCO mAP: 0.36232084035873413
/home/wxz/Documents/pickle/fastrcnn/96p/cut8_8714.pickle
131
COCO mAP: 0.4202442169189453
/home/wxz/Documents/pickle/fastrcnn/96p/cut4_5701.pickle
132
COCO mAP: 0.6100090742111206
/home/wxz/Documents/pickle/fastrcnn/96p/cut6_3521.pickle
133
COCO mAP: 0.6210036873817444
/home/wxz/Documents/pickle/fastrcnn/96p/cut2_3221.pickle
134
COCO mAP: 0.5446082353591919
/home/wxz/Documents/pickle/fastrcnn/96p/cut1_604.pickle
135
COCO mAP: 0.29416778683662415
/home/wxz/Documents/pickle/fastrcnn/96p/cut6_4305.pickle
136
COCO mAP: 0.33491161465644836
/home/wxz/Documents/pickle/fastrcnn/96p/cut9_4305.pickle
137
COCO mAP: 0.3902929425239563
/home/wxz/Documents/pickle/fastrcnn/96p/cut3_4545.pickle
138
COCO mAP: 0.336731493473053
/home/wxz/Documents/pickle/fastrcnn/96p/cut8_800.pickle
139
COCO mAP: 0.6222983598709106
/home/wxz/Documents/pickle/fastrcnn/96p/cut5_1809.pickle
140
COCO mAP: 0.09916944801807404
/home/wxz/Documents/pickle/fastrcnn/96p/cut7_1963.pickle
141
COCO mAP: 0.4994257092475891
/home/wxz/Documents/pickle/fastrcnn/96p/cut7_7345.pickle
142
COCO mAP: 0.36085885763168335
/home/wxz/Documents/pickle/fastrcnn/96p/cut3_1217.pickle
143
COCO mAP: 0.16671247780323029
/home/wxz/Documents/pickle/fastrcnn/96p/cut3_6769.pickle
144
COCO mAP: 0.36079850792884827
/home/wxz/Documents/pickle/fastrcnn/96p/cut1_2110.pickle
145
COCO mAP: 0.2871413826942444
/home/wxz/Documents/pickle/fastrcnn/96p/cut1_112.pickle
146
COCO mAP: 0.19019176065921783
/home/wxz/Documents/pickle/fastrcnn/96p/cut2_5337.pickle
147
COCO mAP: 0.33917129039764404
/home/wxz/Documents/pickle/fastrcnn/96p/cut1_430.pickle
148
COCO mAP: 0.1166703850030899
/home/wxz/Documents/pickle/fastrcnn/96p/cut2_1496.pickle
149
COCO mAP: 0.37416717410087585
/home/wxz/Documents/pickle/fastrcnn/96p/cut4_1201.pickle
150
COCO mAP: 0.16679923236370087
/home/wxz/Documents/pickle/fastrcnn/96p/cut6_4145.pickle
151
COCO mAP: 0.29384511709213257
/home/wxz/Documents/pickle/fastrcnn/96p/cut2_8005.pickle
152
COCO mAP: 0.49139976501464844
/home/wxz/Documents/pickle/fastrcnn/96p/cut9_4113.pickle
153
COCO mAP: 0.4189208149909973
/home/wxz/Documents/pickle/fastrcnn/96p/cut2_3842.pickle
154
COCO mAP: 0.1889946162700653
/home/wxz/Documents/pickle/fastrcnn/96p/cut8_1000.pickle
155
COCO mAP: 0.2899213135242462
/home/wxz/Documents/pickle/fastrcnn/96p/cut6_1297.pickle
156
COCO mAP: 0.45935726165771484
/home/wxz/Documents/pickle/fastrcnn/96p/cut4_6646.pickle
157
COCO mAP: 0.545649528503418
/home/wxz/Documents/pickle/fastrcnn/96p/cut7_6825.pickle
158
COCO mAP: 0.22635415196418762
/home/wxz/Documents/pickle/fastrcnn/96p/cut5_7873.pickle
159
COCO mAP: 0.38570350408554077
/home/wxz/Documents/pickle/fastrcnn/96p/cut6_7309.pickle
160
COCO mAP: 0.4059780538082123
/home/wxz/Documents/pickle/fastrcnn/96p/cut3_3953.pickle
161
COCO mAP: 0.351057231426239
/home/wxz/Documents/pickle/fastrcnn/96p/cut7_5745.pickle
162
COCO mAP: 0.43316444754600525
/home/wxz/Documents/pickle/fastrcnn/96p/cut7_2705.pickle
163
COCO mAP: 0.32656654715538025
/home/wxz/Documents/pickle/fastrcnn/96p/cut2_5245.pickle
164
COCO mAP: 0.3477012515068054
/home/wxz/Documents/pickle/fastrcnn/96p/cut9_4401.pickle
165
COCO mAP: 0.2687232494354248
/home/wxz/Documents/pickle/fastrcnn/96p/cut6_4049.pickle
166
COCO mAP: 0.5568634271621704
/home/wxz/Documents/pickle/fastrcnn/96p/cut3_2113.pickle
167
COCO mAP: 0.12928079068660736
/home/wxz/Documents/pickle/fastrcnn/96p/cut5_3009.pickle
168
COCO mAP: 0.13860270380973816
/home/wxz/Documents/pickle/fastrcnn/96p/cut1_517.pickle
169
COCO mAP: 0.44854411482810974
/home/wxz/Documents/pickle/fastrcnn/96p/cut5_6449.pickle
170
COCO mAP: 0.1896730661392212
/home/wxz/Documents/pickle/fastrcnn/96p/cut3_1521.pickle
171
COCO mAP: 0.16136421263217926
/home/wxz/Documents/pickle/fastrcnn/96p/cut5_2001.pickle
172
COCO mAP: 0.11646672338247299
/home/wxz/Documents/pickle/fastrcnn/96p/cut4_641.pickle
173
COCO mAP: 0.40687841176986694
/home/wxz/Documents/pickle/fastrcnn/96p/cut2_5475.pickle
174
COCO mAP: 0.4142504632472992
/home/wxz/Documents/pickle/fastrcnn/96p/cut7_241.pickle
175
COCO mAP: 0.3576831519603729
/home/wxz/Documents/pickle/fastrcnn/96p/cut3_6385.pickle
176
COCO mAP: 0.42174196243286133
/home/wxz/Documents/pickle/fastrcnn/96p/cut1_5019.pickle
177
COCO mAP: 0.19489234685897827
/home/wxz/Documents/pickle/fastrcnn/96p/cut1_1934.pickle
178
COCO mAP: 0.01772277243435383
/home/wxz/Documents/pickle/fastrcnn/96p/cut6_2513.pickle
179
COCO mAP: 0.4170544743537903
/home/wxz/Documents/pickle/fastrcnn/96p/cut7_5105.pickle
180
COCO mAP: 0.3062424063682556
/home/wxz/Documents/pickle/fastrcnn/96p/cut7_8005.pickle
181
COCO mAP: 0.2589295506477356
/home/wxz/Documents/pickle/fastrcnn/96p/cut8_6236.pickle
182
COCO mAP: 0.5285485982894897
/home/wxz/Documents/pickle/fastrcnn/96p/cut8_113.pickle
183
COCO mAP: 0.4254365563392639
/home/wxz/Documents/pickle/fastrcnn/96p/cut9_5953.pickle
184
COCO mAP: 0.2941722273826599
/home/wxz/Documents/pickle/fastrcnn/96p/cut9_2705.pickle
185
COCO mAP: 0.4032627046108246
/home/wxz/Documents/pickle/fastrcnn/96p/cut9_3521.pickle
186
COCO mAP: 0.5215886235237122
/home/wxz/Documents/pickle/fastrcnn/96p/cut7_5345.pickle
187
COCO mAP: 0.2748667299747467
/home/wxz/Documents/pickle/fastrcnn/96p/cut8_4207.pickle
188
COCO mAP: 0.29108303785324097
/home/wxz/Documents/pickle/fastrcnn/96p/cut7_5865.pickle
189
COCO mAP: 0.2679829001426697
/home/wxz/Documents/pickle/fastrcnn/96p/cut2_4003.pickle
190
COCO mAP: 0.21089129149913788
/home/wxz/Documents/pickle/fastrcnn/96p/cut1_1758.pickle
191
COCO mAP: 0.06499999761581421
/home/wxz/Documents/pickle/fastrcnn/96p/cut7_561.pickle
192
COCO mAP: 0.43329960107803345
/home/wxz/Documents/pickle/fastrcnn/96p/cut3_1121.pickle
193
COCO mAP: 0.12205090373754501
/home/wxz/Documents/pickle/fastrcnn/96p/cut8_6838.pickle
194
COCO mAP: 0.2843359112739563
/home/wxz/Documents/pickle/fastrcnn/96p/cut3_8321.pickle
195
COCO mAP: 0.519372820854187
/home/wxz/Documents/pickle/fastrcnn/96p/cut7_3125.pickle
196
COCO mAP: 0.4456925392150879
/home/wxz/Documents/pickle/fastrcnn/96p/cut3_4641.pickle
197
COCO mAP: 0.2385278195142746
/home/wxz/Documents/pickle/fastrcnn/96p/cut8_1435.pickle
198
COCO mAP: 0.5006004571914673
/home/wxz/Documents/pickle/fastrcnn/96p/cut1_1671.pickle
199
COCO mAP: 0.24737349152565002
/home/wxz/Documents/pickle/fastrcnn/96p/cut6_5713.pickle
200
COCO mAP: 0.2584325671195984
/home/wxz/Documents/pickle/fastrcnn/96p/cut4_4041.pickle
201
COCO mAP: 0.2849824130535126
/home/wxz/Documents/pickle/fastrcnn/96p/cut4_5801.pickle
202
COCO mAP: 0.34906572103500366
/home/wxz/Documents/pickle/fastrcnn/96p/cut3_6289.pickle
203
COCO mAP: 0.3877406418323517
/home/wxz/Documents/pickle/fastrcnn/96p/cut9_1.pickle
204
COCO mAP: 0.13646863400936127
/home/wxz/Documents/pickle/fastrcnn/96p/cut3_2833.pickle
205
COCO mAP: 0.268180787563324
/home/wxz/Documents/pickle/fastrcnn/96p/cut5_2305.pickle
206
COCO mAP: 0.40192165970802307
/home/wxz/Documents/pickle/fastrcnn/96p/cut9_2417.pickle
207
COCO mAP: 0.514248251914978
/home/wxz/Documents/pickle/fastrcnn/96p/cut2_4463.pickle
208
COCO mAP: 0.28706374764442444
/home/wxz/Documents/pickle/fastrcnn/96p/cut5_8161.pickle
209
COCO mAP: 0.4926673471927643
/home/wxz/Documents/pickle/fastrcnn/96p/cut1_3611.pickle
210
COCO mAP: 0.2365972250699997
/home/wxz/Documents/pickle/fastrcnn/96p/cut4_4601.pickle
211
COCO mAP: 0.43510860204696655
/home/wxz/Documents/pickle/fastrcnn/96p/cut4_8536.pickle
212
COCO mAP: 0.2680305242538452
/home/wxz/Documents/pickle/fastrcnn/96p/cut6_337.pickle
213
COCO mAP: 0.3744446337223053
/home/wxz/Documents/pickle/fastrcnn/96p/cut6_7543.pickle
214
COCO mAP: 0.5071053504943848
/home/wxz/Documents/pickle/fastrcnn/96p/cut2_1818.pickle
215
COCO mAP: 0.24232947826385498
/home/wxz/Documents/pickle/fastrcnn/96p/cut4_5021.pickle
216
COCO mAP: 0.6049324870109558
/home/wxz/Documents/pickle/fastrcnn/96p/cut4_7564.pickle
217
COCO mAP: 0.3915533423423767
/home/wxz/Documents/pickle/fastrcnn/96p/cut4_5461.pickle
218
COCO mAP: 0.5357337594032288
/home/wxz/Documents/pickle/fastrcnn/96p/cut8_7930.pickle
219
COCO mAP: 0.4098905026912689
/home/wxz/Documents/pickle/fastrcnn/96p/cut5_7361.pickle
220
COCO mAP: 0.6452106833457947
/home/wxz/Documents/pickle/fastrcnn/96p/cut6_1809.pickle
221
COCO mAP: 0.40945109724998474
/home/wxz/Documents/pickle/fastrcnn/96p/cut5_337.pickle
222
COCO mAP: 0.48206430673599243
/home/wxz/Documents/pickle/fastrcnn/96p/cut7_3785.pickle
223
COCO mAP: 0.3897777199745178
/home/wxz/Documents/pickle/fastrcnn/96p/cut2_231.pickle
224
COCO mAP: 0.4842299818992615
/home/wxz/Documents/pickle/fastrcnn/96p/cut9_5265.pickle
225
COCO mAP: 0.40227094292640686
/home/wxz/Documents/pickle/fastrcnn/96p/cut7_6065.pickle
226
COCO mAP: 0.36051270365715027
/home/wxz/Documents/pickle/fastrcnn/96p/cut3_6673.pickle
227
COCO mAP: 0.4070228636264801
/home/wxz/Documents/pickle/fastrcnn/96p/cut7_1585.pickle
228
COCO mAP: 0.5078830122947693
/home/wxz/Documents/pickle/fastrcnn/96p/cut1_4051.pickle
229
COCO mAP: 0.3190930485725403
/home/wxz/Documents/pickle/fastrcnn/96p/cut4_1081.pickle
230
COCO mAP: 0.1447567492723465
/home/wxz/Documents/pickle/fastrcnn/96p/cut2_5682.pickle
231
COCO mAP: 0.30151665210723877
/home/wxz/Documents/pickle/fastrcnn/96p/cut7_5225.pickle
232
COCO mAP: 0.3269508183002472
/home/wxz/Documents/pickle/fastrcnn/96p/cut7_6405.pickle
233
COCO mAP: 0.40915974974632263
/home/wxz/Documents/pickle/fastrcnn/96p/cut8_7230.pickle
234
COCO mAP: 0.47271299362182617
/home/wxz/Documents/pickle/fastrcnn/96p/cut6_3953.pickle
235
COCO mAP: 0.4001683294773102
/home/wxz/Documents/pickle/fastrcnn/96p/cut6_1393.pickle
236
COCO mAP: 0.3305656313896179
/home/wxz/Documents/pickle/fastrcnn/96p/cut1_1053.pickle
237
COCO mAP: 0.547031044960022
/home/wxz/Documents/pickle/fastrcnn/96p/cut1_1228.pickle
238
COCO mAP: 0.38842159509658813
/home/wxz/Documents/pickle/fastrcnn/96p/cut4_8644.pickle
239
COCO mAP: 0.5791184902191162
/home/wxz/Documents/pickle/fastrcnn/96p/cut6_3713.pickle
240
COCO mAP: 0.3556690216064453
/home/wxz/Documents/pickle/fastrcnn/96p/cut1_4315.pickle
241
COCO mAP: 0.5171281099319458
/home/wxz/Documents/pickle/fastrcnn/96p/cut2_7177.pickle
242
COCO mAP: 0.5996809005737305
/home/wxz/Documents/pickle/fastrcnn/96p/cut6_2849.pickle
243
COCO mAP: 0.4796449542045593
/home/wxz/Documents/pickle/fastrcnn/96p/cut6_6036.pickle
244
COCO mAP: 0.2782546579837799
/home/wxz/Documents/pickle/fastrcnn/96p/cut7_385.pickle
245
COCO mAP: 0.6540343165397644
/home/wxz/Documents/pickle/fastrcnn/96p/cut1_4501.pickle
246
COCO mAP: 0.469764769077301
/home/wxz/Documents/pickle/fastrcnn/96p/cut3_5505.pickle
247
COCO mAP: 0.07239863276481628
/home/wxz/Documents/pickle/fastrcnn/96p/cut3_8993.pickle
248
COCO mAP: 0.4838002324104309
/home/wxz/Documents/pickle/fastrcnn/96p/cut3_8225.pickle
249
COCO mAP: 0.4304778575897217
/home/wxz/Documents/pickle/fastrcnn/96p/cut1_7754.pickle
250
COCO mAP: 0.14050047099590302
/home/wxz/Documents/pickle/fastrcnn/96p/cut3_3073.pickle
251
COCO mAP: 0.3672592043876648
/home/wxz/Documents/pickle/fastrcnn/96p/cut1_1404.pickle
252
COCO mAP: 0.2885254919528961
/home/wxz/Documents/pickle/fastrcnn/96p/cut7_6505.pickle
253
COCO mAP: 0.2276916801929474
/home/wxz/Documents/pickle/fastrcnn/96p/cut4_6021.pickle
254
COCO mAP: 0.4308444559574127
/home/wxz/Documents/pickle/fastrcnn/96p/cut4_821.pickle
255
COCO mAP: 0.17733260989189148
/home/wxz/Documents/pickle/fastrcnn/96p/cut9_5361.pickle
256
COCO mAP: 0.41426795721054077
/home/wxz/Documents/pickle/fastrcnn/96p/cut1_7139.pickle
257
COCO mAP: 0.06509508192539215
/home/wxz/Documents/pickle/fastrcnn/96p/cut8_3829.pickle
258
COCO mAP: 0.09651794284582138
/home/wxz/Documents/pickle/fastrcnn/96p/cut1_8114.pickle
259
COCO mAP: 0.20186467468738556
/home/wxz/Documents/pickle/fastrcnn/96p/cut3_6961.pickle
260
COCO mAP: 0.5039061307907104
/home/wxz/Documents/pickle/fastrcnn/96p/cut5_4209.pickle
261
COCO mAP: 0.2689877450466156
/home/wxz/Documents/pickle/fastrcnn/96p/cut1_7004.pickle
262
COCO mAP: 0.20159241557121277
/home/wxz/Documents/pickle/fastrcnn/96p/cut5_5809.pickle
263
COCO mAP: 0.37762436270713806
/home/wxz/Documents/pickle/fastrcnn/96p/cut1_7524.pickle
264
COCO mAP: 0.28131797909736633
/home/wxz/Documents/pickle/fastrcnn/96p/cut8_3507.pickle
265
COCO mAP: 0.29416996240615845
/home/wxz/Documents/pickle/fastrcnn/96p/cut8_6922.pickle
266
COCO mAP: 0.32773178815841675
/home/wxz/Documents/pickle/fastrcnn/96p/cut1_4758.pickle
267
COCO mAP: 0.47079747915267944
/home/wxz/Documents/pickle/fastrcnn/96p/cut7_2965.pickle
268
COCO mAP: 0.5585430860519409
/home/wxz/Documents/pickle/fastrcnn/96p/cut1_6332.pickle
269
COCO mAP: 0.33422690629959106
/home/wxz/Documents/pickle/fastrcnn/96p/cut3_337.pickle
270
COCO mAP: 0.3963085412979126
/home/wxz/Documents/pickle/fastrcnn/96p/cut8_4123.pickle
271
COCO mAP: 0.31704089045524597
/home/wxz/Documents/pickle/fastrcnn/96p/cut7_3845.pickle
272
COCO mAP: 0.3456142544746399
/home/wxz/Documents/pickle/fastrcnn/96p/cut3_7201.pickle
273
COCO mAP: 0.1900632679462433
/home/wxz/Documents/pickle/fastrcnn/96p/cut9_3425.pickle
274
COCO mAP: 0.04904526099562645
/home/wxz/Documents/pickle/fastrcnn/96p/cut5_8449.pickle
275
COCO mAP: 0.4909534454345703
/home/wxz/Documents/pickle/fastrcnn/96p/cut2_2094.pickle
276
COCO mAP: 0.4329804480075836
/home/wxz/Documents/pickle/fastrcnn/96p/cut4_1321.pickle
277
COCO mAP: 0.3331149220466614
/home/wxz/Documents/pickle/fastrcnn/96p/cut8_5704.pickle
278
COCO mAP: 0.6110814809799194
/home/wxz/Documents/pickle/fastrcnn/96p/cut9_2609.pickle
279
COCO mAP: 0.5523204803466797
/home/wxz/Documents/pickle/fastrcnn/96p/cut4_6754.pickle
280
COCO mAP: 0.17981311678886414
/home/wxz/Documents/pickle/fastrcnn/96p/cut3_2929.pickle
281
COCO mAP: 0.22239939868450165
/home/wxz/Documents/pickle/fastrcnn/96p/cut2_4141.pickle
282
COCO mAP: 0.3794853091239929
/home/wxz/Documents/pickle/fastrcnn/96p/cut6_3233.pickle
283
COCO mAP: 0.4728468954563141
/home/wxz/Documents/pickle/fastrcnn/96p/cut3_6481.pickle
284
COCO mAP: 0.36434510350227356
/home/wxz/Documents/pickle/fastrcnn/96p/cut7_2525.pickle
285
COCO mAP: 0.4002019464969635
/home/wxz/Documents/pickle/fastrcnn/96p/cut8_1337.pickle
286
COCO mAP: 0.453177273273468
/home/wxz/Documents/pickle/fastrcnn/96p/cut7_1693.pickle
287
COCO mAP: 0.45994430780410767
/home/wxz/Documents/pickle/fastrcnn/96p/cut5_561.pickle
288
COCO mAP: 0.16907605528831482
/home/wxz/Documents/pickle/fastrcnn/96p/cut1_7314.pickle
289
COCO mAP: 0.045297034084796906
/home/wxz/Documents/pickle/fastrcnn/96p/cut4_6916.pickle
290
COCO mAP: 0.14278419315814972
/home/wxz/Documents/pickle/fastrcnn/96p/cut6_2145.pickle
291
COCO mAP: 0.4517434239387512
/home/wxz/Documents/pickle/fastrcnn/96p/cut5_193.pickle
292
COCO mAP: 0.42849546670913696
/home/wxz/Documents/pickle/fastrcnn/96p/cut6_8569.pickle
293
COCO mAP: 0.40744930505752563
/home/wxz/Documents/pickle/fastrcnn/96p/cut5_5505.pickle
294
COCO mAP: 0.4162982106208801
/home/wxz/Documents/pickle/fastrcnn/96p/cut1_7254.pickle
295
COCO mAP: 0.08059406280517578
/home/wxz/Documents/pickle/fastrcnn/96p/cut2_2554.pickle
296
COCO mAP: 0.17779552936553955
/home/wxz/Documents/pickle/fastrcnn/96p/cut8_4039.pickle
297
COCO mAP: 0.04933939874172211
/home/wxz/Documents/pickle/fastrcnn/96p/cut9_3921.pickle
298
COCO mAP: 0.25138574838638306
/home/wxz/Documents/pickle/fastrcnn/96p/cut7_4505.pickle
299
COCO mAP: 0.436209112405777
/home/wxz/Documents/pickle/fastrcnn/96p/cut4_8992.pickle
300
COCO mAP: 0.4898594319820404
/home/wxz/Documents/pickle/fastrcnn/96p/cut6_4721.pickle
301
COCO mAP: 0.2563309669494629
/home/wxz/Documents/pickle/fastrcnn/96p/cut7_6945.pickle
302
COCO mAP: 0.5348263382911682
/home/wxz/Documents/pickle/fastrcnn/96p/cut2_3405.pickle
303
COCO mAP: 0.31376585364341736
/home/wxz/Documents/pickle/fastrcnn/96p/cut2_8672.pickle
304
COCO mAP: 0.4437962472438812
/home/wxz/Documents/pickle/fastrcnn/96p/cut1_3876.pickle
305
COCO mAP: 0.40687593817710876
/home/wxz/Documents/pickle/fastrcnn/96p/cut9_529.pickle
306
COCO mAP: 0.38720303773880005
/home/wxz/Documents/pickle/fastrcnn/96p/cut9_2945.pickle
307
COCO mAP: 0.5320253372192383
/home/wxz/Documents/pickle/fastrcnn/96p/cut4_3561.pickle
308
COCO mAP: 0.2914654314517975
/home/wxz/Documents/pickle/fastrcnn/96p/cut4_6574.pickle
309
COCO mAP: 0.3162993788719177
/home/wxz/Documents/pickle/fastrcnn/96p/cut9_2129.pickle
310
COCO mAP: 0.43594449758529663
/home/wxz/Documents/pickle/fastrcnn/96p/cut9_2513.pickle
311
COCO mAP: 0.14800377190113068
/home/wxz/Documents/pickle/fastrcnn/96p/cut3_3441.pickle
312
COCO mAP: 0.337169885635376
/home/wxz/Documents/pickle/fastrcnn/96p/cut3_7409.pickle
313
COCO mAP: 0.16999931633472443
/home/wxz/Documents/pickle/fastrcnn/96p/cut7_1201.pickle
314
COCO mAP: 0.4023643136024475
/home/wxz/Documents/pickle/fastrcnn/96p/cut2_1772.pickle
315
COCO mAP: 0.3136608600616455
/home/wxz/Documents/pickle/fastrcnn/96p/cut1_966.pickle
316
COCO mAP: 0.04827966168522835
/home/wxz/Documents/pickle/fastrcnn/96p/cut1_2732.pickle
317
COCO mAP: 0.06812824308872223
/home/wxz/Documents/pickle/fastrcnn/96p/cut7_8405.pickle
318
COCO mAP: 0.1252998560667038
/home/wxz/Documents/pickle/fastrcnn/96p/cut3_257.pickle
319
COCO mAP: 0.5131356716156006
/home/wxz/Documents/pickle/fastrcnn/96p/cut9_6241.pickle
320
COCO mAP: 0.21748311817646027
/home/wxz/Documents/pickle/fastrcnn/96p/cut1_3964.pickle
321
COCO mAP: 0.4065372347831726
/home/wxz/Documents/pickle/fastrcnn/96p/cut7_7885.pickle
322
COCO mAP: 0.31380409002304077
/home/wxz/Documents/pickle/fastrcnn/96p/cut5_4785.pickle
323
COCO mAP: 0.15893790125846863
/home/wxz/Documents/pickle/fastrcnn/96p/cut4_1141.pickle
324
COCO mAP: 0.4661542475223541
/home/wxz/Documents/pickle/fastrcnn/96p/cut6_4913.pickle
325
COCO mAP: 0.36941954493522644
/home/wxz/Documents/pickle/fastrcnn/96p/cut4_2441.pickle
326
COCO mAP: 0.32727792859077454
/home/wxz/Documents/pickle/fastrcnn/96p/cut1_2645.pickle
327
COCO mAP: 0.03354714438319206
/home/wxz/Documents/pickle/fastrcnn/96p/cut9_5025.pickle
328
COCO mAP: 0.4116998612880707
/home/wxz/Documents/pickle/fastrcnn/96p/cut7_7605.pickle
329
COCO mAP: 0.4363369941711426
/home/wxz/Documents/pickle/fastrcnn/96p/cut3_1329.pickle
330
COCO mAP: 0.15407118201255798
/home/wxz/Documents/pickle/fastrcnn/96p/cut3_1025.pickle
331
COCO mAP: 0.09503831714391708
/home/wxz/Documents/pickle/fastrcnn/96p/cut7_8325.pickle
332
COCO mAP: 0.2277473509311676
/home/wxz/Documents/pickle/fastrcnn/96p/cut5_8065.pickle
333
COCO mAP: 0.49639567732810974
/home/wxz/Documents/pickle/fastrcnn/96p/cut1_3002.pickle
334
COCO mAP: 0.03894389420747757
/home/wxz/Documents/pickle/fastrcnn/96p/cut7_2645.pickle
335
COCO mAP: 0.21591529250144958
/home/wxz/Documents/pickle/fastrcnn/96p/cut7_1265.pickle
336
COCO mAP: 0.35920289158821106
/home/wxz/Documents/pickle/fastrcnn/96p/cut8_702.pickle
337
COCO mAP: 0.4294371008872986
/home/wxz/Documents/pickle/fastrcnn/96p/cut8_7006.pickle
338
COCO mAP: 0.4338708519935608
/home/wxz/Documents/pickle/fastrcnn/96p/cut5_7633.pickle
339
COCO mAP: 0.43295222520828247
/home/wxz/Documents/pickle/fastrcnn/96p/cut4_8104.pickle
340
COCO mAP: 0.2309083193540573
/home/wxz/Documents/pickle/fastrcnn/96p/cut5_8737.pickle
341
COCO mAP: 0.33888915181159973
/home/wxz/Documents/pickle/fastrcnn/96p/cut3_1713.pickle
342
COCO mAP: 0.11393339931964874
/home/wxz/Documents/pickle/fastrcnn/96p/cut3_5713.pickle
343
COCO mAP: 0.4561823308467865
/home/wxz/Documents/pickle/fastrcnn/96p/cut4_5601.pickle
344
COCO mAP: 0.5654460191726685
/home/wxz/Documents/pickle/fastrcnn/96p/cut1_5889.pickle
345
COCO mAP: 0.164533793926239
/home/wxz/Documents/pickle/fastrcnn/96p/cut9_913.pickle
346
COCO mAP: 0.329623281955719
/home/wxz/Documents/pickle/fastrcnn/96p/cut5_6833.pickle
347
COCO mAP: 0.3338449001312256
/home/wxz/Documents/pickle/fastrcnn/96p/cut6_721.pickle
348
COCO mAP: 0.40486446022987366
/home/wxz/Documents/pickle/fastrcnn/96p/cut3_7841.pickle
349
COCO mAP: 0.17529278993606567
/home/wxz/Documents/pickle/fastrcnn/96p/cut7_7065.pickle
350
COCO mAP: 0.22032201290130615
/home/wxz/Documents/pickle/fastrcnn/96p/cut3_7057.pickle
351
COCO mAP: 0.39768388867378235
/home/wxz/Documents/pickle/fastrcnn/96p/cut4_7780.pickle
352
COCO mAP: 0.30014804005622864
/home/wxz/Documents/pickle/fastrcnn/96p/cut4_2621.pickle
353
COCO mAP: 0.40068382024765015
/home/wxz/Documents/pickle/fastrcnn/96p/cut5_7537.pickle
354
COCO mAP: 0.5346298813819885
/home/wxz/Documents/pickle/fastrcnn/96p/cut5_8641.pickle
355
COCO mAP: 0.5007218718528748
/home/wxz/Documents/pickle/fastrcnn/96p/cut8_3955.pickle
356
COCO mAP: 0.14332327246665955
/home/wxz/Documents/pickle/fastrcnn/96p/cut2_1634.pickle
357
COCO mAP: 0.20488306879997253
/home/wxz/Documents/pickle/fastrcnn/96p/cut5_1425.pickle
358
COCO mAP: 0.18254263699054718
/home/wxz/Documents/pickle/fastrcnn/96p/cut1_8939.pickle
359
COCO mAP: 0.3859236538410187
/home/wxz/Documents/pickle/fastrcnn/96p/cut2_2922.pickle
360
COCO mAP: 0.3440852165222168
/home/wxz/Documents/pickle/fastrcnn/96p/cut8_7328.pickle
361
COCO mAP: 0.5075019598007202
/home/wxz/Documents/pickle/fastrcnn/96p/cut8_2821.pickle
362
COCO mAP: 0.3639156222343445
/home/wxz/Documents/pickle/fastrcnn/96p/cut8_5312.pickle
363
COCO mAP: 0.7772969007492065
/home/wxz/Documents/pickle/fastrcnn/96p/cut1_1140.pickle
364
COCO mAP: 0.3777795433998108
/home/wxz/Documents/pickle/fastrcnn/96p/cut4_2721.pickle
365
COCO mAP: 0.6006128787994385
/home/wxz/Documents/pickle/fastrcnn/96p/cut7_481.pickle
366
COCO mAP: 0.7284368276596069
/home/wxz/Documents/pickle/fastrcnn/96p/cut7_8105.pickle
367
COCO mAP: 0.2832457721233368
/home/wxz/Documents/pickle/fastrcnn/96p/cut8_6726.pickle
368
COCO mAP: 0.2697339951992035
/home/wxz/Documents/pickle/fastrcnn/96p/cut5_289.pickle
369
COCO mAP: 0.1771996170282364
/home/wxz/Documents/pickle/fastrcnn/96p/cut9_1601.pickle
370
COCO mAP: 0.43346938490867615
/home/wxz/Documents/pickle/fastrcnn/96p/cut9_1409.pickle
371
COCO mAP: 0.5587610006332397
/home/wxz/Documents/pickle/fastrcnn/96p/cut9_1201.pickle
372
COCO mAP: 0.44987091422080994
/home/wxz/Documents/pickle/fastrcnn/96p/cut5_6257.pickle
373
COCO mAP: 0.44188565015792847
/home/wxz/Documents/pickle/fastrcnn/96p/cut9_625.pickle
374
COCO mAP: 0.4659973084926605
/home/wxz/Documents/pickle/fastrcnn/96p/cut8_8462.pickle
375
COCO mAP: 0.355480819940567
/home/wxz/Documents/pickle/fastrcnn/96p/cut8_8014.pickle
376
COCO mAP: 0.19691228866577148
/home/wxz/Documents/pickle/fastrcnn/96p/cut3_5409.pickle
377
COCO mAP: 0.35595130920410156
/home/wxz/Documents/pickle/fastrcnn/96p/cut2_507.pickle
378
COCO mAP: 0.4858514368534088
/home/wxz/Documents/pickle/fastrcnn/96p/cut2_2485.pickle
379
COCO mAP: 0.6158981323242188
/home/wxz/Documents/pickle/fastrcnn/96p/cut6_5313.pickle
380
COCO mAP: 0.2772209942340851
/home/wxz/Documents/pickle/fastrcnn/96p/cut3_3313.pickle
381
COCO mAP: 0.33596107363700867
/home/wxz/Documents/pickle/fastrcnn/96p/cut5_6545.pickle
382
COCO mAP: 0.6135854125022888
/home/wxz/Documents/pickle/fastrcnn/96p/cut3_5025.pickle
383
COCO mAP: 0.3647405803203583
/home/wxz/Documents/pickle/fastrcnn/96p/cut8_1113.pickle
384
COCO mAP: 0.4878164827823639
/home/wxz/Documents/pickle/fastrcnn/96p/cut3_8033.pickle
385
COCO mAP: 0.3505341410636902
/home/wxz/Documents/pickle/fastrcnn/96p/cut4_2841.pickle
386
COCO mAP: 0.28305763006210327
/home/wxz/Documents/pickle/fastrcnn/96p/cut3_5217.pickle
387
COCO mAP: 0.2835310995578766
/home/wxz/Documents/pickle/fastrcnn/96p/cut2_2715.pickle
388
COCO mAP: 0.42261236906051636
/home/wxz/Documents/pickle/fastrcnn/96p/cut6_7453.pickle
389
COCO mAP: 0.4522929787635803
/home/wxz/Documents/pickle/fastrcnn/96p/cut6_817.pickle
390
COCO mAP: 0.4428025186061859
/home/wxz/Documents/pickle/fastrcnn/96p/cut3_2737.pickle
391
COCO mAP: 0.051864683628082275
/home/wxz/Documents/pickle/fastrcnn/96p/cut7_2885.pickle
392
COCO mAP: 0.35313624143600464
/home/wxz/Documents/pickle/fastrcnn/96p/cut5_3441.pickle
393
COCO mAP: 0.388085275888443
/home/wxz/Documents/pickle/fastrcnn/96p/cut1_7644.pickle
394
COCO mAP: 0.1984747350215912
/home/wxz/Documents/pickle/fastrcnn/96p/cut3_5809.pickle
395
COCO mAP: 0.1636413037776947
/home/wxz/Documents/pickle/fastrcnn/96p/cut8_7804.pickle
396
COCO mAP: 0.42419448494911194
/home/wxz/Documents/pickle/fastrcnn/96p/cut3_5601.pickle
397
COCO mAP: 0.5736096501350403
/home/wxz/Documents/pickle/fastrcnn/96p/cut5_7073.pickle
398
COCO mAP: 0.2588627338409424
/home/wxz/Documents/pickle/fastrcnn/96p/cut9_6305.pickle
399
COCO mAP: 0.16900603473186493
/home/wxz/Documents/pickle/fastrcnn/96p/cut3_8129.pickle
400
COCO mAP: 0.4427918791770935
/home/wxz/Documents/pickle/fastrcnn/96p/cut5_4545.pickle
401
COCO mAP: 0.285959929227829
/home/wxz/Documents/pickle/fastrcnn/96p/cut7_3425.pickle
402
COCO mAP: 0.48813390731811523
/home/wxz/Documents/pickle/fastrcnn/96p/cut3_8513.pickle
403
COCO mAP: 0.3963032066822052
/home/wxz/Documents/pickle/fastrcnn/96p/cut8_506.pickle
404
COCO mAP: 0.24225017428398132
/home/wxz/Documents/pickle/fastrcnn/96p/cut2_5912.pickle
405
COCO mAP: 0.4649091362953186
/home/wxz/Documents/pickle/fastrcnn/96p/cut5_2545.pickle
406
COCO mAP: 0.09673160314559937
/home/wxz/Documents/pickle/fastrcnn/96p/cut3_4209.pickle
407
COCO mAP: 0.32591062784194946
/home/wxz/Documents/pickle/fastrcnn/96p/cut6_8029.pickle
408
COCO mAP: 0.5095564723014832
/home/wxz/Documents/pickle/fastrcnn/96p/cut8_7510.pickle
409
COCO mAP: 0.3773452043533325
/home/wxz/Documents/pickle/fastrcnn/96p/cut3_2001.pickle
410
COCO mAP: 0.2026873379945755
/home/wxz/Documents/pickle/fastrcnn/96p/cut3_7937.pickle
411
COCO mAP: 0.3974873423576355
/home/wxz/Documents/pickle/fastrcnn/96p/cut3_705.pickle
412
COCO mAP: 0.23805241286754608
/home/wxz/Documents/pickle/fastrcnn/96p/cut4_2241.pickle
413
COCO mAP: 0.3635335862636566
/home/wxz/Documents/pickle/fastrcnn/96p/cut2_7522.pickle
414
COCO mAP: 0.657265841960907
/home/wxz/Documents/pickle/fastrcnn/96p/cut2_8879.pickle
415
COCO mAP: 0.5582129955291748
/home/wxz/Documents/pickle/fastrcnn/96p/cut9_4017.pickle
416
COCO mAP: 0.4997270703315735
/home/wxz/Documents/pickle/fastrcnn/96p/cut3_3857.pickle
417
COCO mAP: 0.24952349066734314
/home/wxz/Documents/pickle/fastrcnn/96p/cut5_4641.pickle
418
COCO mAP: 0.257207453250885
/home/wxz/Documents/pickle/fastrcnn/96p/cut4_7024.pickle
419
COCO mAP: 0.331516295671463
/home/wxz/Documents/pickle/fastrcnn/96p/cut5_5713.pickle
420
COCO mAP: 0.3723626732826233
/home/wxz/Documents/pickle/fastrcnn/96p/cut5_1377.pickle
421
COCO mAP: 0.14320585131645203
/home/wxz/Documents/pickle/fastrcnn/96p/cut7_3545.pickle
422
COCO mAP: 0.3859659731388092
/home/wxz/Documents/pickle/fastrcnn/96p/cut5_3105.pickle
423
COCO mAP: 0.6979145407676697
/home/wxz/Documents/pickle/fastrcnn/96p/cut1_4671.pickle
424
COCO mAP: 0.4357753396034241
/home/wxz/Documents/pickle/fastrcnn/96p/cut4_6293.pickle
425
COCO mAP: 0.6468713283538818
/home/wxz/Documents/pickle/fastrcnn/96p/cut9_2033.pickle
426
COCO mAP: 0.6832804083824158
/home/wxz/Documents/pickle/fastrcnn/96p/cut9_4913.pickle
427
COCO mAP: 0.35137826204299927
/home/wxz/Documents/pickle/fastrcnn/96p/cut5_1713.pickle
428
COCO mAP: 0.12065012753009796
/home/wxz/Documents/pickle/fastrcnn/96p/cut8_8602.pickle
429
COCO mAP: 0.27858054637908936
/home/wxz/Documents/pickle/fastrcnn/96p/cut1_2908.pickle
430
COCO mAP: 0.08899889886379242
/home/wxz/Documents/pickle/fastrcnn/96p/cut8_4431.pickle
431
COCO mAP: 0.1937055140733719
/home/wxz/Documents/pickle/fastrcnn/96p/cut3_1633.pickle
432
COCO mAP: 0.14397700130939484
/home/wxz/Documents/pickle/fastrcnn/96p/cut5_3633.pickle
433
COCO mAP: 0.2676509916782379
/home/wxz/Documents/pickle/fastrcnn/96p/cut3_609.pickle
434
COCO mAP: 0.5371515154838562
/home/wxz/Documents/pickle/fastrcnn/96p/cut3_417.pickle
435
COCO mAP: 0.47676533460617065
/home/wxz/Documents/pickle/fastrcnn/96p/cut2_3704.pickle
436
COCO mAP: 0.14791153371334076
/home/wxz/Documents/pickle/fastrcnn/96p/cut4_461.pickle
437
COCO mAP: 0.29263490438461304
/home/wxz/Documents/pickle/fastrcnn/96p/cut2_7361.pickle
438
COCO mAP: 0.6582697033882141
/home/wxz/Documents/pickle/fastrcnn/96p/cut8_1827.pickle
439
COCO mAP: 0.3410249948501587
/home/wxz/Documents/pickle/fastrcnn/96p/cut2_8603.pickle
440
COCO mAP: 0.4669419825077057
/home/wxz/Documents/pickle/fastrcnn/96p/cut8_2331.pickle
441
COCO mAP: 0.11721210181713104
/home/wxz/Documents/pickle/fastrcnn/96p/cut7_2145.pickle
442
COCO mAP: 0.48599353432655334
/home/wxz/Documents/pickle/fastrcnn/96p/cut9_6145.pickle
443
COCO mAP: 0.18632826209068298
/home/wxz/Documents/pickle/fastrcnn/96p/cut2_3106.pickle
444
COCO mAP: 0.5285970568656921
/home/wxz/Documents/pickle/fastrcnn/96p/cut3_6001.pickle
445
COCO mAP: 0.24518826603889465
/home/wxz/Documents/pickle/fastrcnn/96p/cut3_1809.pickle
446
COCO mAP: 0.11838199198246002
/home/wxz/Documents/pickle/fastrcnn/96p/cut1_8319.pickle
447
COCO mAP: 0.3502793312072754
/home/wxz/Documents/pickle/fastrcnn/96p/cut6_193.pickle
448
COCO mAP: 0.5192074775695801
/home/wxz/Documents/pickle/fastrcnn/96p/cut1_1846.pickle
449
COCO mAP: 0.07576850801706314
/home/wxz/Documents/pickle/fastrcnn/96p/cut6_8785.pickle
450
COCO mAP: 0.4549844264984131
/home/wxz/Documents/pickle/fastrcnn/96p/cut9_5409.pickle
451
COCO mAP: 0.43264636397361755
/home/wxz/Documents/pickle/fastrcnn/96p/cut5_657.pickle
452
COCO mAP: 0.1978532075881958
/home/wxz/Documents/pickle/fastrcnn/96p/cut6_8353.pickle
453
COCO mAP: 0.4874328672885895
/home/wxz/Documents/pickle/fastrcnn/96p/cut8_8924.pickle
454
COCO mAP: 0.16348421573638916
/home/wxz/Documents/pickle/fastrcnn/96p/cut6_5934.pickle
455
COCO mAP: 0.24090532958507538
/home/wxz/Documents/pickle/fastrcnn/96p/cut3_8417.pickle
456
COCO mAP: 0.3227054476737976
/home/wxz/Documents/pickle/fastrcnn/96p/cut4_8068.pickle
457
COCO mAP: 0.29734212160110474
/home/wxz/Documents/pickle/fastrcnn/96p/cut9_1105.pickle
458
COCO mAP: 0.2076711654663086
/home/wxz/Documents/pickle/fastrcnn/96p/cut7_8825.pickle
459
COCO mAP: 0.28139999508857727
/home/wxz/Documents/pickle/fastrcnn/96p/cut2_3612.pickle
460
COCO mAP: 0.29966282844543457
/home/wxz/Documents/pickle/fastrcnn/96p/cut6_3041.pickle
461
COCO mAP: 0.4291001260280609
/home/wxz/Documents/pickle/fastrcnn/96p/cut7_4425.pickle
462
COCO mAP: 0.53968745470047
/home/wxz/Documents/pickle/fastrcnn/96p/cut7_6705.pickle
463
COCO mAP: 0.4190749228000641
/home/wxz/Documents/pickle/fastrcnn/96p/cut9_209.pickle
464
COCO mAP: 0.5216593146324158
/home/wxz/Documents/pickle/fastrcnn/96p/cut4_261.pickle
465
COCO mAP: 0.3692651689052582
/home/wxz/Documents/pickle/fastrcnn/96p/cut4_3401.pickle
466
COCO mAP: 0.2392580509185791
/home/wxz/Documents/pickle/fastrcnn/96p/cut3_3217.pickle
467
COCO mAP: 0.3644954562187195
/home/wxz/Documents/pickle/fastrcnn/96p/cut9_4641.pickle
468
COCO mAP: 0.40052586793899536
/home/wxz/Documents/pickle/fastrcnn/96p/cut7_6365.pickle
469
COCO mAP: 0.3224254846572876
/home/wxz/Documents/pickle/fastrcnn/96p/cut4_3241.pickle
470
COCO mAP: 0.26500552892684937
/home/wxz/Documents/pickle/fastrcnn/96p/cut8_8546.pickle
471
COCO mAP: 0.21774952113628387
/home/wxz/Documents/pickle/fastrcnn/96p/cut8_8840.pickle
472
COCO mAP: 0.4778777062892914
/home/wxz/Documents/pickle/fastrcnn/96p/cut3_7505.pickle
473
COCO mAP: 0.27119681239128113
/home/wxz/Documents/pickle/fastrcnn/96p/cut5_7969.pickle
474
COCO mAP: 0.47518569231033325
/home/wxz/Documents/pickle/fastrcnn/96p/cut4_7258.pickle
475
COCO mAP: 0.31403833627700806
/home/wxz/Documents/pickle/fastrcnn/96p/cut4_1801.pickle
476
COCO mAP: 0.5142736434936523
/home/wxz/Documents/pickle/fastrcnn/96p/cut7_4845.pickle
477
COCO mAP: 0.2607535123825073
/home/wxz/Documents/pickle/fastrcnn/96p/cut6_8137.pickle
478
COCO mAP: 0.4095255434513092
/home/wxz/Documents/pickle/fastrcnn/96p/cut4_761.pickle
479
COCO mAP: 0.2790359556674957
/home/wxz/Documents/pickle/fastrcnn/96p/cut2_8925.pickle
480
COCO mAP: 0.3986366391181946
/home/wxz/Documents/pickle/fastrcnn/96p/cut4_5281.pickle
481
COCO mAP: 0.6214112043380737
/home/wxz/Documents/pickle/fastrcnn/96p/cut1_5700.pickle
482
COCO mAP: 0.45580562949180603
/home/wxz/Documents/pickle/fastrcnn/96p/cut7_641.pickle
483
COCO mAP: 0.506919264793396
/home/wxz/Documents/pickle/fastrcnn/96p/cut2_5751.pickle
484
COCO mAP: 0.08869193494319916
/home/wxz/Documents/pickle/fastrcnn/96p/cut9_113.pickle
485
COCO mAP: 0.34929633140563965
/home/wxz/Documents/pickle/fastrcnn/96p/cut4_7348.pickle
486
COCO mAP: 0.3652155101299286
/home/wxz/Documents/pickle/fastrcnn/96p/cut1_3438.pickle
487
COCO mAP: 0.21808211505413055
/home/wxz/Documents/pickle/fastrcnn/96p/cut7_4305.pickle
488
COCO mAP: 0.4629116654396057
/home/wxz/Documents/pickle/fastrcnn/96p/cut5_897.pickle
489
COCO mAP: 0.21956650912761688
/home/wxz/Documents/pickle/fastrcnn/96p/cut3_3601.pickle
490
COCO mAP: 0.32756537199020386
/home/wxz/Documents/pickle/fastrcnn/96p/cut5_8881.pickle
491
COCO mAP: 0.4553966522216797
/home/wxz/Documents/pickle/fastrcnn/96p/cut5_3729.pickle
492
COCO mAP: 0.22414985299110413
/home/wxz/Documents/pickle/fastrcnn/96p/cut4_6412.pickle
493
COCO mAP: 0.6747480034828186
/home/wxz/Documents/pickle/fastrcnn/96p/cut5_3809.pickle
494
COCO mAP: 0.35373130440711975
/home/wxz/Documents/pickle/fastrcnn/96p/cut4_7672.pickle
495
COCO mAP: 0.23255655169487
/home/wxz/Documents/pickle/fastrcnn/96p/cut1_2820.pickle
496
COCO mAP: 0.18736129999160767
/home/wxz/Documents/pickle/fastrcnn/96p/cut4_521.pickle
497
COCO mAP: 0.3103806972503662
/home/wxz/Documents/pickle/fastrcnn/96p/cut9_1937.pickle
498
COCO mAP: 0.5491812229156494
/home/wxz/Documents/pickle/fastrcnn/96p/cut6_5611.pickle
499
COCO mAP: 0.23148015141487122
/home/wxz/Documents/pickle/fastrcnn/96p/cut4_2001.pickle
500
COCO mAP: 0.10547707974910736
/home/wxz/Documents/pickle/fastrcnn/96p/cut1_5373.pickle
501
COCO mAP: 0.3673327565193176
/home/wxz/Documents/pickle/fastrcnn/96p/cut8_912.pickle
502
COCO mAP: 0.36175811290740967
/home/wxz/Documents/pickle/fastrcnn/96p/cut6_6750.pickle
503
COCO mAP: 0.23309364914894104
/home/wxz/Documents/pickle/fastrcnn/96p/cut4_5401.pickle
504
COCO mAP: 0.5414720773696899
/home/wxz/Documents/pickle/fastrcnn/96p/cut3_3505.pickle
505
COCO mAP: 0.3396525979042053
/home/wxz/Documents/pickle/fastrcnn/96p/cut5_8353.pickle
506
COCO mAP: 0.3974107801914215
/home/wxz/Documents/pickle/fastrcnn/96p/cut6_8461.pickle
507
COCO mAP: 0.532579779624939
/home/wxz/Documents/pickle/fastrcnn/96p/cut7_5945.pickle
508
COCO mAP: 0.17122259736061096
/home/wxz/Documents/pickle/fastrcnn/96p/cut3_2609.pickle
509
COCO mAP: 0.5224071741104126
/home/wxz/Documents/pickle/fastrcnn/96p/cut6_7741.pickle
510
COCO mAP: 0.5544228553771973
/home/wxz/Documents/pickle/fastrcnn/96p/cut8_4613.pickle
511
COCO mAP: 0.23594972491264343
/home/wxz/Documents/pickle/fastrcnn/96p/cut2_852.pickle
512
COCO mAP: 0.44693055748939514
/home/wxz/Documents/pickle/fastrcnn/96p/cut5_4017.pickle
513
COCO mAP: 0.42452043294906616
/home/wxz/Documents/pickle/fastrcnn/96p/cut1_4931.pickle
514
COCO mAP: 0.19018928706645966
/home/wxz/Documents/pickle/fastrcnn/96p/cut6_5201.pickle
515
COCO mAP: 0.37996965646743774
/home/wxz/Documents/pickle/fastrcnn/96p/cut8_3619.pickle
516
COCO mAP: 0.16013078391551971
/home/wxz/Documents/pickle/fastrcnn/96p/cut2_6717.pickle
517
COCO mAP: 0.5417469143867493
/home/wxz/Documents/pickle/fastrcnn/96p/cut4_7996.pickle
518
COCO mAP: 0.22267916798591614
/home/wxz/Documents/pickle/fastrcnn/96p/cut8_1519.pickle
519
COCO mAP: 0.6658068895339966
/home/wxz/Documents/pickle/fastrcnn/96p/cut2_5061.pickle
520
COCO mAP: 0.3005874752998352
/home/wxz/Documents/pickle/fastrcnn/96p/cut5_7265.pickle
521
COCO mAP: 0.42360296845436096
/home/wxz/Documents/pickle/fastrcnn/96p/cut5_2401.pickle
522
COCO mAP: 0.3124105632305145
/home/wxz/Documents/pickle/fastrcnn/96p/cut2_8741.pickle
523
COCO mAP: 0.37001943588256836
/home/wxz/Documents/pickle/fastrcnn/96p/cut6_2433.pickle
524
COCO mAP: 0.35290491580963135
/home/wxz/Documents/pickle/fastrcnn/96p/cut3_1.pickle
525
COCO mAP: 0.6110875606536865
/home/wxz/Documents/pickle/fastrcnn/96p/cut4_1761.pickle
526
COCO mAP: 0.1814289093017578
/home/wxz/Documents/pickle/fastrcnn/96p/cut5_6929.pickle
527
COCO mAP: 0.17607523500919342
/home/wxz/Documents/pickle/fastrcnn/96p/cut2_7430.pickle
528
COCO mAP: 0.5603268146514893
/home/wxz/Documents/pickle/fastrcnn/96p/cut9_2801.pickle
529
COCO mAP: 0.3613606095314026
/home/wxz/Documents/pickle/fastrcnn/96p/cut6_6189.pickle
530
COCO mAP: 0.2731044888496399
/home/wxz/Documents/pickle/fastrcnn/96p/cut5_2817.pickle
531
COCO mAP: 0.39292603731155396
/home/wxz/Documents/pickle/fastrcnn/96p/cut2_7660.pickle
532
COCO mAP: 0.5869173407554626
/home/wxz/Documents/pickle/fastrcnn/96p/cut6_7975.pickle
533
COCO mAP: 0.4333043098449707
/home/wxz/Documents/pickle/fastrcnn/96p/cut3_6865.pickle
534
COCO mAP: 0.43893346190452576
/home/wxz/Documents/pickle/fastrcnn/96p/cut8_4515.pickle
535
COCO mAP: 0.42743802070617676
/home/wxz/Documents/pickle/fastrcnn/96p/cut3_3393.pickle
536
COCO mAP: 0.31278181076049805
/home/wxz/Documents/pickle/fastrcnn/96p/cut1_879.pickle
537
COCO mAP: 0.11553575843572617
/home/wxz/Documents/pickle/fastrcnn/96p/cut9_3329.pickle
538
COCO mAP: 0.10594059526920319
/home/wxz/Documents/pickle/fastrcnn/96p/cut2_8143.pickle
539
COCO mAP: 0.33105799555778503
/home/wxz/Documents/pickle/fastrcnn/96p/cut4_5817.pickle
540
COCO mAP: 0.37758204340934753
/home/wxz/Documents/pickle/fastrcnn/96p/cut9_5505.pickle
541
COCO mAP: 0.4040154814720154
/home/wxz/Documents/pickle/fastrcnn/96p/cut2_4762.pickle
542
COCO mAP: 0.34645724296569824
/home/wxz/Documents/pickle/fastrcnn/96p/cut4_3621.pickle
543
COCO mAP: 0.2865278124809265
/home/wxz/Documents/pickle/fastrcnn/96p/cut6_1489.pickle
544
COCO mAP: 0.47356733679771423
/home/wxz/Documents/pickle/fastrcnn/96p/cut1_3174.pickle
545
COCO mAP: 0.4039604067802429
/home/wxz/Documents/pickle/fastrcnn/96p/cut6_5832.pickle
546
COCO mAP: 0.3260626196861267
/home/wxz/Documents/pickle/fastrcnn/96p/cut6_5105.pickle
547
COCO mAP: 0.19769719243049622
/home/wxz/Documents/pickle/fastrcnn/96p/cut4_161.pickle
548
COCO mAP: 0.24412128329277039
/home/wxz/Documents/pickle/fastrcnn/96p/cut3_4305.pickle
549
COCO mAP: 0.4212624132633209
/home/wxz/Documents/pickle/fastrcnn/96p/cut1_3526.pickle
550
COCO mAP: 0.1311131864786148
/home/wxz/Documents/pickle/fastrcnn/96p/cut2_7292.pickle
551
COCO mAP: 0.6235835552215576
/home/wxz/Documents/pickle/fastrcnn/96p/cut7_4725.pickle
552
COCO mAP: 0.35147184133529663
/home/wxz/Documents/pickle/fastrcnn/96p/cut3_3793.pickle
553
COCO mAP: 0.45808011293411255
/home/wxz/Documents/pickle/fastrcnn/96p/cut5_3537.pickle
554
COCO mAP: 0.43095046281814575
/home/wxz/Documents/pickle/fastrcnn/96p/cut5_2913.pickle
555
COCO mAP: 0.5263688564300537
/home/wxz/Documents/pickle/fastrcnn/96p/cut7_7945.pickle
556
COCO mAP: 0.2851833999156952
/home/wxz/Documents/pickle/fastrcnn/96p/cut8_7412.pickle
557
COCO mAP: 0.27409523725509644
/home/wxz/Documents/pickle/fastrcnn/96p/cut3_6193.pickle
558
COCO mAP: 0.4127224087715149
/home/wxz/Documents/pickle/fastrcnn/96p/cut4_3001.pickle
559
COCO mAP: 0.20721380412578583
/home/wxz/Documents/pickle/fastrcnn/96p/cut4_5901.pickle
560
COCO mAP: 0.41000229120254517
/home/wxz/Documents/pickle/fastrcnn/96p/cut2_1036.pickle
561
COCO mAP: 0.4130244851112366
/home/wxz/Documents/pickle/fastrcnn/96p/cut8_1715.pickle
562
COCO mAP: 0.7593740224838257
/home/wxz/Documents/pickle/fastrcnn/96p/cut5_8992.pickle
563
COCO mAP: 0.3764418363571167
/home/wxz/Documents/pickle/fastrcnn/96p/cut6_3617.pickle
564
COCO mAP: 0.3130756914615631
/home/wxz/Documents/pickle/fastrcnn/96p/cut5_6641.pickle
565
COCO mAP: 0.36794108152389526
/home/wxz/Documents/pickle/fastrcnn/96p/cut6_6240.pickle
566
COCO mAP: 0.23000793159008026
/home/wxz/Documents/pickle/fastrcnn/96p/cut8_4906.pickle
567
COCO mAP: 0.17850157618522644
/home/wxz/Documents/pickle/fastrcnn/96p/cut6_8947.pickle
568
COCO mAP: 0.4630447328090668
/home/wxz/Documents/pickle/fastrcnn/96p/cut7_1.pickle
569
COCO mAP: 0.4379720091819763
/home/wxz/Documents/pickle/fastrcnn/96p/cut1_2471.pickle
570
COCO mAP: 0.36833256483078003
/home/wxz/Documents/pickle/fastrcnn/96p/cut6_2001.pickle
571
COCO mAP: 0.5371000170707703
/home/wxz/Documents/pickle/fastrcnn/96p/cut6_1201.pickle
572
COCO mAP: 0.354062020778656
/home/wxz/Documents/pickle/fastrcnn/96p/cut6_6903.pickle
573
COCO mAP: 0.3206983804702759
/home/wxz/Documents/pickle/fastrcnn/96p/cut2_93.pickle
574
COCO mAP: 0.21436229348182678
/home/wxz/Documents/pickle/fastrcnn/96p/cut5_8545.pickle
575
COCO mAP: 0.4256238043308258
/home/wxz/Documents/pickle/fastrcnn/96p/cut7_1105.pickle
576
COCO mAP: 0.3338370621204376
/home/wxz/Documents/pickle/fastrcnn/96p/cut7_1855.pickle
577
COCO mAP: 0.44871777296066284
/home/wxz/Documents/pickle/fastrcnn/96p/cut5_8785.pickle
578
COCO mAP: 0.47023138403892517
/home/wxz/Documents/pickle/fastrcnn/96p/cut2_6510.pickle
579
COCO mAP: 0.41513165831565857
/home/wxz/Documents/pickle/fastrcnn/96p/cut8_1645.pickle
580
COCO mAP: 0.46399053931236267
/home/wxz/Documents/pickle/fastrcnn/96p/cut4_5321.pickle
581
COCO mAP: 0.5385802984237671
/home/wxz/Documents/pickle/fastrcnn/96p/cut2_6418.pickle
582
COCO mAP: 0.4416009783744812
/home/wxz/Documents/pickle/fastrcnn/96p/cut9_1009.pickle
583
COCO mAP: 0.2341841459274292
/home/wxz/Documents/pickle/fastrcnn/96p/cut7_6645.pickle
584
COCO mAP: 0.4412609934806824
/home/wxz/Documents/pickle/fastrcnn/96p/cut4_1681.pickle
585
COCO mAP: 0.30058157444000244
/home/wxz/Documents/pickle/fastrcnn/96p/cut9_401.pickle
586
COCO mAP: 0.5183972716331482
/home/wxz/Documents/pickle/fastrcnn/96p/cut3_2209.pickle
587
COCO mAP: 0.5507351756095886
/home/wxz/Documents/pickle/fastrcnn/96p/cut8_4809.pickle
588
COCO mAP: 0.05707012861967087
/home/wxz/Documents/pickle/fastrcnn/96p/cut6_4641.pickle
589
COCO mAP: 0.4553247392177582
/home/wxz/Documents/pickle/fastrcnn/96p/cut7_833.pickle
590
COCO mAP: 0.3986987769603729
/home/wxz/Documents/pickle/fastrcnn/96p/cut5_6113.pickle
591
COCO mAP: 0.20174157619476318
/home/wxz/Documents/pickle/fastrcnn/96p/cut6_7867.pickle
592
COCO mAP: 0.6611153483390808
/home/wxz/Documents/pickle/fastrcnn/96p/cut6_6444.pickle
593
COCO mAP: 0.33364561200141907
/home/wxz/Documents/pickle/fastrcnn/96p/cut1_4139.pickle
594
COCO mAP: 0.459477037191391
/home/wxz/Documents/pickle/fastrcnn/96p/cut3_817.pickle
595
COCO mAP: 0.2996063828468323
/home/wxz/Documents/pickle/fastrcnn/96p/cut4_1.pickle
596
COCO mAP: 0.3994252681732178
/home/wxz/Documents/pickle/fastrcnn/96p/cut4_2121.pickle
597
COCO mAP: 0.2537427544593811
/home/wxz/Documents/pickle/fastrcnn/96p/cut2_8534.pickle
598
COCO mAP: 0.3855493664741516
/home/wxz/Documents/pickle/fastrcnn/96p/cut4_4721.pickle
599
COCO mAP: 0.42833027243614197
/home/wxz/Documents/pickle/fastrcnn/96p/cut1_8759.pickle
600
COCO mAP: 0.4358038902282715
/home/wxz/Documents/pickle/fastrcnn/96p/cut8_2737.pickle
601
COCO mAP: 0.3058106303215027
/home/wxz/Documents/pickle/fastrcnn/96p/cut8_3003.pickle
602
COCO mAP: 0.31043559312820435
/home/wxz/Documents/pickle/fastrcnn/96p/cut4_3341.pickle
603
COCO mAP: 0.24341540038585663
/home/wxz/Documents/pickle/fastrcnn/96p/cut4_8914.pickle
604
COCO mAP: 0.4599028527736664
/home/wxz/Documents/pickle/fastrcnn/96p/cut6_1537.pickle
605
COCO mAP: 0.26901307702064514
/home/wxz/Documents/pickle/fastrcnn/96p/cut3_4737.pickle
606
COCO mAP: 0.20302288234233856
/home/wxz/Documents/pickle/fastrcnn/96p/cut1_8509.pickle
607
COCO mAP: 0.34654444456100464
/home/wxz/Documents/pickle/fastrcnn/96p/cut5_4929.pickle
608
COCO mAP: 0.13253557682037354
/home/wxz/Documents/pickle/fastrcnn/96p/cut2_6602.pickle
609
COCO mAP: 0.41586413979530334
/home/wxz/Documents/pickle/fastrcnn/96p/cut7_7465.pickle
610
COCO mAP: 0.37317267060279846
/home/wxz/Documents/pickle/fastrcnn/96p/cut3_2305.pickle
611
COCO mAP: 0.38476043939590454
/home/wxz/Documents/pickle/fastrcnn/96p/cut6_4241.pickle
612
COCO mAP: 0.5075328946113586
/home/wxz/Documents/pickle/fastrcnn/96p/cut3_5313.pickle
613
COCO mAP: 0.46914130449295044
/home/wxz/Documents/pickle/fastrcnn/96p/cut7_3665.pickle
614
COCO mAP: 0.3996050953865051
/home/wxz/Documents/pickle/fastrcnn/96p/cut7_5445.pickle
615
COCO mAP: 0.3468239903450012
/home/wxz/Documents/pickle/fastrcnn/96p/cut1_5107.pickle
616
COCO mAP: 0.25695425271987915
/home/wxz/Documents/pickle/fastrcnn/96p/cut6_5009.pickle
617
COCO mAP: 0.36277061700820923
/home/wxz/Documents/pickle/fastrcnn/96p/cut3_4833.pickle
618
COCO mAP: 0.3488823473453522
/home/wxz/Documents/pickle/fastrcnn/96p/cut1_6068.pickle
619
COCO mAP: 0.09502384066581726
/home/wxz/Documents/pickle/fastrcnn/96p/cut8_7706.pickle
620
COCO mAP: 0.4178367257118225
/home/wxz/Documents/pickle/fastrcnn/96p/cut6_5409.pickle
621
COCO mAP: 0.3077356219291687
/home/wxz/Documents/pickle/fastrcnn/96p/cut4_6141.pickle
622
COCO mAP: 0.5291074514389038
/home/wxz/Documents/pickle/fastrcnn/96p/cut7_2017.pickle
623
COCO mAP: 0.5095452070236206
/home/wxz/Documents/pickle/fastrcnn/96p/cut9_5601.pickle
624
COCO mAP: 0.3382073938846588
/home/wxz/Documents/pickle/fastrcnn/96p/cut3_7649.pickle
625
COCO mAP: 0.46816954016685486
/home/wxz/Documents/pickle/fastrcnn/96p/cut4_361.pickle
626
COCO mAP: 0.25434741377830505
/home/wxz/Documents/pickle/fastrcnn/96p/cut4_5521.pickle
627
COCO mAP: 0.5853750109672546
/home/wxz/Documents/pickle/fastrcnn/96p/cut6_689.pickle
628
COCO mAP: 0.34782662987709045
/home/wxz/Documents/pickle/fastrcnn/96p/cut4_4121.pickle
629
COCO mAP: 0.3210008442401886
/home/wxz/Documents/pickle/fastrcnn/96p/cut7_8225.pickle
630
COCO mAP: 0.32229065895080566
/home/wxz/Documents/pickle/fastrcnn/96p/cut4_4841.pickle
631
COCO mAP: 0.48629528284072876
/home/wxz/Documents/pickle/fastrcnn/96p/cut9_305.pickle
632
COCO mAP: 0.4621129035949707
/home/wxz/Documents/pickle/fastrcnn/96p/cut9_5713.pickle
633
COCO mAP: 0.36842212080955505
/home/wxz/Documents/pickle/fastrcnn/96p/cut4_3901.pickle
634
COCO mAP: 0.23109939694404602
/home/wxz/Documents/pickle/fastrcnn/96p/cut1_2558.pickle
635
COCO mAP: 0.07682617753744125
/home/wxz/Documents/pickle/fastrcnn/96p/cut8_5620.pickle
636
COCO mAP: 0.7461881637573242
/home/wxz/Documents/pickle/fastrcnn/96p/cut3_3169.pickle
637
COCO mAP: 0.37061819434165955
/home/wxz/Documents/pickle/fastrcnn/96p/cut4_6201.pickle
638
COCO mAP: 0.5220950841903687
/home/wxz/Documents/pickle/fastrcnn/96p/cut2_1312.pickle
639
COCO mAP: 0.2865722179412842
/home/wxz/Documents/pickle/fastrcnn/96p/cut6_1905.pickle
640
COCO mAP: 0.3495679199695587
/home/wxz/Documents/pickle/fastrcnn/96p/cut9_3729.pickle
641
COCO mAP: 0.5456716418266296
/home/wxz/Documents/pickle/fastrcnn/96p/cut2_6142.pickle
642
COCO mAP: 0.4847432076931
/home/wxz/Documents/pickle/fastrcnn/96p/cut3_8705.pickle
643
COCO mAP: 0.4568924903869629
/home/wxz/Documents/pickle/fastrcnn/96p/cut8_5032.pickle
644
COCO mAP: 0.17843380570411682
/home/wxz/Documents/pickle/fastrcnn/96p/cut8_2905.pickle
645
COCO mAP: 0.07049505412578583
/home/wxz/Documents/pickle/fastrcnn/96p/cut2_2002.pickle
646
COCO mAP: 0.19404654204845428
/home/wxz/Documents/pickle/fastrcnn/96p/cut8_209.pickle
647
COCO mAP: 0.44568079710006714
/home/wxz/Documents/pickle/fastrcnn/96p/cut2_8327.pickle
648
COCO mAP: 0.42443403601646423
/home/wxz/Documents/pickle/fastrcnn/96p/cut5_5617.pickle
649
COCO mAP: 0.35431766510009766
/home/wxz/Documents/pickle/fastrcnn/96p/cut7_3245.pickle
650
COCO mAP: 0.34280237555503845
/home/wxz/Documents/pickle/fastrcnn/96p/cut9_5169.pickle
651
COCO mAP: 0.29759955406188965
/home/wxz/Documents/pickle/fastrcnn/96p/cut9_2321.pickle
652
COCO mAP: 0.33229365944862366
/home/wxz/Documents/pickle/fastrcnn/96p/cut7_5625.pickle
653
COCO mAP: 0.3406914472579956
/home/wxz/Documents/pickle/fastrcnn/96p/cut8_5410.pickle
654
COCO mAP: 0.715416669845581
/home/wxz/Documents/pickle/fastrcnn/96p/cut8_2009.pickle
655
COCO mAP: 0.6007017493247986
/home/wxz/Documents/pickle/fastrcnn/96p/cut8_604.pickle
656
COCO mAP: 0.4794999957084656
/home/wxz/Documents/pickle/fastrcnn/96p/cut7_737.pickle
657
COCO mAP: 0.3066107928752899
/home/wxz/Documents/pickle/fastrcnn/96p/cut6_3425.pickle
658
COCO mAP: 0.4810470640659332
/home/wxz/Documents/pickle/fastrcnn/96p/cut7_7185.pickle
659
COCO mAP: 0.33065032958984375
/home/wxz/Documents/pickle/fastrcnn/96p/cut5_2209.pickle
660
COCO mAP: 0.25078922510147095
/home/wxz/Documents/pickle/fastrcnn/96p/cut4_4541.pickle
661
COCO mAP: 0.28764814138412476
/home/wxz/Documents/pickle/fastrcnn/96p/cut3_5121.pickle
662
COCO mAP: 0.3521406948566437
/home/wxz/Documents/pickle/fastrcnn/96p/cut1_4403.pickle
663
COCO mAP: 0.40598320960998535
/home/wxz/Documents/pickle/fastrcnn/96p/cut6_2945.pickle
664
COCO mAP: 0.5681115388870239
/home/wxz/Documents/pickle/fastrcnn/96p/cut1_6244.pickle
665
COCO mAP: 0.5363824367523193
/home/wxz/Documents/pickle/fastrcnn/96p/cut5_4401.pickle
666
COCO mAP: 0.4521356523036957
/home/wxz/Documents/pickle/fastrcnn/96p/cut8_3213.pickle
667
COCO mAP: 0.533082127571106
/home/wxz/Documents/pickle/fastrcnn/96p/cut2_3520.pickle
668
COCO mAP: 0.24997369945049286
/home/wxz/Documents/pickle/fastrcnn/96p/cut7_1747.pickle
669
COCO mAP: 0.518483579158783
/home/wxz/Documents/pickle/fastrcnn/96p/cut6_1713.pickle
670
COCO mAP: 0.49711209535598755
/home/wxz/Documents/pickle/fastrcnn/96p/cut4_8752.pickle
671
COCO mAP: 0.5453497171401978
/home/wxz/Documents/pickle/fastrcnn/96p/cut3_3713.pickle
672
COCO mAP: 0.2824088931083679
/home/wxz/Documents/pickle/fastrcnn/96p/cut8_4305.pickle
673
COCO mAP: 0.38954848051071167
/home/wxz/Documents/pickle/fastrcnn/96p/cut5_5905.pickle
674
COCO mAP: 0.37395167350769043
/home/wxz/Documents/pickle/fastrcnn/96p/cut9_6049.pickle
675
COCO mAP: 0.4440385699272156
/home/wxz/Documents/pickle/fastrcnn/96p/cut6_6546.pickle
676
COCO mAP: 0.4109538197517395
/home/wxz/Documents/pickle/fastrcnn/96p/cut5_2625.pickle
677
COCO mAP: 0.4510566294193268
/home/wxz/Documents/pickle/fastrcnn/96p/cut6_6342.pickle
678
COCO mAP: 0.2880312204360962
/home/wxz/Documents/pickle/fastrcnn/96p/cut7_929.pickle
679
COCO mAP: 0.2745363116264343
/home/wxz/Documents/pickle/fastrcnn/96p/cut3_2513.pickle
680
COCO mAP: 0.2566736340522766
/home/wxz/Documents/pickle/fastrcnn/96p/cut5_1.pickle
681
COCO mAP: 0.41080814599990845
/home/wxz/Documents/pickle/fastrcnn/96p/cut9_1505.pickle
682
COCO mAP: 0.5331680774688721
/home/wxz/Documents/pickle/fastrcnn/96p/cut8_5928.pickle
683
COCO mAP: 0.5385549664497375
/home/wxz/Documents/pickle/fastrcnn/96p/cut9_4737.pickle
684
COCO mAP: 0.2369261234998703
/home/wxz/Documents/pickle/fastrcnn/96p/cut5_2721.pickle
685
COCO mAP: 0.2326498031616211
/home/wxz/Documents/pickle/fastrcnn/96p/cut6_2385.pickle
686
COCO mAP: 0.4129692614078522
/home/wxz/Documents/pickle/fastrcnn/96p/cut7_7285.pickle
687
COCO mAP: 0.37398117780685425
/home/wxz/Documents/pickle/fastrcnn/96p/cut8_1911.pickle
688
COCO mAP: 0.15321680903434753
/home/wxz/Documents/pickle/fastrcnn/96p/cut3_7153.pickle
689
COCO mAP: 0.3574507236480713
/home/wxz/Documents/pickle/fastrcnn/96p/cut4_5709.pickle
690
COCO mAP: 0.6468428373336792
/home/wxz/Documents/pickle/fastrcnn/96p/cut1_6909.pickle
691
COCO mAP: 0.014108909294009209
/home/wxz/Documents/pickle/fastrcnn/96p/cut8_6110.pickle
692
COCO mAP: 0.43515029549598694
/home/wxz/Documents/pickle/fastrcnn/96p/cut3_2401.pickle
693
COCO mAP: 0.3120948374271393
/home/wxz/Documents/pickle/fastrcnn/96p/cut7_6285.pickle
694
COCO mAP: 0.4398234784603119
/home/wxz/Documents/pickle/fastrcnn/96p/cut8_4725.pickle
695
COCO mAP: 0.07260726392269135
/home/wxz/Documents/pickle/fastrcnn/96p/cut9_721.pickle
696
COCO mAP: 0.42849183082580566
/home/wxz/Documents/pickle/fastrcnn/96p/cut1_704.pickle
697
COCO mAP: 0.632908284664154
/home/wxz/Documents/pickle/fastrcnn/96p/cut9_3233.pickle
698
COCO mAP: 0.09653465449810028
/home/wxz/Documents/pickle/fastrcnn/96p/cut3_6097.pickle
699
COCO mAP: 0.4242177903652191
/home/wxz/Documents/pickle/fastrcnn/96p/cut8_7608.pickle
700
COCO mAP: 0.4996396005153656
/home/wxz/Documents/pickle/fastrcnn/96p/cut8_8252.pickle
701
COCO mAP: 0.29384511709213257
/home/wxz/Documents/pickle/fastrcnn/96p/cut7_8705.pickle
702
COCO mAP: 0.29327812790870667
/home/wxz/Documents/pickle/fastrcnn/96p/cut5_5313.pickle
703
COCO mAP: 0.37500011920928955
/home/wxz/Documents/pickle/fastrcnn/96p/cut5_1089.pickle
704
COCO mAP: 0.11602798849344254
/home/wxz/Documents/pickle/fastrcnn/96p/cut8_5522.pickle
705
COCO mAP: 0.6992937922477722
/home/wxz/Documents/pickle/fastrcnn/96p/cut5_7729.pickle
706
COCO mAP: 0.5130912661552429
/home/wxz/Documents/pickle/fastrcnn/96p/cut3_8945.pickle
707
COCO mAP: 0.2651115655899048
/home/wxz/Documents/pickle/fastrcnn/96p/cut2_6901.pickle
708
COCO mAP: 0.5139811635017395
/home/wxz/Documents/pickle/fastrcnn/96p/cut5_1617.pickle
709
COCO mAP: 0.10799509286880493
/home/wxz/Documents/pickle/fastrcnn/96p/cut1_8864.pickle
710
COCO mAP: 0.3210223615169525
/home/wxz/Documents/pickle/fastrcnn/96p/cut3_2257.pickle
711
COCO mAP: 0.45191532373428345
/home/wxz/Documents/pickle/fastrcnn/96p/cut3_8801.pickle
712
COCO mAP: 0.1614920198917389
/home/wxz/Documents/pickle/fastrcnn/96p/cut5_2113.pickle
713
COCO mAP: 0.26784753799438477
/home/wxz/Documents/pickle/fastrcnn/96p/cut9_4817.pickle
714
COCO mAP: 0.25957149267196655
/home/wxz/Documents/pickle/fastrcnn/96p/cut7_8645.pickle
715
COCO mAP: 0.2930448055267334
/home/wxz/Documents/pickle/fastrcnn/96p/cut1_2022.pickle
716
COCO mAP: 0.5331547856330872
/home/wxz/Documents/pickle/fastrcnn/96p/cut6_6801.pickle
717
COCO mAP: 0.4171702265739441
/home/wxz/Documents/pickle/fastrcnn/96p/cut4_6808.pickle
718
COCO mAP: 0.19874700903892517
/home/wxz/Documents/pickle/fastrcnn/96p/cut1_17.pickle
719
COCO mAP: 0.03222623094916344
/home/wxz/Documents/pickle/fastrcnn/96p/cut4_1901.pickle
720
COCO mAP: 0.051831573247909546
/home/wxz/Documents/pickle/fastrcnn/96p/cut7_3005.pickle
721
COCO mAP: 0.29853180050849915
/home/wxz/Documents/pickle/fastrcnn/96p/cut9_1745.pickle
722
COCO mAP: 0.18600177764892578
/home/wxz/Documents/pickle/fastrcnn/96p/cut7_4225.pickle
723
COCO mAP: 0.4162488579750061
/home/wxz/Documents/pickle/fastrcnn/96p/cut4_8320.pickle
724
COCO mAP: 0.3648614287376404
/home/wxz/Documents/pickle/fastrcnn/96p/cut4_3701.pickle
725
COCO mAP: 0.32577958703041077
/home/wxz/Documents/pickle/fastrcnn/96p/cut2_7821.pickle
726
COCO mAP: 0.5336302518844604
/home/wxz/Documents/pickle/fastrcnn/96p/cut6_577.pickle
727
COCO mAP: 0.22238954901695251
/home/wxz/Documents/pickle/fastrcnn/96p/cut3_5905.pickle
728
COCO mAP: 0.40579110383987427
/home/wxz/Documents/pickle/fastrcnn/96p/cut3_1425.pickle
729
COCO mAP: 0.15768077969551086
/home/wxz/Documents/pickle/fastrcnn/96p/cut2_7706.pickle
730
COCO mAP: 0.5034120082855225
/home/wxz/Documents/pickle/fastrcnn/96p/cut8_346.pickle
731
COCO mAP: 0.44982290267944336
/home/wxz/Documents/pickle/fastrcnn/96p/cut6_8245.pickle
732
COCO mAP: 0.5449024438858032
/home/wxz/Documents/pickle/fastrcnn/96p/cut6_3137.pickle
733
COCO mAP: 0.2622988522052765
/home/wxz/Documents/pickle/fastrcnn/96p/cut1_2202.pickle
734
COCO mAP: 0.3826095759868622
/home/wxz/Documents/pickle/fastrcnn/96p/cut1_8419.pickle
735
COCO mAP: 0.24418345093727112
/home/wxz/Documents/pickle/fastrcnn/96p/cut8_5802.pickle
736
COCO mAP: 0.7138944864273071
/home/wxz/Documents/pickle/fastrcnn/96p/cut2_3911.pickle
737
COCO mAP: 0.24829980731010437
/home/wxz/Documents/pickle/fastrcnn/96p/cut8_6362.pickle
738
COCO mAP: 0.41807952523231506
/home/wxz/Documents/pickle/fastrcnn/96p/cut2_6027.pickle
739
COCO mAP: 0.4884473383426666
/home/wxz/Documents/pickle/fastrcnn/96p/cut6_1105.pickle
740
COCO mAP: 0.4351809620857239
/home/wxz/Documents/pickle/fastrcnn/96p/cut8_496.pickle
741
COCO mAP: 0.31774672865867615
/home/wxz/Documents/pickle/fastrcnn/96p/cut1_1503.pickle
742
COCO mAP: 0.3884820342063904
/home/wxz/Documents/pickle/fastrcnn/96p/cut1_3350.pickle
743
COCO mAP: 0.1530252993106842
/home/wxz/Documents/pickle/fastrcnn/96p/cut1_343.pickle
744
COCO mAP: 0.11049620062112808
/home/wxz/Documents/pickle/fastrcnn/96p/cut9_1841.pickle
745
COCO mAP: 0.7394840717315674
/home/wxz/Documents/pickle/fastrcnn/96p/cut2_3014.pickle
746
COCO mAP: 0.5717418193817139
/home/wxz/Documents/pickle/fastrcnn/96p/cut7_3365.pickle
747
COCO mAP: 0.45772886276245117
/home/wxz/Documents/pickle/fastrcnn/96p/cut2_6303.pickle
748
COCO mAP: 0.5186229944229126
/home/wxz/Documents/pickle/fastrcnn/96p/cut1_6821.pickle
749
COCO mAP: 0.033663369715213776
/home/wxz/Documents/pickle/fastrcnn/96p/cut2_4348.pickle
750
COCO mAP: 0.3384280204772949
/home/wxz/Documents/pickle/fastrcnn/96p/cut1_6604.pickle
751
COCO mAP: 0.03927392512559891
/home/wxz/Documents/pickle/fastrcnn/96p/cut1_6689.pickle
752
COCO mAP: 0.1191006675362587
/home/wxz/Documents/pickle/fastrcnn/96p/cut3_7745.pickle
753
COCO mAP: 0.3742428421974182
/home/wxz/Documents/pickle/fastrcnn/96p/cut5_5217.pickle
754
COCO mAP: 0.39133983850479126
/home/wxz/Documents/pickle/fastrcnn/96p/cut2_6809.pickle
755
COCO mAP: 0.4680594503879547
/home/wxz/Documents/pickle/fastrcnn/96p/cut1_2302.pickle
756
COCO mAP: 0.226658895611763
/home/wxz/Documents/pickle/fastrcnn/96p/cut7_2405.pickle
757
COCO mAP: 0.47136545181274414
/home/wxz/Documents/pickle/fastrcnn/96p/cut5_401.pickle
758
COCO mAP: 0.30355966091156006
/home/wxz/Documents/pickle/fastrcnn/96p/cut8_3129.pickle
759
COCO mAP: 0.32856470346450806
/home/wxz/Documents/pickle/fastrcnn/96p/cut5_4881.pickle
760
COCO mAP: 0.16839197278022766
/home/wxz/Documents/pickle/fastrcnn/96p/cut3_4929.pickle
761
COCO mAP: 0.3490975797176361
/home/wxz/Documents/pickle/fastrcnn/96p/cut5_5025.pickle
762
COCO mAP: 0.34891384840011597
/home/wxz/Documents/pickle/fastrcnn/96p/cut6_961.pickle
763
COCO mAP: 0.403148353099823
/home/wxz/Documents/pickle/fastrcnn/96p/cut8_5144.pickle
764
COCO mAP: 0.7852243185043335
/home/wxz/Documents/pickle/fastrcnn/96p/cut5_5409.pickle
765
COCO mAP: 0.6626023054122925
/home/wxz/Documents/pickle/fastrcnn/96p/cut1_5613.pickle
766
COCO mAP: 0.26134735345840454
/home/wxz/Documents/pickle/fastrcnn/96p/cut2_2370.pickle
767
COCO mAP: 0.5758823156356812
/home/wxz/Documents/pickle/fastrcnn/96p/cut7_4985.pickle
768
COCO mAP: 0.32273322343826294
/home/wxz/Documents/pickle/fastrcnn/96p/cut6_1.pickle
769
COCO mAP: 0.44992557168006897
/home/wxz/Documents/pickle/fastrcnn/96p/cut8_2107.pickle
770
COCO mAP: 0.38340070843696594
/home/wxz/Documents/pickle/fastrcnn/96p/cut8_2401.pickle
771
COCO mAP: 0.05394153669476509
/home/wxz/Documents/pickle/fastrcnn/96p/cut4_8212.pickle
772
COCO mAP: 0.3125162124633789
/home/wxz/Documents/pickle/fastrcnn/96p/cut8_6516.pickle
773
COCO mAP: 0.36501428484916687
/home/wxz/Documents/pickle/fastrcnn/96p/cut4_4901.pickle
774
COCO mAP: 0.6371356844902039
/home/wxz/Documents/pickle/fastrcnn/96p/cut1_1316.pickle
775
COCO mAP: 0.20244956016540527
/home/wxz/Documents/pickle/fastrcnn/96p/cut3_145.pickle
776
COCO mAP: 0.4228877127170563
/home/wxz/Documents/pickle/fastrcnn/96p/cut7_4605.pickle
777
COCO mAP: 0.4825833737850189
/home/wxz/Documents/pickle/fastrcnn/96p/cut8_8168.pickle
778
COCO mAP: 0.26924481987953186
/home/wxz/Documents/pickle/fastrcnn/96p/cut8_6012.pickle
779
COCO mAP: 0.6878462433815002
/home/wxz/Documents/pickle/fastrcnn/96p/cut1_5524.pickle
780
COCO mAP: 0.2731187641620636
/home/wxz/Documents/pickle/fastrcnn/96p/cut4_7888.pickle
781
COCO mAP: 0.23407986760139465
/home/wxz/Documents/pickle/fastrcnn/96p/cut2_2807.pickle
782
COCO mAP: 0.4519166052341461
/home/wxz/Documents/pickle/fastrcnn/96p/cut7_2365.pickle
783
COCO mAP: 0.5066028237342834
/home/wxz/Documents/pickle/fastrcnn/96p/cut1_7444.pickle
784
COCO mAP: 0.11188119649887085
/home/wxz/Documents/pickle/fastrcnn/96p/cut2_369.pickle
785
COCO mAP: 0.1627189666032791
/home/wxz/Documents/pickle/fastrcnn/96p/cut7_1405.pickle
786
COCO mAP: 0.32991915941238403
/home/wxz/Documents/pickle/fastrcnn/96p/cut7_7525.pickle
787
COCO mAP: 0.2527469992637634
/home/wxz/Documents/pickle/fastrcnn/96p/cut2_4923.pickle
788
COCO mAP: 0.3777238428592682
/home/wxz/Documents/pickle/fastrcnn/96p/cut1_8629.pickle
789
COCO mAP: 0.39234381914138794
/home/wxz/Documents/pickle/fastrcnn/96p/cut4_5141.pickle
790
COCO mAP: 0.610917329788208
/home/wxz/Documents/pickle/fastrcnn/96p/cut1_5978.pickle
791
COCO mAP: 0.4612613320350647
/home/wxz/Documents/pickle/fastrcnn/96p/cut9_1313.pickle
792
COCO mAP: 0.5156480073928833
/home/wxz/Documents/pickle/fastrcnn/96p/cut8_1.pickle
793
COCO mAP: 0.2331560105085373
/home/wxz/Documents/pickle/fastrcnn/96p/cut1_3702.pickle
794
COCO mAP: 0.24914005398750305
average COCO mAP:0.35608085004439205
