nohup: 忽略输入
/home/wxz/Documents/pickle/fastrcnn320/96p/cut5_8945.pickle
1
COCO mAP: 0.31215327978134155
/home/wxz/Documents/pickle/fastrcnn320/96p/cut8_436.pickle
2
COCO mAP: 0.15373580157756805
/home/wxz/Documents/pickle/fastrcnn320/96p/cut6_5509.pickle
3
COCO mAP: 0.30918070673942566
/home/wxz/Documents/pickle/fastrcnn320/96p/cut2_4831.pickle
4
COCO mAP: 0.11820802837610245
/home/wxz/Documents/pickle/fastrcnn320/96p/cut2_8971.pickle
5
COCO mAP: 0.14066478610038757
/home/wxz/Documents/pickle/fastrcnn320/96p/cut7_2265.pickle
6
COCO mAP: 0.1935192048549652
/home/wxz/Documents/pickle/fastrcnn320/96p/cut2_185.pickle
7
COCO mAP: 0.3823818862438202
/home/wxz/Documents/pickle/fastrcnn320/96p/cut9_3041.pickle
8
COCO mAP: 0.24136857688426971
/home/wxz/Documents/pickle/fastrcnn320/96p/cut7_7705.pickle
9
COCO mAP: 0.2683106064796448
/home/wxz/Documents/pickle/fastrcnn320/96p/cut6_4817.pickle
10
COCO mAP: 0.301683634519577
/home/wxz/Documents/pickle/fastrcnn320/96p/cut5_3921.pickle
11
COCO mAP: 0.1986435353755951
/home/wxz/Documents/pickle/fastrcnn320/96p/cut3_6577.pickle
12
COCO mAP: 0.2338714897632599
/home/wxz/Documents/pickle/fastrcnn320/96p/cut5_993.pickle
13
COCO mAP: 0.11712855100631714
/home/wxz/Documents/pickle/fastrcnn320/96p/cut2_6257.pickle
14
COCO mAP: 0.21233518421649933
/home/wxz/Documents/pickle/fastrcnn320/96p/cut4_7186.pickle
15
COCO mAP: 0.10357038676738739
/home/wxz/Documents/pickle/fastrcnn320/96p/cut9_3825.pickle
16
COCO mAP: 0.4703189730644226
/home/wxz/Documents/pickle/fastrcnn320/96p/cut3_4001.pickle
17
COCO mAP: 0.1884874403476715
/home/wxz/Documents/pickle/fastrcnn320/96p/cut9_4545.pickle
18
COCO mAP: 0.1273387372493744
/home/wxz/Documents/pickle/fastrcnn320/96p/cut2_2186.pickle
19
COCO mAP: 0.2068733274936676
/home/wxz/Documents/pickle/fastrcnn320/96p/cut8_7104.pickle
20
COCO mAP: 0.16169553995132446
/home/wxz/Documents/pickle/fastrcnn320/96p/cut7_4125.pickle
21
COCO mAP: 0.14929568767547607
/home/wxz/Documents/pickle/fastrcnn320/96p/cut3_4401.pickle
22
COCO mAP: 0.16902188956737518
/home/wxz/Documents/pickle/fastrcnn320/96p/cut6_2657.pickle
23
COCO mAP: 0.29462534189224243
/home/wxz/Documents/pickle/fastrcnn320/96p/cut4_2301.pickle
24
COCO mAP: 0.19537511467933655
/home/wxz/Documents/pickle/fastrcnn320/96p/cut8_8336.pickle
25
COCO mAP: 0.12938609719276428
/home/wxz/Documents/pickle/fastrcnn320/96p/cut7_1009.pickle
26
COCO mAP: 0.18022464215755463
/home/wxz/Documents/pickle/fastrcnn320/96p/cut1_257.pickle
27
COCO mAP: 0.07702969759702682
/home/wxz/Documents/pickle/fastrcnn320/96p/cut5_5121.pickle
28
COCO mAP: 0.12706610560417175
/home/wxz/Documents/pickle/fastrcnn320/96p/cut3_4113.pickle
29
COCO mAP: 0.16197887063026428
/home/wxz/Documents/pickle/fastrcnn320/96p/cut6_7633.pickle
30
COCO mAP: 0.19755616784095764
/home/wxz/Documents/pickle/fastrcnn320/96p/cut3_7313.pickle
31
COCO mAP: 0.07702472805976868
/home/wxz/Documents/pickle/fastrcnn320/96p/cut4_1501.pickle
32
COCO mAP: 0.2645196318626404
/home/wxz/Documents/pickle/fastrcnn320/96p/cut9_3633.pickle
33
COCO mAP: 0.5626930594444275
/home/wxz/Documents/pickle/fastrcnn320/96p/cut2_8281.pickle
34
COCO mAP: 0.15149535238742828
/home/wxz/Documents/pickle/fastrcnn320/96p/cut2_967.pickle
35
COCO mAP: 0.41172894835472107
/home/wxz/Documents/pickle/fastrcnn320/96p/cut2_2623.pickle
36
COCO mAP: 0.2983957827091217
/home/wxz/Documents/pickle/fastrcnn320/96p/cut1_8044.pickle
37
COCO mAP: 0.1360711008310318
/home/wxz/Documents/pickle/fastrcnn320/96p/cut5_3249.pickle
38
COCO mAP: 0.23705723881721497
/home/wxz/Documents/pickle/fastrcnn320/96p/cut5_1281.pickle
39
COCO mAP: 0.1913161426782608
/home/wxz/Documents/pickle/fastrcnn320/96p/cut7_5505.pickle
40
COCO mAP: 0.15304896235466003
/home/wxz/Documents/pickle/fastrcnn320/96p/cut7_8945.pickle
41
COCO mAP: 0.25824081897735596
/home/wxz/Documents/pickle/fastrcnn320/96p/cut4_8806.pickle
42
COCO mAP: 0.330801784992218
/home/wxz/Documents/pickle/fastrcnn320/96p/cut5_6001.pickle
43
COCO mAP: 0.10716996341943741
/home/wxz/Documents/pickle/fastrcnn320/96p/cut3_513.pickle
44
COCO mAP: 0.28881245851516724
/home/wxz/Documents/pickle/fastrcnn320/96p/cut6_3329.pickle
45
COCO mAP: 0.24098113179206848
/home/wxz/Documents/pickle/fastrcnn320/96p/cut6_4401.pickle
46
COCO mAP: 0.3036326766014099
/home/wxz/Documents/pickle/fastrcnn320/96p/cut1_6156.pickle
47
COCO mAP: 0.25279098749160767
/home/wxz/Documents/pickle/fastrcnn320/96p/cut2_5130.pickle
48
COCO mAP: 0.2718566060066223
/home/wxz/Documents/pickle/fastrcnn320/96p/cut7_6165.pickle
49
COCO mAP: 0.2759794592857361
/home/wxz/Documents/pickle/fastrcnn320/96p/cut9_4209.pickle
50
COCO mAP: 0.3591518700122833
/home/wxz/Documents/pickle/fastrcnn320/96p/cut5_1521.pickle
51
COCO mAP: 0.19474855065345764
/home/wxz/Documents/pickle/fastrcnn320/96p/cut9_2225.pickle
52
COCO mAP: 0.31350913643836975
/home/wxz/Documents/pickle/fastrcnn320/96p/cut6_8893.pickle
53
COCO mAP: 0.31266582012176514
/home/wxz/Documents/pickle/fastrcnn320/96p/cut2_5521.pickle
54
COCO mAP: 0.3116624355316162
/home/wxz/Documents/pickle/fastrcnn320/96p/cut4_4241.pickle
55
COCO mAP: 0.19049976766109467
/home/wxz/Documents/pickle/fastrcnn320/96p/cut6_7107.pickle
56
COCO mAP: 0.24378971755504608
/home/wxz/Documents/pickle/fastrcnn320/96p/cut4_3801.pickle
57
COCO mAP: 0.21660666167736053
/home/wxz/Documents/pickle/fastrcnn320/96p/cut8_1253.pickle
58
COCO mAP: 0.2778288722038269
/home/wxz/Documents/pickle/fastrcnn320/96p/cut1_6420.pickle
59
COCO mAP: 0.04133663326501846
/home/wxz/Documents/pickle/fastrcnn320/96p/cut5_7169.pickle
60
COCO mAP: 0.10137379169464111
/home/wxz/Documents/pickle/fastrcnn320/96p/cut6_1601.pickle
61
COCO mAP: 0.22512564063072205
/home/wxz/Documents/pickle/fastrcnn320/96p/cut8_2205.pickle
62
COCO mAP: 0.2723259925842285
/home/wxz/Documents/pickle/fastrcnn320/96p/cut4_1441.pickle
63
COCO mAP: 0.19252264499664307
/home/wxz/Documents/pickle/fastrcnn320/96p/cut6_2753.pickle
64
COCO mAP: 0.31669682264328003
/home/wxz/Documents/pickle/fastrcnn320/96p/cut2_7039.pickle
65
COCO mAP: 0.29656678438186646
/home/wxz/Documents/pickle/fastrcnn320/96p/cut7_1351.pickle
66
COCO mAP: 0.15065184235572815
/home/wxz/Documents/pickle/fastrcnn320/96p/cut8_3703.pickle
67
COCO mAP: 0.12691161036491394
/home/wxz/Documents/pickle/fastrcnn320/96p/cut9_5841.pickle
68
COCO mAP: 0.1658650040626526
/home/wxz/Documents/pickle/fastrcnn320/96p/cut9_817.pickle
69
COCO mAP: 0.423412024974823
/home/wxz/Documents/pickle/fastrcnn320/96p/cut2_1381.pickle
70
COCO mAP: 0.12758776545524597
/home/wxz/Documents/pickle/fastrcnn320/96p/cut6_433.pickle
71
COCO mAP: 0.1460387110710144
/home/wxz/Documents/pickle/fastrcnn320/96p/cut4_7456.pickle
72
COCO mAP: 0.14641089737415314
/home/wxz/Documents/pickle/fastrcnn320/96p/cut2_7913.pickle
73
COCO mAP: 0.34687340259552
/home/wxz/Documents/pickle/fastrcnn320/96p/cut5_3345.pickle
74
COCO mAP: 0.2704123556613922
/home/wxz/Documents/pickle/fastrcnn320/96p/cut2_1910.pickle
75
COCO mAP: 0.11062705516815186
/home/wxz/Documents/pickle/fastrcnn320/96p/cut1_4227.pickle
76
COCO mAP: 0.1878979504108429
/home/wxz/Documents/pickle/fastrcnn320/96p/cut5_4305.pickle
77
COCO mAP: 0.06303630769252777
/home/wxz/Documents/pickle/fastrcnn320/96p/cut8_5228.pickle
78
COCO mAP: 0.26933369040489197
/home/wxz/Documents/pickle/fastrcnn320/96p/cut3_913.pickle
79
COCO mAP: 0.08636963367462158
/home/wxz/Documents/pickle/fastrcnn320/96p/cut1_5283.pickle
80
COCO mAP: 0.09721122682094574
/home/wxz/Documents/pickle/fastrcnn320/96p/cut4_2501.pickle
81
COCO mAP: 0.1398559808731079
/home/wxz/Documents/pickle/fastrcnn320/96p/cut5_6737.pickle
82
COCO mAP: 0.12927863001823425
/home/wxz/Documents/pickle/fastrcnn320/96p/cut5_753.pickle
83
COCO mAP: 0.15508805215358734
/home/wxz/Documents/pickle/fastrcnn320/96p/cut7_145.pickle
84
COCO mAP: 0.4147714078426361
/home/wxz/Documents/pickle/fastrcnn320/96p/cut6_8677.pickle
85
COCO mAP: 0.20602372288703918
/home/wxz/Documents/pickle/fastrcnn320/96p/cut6_6648.pickle
86
COCO mAP: 0.2829672694206238
/home/wxz/Documents/pickle/fastrcnn320/96p/cut2_1243.pickle
87
COCO mAP: 0.37202244997024536
/home/wxz/Documents/pickle/fastrcnn320/96p/cut4_8428.pickle
88
COCO mAP: 0.22188980877399445
/home/wxz/Documents/pickle/fastrcnn320/96p/cut8_2611.pickle
89
COCO mAP: 0.05016501620411873
/home/wxz/Documents/pickle/fastrcnn320/96p/cut1_7989.pickle
90
COCO mAP: 0.06402326375246048
/home/wxz/Documents/pickle/fastrcnn320/96p/cut8_6600.pickle
91
COCO mAP: 0.2253393679857254
/home/wxz/Documents/pickle/fastrcnn320/96p/cut2_1542.pickle
92
COCO mAP: 0.06922442466020584
/home/wxz/Documents/pickle/fastrcnn320/96p/cut1_8224.pickle
93
COCO mAP: 0.07433600723743439
/home/wxz/Documents/pickle/fastrcnn320/96p/cut2_8419.pickle
94
COCO mAP: 0.4485445022583008
/home/wxz/Documents/pickle/fastrcnn320/96p/cut6_7260.pickle
95
COCO mAP: 0.23949286341667175
/home/wxz/Documents/pickle/fastrcnn320/96p/cut4_4421.pickle
96
COCO mAP: 0.20205894112586975
/home/wxz/Documents/pickle/fastrcnn320/96p/cut1_4843.pickle
97
COCO mAP: 0.2141169011592865
/home/wxz/Documents/pickle/fastrcnn320/96p/cut1_6508.pickle
98
COCO mAP: 0.06204620748758316
/home/wxz/Documents/pickle/fastrcnn320/96p/cut2_2278.pickle
99
COCO mAP: 0.1832866668701172
/home/wxz/Documents/pickle/fastrcnn320/96p/cut6_7005.pickle
100
COCO mAP: 0.2148289978504181
/home/wxz/Documents/pickle/fastrcnn320/96p/cut5_8257.pickle
101
COCO mAP: 0.21787557005882263
/home/wxz/Documents/pickle/fastrcnn320/96p/cut3_1905.pickle
102
COCO mAP: 0.21330690383911133
/home/wxz/Documents/pickle/fastrcnn320/96p/cut5_4113.pickle
103
COCO mAP: 0.09305516630411148
/home/wxz/Documents/pickle/fastrcnn320/96p/cut8_3311.pickle
104
COCO mAP: 0.20690946280956268
/home/wxz/Documents/pickle/fastrcnn320/96p/cut7_4005.pickle
105
COCO mAP: 0.17351339757442474
/home/wxz/Documents/pickle/fastrcnn320/96p/cut5_1905.pickle
106
COCO mAP: 0.32671308517456055
/home/wxz/Documents/pickle/fastrcnn320/96p/cut5_6353.pickle
107
COCO mAP: 0.10489760339260101
/home/wxz/Documents/pickle/fastrcnn320/96p/cut3_8609.pickle
108
COCO mAP: 0.18556104600429535
/home/wxz/Documents/pickle/fastrcnn320/96p/cut6_2289.pickle
109
COCO mAP: 0.3484684228897095
/home/wxz/Documents/pickle/fastrcnn320/96p/cut2_4532.pickle
110
COCO mAP: 0.22843590378761292
/home/wxz/Documents/pickle/fastrcnn320/96p/cut2_3313.pickle
111
COCO mAP: 0.15209099650382996
/home/wxz/Documents/pickle/fastrcnn320/96p/cut2_4210.pickle
112
COCO mAP: 0.2049199789762497
/home/wxz/Documents/pickle/fastrcnn320/96p/cut4_981.pickle
113
COCO mAP: 0.27258050441741943
/home/wxz/Documents/pickle/fastrcnn320/96p/cut8_2527.pickle
114
COCO mAP: 0.03333333507180214
/home/wxz/Documents/pickle/fastrcnn320/96p/cut5_1185.pickle
115
COCO mAP: 0.20180466771125793
/home/wxz/Documents/pickle/fastrcnn320/96p/cut8_6432.pickle
116
COCO mAP: 0.22681137919425964
/home/wxz/Documents/pickle/fastrcnn320/96p/cut6_3857.pickle
117
COCO mAP: 0.25622767210006714
/home/wxz/Documents/pickle/fastrcnn320/96p/cut7_8525.pickle
118
COCO mAP: 0.09366336464881897
/home/wxz/Documents/pickle/fastrcnn320/96p/cut6_1073.pickle
119
COCO mAP: 0.30832695960998535
/home/wxz/Documents/pickle/fastrcnn320/96p/cut8_3409.pickle
120
COCO mAP: 0.19576087594032288
/home/wxz/Documents/pickle/fastrcnn320/96p/cut2_714.pickle
121
COCO mAP: 0.22755169868469238
/home/wxz/Documents/pickle/fastrcnn320/96p/cut5_7457.pickle
122
COCO mAP: 0.30846524238586426
/home/wxz/Documents/pickle/fastrcnn320/96p/cut1_3262.pickle
123
COCO mAP: 0.019801979884505272
/home/wxz/Documents/pickle/fastrcnn320/96p/cut4_4301.pickle
124
COCO mAP: 0.2887348532676697
/home/wxz/Documents/pickle/fastrcnn320/96p/cut4_3121.pickle
125
COCO mAP: 0.11386288702487946
/home/wxz/Documents/pickle/fastrcnn320/96p/cut7_3905.pickle
126
COCO mAP: 0.2957920730113983
/home/wxz/Documents/pickle/fastrcnn320/96p/cut6_4513.pickle
127
COCO mAP: 0.23298117518424988
/home/wxz/Documents/pickle/fastrcnn320/96p/cut2_4693.pickle
128
COCO mAP: 0.2588014602661133
/home/wxz/Documents/pickle/fastrcnn320/96p/cut9_3137.pickle
129
COCO mAP: 0.22493574023246765
/home/wxz/Documents/pickle/fastrcnn320/96p/cut4_5201.pickle
130
COCO mAP: 0.1641419231891632
/home/wxz/Documents/pickle/fastrcnn320/96p/cut8_8714.pickle
131
COCO mAP: 0.18160143494606018
/home/wxz/Documents/pickle/fastrcnn320/96p/cut4_5701.pickle
132
COCO mAP: 0.1926921308040619
/home/wxz/Documents/pickle/fastrcnn320/96p/cut6_3521.pickle
133
COCO mAP: 0.3220134675502777
/home/wxz/Documents/pickle/fastrcnn320/96p/cut2_3221.pickle
134
COCO mAP: 0.42395228147506714
/home/wxz/Documents/pickle/fastrcnn320/96p/cut1_604.pickle
135
COCO mAP: 0.2801128625869751
/home/wxz/Documents/pickle/fastrcnn320/96p/cut6_4305.pickle
136
COCO mAP: 0.23284630477428436
/home/wxz/Documents/pickle/fastrcnn320/96p/cut9_4305.pickle
137
COCO mAP: 0.33920004963874817
/home/wxz/Documents/pickle/fastrcnn320/96p/cut3_4545.pickle
138
COCO mAP: 0.2315511703491211
/home/wxz/Documents/pickle/fastrcnn320/96p/cut8_800.pickle
139
COCO mAP: 0.3296460509300232
/home/wxz/Documents/pickle/fastrcnn320/96p/cut5_1809.pickle
140
COCO mAP: 0.25892430543899536
/home/wxz/Documents/pickle/fastrcnn320/96p/cut7_1963.pickle
141
COCO mAP: 0.19400522112846375
/home/wxz/Documents/pickle/fastrcnn320/96p/cut7_7345.pickle
142
COCO mAP: 0.2835000455379486
/home/wxz/Documents/pickle/fastrcnn320/96p/cut3_1217.pickle
143
COCO mAP: 0.20901787281036377
/home/wxz/Documents/pickle/fastrcnn320/96p/cut3_6769.pickle
144
COCO mAP: 0.19461123645305634
/home/wxz/Documents/pickle/fastrcnn320/96p/cut1_2110.pickle
145
COCO mAP: 0.3668766915798187
/home/wxz/Documents/pickle/fastrcnn320/96p/cut1_112.pickle
146
COCO mAP: 0.034331683069467545
/home/wxz/Documents/pickle/fastrcnn320/96p/cut2_5337.pickle
147
COCO mAP: 0.31247761845588684
/home/wxz/Documents/pickle/fastrcnn320/96p/cut1_430.pickle
148
COCO mAP: 0.039851486682891846
/home/wxz/Documents/pickle/fastrcnn320/96p/cut2_1496.pickle
149
COCO mAP: 0.06619828939437866
/home/wxz/Documents/pickle/fastrcnn320/96p/cut4_1201.pickle
150
COCO mAP: 0.1578451693058014
/home/wxz/Documents/pickle/fastrcnn320/96p/cut6_4145.pickle
151
COCO mAP: 0.30473604798316956
/home/wxz/Documents/pickle/fastrcnn320/96p/cut2_8005.pickle
152
COCO mAP: 0.2633216083049774
/home/wxz/Documents/pickle/fastrcnn320/96p/cut9_4113.pickle
153
COCO mAP: 0.3667716979980469
/home/wxz/Documents/pickle/fastrcnn320/96p/cut2_3842.pickle
154
COCO mAP: 0.12797895073890686
/home/wxz/Documents/pickle/fastrcnn320/96p/cut8_1000.pickle
155
COCO mAP: 0.2592446208000183
/home/wxz/Documents/pickle/fastrcnn320/96p/cut6_1297.pickle
156
COCO mAP: 0.25615978240966797
/home/wxz/Documents/pickle/fastrcnn320/96p/cut4_6646.pickle
157
COCO mAP: 0.2523486912250519
/home/wxz/Documents/pickle/fastrcnn320/96p/cut7_6825.pickle
158
COCO mAP: 0.25485700368881226
/home/wxz/Documents/pickle/fastrcnn320/96p/cut5_7873.pickle
159
COCO mAP: 0.28508251905441284
/home/wxz/Documents/pickle/fastrcnn320/96p/cut6_7309.pickle
160
COCO mAP: 0.25040698051452637
/home/wxz/Documents/pickle/fastrcnn320/96p/cut3_3953.pickle
161
COCO mAP: 0.23757107555866241
/home/wxz/Documents/pickle/fastrcnn320/96p/cut7_5745.pickle
162
COCO mAP: 0.15447799861431122
/home/wxz/Documents/pickle/fastrcnn320/96p/cut7_2705.pickle
163
COCO mAP: 0.2552598714828491
/home/wxz/Documents/pickle/fastrcnn320/96p/cut2_5245.pickle
164
COCO mAP: 0.25094297528266907
/home/wxz/Documents/pickle/fastrcnn320/96p/cut9_4401.pickle
165
COCO mAP: 0.2467486560344696
/home/wxz/Documents/pickle/fastrcnn320/96p/cut6_4049.pickle
166
COCO mAP: 0.43871909379959106
/home/wxz/Documents/pickle/fastrcnn320/96p/cut3_2113.pickle
167
COCO mAP: 0.3923945724964142
/home/wxz/Documents/pickle/fastrcnn320/96p/cut5_3009.pickle
168
COCO mAP: 0.2451530396938324
/home/wxz/Documents/pickle/fastrcnn320/96p/cut1_517.pickle
169
COCO mAP: 0.18592135608196259
/home/wxz/Documents/pickle/fastrcnn320/96p/cut5_6449.pickle
170
COCO mAP: 0.07132013142108917
/home/wxz/Documents/pickle/fastrcnn320/96p/cut3_1521.pickle
171
COCO mAP: 0.267558753490448
/home/wxz/Documents/pickle/fastrcnn320/96p/cut5_2001.pickle
172
COCO mAP: 0.20472931861877441
/home/wxz/Documents/pickle/fastrcnn320/96p/cut4_641.pickle
173
COCO mAP: 0.18952251970767975
/home/wxz/Documents/pickle/fastrcnn320/96p/cut2_5475.pickle
174
COCO mAP: 0.2882063388824463
/home/wxz/Documents/pickle/fastrcnn320/96p/cut7_241.pickle
175
COCO mAP: 0.216885045170784
/home/wxz/Documents/pickle/fastrcnn320/96p/cut3_6385.pickle
176
COCO mAP: 0.16050468385219574
/home/wxz/Documents/pickle/fastrcnn320/96p/cut1_5019.pickle
177
COCO mAP: 0.061338990926742554
/home/wxz/Documents/pickle/fastrcnn320/96p/cut1_1934.pickle
178
COCO mAP: 0.16737623512744904
/home/wxz/Documents/pickle/fastrcnn320/96p/cut6_2513.pickle
179
COCO mAP: 0.23424477875232697
/home/wxz/Documents/pickle/fastrcnn320/96p/cut7_5105.pickle
180
COCO mAP: 0.10533318668603897
/home/wxz/Documents/pickle/fastrcnn320/96p/cut7_8005.pickle
181
COCO mAP: 0.3149365782737732
/home/wxz/Documents/pickle/fastrcnn320/96p/cut8_6236.pickle
182
COCO mAP: 0.23107096552848816
/home/wxz/Documents/pickle/fastrcnn320/96p/cut8_113.pickle
183
COCO mAP: 0.2900172770023346
/home/wxz/Documents/pickle/fastrcnn320/96p/cut9_5953.pickle
184
COCO mAP: 0.20524021983146667
/home/wxz/Documents/pickle/fastrcnn320/96p/cut9_2705.pickle
185
COCO mAP: 0.34859544038772583
/home/wxz/Documents/pickle/fastrcnn320/96p/cut9_3521.pickle
186
COCO mAP: 0.25052371621131897
/home/wxz/Documents/pickle/fastrcnn320/96p/cut7_5345.pickle
187
COCO mAP: 0.15779773890972137
/home/wxz/Documents/pickle/fastrcnn320/96p/cut8_4207.pickle
188
COCO mAP: 0.08702485263347626
/home/wxz/Documents/pickle/fastrcnn320/96p/cut7_5865.pickle
189
COCO mAP: 0.12052806466817856
/home/wxz/Documents/pickle/fastrcnn320/96p/cut2_4003.pickle
190
COCO mAP: 0.1829005777835846
/home/wxz/Documents/pickle/fastrcnn320/96p/cut1_1758.pickle
191
COCO mAP: 0.10542496293783188
/home/wxz/Documents/pickle/fastrcnn320/96p/cut7_561.pickle
192
COCO mAP: 0.16226239502429962
/home/wxz/Documents/pickle/fastrcnn320/96p/cut3_1121.pickle
193
COCO mAP: 0.12233509123325348
/home/wxz/Documents/pickle/fastrcnn320/96p/cut8_6838.pickle
194
COCO mAP: 0.15922991931438446
/home/wxz/Documents/pickle/fastrcnn320/96p/cut3_8321.pickle
195
COCO mAP: 0.2909289300441742
/home/wxz/Documents/pickle/fastrcnn320/96p/cut7_3125.pickle
196
COCO mAP: 0.13604430854320526
/home/wxz/Documents/pickle/fastrcnn320/96p/cut3_4641.pickle
197
COCO mAP: 0.30879926681518555
/home/wxz/Documents/pickle/fastrcnn320/96p/cut8_1435.pickle
198
COCO mAP: 0.5257996916770935
/home/wxz/Documents/pickle/fastrcnn320/96p/cut1_1671.pickle
199
COCO mAP: 0.2044554501771927
/home/wxz/Documents/pickle/fastrcnn320/96p/cut6_5713.pickle
200
COCO mAP: 0.2926354706287384
/home/wxz/Documents/pickle/fastrcnn320/96p/cut4_4041.pickle
201
COCO mAP: 0.19438806176185608
/home/wxz/Documents/pickle/fastrcnn320/96p/cut4_5801.pickle
202
COCO mAP: 0.21576359868049622
/home/wxz/Documents/pickle/fastrcnn320/96p/cut3_6289.pickle
203
COCO mAP: 0.20287194848060608
/home/wxz/Documents/pickle/fastrcnn320/96p/cut9_1.pickle
204
COCO mAP: 0.027920793741941452
/home/wxz/Documents/pickle/fastrcnn320/96p/cut3_2833.pickle
205
COCO mAP: 0.11608803272247314
/home/wxz/Documents/pickle/fastrcnn320/96p/cut5_2305.pickle
206
COCO mAP: 0.23081433773040771
/home/wxz/Documents/pickle/fastrcnn320/96p/cut9_2417.pickle
207
COCO mAP: 0.3609398603439331
/home/wxz/Documents/pickle/fastrcnn320/96p/cut2_4463.pickle
208
COCO mAP: 0.19937868416309357
/home/wxz/Documents/pickle/fastrcnn320/96p/cut5_8161.pickle
209
COCO mAP: 0.2714536786079407
/home/wxz/Documents/pickle/fastrcnn320/96p/cut1_3611.pickle
210
COCO mAP: 0.12255322933197021
/home/wxz/Documents/pickle/fastrcnn320/96p/cut4_4601.pickle
211
COCO mAP: 0.1839464157819748
/home/wxz/Documents/pickle/fastrcnn320/96p/cut4_8536.pickle
212
COCO mAP: 0.12461932748556137
/home/wxz/Documents/pickle/fastrcnn320/96p/cut6_337.pickle
213
COCO mAP: 0.19674605131149292
/home/wxz/Documents/pickle/fastrcnn320/96p/cut6_7543.pickle
214
COCO mAP: 0.2107979953289032
/home/wxz/Documents/pickle/fastrcnn320/96p/cut2_1818.pickle
215
COCO mAP: 0.23852209746837616
/home/wxz/Documents/pickle/fastrcnn320/96p/cut4_5021.pickle
216
COCO mAP: 0.15180018544197083
/home/wxz/Documents/pickle/fastrcnn320/96p/cut4_7564.pickle
217
COCO mAP: 0.15432670712471008
/home/wxz/Documents/pickle/fastrcnn320/96p/cut4_5461.pickle
218
COCO mAP: 0.24557502567768097
/home/wxz/Documents/pickle/fastrcnn320/96p/cut8_7930.pickle
219
COCO mAP: 0.18792328238487244
/home/wxz/Documents/pickle/fastrcnn320/96p/cut5_7361.pickle
220
COCO mAP: 0.22810590267181396
/home/wxz/Documents/pickle/fastrcnn320/96p/cut6_1809.pickle
221
COCO mAP: 0.2824022173881531
/home/wxz/Documents/pickle/fastrcnn320/96p/cut5_337.pickle
222
COCO mAP: 0.15219691395759583
/home/wxz/Documents/pickle/fastrcnn320/96p/cut7_3785.pickle
223
COCO mAP: 0.1977442055940628
/home/wxz/Documents/pickle/fastrcnn320/96p/cut2_231.pickle
224
COCO mAP: 0.2769114077091217
/home/wxz/Documents/pickle/fastrcnn320/96p/cut9_5265.pickle
225
COCO mAP: 0.26269999146461487
/home/wxz/Documents/pickle/fastrcnn320/96p/cut7_6065.pickle
226
COCO mAP: 0.09185365587472916
/home/wxz/Documents/pickle/fastrcnn320/96p/cut3_6673.pickle
227
COCO mAP: 0.28088995814323425
/home/wxz/Documents/pickle/fastrcnn320/96p/cut7_1585.pickle
228
COCO mAP: 0.26480230689048767
/home/wxz/Documents/pickle/fastrcnn320/96p/cut1_4051.pickle
229
COCO mAP: 0.19632652401924133
/home/wxz/Documents/pickle/fastrcnn320/96p/cut4_1081.pickle
230
COCO mAP: 0.06653465330600739
/home/wxz/Documents/pickle/fastrcnn320/96p/cut2_5682.pickle
231
COCO mAP: 0.2094271183013916
/home/wxz/Documents/pickle/fastrcnn320/96p/cut7_5225.pickle
232
COCO mAP: 0.15986809134483337
/home/wxz/Documents/pickle/fastrcnn320/96p/cut7_6405.pickle
233
COCO mAP: 0.2991343140602112
/home/wxz/Documents/pickle/fastrcnn320/96p/cut8_7230.pickle
234
COCO mAP: 0.14006468653678894
/home/wxz/Documents/pickle/fastrcnn320/96p/cut6_3953.pickle
235
COCO mAP: 0.31534281373023987
/home/wxz/Documents/pickle/fastrcnn320/96p/cut6_1393.pickle
236
COCO mAP: 0.13628949224948883
/home/wxz/Documents/pickle/fastrcnn320/96p/cut1_1053.pickle
237
COCO mAP: 0.24517932534217834
/home/wxz/Documents/pickle/fastrcnn320/96p/cut1_1228.pickle
238
COCO mAP: 0.16346535086631775
/home/wxz/Documents/pickle/fastrcnn320/96p/cut4_8644.pickle
239
COCO mAP: 0.39543211460113525
/home/wxz/Documents/pickle/fastrcnn320/96p/cut6_3713.pickle
240
COCO mAP: 0.2718997597694397
/home/wxz/Documents/pickle/fastrcnn320/96p/cut1_4315.pickle
241
COCO mAP: 0.27589061856269836
/home/wxz/Documents/pickle/fastrcnn320/96p/cut2_7177.pickle
242
COCO mAP: 0.3079533278942108
/home/wxz/Documents/pickle/fastrcnn320/96p/cut6_2849.pickle
243
COCO mAP: 0.1828610599040985
/home/wxz/Documents/pickle/fastrcnn320/96p/cut6_6036.pickle
244
COCO mAP: 0.3065781891345978
/home/wxz/Documents/pickle/fastrcnn320/96p/cut7_385.pickle
245
COCO mAP: 0.2065148800611496
/home/wxz/Documents/pickle/fastrcnn320/96p/cut1_4501.pickle
246
COCO mAP: 0.2536916732788086
/home/wxz/Documents/pickle/fastrcnn320/96p/cut3_5505.pickle
247
COCO mAP: 0.1882425844669342
/home/wxz/Documents/pickle/fastrcnn320/96p/cut3_8993.pickle
248
COCO mAP: 0.30153971910476685
/home/wxz/Documents/pickle/fastrcnn320/96p/cut3_8225.pickle
249
COCO mAP: 0.26078158617019653
/home/wxz/Documents/pickle/fastrcnn320/96p/cut1_7754.pickle
250
COCO mAP: 0.04554455354809761
/home/wxz/Documents/pickle/fastrcnn320/96p/cut3_3073.pickle
251
COCO mAP: 0.2623501420021057
/home/wxz/Documents/pickle/fastrcnn320/96p/cut1_1404.pickle
252
COCO mAP: 0.19137787818908691
/home/wxz/Documents/pickle/fastrcnn320/96p/cut7_6505.pickle
253
COCO mAP: 0.07610560953617096
/home/wxz/Documents/pickle/fastrcnn320/96p/cut4_6021.pickle
254
COCO mAP: 0.17289330065250397
/home/wxz/Documents/pickle/fastrcnn320/96p/cut4_821.pickle
255
COCO mAP: 0.15566663444042206
/home/wxz/Documents/pickle/fastrcnn320/96p/cut9_5361.pickle
256
COCO mAP: 0.24293220043182373
/home/wxz/Documents/pickle/fastrcnn320/96p/cut1_7139.pickle
257
COCO mAP: 0.09969022125005722
/home/wxz/Documents/pickle/fastrcnn320/96p/cut8_3829.pickle
258
COCO mAP: 0.1902160495519638
/home/wxz/Documents/pickle/fastrcnn320/96p/cut1_8114.pickle
259
COCO mAP: 0.15580150485038757
/home/wxz/Documents/pickle/fastrcnn320/96p/cut3_6961.pickle
260
COCO mAP: 0.19448497891426086
/home/wxz/Documents/pickle/fastrcnn320/96p/cut5_4209.pickle
261
COCO mAP: 0.18064454197883606
/home/wxz/Documents/pickle/fastrcnn320/96p/cut1_7004.pickle
262
COCO mAP: 0.009240923449397087
/home/wxz/Documents/pickle/fastrcnn320/96p/cut5_5809.pickle
263
COCO mAP: 0.24000640213489532
/home/wxz/Documents/pickle/fastrcnn320/96p/cut1_7524.pickle
264
COCO mAP: 0.1259736269712448
/home/wxz/Documents/pickle/fastrcnn320/96p/cut8_3507.pickle
265
COCO mAP: 0.18722698092460632
/home/wxz/Documents/pickle/fastrcnn320/96p/cut8_6922.pickle
266
COCO mAP: 0.12132687866687775
/home/wxz/Documents/pickle/fastrcnn320/96p/cut1_4758.pickle
267
COCO mAP: 0.2709208130836487
/home/wxz/Documents/pickle/fastrcnn320/96p/cut7_2965.pickle
268
COCO mAP: 0.1281188279390335
/home/wxz/Documents/pickle/fastrcnn320/96p/cut1_6332.pickle
269
COCO mAP: 0.2378614842891693
/home/wxz/Documents/pickle/fastrcnn320/96p/cut3_337.pickle
270
COCO mAP: 0.23521330952644348
/home/wxz/Documents/pickle/fastrcnn320/96p/cut8_4123.pickle
271
COCO mAP: 0.15589624643325806
/home/wxz/Documents/pickle/fastrcnn320/96p/cut7_3845.pickle
272
COCO mAP: 0.20738497376441956
/home/wxz/Documents/pickle/fastrcnn320/96p/cut3_7201.pickle
273
COCO mAP: 0.0625176802277565
/home/wxz/Documents/pickle/fastrcnn320/96p/cut9_3425.pickle
274
COCO mAP: 0.011881188489496708
/home/wxz/Documents/pickle/fastrcnn320/96p/cut5_8449.pickle
275
COCO mAP: 0.29683825373649597
/home/wxz/Documents/pickle/fastrcnn320/96p/cut2_2094.pickle
276
COCO mAP: 0.18743930757045746
/home/wxz/Documents/pickle/fastrcnn320/96p/cut4_1321.pickle
277
COCO mAP: 0.24418966472148895
/home/wxz/Documents/pickle/fastrcnn320/96p/cut8_5704.pickle
278
COCO mAP: 0.14236672222614288
/home/wxz/Documents/pickle/fastrcnn320/96p/cut9_2609.pickle
279
COCO mAP: 0.5174275636672974
/home/wxz/Documents/pickle/fastrcnn320/96p/cut4_6754.pickle
280
COCO mAP: 0.1606673151254654
/home/wxz/Documents/pickle/fastrcnn320/96p/cut3_2929.pickle
281
COCO mAP: 0.19736263155937195
/home/wxz/Documents/pickle/fastrcnn320/96p/cut2_4141.pickle
282
COCO mAP: 0.27583077549934387
/home/wxz/Documents/pickle/fastrcnn320/96p/cut6_3233.pickle
283
COCO mAP: 0.23830604553222656
/home/wxz/Documents/pickle/fastrcnn320/96p/cut3_6481.pickle
284
COCO mAP: 0.18899300694465637
/home/wxz/Documents/pickle/fastrcnn320/96p/cut7_2525.pickle
285
COCO mAP: 0.17133142054080963
/home/wxz/Documents/pickle/fastrcnn320/96p/cut8_1337.pickle
286
COCO mAP: 0.24337001144886017
/home/wxz/Documents/pickle/fastrcnn320/96p/cut7_1693.pickle
287
COCO mAP: 0.16752074658870697
/home/wxz/Documents/pickle/fastrcnn320/96p/cut5_561.pickle
288
COCO mAP: 0.09795818477869034
/home/wxz/Documents/pickle/fastrcnn320/96p/cut1_7314.pickle
289
COCO mAP: 0.04653465002775192
/home/wxz/Documents/pickle/fastrcnn320/96p/cut4_6916.pickle
290
COCO mAP: 0.1949465125799179
/home/wxz/Documents/pickle/fastrcnn320/96p/cut6_2145.pickle
291
COCO mAP: 0.3052155375480652
/home/wxz/Documents/pickle/fastrcnn320/96p/cut5_193.pickle
292
COCO mAP: 0.10363142192363739
/home/wxz/Documents/pickle/fastrcnn320/96p/cut6_8569.pickle
293
COCO mAP: 0.20385169982910156
/home/wxz/Documents/pickle/fastrcnn320/96p/cut5_5505.pickle
294
COCO mAP: 0.29307809472084045
/home/wxz/Documents/pickle/fastrcnn320/96p/cut1_7254.pickle
295
COCO mAP: 0.13913248479366302
/home/wxz/Documents/pickle/fastrcnn320/96p/cut2_2554.pickle
296
COCO mAP: 0.13274748623371124
/home/wxz/Documents/pickle/fastrcnn320/96p/cut8_4039.pickle
297
COCO mAP: 0.08897139877080917
/home/wxz/Documents/pickle/fastrcnn320/96p/cut9_3921.pickle
298
COCO mAP: 0.18278995156288147
/home/wxz/Documents/pickle/fastrcnn320/96p/cut7_4505.pickle
299
COCO mAP: 0.21187743544578552
/home/wxz/Documents/pickle/fastrcnn320/96p/cut4_8992.pickle
300
COCO mAP: 0.3256058096885681
/home/wxz/Documents/pickle/fastrcnn320/96p/cut6_4721.pickle
301
COCO mAP: 0.31403282284736633
/home/wxz/Documents/pickle/fastrcnn320/96p/cut7_6945.pickle
302
COCO mAP: 0.36786919832229614
/home/wxz/Documents/pickle/fastrcnn320/96p/cut2_3405.pickle
303
COCO mAP: 0.18719162046909332
/home/wxz/Documents/pickle/fastrcnn320/96p/cut2_8672.pickle
304
COCO mAP: 0.2852528393268585
/home/wxz/Documents/pickle/fastrcnn320/96p/cut1_3876.pickle
305
COCO mAP: 0.13898789882659912
/home/wxz/Documents/pickle/fastrcnn320/96p/cut9_529.pickle
306
COCO mAP: 0.3700804114341736
/home/wxz/Documents/pickle/fastrcnn320/96p/cut9_2945.pickle
307
COCO mAP: 0.20232148468494415
/home/wxz/Documents/pickle/fastrcnn320/96p/cut4_3561.pickle
308
COCO mAP: 0.28018927574157715
/home/wxz/Documents/pickle/fastrcnn320/96p/cut4_6574.pickle
309
COCO mAP: 0.23019278049468994
/home/wxz/Documents/pickle/fastrcnn320/96p/cut9_2129.pickle
310
COCO mAP: 0.5247820615768433
/home/wxz/Documents/pickle/fastrcnn320/96p/cut9_2513.pickle
311
COCO mAP: 0.15399083495140076
/home/wxz/Documents/pickle/fastrcnn320/96p/cut3_3441.pickle
312
COCO mAP: 0.24574752151966095
/home/wxz/Documents/pickle/fastrcnn320/96p/cut3_7409.pickle
313
COCO mAP: 0.14175978302955627
/home/wxz/Documents/pickle/fastrcnn320/96p/cut7_1201.pickle
314
COCO mAP: 0.1640438288450241
/home/wxz/Documents/pickle/fastrcnn320/96p/cut2_1772.pickle
315
COCO mAP: 0.19465374946594238
/home/wxz/Documents/pickle/fastrcnn320/96p/cut1_966.pickle
316
COCO mAP: 0.13017551600933075
/home/wxz/Documents/pickle/fastrcnn320/96p/cut1_2732.pickle
317
COCO mAP: 0.05297029763460159
/home/wxz/Documents/pickle/fastrcnn320/96p/cut7_8405.pickle
318
COCO mAP: 0.36324742436408997
/home/wxz/Documents/pickle/fastrcnn320/96p/cut3_257.pickle
319
COCO mAP: 0.2805134654045105
/home/wxz/Documents/pickle/fastrcnn320/96p/cut9_6241.pickle
320
COCO mAP: 0.20858237147331238
/home/wxz/Documents/pickle/fastrcnn320/96p/cut1_3964.pickle
321
COCO mAP: 0.10468646138906479
/home/wxz/Documents/pickle/fastrcnn320/96p/cut7_7885.pickle
322
COCO mAP: 0.2485334575176239
/home/wxz/Documents/pickle/fastrcnn320/96p/cut5_4785.pickle
323
COCO mAP: 0.10377724468708038
/home/wxz/Documents/pickle/fastrcnn320/96p/cut4_1141.pickle
324
COCO mAP: 0.30631762742996216
/home/wxz/Documents/pickle/fastrcnn320/96p/cut6_4913.pickle
325
COCO mAP: 0.33420878648757935
/home/wxz/Documents/pickle/fastrcnn320/96p/cut4_2441.pickle
326
COCO mAP: 0.17181067168712616
/home/wxz/Documents/pickle/fastrcnn320/96p/cut1_2645.pickle
327
COCO mAP: 0.07432493567466736
/home/wxz/Documents/pickle/fastrcnn320/96p/cut9_5025.pickle
328
COCO mAP: 0.23964424431324005
/home/wxz/Documents/pickle/fastrcnn320/96p/cut7_7605.pickle
329
COCO mAP: 0.3092770278453827
/home/wxz/Documents/pickle/fastrcnn320/96p/cut3_1329.pickle
330
COCO mAP: 0.15534353256225586
/home/wxz/Documents/pickle/fastrcnn320/96p/cut3_1025.pickle
331
COCO mAP: 0.14605391025543213
/home/wxz/Documents/pickle/fastrcnn320/96p/cut7_8325.pickle
332
COCO mAP: 0.33982911705970764
/home/wxz/Documents/pickle/fastrcnn320/96p/cut5_8065.pickle
333
COCO mAP: 0.2996155023574829
/home/wxz/Documents/pickle/fastrcnn320/96p/cut1_3002.pickle
334
COCO mAP: 0.03352585434913635
/home/wxz/Documents/pickle/fastrcnn320/96p/cut7_2645.pickle
335
COCO mAP: 0.1156020313501358
/home/wxz/Documents/pickle/fastrcnn320/96p/cut7_1265.pickle
336
COCO mAP: 0.18838435411453247
/home/wxz/Documents/pickle/fastrcnn320/96p/cut8_702.pickle
337
COCO mAP: 0.39713549613952637
/home/wxz/Documents/pickle/fastrcnn320/96p/cut8_7006.pickle
338
COCO mAP: 0.14768867194652557
/home/wxz/Documents/pickle/fastrcnn320/96p/cut5_7633.pickle
339
COCO mAP: 0.25147002935409546
/home/wxz/Documents/pickle/fastrcnn320/96p/cut4_8104.pickle
340
COCO mAP: 0.15499469637870789
/home/wxz/Documents/pickle/fastrcnn320/96p/cut5_8737.pickle
341
COCO mAP: 0.19856229424476624
/home/wxz/Documents/pickle/fastrcnn320/96p/cut3_1713.pickle
342
COCO mAP: 0.1818363517522812
/home/wxz/Documents/pickle/fastrcnn320/96p/cut3_5713.pickle
343
COCO mAP: 0.19912542402744293
/home/wxz/Documents/pickle/fastrcnn320/96p/cut4_5601.pickle
344
COCO mAP: 0.19294875860214233
/home/wxz/Documents/pickle/fastrcnn320/96p/cut1_5889.pickle
345
COCO mAP: 0.07227722555398941
/home/wxz/Documents/pickle/fastrcnn320/96p/cut9_913.pickle
346
COCO mAP: 0.3885425627231598
/home/wxz/Documents/pickle/fastrcnn320/96p/cut5_6833.pickle
347
COCO mAP: 0.1524956226348877
/home/wxz/Documents/pickle/fastrcnn320/96p/cut6_721.pickle
348
COCO mAP: 0.12857142090797424
/home/wxz/Documents/pickle/fastrcnn320/96p/cut3_7841.pickle
349
COCO mAP: 0.11402195692062378
/home/wxz/Documents/pickle/fastrcnn320/96p/cut7_7065.pickle
350
COCO mAP: 0.14076842367649078
/home/wxz/Documents/pickle/fastrcnn320/96p/cut3_7057.pickle
351
COCO mAP: 0.15777269005775452
/home/wxz/Documents/pickle/fastrcnn320/96p/cut4_7780.pickle
352
COCO mAP: 0.20538827776908875
/home/wxz/Documents/pickle/fastrcnn320/96p/cut4_2621.pickle
353
COCO mAP: 0.2809727191925049
/home/wxz/Documents/pickle/fastrcnn320/96p/cut5_7537.pickle
354
COCO mAP: 0.4380168318748474
/home/wxz/Documents/pickle/fastrcnn320/96p/cut5_8641.pickle
355
COCO mAP: 0.26475244760513306
/home/wxz/Documents/pickle/fastrcnn320/96p/cut8_3955.pickle
356
COCO mAP: 0.1488208770751953
/home/wxz/Documents/pickle/fastrcnn320/96p/cut2_1634.pickle
357
COCO mAP: 0.14121286571025848
/home/wxz/Documents/pickle/fastrcnn320/96p/cut5_1425.pickle
358
COCO mAP: 0.3312305808067322
/home/wxz/Documents/pickle/fastrcnn320/96p/cut1_8939.pickle
359
COCO mAP: 0.161264568567276
/home/wxz/Documents/pickle/fastrcnn320/96p/cut2_2922.pickle
360
COCO mAP: 0.21104243397712708
/home/wxz/Documents/pickle/fastrcnn320/96p/cut8_7328.pickle
361
COCO mAP: 0.17584608495235443
/home/wxz/Documents/pickle/fastrcnn320/96p/cut8_2821.pickle
362
COCO mAP: 0.08736273646354675
/home/wxz/Documents/pickle/fastrcnn320/96p/cut8_5312.pickle
363
COCO mAP: 0.3432188630104065
/home/wxz/Documents/pickle/fastrcnn320/96p/cut1_1140.pickle
364
COCO mAP: 0.42983922362327576
/home/wxz/Documents/pickle/fastrcnn320/96p/cut4_2721.pickle
365
COCO mAP: 0.1865212470293045
/home/wxz/Documents/pickle/fastrcnn320/96p/cut7_481.pickle
366
COCO mAP: 0.18312673270702362
/home/wxz/Documents/pickle/fastrcnn320/96p/cut7_8105.pickle
367
COCO mAP: 0.22846455872058868
/home/wxz/Documents/pickle/fastrcnn320/96p/cut8_6726.pickle
368
COCO mAP: 0.14048674702644348
/home/wxz/Documents/pickle/fastrcnn320/96p/cut5_289.pickle
369
COCO mAP: 0.1459498554468155
/home/wxz/Documents/pickle/fastrcnn320/96p/cut9_1601.pickle
370
COCO mAP: 0.24006351828575134
/home/wxz/Documents/pickle/fastrcnn320/96p/cut9_1409.pickle
371
COCO mAP: 0.3013186454772949
/home/wxz/Documents/pickle/fastrcnn320/96p/cut9_1201.pickle
372
COCO mAP: 0.28612837195396423
/home/wxz/Documents/pickle/fastrcnn320/96p/cut5_6257.pickle
373
COCO mAP: 0.26459431648254395
/home/wxz/Documents/pickle/fastrcnn320/96p/cut9_625.pickle
374
COCO mAP: 0.48343905806541443
/home/wxz/Documents/pickle/fastrcnn320/96p/cut8_8462.pickle
375
COCO mAP: 0.18383066356182098
/home/wxz/Documents/pickle/fastrcnn320/96p/cut8_8014.pickle
376
COCO mAP: 0.2033044546842575
/home/wxz/Documents/pickle/fastrcnn320/96p/cut3_5409.pickle
377
COCO mAP: 0.15554454922676086
/home/wxz/Documents/pickle/fastrcnn320/96p/cut2_507.pickle
378
COCO mAP: 0.3665938079357147
/home/wxz/Documents/pickle/fastrcnn320/96p/cut2_2485.pickle
379
COCO mAP: 0.1660148650407791
/home/wxz/Documents/pickle/fastrcnn320/96p/cut6_5313.pickle
380
COCO mAP: 0.24030861258506775
/home/wxz/Documents/pickle/fastrcnn320/96p/cut3_3313.pickle
381
COCO mAP: 0.22066977620124817
/home/wxz/Documents/pickle/fastrcnn320/96p/cut5_6545.pickle
382
COCO mAP: 0.296825647354126
/home/wxz/Documents/pickle/fastrcnn320/96p/cut3_5025.pickle
383
COCO mAP: 0.3131101727485657
/home/wxz/Documents/pickle/fastrcnn320/96p/cut8_1113.pickle
384
COCO mAP: 0.21857397258281708
/home/wxz/Documents/pickle/fastrcnn320/96p/cut3_8033.pickle
385
COCO mAP: 0.2915121912956238
/home/wxz/Documents/pickle/fastrcnn320/96p/cut4_2841.pickle
386
COCO mAP: 0.09760704636573792
/home/wxz/Documents/pickle/fastrcnn320/96p/cut3_5217.pickle
387
COCO mAP: 0.11881659179925919
/home/wxz/Documents/pickle/fastrcnn320/96p/cut2_2715.pickle
388
COCO mAP: 0.37658584117889404
/home/wxz/Documents/pickle/fastrcnn320/96p/cut6_7453.pickle
389
COCO mAP: 0.24530062079429626
/home/wxz/Documents/pickle/fastrcnn320/96p/cut6_817.pickle
390
COCO mAP: 0.23651745915412903
/home/wxz/Documents/pickle/fastrcnn320/96p/cut3_2737.pickle
391
COCO mAP: 0.07680068165063858
/home/wxz/Documents/pickle/fastrcnn320/96p/cut7_2885.pickle
392
COCO mAP: 0.17088855803012848
/home/wxz/Documents/pickle/fastrcnn320/96p/cut5_3441.pickle
393
COCO mAP: 0.3690449595451355
/home/wxz/Documents/pickle/fastrcnn320/96p/cut1_7644.pickle
394
COCO mAP: 0.10530252754688263
/home/wxz/Documents/pickle/fastrcnn320/96p/cut3_5809.pickle
395
COCO mAP: 0.21746544539928436
/home/wxz/Documents/pickle/fastrcnn320/96p/cut8_7804.pickle
396
COCO mAP: 0.34213393926620483
/home/wxz/Documents/pickle/fastrcnn320/96p/cut3_5601.pickle
397
COCO mAP: 0.2878166437149048
/home/wxz/Documents/pickle/fastrcnn320/96p/cut5_7073.pickle
398
COCO mAP: 0.05303313583135605
/home/wxz/Documents/pickle/fastrcnn320/96p/cut9_6305.pickle
399
COCO mAP: 0.19275213778018951
/home/wxz/Documents/pickle/fastrcnn320/96p/cut3_8129.pickle
400
COCO mAP: 0.2600004971027374
/home/wxz/Documents/pickle/fastrcnn320/96p/cut5_4545.pickle
401
COCO mAP: 0.10097634792327881
/home/wxz/Documents/pickle/fastrcnn320/96p/cut7_3425.pickle
402
COCO mAP: 0.20797324180603027
/home/wxz/Documents/pickle/fastrcnn320/96p/cut3_8513.pickle
403
COCO mAP: 0.19305919110774994
/home/wxz/Documents/pickle/fastrcnn320/96p/cut8_506.pickle
404
COCO mAP: 0.21588626503944397
/home/wxz/Documents/pickle/fastrcnn320/96p/cut2_5912.pickle
405
COCO mAP: 0.2297322005033493
/home/wxz/Documents/pickle/fastrcnn320/96p/cut5_2545.pickle
406
COCO mAP: 0.1135079637169838
/home/wxz/Documents/pickle/fastrcnn320/96p/cut3_4209.pickle
407
COCO mAP: 0.2078838348388672
/home/wxz/Documents/pickle/fastrcnn320/96p/cut6_8029.pickle
408
COCO mAP: 0.3417101502418518
/home/wxz/Documents/pickle/fastrcnn320/96p/cut8_7510.pickle
409
COCO mAP: 0.25586891174316406
/home/wxz/Documents/pickle/fastrcnn320/96p/cut3_2001.pickle
410
COCO mAP: 0.16269108653068542
/home/wxz/Documents/pickle/fastrcnn320/96p/cut3_7937.pickle
411
COCO mAP: 0.37278637290000916
/home/wxz/Documents/pickle/fastrcnn320/96p/cut3_705.pickle
412
COCO mAP: 0.14550131559371948
/home/wxz/Documents/pickle/fastrcnn320/96p/cut4_2241.pickle
413
COCO mAP: 0.21404513716697693
/home/wxz/Documents/pickle/fastrcnn320/96p/cut2_7522.pickle
414
COCO mAP: 0.3108716607093811
/home/wxz/Documents/pickle/fastrcnn320/96p/cut2_8879.pickle
415
COCO mAP: 0.3267067074775696
/home/wxz/Documents/pickle/fastrcnn320/96p/cut9_4017.pickle
416
COCO mAP: 0.5889436602592468
/home/wxz/Documents/pickle/fastrcnn320/96p/cut3_3857.pickle
417
COCO mAP: 0.2632708251476288
/home/wxz/Documents/pickle/fastrcnn320/96p/cut5_4641.pickle
418
COCO mAP: 0.10472653806209564
/home/wxz/Documents/pickle/fastrcnn320/96p/cut4_7024.pickle
419
COCO mAP: 0.1485218107700348
/home/wxz/Documents/pickle/fastrcnn320/96p/cut5_5713.pickle
420
COCO mAP: 0.22570642828941345
/home/wxz/Documents/pickle/fastrcnn320/96p/cut5_1377.pickle
421
COCO mAP: 0.321735680103302
/home/wxz/Documents/pickle/fastrcnn320/96p/cut7_3545.pickle
422
COCO mAP: 0.19600829482078552
/home/wxz/Documents/pickle/fastrcnn320/96p/cut5_3105.pickle
423
COCO mAP: 0.40331172943115234
/home/wxz/Documents/pickle/fastrcnn320/96p/cut1_4671.pickle
424
COCO mAP: 0.19750696420669556
/home/wxz/Documents/pickle/fastrcnn320/96p/cut4_6293.pickle
425
COCO mAP: 0.3705536425113678
/home/wxz/Documents/pickle/fastrcnn320/96p/cut9_2033.pickle
426
COCO mAP: 0.4284873604774475
/home/wxz/Documents/pickle/fastrcnn320/96p/cut9_4913.pickle
427
COCO mAP: 0.14422442018985748
/home/wxz/Documents/pickle/fastrcnn320/96p/cut5_1713.pickle
428
COCO mAP: 0.24460482597351074
/home/wxz/Documents/pickle/fastrcnn320/96p/cut8_8602.pickle
429
COCO mAP: 0.21539601683616638
/home/wxz/Documents/pickle/fastrcnn320/96p/cut1_2908.pickle
430
COCO mAP: 0.03432343155145645
/home/wxz/Documents/pickle/fastrcnn320/96p/cut8_4431.pickle
431
COCO mAP: 0.15981118381023407
/home/wxz/Documents/pickle/fastrcnn320/96p/cut3_1633.pickle
432
COCO mAP: 0.20911423861980438
/home/wxz/Documents/pickle/fastrcnn320/96p/cut5_3633.pickle
433
COCO mAP: 0.24376311898231506
/home/wxz/Documents/pickle/fastrcnn320/96p/cut3_609.pickle
434
COCO mAP: 0.35168972611427307
/home/wxz/Documents/pickle/fastrcnn320/96p/cut3_417.pickle
435
COCO mAP: 0.19919651746749878
/home/wxz/Documents/pickle/fastrcnn320/96p/cut2_3704.pickle
436
COCO mAP: 0.12576192617416382
/home/wxz/Documents/pickle/fastrcnn320/96p/cut4_461.pickle
437
COCO mAP: 0.2174740731716156
/home/wxz/Documents/pickle/fastrcnn320/96p/cut2_7361.pickle
438
COCO mAP: 0.20533104240894318
/home/wxz/Documents/pickle/fastrcnn320/96p/cut8_1827.pickle
439
COCO mAP: 0.2544688582420349
/home/wxz/Documents/pickle/fastrcnn320/96p/cut2_8603.pickle
440
COCO mAP: 0.2923676371574402
/home/wxz/Documents/pickle/fastrcnn320/96p/cut8_2331.pickle
441
COCO mAP: 0.11314179748296738
/home/wxz/Documents/pickle/fastrcnn320/96p/cut7_2145.pickle
442
COCO mAP: 0.25159355998039246
/home/wxz/Documents/pickle/fastrcnn320/96p/cut9_6145.pickle
443
COCO mAP: 0.21976526081562042
/home/wxz/Documents/pickle/fastrcnn320/96p/cut2_3106.pickle
444
COCO mAP: 0.14864948391914368
/home/wxz/Documents/pickle/fastrcnn320/96p/cut3_6001.pickle
445
COCO mAP: 0.1443672478199005
/home/wxz/Documents/pickle/fastrcnn320/96p/cut3_1809.pickle
446
COCO mAP: 0.13447193801403046
/home/wxz/Documents/pickle/fastrcnn320/96p/cut1_8319.pickle
447
COCO mAP: 0.11977370083332062
/home/wxz/Documents/pickle/fastrcnn320/96p/cut6_193.pickle
448
COCO mAP: 0.37255802750587463
/home/wxz/Documents/pickle/fastrcnn320/96p/cut1_1846.pickle
449
COCO mAP: 0.06270626932382584
/home/wxz/Documents/pickle/fastrcnn320/96p/cut6_8785.pickle
450
COCO mAP: 0.32555723190307617
/home/wxz/Documents/pickle/fastrcnn320/96p/cut9_5409.pickle
451
COCO mAP: 0.2198425829410553
/home/wxz/Documents/pickle/fastrcnn320/96p/cut5_657.pickle
452
COCO mAP: 0.13134929537773132
/home/wxz/Documents/pickle/fastrcnn320/96p/cut6_8353.pickle
453
COCO mAP: 0.4076237082481384
/home/wxz/Documents/pickle/fastrcnn320/96p/cut8_8924.pickle
454
COCO mAP: 0.22970294952392578
/home/wxz/Documents/pickle/fastrcnn320/96p/cut6_5934.pickle
455
COCO mAP: 0.2961798906326294
/home/wxz/Documents/pickle/fastrcnn320/96p/cut3_8417.pickle
456
COCO mAP: 0.11647059768438339
/home/wxz/Documents/pickle/fastrcnn320/96p/cut4_8068.pickle
457
COCO mAP: 0.13141483068466187
/home/wxz/Documents/pickle/fastrcnn320/96p/cut9_1105.pickle
458
COCO mAP: 0.35602062940597534
/home/wxz/Documents/pickle/fastrcnn320/96p/cut7_8825.pickle
459
COCO mAP: 0.2622595727443695
/home/wxz/Documents/pickle/fastrcnn320/96p/cut2_3612.pickle
460
COCO mAP: 0.09179987013339996
/home/wxz/Documents/pickle/fastrcnn320/96p/cut6_3041.pickle
461
COCO mAP: 0.43025678396224976
/home/wxz/Documents/pickle/fastrcnn320/96p/cut7_4425.pickle
462
COCO mAP: 0.16400228440761566
/home/wxz/Documents/pickle/fastrcnn320/96p/cut7_6705.pickle
463
COCO mAP: 0.15596599876880646
/home/wxz/Documents/pickle/fastrcnn320/96p/cut9_209.pickle
464
COCO mAP: 0.2964698374271393
/home/wxz/Documents/pickle/fastrcnn320/96p/cut4_261.pickle
465
COCO mAP: 0.21146073937416077
/home/wxz/Documents/pickle/fastrcnn320/96p/cut4_3401.pickle
466
COCO mAP: 0.18743126094341278
/home/wxz/Documents/pickle/fastrcnn320/96p/cut3_3217.pickle
467
COCO mAP: 0.1600300669670105
/home/wxz/Documents/pickle/fastrcnn320/96p/cut9_4641.pickle
468
COCO mAP: 0.38118457794189453
/home/wxz/Documents/pickle/fastrcnn320/96p/cut7_6365.pickle
469
COCO mAP: 0.2542857527732849
/home/wxz/Documents/pickle/fastrcnn320/96p/cut4_3241.pickle
470
COCO mAP: 0.11189553886651993
/home/wxz/Documents/pickle/fastrcnn320/96p/cut8_8546.pickle
471
COCO mAP: 0.17885038256645203
/home/wxz/Documents/pickle/fastrcnn320/96p/cut8_8840.pickle
472
COCO mAP: 0.2659406065940857
/home/wxz/Documents/pickle/fastrcnn320/96p/cut3_7505.pickle
473
COCO mAP: 0.3253457248210907
/home/wxz/Documents/pickle/fastrcnn320/96p/cut5_7969.pickle
474
COCO mAP: 0.30705857276916504
/home/wxz/Documents/pickle/fastrcnn320/96p/cut4_7258.pickle
475
COCO mAP: 0.14826473593711853
/home/wxz/Documents/pickle/fastrcnn320/96p/cut4_1801.pickle
476
COCO mAP: 0.327542245388031
/home/wxz/Documents/pickle/fastrcnn320/96p/cut7_4845.pickle
477
COCO mAP: 0.11983846127986908
/home/wxz/Documents/pickle/fastrcnn320/96p/cut6_8137.pickle
478
COCO mAP: 0.31515905261039734
/home/wxz/Documents/pickle/fastrcnn320/96p/cut4_761.pickle
479
COCO mAP: 0.26497215032577515
/home/wxz/Documents/pickle/fastrcnn320/96p/cut2_8925.pickle
480
COCO mAP: 0.20599952340126038
/home/wxz/Documents/pickle/fastrcnn320/96p/cut4_5281.pickle
481
COCO mAP: 0.2623826861381531
/home/wxz/Documents/pickle/fastrcnn320/96p/cut1_5700.pickle
482
COCO mAP: 0.11323430389165878
/home/wxz/Documents/pickle/fastrcnn320/96p/cut7_641.pickle
483
COCO mAP: 0.1272275447845459
/home/wxz/Documents/pickle/fastrcnn320/96p/cut2_5751.pickle
484
COCO mAP: 0.051832813769578934
/home/wxz/Documents/pickle/fastrcnn320/96p/cut9_113.pickle
485
COCO mAP: 0.055237770080566406
/home/wxz/Documents/pickle/fastrcnn320/96p/cut4_7348.pickle
486
COCO mAP: 0.22016987204551697
/home/wxz/Documents/pickle/fastrcnn320/96p/cut1_3438.pickle
487
COCO mAP: 0.14514702558517456
/home/wxz/Documents/pickle/fastrcnn320/96p/cut7_4305.pickle
488
COCO mAP: 0.14818152785301208
/home/wxz/Documents/pickle/fastrcnn320/96p/cut5_897.pickle
489
COCO mAP: 0.1470341980457306
/home/wxz/Documents/pickle/fastrcnn320/96p/cut3_3601.pickle
490
COCO mAP: 0.2440265715122223
/home/wxz/Documents/pickle/fastrcnn320/96p/cut5_8881.pickle
491
COCO mAP: 0.2776157259941101
/home/wxz/Documents/pickle/fastrcnn320/96p/cut5_3729.pickle
492
COCO mAP: 0.23527228832244873
/home/wxz/Documents/pickle/fastrcnn320/96p/cut4_6412.pickle
493
COCO mAP: 0.26678532361984253
/home/wxz/Documents/pickle/fastrcnn320/96p/cut5_3809.pickle
494
COCO mAP: 0.2962833046913147
/home/wxz/Documents/pickle/fastrcnn320/96p/cut4_7672.pickle
495
COCO mAP: 0.13092085719108582
/home/wxz/Documents/pickle/fastrcnn320/96p/cut1_2820.pickle
496
COCO mAP: 0.06947194039821625
/home/wxz/Documents/pickle/fastrcnn320/96p/cut4_521.pickle
497
COCO mAP: 0.32098767161369324
/home/wxz/Documents/pickle/fastrcnn320/96p/cut9_1937.pickle
498
COCO mAP: 0.31866908073425293
/home/wxz/Documents/pickle/fastrcnn320/96p/cut6_5611.pickle
499
COCO mAP: 0.3219868540763855
/home/wxz/Documents/pickle/fastrcnn320/96p/cut4_2001.pickle
500
COCO mAP: 0.05973900482058525
/home/wxz/Documents/pickle/fastrcnn320/96p/cut1_5373.pickle
501
COCO mAP: 0.0803041011095047
/home/wxz/Documents/pickle/fastrcnn320/96p/cut8_912.pickle
502
COCO mAP: 0.2595134377479553
/home/wxz/Documents/pickle/fastrcnn320/96p/cut6_6750.pickle
503
COCO mAP: 0.35292190313339233
/home/wxz/Documents/pickle/fastrcnn320/96p/cut4_5401.pickle
504
COCO mAP: 0.24752220511436462
/home/wxz/Documents/pickle/fastrcnn320/96p/cut3_3505.pickle
505
COCO mAP: 0.24632203578948975
/home/wxz/Documents/pickle/fastrcnn320/96p/cut5_8353.pickle
506
COCO mAP: 0.21331819891929626
/home/wxz/Documents/pickle/fastrcnn320/96p/cut6_8461.pickle
507
COCO mAP: 0.31194907426834106
/home/wxz/Documents/pickle/fastrcnn320/96p/cut7_5945.pickle
508
COCO mAP: 0.08334343135356903
/home/wxz/Documents/pickle/fastrcnn320/96p/cut3_2609.pickle
509
COCO mAP: 0.32504117488861084
/home/wxz/Documents/pickle/fastrcnn320/96p/cut6_7741.pickle
510
COCO mAP: 0.343129426240921
/home/wxz/Documents/pickle/fastrcnn320/96p/cut8_4613.pickle
511
COCO mAP: 0.12084357440471649
/home/wxz/Documents/pickle/fastrcnn320/96p/cut2_852.pickle
512
COCO mAP: 0.1050495058298111
/home/wxz/Documents/pickle/fastrcnn320/96p/cut5_4017.pickle
513
COCO mAP: 0.1677071750164032
/home/wxz/Documents/pickle/fastrcnn320/96p/cut1_4931.pickle
514
COCO mAP: 0.09531038254499435
/home/wxz/Documents/pickle/fastrcnn320/96p/cut6_5201.pickle
515
COCO mAP: 0.22129669785499573
/home/wxz/Documents/pickle/fastrcnn320/96p/cut8_3619.pickle
516
COCO mAP: 0.18252983689308167
/home/wxz/Documents/pickle/fastrcnn320/96p/cut2_6717.pickle
517
COCO mAP: 0.27673429250717163
/home/wxz/Documents/pickle/fastrcnn320/96p/cut4_7996.pickle
518
COCO mAP: 0.14072932302951813
/home/wxz/Documents/pickle/fastrcnn320/96p/cut8_1519.pickle
519
COCO mAP: 0.34551844000816345
/home/wxz/Documents/pickle/fastrcnn320/96p/cut2_5061.pickle
520
COCO mAP: 0.09110613167285919
/home/wxz/Documents/pickle/fastrcnn320/96p/cut5_7265.pickle
521
COCO mAP: 0.24269267916679382
/home/wxz/Documents/pickle/fastrcnn320/96p/cut5_2401.pickle
522
COCO mAP: 0.20896339416503906
/home/wxz/Documents/pickle/fastrcnn320/96p/cut2_8741.pickle
523
COCO mAP: 0.2274361550807953
/home/wxz/Documents/pickle/fastrcnn320/96p/cut6_2433.pickle
524
COCO mAP: 0.19775788486003876
/home/wxz/Documents/pickle/fastrcnn320/96p/cut3_1.pickle
525
COCO mAP: 0.16228556632995605
/home/wxz/Documents/pickle/fastrcnn320/96p/cut4_1761.pickle
526
COCO mAP: 0.05888732150197029
/home/wxz/Documents/pickle/fastrcnn320/96p/cut5_6929.pickle
527
COCO mAP: 0.19337774813175201
/home/wxz/Documents/pickle/fastrcnn320/96p/cut2_7430.pickle
528
COCO mAP: 0.25128328800201416
/home/wxz/Documents/pickle/fastrcnn320/96p/cut9_2801.pickle
529
COCO mAP: 0.2309667319059372
/home/wxz/Documents/pickle/fastrcnn320/96p/cut6_6189.pickle
530
COCO mAP: 0.331883043050766
/home/wxz/Documents/pickle/fastrcnn320/96p/cut5_2817.pickle
531
COCO mAP: 0.2592753767967224
/home/wxz/Documents/pickle/fastrcnn320/96p/cut2_7660.pickle
532
COCO mAP: 0.39120063185691833
/home/wxz/Documents/pickle/fastrcnn320/96p/cut6_7975.pickle
533
COCO mAP: 0.2444850206375122
/home/wxz/Documents/pickle/fastrcnn320/96p/cut3_6865.pickle
534
COCO mAP: 0.21330253779888153
/home/wxz/Documents/pickle/fastrcnn320/96p/cut8_4515.pickle
535
COCO mAP: 0.2228589504957199
/home/wxz/Documents/pickle/fastrcnn320/96p/cut3_3393.pickle
536
COCO mAP: 0.2136848419904709
/home/wxz/Documents/pickle/fastrcnn320/96p/cut1_879.pickle
537
COCO mAP: 0.06397925317287445
/home/wxz/Documents/pickle/fastrcnn320/96p/cut9_3329.pickle
538
COCO mAP: 0.08712871372699738
/home/wxz/Documents/pickle/fastrcnn320/96p/cut2_8143.pickle
539
COCO mAP: 0.17987850308418274
/home/wxz/Documents/pickle/fastrcnn320/96p/cut4_5817.pickle
540
COCO mAP: 0.19084611535072327
/home/wxz/Documents/pickle/fastrcnn320/96p/cut9_5505.pickle
541
COCO mAP: 0.28638267517089844
/home/wxz/Documents/pickle/fastrcnn320/96p/cut2_4762.pickle
542
COCO mAP: 0.20938937366008759
/home/wxz/Documents/pickle/fastrcnn320/96p/cut4_3621.pickle
543
COCO mAP: 0.24207238852977753
/home/wxz/Documents/pickle/fastrcnn320/96p/cut6_1489.pickle
544
COCO mAP: 0.27164894342422485
/home/wxz/Documents/pickle/fastrcnn320/96p/cut1_3174.pickle
545
COCO mAP: 0.17673268914222717
/home/wxz/Documents/pickle/fastrcnn320/96p/cut6_5832.pickle
546
COCO mAP: 0.3235076069831848
/home/wxz/Documents/pickle/fastrcnn320/96p/cut6_5105.pickle
547
COCO mAP: 0.16785870492458344
/home/wxz/Documents/pickle/fastrcnn320/96p/cut4_161.pickle
548
COCO mAP: 0.1766151636838913
/home/wxz/Documents/pickle/fastrcnn320/96p/cut3_4305.pickle
549
COCO mAP: 0.24019698798656464
/home/wxz/Documents/pickle/fastrcnn320/96p/cut1_3526.pickle
550
COCO mAP: 0.06023573875427246
/home/wxz/Documents/pickle/fastrcnn320/96p/cut2_7292.pickle
551
COCO mAP: 0.2781747579574585
/home/wxz/Documents/pickle/fastrcnn320/96p/cut7_4725.pickle
552
COCO mAP: 0.12486245483160019
/home/wxz/Documents/pickle/fastrcnn320/96p/cut3_3793.pickle
553
COCO mAP: 0.27910760045051575
/home/wxz/Documents/pickle/fastrcnn320/96p/cut5_3537.pickle
554
COCO mAP: 0.23370663821697235
/home/wxz/Documents/pickle/fastrcnn320/96p/cut5_2913.pickle
555
COCO mAP: 0.3555198311805725
/home/wxz/Documents/pickle/fastrcnn320/96p/cut7_7945.pickle
556
COCO mAP: 0.30551257729530334
/home/wxz/Documents/pickle/fastrcnn320/96p/cut8_7412.pickle
557
COCO mAP: 0.06970296800136566
/home/wxz/Documents/pickle/fastrcnn320/96p/cut3_6193.pickle
558
COCO mAP: 0.14542493224143982
/home/wxz/Documents/pickle/fastrcnn320/96p/cut4_3001.pickle
559
COCO mAP: 0.141694113612175
/home/wxz/Documents/pickle/fastrcnn320/96p/cut4_5901.pickle
560
COCO mAP: 0.18760155141353607
/home/wxz/Documents/pickle/fastrcnn320/96p/cut2_1036.pickle
561
COCO mAP: 0.3098103404045105
/home/wxz/Documents/pickle/fastrcnn320/96p/cut8_1715.pickle
562
COCO mAP: 0.3167099952697754
/home/wxz/Documents/pickle/fastrcnn320/96p/cut5_8992.pickle
563
COCO mAP: 0.3072807490825653
/home/wxz/Documents/pickle/fastrcnn320/96p/cut6_3617.pickle
564
COCO mAP: 0.22646014392375946
/home/wxz/Documents/pickle/fastrcnn320/96p/cut5_6641.pickle
565
COCO mAP: 0.35959988832473755
/home/wxz/Documents/pickle/fastrcnn320/96p/cut6_6240.pickle
566
COCO mAP: 0.24491140246391296
/home/wxz/Documents/pickle/fastrcnn320/96p/cut8_4906.pickle
567
COCO mAP: 0.09902168810367584
/home/wxz/Documents/pickle/fastrcnn320/96p/cut6_8947.pickle
568
COCO mAP: 0.2587794363498688
/home/wxz/Documents/pickle/fastrcnn320/96p/cut7_1.pickle
569
COCO mAP: 0.3294902741909027
/home/wxz/Documents/pickle/fastrcnn320/96p/cut1_2471.pickle
570
COCO mAP: 0.30499762296676636
/home/wxz/Documents/pickle/fastrcnn320/96p/cut6_2001.pickle
571
COCO mAP: 0.21998727321624756
/home/wxz/Documents/pickle/fastrcnn320/96p/cut6_1201.pickle
572
COCO mAP: 0.24634245038032532
/home/wxz/Documents/pickle/fastrcnn320/96p/cut6_6903.pickle
573
COCO mAP: 0.3143013119697571
/home/wxz/Documents/pickle/fastrcnn320/96p/cut2_93.pickle
574
COCO mAP: 0.16549645364284515
/home/wxz/Documents/pickle/fastrcnn320/96p/cut5_8545.pickle
575
COCO mAP: 0.25795039534568787
/home/wxz/Documents/pickle/fastrcnn320/96p/cut7_1105.pickle
576
COCO mAP: 0.18323859572410583
/home/wxz/Documents/pickle/fastrcnn320/96p/cut7_1855.pickle
577
COCO mAP: 0.25592389702796936
/home/wxz/Documents/pickle/fastrcnn320/96p/cut5_8785.pickle
578
COCO mAP: 0.2839822769165039
/home/wxz/Documents/pickle/fastrcnn320/96p/cut2_6510.pickle
579
COCO mAP: 0.21532583236694336
/home/wxz/Documents/pickle/fastrcnn320/96p/cut8_1645.pickle
580
COCO mAP: 0.29545992612838745
/home/wxz/Documents/pickle/fastrcnn320/96p/cut4_5321.pickle
581
COCO mAP: 0.26693195104599
/home/wxz/Documents/pickle/fastrcnn320/96p/cut2_6418.pickle
582
COCO mAP: 0.22179386019706726
/home/wxz/Documents/pickle/fastrcnn320/96p/cut9_1009.pickle
583
COCO mAP: 0.4101446270942688
/home/wxz/Documents/pickle/fastrcnn320/96p/cut7_6645.pickle
584
COCO mAP: 0.27044615149497986
/home/wxz/Documents/pickle/fastrcnn320/96p/cut4_1681.pickle
585
COCO mAP: 0.19542554020881653
/home/wxz/Documents/pickle/fastrcnn320/96p/cut9_401.pickle
586
COCO mAP: 0.25204676389694214
/home/wxz/Documents/pickle/fastrcnn320/96p/cut3_2209.pickle
587
COCO mAP: 0.4032445549964905
/home/wxz/Documents/pickle/fastrcnn320/96p/cut8_4809.pickle
588
COCO mAP: 0.018345121294260025
/home/wxz/Documents/pickle/fastrcnn320/96p/cut6_4641.pickle
589
COCO mAP: 0.24432671070098877
/home/wxz/Documents/pickle/fastrcnn320/96p/cut7_833.pickle
590
COCO mAP: 0.19732831418514252
/home/wxz/Documents/pickle/fastrcnn320/96p/cut5_6113.pickle
591
COCO mAP: 0.0734240859746933
/home/wxz/Documents/pickle/fastrcnn320/96p/cut6_7867.pickle
592
COCO mAP: 0.34512415528297424
/home/wxz/Documents/pickle/fastrcnn320/96p/cut6_6444.pickle
593
COCO mAP: 0.29045969247817993
/home/wxz/Documents/pickle/fastrcnn320/96p/cut1_4139.pickle
594
COCO mAP: 0.18394050002098083
/home/wxz/Documents/pickle/fastrcnn320/96p/cut3_817.pickle
595
COCO mAP: 0.3759362995624542
/home/wxz/Documents/pickle/fastrcnn320/96p/cut4_1.pickle
596
COCO mAP: 0.28957340121269226
/home/wxz/Documents/pickle/fastrcnn320/96p/cut4_2121.pickle
597
COCO mAP: 0.1772383749485016
/home/wxz/Documents/pickle/fastrcnn320/96p/cut2_8534.pickle
598
COCO mAP: 0.25842610001564026
/home/wxz/Documents/pickle/fastrcnn320/96p/cut4_4721.pickle
599
COCO mAP: 0.2549789845943451
/home/wxz/Documents/pickle/fastrcnn320/96p/cut1_8759.pickle
600
COCO mAP: 0.18850769102573395
/home/wxz/Documents/pickle/fastrcnn320/96p/cut8_2737.pickle
601
COCO mAP: 0.08316831290721893
/home/wxz/Documents/pickle/fastrcnn320/96p/cut8_3003.pickle
602
COCO mAP: 0.03795379772782326
/home/wxz/Documents/pickle/fastrcnn320/96p/cut4_3341.pickle
603
COCO mAP: 0.12377359718084335
/home/wxz/Documents/pickle/fastrcnn320/96p/cut4_8914.pickle
604
COCO mAP: 0.31635913252830505
/home/wxz/Documents/pickle/fastrcnn320/96p/cut6_1537.pickle
605
COCO mAP: 0.07948197424411774
/home/wxz/Documents/pickle/fastrcnn320/96p/cut3_4737.pickle
606
COCO mAP: 0.16043609380722046
/home/wxz/Documents/pickle/fastrcnn320/96p/cut1_8509.pickle
607
COCO mAP: 0.17140546441078186
/home/wxz/Documents/pickle/fastrcnn320/96p/cut5_4929.pickle
608
COCO mAP: 0.07359148561954498
/home/wxz/Documents/pickle/fastrcnn320/96p/cut2_6602.pickle
609
COCO mAP: 0.2031591236591339
/home/wxz/Documents/pickle/fastrcnn320/96p/cut7_7465.pickle
610
COCO mAP: 0.32357558608055115
/home/wxz/Documents/pickle/fastrcnn320/96p/cut3_2305.pickle
611
COCO mAP: 0.3871370553970337
/home/wxz/Documents/pickle/fastrcnn320/96p/cut6_4241.pickle
612
COCO mAP: 0.40968766808509827
/home/wxz/Documents/pickle/fastrcnn320/96p/cut3_5313.pickle
613
COCO mAP: 0.03465346619486809
/home/wxz/Documents/pickle/fastrcnn320/96p/cut7_3665.pickle
614
COCO mAP: 0.2072819173336029
/home/wxz/Documents/pickle/fastrcnn320/96p/cut7_5445.pickle
615
COCO mAP: 0.14715991914272308
/home/wxz/Documents/pickle/fastrcnn320/96p/cut1_5107.pickle
616
COCO mAP: 0.05732673406600952
/home/wxz/Documents/pickle/fastrcnn320/96p/cut6_5009.pickle
617
COCO mAP: 0.24242457747459412
/home/wxz/Documents/pickle/fastrcnn320/96p/cut3_4833.pickle
618
COCO mAP: 0.12721672654151917
/home/wxz/Documents/pickle/fastrcnn320/96p/cut1_6068.pickle
619
COCO mAP: 0.014864345081150532
/home/wxz/Documents/pickle/fastrcnn320/96p/cut8_7706.pickle
620
COCO mAP: 0.1822289526462555
/home/wxz/Documents/pickle/fastrcnn320/96p/cut6_5409.pickle
621
COCO mAP: 0.2609979510307312
/home/wxz/Documents/pickle/fastrcnn320/96p/cut4_6141.pickle
622
COCO mAP: 0.17726072669029236
/home/wxz/Documents/pickle/fastrcnn320/96p/cut7_2017.pickle
623
COCO mAP: 0.20320744812488556
/home/wxz/Documents/pickle/fastrcnn320/96p/cut9_5601.pickle
624
COCO mAP: 0.29055333137512207
/home/wxz/Documents/pickle/fastrcnn320/96p/cut3_7649.pickle
625
COCO mAP: 0.2111138552427292
/home/wxz/Documents/pickle/fastrcnn320/96p/cut4_361.pickle
626
COCO mAP: 0.15413334965705872
/home/wxz/Documents/pickle/fastrcnn320/96p/cut4_5521.pickle
627
COCO mAP: 0.2693069577217102
/home/wxz/Documents/pickle/fastrcnn320/96p/cut6_689.pickle
628
COCO mAP: 0.3579418957233429
/home/wxz/Documents/pickle/fastrcnn320/96p/cut4_4121.pickle
629
COCO mAP: 0.2203669250011444
/home/wxz/Documents/pickle/fastrcnn320/96p/cut7_8225.pickle
630
COCO mAP: 0.24792703986167908
/home/wxz/Documents/pickle/fastrcnn320/96p/cut4_4841.pickle
631
COCO mAP: 0.22152051329612732
/home/wxz/Documents/pickle/fastrcnn320/96p/cut9_305.pickle
632
COCO mAP: 0.24325811862945557
/home/wxz/Documents/pickle/fastrcnn320/96p/cut9_5713.pickle
633
COCO mAP: 0.2688891291618347
/home/wxz/Documents/pickle/fastrcnn320/96p/cut4_3901.pickle
634
COCO mAP: 0.2794336676597595
/home/wxz/Documents/pickle/fastrcnn320/96p/cut1_2558.pickle
635
COCO mAP: 0.1414356529712677
/home/wxz/Documents/pickle/fastrcnn320/96p/cut8_5620.pickle
636
COCO mAP: 0.3078092932701111
/home/wxz/Documents/pickle/fastrcnn320/96p/cut3_3169.pickle
637
COCO mAP: 0.16695426404476166
/home/wxz/Documents/pickle/fastrcnn320/96p/cut4_6201.pickle
638
COCO mAP: 0.20162217319011688
/home/wxz/Documents/pickle/fastrcnn320/96p/cut2_1312.pickle
639
COCO mAP: 0.15604786574840546
/home/wxz/Documents/pickle/fastrcnn320/96p/cut6_1905.pickle
640
COCO mAP: 0.25042644143104553
/home/wxz/Documents/pickle/fastrcnn320/96p/cut9_3729.pickle
641
COCO mAP: 0.533379316329956
/home/wxz/Documents/pickle/fastrcnn320/96p/cut2_6142.pickle
642
COCO mAP: 0.2470361739397049
/home/wxz/Documents/pickle/fastrcnn320/96p/cut3_8705.pickle
643
COCO mAP: 0.23888948559761047
/home/wxz/Documents/pickle/fastrcnn320/96p/cut8_5032.pickle
644
COCO mAP: 0.07356907427310944
/home/wxz/Documents/pickle/fastrcnn320/96p/cut8_2905.pickle
645
COCO mAP: 0.0
/home/wxz/Documents/pickle/fastrcnn320/96p/cut2_2002.pickle
646
COCO mAP: 0.09954620897769928
/home/wxz/Documents/pickle/fastrcnn320/96p/cut8_209.pickle
647
COCO mAP: 0.5519388318061829
/home/wxz/Documents/pickle/fastrcnn320/96p/cut2_8327.pickle
648
COCO mAP: 0.21648471057415009
/home/wxz/Documents/pickle/fastrcnn320/96p/cut5_5617.pickle
649
COCO mAP: 0.1246592178940773
/home/wxz/Documents/pickle/fastrcnn320/96p/cut7_3245.pickle
650
COCO mAP: 0.17963002622127533
/home/wxz/Documents/pickle/fastrcnn320/96p/cut9_5169.pickle
651
COCO mAP: 0.13549953699111938
/home/wxz/Documents/pickle/fastrcnn320/96p/cut9_2321.pickle
652
COCO mAP: 0.10456545650959015
/home/wxz/Documents/pickle/fastrcnn320/96p/cut7_5625.pickle
653
COCO mAP: 0.19829337298870087
/home/wxz/Documents/pickle/fastrcnn320/96p/cut8_5410.pickle
654
COCO mAP: 0.22004051506519318
/home/wxz/Documents/pickle/fastrcnn320/96p/cut8_2009.pickle
655
COCO mAP: 0.2871439456939697
/home/wxz/Documents/pickle/fastrcnn320/96p/cut8_604.pickle
656
COCO mAP: 0.2460784614086151
/home/wxz/Documents/pickle/fastrcnn320/96p/cut7_737.pickle
657
COCO mAP: 0.19457197189331055
/home/wxz/Documents/pickle/fastrcnn320/96p/cut6_3425.pickle
658
COCO mAP: 0.22757259011268616
/home/wxz/Documents/pickle/fastrcnn320/96p/cut7_7185.pickle
659
COCO mAP: 0.29911714792251587
/home/wxz/Documents/pickle/fastrcnn320/96p/cut5_2209.pickle
660
COCO mAP: 0.07588615268468857
/home/wxz/Documents/pickle/fastrcnn320/96p/cut4_4541.pickle
661
COCO mAP: 0.21418969333171844
/home/wxz/Documents/pickle/fastrcnn320/96p/cut3_5121.pickle
662
COCO mAP: 0.239055797457695
/home/wxz/Documents/pickle/fastrcnn320/96p/cut1_4403.pickle
663
COCO mAP: 0.27025821805000305
/home/wxz/Documents/pickle/fastrcnn320/96p/cut6_2945.pickle
664
COCO mAP: 0.30619147419929504
/home/wxz/Documents/pickle/fastrcnn320/96p/cut1_6244.pickle
665
COCO mAP: 0.4199766516685486
/home/wxz/Documents/pickle/fastrcnn320/96p/cut5_4401.pickle
666
COCO mAP: 0.3154309391975403
/home/wxz/Documents/pickle/fastrcnn320/96p/cut8_3213.pickle
667
COCO mAP: 0.22379036247730255
/home/wxz/Documents/pickle/fastrcnn320/96p/cut2_3520.pickle
668
COCO mAP: 0.17059563100337982
/home/wxz/Documents/pickle/fastrcnn320/96p/cut7_1747.pickle
669
COCO mAP: 0.2307690680027008
/home/wxz/Documents/pickle/fastrcnn320/96p/cut6_1713.pickle
670
COCO mAP: 0.3154124617576599
/home/wxz/Documents/pickle/fastrcnn320/96p/cut4_8752.pickle
671
COCO mAP: 0.3803286552429199
/home/wxz/Documents/pickle/fastrcnn320/96p/cut3_3713.pickle
672
COCO mAP: 0.2568380534648895
/home/wxz/Documents/pickle/fastrcnn320/96p/cut8_4305.pickle
673
COCO mAP: 0.13042078912258148
/home/wxz/Documents/pickle/fastrcnn320/96p/cut5_5905.pickle
674
COCO mAP: 0.2183077037334442
/home/wxz/Documents/pickle/fastrcnn320/96p/cut9_6049.pickle
675
COCO mAP: 0.25894027948379517
/home/wxz/Documents/pickle/fastrcnn320/96p/cut6_6546.pickle
676
COCO mAP: 0.2883661389350891
/home/wxz/Documents/pickle/fastrcnn320/96p/cut5_2625.pickle
677
COCO mAP: 0.15416650474071503
/home/wxz/Documents/pickle/fastrcnn320/96p/cut6_6342.pickle
678
COCO mAP: 0.33762985467910767
/home/wxz/Documents/pickle/fastrcnn320/96p/cut7_929.pickle
679
COCO mAP: 0.14981138706207275
/home/wxz/Documents/pickle/fastrcnn320/96p/cut3_2513.pickle
680
COCO mAP: 0.16595101356506348
/home/wxz/Documents/pickle/fastrcnn320/96p/cut5_1.pickle
681
COCO mAP: 0.336544930934906
/home/wxz/Documents/pickle/fastrcnn320/96p/cut9_1505.pickle
682
COCO mAP: 0.2805659770965576
/home/wxz/Documents/pickle/fastrcnn320/96p/cut8_5928.pickle
683
COCO mAP: 0.17360833287239075
/home/wxz/Documents/pickle/fastrcnn320/96p/cut9_4737.pickle
684
COCO mAP: 0.21050992608070374
/home/wxz/Documents/pickle/fastrcnn320/96p/cut5_2721.pickle
685
COCO mAP: 0.10746817290782928
/home/wxz/Documents/pickle/fastrcnn320/96p/cut6_2385.pickle
686
COCO mAP: 0.26875442266464233
/home/wxz/Documents/pickle/fastrcnn320/96p/cut7_7285.pickle
687
COCO mAP: 0.31300443410873413
/home/wxz/Documents/pickle/fastrcnn320/96p/cut8_1911.pickle
688
COCO mAP: 0.15438076853752136
/home/wxz/Documents/pickle/fastrcnn320/96p/cut3_7153.pickle
689
COCO mAP: 0.17267292737960815
/home/wxz/Documents/pickle/fastrcnn320/96p/cut4_5709.pickle
690
COCO mAP: 0.2724311947822571
/home/wxz/Documents/pickle/fastrcnn320/96p/cut1_6909.pickle
691
COCO mAP: 0.022772278636693954
/home/wxz/Documents/pickle/fastrcnn320/96p/cut8_6110.pickle
692
COCO mAP: 0.18864436447620392
/home/wxz/Documents/pickle/fastrcnn320/96p/cut3_2401.pickle
693
COCO mAP: 0.23416443169116974
/home/wxz/Documents/pickle/fastrcnn320/96p/cut7_6285.pickle
694
COCO mAP: 0.22093565762043
/home/wxz/Documents/pickle/fastrcnn320/96p/cut8_4725.pickle
695
COCO mAP: 0.06003457307815552
/home/wxz/Documents/pickle/fastrcnn320/96p/cut9_721.pickle
696
COCO mAP: 0.3475356996059418
/home/wxz/Documents/pickle/fastrcnn320/96p/cut1_704.pickle
697
COCO mAP: 0.2885826528072357
/home/wxz/Documents/pickle/fastrcnn320/96p/cut9_3233.pickle
698
COCO mAP: 0.04752475395798683
/home/wxz/Documents/pickle/fastrcnn320/96p/cut3_6097.pickle
699
COCO mAP: 0.19097784161567688
/home/wxz/Documents/pickle/fastrcnn320/96p/cut8_7608.pickle
700
COCO mAP: 0.329983651638031
/home/wxz/Documents/pickle/fastrcnn320/96p/cut8_8252.pickle
701
COCO mAP: 0.10666745901107788
/home/wxz/Documents/pickle/fastrcnn320/96p/cut7_8705.pickle
702
COCO mAP: 0.11818182468414307
/home/wxz/Documents/pickle/fastrcnn320/96p/cut5_5313.pickle
703
COCO mAP: 0.1640114039182663
/home/wxz/Documents/pickle/fastrcnn320/96p/cut5_1089.pickle
704
COCO mAP: 0.07897689938545227
/home/wxz/Documents/pickle/fastrcnn320/96p/cut8_5522.pickle
705
COCO mAP: 0.30454808473587036
/home/wxz/Documents/pickle/fastrcnn320/96p/cut5_7729.pickle
706
COCO mAP: 0.33992257714271545
/home/wxz/Documents/pickle/fastrcnn320/96p/cut3_8945.pickle
707
COCO mAP: 0.09201319515705109
/home/wxz/Documents/pickle/fastrcnn320/96p/cut2_6901.pickle
708
COCO mAP: 0.35580676794052124
/home/wxz/Documents/pickle/fastrcnn320/96p/cut5_1617.pickle
709
COCO mAP: 0.20457203686237335
/home/wxz/Documents/pickle/fastrcnn320/96p/cut1_8864.pickle
710
COCO mAP: 0.09485059231519699
/home/wxz/Documents/pickle/fastrcnn320/96p/cut3_2257.pickle
711
COCO mAP: 0.15458884835243225
/home/wxz/Documents/pickle/fastrcnn320/96p/cut3_8801.pickle
712
COCO mAP: 0.34412187337875366
/home/wxz/Documents/pickle/fastrcnn320/96p/cut5_2113.pickle
713
COCO mAP: 0.18147754669189453
/home/wxz/Documents/pickle/fastrcnn320/96p/cut9_4817.pickle
714
COCO mAP: 0.22735373675823212
/home/wxz/Documents/pickle/fastrcnn320/96p/cut7_8645.pickle
715
COCO mAP: 0.12432499974966049
/home/wxz/Documents/pickle/fastrcnn320/96p/cut1_2022.pickle
716
COCO mAP: 0.2791725695133209
/home/wxz/Documents/pickle/fastrcnn320/96p/cut6_6801.pickle
717
COCO mAP: 0.23324933648109436
/home/wxz/Documents/pickle/fastrcnn320/96p/cut4_6808.pickle
718
COCO mAP: 0.06990306824445724
/home/wxz/Documents/pickle/fastrcnn320/96p/cut1_17.pickle
719
COCO mAP: 0.04752475023269653
/home/wxz/Documents/pickle/fastrcnn320/96p/cut4_1901.pickle
720
COCO mAP: 0.12052243947982788
/home/wxz/Documents/pickle/fastrcnn320/96p/cut7_3005.pickle
721
COCO mAP: 0.1946418434381485
/home/wxz/Documents/pickle/fastrcnn320/96p/cut9_1745.pickle
722
COCO mAP: 0.16867157816886902
/home/wxz/Documents/pickle/fastrcnn320/96p/cut7_4225.pickle
723
COCO mAP: 0.15805545449256897
/home/wxz/Documents/pickle/fastrcnn320/96p/cut4_8320.pickle
724
COCO mAP: 0.20983585715293884
/home/wxz/Documents/pickle/fastrcnn320/96p/cut4_3701.pickle
725
COCO mAP: 0.1664247065782547
/home/wxz/Documents/pickle/fastrcnn320/96p/cut2_7821.pickle
726
COCO mAP: 0.29898786544799805
/home/wxz/Documents/pickle/fastrcnn320/96p/cut6_577.pickle
727
COCO mAP: 0.20521309971809387
/home/wxz/Documents/pickle/fastrcnn320/96p/cut3_5905.pickle
728
COCO mAP: 0.1261293888092041
/home/wxz/Documents/pickle/fastrcnn320/96p/cut3_1425.pickle
729
COCO mAP: 0.20767226815223694
/home/wxz/Documents/pickle/fastrcnn320/96p/cut2_7706.pickle
730
COCO mAP: 0.2981388568878174
/home/wxz/Documents/pickle/fastrcnn320/96p/cut8_346.pickle
731
COCO mAP: 0.32708436250686646
/home/wxz/Documents/pickle/fastrcnn320/96p/cut6_8245.pickle
732
COCO mAP: 0.36527568101882935
/home/wxz/Documents/pickle/fastrcnn320/96p/cut6_3137.pickle
733
COCO mAP: 0.31080448627471924
/home/wxz/Documents/pickle/fastrcnn320/96p/cut1_2202.pickle
734
COCO mAP: 0.3006647229194641
/home/wxz/Documents/pickle/fastrcnn320/96p/cut1_8419.pickle
735
COCO mAP: 0.09673396497964859
/home/wxz/Documents/pickle/fastrcnn320/96p/cut8_5802.pickle
736
COCO mAP: 0.350230872631073
/home/wxz/Documents/pickle/fastrcnn320/96p/cut2_3911.pickle
737
COCO mAP: 0.23740942776203156
/home/wxz/Documents/pickle/fastrcnn320/96p/cut8_6362.pickle
738
COCO mAP: 0.2343914955854416
/home/wxz/Documents/pickle/fastrcnn320/96p/cut2_6027.pickle
739
COCO mAP: 0.2936789393424988
/home/wxz/Documents/pickle/fastrcnn320/96p/cut6_1105.pickle
740
COCO mAP: 0.2590063214302063
/home/wxz/Documents/pickle/fastrcnn320/96p/cut8_496.pickle
741
COCO mAP: 0.15780727565288544
/home/wxz/Documents/pickle/fastrcnn320/96p/cut1_1503.pickle
742
COCO mAP: 0.2584158480167389
/home/wxz/Documents/pickle/fastrcnn320/96p/cut1_3350.pickle
743
COCO mAP: 0.3629426658153534
/home/wxz/Documents/pickle/fastrcnn320/96p/cut1_343.pickle
744
COCO mAP: 0.09881187975406647
/home/wxz/Documents/pickle/fastrcnn320/96p/cut9_1841.pickle
745
COCO mAP: 0.5803260207176208
/home/wxz/Documents/pickle/fastrcnn320/96p/cut2_3014.pickle
746
COCO mAP: 0.3374475836753845
/home/wxz/Documents/pickle/fastrcnn320/96p/cut7_3365.pickle
747
COCO mAP: 0.17189668118953705
/home/wxz/Documents/pickle/fastrcnn320/96p/cut2_6303.pickle
748
COCO mAP: 0.1896698921918869
/home/wxz/Documents/pickle/fastrcnn320/96p/cut1_6821.pickle
749
COCO mAP: 0.006930692587047815
/home/wxz/Documents/pickle/fastrcnn320/96p/cut2_4348.pickle
750
COCO mAP: 0.23280365765094757
/home/wxz/Documents/pickle/fastrcnn320/96p/cut1_6604.pickle
751
COCO mAP: 0.04224422574043274
/home/wxz/Documents/pickle/fastrcnn320/96p/cut1_6689.pickle
752
COCO mAP: 0.058415841311216354
/home/wxz/Documents/pickle/fastrcnn320/96p/cut3_7745.pickle
753
COCO mAP: 0.17762458324432373
/home/wxz/Documents/pickle/fastrcnn320/96p/cut5_5217.pickle
754
COCO mAP: 0.19045859575271606
/home/wxz/Documents/pickle/fastrcnn320/96p/cut2_6809.pickle
755
COCO mAP: 0.33693593740463257
/home/wxz/Documents/pickle/fastrcnn320/96p/cut1_2302.pickle
756
COCO mAP: 0.0019801980815827847
/home/wxz/Documents/pickle/fastrcnn320/96p/cut7_2405.pickle
757
COCO mAP: 0.24659673869609833
/home/wxz/Documents/pickle/fastrcnn320/96p/cut5_401.pickle
758
COCO mAP: 0.24826288223266602
/home/wxz/Documents/pickle/fastrcnn320/96p/cut8_3129.pickle
759
COCO mAP: 0.0819554477930069
/home/wxz/Documents/pickle/fastrcnn320/96p/cut5_4881.pickle
760
COCO mAP: 0.10305366665124893
/home/wxz/Documents/pickle/fastrcnn320/96p/cut3_4929.pickle
761
COCO mAP: 0.23143033683300018
/home/wxz/Documents/pickle/fastrcnn320/96p/cut5_5025.pickle
762
COCO mAP: 0.11950504779815674
/home/wxz/Documents/pickle/fastrcnn320/96p/cut6_961.pickle
763
COCO mAP: 0.207436203956604
/home/wxz/Documents/pickle/fastrcnn320/96p/cut8_5144.pickle
764
COCO mAP: 0.33244651556015015
/home/wxz/Documents/pickle/fastrcnn320/96p/cut5_5409.pickle
765
COCO mAP: 0.1714159995317459
/home/wxz/Documents/pickle/fastrcnn320/96p/cut1_5613.pickle
766
COCO mAP: 0.1048019751906395
/home/wxz/Documents/pickle/fastrcnn320/96p/cut2_2370.pickle
767
COCO mAP: 0.1417997181415558
/home/wxz/Documents/pickle/fastrcnn320/96p/cut7_4985.pickle
768
COCO mAP: 0.1616216003894806
/home/wxz/Documents/pickle/fastrcnn320/96p/cut6_1.pickle
769
COCO mAP: 0.2968798279762268
/home/wxz/Documents/pickle/fastrcnn320/96p/cut8_2107.pickle
770
COCO mAP: 0.1728297621011734
/home/wxz/Documents/pickle/fastrcnn320/96p/cut8_2401.pickle
771
COCO mAP: 0.011881187558174133
/home/wxz/Documents/pickle/fastrcnn320/96p/cut4_8212.pickle
772
COCO mAP: 0.18496766686439514
/home/wxz/Documents/pickle/fastrcnn320/96p/cut8_6516.pickle
773
COCO mAP: 0.15867552161216736
/home/wxz/Documents/pickle/fastrcnn320/96p/cut4_4901.pickle
774
COCO mAP: 0.3269837498664856
/home/wxz/Documents/pickle/fastrcnn320/96p/cut1_1316.pickle
775
COCO mAP: 0.13749174773693085
/home/wxz/Documents/pickle/fastrcnn320/96p/cut3_145.pickle
776
COCO mAP: 0.10755817592144012
/home/wxz/Documents/pickle/fastrcnn320/96p/cut7_4605.pickle
777
COCO mAP: 0.21937648952007294
/home/wxz/Documents/pickle/fastrcnn320/96p/cut8_8168.pickle
778
COCO mAP: 0.14156103134155273
/home/wxz/Documents/pickle/fastrcnn320/96p/cut8_6012.pickle
779
COCO mAP: 0.2717222273349762
/home/wxz/Documents/pickle/fastrcnn320/96p/cut1_5524.pickle
780
COCO mAP: 0.11037403345108032
/home/wxz/Documents/pickle/fastrcnn320/96p/cut4_7888.pickle
781
COCO mAP: 0.24330170452594757
/home/wxz/Documents/pickle/fastrcnn320/96p/cut2_2807.pickle
782
COCO mAP: 0.252401202917099
/home/wxz/Documents/pickle/fastrcnn320/96p/cut7_2365.pickle
783
COCO mAP: 0.22167177498340607
/home/wxz/Documents/pickle/fastrcnn320/96p/cut1_7444.pickle
784
COCO mAP: 0.02112211287021637
/home/wxz/Documents/pickle/fastrcnn320/96p/cut2_369.pickle
785
COCO mAP: 0.09017445147037506
/home/wxz/Documents/pickle/fastrcnn320/96p/cut7_1405.pickle
786
COCO mAP: 0.16941988468170166
/home/wxz/Documents/pickle/fastrcnn320/96p/cut7_7525.pickle
787
COCO mAP: 0.3031342327594757
/home/wxz/Documents/pickle/fastrcnn320/96p/cut2_4923.pickle
788
COCO mAP: 0.19493991136550903
/home/wxz/Documents/pickle/fastrcnn320/96p/cut1_8629.pickle
789
COCO mAP: 0.1799805909395218
/home/wxz/Documents/pickle/fastrcnn320/96p/cut4_5141.pickle
790
COCO mAP: 0.15155115723609924
/home/wxz/Documents/pickle/fastrcnn320/96p/cut1_5978.pickle
791
COCO mAP: 0.24781879782676697
/home/wxz/Documents/pickle/fastrcnn320/96p/cut9_1313.pickle
792
COCO mAP: 0.3483811020851135
/home/wxz/Documents/pickle/fastrcnn320/96p/cut8_1.pickle
793
COCO mAP: 0.1845512092113495
/home/wxz/Documents/pickle/fastrcnn320/96p/cut1_3702.pickle
794
COCO mAP: 0.136683389544487
average COCO mAP:0.21582183435850164
