nohup: 忽略输入
/home/wxz/Documents/pickle/fastrcnn320/1080p/cut5_8945.pickle
1
COCO mAP: 0.7826507091522217
/home/wxz/Documents/pickle/fastrcnn320/1080p/cut8_436.pickle
2
COCO mAP: 0.20374663174152374
/home/wxz/Documents/pickle/fastrcnn320/1080p/cut6_5509.pickle
3
COCO mAP: 0.4378587603569031
/home/wxz/Documents/pickle/fastrcnn320/1080p/cut2_4831.pickle
4
COCO mAP: 0.22569060325622559
/home/wxz/Documents/pickle/fastrcnn320/1080p/cut2_8971.pickle
5
COCO mAP: 0.49648720026016235
/home/wxz/Documents/pickle/fastrcnn320/1080p/cut7_2265.pickle
6
COCO mAP: 0.30597588419914246
/home/wxz/Documents/pickle/fastrcnn320/1080p/cut2_185.pickle
7
COCO mAP: 0.7402104735374451
/home/wxz/Documents/pickle/fastrcnn320/1080p/cut9_3041.pickle
8
COCO mAP: 0.2095949351787567
/home/wxz/Documents/pickle/fastrcnn320/1080p/cut7_7705.pickle
9
COCO mAP: 0.5229503512382507
/home/wxz/Documents/pickle/fastrcnn320/1080p/cut6_4817.pickle
10
COCO mAP: 0.5068702101707458
/home/wxz/Documents/pickle/fastrcnn320/1080p/cut5_3921.pickle
11
COCO mAP: 0.2256348580121994
/home/wxz/Documents/pickle/fastrcnn320/1080p/cut3_6577.pickle
12
COCO mAP: 0.39090967178344727
/home/wxz/Documents/pickle/fastrcnn320/1080p/cut5_993.pickle
13
COCO mAP: 0.1866925209760666
/home/wxz/Documents/pickle/fastrcnn320/1080p/cut2_6257.pickle
14
COCO mAP: 0.43626418709754944
/home/wxz/Documents/pickle/fastrcnn320/1080p/cut4_7186.pickle
15
COCO mAP: 0.2714694142341614
/home/wxz/Documents/pickle/fastrcnn320/1080p/cut9_3825.pickle
16
COCO mAP: 0.621707558631897
/home/wxz/Documents/pickle/fastrcnn320/1080p/cut3_4001.pickle
17
COCO mAP: 0.6455547213554382
/home/wxz/Documents/pickle/fastrcnn320/1080p/cut9_4545.pickle
18
COCO mAP: 0.20591458678245544
/home/wxz/Documents/pickle/fastrcnn320/1080p/cut2_2186.pickle
19
COCO mAP: 0.4419270157814026
/home/wxz/Documents/pickle/fastrcnn320/1080p/cut8_7104.pickle
20
COCO mAP: 0.28003621101379395
/home/wxz/Documents/pickle/fastrcnn320/1080p/cut7_4125.pickle
21
COCO mAP: 0.40322747826576233
/home/wxz/Documents/pickle/fastrcnn320/1080p/cut3_4401.pickle
22
COCO mAP: 0.35800039768218994
/home/wxz/Documents/pickle/fastrcnn320/1080p/cut6_2657.pickle
23
COCO mAP: 0.328617125749588
/home/wxz/Documents/pickle/fastrcnn320/1080p/cut4_2301.pickle
24
COCO mAP: 0.34561294317245483
/home/wxz/Documents/pickle/fastrcnn320/1080p/cut8_8336.pickle
25
COCO mAP: 0.3207624852657318
/home/wxz/Documents/pickle/fastrcnn320/1080p/cut7_1009.pickle
26
COCO mAP: 0.3581984043121338
/home/wxz/Documents/pickle/fastrcnn320/1080p/cut1_257.pickle
27
COCO mAP: 0.16712400317192078
/home/wxz/Documents/pickle/fastrcnn320/1080p/cut5_5121.pickle
28
COCO mAP: 0.43201392889022827
/home/wxz/Documents/pickle/fastrcnn320/1080p/cut3_4113.pickle
29
COCO mAP: 0.47767820954322815
/home/wxz/Documents/pickle/fastrcnn320/1080p/cut6_7633.pickle
30
COCO mAP: 0.360761821269989
/home/wxz/Documents/pickle/fastrcnn320/1080p/cut3_7313.pickle
31
COCO mAP: 0.4710234999656677
/home/wxz/Documents/pickle/fastrcnn320/1080p/cut4_1501.pickle
32
COCO mAP: 0.5552122592926025
/home/wxz/Documents/pickle/fastrcnn320/1080p/cut9_3633.pickle
33
COCO mAP: 0.7292956113815308
/home/wxz/Documents/pickle/fastrcnn320/1080p/cut2_8281.pickle
34
COCO mAP: 0.5271297097206116
/home/wxz/Documents/pickle/fastrcnn320/1080p/cut2_967.pickle
35
COCO mAP: 0.6471811532974243
/home/wxz/Documents/pickle/fastrcnn320/1080p/cut2_2623.pickle
36
COCO mAP: 0.4666542410850525
/home/wxz/Documents/pickle/fastrcnn320/1080p/cut1_8044.pickle
37
COCO mAP: 0.38483861088752747
/home/wxz/Documents/pickle/fastrcnn320/1080p/cut5_3249.pickle
38
COCO mAP: 0.3408781588077545
/home/wxz/Documents/pickle/fastrcnn320/1080p/cut5_1281.pickle
39
COCO mAP: 0.3090518116950989
/home/wxz/Documents/pickle/fastrcnn320/1080p/cut7_5505.pickle
40
COCO mAP: 0.4214256703853607
/home/wxz/Documents/pickle/fastrcnn320/1080p/cut7_8945.pickle
41
COCO mAP: 0.3308121860027313
/home/wxz/Documents/pickle/fastrcnn320/1080p/cut4_8806.pickle
42
COCO mAP: 0.5237898826599121
/home/wxz/Documents/pickle/fastrcnn320/1080p/cut5_6001.pickle
43
COCO mAP: 0.2570076584815979
/home/wxz/Documents/pickle/fastrcnn320/1080p/cut3_513.pickle
44
COCO mAP: 0.3636665642261505
/home/wxz/Documents/pickle/fastrcnn320/1080p/cut6_3329.pickle
45
COCO mAP: 0.2598142623901367
/home/wxz/Documents/pickle/fastrcnn320/1080p/cut6_4401.pickle
46
COCO mAP: 0.39376622438430786
/home/wxz/Documents/pickle/fastrcnn320/1080p/cut1_6156.pickle
47
COCO mAP: 0.40833258628845215
/home/wxz/Documents/pickle/fastrcnn320/1080p/cut2_5130.pickle
48
COCO mAP: 0.4234619140625
/home/wxz/Documents/pickle/fastrcnn320/1080p/cut7_6165.pickle
49
COCO mAP: 0.447424978017807
/home/wxz/Documents/pickle/fastrcnn320/1080p/cut9_4209.pickle
50
COCO mAP: 0.36847665905952454
/home/wxz/Documents/pickle/fastrcnn320/1080p/cut5_1521.pickle
51
COCO mAP: 0.23813609778881073
/home/wxz/Documents/pickle/fastrcnn320/1080p/cut9_2225.pickle
52
COCO mAP: 0.4033113420009613
/home/wxz/Documents/pickle/fastrcnn320/1080p/cut6_8893.pickle
53
COCO mAP: 0.5525837540626526
/home/wxz/Documents/pickle/fastrcnn320/1080p/cut2_5521.pickle
54
COCO mAP: 0.4915239214897156
/home/wxz/Documents/pickle/fastrcnn320/1080p/cut4_4241.pickle
55
COCO mAP: 0.40954074263572693
/home/wxz/Documents/pickle/fastrcnn320/1080p/cut6_7107.pickle
56
COCO mAP: 0.4941922724246979
/home/wxz/Documents/pickle/fastrcnn320/1080p/cut4_3801.pickle
57
COCO mAP: 0.3505590856075287
/home/wxz/Documents/pickle/fastrcnn320/1080p/cut8_1253.pickle
58
COCO mAP: 0.4778282046318054
/home/wxz/Documents/pickle/fastrcnn320/1080p/cut1_6420.pickle
59
COCO mAP: 0.39330875873565674
/home/wxz/Documents/pickle/fastrcnn320/1080p/cut5_7169.pickle
60
COCO mAP: 0.21750013530254364
/home/wxz/Documents/pickle/fastrcnn320/1080p/cut6_1601.pickle
61
COCO mAP: 0.3165683150291443
/home/wxz/Documents/pickle/fastrcnn320/1080p/cut8_2205.pickle
62
COCO mAP: 0.2623245120048523
/home/wxz/Documents/pickle/fastrcnn320/1080p/cut4_1441.pickle
63
COCO mAP: 0.3566232919692993
/home/wxz/Documents/pickle/fastrcnn320/1080p/cut6_2753.pickle
64
COCO mAP: 0.5565642714500427
/home/wxz/Documents/pickle/fastrcnn320/1080p/cut2_7039.pickle
65
COCO mAP: 0.44532108306884766
/home/wxz/Documents/pickle/fastrcnn320/1080p/cut7_1351.pickle
66
COCO mAP: 0.28688937425613403
/home/wxz/Documents/pickle/fastrcnn320/1080p/cut8_3703.pickle
67
COCO mAP: 0.36503466963768005
/home/wxz/Documents/pickle/fastrcnn320/1080p/cut9_5841.pickle
68
COCO mAP: 0.36856207251548767
/home/wxz/Documents/pickle/fastrcnn320/1080p/cut9_817.pickle
69
COCO mAP: 0.44174498319625854
/home/wxz/Documents/pickle/fastrcnn320/1080p/cut2_1381.pickle
70
COCO mAP: 0.20158417522907257
/home/wxz/Documents/pickle/fastrcnn320/1080p/cut6_433.pickle
71
COCO mAP: 0.35762473940849304
/home/wxz/Documents/pickle/fastrcnn320/1080p/cut4_7456.pickle
72
COCO mAP: 0.22079205513000488
/home/wxz/Documents/pickle/fastrcnn320/1080p/cut2_7913.pickle
73
COCO mAP: 0.5695525407791138
/home/wxz/Documents/pickle/fastrcnn320/1080p/cut5_3345.pickle
74
COCO mAP: 0.33046475052833557
/home/wxz/Documents/pickle/fastrcnn320/1080p/cut2_1910.pickle
75
COCO mAP: 0.29833337664604187
/home/wxz/Documents/pickle/fastrcnn320/1080p/cut1_4227.pickle
76
COCO mAP: 0.23349113762378693
/home/wxz/Documents/pickle/fastrcnn320/1080p/cut5_4305.pickle
77
COCO mAP: 0.1446215957403183
/home/wxz/Documents/pickle/fastrcnn320/1080p/cut8_5228.pickle
78
COCO mAP: 0.32763147354125977
/home/wxz/Documents/pickle/fastrcnn320/1080p/cut3_913.pickle
79
COCO mAP: 0.20454373955726624
/home/wxz/Documents/pickle/fastrcnn320/1080p/cut1_5283.pickle
80
COCO mAP: 0.3909508287906647
/home/wxz/Documents/pickle/fastrcnn320/1080p/cut4_2501.pickle
81
COCO mAP: 0.36012792587280273
/home/wxz/Documents/pickle/fastrcnn320/1080p/cut5_6737.pickle
82
COCO mAP: 0.35772964358329773
/home/wxz/Documents/pickle/fastrcnn320/1080p/cut5_753.pickle
83
COCO mAP: 0.1913038194179535
/home/wxz/Documents/pickle/fastrcnn320/1080p/cut7_145.pickle
84
COCO mAP: 0.5510736703872681
/home/wxz/Documents/pickle/fastrcnn320/1080p/cut6_8677.pickle
85
COCO mAP: 0.32137101888656616
/home/wxz/Documents/pickle/fastrcnn320/1080p/cut6_6648.pickle
86
COCO mAP: 0.5128705501556396
/home/wxz/Documents/pickle/fastrcnn320/1080p/cut2_1243.pickle
87
COCO mAP: 0.4707667827606201
/home/wxz/Documents/pickle/fastrcnn320/1080p/cut4_8428.pickle
88
COCO mAP: 0.1912848949432373
/home/wxz/Documents/pickle/fastrcnn320/1080p/cut8_2611.pickle
89
COCO mAP: 0.5571643710136414
/home/wxz/Documents/pickle/fastrcnn320/1080p/cut1_7989.pickle
90
COCO mAP: 0.41112127900123596
/home/wxz/Documents/pickle/fastrcnn320/1080p/cut8_6600.pickle
91
COCO mAP: 0.38256996870040894
/home/wxz/Documents/pickle/fastrcnn320/1080p/cut2_1542.pickle
92
COCO mAP: 0.43664202094078064
/home/wxz/Documents/pickle/fastrcnn320/1080p/cut1_8224.pickle
93
COCO mAP: 0.4760182797908783
/home/wxz/Documents/pickle/fastrcnn320/1080p/cut2_8419.pickle
94
COCO mAP: 0.5417472124099731
/home/wxz/Documents/pickle/fastrcnn320/1080p/cut6_7260.pickle
95
COCO mAP: 0.43856287002563477
/home/wxz/Documents/pickle/fastrcnn320/1080p/cut4_4421.pickle
96
COCO mAP: 0.39665064215660095
/home/wxz/Documents/pickle/fastrcnn320/1080p/cut1_4843.pickle
97
COCO mAP: 0.45147213339805603
/home/wxz/Documents/pickle/fastrcnn320/1080p/cut1_6508.pickle
98
COCO mAP: 0.07079207897186279
/home/wxz/Documents/pickle/fastrcnn320/1080p/cut2_2278.pickle
99
COCO mAP: 0.23750583827495575
/home/wxz/Documents/pickle/fastrcnn320/1080p/cut6_7005.pickle
100
COCO mAP: 0.41048312187194824
/home/wxz/Documents/pickle/fastrcnn320/1080p/cut5_8257.pickle
101
COCO mAP: 0.4476641118526459
/home/wxz/Documents/pickle/fastrcnn320/1080p/cut3_1905.pickle
102
COCO mAP: 0.26694443821907043
/home/wxz/Documents/pickle/fastrcnn320/1080p/cut5_4113.pickle
103
COCO mAP: 0.6585983633995056
/home/wxz/Documents/pickle/fastrcnn320/1080p/cut8_3311.pickle
104
COCO mAP: 0.24211227893829346
/home/wxz/Documents/pickle/fastrcnn320/1080p/cut7_4005.pickle
105
COCO mAP: 0.3790889382362366
/home/wxz/Documents/pickle/fastrcnn320/1080p/cut5_1905.pickle
106
COCO mAP: 0.4406582713127136
/home/wxz/Documents/pickle/fastrcnn320/1080p/cut5_6353.pickle
107
COCO mAP: 0.25918617844581604
/home/wxz/Documents/pickle/fastrcnn320/1080p/cut3_8609.pickle
108
COCO mAP: 0.4029897153377533
/home/wxz/Documents/pickle/fastrcnn320/1080p/cut6_2289.pickle
109
COCO mAP: 0.38305169343948364
/home/wxz/Documents/pickle/fastrcnn320/1080p/cut2_4532.pickle
110
COCO mAP: 0.46533775329589844
/home/wxz/Documents/pickle/fastrcnn320/1080p/cut2_3313.pickle
111
COCO mAP: 0.2468809336423874
/home/wxz/Documents/pickle/fastrcnn320/1080p/cut2_4210.pickle
112
COCO mAP: 0.350894033908844
/home/wxz/Documents/pickle/fastrcnn320/1080p/cut4_981.pickle
113
COCO mAP: 0.3234078586101532
/home/wxz/Documents/pickle/fastrcnn320/1080p/cut8_2527.pickle
114
COCO mAP: 0.14321231842041016
/home/wxz/Documents/pickle/fastrcnn320/1080p/cut5_1185.pickle
115
COCO mAP: 0.3579083979129791
/home/wxz/Documents/pickle/fastrcnn320/1080p/cut8_6432.pickle
116
COCO mAP: 0.46073928475379944
/home/wxz/Documents/pickle/fastrcnn320/1080p/cut6_3857.pickle
117
COCO mAP: 0.20993077754974365
/home/wxz/Documents/pickle/fastrcnn320/1080p/cut7_8525.pickle
118
COCO mAP: 0.18070781230926514
/home/wxz/Documents/pickle/fastrcnn320/1080p/cut6_1073.pickle
119
COCO mAP: 0.4641270637512207
/home/wxz/Documents/pickle/fastrcnn320/1080p/cut8_3409.pickle
120
COCO mAP: 0.3488105535507202
/home/wxz/Documents/pickle/fastrcnn320/1080p/cut2_714.pickle
121
COCO mAP: 0.5204020738601685
/home/wxz/Documents/pickle/fastrcnn320/1080p/cut5_7457.pickle
122
COCO mAP: 0.27891865372657776
/home/wxz/Documents/pickle/fastrcnn320/1080p/cut1_3262.pickle
123
COCO mAP: 0.25567343831062317
/home/wxz/Documents/pickle/fastrcnn320/1080p/cut4_4301.pickle
124
COCO mAP: 0.3397001326084137
/home/wxz/Documents/pickle/fastrcnn320/1080p/cut4_3121.pickle
125
COCO mAP: 0.3310694098472595
/home/wxz/Documents/pickle/fastrcnn320/1080p/cut7_3905.pickle
126
COCO mAP: 0.3824240565299988
/home/wxz/Documents/pickle/fastrcnn320/1080p/cut6_4513.pickle
127
COCO mAP: 0.3270655870437622
/home/wxz/Documents/pickle/fastrcnn320/1080p/cut2_4693.pickle
128
COCO mAP: 0.2699100375175476
/home/wxz/Documents/pickle/fastrcnn320/1080p/cut9_3137.pickle
129
COCO mAP: 0.3838448226451874
/home/wxz/Documents/pickle/fastrcnn320/1080p/cut4_5201.pickle
130
COCO mAP: 0.2692919373512268
/home/wxz/Documents/pickle/fastrcnn320/1080p/cut8_8714.pickle
131
COCO mAP: 0.4368250370025635
/home/wxz/Documents/pickle/fastrcnn320/1080p/cut4_5701.pickle
132
COCO mAP: 0.25536590814590454
/home/wxz/Documents/pickle/fastrcnn320/1080p/cut6_3521.pickle
133
COCO mAP: 0.49080219864845276
/home/wxz/Documents/pickle/fastrcnn320/1080p/cut2_3221.pickle
134
COCO mAP: 0.39590415358543396
/home/wxz/Documents/pickle/fastrcnn320/1080p/cut1_604.pickle
135
COCO mAP: 0.28276270627975464
/home/wxz/Documents/pickle/fastrcnn320/1080p/cut6_4305.pickle
136
COCO mAP: 0.2556954026222229
/home/wxz/Documents/pickle/fastrcnn320/1080p/cut9_4305.pickle
137
COCO mAP: 0.45962804555892944
/home/wxz/Documents/pickle/fastrcnn320/1080p/cut3_4545.pickle
138
COCO mAP: 0.48151880502700806
/home/wxz/Documents/pickle/fastrcnn320/1080p/cut8_800.pickle
139
COCO mAP: 0.41463547945022583
/home/wxz/Documents/pickle/fastrcnn320/1080p/cut5_1809.pickle
140
COCO mAP: 0.24476587772369385
/home/wxz/Documents/pickle/fastrcnn320/1080p/cut7_1963.pickle
141
COCO mAP: 0.3289416432380676
/home/wxz/Documents/pickle/fastrcnn320/1080p/cut7_7345.pickle
142
COCO mAP: 0.41389960050582886
/home/wxz/Documents/pickle/fastrcnn320/1080p/cut3_1217.pickle
143
COCO mAP: 0.22086361050605774
/home/wxz/Documents/pickle/fastrcnn320/1080p/cut3_6769.pickle
144
COCO mAP: 0.4670143723487854
/home/wxz/Documents/pickle/fastrcnn320/1080p/cut1_2110.pickle
145
COCO mAP: 0.3650173544883728
/home/wxz/Documents/pickle/fastrcnn320/1080p/cut1_112.pickle
146
COCO mAP: 0.2595430314540863
/home/wxz/Documents/pickle/fastrcnn320/1080p/cut2_5337.pickle
147
COCO mAP: 0.5101322531700134
/home/wxz/Documents/pickle/fastrcnn320/1080p/cut1_430.pickle
148
COCO mAP: 0.10302333533763885
/home/wxz/Documents/pickle/fastrcnn320/1080p/cut2_1496.pickle
149
COCO mAP: 0.4355996549129486
/home/wxz/Documents/pickle/fastrcnn320/1080p/cut4_1201.pickle
150
COCO mAP: 0.34069886803627014
/home/wxz/Documents/pickle/fastrcnn320/1080p/cut6_4145.pickle
151
COCO mAP: 0.26200070977211
/home/wxz/Documents/pickle/fastrcnn320/1080p/cut2_8005.pickle
152
COCO mAP: 0.6634339690208435
/home/wxz/Documents/pickle/fastrcnn320/1080p/cut9_4113.pickle
153
COCO mAP: 0.40575093030929565
/home/wxz/Documents/pickle/fastrcnn320/1080p/cut2_3842.pickle
154
COCO mAP: 0.2783869802951813
/home/wxz/Documents/pickle/fastrcnn320/1080p/cut8_1000.pickle
155
COCO mAP: 0.3215644657611847
/home/wxz/Documents/pickle/fastrcnn320/1080p/cut6_1297.pickle
156
COCO mAP: 0.4240245223045349
/home/wxz/Documents/pickle/fastrcnn320/1080p/cut4_6646.pickle
157
COCO mAP: 0.3659582734107971
/home/wxz/Documents/pickle/fastrcnn320/1080p/cut7_6825.pickle
158
COCO mAP: 0.45144811272621155
/home/wxz/Documents/pickle/fastrcnn320/1080p/cut5_7873.pickle
159
COCO mAP: 0.38747185468673706
/home/wxz/Documents/pickle/fastrcnn320/1080p/cut6_7309.pickle
160
COCO mAP: 0.45320653915405273
/home/wxz/Documents/pickle/fastrcnn320/1080p/cut3_3953.pickle
161
COCO mAP: 0.4955330491065979
/home/wxz/Documents/pickle/fastrcnn320/1080p/cut7_5745.pickle
162
COCO mAP: 0.38599053025245667
/home/wxz/Documents/pickle/fastrcnn320/1080p/cut7_2705.pickle
163
COCO mAP: 0.4853833317756653
/home/wxz/Documents/pickle/fastrcnn320/1080p/cut2_5245.pickle
164
COCO mAP: 0.5968331098556519
/home/wxz/Documents/pickle/fastrcnn320/1080p/cut9_4401.pickle
165
COCO mAP: 0.25379472970962524
/home/wxz/Documents/pickle/fastrcnn320/1080p/cut6_4049.pickle
166
COCO mAP: 0.5704859495162964
/home/wxz/Documents/pickle/fastrcnn320/1080p/cut3_2113.pickle
167
COCO mAP: 0.5505141019821167
/home/wxz/Documents/pickle/fastrcnn320/1080p/cut5_3009.pickle
168
COCO mAP: 0.2683178782463074
/home/wxz/Documents/pickle/fastrcnn320/1080p/cut1_517.pickle
169
COCO mAP: 0.44702354073524475
/home/wxz/Documents/pickle/fastrcnn320/1080p/cut5_6449.pickle
170
COCO mAP: 0.1755649596452713
/home/wxz/Documents/pickle/fastrcnn320/1080p/cut3_1521.pickle
171
COCO mAP: 0.2668296992778778
/home/wxz/Documents/pickle/fastrcnn320/1080p/cut5_2001.pickle
172
COCO mAP: 0.3037586808204651
/home/wxz/Documents/pickle/fastrcnn320/1080p/cut4_641.pickle
173
COCO mAP: 0.5586286783218384
/home/wxz/Documents/pickle/fastrcnn320/1080p/cut2_5475.pickle
174
COCO mAP: 0.4723709225654602
/home/wxz/Documents/pickle/fastrcnn320/1080p/cut7_241.pickle
175
COCO mAP: 0.26048094034194946
/home/wxz/Documents/pickle/fastrcnn320/1080p/cut3_6385.pickle
176
COCO mAP: 0.4186454713344574
/home/wxz/Documents/pickle/fastrcnn320/1080p/cut1_5019.pickle
177
COCO mAP: 0.39414384961128235
/home/wxz/Documents/pickle/fastrcnn320/1080p/cut1_1934.pickle
178
COCO mAP: 0.37430399656295776
/home/wxz/Documents/pickle/fastrcnn320/1080p/cut6_2513.pickle
179
COCO mAP: 0.28627148270606995
/home/wxz/Documents/pickle/fastrcnn320/1080p/cut7_5105.pickle
180
COCO mAP: 0.40043503046035767
/home/wxz/Documents/pickle/fastrcnn320/1080p/cut7_8005.pickle
181
COCO mAP: 0.5080993175506592
/home/wxz/Documents/pickle/fastrcnn320/1080p/cut8_6236.pickle
182
COCO mAP: 0.3880763649940491
/home/wxz/Documents/pickle/fastrcnn320/1080p/cut8_113.pickle
183
COCO mAP: 0.4072556495666504
/home/wxz/Documents/pickle/fastrcnn320/1080p/cut9_5953.pickle
184
COCO mAP: 0.3849196434020996
/home/wxz/Documents/pickle/fastrcnn320/1080p/cut9_2705.pickle
185
COCO mAP: 0.45828303694725037
/home/wxz/Documents/pickle/fastrcnn320/1080p/cut9_3521.pickle
186
COCO mAP: 0.16802795231342316
/home/wxz/Documents/pickle/fastrcnn320/1080p/cut7_5345.pickle
187
COCO mAP: 0.3421720564365387
/home/wxz/Documents/pickle/fastrcnn320/1080p/cut8_4207.pickle
188
COCO mAP: 0.19223779439926147
/home/wxz/Documents/pickle/fastrcnn320/1080p/cut7_5865.pickle
189
COCO mAP: 0.31115829944610596
/home/wxz/Documents/pickle/fastrcnn320/1080p/cut2_4003.pickle
190
COCO mAP: 0.3156037926673889
/home/wxz/Documents/pickle/fastrcnn320/1080p/cut1_1758.pickle
191
COCO mAP: 0.10819532722234726
/home/wxz/Documents/pickle/fastrcnn320/1080p/cut7_561.pickle
192
COCO mAP: 0.2631170153617859
/home/wxz/Documents/pickle/fastrcnn320/1080p/cut3_1121.pickle
193
COCO mAP: 0.21206820011138916
/home/wxz/Documents/pickle/fastrcnn320/1080p/cut8_6838.pickle
194
COCO mAP: 0.34714341163635254
/home/wxz/Documents/pickle/fastrcnn320/1080p/cut3_8321.pickle
195
COCO mAP: 0.4628022611141205
/home/wxz/Documents/pickle/fastrcnn320/1080p/cut7_3125.pickle
196
COCO mAP: 0.34233567118644714
/home/wxz/Documents/pickle/fastrcnn320/1080p/cut3_4641.pickle
197
COCO mAP: 0.2949492931365967
/home/wxz/Documents/pickle/fastrcnn320/1080p/cut8_1435.pickle
198
COCO mAP: 0.5240960717201233
/home/wxz/Documents/pickle/fastrcnn320/1080p/cut1_1671.pickle
199
COCO mAP: 0.21881189942359924
/home/wxz/Documents/pickle/fastrcnn320/1080p/cut6_5713.pickle
200
COCO mAP: 0.46455883979797363
/home/wxz/Documents/pickle/fastrcnn320/1080p/cut4_4041.pickle
201
COCO mAP: 0.3054419159889221
/home/wxz/Documents/pickle/fastrcnn320/1080p/cut4_5801.pickle
202
COCO mAP: 0.21612446010112762
/home/wxz/Documents/pickle/fastrcnn320/1080p/cut3_6289.pickle
203
COCO mAP: 0.4300478994846344
/home/wxz/Documents/pickle/fastrcnn320/1080p/cut9_1.pickle
204
COCO mAP: 0.15707214176654816
/home/wxz/Documents/pickle/fastrcnn320/1080p/cut3_2833.pickle
205
COCO mAP: 0.5761303305625916
/home/wxz/Documents/pickle/fastrcnn320/1080p/cut5_2305.pickle
206
COCO mAP: 0.4205710291862488
/home/wxz/Documents/pickle/fastrcnn320/1080p/cut9_2417.pickle
207
COCO mAP: 0.41327738761901855
/home/wxz/Documents/pickle/fastrcnn320/1080p/cut2_4463.pickle
208
COCO mAP: 0.2981536090373993
/home/wxz/Documents/pickle/fastrcnn320/1080p/cut5_8161.pickle
209
COCO mAP: 0.5673142075538635
/home/wxz/Documents/pickle/fastrcnn320/1080p/cut1_3611.pickle
210
COCO mAP: 0.4574821889400482
/home/wxz/Documents/pickle/fastrcnn320/1080p/cut4_4601.pickle
211
COCO mAP: 0.2785990834236145
/home/wxz/Documents/pickle/fastrcnn320/1080p/cut4_8536.pickle
212
COCO mAP: 0.2573430836200714
/home/wxz/Documents/pickle/fastrcnn320/1080p/cut6_337.pickle
213
COCO mAP: 0.41435688734054565
/home/wxz/Documents/pickle/fastrcnn320/1080p/cut6_7543.pickle
214
COCO mAP: 0.2886422276496887
/home/wxz/Documents/pickle/fastrcnn320/1080p/cut2_1818.pickle
215
COCO mAP: 0.47981587052345276
/home/wxz/Documents/pickle/fastrcnn320/1080p/cut4_5021.pickle
216
COCO mAP: 0.2506168484687805
/home/wxz/Documents/pickle/fastrcnn320/1080p/cut4_7564.pickle
217
COCO mAP: 0.23237116634845734
/home/wxz/Documents/pickle/fastrcnn320/1080p/cut4_5461.pickle
218
COCO mAP: 0.3490784764289856
/home/wxz/Documents/pickle/fastrcnn320/1080p/cut8_7930.pickle
219
COCO mAP: 0.48567137122154236
/home/wxz/Documents/pickle/fastrcnn320/1080p/cut5_7361.pickle
220
COCO mAP: 0.5065084099769592
/home/wxz/Documents/pickle/fastrcnn320/1080p/cut6_1809.pickle
221
COCO mAP: 0.37829217314720154
/home/wxz/Documents/pickle/fastrcnn320/1080p/cut5_337.pickle
222
COCO mAP: 0.33034950494766235
/home/wxz/Documents/pickle/fastrcnn320/1080p/cut7_3785.pickle
223
COCO mAP: 0.3096168637275696
/home/wxz/Documents/pickle/fastrcnn320/1080p/cut2_231.pickle
224
COCO mAP: 0.3938526213169098
/home/wxz/Documents/pickle/fastrcnn320/1080p/cut9_5265.pickle
225
COCO mAP: 0.4071856141090393
/home/wxz/Documents/pickle/fastrcnn320/1080p/cut7_6065.pickle
226
COCO mAP: 0.4139905571937561
/home/wxz/Documents/pickle/fastrcnn320/1080p/cut3_6673.pickle
227
COCO mAP: 0.5588191151618958
/home/wxz/Documents/pickle/fastrcnn320/1080p/cut7_1585.pickle
228
COCO mAP: 0.4114464223384857
/home/wxz/Documents/pickle/fastrcnn320/1080p/cut1_4051.pickle
229
COCO mAP: 0.3232608437538147
/home/wxz/Documents/pickle/fastrcnn320/1080p/cut4_1081.pickle
230
COCO mAP: 0.17961880564689636
/home/wxz/Documents/pickle/fastrcnn320/1080p/cut2_5682.pickle
231
COCO mAP: 0.40783119201660156
/home/wxz/Documents/pickle/fastrcnn320/1080p/cut7_5225.pickle
232
COCO mAP: 0.34983256459236145
/home/wxz/Documents/pickle/fastrcnn320/1080p/cut7_6405.pickle
233
COCO mAP: 0.35834193229675293
/home/wxz/Documents/pickle/fastrcnn320/1080p/cut8_7230.pickle
234
COCO mAP: 0.21949860453605652
/home/wxz/Documents/pickle/fastrcnn320/1080p/cut6_3953.pickle
235
COCO mAP: 0.4171520173549652
/home/wxz/Documents/pickle/fastrcnn320/1080p/cut6_1393.pickle
236
COCO mAP: 0.39161765575408936
/home/wxz/Documents/pickle/fastrcnn320/1080p/cut1_1053.pickle
237
COCO mAP: 0.3551521599292755
/home/wxz/Documents/pickle/fastrcnn320/1080p/cut1_1228.pickle
238
COCO mAP: 0.3067935109138489
/home/wxz/Documents/pickle/fastrcnn320/1080p/cut4_8644.pickle
239
COCO mAP: 0.5364269614219666
/home/wxz/Documents/pickle/fastrcnn320/1080p/cut6_3713.pickle
240
COCO mAP: 0.35646310448646545
/home/wxz/Documents/pickle/fastrcnn320/1080p/cut1_4315.pickle
241
COCO mAP: 0.35820651054382324
/home/wxz/Documents/pickle/fastrcnn320/1080p/cut2_7177.pickle
242
COCO mAP: 0.1052866131067276
/home/wxz/Documents/pickle/fastrcnn320/1080p/cut6_2849.pickle
243
COCO mAP: 0.40727704763412476
/home/wxz/Documents/pickle/fastrcnn320/1080p/cut6_6036.pickle
244
COCO mAP: 0.45007190108299255
/home/wxz/Documents/pickle/fastrcnn320/1080p/cut7_385.pickle
245
COCO mAP: 0.37507161498069763
/home/wxz/Documents/pickle/fastrcnn320/1080p/cut1_4501.pickle
246
COCO mAP: 0.35240715742111206
/home/wxz/Documents/pickle/fastrcnn320/1080p/cut3_5505.pickle
247
COCO mAP: 0.5168012380599976
/home/wxz/Documents/pickle/fastrcnn320/1080p/cut3_8993.pickle
248
COCO mAP: 0.4068242013454437
/home/wxz/Documents/pickle/fastrcnn320/1080p/cut3_8225.pickle
249
COCO mAP: 0.4893735349178314
/home/wxz/Documents/pickle/fastrcnn320/1080p/cut1_7754.pickle
250
COCO mAP: 0.18739274144172668
/home/wxz/Documents/pickle/fastrcnn320/1080p/cut3_3073.pickle
251
COCO mAP: 0.5889318585395813
/home/wxz/Documents/pickle/fastrcnn320/1080p/cut1_1404.pickle
252
COCO mAP: 0.2684425711631775
/home/wxz/Documents/pickle/fastrcnn320/1080p/cut7_6505.pickle
253
COCO mAP: 0.2121552973985672
/home/wxz/Documents/pickle/fastrcnn320/1080p/cut4_6021.pickle
254
COCO mAP: 0.26198557019233704
/home/wxz/Documents/pickle/fastrcnn320/1080p/cut4_821.pickle
255
COCO mAP: 0.27637389302253723
/home/wxz/Documents/pickle/fastrcnn320/1080p/cut9_5361.pickle
256
COCO mAP: 0.41149044036865234
/home/wxz/Documents/pickle/fastrcnn320/1080p/cut1_7139.pickle
257
COCO mAP: 0.11388157308101654
/home/wxz/Documents/pickle/fastrcnn320/1080p/cut8_3829.pickle
258
COCO mAP: 0.21581678092479706
/home/wxz/Documents/pickle/fastrcnn320/1080p/cut1_8114.pickle
259
COCO mAP: 0.317830890417099
/home/wxz/Documents/pickle/fastrcnn320/1080p/cut3_6961.pickle
260
COCO mAP: 0.36974626779556274
/home/wxz/Documents/pickle/fastrcnn320/1080p/cut5_4209.pickle
261
COCO mAP: 0.5563080906867981
/home/wxz/Documents/pickle/fastrcnn320/1080p/cut1_7004.pickle
262
COCO mAP: 0.13669966161251068
/home/wxz/Documents/pickle/fastrcnn320/1080p/cut5_5809.pickle
263
COCO mAP: 0.45948681235313416
/home/wxz/Documents/pickle/fastrcnn320/1080p/cut1_7524.pickle
264
COCO mAP: 0.2835618257522583
/home/wxz/Documents/pickle/fastrcnn320/1080p/cut8_3507.pickle
265
COCO mAP: 0.22242672741413116
/home/wxz/Documents/pickle/fastrcnn320/1080p/cut8_6922.pickle
266
COCO mAP: 0.30211541056632996
/home/wxz/Documents/pickle/fastrcnn320/1080p/cut1_4758.pickle
267
COCO mAP: 0.4528951644897461
/home/wxz/Documents/pickle/fastrcnn320/1080p/cut7_2965.pickle
268
COCO mAP: 0.3425557017326355
/home/wxz/Documents/pickle/fastrcnn320/1080p/cut1_6332.pickle
269
COCO mAP: 0.4887846112251282
/home/wxz/Documents/pickle/fastrcnn320/1080p/cut3_337.pickle
270
COCO mAP: 0.5736337900161743
/home/wxz/Documents/pickle/fastrcnn320/1080p/cut8_4123.pickle
271
COCO mAP: 0.3116667866706848
/home/wxz/Documents/pickle/fastrcnn320/1080p/cut7_3845.pickle
272
COCO mAP: 0.4141053259372711
/home/wxz/Documents/pickle/fastrcnn320/1080p/cut3_7201.pickle
273
COCO mAP: 0.20712360739707947
/home/wxz/Documents/pickle/fastrcnn320/1080p/cut9_3425.pickle
274
COCO mAP: 0.061881184577941895
/home/wxz/Documents/pickle/fastrcnn320/1080p/cut5_8449.pickle
275
COCO mAP: 0.4554608464241028
/home/wxz/Documents/pickle/fastrcnn320/1080p/cut2_2094.pickle
276
COCO mAP: 0.36957940459251404
/home/wxz/Documents/pickle/fastrcnn320/1080p/cut4_1321.pickle
277
COCO mAP: 0.5592718124389648
/home/wxz/Documents/pickle/fastrcnn320/1080p/cut8_5704.pickle
278
COCO mAP: 0.2678065896034241
/home/wxz/Documents/pickle/fastrcnn320/1080p/cut9_2609.pickle
279
COCO mAP: 0.6869011521339417
/home/wxz/Documents/pickle/fastrcnn320/1080p/cut4_6754.pickle
280
COCO mAP: 0.37319016456604004
/home/wxz/Documents/pickle/fastrcnn320/1080p/cut3_2929.pickle
281
COCO mAP: 0.4025036692619324
/home/wxz/Documents/pickle/fastrcnn320/1080p/cut2_4141.pickle
282
COCO mAP: 0.3563721179962158
/home/wxz/Documents/pickle/fastrcnn320/1080p/cut6_3233.pickle
283
COCO mAP: 0.37655001878738403
/home/wxz/Documents/pickle/fastrcnn320/1080p/cut3_6481.pickle
284
COCO mAP: 0.3963790535926819
/home/wxz/Documents/pickle/fastrcnn320/1080p/cut7_2525.pickle
285
COCO mAP: 0.31124287843704224
/home/wxz/Documents/pickle/fastrcnn320/1080p/cut8_1337.pickle
286
COCO mAP: 0.31886380910873413
/home/wxz/Documents/pickle/fastrcnn320/1080p/cut7_1693.pickle
287
COCO mAP: 0.29141944646835327
/home/wxz/Documents/pickle/fastrcnn320/1080p/cut5_561.pickle
288
COCO mAP: 0.27393680810928345
/home/wxz/Documents/pickle/fastrcnn320/1080p/cut1_7314.pickle
289
COCO mAP: 0.04306931048631668
/home/wxz/Documents/pickle/fastrcnn320/1080p/cut4_6916.pickle
290
COCO mAP: 0.26993033289909363
/home/wxz/Documents/pickle/fastrcnn320/1080p/cut6_2145.pickle
291
COCO mAP: 0.388542503118515
/home/wxz/Documents/pickle/fastrcnn320/1080p/cut5_193.pickle
292
COCO mAP: 0.23427549004554749
/home/wxz/Documents/pickle/fastrcnn320/1080p/cut6_8569.pickle
293
COCO mAP: 0.4309622645378113
/home/wxz/Documents/pickle/fastrcnn320/1080p/cut5_5505.pickle
294
COCO mAP: 0.466844379901886
/home/wxz/Documents/pickle/fastrcnn320/1080p/cut1_7254.pickle
295
COCO mAP: 0.22300013899803162
/home/wxz/Documents/pickle/fastrcnn320/1080p/cut2_2554.pickle
296
COCO mAP: 0.3682224750518799
/home/wxz/Documents/pickle/fastrcnn320/1080p/cut8_4039.pickle
297
COCO mAP: 0.1532340794801712
/home/wxz/Documents/pickle/fastrcnn320/1080p/cut9_3921.pickle
298
COCO mAP: 0.579548716545105
/home/wxz/Documents/pickle/fastrcnn320/1080p/cut7_4505.pickle
299
COCO mAP: 0.4686710834503174
/home/wxz/Documents/pickle/fastrcnn320/1080p/cut4_8992.pickle
300
COCO mAP: 0.2956136167049408
/home/wxz/Documents/pickle/fastrcnn320/1080p/cut6_4721.pickle
301
COCO mAP: 0.5527372360229492
/home/wxz/Documents/pickle/fastrcnn320/1080p/cut7_6945.pickle
302
COCO mAP: 0.5842111110687256
/home/wxz/Documents/pickle/fastrcnn320/1080p/cut2_3405.pickle
303
COCO mAP: 0.3025839328765869
/home/wxz/Documents/pickle/fastrcnn320/1080p/cut2_8672.pickle
304
COCO mAP: 0.46693357825279236
/home/wxz/Documents/pickle/fastrcnn320/1080p/cut1_3876.pickle
305
COCO mAP: 0.36842474341392517
/home/wxz/Documents/pickle/fastrcnn320/1080p/cut9_529.pickle
306
COCO mAP: 0.5277731418609619
/home/wxz/Documents/pickle/fastrcnn320/1080p/cut9_2945.pickle
307
COCO mAP: 0.36908790469169617
/home/wxz/Documents/pickle/fastrcnn320/1080p/cut4_3561.pickle
308
COCO mAP: 0.4895094931125641
/home/wxz/Documents/pickle/fastrcnn320/1080p/cut4_6574.pickle
309
COCO mAP: 0.2581879794597626
/home/wxz/Documents/pickle/fastrcnn320/1080p/cut9_2129.pickle
310
COCO mAP: 0.5156449675559998
/home/wxz/Documents/pickle/fastrcnn320/1080p/cut9_2513.pickle
311
COCO mAP: 0.15324199199676514
/home/wxz/Documents/pickle/fastrcnn320/1080p/cut3_3441.pickle
312
COCO mAP: 0.3633914589881897
/home/wxz/Documents/pickle/fastrcnn320/1080p/cut3_7409.pickle
313
COCO mAP: 0.41267067193984985
/home/wxz/Documents/pickle/fastrcnn320/1080p/cut7_1201.pickle
314
COCO mAP: 0.39516007900238037
/home/wxz/Documents/pickle/fastrcnn320/1080p/cut2_1772.pickle
315
COCO mAP: 0.3691164255142212
/home/wxz/Documents/pickle/fastrcnn320/1080p/cut1_966.pickle
316
COCO mAP: 0.013154173269867897
/home/wxz/Documents/pickle/fastrcnn320/1080p/cut1_2732.pickle
317
COCO mAP: 0.047359734773635864
/home/wxz/Documents/pickle/fastrcnn320/1080p/cut7_8405.pickle
318
COCO mAP: 0.7417542338371277
/home/wxz/Documents/pickle/fastrcnn320/1080p/cut3_257.pickle
319
COCO mAP: 0.3667348027229309
/home/wxz/Documents/pickle/fastrcnn320/1080p/cut9_6241.pickle
320
COCO mAP: 0.23602759838104248
/home/wxz/Documents/pickle/fastrcnn320/1080p/cut1_3964.pickle
321
COCO mAP: 0.3497435748577118
/home/wxz/Documents/pickle/fastrcnn320/1080p/cut7_7885.pickle
322
COCO mAP: 0.43364644050598145
/home/wxz/Documents/pickle/fastrcnn320/1080p/cut5_4785.pickle
323
COCO mAP: 0.1761147379875183
/home/wxz/Documents/pickle/fastrcnn320/1080p/cut4_1141.pickle
324
COCO mAP: 0.5915991067886353
/home/wxz/Documents/pickle/fastrcnn320/1080p/cut6_4913.pickle
325
COCO mAP: 0.4925418496131897
/home/wxz/Documents/pickle/fastrcnn320/1080p/cut4_2441.pickle
326
COCO mAP: 0.35861891508102417
/home/wxz/Documents/pickle/fastrcnn320/1080p/cut1_2645.pickle
327
COCO mAP: 0.0
/home/wxz/Documents/pickle/fastrcnn320/1080p/cut9_5025.pickle
328
COCO mAP: 0.30448853969573975
/home/wxz/Documents/pickle/fastrcnn320/1080p/cut7_7605.pickle
329
COCO mAP: 0.4771517217159271
/home/wxz/Documents/pickle/fastrcnn320/1080p/cut3_1329.pickle
330
COCO mAP: 0.1105610579252243
/home/wxz/Documents/pickle/fastrcnn320/1080p/cut3_1025.pickle
331
COCO mAP: 0.21471533179283142
/home/wxz/Documents/pickle/fastrcnn320/1080p/cut7_8325.pickle
332
COCO mAP: 0.34657996892929077
/home/wxz/Documents/pickle/fastrcnn320/1080p/cut5_8065.pickle
333
COCO mAP: 0.45784831047058105
/home/wxz/Documents/pickle/fastrcnn320/1080p/cut1_3002.pickle
334
COCO mAP: 0.0356435626745224
/home/wxz/Documents/pickle/fastrcnn320/1080p/cut7_2645.pickle
335
COCO mAP: 0.2231915295124054
/home/wxz/Documents/pickle/fastrcnn320/1080p/cut7_1265.pickle
336
COCO mAP: 0.31342026591300964
/home/wxz/Documents/pickle/fastrcnn320/1080p/cut8_702.pickle
337
COCO mAP: 0.47380155324935913
/home/wxz/Documents/pickle/fastrcnn320/1080p/cut8_7006.pickle
338
COCO mAP: 0.2882409691810608
/home/wxz/Documents/pickle/fastrcnn320/1080p/cut5_7633.pickle
339
COCO mAP: 0.3190215528011322
/home/wxz/Documents/pickle/fastrcnn320/1080p/cut4_8104.pickle
340
COCO mAP: 0.29229840636253357
/home/wxz/Documents/pickle/fastrcnn320/1080p/cut5_8737.pickle
341
COCO mAP: 0.4234752058982849
/home/wxz/Documents/pickle/fastrcnn320/1080p/cut3_1713.pickle
342
COCO mAP: 0.1640765368938446
/home/wxz/Documents/pickle/fastrcnn320/1080p/cut3_5713.pickle
343
COCO mAP: 0.35703468322753906
/home/wxz/Documents/pickle/fastrcnn320/1080p/cut4_5601.pickle
344
COCO mAP: 0.3267284035682678
/home/wxz/Documents/pickle/fastrcnn320/1080p/cut1_5889.pickle
345
COCO mAP: 0.3336213529109955
/home/wxz/Documents/pickle/fastrcnn320/1080p/cut9_913.pickle
346
COCO mAP: 0.4360831379890442
/home/wxz/Documents/pickle/fastrcnn320/1080p/cut5_6833.pickle
347
COCO mAP: 0.3760662078857422
/home/wxz/Documents/pickle/fastrcnn320/1080p/cut6_721.pickle
348
COCO mAP: 0.49736541509628296
/home/wxz/Documents/pickle/fastrcnn320/1080p/cut3_7841.pickle
349
COCO mAP: 0.28029435873031616
/home/wxz/Documents/pickle/fastrcnn320/1080p/cut7_7065.pickle
350
COCO mAP: 0.17888858914375305
/home/wxz/Documents/pickle/fastrcnn320/1080p/cut3_7057.pickle
351
COCO mAP: 0.34345847368240356
/home/wxz/Documents/pickle/fastrcnn320/1080p/cut4_7780.pickle
352
COCO mAP: 0.26560673117637634
/home/wxz/Documents/pickle/fastrcnn320/1080p/cut4_2621.pickle
353
COCO mAP: 0.4791735112667084
/home/wxz/Documents/pickle/fastrcnn320/1080p/cut5_7537.pickle
354
COCO mAP: 0.462171733379364
/home/wxz/Documents/pickle/fastrcnn320/1080p/cut5_8641.pickle
355
COCO mAP: 0.5200859308242798
/home/wxz/Documents/pickle/fastrcnn320/1080p/cut8_3955.pickle
356
COCO mAP: 0.3593812882900238
/home/wxz/Documents/pickle/fastrcnn320/1080p/cut2_1634.pickle
357
COCO mAP: 0.43439728021621704
/home/wxz/Documents/pickle/fastrcnn320/1080p/cut5_1425.pickle
358
COCO mAP: 0.357991099357605
/home/wxz/Documents/pickle/fastrcnn320/1080p/cut1_8939.pickle
359
COCO mAP: 0.4206933379173279
/home/wxz/Documents/pickle/fastrcnn320/1080p/cut2_2922.pickle
360
COCO mAP: 0.3870818018913269
/home/wxz/Documents/pickle/fastrcnn320/1080p/cut8_7328.pickle
361
COCO mAP: 0.16092923283576965
/home/wxz/Documents/pickle/fastrcnn320/1080p/cut8_2821.pickle
362
COCO mAP: 0.17338520288467407
/home/wxz/Documents/pickle/fastrcnn320/1080p/cut8_5312.pickle
363
COCO mAP: 0.29034751653671265
/home/wxz/Documents/pickle/fastrcnn320/1080p/cut1_1140.pickle
364
COCO mAP: 0.34202998876571655
/home/wxz/Documents/pickle/fastrcnn320/1080p/cut4_2721.pickle
365
COCO mAP: 0.42919212579727173
/home/wxz/Documents/pickle/fastrcnn320/1080p/cut7_481.pickle
366
COCO mAP: 0.2155492752790451
/home/wxz/Documents/pickle/fastrcnn320/1080p/cut7_8105.pickle
367
COCO mAP: 0.5544959306716919
/home/wxz/Documents/pickle/fastrcnn320/1080p/cut8_6726.pickle
368
COCO mAP: 0.28452447056770325
/home/wxz/Documents/pickle/fastrcnn320/1080p/cut5_289.pickle
369
COCO mAP: 0.19105306267738342
/home/wxz/Documents/pickle/fastrcnn320/1080p/cut9_1601.pickle
370
COCO mAP: 0.258652001619339
/home/wxz/Documents/pickle/fastrcnn320/1080p/cut9_1409.pickle
371
COCO mAP: 0.5432822704315186
/home/wxz/Documents/pickle/fastrcnn320/1080p/cut9_1201.pickle
372
COCO mAP: 0.3673604428768158
/home/wxz/Documents/pickle/fastrcnn320/1080p/cut5_6257.pickle
373
COCO mAP: 0.33333465456962585
/home/wxz/Documents/pickle/fastrcnn320/1080p/cut9_625.pickle
374
COCO mAP: 0.5325552225112915
/home/wxz/Documents/pickle/fastrcnn320/1080p/cut8_8462.pickle
375
COCO mAP: 0.2101755142211914
/home/wxz/Documents/pickle/fastrcnn320/1080p/cut8_8014.pickle
376
COCO mAP: 0.31863483786582947
/home/wxz/Documents/pickle/fastrcnn320/1080p/cut3_5409.pickle
377
COCO mAP: 0.3587091565132141
/home/wxz/Documents/pickle/fastrcnn320/1080p/cut2_507.pickle
378
COCO mAP: 0.6305266618728638
/home/wxz/Documents/pickle/fastrcnn320/1080p/cut2_2485.pickle
379
COCO mAP: 0.24412938952445984
/home/wxz/Documents/pickle/fastrcnn320/1080p/cut6_5313.pickle
380
COCO mAP: 0.36233624815940857
/home/wxz/Documents/pickle/fastrcnn320/1080p/cut3_3313.pickle
381
COCO mAP: 0.5107854604721069
/home/wxz/Documents/pickle/fastrcnn320/1080p/cut5_6545.pickle
382
COCO mAP: 0.5437899827957153
/home/wxz/Documents/pickle/fastrcnn320/1080p/cut3_5025.pickle
383
COCO mAP: 0.44073328375816345
/home/wxz/Documents/pickle/fastrcnn320/1080p/cut8_1113.pickle
384
COCO mAP: 0.30445095896720886
/home/wxz/Documents/pickle/fastrcnn320/1080p/cut3_8033.pickle
385
COCO mAP: 0.43792134523391724
/home/wxz/Documents/pickle/fastrcnn320/1080p/cut4_2841.pickle
386
COCO mAP: 0.2571554481983185
/home/wxz/Documents/pickle/fastrcnn320/1080p/cut3_5217.pickle
387
COCO mAP: 0.19691970944404602
/home/wxz/Documents/pickle/fastrcnn320/1080p/cut2_2715.pickle
388
COCO mAP: 0.5492020845413208
/home/wxz/Documents/pickle/fastrcnn320/1080p/cut6_7453.pickle
389
COCO mAP: 0.27666088938713074
/home/wxz/Documents/pickle/fastrcnn320/1080p/cut6_817.pickle
390
COCO mAP: 0.3665836453437805
/home/wxz/Documents/pickle/fastrcnn320/1080p/cut3_2737.pickle
391
COCO mAP: 0.23391366004943848
/home/wxz/Documents/pickle/fastrcnn320/1080p/cut7_2885.pickle
392
COCO mAP: 0.3330134451389313
/home/wxz/Documents/pickle/fastrcnn320/1080p/cut5_3441.pickle
393
COCO mAP: 0.3237346112728119
/home/wxz/Documents/pickle/fastrcnn320/1080p/cut1_7644.pickle
394
COCO mAP: 0.3109171986579895
/home/wxz/Documents/pickle/fastrcnn320/1080p/cut3_5809.pickle
395
COCO mAP: 0.3398425877094269
/home/wxz/Documents/pickle/fastrcnn320/1080p/cut8_7804.pickle
396
COCO mAP: 0.39574748277664185
/home/wxz/Documents/pickle/fastrcnn320/1080p/cut3_5601.pickle
397
COCO mAP: 0.3412676453590393
/home/wxz/Documents/pickle/fastrcnn320/1080p/cut5_7073.pickle
398
COCO mAP: 0.13603709638118744
/home/wxz/Documents/pickle/fastrcnn320/1080p/cut9_6305.pickle
399
COCO mAP: 0.34059420228004456
/home/wxz/Documents/pickle/fastrcnn320/1080p/cut3_8129.pickle
400
COCO mAP: 0.31951215863227844
/home/wxz/Documents/pickle/fastrcnn320/1080p/cut5_4545.pickle
401
COCO mAP: 0.401844322681427
/home/wxz/Documents/pickle/fastrcnn320/1080p/cut7_3425.pickle
402
COCO mAP: 0.32379409670829773
/home/wxz/Documents/pickle/fastrcnn320/1080p/cut3_8513.pickle
403
COCO mAP: 0.23149244487285614
/home/wxz/Documents/pickle/fastrcnn320/1080p/cut8_506.pickle
404
COCO mAP: 0.4010091722011566
/home/wxz/Documents/pickle/fastrcnn320/1080p/cut2_5912.pickle
405
COCO mAP: 0.40028277039527893
/home/wxz/Documents/pickle/fastrcnn320/1080p/cut5_2545.pickle
406
COCO mAP: 0.1711549609899521
/home/wxz/Documents/pickle/fastrcnn320/1080p/cut3_4209.pickle
407
COCO mAP: 0.24879571795463562
/home/wxz/Documents/pickle/fastrcnn320/1080p/cut6_8029.pickle
408
COCO mAP: 0.36152374744415283
/home/wxz/Documents/pickle/fastrcnn320/1080p/cut8_7510.pickle
409
COCO mAP: 0.2790708541870117
/home/wxz/Documents/pickle/fastrcnn320/1080p/cut3_2001.pickle
410
COCO mAP: 0.22443321347236633
/home/wxz/Documents/pickle/fastrcnn320/1080p/cut3_7937.pickle
411
COCO mAP: 0.5068941116333008
/home/wxz/Documents/pickle/fastrcnn320/1080p/cut3_705.pickle
412
COCO mAP: 0.31146055459976196
/home/wxz/Documents/pickle/fastrcnn320/1080p/cut4_2241.pickle
413
COCO mAP: 0.39866507053375244
/home/wxz/Documents/pickle/fastrcnn320/1080p/cut2_7522.pickle
414
COCO mAP: 0.3988427221775055
/home/wxz/Documents/pickle/fastrcnn320/1080p/cut2_8879.pickle
415
COCO mAP: 0.48249831795692444
/home/wxz/Documents/pickle/fastrcnn320/1080p/cut9_4017.pickle
416
COCO mAP: 0.41288480162620544
/home/wxz/Documents/pickle/fastrcnn320/1080p/cut3_3857.pickle
417
COCO mAP: 0.4993508458137512
/home/wxz/Documents/pickle/fastrcnn320/1080p/cut5_4641.pickle
418
COCO mAP: 0.46735113859176636
/home/wxz/Documents/pickle/fastrcnn320/1080p/cut4_7024.pickle
419
COCO mAP: 0.28417840600013733
/home/wxz/Documents/pickle/fastrcnn320/1080p/cut5_5713.pickle
420
COCO mAP: 0.20278775691986084
/home/wxz/Documents/pickle/fastrcnn320/1080p/cut5_1377.pickle
421
COCO mAP: 0.37502551078796387
/home/wxz/Documents/pickle/fastrcnn320/1080p/cut7_3545.pickle
422
COCO mAP: 0.3345162272453308
/home/wxz/Documents/pickle/fastrcnn320/1080p/cut5_3105.pickle
423
COCO mAP: 0.5383489727973938
/home/wxz/Documents/pickle/fastrcnn320/1080p/cut1_4671.pickle
424
COCO mAP: 0.30045512318611145
/home/wxz/Documents/pickle/fastrcnn320/1080p/cut4_6293.pickle
425
COCO mAP: 0.31545308232307434
/home/wxz/Documents/pickle/fastrcnn320/1080p/cut9_2033.pickle
426
COCO mAP: 0.6433188915252686
/home/wxz/Documents/pickle/fastrcnn320/1080p/cut9_4913.pickle
427
COCO mAP: 0.41699808835983276
/home/wxz/Documents/pickle/fastrcnn320/1080p/cut5_1713.pickle
428
COCO mAP: 0.37747108936309814
/home/wxz/Documents/pickle/fastrcnn320/1080p/cut8_8602.pickle
429
COCO mAP: 0.31191226840019226
/home/wxz/Documents/pickle/fastrcnn320/1080p/cut1_2908.pickle
430
COCO mAP: 0.006435643881559372
/home/wxz/Documents/pickle/fastrcnn320/1080p/cut8_4431.pickle
431
COCO mAP: 0.053952980786561966
/home/wxz/Documents/pickle/fastrcnn320/1080p/cut3_1633.pickle
432
COCO mAP: 0.14578869938850403
/home/wxz/Documents/pickle/fastrcnn320/1080p/cut5_3633.pickle
433
COCO mAP: 0.22214484214782715
/home/wxz/Documents/pickle/fastrcnn320/1080p/cut3_609.pickle
434
COCO mAP: 0.39317527413368225
/home/wxz/Documents/pickle/fastrcnn320/1080p/cut3_417.pickle
435
COCO mAP: 0.37735265493392944
/home/wxz/Documents/pickle/fastrcnn320/1080p/cut2_3704.pickle
436
COCO mAP: 0.2227136641740799
/home/wxz/Documents/pickle/fastrcnn320/1080p/cut4_461.pickle
437
COCO mAP: 0.3620149791240692
/home/wxz/Documents/pickle/fastrcnn320/1080p/cut2_7361.pickle
438
COCO mAP: 0.5419318079948425
/home/wxz/Documents/pickle/fastrcnn320/1080p/cut8_1827.pickle
439
COCO mAP: 0.3198164105415344
/home/wxz/Documents/pickle/fastrcnn320/1080p/cut2_8603.pickle
440
COCO mAP: 0.45033302903175354
/home/wxz/Documents/pickle/fastrcnn320/1080p/cut8_2331.pickle
441
COCO mAP: 0.2447240650653839
/home/wxz/Documents/pickle/fastrcnn320/1080p/cut7_2145.pickle
442
COCO mAP: 0.36556005477905273
/home/wxz/Documents/pickle/fastrcnn320/1080p/cut9_6145.pickle
443
COCO mAP: 0.2721281051635742
/home/wxz/Documents/pickle/fastrcnn320/1080p/cut2_3106.pickle
444
COCO mAP: 0.4090907573699951
/home/wxz/Documents/pickle/fastrcnn320/1080p/cut3_6001.pickle
445
COCO mAP: 0.2200840413570404
/home/wxz/Documents/pickle/fastrcnn320/1080p/cut3_1809.pickle
446
COCO mAP: 0.13190947473049164
/home/wxz/Documents/pickle/fastrcnn320/1080p/cut1_8319.pickle
447
COCO mAP: 0.4099403917789459
/home/wxz/Documents/pickle/fastrcnn320/1080p/cut6_193.pickle
448
COCO mAP: 0.49879688024520874
/home/wxz/Documents/pickle/fastrcnn320/1080p/cut1_1846.pickle
449
COCO mAP: 0.12924399971961975
/home/wxz/Documents/pickle/fastrcnn320/1080p/cut6_8785.pickle
450
COCO mAP: 0.4286414682865143
/home/wxz/Documents/pickle/fastrcnn320/1080p/cut9_5409.pickle
451
COCO mAP: 0.2927820682525635
/home/wxz/Documents/pickle/fastrcnn320/1080p/cut5_657.pickle
452
COCO mAP: 0.21625109016895294
/home/wxz/Documents/pickle/fastrcnn320/1080p/cut6_8353.pickle
453
COCO mAP: 0.527488112449646
/home/wxz/Documents/pickle/fastrcnn320/1080p/cut8_8924.pickle
454
COCO mAP: 0.093459352850914
/home/wxz/Documents/pickle/fastrcnn320/1080p/cut6_5934.pickle
455
COCO mAP: 0.41646599769592285
/home/wxz/Documents/pickle/fastrcnn320/1080p/cut3_8417.pickle
456
COCO mAP: 0.2810649275779724
/home/wxz/Documents/pickle/fastrcnn320/1080p/cut4_8068.pickle
457
COCO mAP: 0.1875290721654892
/home/wxz/Documents/pickle/fastrcnn320/1080p/cut9_1105.pickle
458
COCO mAP: 0.437802255153656
/home/wxz/Documents/pickle/fastrcnn320/1080p/cut7_8825.pickle
459
COCO mAP: 0.5245863199234009
/home/wxz/Documents/pickle/fastrcnn320/1080p/cut2_3612.pickle
460
COCO mAP: 0.3512367308139801
/home/wxz/Documents/pickle/fastrcnn320/1080p/cut6_3041.pickle
461
COCO mAP: 0.4209558069705963
/home/wxz/Documents/pickle/fastrcnn320/1080p/cut7_4425.pickle
462
COCO mAP: 0.4117368757724762
/home/wxz/Documents/pickle/fastrcnn320/1080p/cut7_6705.pickle
463
COCO mAP: 0.4275709092617035
/home/wxz/Documents/pickle/fastrcnn320/1080p/cut9_209.pickle
464
COCO mAP: 0.5923388004302979
/home/wxz/Documents/pickle/fastrcnn320/1080p/cut4_261.pickle
465
COCO mAP: 0.1940140724182129
/home/wxz/Documents/pickle/fastrcnn320/1080p/cut4_3401.pickle
466
COCO mAP: 0.48205670714378357
/home/wxz/Documents/pickle/fastrcnn320/1080p/cut3_3217.pickle
467
COCO mAP: 0.4724558889865875
/home/wxz/Documents/pickle/fastrcnn320/1080p/cut9_4641.pickle
468
COCO mAP: 0.35943424701690674
/home/wxz/Documents/pickle/fastrcnn320/1080p/cut7_6365.pickle
469
COCO mAP: 0.3435462713241577
/home/wxz/Documents/pickle/fastrcnn320/1080p/cut4_3241.pickle
470
COCO mAP: 0.3736264407634735
/home/wxz/Documents/pickle/fastrcnn320/1080p/cut8_8546.pickle
471
COCO mAP: 0.2455884963274002
/home/wxz/Documents/pickle/fastrcnn320/1080p/cut8_8840.pickle
472
COCO mAP: 0.25784122943878174
/home/wxz/Documents/pickle/fastrcnn320/1080p/cut3_7505.pickle
473
COCO mAP: 0.481702983379364
/home/wxz/Documents/pickle/fastrcnn320/1080p/cut5_7969.pickle
474
COCO mAP: 0.5232397317886353
/home/wxz/Documents/pickle/fastrcnn320/1080p/cut4_7258.pickle
475
COCO mAP: 0.20087699592113495
/home/wxz/Documents/pickle/fastrcnn320/1080p/cut4_1801.pickle
476
COCO mAP: 0.5619192123413086
/home/wxz/Documents/pickle/fastrcnn320/1080p/cut7_4845.pickle
477
COCO mAP: 0.45192766189575195
/home/wxz/Documents/pickle/fastrcnn320/1080p/cut6_8137.pickle
478
COCO mAP: 0.40958279371261597
/home/wxz/Documents/pickle/fastrcnn320/1080p/cut4_761.pickle
479
COCO mAP: 0.2385566234588623
/home/wxz/Documents/pickle/fastrcnn320/1080p/cut2_8925.pickle
480
COCO mAP: 0.2922540605068207
/home/wxz/Documents/pickle/fastrcnn320/1080p/cut4_5281.pickle
481
COCO mAP: 0.45566797256469727
/home/wxz/Documents/pickle/fastrcnn320/1080p/cut1_5700.pickle
482
COCO mAP: 0.36982378363609314
/home/wxz/Documents/pickle/fastrcnn320/1080p/cut7_641.pickle
483
COCO mAP: 0.20952586829662323
/home/wxz/Documents/pickle/fastrcnn320/1080p/cut2_5751.pickle
484
COCO mAP: 0.07868081331253052
/home/wxz/Documents/pickle/fastrcnn320/1080p/cut9_113.pickle
485
COCO mAP: 0.654297947883606
/home/wxz/Documents/pickle/fastrcnn320/1080p/cut4_7348.pickle
486
COCO mAP: 0.2612707018852234
/home/wxz/Documents/pickle/fastrcnn320/1080p/cut1_3438.pickle
487
COCO mAP: 0.23616723716259003
/home/wxz/Documents/pickle/fastrcnn320/1080p/cut7_4305.pickle
488
COCO mAP: 0.36637061834335327
/home/wxz/Documents/pickle/fastrcnn320/1080p/cut5_897.pickle
489
COCO mAP: 0.2380940467119217
/home/wxz/Documents/pickle/fastrcnn320/1080p/cut3_3601.pickle
490
COCO mAP: 0.45371490716934204
/home/wxz/Documents/pickle/fastrcnn320/1080p/cut5_8881.pickle
491
COCO mAP: 0.4571676254272461
/home/wxz/Documents/pickle/fastrcnn320/1080p/cut5_3729.pickle
492
COCO mAP: 0.3499683737754822
/home/wxz/Documents/pickle/fastrcnn320/1080p/cut4_6412.pickle
493
COCO mAP: 0.5991874933242798
/home/wxz/Documents/pickle/fastrcnn320/1080p/cut5_3809.pickle
494
COCO mAP: 0.29370662569999695
/home/wxz/Documents/pickle/fastrcnn320/1080p/cut4_7672.pickle
495
COCO mAP: 0.2087755650281906
/home/wxz/Documents/pickle/fastrcnn320/1080p/cut1_2820.pickle
496
COCO mAP: 0.04356435686349869
/home/wxz/Documents/pickle/fastrcnn320/1080p/cut4_521.pickle
497
COCO mAP: 0.2925722002983093
/home/wxz/Documents/pickle/fastrcnn320/1080p/cut9_1937.pickle
498
COCO mAP: 0.49592310190200806
/home/wxz/Documents/pickle/fastrcnn320/1080p/cut6_5611.pickle
499
COCO mAP: 0.42806476354599
/home/wxz/Documents/pickle/fastrcnn320/1080p/cut4_2001.pickle
500
COCO mAP: 0.1062631830573082
/home/wxz/Documents/pickle/fastrcnn320/1080p/cut1_5373.pickle
501
COCO mAP: 0.4482758045196533
/home/wxz/Documents/pickle/fastrcnn320/1080p/cut8_912.pickle
502
COCO mAP: 0.5281957387924194
/home/wxz/Documents/pickle/fastrcnn320/1080p/cut6_6750.pickle
503
COCO mAP: 0.3529384434223175
/home/wxz/Documents/pickle/fastrcnn320/1080p/cut4_5401.pickle
504
COCO mAP: 0.29756876826286316
/home/wxz/Documents/pickle/fastrcnn320/1080p/cut3_3505.pickle
505
COCO mAP: 0.4359787404537201
/home/wxz/Documents/pickle/fastrcnn320/1080p/cut5_8353.pickle
506
COCO mAP: 0.33666282892227173
/home/wxz/Documents/pickle/fastrcnn320/1080p/cut6_8461.pickle
507
COCO mAP: 0.4968634247779846
/home/wxz/Documents/pickle/fastrcnn320/1080p/cut7_5945.pickle
508
COCO mAP: 0.14092092216014862
/home/wxz/Documents/pickle/fastrcnn320/1080p/cut3_2609.pickle
509
COCO mAP: 0.5194467902183533
/home/wxz/Documents/pickle/fastrcnn320/1080p/cut6_7741.pickle
510
COCO mAP: 0.37574154138565063
/home/wxz/Documents/pickle/fastrcnn320/1080p/cut8_4613.pickle
511
COCO mAP: 0.3430652916431427
/home/wxz/Documents/pickle/fastrcnn320/1080p/cut2_852.pickle
512
COCO mAP: 0.41454750299453735
/home/wxz/Documents/pickle/fastrcnn320/1080p/cut5_4017.pickle
513
COCO mAP: 0.6181238889694214
/home/wxz/Documents/pickle/fastrcnn320/1080p/cut1_4931.pickle
514
COCO mAP: 0.46513110399246216
/home/wxz/Documents/pickle/fastrcnn320/1080p/cut6_5201.pickle
515
COCO mAP: 0.2924272418022156
/home/wxz/Documents/pickle/fastrcnn320/1080p/cut8_3619.pickle
516
COCO mAP: 0.1797029823064804
/home/wxz/Documents/pickle/fastrcnn320/1080p/cut2_6717.pickle
517
COCO mAP: 0.5494366884231567
/home/wxz/Documents/pickle/fastrcnn320/1080p/cut4_7996.pickle
518
COCO mAP: 0.2426137924194336
/home/wxz/Documents/pickle/fastrcnn320/1080p/cut8_1519.pickle
519
COCO mAP: 0.35586345195770264
/home/wxz/Documents/pickle/fastrcnn320/1080p/cut2_5061.pickle
520
COCO mAP: 0.17985551059246063
/home/wxz/Documents/pickle/fastrcnn320/1080p/cut5_7265.pickle
521
COCO mAP: 0.466329425573349
/home/wxz/Documents/pickle/fastrcnn320/1080p/cut5_2401.pickle
522
COCO mAP: 0.31208956241607666
/home/wxz/Documents/pickle/fastrcnn320/1080p/cut2_8741.pickle
523
COCO mAP: 0.3706497848033905
/home/wxz/Documents/pickle/fastrcnn320/1080p/cut6_2433.pickle
524
COCO mAP: 0.29760536551475525
/home/wxz/Documents/pickle/fastrcnn320/1080p/cut3_1.pickle
525
COCO mAP: 0.25890833139419556
/home/wxz/Documents/pickle/fastrcnn320/1080p/cut4_1761.pickle
526
COCO mAP: 0.23645050823688507
/home/wxz/Documents/pickle/fastrcnn320/1080p/cut5_6929.pickle
527
COCO mAP: 0.2169276922941208
/home/wxz/Documents/pickle/fastrcnn320/1080p/cut2_7430.pickle
528
COCO mAP: 0.462336003780365
/home/wxz/Documents/pickle/fastrcnn320/1080p/cut9_2801.pickle
529
COCO mAP: 0.3851178288459778
/home/wxz/Documents/pickle/fastrcnn320/1080p/cut6_6189.pickle
530
COCO mAP: 0.4500559866428375
/home/wxz/Documents/pickle/fastrcnn320/1080p/cut5_2817.pickle
531
COCO mAP: 0.4429188370704651
/home/wxz/Documents/pickle/fastrcnn320/1080p/cut2_7660.pickle
532
COCO mAP: 0.5183563828468323
/home/wxz/Documents/pickle/fastrcnn320/1080p/cut6_7975.pickle
533
COCO mAP: 0.3795334994792938
/home/wxz/Documents/pickle/fastrcnn320/1080p/cut3_6865.pickle
534
COCO mAP: 0.48189669847488403
/home/wxz/Documents/pickle/fastrcnn320/1080p/cut8_4515.pickle
535
COCO mAP: 0.33435899019241333
/home/wxz/Documents/pickle/fastrcnn320/1080p/cut3_3393.pickle
536
COCO mAP: 0.45801401138305664
/home/wxz/Documents/pickle/fastrcnn320/1080p/cut1_879.pickle
537
COCO mAP: 0.05404721572995186
/home/wxz/Documents/pickle/fastrcnn320/1080p/cut9_3329.pickle
538
COCO mAP: 0.12227722257375717
/home/wxz/Documents/pickle/fastrcnn320/1080p/cut2_8143.pickle
539
COCO mAP: 0.4205878674983978
/home/wxz/Documents/pickle/fastrcnn320/1080p/cut4_5817.pickle
540
COCO mAP: 0.2120792120695114
/home/wxz/Documents/pickle/fastrcnn320/1080p/cut9_5505.pickle
541
COCO mAP: 0.4397793412208557
/home/wxz/Documents/pickle/fastrcnn320/1080p/cut2_4762.pickle
542
COCO mAP: 0.2133740931749344
/home/wxz/Documents/pickle/fastrcnn320/1080p/cut4_3621.pickle
543
COCO mAP: 0.292703777551651
/home/wxz/Documents/pickle/fastrcnn320/1080p/cut6_1489.pickle
544
COCO mAP: 0.3732936680316925
/home/wxz/Documents/pickle/fastrcnn320/1080p/cut1_3174.pickle
545
COCO mAP: 0.23564358055591583
/home/wxz/Documents/pickle/fastrcnn320/1080p/cut6_5832.pickle
546
COCO mAP: 0.3536285161972046
/home/wxz/Documents/pickle/fastrcnn320/1080p/cut6_5105.pickle
547
COCO mAP: 0.2676014304161072
/home/wxz/Documents/pickle/fastrcnn320/1080p/cut4_161.pickle
548
COCO mAP: 0.47965240478515625
/home/wxz/Documents/pickle/fastrcnn320/1080p/cut3_4305.pickle
549
COCO mAP: 0.33605068922042847
/home/wxz/Documents/pickle/fastrcnn320/1080p/cut1_3526.pickle
550
COCO mAP: 0.37959223985671997
/home/wxz/Documents/pickle/fastrcnn320/1080p/cut2_7292.pickle
551
COCO mAP: 0.521874189376831
/home/wxz/Documents/pickle/fastrcnn320/1080p/cut7_4725.pickle
552
COCO mAP: 0.3723953664302826
/home/wxz/Documents/pickle/fastrcnn320/1080p/cut3_3793.pickle
553
COCO mAP: 0.33802148699760437
/home/wxz/Documents/pickle/fastrcnn320/1080p/cut5_3537.pickle
554
COCO mAP: 0.3111349046230316
/home/wxz/Documents/pickle/fastrcnn320/1080p/cut5_2913.pickle
555
COCO mAP: 0.6623358130455017
/home/wxz/Documents/pickle/fastrcnn320/1080p/cut7_7945.pickle
556
COCO mAP: 0.5212811231613159
/home/wxz/Documents/pickle/fastrcnn320/1080p/cut8_7412.pickle
557
COCO mAP: 0.12567350268363953
/home/wxz/Documents/pickle/fastrcnn320/1080p/cut3_6193.pickle
558
COCO mAP: 0.27534931898117065
/home/wxz/Documents/pickle/fastrcnn320/1080p/cut4_3001.pickle
559
COCO mAP: 0.34762927889823914
/home/wxz/Documents/pickle/fastrcnn320/1080p/cut4_5901.pickle
560
COCO mAP: 0.33006301522254944
/home/wxz/Documents/pickle/fastrcnn320/1080p/cut2_1036.pickle
561
COCO mAP: 0.5398666858673096
/home/wxz/Documents/pickle/fastrcnn320/1080p/cut8_1715.pickle
562
COCO mAP: 0.46176713705062866
/home/wxz/Documents/pickle/fastrcnn320/1080p/cut5_8992.pickle
563
COCO mAP: 0.7139492630958557
/home/wxz/Documents/pickle/fastrcnn320/1080p/cut6_3617.pickle
564
COCO mAP: 0.27634936571121216
/home/wxz/Documents/pickle/fastrcnn320/1080p/cut5_6641.pickle
565
COCO mAP: 0.5463956594467163
/home/wxz/Documents/pickle/fastrcnn320/1080p/cut6_6240.pickle
566
COCO mAP: 0.34634584188461304
/home/wxz/Documents/pickle/fastrcnn320/1080p/cut8_4906.pickle
567
COCO mAP: 0.27589714527130127
/home/wxz/Documents/pickle/fastrcnn320/1080p/cut6_8947.pickle
568
COCO mAP: 0.3758884370326996
/home/wxz/Documents/pickle/fastrcnn320/1080p/cut7_1.pickle
569
COCO mAP: 0.45759662985801697
/home/wxz/Documents/pickle/fastrcnn320/1080p/cut1_2471.pickle
570
COCO mAP: 0.44099292159080505
/home/wxz/Documents/pickle/fastrcnn320/1080p/cut6_2001.pickle
571
COCO mAP: 0.30374494194984436
/home/wxz/Documents/pickle/fastrcnn320/1080p/cut6_1201.pickle
572
COCO mAP: 0.5678871870040894
/home/wxz/Documents/pickle/fastrcnn320/1080p/cut6_6903.pickle
573
COCO mAP: 0.4845765233039856
/home/wxz/Documents/pickle/fastrcnn320/1080p/cut2_93.pickle
574
COCO mAP: 0.20163896679878235
/home/wxz/Documents/pickle/fastrcnn320/1080p/cut5_8545.pickle
575
COCO mAP: 0.42861229181289673
/home/wxz/Documents/pickle/fastrcnn320/1080p/cut7_1105.pickle
576
COCO mAP: 0.29567915201187134
/home/wxz/Documents/pickle/fastrcnn320/1080p/cut7_1855.pickle
577
COCO mAP: 0.3785642981529236
/home/wxz/Documents/pickle/fastrcnn320/1080p/cut5_8785.pickle
578
COCO mAP: 0.558838963508606
/home/wxz/Documents/pickle/fastrcnn320/1080p/cut2_6510.pickle
579
COCO mAP: 0.4580087661743164
/home/wxz/Documents/pickle/fastrcnn320/1080p/cut8_1645.pickle
580
COCO mAP: 0.3292287290096283
/home/wxz/Documents/pickle/fastrcnn320/1080p/cut4_5321.pickle
581
COCO mAP: 0.2922793924808502
/home/wxz/Documents/pickle/fastrcnn320/1080p/cut2_6418.pickle
582
COCO mAP: 0.43826398253440857
/home/wxz/Documents/pickle/fastrcnn320/1080p/cut9_1009.pickle
583
COCO mAP: 0.2651802599430084
/home/wxz/Documents/pickle/fastrcnn320/1080p/cut7_6645.pickle
584
COCO mAP: 0.4066932201385498
/home/wxz/Documents/pickle/fastrcnn320/1080p/cut4_1681.pickle
585
COCO mAP: 0.5476372241973877
/home/wxz/Documents/pickle/fastrcnn320/1080p/cut9_401.pickle
586
COCO mAP: 0.37805360555648804
/home/wxz/Documents/pickle/fastrcnn320/1080p/cut3_2209.pickle
587
COCO mAP: 0.5065168142318726
/home/wxz/Documents/pickle/fastrcnn320/1080p/cut8_4809.pickle
588
COCO mAP: 0.23276081681251526
/home/wxz/Documents/pickle/fastrcnn320/1080p/cut6_4641.pickle
589
COCO mAP: 0.2699829339981079
/home/wxz/Documents/pickle/fastrcnn320/1080p/cut7_833.pickle
590
COCO mAP: 0.2996365427970886
/home/wxz/Documents/pickle/fastrcnn320/1080p/cut5_6113.pickle
591
COCO mAP: 0.5053135752677917
/home/wxz/Documents/pickle/fastrcnn320/1080p/cut6_7867.pickle
592
COCO mAP: 0.502140998840332
/home/wxz/Documents/pickle/fastrcnn320/1080p/cut6_6444.pickle
593
COCO mAP: 0.3996429145336151
/home/wxz/Documents/pickle/fastrcnn320/1080p/cut1_4139.pickle
594
COCO mAP: 0.35987934470176697
/home/wxz/Documents/pickle/fastrcnn320/1080p/cut3_817.pickle
595
COCO mAP: 0.20085522532463074
/home/wxz/Documents/pickle/fastrcnn320/1080p/cut4_1.pickle
596
COCO mAP: 0.5873370170593262
/home/wxz/Documents/pickle/fastrcnn320/1080p/cut4_2121.pickle
597
COCO mAP: 0.3660702109336853
/home/wxz/Documents/pickle/fastrcnn320/1080p/cut2_8534.pickle
598
COCO mAP: 0.27403199672698975
/home/wxz/Documents/pickle/fastrcnn320/1080p/cut4_4721.pickle
599
COCO mAP: 0.293925404548645
/home/wxz/Documents/pickle/fastrcnn320/1080p/cut1_8759.pickle
600
COCO mAP: 0.4492412507534027
/home/wxz/Documents/pickle/fastrcnn320/1080p/cut8_2737.pickle
601
COCO mAP: 0.2985103130340576
/home/wxz/Documents/pickle/fastrcnn320/1080p/cut8_3003.pickle
602
COCO mAP: 0.29604747891426086
/home/wxz/Documents/pickle/fastrcnn320/1080p/cut4_3341.pickle
603
COCO mAP: 0.38809287548065186
/home/wxz/Documents/pickle/fastrcnn320/1080p/cut4_8914.pickle
604
COCO mAP: 0.34793034195899963
/home/wxz/Documents/pickle/fastrcnn320/1080p/cut6_1537.pickle
605
COCO mAP: 0.1627204716205597
/home/wxz/Documents/pickle/fastrcnn320/1080p/cut3_4737.pickle
606
COCO mAP: 0.20050933957099915
/home/wxz/Documents/pickle/fastrcnn320/1080p/cut1_8509.pickle
607
COCO mAP: 0.4411354660987854
/home/wxz/Documents/pickle/fastrcnn320/1080p/cut5_4929.pickle
608
COCO mAP: 0.1841890960931778
/home/wxz/Documents/pickle/fastrcnn320/1080p/cut2_6602.pickle
609
COCO mAP: 0.11994756758213043
/home/wxz/Documents/pickle/fastrcnn320/1080p/cut7_7465.pickle
610
COCO mAP: 0.3974280059337616
/home/wxz/Documents/pickle/fastrcnn320/1080p/cut3_2305.pickle
611
COCO mAP: 0.3295128345489502
/home/wxz/Documents/pickle/fastrcnn320/1080p/cut6_4241.pickle
612
COCO mAP: 0.1415872871875763
/home/wxz/Documents/pickle/fastrcnn320/1080p/cut3_5313.pickle
613
COCO mAP: 0.34853965044021606
/home/wxz/Documents/pickle/fastrcnn320/1080p/cut7_3665.pickle
614
COCO mAP: 0.2771054208278656
/home/wxz/Documents/pickle/fastrcnn320/1080p/cut7_5445.pickle
615
COCO mAP: 0.4480593800544739
/home/wxz/Documents/pickle/fastrcnn320/1080p/cut1_5107.pickle
616
COCO mAP: 0.5043278932571411
/home/wxz/Documents/pickle/fastrcnn320/1080p/cut6_5009.pickle
617
COCO mAP: 0.2907242774963379
/home/wxz/Documents/pickle/fastrcnn320/1080p/cut3_4833.pickle
618
COCO mAP: 0.333150714635849
/home/wxz/Documents/pickle/fastrcnn320/1080p/cut1_6068.pickle
619
COCO mAP: 0.5614352226257324
/home/wxz/Documents/pickle/fastrcnn320/1080p/cut8_7706.pickle
620
COCO mAP: 0.3279203176498413
/home/wxz/Documents/pickle/fastrcnn320/1080p/cut6_5409.pickle
621
COCO mAP: 0.271199107170105
/home/wxz/Documents/pickle/fastrcnn320/1080p/cut4_6141.pickle
622
COCO mAP: 0.21533215045928955
/home/wxz/Documents/pickle/fastrcnn320/1080p/cut7_2017.pickle
623
COCO mAP: 0.27667731046676636
/home/wxz/Documents/pickle/fastrcnn320/1080p/cut9_5601.pickle
624
COCO mAP: 0.43387526273727417
/home/wxz/Documents/pickle/fastrcnn320/1080p/cut3_7649.pickle
625
COCO mAP: 0.36014240980148315
/home/wxz/Documents/pickle/fastrcnn320/1080p/cut4_361.pickle
626
COCO mAP: 0.3274341821670532
/home/wxz/Documents/pickle/fastrcnn320/1080p/cut4_5521.pickle
627
COCO mAP: 0.3419554531574249
/home/wxz/Documents/pickle/fastrcnn320/1080p/cut6_689.pickle
628
COCO mAP: 0.33075904846191406
/home/wxz/Documents/pickle/fastrcnn320/1080p/cut4_4121.pickle
629
COCO mAP: 0.49607858061790466
/home/wxz/Documents/pickle/fastrcnn320/1080p/cut7_8225.pickle
630
COCO mAP: 0.3906545042991638
/home/wxz/Documents/pickle/fastrcnn320/1080p/cut4_4841.pickle
631
COCO mAP: 0.2153199017047882
/home/wxz/Documents/pickle/fastrcnn320/1080p/cut9_305.pickle
632
COCO mAP: 0.3610677123069763
/home/wxz/Documents/pickle/fastrcnn320/1080p/cut9_5713.pickle
633
COCO mAP: 0.4736994206905365
/home/wxz/Documents/pickle/fastrcnn320/1080p/cut4_3901.pickle
634
COCO mAP: 0.2739221155643463
/home/wxz/Documents/pickle/fastrcnn320/1080p/cut1_2558.pickle
635
COCO mAP: 0.13960395753383636
/home/wxz/Documents/pickle/fastrcnn320/1080p/cut8_5620.pickle
636
COCO mAP: 0.3663567900657654
/home/wxz/Documents/pickle/fastrcnn320/1080p/cut3_3169.pickle
637
COCO mAP: 0.566264808177948
/home/wxz/Documents/pickle/fastrcnn320/1080p/cut4_6201.pickle
638
COCO mAP: 0.3843373954296112
/home/wxz/Documents/pickle/fastrcnn320/1080p/cut2_1312.pickle
639
COCO mAP: 0.3234703838825226
/home/wxz/Documents/pickle/fastrcnn320/1080p/cut6_1905.pickle
640
COCO mAP: 0.26769503951072693
/home/wxz/Documents/pickle/fastrcnn320/1080p/cut9_3729.pickle
641
COCO mAP: 0.7980206608772278
/home/wxz/Documents/pickle/fastrcnn320/1080p/cut2_6142.pickle
642
COCO mAP: 0.2770370841026306
/home/wxz/Documents/pickle/fastrcnn320/1080p/cut3_8705.pickle
643
COCO mAP: 0.5422390699386597
/home/wxz/Documents/pickle/fastrcnn320/1080p/cut8_5032.pickle
644
COCO mAP: 0.2994302809238434
/home/wxz/Documents/pickle/fastrcnn320/1080p/cut8_2905.pickle
645
COCO mAP: 0.12143869698047638
/home/wxz/Documents/pickle/fastrcnn320/1080p/cut2_2002.pickle
646
COCO mAP: 0.2828232944011688
/home/wxz/Documents/pickle/fastrcnn320/1080p/cut8_209.pickle
647
COCO mAP: 0.5582058429718018
/home/wxz/Documents/pickle/fastrcnn320/1080p/cut2_8327.pickle
648
COCO mAP: 0.6347976922988892
/home/wxz/Documents/pickle/fastrcnn320/1080p/cut5_5617.pickle
649
COCO mAP: 0.274736225605011
/home/wxz/Documents/pickle/fastrcnn320/1080p/cut7_3245.pickle
650
COCO mAP: 0.3247409164905548
/home/wxz/Documents/pickle/fastrcnn320/1080p/cut9_5169.pickle
651
COCO mAP: 0.3842088580131531
/home/wxz/Documents/pickle/fastrcnn320/1080p/cut9_2321.pickle
652
COCO mAP: 0.2659222483634949
/home/wxz/Documents/pickle/fastrcnn320/1080p/cut7_5625.pickle
653
COCO mAP: 0.4000566005706787
/home/wxz/Documents/pickle/fastrcnn320/1080p/cut8_5410.pickle
654
COCO mAP: 0.2450914829969406
/home/wxz/Documents/pickle/fastrcnn320/1080p/cut8_2009.pickle
655
COCO mAP: 0.3753381073474884
/home/wxz/Documents/pickle/fastrcnn320/1080p/cut8_604.pickle
656
COCO mAP: 0.4393925666809082
/home/wxz/Documents/pickle/fastrcnn320/1080p/cut7_737.pickle
657
COCO mAP: 0.2795717120170593
/home/wxz/Documents/pickle/fastrcnn320/1080p/cut6_3425.pickle
658
COCO mAP: 0.30742257833480835
/home/wxz/Documents/pickle/fastrcnn320/1080p/cut7_7185.pickle
659
COCO mAP: 0.45437583327293396
/home/wxz/Documents/pickle/fastrcnn320/1080p/cut5_2209.pickle
660
COCO mAP: 0.251220703125
/home/wxz/Documents/pickle/fastrcnn320/1080p/cut4_4541.pickle
661
COCO mAP: 0.4874453544616699
/home/wxz/Documents/pickle/fastrcnn320/1080p/cut3_5121.pickle
662
COCO mAP: 0.35684868693351746
/home/wxz/Documents/pickle/fastrcnn320/1080p/cut1_4403.pickle
663
COCO mAP: 0.42004984617233276
/home/wxz/Documents/pickle/fastrcnn320/1080p/cut6_2945.pickle
664
COCO mAP: 0.44255512952804565
/home/wxz/Documents/pickle/fastrcnn320/1080p/cut1_6244.pickle
665
COCO mAP: 0.5053049325942993
/home/wxz/Documents/pickle/fastrcnn320/1080p/cut5_4401.pickle
666
COCO mAP: 0.5221554040908813
/home/wxz/Documents/pickle/fastrcnn320/1080p/cut8_3213.pickle
667
COCO mAP: 0.25609973073005676
/home/wxz/Documents/pickle/fastrcnn320/1080p/cut2_3520.pickle
668
COCO mAP: 0.554937481880188
/home/wxz/Documents/pickle/fastrcnn320/1080p/cut7_1747.pickle
669
COCO mAP: 0.3524228632450104
/home/wxz/Documents/pickle/fastrcnn320/1080p/cut6_1713.pickle
670
COCO mAP: 0.3917470872402191
/home/wxz/Documents/pickle/fastrcnn320/1080p/cut4_8752.pickle
671
COCO mAP: 0.4877670705318451
/home/wxz/Documents/pickle/fastrcnn320/1080p/cut3_3713.pickle
672
COCO mAP: 0.3064212501049042
/home/wxz/Documents/pickle/fastrcnn320/1080p/cut8_4305.pickle
673
COCO mAP: 0.2187536209821701
/home/wxz/Documents/pickle/fastrcnn320/1080p/cut5_5905.pickle
674
COCO mAP: 0.5404714345932007
/home/wxz/Documents/pickle/fastrcnn320/1080p/cut9_6049.pickle
675
COCO mAP: 0.33902114629745483
/home/wxz/Documents/pickle/fastrcnn320/1080p/cut6_6546.pickle
676
COCO mAP: 0.3089851438999176
/home/wxz/Documents/pickle/fastrcnn320/1080p/cut5_2625.pickle
677
COCO mAP: 0.4149104952812195
/home/wxz/Documents/pickle/fastrcnn320/1080p/cut6_6342.pickle
678
COCO mAP: 0.40865176916122437
/home/wxz/Documents/pickle/fastrcnn320/1080p/cut7_929.pickle
679
COCO mAP: 0.21650958061218262
/home/wxz/Documents/pickle/fastrcnn320/1080p/cut3_2513.pickle
680
COCO mAP: 0.29953110218048096
/home/wxz/Documents/pickle/fastrcnn320/1080p/cut5_1.pickle
681
COCO mAP: 0.318293035030365
/home/wxz/Documents/pickle/fastrcnn320/1080p/cut9_1505.pickle
682
COCO mAP: 0.31549397110939026
/home/wxz/Documents/pickle/fastrcnn320/1080p/cut8_5928.pickle
683
COCO mAP: 0.26579803228378296
/home/wxz/Documents/pickle/fastrcnn320/1080p/cut9_4737.pickle
684
COCO mAP: 0.3961516320705414
/home/wxz/Documents/pickle/fastrcnn320/1080p/cut5_2721.pickle
685
COCO mAP: 0.4443230628967285
/home/wxz/Documents/pickle/fastrcnn320/1080p/cut6_2385.pickle
686
COCO mAP: 0.3567243218421936
/home/wxz/Documents/pickle/fastrcnn320/1080p/cut7_7285.pickle
687
COCO mAP: 0.384463369846344
/home/wxz/Documents/pickle/fastrcnn320/1080p/cut8_1911.pickle
688
COCO mAP: 0.39378973841667175
/home/wxz/Documents/pickle/fastrcnn320/1080p/cut3_7153.pickle
689
COCO mAP: 0.21422097086906433
/home/wxz/Documents/pickle/fastrcnn320/1080p/cut4_5709.pickle
690
COCO mAP: 0.24560928344726562
/home/wxz/Documents/pickle/fastrcnn320/1080p/cut1_6909.pickle
691
COCO mAP: 0.27280527353286743
/home/wxz/Documents/pickle/fastrcnn320/1080p/cut8_6110.pickle
692
COCO mAP: 0.31459566950798035
/home/wxz/Documents/pickle/fastrcnn320/1080p/cut3_2401.pickle
693
COCO mAP: 0.37146225571632385
/home/wxz/Documents/pickle/fastrcnn320/1080p/cut7_6285.pickle
694
COCO mAP: 0.37481290102005005
/home/wxz/Documents/pickle/fastrcnn320/1080p/cut8_4725.pickle
695
COCO mAP: 0.32406458258628845
/home/wxz/Documents/pickle/fastrcnn320/1080p/cut9_721.pickle
696
COCO mAP: 0.46059030294418335
/home/wxz/Documents/pickle/fastrcnn320/1080p/cut1_704.pickle
697
COCO mAP: 0.4002552628517151
/home/wxz/Documents/pickle/fastrcnn320/1080p/cut9_3233.pickle
698
COCO mAP: 0.0712871253490448
/home/wxz/Documents/pickle/fastrcnn320/1080p/cut3_6097.pickle
699
COCO mAP: 0.42131146788597107
/home/wxz/Documents/pickle/fastrcnn320/1080p/cut8_7608.pickle
700
COCO mAP: 0.3412429988384247
/home/wxz/Documents/pickle/fastrcnn320/1080p/cut8_8252.pickle
701
COCO mAP: 0.2435632199048996
/home/wxz/Documents/pickle/fastrcnn320/1080p/cut7_8705.pickle
702
COCO mAP: 0.2751162648200989
/home/wxz/Documents/pickle/fastrcnn320/1080p/cut5_5313.pickle
703
COCO mAP: 0.2314959466457367
/home/wxz/Documents/pickle/fastrcnn320/1080p/cut5_1089.pickle
704
COCO mAP: 0.18758803606033325
/home/wxz/Documents/pickle/fastrcnn320/1080p/cut8_5522.pickle
705
COCO mAP: 0.25104886293411255
/home/wxz/Documents/pickle/fastrcnn320/1080p/cut5_7729.pickle
706
COCO mAP: 0.39720940589904785
/home/wxz/Documents/pickle/fastrcnn320/1080p/cut3_8945.pickle
707
COCO mAP: 0.2257097214460373
/home/wxz/Documents/pickle/fastrcnn320/1080p/cut2_6901.pickle
708
COCO mAP: 0.40027084946632385
/home/wxz/Documents/pickle/fastrcnn320/1080p/cut5_1617.pickle
709
COCO mAP: 0.33910542726516724
/home/wxz/Documents/pickle/fastrcnn320/1080p/cut1_8864.pickle
710
COCO mAP: 0.49903902411460876
/home/wxz/Documents/pickle/fastrcnn320/1080p/cut3_2257.pickle
711
COCO mAP: 0.25223618745803833
/home/wxz/Documents/pickle/fastrcnn320/1080p/cut3_8801.pickle
712
COCO mAP: 0.5533349514007568
/home/wxz/Documents/pickle/fastrcnn320/1080p/cut5_2113.pickle
713
COCO mAP: 0.39298444986343384
/home/wxz/Documents/pickle/fastrcnn320/1080p/cut9_4817.pickle
714
COCO mAP: 0.49012142419815063
/home/wxz/Documents/pickle/fastrcnn320/1080p/cut7_8645.pickle
715
COCO mAP: 0.2197967767715454
/home/wxz/Documents/pickle/fastrcnn320/1080p/cut1_2022.pickle
716
COCO mAP: 0.2273644655942917
/home/wxz/Documents/pickle/fastrcnn320/1080p/cut6_6801.pickle
717
COCO mAP: 0.4544796049594879
/home/wxz/Documents/pickle/fastrcnn320/1080p/cut4_6808.pickle
718
COCO mAP: 0.21000000834465027
/home/wxz/Documents/pickle/fastrcnn320/1080p/cut1_17.pickle
719
COCO mAP: 0.24637910723686218
/home/wxz/Documents/pickle/fastrcnn320/1080p/cut4_1901.pickle
720
COCO mAP: 0.2796345353126526
/home/wxz/Documents/pickle/fastrcnn320/1080p/cut7_3005.pickle
721
COCO mAP: 0.2501710057258606
/home/wxz/Documents/pickle/fastrcnn320/1080p/cut9_1745.pickle
722
COCO mAP: 0.2379719465970993
/home/wxz/Documents/pickle/fastrcnn320/1080p/cut7_4225.pickle
723
COCO mAP: 0.39370042085647583
/home/wxz/Documents/pickle/fastrcnn320/1080p/cut4_8320.pickle
724
COCO mAP: 0.1859060823917389
/home/wxz/Documents/pickle/fastrcnn320/1080p/cut4_3701.pickle
725
COCO mAP: 0.3501823842525482
/home/wxz/Documents/pickle/fastrcnn320/1080p/cut2_7821.pickle
726
COCO mAP: 0.45710963010787964
/home/wxz/Documents/pickle/fastrcnn320/1080p/cut6_577.pickle
727
COCO mAP: 0.3307188153266907
/home/wxz/Documents/pickle/fastrcnn320/1080p/cut3_5905.pickle
728
COCO mAP: 0.29845213890075684
/home/wxz/Documents/pickle/fastrcnn320/1080p/cut3_1425.pickle
729
COCO mAP: 0.1754029244184494
/home/wxz/Documents/pickle/fastrcnn320/1080p/cut2_7706.pickle
730
COCO mAP: 0.4449034631252289
/home/wxz/Documents/pickle/fastrcnn320/1080p/cut8_346.pickle
731
COCO mAP: 0.3547515273094177
/home/wxz/Documents/pickle/fastrcnn320/1080p/cut6_8245.pickle
732
COCO mAP: 0.3927769064903259
/home/wxz/Documents/pickle/fastrcnn320/1080p/cut6_3137.pickle
733
COCO mAP: 0.5647037029266357
/home/wxz/Documents/pickle/fastrcnn320/1080p/cut1_2202.pickle
734
COCO mAP: 0.49412816762924194
/home/wxz/Documents/pickle/fastrcnn320/1080p/cut1_8419.pickle
735
COCO mAP: 0.3079098165035248
/home/wxz/Documents/pickle/fastrcnn320/1080p/cut8_5802.pickle
736
COCO mAP: 0.568535566329956
/home/wxz/Documents/pickle/fastrcnn320/1080p/cut2_3911.pickle
737
COCO mAP: 0.4095896780490875
/home/wxz/Documents/pickle/fastrcnn320/1080p/cut8_6362.pickle
738
COCO mAP: 0.49231594800949097
/home/wxz/Documents/pickle/fastrcnn320/1080p/cut2_6027.pickle
739
COCO mAP: 0.4958173632621765
/home/wxz/Documents/pickle/fastrcnn320/1080p/cut6_1105.pickle
740
COCO mAP: 0.310787171125412
/home/wxz/Documents/pickle/fastrcnn320/1080p/cut8_496.pickle
741
COCO mAP: 0.4387061595916748
/home/wxz/Documents/pickle/fastrcnn320/1080p/cut1_1503.pickle
742
COCO mAP: 0.00841584149748087
/home/wxz/Documents/pickle/fastrcnn320/1080p/cut1_3350.pickle
743
COCO mAP: 0.3303952217102051
/home/wxz/Documents/pickle/fastrcnn320/1080p/cut1_343.pickle
744
COCO mAP: 0.07712871581315994
/home/wxz/Documents/pickle/fastrcnn320/1080p/cut9_1841.pickle
745
COCO mAP: 0.6458753943443298
/home/wxz/Documents/pickle/fastrcnn320/1080p/cut2_3014.pickle
746
COCO mAP: 0.4051521420478821
/home/wxz/Documents/pickle/fastrcnn320/1080p/cut7_3365.pickle
747
COCO mAP: 0.2902294993400574
/home/wxz/Documents/pickle/fastrcnn320/1080p/cut2_6303.pickle
748
COCO mAP: 0.46324628591537476
/home/wxz/Documents/pickle/fastrcnn320/1080p/cut1_6821.pickle
749
COCO mAP: 0.046039603650569916
/home/wxz/Documents/pickle/fastrcnn320/1080p/cut2_4348.pickle
750
COCO mAP: 0.5469998121261597
/home/wxz/Documents/pickle/fastrcnn320/1080p/cut1_6604.pickle
751
COCO mAP: 0.018679868429899216
/home/wxz/Documents/pickle/fastrcnn320/1080p/cut1_6689.pickle
752
COCO mAP: 0.13328707218170166
/home/wxz/Documents/pickle/fastrcnn320/1080p/cut3_7745.pickle
753
COCO mAP: 0.2784014940261841
/home/wxz/Documents/pickle/fastrcnn320/1080p/cut5_5217.pickle
754
COCO mAP: 0.32742923498153687
/home/wxz/Documents/pickle/fastrcnn320/1080p/cut2_6809.pickle
755
COCO mAP: 0.19752778112888336
/home/wxz/Documents/pickle/fastrcnn320/1080p/cut1_2302.pickle
756
COCO mAP: 0.12786421179771423
/home/wxz/Documents/pickle/fastrcnn320/1080p/cut7_2405.pickle
757
COCO mAP: 0.37920525670051575
/home/wxz/Documents/pickle/fastrcnn320/1080p/cut5_401.pickle
758
COCO mAP: 0.3393276035785675
/home/wxz/Documents/pickle/fastrcnn320/1080p/cut8_3129.pickle
759
COCO mAP: 0.33285579085350037
/home/wxz/Documents/pickle/fastrcnn320/1080p/cut5_4881.pickle
760
COCO mAP: 0.19959881901741028
/home/wxz/Documents/pickle/fastrcnn320/1080p/cut3_4929.pickle
761
COCO mAP: 0.42772603034973145
/home/wxz/Documents/pickle/fastrcnn320/1080p/cut5_5025.pickle
762
COCO mAP: 0.5214508175849915
/home/wxz/Documents/pickle/fastrcnn320/1080p/cut6_961.pickle
763
COCO mAP: 0.4949710965156555
/home/wxz/Documents/pickle/fastrcnn320/1080p/cut8_5144.pickle
764
COCO mAP: 0.4155944883823395
/home/wxz/Documents/pickle/fastrcnn320/1080p/cut5_5409.pickle
765
COCO mAP: 0.48213568329811096
/home/wxz/Documents/pickle/fastrcnn320/1080p/cut1_5613.pickle
766
COCO mAP: 0.3467395603656769
/home/wxz/Documents/pickle/fastrcnn320/1080p/cut2_2370.pickle
767
COCO mAP: 0.3239569365978241
/home/wxz/Documents/pickle/fastrcnn320/1080p/cut7_4985.pickle
768
COCO mAP: 0.34482505917549133
/home/wxz/Documents/pickle/fastrcnn320/1080p/cut6_1.pickle
769
COCO mAP: 0.6759066581726074
/home/wxz/Documents/pickle/fastrcnn320/1080p/cut8_2107.pickle
770
COCO mAP: 0.2396613359451294
/home/wxz/Documents/pickle/fastrcnn320/1080p/cut8_2401.pickle
771
COCO mAP: 0.09132817387580872
/home/wxz/Documents/pickle/fastrcnn320/1080p/cut4_8212.pickle
772
COCO mAP: 0.20542415976524353
/home/wxz/Documents/pickle/fastrcnn320/1080p/cut8_6516.pickle
773
COCO mAP: 0.4119786322116852
/home/wxz/Documents/pickle/fastrcnn320/1080p/cut4_4901.pickle
774
COCO mAP: 0.3402557969093323
/home/wxz/Documents/pickle/fastrcnn320/1080p/cut1_1316.pickle
775
COCO mAP: 0.1387280970811844
/home/wxz/Documents/pickle/fastrcnn320/1080p/cut3_145.pickle
776
COCO mAP: 0.30658605694770813
/home/wxz/Documents/pickle/fastrcnn320/1080p/cut7_4605.pickle
777
COCO mAP: 0.5111506581306458
/home/wxz/Documents/pickle/fastrcnn320/1080p/cut8_8168.pickle
778
COCO mAP: 0.19979214668273926
/home/wxz/Documents/pickle/fastrcnn320/1080p/cut8_6012.pickle
779
COCO mAP: 0.3780219852924347
/home/wxz/Documents/pickle/fastrcnn320/1080p/cut1_5524.pickle
780
COCO mAP: 0.3456745445728302
/home/wxz/Documents/pickle/fastrcnn320/1080p/cut4_7888.pickle
781
COCO mAP: 0.27712833881378174
/home/wxz/Documents/pickle/fastrcnn320/1080p/cut2_2807.pickle
782
COCO mAP: 0.30595001578330994
/home/wxz/Documents/pickle/fastrcnn320/1080p/cut7_2365.pickle
783
COCO mAP: 0.2735532820224762
/home/wxz/Documents/pickle/fastrcnn320/1080p/cut1_7444.pickle
784
COCO mAP: 0.1997961699962616
/home/wxz/Documents/pickle/fastrcnn320/1080p/cut2_369.pickle
785
COCO mAP: 0.6633666157722473
/home/wxz/Documents/pickle/fastrcnn320/1080p/cut7_1405.pickle
786
COCO mAP: 0.2589206099510193
/home/wxz/Documents/pickle/fastrcnn320/1080p/cut7_7525.pickle
787
COCO mAP: 0.5056561231613159
/home/wxz/Documents/pickle/fastrcnn320/1080p/cut2_4923.pickle
788
COCO mAP: 0.2046942263841629
/home/wxz/Documents/pickle/fastrcnn320/1080p/cut1_8629.pickle
789
COCO mAP: 0.44641193747520447
/home/wxz/Documents/pickle/fastrcnn320/1080p/cut4_5141.pickle
790
COCO mAP: 0.34731313586235046
/home/wxz/Documents/pickle/fastrcnn320/1080p/cut1_5978.pickle
791
COCO mAP: 0.5348793864250183
/home/wxz/Documents/pickle/fastrcnn320/1080p/cut9_1313.pickle
792
COCO mAP: 0.7034011483192444
/home/wxz/Documents/pickle/fastrcnn320/1080p/cut8_1.pickle
793
COCO mAP: 0.47722211480140686
/home/wxz/Documents/pickle/fastrcnn320/1080p/cut1_3702.pickle
794
COCO mAP: 0.29740336537361145
average COCO mAP:0.3592144435668078
