nohup: 忽略输入
/home/wxz/Documents/pickle/maskrcnn/1080p/cut5_8945.pickle
1
COCO mAP: 0.9222944974899292
/home/wxz/Documents/pickle/maskrcnn/1080p/cut8_436.pickle
2
COCO mAP: 0.4787967801094055
/home/wxz/Documents/pickle/maskrcnn/1080p/cut6_5509.pickle
3
COCO mAP: 0.8630873560905457
/home/wxz/Documents/pickle/maskrcnn/1080p/cut2_4831.pickle
4
COCO mAP: 0.8559548258781433
/home/wxz/Documents/pickle/maskrcnn/1080p/cut2_8971.pickle
5
COCO mAP: 0.5782700777053833
/home/wxz/Documents/pickle/maskrcnn/1080p/cut7_2265.pickle
6
COCO mAP: 0.827501654624939
/home/wxz/Documents/pickle/maskrcnn/1080p/cut2_185.pickle
7
COCO mAP: 0.9518739581108093
/home/wxz/Documents/pickle/maskrcnn/1080p/cut9_3041.pickle
8
COCO mAP: 0.9241283535957336
/home/wxz/Documents/pickle/maskrcnn/1080p/cut7_7705.pickle
9
COCO mAP: 0.9130188226699829
/home/wxz/Documents/pickle/maskrcnn/1080p/cut6_4817.pickle
10
COCO mAP: 0.8777165412902832
/home/wxz/Documents/pickle/maskrcnn/1080p/cut5_3921.pickle
11
COCO mAP: 0.8814494013786316
/home/wxz/Documents/pickle/maskrcnn/1080p/cut3_6577.pickle
12
COCO mAP: 0.9258930087089539
/home/wxz/Documents/pickle/maskrcnn/1080p/cut5_993.pickle
13
COCO mAP: 0.9227188229560852
/home/wxz/Documents/pickle/maskrcnn/1080p/cut2_6257.pickle
14
COCO mAP: 0.8959555625915527
/home/wxz/Documents/pickle/maskrcnn/1080p/cut4_7186.pickle
15
COCO mAP: 0.8118584752082825
/home/wxz/Documents/pickle/maskrcnn/1080p/cut9_3825.pickle
16
COCO mAP: 0.8611017465591431
/home/wxz/Documents/pickle/maskrcnn/1080p/cut3_4001.pickle
17
COCO mAP: 0.8944724202156067
/home/wxz/Documents/pickle/maskrcnn/1080p/cut9_4545.pickle
18
COCO mAP: 0.7842698097229004
/home/wxz/Documents/pickle/maskrcnn/1080p/cut2_2186.pickle
19
COCO mAP: 0.8682159185409546
/home/wxz/Documents/pickle/maskrcnn/1080p/cut8_7104.pickle
20
COCO mAP: 0.9128545522689819
/home/wxz/Documents/pickle/maskrcnn/1080p/cut7_4125.pickle
21
COCO mAP: 0.7343977689743042
/home/wxz/Documents/pickle/maskrcnn/1080p/cut3_4401.pickle
22
COCO mAP: 0.885511040687561
/home/wxz/Documents/pickle/maskrcnn/1080p/cut6_2657.pickle
23
COCO mAP: 0.7091346979141235
/home/wxz/Documents/pickle/maskrcnn/1080p/cut4_2301.pickle
24
COCO mAP: 0.897813618183136
/home/wxz/Documents/pickle/maskrcnn/1080p/cut8_8336.pickle
25
COCO mAP: 0.8136661648750305
/home/wxz/Documents/pickle/maskrcnn/1080p/cut7_1009.pickle
26
COCO mAP: 0.7113412618637085
/home/wxz/Documents/pickle/maskrcnn/1080p/cut1_257.pickle
27
COCO mAP: 0.4043239653110504
/home/wxz/Documents/pickle/maskrcnn/1080p/cut5_5121.pickle
28
COCO mAP: 0.9163895845413208
/home/wxz/Documents/pickle/maskrcnn/1080p/cut3_4113.pickle
29
COCO mAP: 0.7835021615028381
/home/wxz/Documents/pickle/maskrcnn/1080p/cut6_7633.pickle
30
COCO mAP: 0.6624744534492493
/home/wxz/Documents/pickle/maskrcnn/1080p/cut3_7313.pickle
31
COCO mAP: 0.7933461666107178
/home/wxz/Documents/pickle/maskrcnn/1080p/cut4_1501.pickle
32
COCO mAP: 0.9370884895324707
/home/wxz/Documents/pickle/maskrcnn/1080p/cut9_3633.pickle
33
COCO mAP: 0.751537561416626
/home/wxz/Documents/pickle/maskrcnn/1080p/cut2_8281.pickle
34
COCO mAP: 0.8143620491027832
/home/wxz/Documents/pickle/maskrcnn/1080p/cut2_967.pickle
35
COCO mAP: 0.8828505277633667
/home/wxz/Documents/pickle/maskrcnn/1080p/cut2_2623.pickle
36
COCO mAP: 0.5185577273368835
/home/wxz/Documents/pickle/maskrcnn/1080p/cut1_8044.pickle
37
COCO mAP: 0.8643067479133606
/home/wxz/Documents/pickle/maskrcnn/1080p/cut5_3249.pickle
38
COCO mAP: 0.8409755825996399
/home/wxz/Documents/pickle/maskrcnn/1080p/cut5_1281.pickle
39
COCO mAP: 0.9077789187431335
/home/wxz/Documents/pickle/maskrcnn/1080p/cut7_5505.pickle
40
COCO mAP: 0.9018427729606628
/home/wxz/Documents/pickle/maskrcnn/1080p/cut7_8945.pickle
41
COCO mAP: 0.8671427965164185
/home/wxz/Documents/pickle/maskrcnn/1080p/cut4_8806.pickle
42
COCO mAP: 0.8111649751663208
/home/wxz/Documents/pickle/maskrcnn/1080p/cut5_6001.pickle
43
COCO mAP: 0.6069808602333069
/home/wxz/Documents/pickle/maskrcnn/1080p/cut3_513.pickle
44
COCO mAP: 0.7545309662818909
/home/wxz/Documents/pickle/maskrcnn/1080p/cut6_3329.pickle
45
COCO mAP: 0.5830662250518799
/home/wxz/Documents/pickle/maskrcnn/1080p/cut6_4401.pickle
46
COCO mAP: 0.8790475726127625
/home/wxz/Documents/pickle/maskrcnn/1080p/cut1_6156.pickle
47
COCO mAP: 0.8157044649124146
/home/wxz/Documents/pickle/maskrcnn/1080p/cut2_5130.pickle
48
COCO mAP: 0.9183581471443176
/home/wxz/Documents/pickle/maskrcnn/1080p/cut7_6165.pickle
49
COCO mAP: 0.6093729734420776
/home/wxz/Documents/pickle/maskrcnn/1080p/cut9_4209.pickle
50
COCO mAP: 0.7596453428268433
/home/wxz/Documents/pickle/maskrcnn/1080p/cut5_1521.pickle
51
COCO mAP: 0.7882197499275208
/home/wxz/Documents/pickle/maskrcnn/1080p/cut9_2225.pickle
52
COCO mAP: 0.646586537361145
/home/wxz/Documents/pickle/maskrcnn/1080p/cut6_8893.pickle
53
COCO mAP: 0.9396182894706726
/home/wxz/Documents/pickle/maskrcnn/1080p/cut2_5521.pickle
54
COCO mAP: 0.799176812171936
/home/wxz/Documents/pickle/maskrcnn/1080p/cut4_4241.pickle
55
COCO mAP: 0.5883549451828003
/home/wxz/Documents/pickle/maskrcnn/1080p/cut6_7107.pickle
56
COCO mAP: 0.9098268747329712
/home/wxz/Documents/pickle/maskrcnn/1080p/cut4_3801.pickle
57
COCO mAP: 0.7418809533119202
/home/wxz/Documents/pickle/maskrcnn/1080p/cut8_1253.pickle
58
COCO mAP: 0.8900176882743835
/home/wxz/Documents/pickle/maskrcnn/1080p/cut1_6420.pickle
59
COCO mAP: 0.7515814900398254
/home/wxz/Documents/pickle/maskrcnn/1080p/cut5_7169.pickle
60
COCO mAP: 0.9177325963973999
/home/wxz/Documents/pickle/maskrcnn/1080p/cut6_1601.pickle
61
COCO mAP: 0.9110455513000488
/home/wxz/Documents/pickle/maskrcnn/1080p/cut8_2205.pickle
62
COCO mAP: 0.8787477612495422
/home/wxz/Documents/pickle/maskrcnn/1080p/cut4_1441.pickle
63
COCO mAP: 0.9150253534317017
/home/wxz/Documents/pickle/maskrcnn/1080p/cut6_2753.pickle
64
COCO mAP: 0.8494105339050293
/home/wxz/Documents/pickle/maskrcnn/1080p/cut2_7039.pickle
65
COCO mAP: 0.8823903203010559
/home/wxz/Documents/pickle/maskrcnn/1080p/cut7_1351.pickle
66
COCO mAP: 0.9030532836914062
/home/wxz/Documents/pickle/maskrcnn/1080p/cut8_3703.pickle
67
COCO mAP: 0.89720618724823
/home/wxz/Documents/pickle/maskrcnn/1080p/cut9_5841.pickle
68
COCO mAP: 0.7810211777687073
/home/wxz/Documents/pickle/maskrcnn/1080p/cut9_817.pickle
69
COCO mAP: 0.7211304306983948
/home/wxz/Documents/pickle/maskrcnn/1080p/cut2_1381.pickle
70
COCO mAP: 0.36481034755706787
/home/wxz/Documents/pickle/maskrcnn/1080p/cut6_433.pickle
71
COCO mAP: 0.719606339931488
/home/wxz/Documents/pickle/maskrcnn/1080p/cut4_7456.pickle
72
COCO mAP: 0.7099860906600952
/home/wxz/Documents/pickle/maskrcnn/1080p/cut2_7913.pickle
73
COCO mAP: 0.8903851509094238
/home/wxz/Documents/pickle/maskrcnn/1080p/cut5_3345.pickle
74
COCO mAP: 0.7794332504272461
/home/wxz/Documents/pickle/maskrcnn/1080p/cut2_1910.pickle
75
COCO mAP: 0.8701367378234863
/home/wxz/Documents/pickle/maskrcnn/1080p/cut1_4227.pickle
76
COCO mAP: 0.8602194786071777
/home/wxz/Documents/pickle/maskrcnn/1080p/cut5_4305.pickle
77
COCO mAP: 0.2610943913459778
/home/wxz/Documents/pickle/maskrcnn/1080p/cut8_5228.pickle
78
COCO mAP: 0.7957980036735535
/home/wxz/Documents/pickle/maskrcnn/1080p/cut3_913.pickle
79
COCO mAP: 0.7366846203804016
/home/wxz/Documents/pickle/maskrcnn/1080p/cut1_5283.pickle
80
COCO mAP: 0.8005439639091492
/home/wxz/Documents/pickle/maskrcnn/1080p/cut4_2501.pickle
81
COCO mAP: 0.8688474893569946
/home/wxz/Documents/pickle/maskrcnn/1080p/cut5_6737.pickle
82
COCO mAP: 0.5859965085983276
/home/wxz/Documents/pickle/maskrcnn/1080p/cut5_753.pickle
83
COCO mAP: 0.5738104581832886
/home/wxz/Documents/pickle/maskrcnn/1080p/cut7_145.pickle
84
COCO mAP: 0.9314347505569458
/home/wxz/Documents/pickle/maskrcnn/1080p/cut6_8677.pickle
85
COCO mAP: 0.9050518274307251
/home/wxz/Documents/pickle/maskrcnn/1080p/cut6_6648.pickle
86
COCO mAP: 0.17759914696216583
/home/wxz/Documents/pickle/maskrcnn/1080p/cut2_1243.pickle
87
COCO mAP: 0.7156476974487305
/home/wxz/Documents/pickle/maskrcnn/1080p/cut4_8428.pickle
88
COCO mAP: 0.639605700969696
/home/wxz/Documents/pickle/maskrcnn/1080p/cut8_2611.pickle
89
COCO mAP: 0.8144558668136597
/home/wxz/Documents/pickle/maskrcnn/1080p/cut1_7989.pickle
90
COCO mAP: 0.9446953535079956
/home/wxz/Documents/pickle/maskrcnn/1080p/cut8_6600.pickle
91
COCO mAP: 0.9277228116989136
/home/wxz/Documents/pickle/maskrcnn/1080p/cut2_1542.pickle
92
COCO mAP: 0.8722947835922241
/home/wxz/Documents/pickle/maskrcnn/1080p/cut1_8224.pickle
93
COCO mAP: 0.8596271276473999
/home/wxz/Documents/pickle/maskrcnn/1080p/cut2_8419.pickle
94
COCO mAP: 0.7087889909744263
/home/wxz/Documents/pickle/maskrcnn/1080p/cut6_7260.pickle
95
COCO mAP: 0.8046415448188782
/home/wxz/Documents/pickle/maskrcnn/1080p/cut4_4421.pickle
96
COCO mAP: 0.738447904586792
/home/wxz/Documents/pickle/maskrcnn/1080p/cut1_4843.pickle
97
COCO mAP: 0.8667466044425964
/home/wxz/Documents/pickle/maskrcnn/1080p/cut1_6508.pickle
98
COCO mAP: 0.49743080139160156
/home/wxz/Documents/pickle/maskrcnn/1080p/cut2_2278.pickle
99
COCO mAP: 0.4459049105644226
/home/wxz/Documents/pickle/maskrcnn/1080p/cut6_7005.pickle
100
COCO mAP: 0.5356640219688416
/home/wxz/Documents/pickle/maskrcnn/1080p/cut5_8257.pickle
101
COCO mAP: 0.7702630758285522
/home/wxz/Documents/pickle/maskrcnn/1080p/cut3_1905.pickle
102
COCO mAP: 0.8050023317337036
/home/wxz/Documents/pickle/maskrcnn/1080p/cut5_4113.pickle
103
COCO mAP: 0.9479244947433472
/home/wxz/Documents/pickle/maskrcnn/1080p/cut8_3311.pickle
104
COCO mAP: 0.8628641963005066
/home/wxz/Documents/pickle/maskrcnn/1080p/cut7_4005.pickle
105
COCO mAP: 0.8674513101577759
/home/wxz/Documents/pickle/maskrcnn/1080p/cut5_1905.pickle
106
COCO mAP: 0.8571659922599792
/home/wxz/Documents/pickle/maskrcnn/1080p/cut5_6353.pickle
107
COCO mAP: 0.7496027946472168
/home/wxz/Documents/pickle/maskrcnn/1080p/cut3_8609.pickle
108
COCO mAP: 0.7178757786750793
/home/wxz/Documents/pickle/maskrcnn/1080p/cut6_2289.pickle
109
COCO mAP: 0.8420664072036743
/home/wxz/Documents/pickle/maskrcnn/1080p/cut2_4532.pickle
110
COCO mAP: 0.8727462887763977
/home/wxz/Documents/pickle/maskrcnn/1080p/cut2_3313.pickle
111
COCO mAP: 0.6413353681564331
/home/wxz/Documents/pickle/maskrcnn/1080p/cut2_4210.pickle
112
COCO mAP: 0.9085653424263
/home/wxz/Documents/pickle/maskrcnn/1080p/cut4_981.pickle
113
COCO mAP: 0.6149488687515259
/home/wxz/Documents/pickle/maskrcnn/1080p/cut8_2527.pickle
114
COCO mAP: 0.7217147946357727
/home/wxz/Documents/pickle/maskrcnn/1080p/cut5_1185.pickle
115
COCO mAP: 0.8724949955940247
/home/wxz/Documents/pickle/maskrcnn/1080p/cut8_6432.pickle
116
COCO mAP: 0.8326241374015808
/home/wxz/Documents/pickle/maskrcnn/1080p/cut6_3857.pickle
117
COCO mAP: 0.7403286099433899
/home/wxz/Documents/pickle/maskrcnn/1080p/cut7_8525.pickle
118
COCO mAP: 0.8816595077514648
/home/wxz/Documents/pickle/maskrcnn/1080p/cut6_1073.pickle
119
COCO mAP: 0.8430439233779907
/home/wxz/Documents/pickle/maskrcnn/1080p/cut8_3409.pickle
120
COCO mAP: 0.8133026361465454
/home/wxz/Documents/pickle/maskrcnn/1080p/cut2_714.pickle
121
COCO mAP: 0.8796103596687317
/home/wxz/Documents/pickle/maskrcnn/1080p/cut5_7457.pickle
122
COCO mAP: 0.9005635976791382
/home/wxz/Documents/pickle/maskrcnn/1080p/cut1_3262.pickle
123
COCO mAP: 0.5917859077453613
/home/wxz/Documents/pickle/maskrcnn/1080p/cut4_4301.pickle
124
COCO mAP: 0.6115313172340393
/home/wxz/Documents/pickle/maskrcnn/1080p/cut4_3121.pickle
125
COCO mAP: 0.8647467494010925
/home/wxz/Documents/pickle/maskrcnn/1080p/cut7_3905.pickle
126
COCO mAP: 0.8855804204940796
/home/wxz/Documents/pickle/maskrcnn/1080p/cut6_4513.pickle
127
COCO mAP: 0.7255628705024719
/home/wxz/Documents/pickle/maskrcnn/1080p/cut2_4693.pickle
128
COCO mAP: 0.8068032264709473
/home/wxz/Documents/pickle/maskrcnn/1080p/cut9_3137.pickle
129
COCO mAP: 0.8229320645332336
/home/wxz/Documents/pickle/maskrcnn/1080p/cut4_5201.pickle
130
COCO mAP: 0.8443154096603394
/home/wxz/Documents/pickle/maskrcnn/1080p/cut8_8714.pickle
131
COCO mAP: 0.8225544095039368
/home/wxz/Documents/pickle/maskrcnn/1080p/cut4_5701.pickle
132
COCO mAP: 0.9642321467399597
/home/wxz/Documents/pickle/maskrcnn/1080p/cut6_3521.pickle
133
COCO mAP: 0.738666832447052
/home/wxz/Documents/pickle/maskrcnn/1080p/cut2_3221.pickle
134
COCO mAP: 0.8342419862747192
/home/wxz/Documents/pickle/maskrcnn/1080p/cut1_604.pickle
135
COCO mAP: 0.8226310610771179
/home/wxz/Documents/pickle/maskrcnn/1080p/cut6_4305.pickle
136
COCO mAP: 0.643452525138855
/home/wxz/Documents/pickle/maskrcnn/1080p/cut9_4305.pickle
137
COCO mAP: 0.6090520620346069
/home/wxz/Documents/pickle/maskrcnn/1080p/cut3_4545.pickle
138
COCO mAP: 0.6984851956367493
/home/wxz/Documents/pickle/maskrcnn/1080p/cut8_800.pickle
139
COCO mAP: 0.8011260032653809
/home/wxz/Documents/pickle/maskrcnn/1080p/cut5_1809.pickle
140
COCO mAP: 0.8733195066452026
/home/wxz/Documents/pickle/maskrcnn/1080p/cut7_1963.pickle
141
COCO mAP: 0.7926958203315735
/home/wxz/Documents/pickle/maskrcnn/1080p/cut7_7345.pickle
142
COCO mAP: 0.8818448781967163
/home/wxz/Documents/pickle/maskrcnn/1080p/cut3_1217.pickle
143
COCO mAP: 0.7913576364517212
/home/wxz/Documents/pickle/maskrcnn/1080p/cut3_6769.pickle
144
COCO mAP: 0.89729243516922
/home/wxz/Documents/pickle/maskrcnn/1080p/cut1_2110.pickle
145
COCO mAP: 0.4143775403499603
/home/wxz/Documents/pickle/maskrcnn/1080p/cut1_112.pickle
146
COCO mAP: 0.21554653346538544
/home/wxz/Documents/pickle/maskrcnn/1080p/cut2_5337.pickle
147
COCO mAP: 0.9362688064575195
/home/wxz/Documents/pickle/maskrcnn/1080p/cut1_430.pickle
148
COCO mAP: 0.3380512595176697
/home/wxz/Documents/pickle/maskrcnn/1080p/cut2_1496.pickle
149
COCO mAP: 0.7663482427597046
/home/wxz/Documents/pickle/maskrcnn/1080p/cut4_1201.pickle
150
COCO mAP: 0.4827534556388855
/home/wxz/Documents/pickle/maskrcnn/1080p/cut6_4145.pickle
151
COCO mAP: 0.8722542524337769
/home/wxz/Documents/pickle/maskrcnn/1080p/cut2_8005.pickle
152
COCO mAP: 0.9113012552261353
/home/wxz/Documents/pickle/maskrcnn/1080p/cut9_4113.pickle
153
COCO mAP: 0.6434067487716675
/home/wxz/Documents/pickle/maskrcnn/1080p/cut2_3842.pickle
154
COCO mAP: 0.7311556935310364
/home/wxz/Documents/pickle/maskrcnn/1080p/cut8_1000.pickle
155
COCO mAP: 0.8481630086898804
/home/wxz/Documents/pickle/maskrcnn/1080p/cut6_1297.pickle
156
COCO mAP: 0.9107653498649597
/home/wxz/Documents/pickle/maskrcnn/1080p/cut4_6646.pickle
157
COCO mAP: 0.8261387944221497
/home/wxz/Documents/pickle/maskrcnn/1080p/cut7_6825.pickle
158
COCO mAP: 0.9231346249580383
/home/wxz/Documents/pickle/maskrcnn/1080p/cut5_7873.pickle
159
COCO mAP: 0.8776406049728394
/home/wxz/Documents/pickle/maskrcnn/1080p/cut6_7309.pickle
160
COCO mAP: 0.8689473271369934
/home/wxz/Documents/pickle/maskrcnn/1080p/cut3_3953.pickle
161
COCO mAP: 0.9306982159614563
/home/wxz/Documents/pickle/maskrcnn/1080p/cut7_5745.pickle
162
COCO mAP: 0.8174114227294922
/home/wxz/Documents/pickle/maskrcnn/1080p/cut7_2705.pickle
163
COCO mAP: 0.6489759683609009
/home/wxz/Documents/pickle/maskrcnn/1080p/cut2_5245.pickle
164
COCO mAP: 0.9042929410934448
/home/wxz/Documents/pickle/maskrcnn/1080p/cut9_4401.pickle
165
COCO mAP: 0.8128650784492493
/home/wxz/Documents/pickle/maskrcnn/1080p/cut6_4049.pickle
166
COCO mAP: 0.9162980914115906
/home/wxz/Documents/pickle/maskrcnn/1080p/cut3_2113.pickle
167
COCO mAP: 0.8570262789726257
/home/wxz/Documents/pickle/maskrcnn/1080p/cut5_3009.pickle
168
COCO mAP: 0.738462507724762
/home/wxz/Documents/pickle/maskrcnn/1080p/cut1_517.pickle
169
COCO mAP: 0.8814913034439087
/home/wxz/Documents/pickle/maskrcnn/1080p/cut5_6449.pickle
170
COCO mAP: 0.4112437665462494
/home/wxz/Documents/pickle/maskrcnn/1080p/cut3_1521.pickle
171
COCO mAP: 0.882942795753479
/home/wxz/Documents/pickle/maskrcnn/1080p/cut5_2001.pickle
172
COCO mAP: 0.8010239601135254
/home/wxz/Documents/pickle/maskrcnn/1080p/cut4_641.pickle
173
COCO mAP: 0.8858808279037476
/home/wxz/Documents/pickle/maskrcnn/1080p/cut2_5475.pickle
174
COCO mAP: 0.8646205067634583
/home/wxz/Documents/pickle/maskrcnn/1080p/cut7_241.pickle
175
COCO mAP: 0.7980306148529053
/home/wxz/Documents/pickle/maskrcnn/1080p/cut3_6385.pickle
176
COCO mAP: 0.9025858044624329
/home/wxz/Documents/pickle/maskrcnn/1080p/cut1_5019.pickle
177
COCO mAP: 0.8562251329421997
/home/wxz/Documents/pickle/maskrcnn/1080p/cut1_1934.pickle
178
COCO mAP: 0.562812328338623
/home/wxz/Documents/pickle/maskrcnn/1080p/cut6_2513.pickle
179
COCO mAP: 0.8229154348373413
/home/wxz/Documents/pickle/maskrcnn/1080p/cut7_5105.pickle
180
COCO mAP: 0.9068750143051147
/home/wxz/Documents/pickle/maskrcnn/1080p/cut7_8005.pickle
181
COCO mAP: 0.8826596140861511
/home/wxz/Documents/pickle/maskrcnn/1080p/cut8_6236.pickle
182
COCO mAP: 0.8408957719802856
/home/wxz/Documents/pickle/maskrcnn/1080p/cut8_113.pickle
183
COCO mAP: 0.8866235613822937
/home/wxz/Documents/pickle/maskrcnn/1080p/cut9_5953.pickle
184
COCO mAP: 0.8604528307914734
/home/wxz/Documents/pickle/maskrcnn/1080p/cut9_2705.pickle
185
COCO mAP: 0.6578494310379028
/home/wxz/Documents/pickle/maskrcnn/1080p/cut9_3521.pickle
186
COCO mAP: 0.22585125267505646
/home/wxz/Documents/pickle/maskrcnn/1080p/cut7_5345.pickle
187
COCO mAP: 0.9073489308357239
/home/wxz/Documents/pickle/maskrcnn/1080p/cut8_4207.pickle
188
COCO mAP: 0.8796291351318359
/home/wxz/Documents/pickle/maskrcnn/1080p/cut7_5865.pickle
189
COCO mAP: 0.9201432466506958
/home/wxz/Documents/pickle/maskrcnn/1080p/cut2_4003.pickle
190
COCO mAP: 0.9140292406082153
/home/wxz/Documents/pickle/maskrcnn/1080p/cut1_1758.pickle
191
COCO mAP: 0.22963714599609375
/home/wxz/Documents/pickle/maskrcnn/1080p/cut7_561.pickle
192
COCO mAP: 0.8939149975776672
/home/wxz/Documents/pickle/maskrcnn/1080p/cut3_1121.pickle
193
COCO mAP: 0.832453727722168
/home/wxz/Documents/pickle/maskrcnn/1080p/cut8_6838.pickle
194
COCO mAP: 0.9018207788467407
/home/wxz/Documents/pickle/maskrcnn/1080p/cut3_8321.pickle
195
COCO mAP: 0.7592857480049133
/home/wxz/Documents/pickle/maskrcnn/1080p/cut7_3125.pickle
196
COCO mAP: 0.9010324478149414
/home/wxz/Documents/pickle/maskrcnn/1080p/cut3_4641.pickle
197
COCO mAP: 0.8692140579223633
/home/wxz/Documents/pickle/maskrcnn/1080p/cut8_1435.pickle
198
COCO mAP: 0.8999811410903931
/home/wxz/Documents/pickle/maskrcnn/1080p/cut1_1671.pickle
199
COCO mAP: 0.12673267722129822
/home/wxz/Documents/pickle/maskrcnn/1080p/cut6_5713.pickle
200
COCO mAP: 0.916966438293457
/home/wxz/Documents/pickle/maskrcnn/1080p/cut4_4041.pickle
201
COCO mAP: 0.5892840623855591
/home/wxz/Documents/pickle/maskrcnn/1080p/cut4_5801.pickle
202
COCO mAP: 0.8522221446037292
/home/wxz/Documents/pickle/maskrcnn/1080p/cut3_6289.pickle
203
COCO mAP: 0.8148046731948853
/home/wxz/Documents/pickle/maskrcnn/1080p/cut9_1.pickle
204
COCO mAP: 0.04609736055135727
/home/wxz/Documents/pickle/maskrcnn/1080p/cut3_2833.pickle
205
COCO mAP: 0.8784312009811401
/home/wxz/Documents/pickle/maskrcnn/1080p/cut5_2305.pickle
206
COCO mAP: 0.83122318983078
/home/wxz/Documents/pickle/maskrcnn/1080p/cut9_2417.pickle
207
COCO mAP: 0.6134046912193298
/home/wxz/Documents/pickle/maskrcnn/1080p/cut2_4463.pickle
208
COCO mAP: 0.8671075701713562
/home/wxz/Documents/pickle/maskrcnn/1080p/cut5_8161.pickle
209
COCO mAP: 0.8798270225524902
/home/wxz/Documents/pickle/maskrcnn/1080p/cut1_3611.pickle
210
COCO mAP: 0.8228999972343445
/home/wxz/Documents/pickle/maskrcnn/1080p/cut4_4601.pickle
211
COCO mAP: 0.775222897529602
/home/wxz/Documents/pickle/maskrcnn/1080p/cut4_8536.pickle
212
COCO mAP: 0.8646809458732605
/home/wxz/Documents/pickle/maskrcnn/1080p/cut6_337.pickle
213
COCO mAP: 0.8331451416015625
/home/wxz/Documents/pickle/maskrcnn/1080p/cut6_7543.pickle
214
COCO mAP: 0.9051957130432129
/home/wxz/Documents/pickle/maskrcnn/1080p/cut2_1818.pickle
215
COCO mAP: 0.8603680729866028
/home/wxz/Documents/pickle/maskrcnn/1080p/cut4_5021.pickle
216
COCO mAP: 0.954882800579071
/home/wxz/Documents/pickle/maskrcnn/1080p/cut4_7564.pickle
217
COCO mAP: 0.9020892381668091
/home/wxz/Documents/pickle/maskrcnn/1080p/cut4_5461.pickle
218
COCO mAP: 0.6158393621444702
/home/wxz/Documents/pickle/maskrcnn/1080p/cut8_7930.pickle
219
COCO mAP: 0.7639409899711609
/home/wxz/Documents/pickle/maskrcnn/1080p/cut5_7361.pickle
220
COCO mAP: 0.8921664953231812
/home/wxz/Documents/pickle/maskrcnn/1080p/cut6_1809.pickle
221
COCO mAP: 0.7603409290313721
/home/wxz/Documents/pickle/maskrcnn/1080p/cut5_337.pickle
222
COCO mAP: 0.936120331287384
/home/wxz/Documents/pickle/maskrcnn/1080p/cut7_3785.pickle
223
COCO mAP: 0.8968855142593384
/home/wxz/Documents/pickle/maskrcnn/1080p/cut2_231.pickle
224
COCO mAP: 0.8715955018997192
/home/wxz/Documents/pickle/maskrcnn/1080p/cut9_5265.pickle
225
COCO mAP: 0.8577672243118286
/home/wxz/Documents/pickle/maskrcnn/1080p/cut7_6065.pickle
226
COCO mAP: 0.7987359762191772
/home/wxz/Documents/pickle/maskrcnn/1080p/cut3_6673.pickle
227
COCO mAP: 0.8905830383300781
/home/wxz/Documents/pickle/maskrcnn/1080p/cut7_1585.pickle
228
COCO mAP: 0.8325744867324829
/home/wxz/Documents/pickle/maskrcnn/1080p/cut1_4051.pickle
229
COCO mAP: 0.8573185801506042
/home/wxz/Documents/pickle/maskrcnn/1080p/cut4_1081.pickle
230
COCO mAP: 0.8515459299087524
/home/wxz/Documents/pickle/maskrcnn/1080p/cut2_5682.pickle
231
COCO mAP: 0.8597630262374878
/home/wxz/Documents/pickle/maskrcnn/1080p/cut7_5225.pickle
232
COCO mAP: 0.8700183033943176
/home/wxz/Documents/pickle/maskrcnn/1080p/cut7_6405.pickle
233
COCO mAP: 0.8454673886299133
/home/wxz/Documents/pickle/maskrcnn/1080p/cut8_7230.pickle
234
COCO mAP: 0.6327611207962036
/home/wxz/Documents/pickle/maskrcnn/1080p/cut6_3953.pickle
235
COCO mAP: 0.8177663087844849
/home/wxz/Documents/pickle/maskrcnn/1080p/cut6_1393.pickle
236
COCO mAP: 0.39318400621414185
/home/wxz/Documents/pickle/maskrcnn/1080p/cut1_1053.pickle
237
COCO mAP: 0.7531757354736328
/home/wxz/Documents/pickle/maskrcnn/1080p/cut1_1228.pickle
238
COCO mAP: 0.7581608295440674
/home/wxz/Documents/pickle/maskrcnn/1080p/cut4_8644.pickle
239
COCO mAP: 0.7655858993530273
/home/wxz/Documents/pickle/maskrcnn/1080p/cut6_3713.pickle
240
COCO mAP: 0.8558546304702759
/home/wxz/Documents/pickle/maskrcnn/1080p/cut1_4315.pickle
241
COCO mAP: 0.8181907534599304
/home/wxz/Documents/pickle/maskrcnn/1080p/cut2_7177.pickle
242
COCO mAP: 0.8959569931030273
/home/wxz/Documents/pickle/maskrcnn/1080p/cut6_2849.pickle
243
COCO mAP: 0.8785532712936401
/home/wxz/Documents/pickle/maskrcnn/1080p/cut6_6036.pickle
244
COCO mAP: 0.8996712565422058
/home/wxz/Documents/pickle/maskrcnn/1080p/cut7_385.pickle
245
COCO mAP: 0.73619544506073
/home/wxz/Documents/pickle/maskrcnn/1080p/cut1_4501.pickle
246
COCO mAP: 0.7452747225761414
/home/wxz/Documents/pickle/maskrcnn/1080p/cut3_5505.pickle
247
COCO mAP: 0.8542762994766235
/home/wxz/Documents/pickle/maskrcnn/1080p/cut3_8993.pickle
248
COCO mAP: 0.6511124968528748
/home/wxz/Documents/pickle/maskrcnn/1080p/cut3_8225.pickle
249
COCO mAP: 0.9058791995048523
/home/wxz/Documents/pickle/maskrcnn/1080p/cut1_7754.pickle
250
COCO mAP: 0.8674284815788269
/home/wxz/Documents/pickle/maskrcnn/1080p/cut3_3073.pickle
251
COCO mAP: 0.9116420745849609
/home/wxz/Documents/pickle/maskrcnn/1080p/cut1_1404.pickle
252
COCO mAP: 0.5092670917510986
/home/wxz/Documents/pickle/maskrcnn/1080p/cut7_6505.pickle
253
COCO mAP: 0.5357469916343689
/home/wxz/Documents/pickle/maskrcnn/1080p/cut4_6021.pickle
254
COCO mAP: 0.78936767578125
/home/wxz/Documents/pickle/maskrcnn/1080p/cut4_821.pickle
255
COCO mAP: 0.930732250213623
/home/wxz/Documents/pickle/maskrcnn/1080p/cut9_5361.pickle
256
COCO mAP: 0.8331030607223511
/home/wxz/Documents/pickle/maskrcnn/1080p/cut1_7139.pickle
257
COCO mAP: 0.1301289200782776
/home/wxz/Documents/pickle/maskrcnn/1080p/cut8_3829.pickle
258
COCO mAP: 0.3697603642940521
/home/wxz/Documents/pickle/maskrcnn/1080p/cut1_8114.pickle
259
COCO mAP: 0.5667886734008789
/home/wxz/Documents/pickle/maskrcnn/1080p/cut3_6961.pickle
260
COCO mAP: 0.9094524383544922
/home/wxz/Documents/pickle/maskrcnn/1080p/cut5_4209.pickle
261
COCO mAP: 0.7802309393882751
/home/wxz/Documents/pickle/maskrcnn/1080p/cut1_7004.pickle
262
COCO mAP: 0.928416907787323
/home/wxz/Documents/pickle/maskrcnn/1080p/cut5_5809.pickle
263
COCO mAP: 0.8014556169509888
/home/wxz/Documents/pickle/maskrcnn/1080p/cut1_7524.pickle
264
COCO mAP: 0.8180586695671082
/home/wxz/Documents/pickle/maskrcnn/1080p/cut8_3507.pickle
265
COCO mAP: 0.657935619354248
/home/wxz/Documents/pickle/maskrcnn/1080p/cut8_6922.pickle
266
COCO mAP: 0.7257874608039856
/home/wxz/Documents/pickle/maskrcnn/1080p/cut1_4758.pickle
267
COCO mAP: 0.7975688576698303
/home/wxz/Documents/pickle/maskrcnn/1080p/cut7_2965.pickle
268
COCO mAP: 0.8739938735961914
/home/wxz/Documents/pickle/maskrcnn/1080p/cut1_6332.pickle
269
COCO mAP: 0.774577260017395
/home/wxz/Documents/pickle/maskrcnn/1080p/cut3_337.pickle
270
COCO mAP: 0.7947623133659363
/home/wxz/Documents/pickle/maskrcnn/1080p/cut8_4123.pickle
271
COCO mAP: 0.6816543340682983
/home/wxz/Documents/pickle/maskrcnn/1080p/cut7_3845.pickle
272
COCO mAP: 0.7481743097305298
/home/wxz/Documents/pickle/maskrcnn/1080p/cut3_7201.pickle
273
COCO mAP: 0.6172622442245483
/home/wxz/Documents/pickle/maskrcnn/1080p/cut9_3425.pickle
274
COCO mAP: 0.30841583013534546
/home/wxz/Documents/pickle/maskrcnn/1080p/cut5_8449.pickle
275
COCO mAP: 0.8985889554023743
/home/wxz/Documents/pickle/maskrcnn/1080p/cut2_2094.pickle
276
COCO mAP: 0.7048212885856628
/home/wxz/Documents/pickle/maskrcnn/1080p/cut4_1321.pickle
277
COCO mAP: 0.9427698850631714
/home/wxz/Documents/pickle/maskrcnn/1080p/cut8_5704.pickle
278
COCO mAP: 0.8440548181533813
/home/wxz/Documents/pickle/maskrcnn/1080p/cut9_2609.pickle
279
COCO mAP: 0.7840723395347595
/home/wxz/Documents/pickle/maskrcnn/1080p/cut4_6754.pickle
280
COCO mAP: 0.9287840723991394
/home/wxz/Documents/pickle/maskrcnn/1080p/cut3_2929.pickle
281
COCO mAP: 0.8267077207565308
/home/wxz/Documents/pickle/maskrcnn/1080p/cut2_4141.pickle
282
COCO mAP: 0.9126538038253784
/home/wxz/Documents/pickle/maskrcnn/1080p/cut6_3233.pickle
283
COCO mAP: 0.8984634280204773
/home/wxz/Documents/pickle/maskrcnn/1080p/cut3_6481.pickle
284
COCO mAP: 0.8687244653701782
/home/wxz/Documents/pickle/maskrcnn/1080p/cut7_2525.pickle
285
COCO mAP: 0.8931067585945129
/home/wxz/Documents/pickle/maskrcnn/1080p/cut8_1337.pickle
286
COCO mAP: 0.820008397102356
/home/wxz/Documents/pickle/maskrcnn/1080p/cut7_1693.pickle
287
COCO mAP: 0.8172749280929565
/home/wxz/Documents/pickle/maskrcnn/1080p/cut5_561.pickle
288
COCO mAP: 0.6058502197265625
/home/wxz/Documents/pickle/maskrcnn/1080p/cut1_7314.pickle
289
COCO mAP: 0.7579025030136108
/home/wxz/Documents/pickle/maskrcnn/1080p/cut4_6916.pickle
290
COCO mAP: 0.8307183980941772
/home/wxz/Documents/pickle/maskrcnn/1080p/cut6_2145.pickle
291
COCO mAP: 0.751836895942688
/home/wxz/Documents/pickle/maskrcnn/1080p/cut5_193.pickle
292
COCO mAP: 0.5078810453414917
/home/wxz/Documents/pickle/maskrcnn/1080p/cut6_8569.pickle
293
COCO mAP: 0.8373262286186218
/home/wxz/Documents/pickle/maskrcnn/1080p/cut5_5505.pickle
294
COCO mAP: 0.8802547454833984
/home/wxz/Documents/pickle/maskrcnn/1080p/cut1_7254.pickle
295
COCO mAP: 0.3216448426246643
/home/wxz/Documents/pickle/maskrcnn/1080p/cut2_2554.pickle
296
COCO mAP: 0.5789219737052917
/home/wxz/Documents/pickle/maskrcnn/1080p/cut8_4039.pickle
297
COCO mAP: 0.7427221536636353
/home/wxz/Documents/pickle/maskrcnn/1080p/cut9_3921.pickle
298
COCO mAP: 0.3840557932853699
/home/wxz/Documents/pickle/maskrcnn/1080p/cut7_4505.pickle
299
COCO mAP: 0.8326861262321472
/home/wxz/Documents/pickle/maskrcnn/1080p/cut4_8992.pickle
300
COCO mAP: 0.837530791759491
/home/wxz/Documents/pickle/maskrcnn/1080p/cut6_4721.pickle
301
COCO mAP: 0.834791362285614
/home/wxz/Documents/pickle/maskrcnn/1080p/cut7_6945.pickle
302
COCO mAP: 0.8599535226821899
/home/wxz/Documents/pickle/maskrcnn/1080p/cut2_3405.pickle
303
COCO mAP: 0.9136824607849121
/home/wxz/Documents/pickle/maskrcnn/1080p/cut2_8672.pickle
304
COCO mAP: 0.946872353553772
/home/wxz/Documents/pickle/maskrcnn/1080p/cut1_3876.pickle
305
COCO mAP: 0.5186546444892883
/home/wxz/Documents/pickle/maskrcnn/1080p/cut9_529.pickle
306
COCO mAP: 0.8050767183303833
/home/wxz/Documents/pickle/maskrcnn/1080p/cut9_2945.pickle
307
COCO mAP: 0.7760928273200989
/home/wxz/Documents/pickle/maskrcnn/1080p/cut4_3561.pickle
308
COCO mAP: 0.38870224356651306
/home/wxz/Documents/pickle/maskrcnn/1080p/cut4_6574.pickle
309
COCO mAP: 0.8849161267280579
/home/wxz/Documents/pickle/maskrcnn/1080p/cut9_2129.pickle
310
COCO mAP: 0.502423107624054
/home/wxz/Documents/pickle/maskrcnn/1080p/cut9_2513.pickle
311
COCO mAP: 0.33339154720306396
/home/wxz/Documents/pickle/maskrcnn/1080p/cut3_3441.pickle
312
COCO mAP: 0.9236462712287903
/home/wxz/Documents/pickle/maskrcnn/1080p/cut3_7409.pickle
313
COCO mAP: 0.871573805809021
/home/wxz/Documents/pickle/maskrcnn/1080p/cut7_1201.pickle
314
COCO mAP: 0.8547307848930359
/home/wxz/Documents/pickle/maskrcnn/1080p/cut2_1772.pickle
315
COCO mAP: 0.8786338567733765
/home/wxz/Documents/pickle/maskrcnn/1080p/cut1_966.pickle
316
COCO mAP: 0.035591788589954376
/home/wxz/Documents/pickle/maskrcnn/1080p/cut1_2732.pickle
317
COCO mAP: 0.07006128877401352
/home/wxz/Documents/pickle/maskrcnn/1080p/cut7_8405.pickle
318
COCO mAP: 0.8109905123710632
/home/wxz/Documents/pickle/maskrcnn/1080p/cut3_257.pickle
319
COCO mAP: 0.8623670339584351
/home/wxz/Documents/pickle/maskrcnn/1080p/cut9_6241.pickle
320
COCO mAP: 0.6566169857978821
/home/wxz/Documents/pickle/maskrcnn/1080p/cut1_3964.pickle
321
COCO mAP: 0.9043612480163574
/home/wxz/Documents/pickle/maskrcnn/1080p/cut7_7885.pickle
322
COCO mAP: 0.9547550082206726
/home/wxz/Documents/pickle/maskrcnn/1080p/cut5_4785.pickle
323
COCO mAP: 0.3496818244457245
/home/wxz/Documents/pickle/maskrcnn/1080p/cut4_1141.pickle
324
COCO mAP: 0.9417856931686401
/home/wxz/Documents/pickle/maskrcnn/1080p/cut6_4913.pickle
325
COCO mAP: 0.6706289052963257
/home/wxz/Documents/pickle/maskrcnn/1080p/cut4_2441.pickle
326
COCO mAP: 0.878273606300354
/home/wxz/Documents/pickle/maskrcnn/1080p/cut1_2645.pickle
327
COCO mAP: 0.1074257344007492
/home/wxz/Documents/pickle/maskrcnn/1080p/cut9_5025.pickle
328
COCO mAP: 0.48162198066711426
/home/wxz/Documents/pickle/maskrcnn/1080p/cut7_7605.pickle
329
COCO mAP: 0.8500201106071472
/home/wxz/Documents/pickle/maskrcnn/1080p/cut3_1329.pickle
330
COCO mAP: 0.8657840490341187
/home/wxz/Documents/pickle/maskrcnn/1080p/cut3_1025.pickle
331
COCO mAP: 0.7715479731559753
/home/wxz/Documents/pickle/maskrcnn/1080p/cut7_8325.pickle
332
COCO mAP: 0.8721877336502075
/home/wxz/Documents/pickle/maskrcnn/1080p/cut5_8065.pickle
333
COCO mAP: 0.8480406999588013
/home/wxz/Documents/pickle/maskrcnn/1080p/cut1_3002.pickle
334
COCO mAP: 0.7095049619674683
/home/wxz/Documents/pickle/maskrcnn/1080p/cut7_2645.pickle
335
COCO mAP: 0.808259129524231
/home/wxz/Documents/pickle/maskrcnn/1080p/cut7_1265.pickle
336
COCO mAP: 0.9186823964118958
/home/wxz/Documents/pickle/maskrcnn/1080p/cut8_702.pickle
337
COCO mAP: 0.8735076189041138
/home/wxz/Documents/pickle/maskrcnn/1080p/cut8_7006.pickle
338
COCO mAP: 0.910006046295166
/home/wxz/Documents/pickle/maskrcnn/1080p/cut5_7633.pickle
339
COCO mAP: 0.7474896311759949
/home/wxz/Documents/pickle/maskrcnn/1080p/cut4_8104.pickle
340
COCO mAP: 0.6392609477043152
/home/wxz/Documents/pickle/maskrcnn/1080p/cut5_8737.pickle
341
COCO mAP: 0.874947726726532
/home/wxz/Documents/pickle/maskrcnn/1080p/cut3_1713.pickle
342
COCO mAP: 0.9278543591499329
/home/wxz/Documents/pickle/maskrcnn/1080p/cut3_5713.pickle
343
COCO mAP: 0.8611040115356445
/home/wxz/Documents/pickle/maskrcnn/1080p/cut4_5601.pickle
344
COCO mAP: 0.864643931388855
/home/wxz/Documents/pickle/maskrcnn/1080p/cut1_5889.pickle
345
COCO mAP: 0.846609890460968
/home/wxz/Documents/pickle/maskrcnn/1080p/cut9_913.pickle
346
COCO mAP: 0.6882144212722778
/home/wxz/Documents/pickle/maskrcnn/1080p/cut5_6833.pickle
347
COCO mAP: 0.475463330745697
/home/wxz/Documents/pickle/maskrcnn/1080p/cut6_721.pickle
348
COCO mAP: 0.9641846418380737
/home/wxz/Documents/pickle/maskrcnn/1080p/cut3_7841.pickle
349
COCO mAP: 0.7125234007835388
/home/wxz/Documents/pickle/maskrcnn/1080p/cut7_7065.pickle
350
COCO mAP: 0.8312039375305176
/home/wxz/Documents/pickle/maskrcnn/1080p/cut3_7057.pickle
351
COCO mAP: 0.9091649055480957
/home/wxz/Documents/pickle/maskrcnn/1080p/cut4_7780.pickle
352
COCO mAP: 0.6702919602394104
/home/wxz/Documents/pickle/maskrcnn/1080p/cut4_2621.pickle
353
COCO mAP: 0.8211145401000977
/home/wxz/Documents/pickle/maskrcnn/1080p/cut5_7537.pickle
354
COCO mAP: 0.9181658029556274
/home/wxz/Documents/pickle/maskrcnn/1080p/cut5_8641.pickle
355
COCO mAP: 0.8573411703109741
/home/wxz/Documents/pickle/maskrcnn/1080p/cut8_3955.pickle
356
COCO mAP: 0.9243441820144653
/home/wxz/Documents/pickle/maskrcnn/1080p/cut2_1634.pickle
357
COCO mAP: 0.8869501352310181
/home/wxz/Documents/pickle/maskrcnn/1080p/cut5_1425.pickle
358
COCO mAP: 0.8668562769889832
/home/wxz/Documents/pickle/maskrcnn/1080p/cut1_8939.pickle
359
COCO mAP: 0.9073600769042969
/home/wxz/Documents/pickle/maskrcnn/1080p/cut2_2922.pickle
360
COCO mAP: 0.8995648622512817
/home/wxz/Documents/pickle/maskrcnn/1080p/cut8_7328.pickle
361
COCO mAP: 0.6661966443061829
/home/wxz/Documents/pickle/maskrcnn/1080p/cut8_2821.pickle
362
COCO mAP: 0.8742945790290833
/home/wxz/Documents/pickle/maskrcnn/1080p/cut8_5312.pickle
363
COCO mAP: 0.8986434936523438
/home/wxz/Documents/pickle/maskrcnn/1080p/cut1_1140.pickle
364
COCO mAP: 0.9091348648071289
/home/wxz/Documents/pickle/maskrcnn/1080p/cut4_2721.pickle
365
COCO mAP: 0.8578336834907532
/home/wxz/Documents/pickle/maskrcnn/1080p/cut7_481.pickle
366
COCO mAP: 0.9268572926521301
/home/wxz/Documents/pickle/maskrcnn/1080p/cut7_8105.pickle
367
COCO mAP: 0.714688241481781
/home/wxz/Documents/pickle/maskrcnn/1080p/cut8_6726.pickle
368
COCO mAP: 0.8875710368156433
/home/wxz/Documents/pickle/maskrcnn/1080p/cut5_289.pickle
369
COCO mAP: 0.6927551031112671
/home/wxz/Documents/pickle/maskrcnn/1080p/cut9_1601.pickle
370
COCO mAP: 0.49855390191078186
/home/wxz/Documents/pickle/maskrcnn/1080p/cut9_1409.pickle
371
COCO mAP: 0.8584778904914856
/home/wxz/Documents/pickle/maskrcnn/1080p/cut9_1201.pickle
372
COCO mAP: 0.5896394848823547
/home/wxz/Documents/pickle/maskrcnn/1080p/cut5_6257.pickle
373
COCO mAP: 0.795486569404602
/home/wxz/Documents/pickle/maskrcnn/1080p/cut9_625.pickle
374
COCO mAP: 0.7621625661849976
/home/wxz/Documents/pickle/maskrcnn/1080p/cut8_8462.pickle
375
COCO mAP: 0.8591808080673218
/home/wxz/Documents/pickle/maskrcnn/1080p/cut8_8014.pickle
376
COCO mAP: 0.7966791987419128
/home/wxz/Documents/pickle/maskrcnn/1080p/cut3_5409.pickle
377
COCO mAP: 0.8793998956680298
/home/wxz/Documents/pickle/maskrcnn/1080p/cut2_507.pickle
378
COCO mAP: 0.6020779013633728
/home/wxz/Documents/pickle/maskrcnn/1080p/cut2_2485.pickle
379
COCO mAP: 0.9121130108833313
/home/wxz/Documents/pickle/maskrcnn/1080p/cut6_5313.pickle
380
COCO mAP: 0.880262017250061
/home/wxz/Documents/pickle/maskrcnn/1080p/cut3_3313.pickle
381
COCO mAP: 0.9401737451553345
/home/wxz/Documents/pickle/maskrcnn/1080p/cut5_6545.pickle
382
COCO mAP: 0.9004839658737183
/home/wxz/Documents/pickle/maskrcnn/1080p/cut3_5025.pickle
383
COCO mAP: 0.6829527616500854
/home/wxz/Documents/pickle/maskrcnn/1080p/cut8_1113.pickle
384
COCO mAP: 0.813666820526123
/home/wxz/Documents/pickle/maskrcnn/1080p/cut3_8033.pickle
385
COCO mAP: 0.9142436981201172
/home/wxz/Documents/pickle/maskrcnn/1080p/cut4_2841.pickle
386
COCO mAP: 0.8764853477478027
/home/wxz/Documents/pickle/maskrcnn/1080p/cut3_5217.pickle
387
COCO mAP: 0.5403463244438171
/home/wxz/Documents/pickle/maskrcnn/1080p/cut2_2715.pickle
388
COCO mAP: 0.9281089901924133
/home/wxz/Documents/pickle/maskrcnn/1080p/cut6_7453.pickle
389
COCO mAP: 0.8576218485832214
/home/wxz/Documents/pickle/maskrcnn/1080p/cut6_817.pickle
390
COCO mAP: 0.7014479637145996
/home/wxz/Documents/pickle/maskrcnn/1080p/cut3_2737.pickle
391
COCO mAP: 0.7421475052833557
/home/wxz/Documents/pickle/maskrcnn/1080p/cut7_2885.pickle
392
COCO mAP: 0.23558583855628967
/home/wxz/Documents/pickle/maskrcnn/1080p/cut5_3441.pickle
393
COCO mAP: 0.8316465616226196
/home/wxz/Documents/pickle/maskrcnn/1080p/cut1_7644.pickle
394
COCO mAP: 0.6980146765708923
/home/wxz/Documents/pickle/maskrcnn/1080p/cut3_5809.pickle
395
COCO mAP: 0.7797368168830872
/home/wxz/Documents/pickle/maskrcnn/1080p/cut8_7804.pickle
396
COCO mAP: 0.8404935598373413
/home/wxz/Documents/pickle/maskrcnn/1080p/cut3_5601.pickle
397
COCO mAP: 0.8827850222587585
/home/wxz/Documents/pickle/maskrcnn/1080p/cut5_7073.pickle
398
COCO mAP: 0.5504854917526245
/home/wxz/Documents/pickle/maskrcnn/1080p/cut9_6305.pickle
399
COCO mAP: 0.8407912254333496
/home/wxz/Documents/pickle/maskrcnn/1080p/cut3_8129.pickle
400
COCO mAP: 0.8928300738334656
/home/wxz/Documents/pickle/maskrcnn/1080p/cut5_4545.pickle
401
COCO mAP: 0.6587549448013306
/home/wxz/Documents/pickle/maskrcnn/1080p/cut7_3425.pickle
402
COCO mAP: 0.8932271003723145
/home/wxz/Documents/pickle/maskrcnn/1080p/cut3_8513.pickle
403
COCO mAP: 0.8855695724487305
/home/wxz/Documents/pickle/maskrcnn/1080p/cut8_506.pickle
404
COCO mAP: 0.5357958078384399
/home/wxz/Documents/pickle/maskrcnn/1080p/cut2_5912.pickle
405
COCO mAP: 0.7982057332992554
/home/wxz/Documents/pickle/maskrcnn/1080p/cut5_2545.pickle
406
COCO mAP: 0.7146733999252319
/home/wxz/Documents/pickle/maskrcnn/1080p/cut3_4209.pickle
407
COCO mAP: 0.584155261516571
/home/wxz/Documents/pickle/maskrcnn/1080p/cut6_8029.pickle
408
COCO mAP: 0.9322866201400757
/home/wxz/Documents/pickle/maskrcnn/1080p/cut8_7510.pickle
409
COCO mAP: 0.755569338798523
/home/wxz/Documents/pickle/maskrcnn/1080p/cut3_2001.pickle
410
COCO mAP: 0.7910462617874146
/home/wxz/Documents/pickle/maskrcnn/1080p/cut3_7937.pickle
411
COCO mAP: 0.8181931376457214
/home/wxz/Documents/pickle/maskrcnn/1080p/cut3_705.pickle
412
COCO mAP: 0.8376004099845886
/home/wxz/Documents/pickle/maskrcnn/1080p/cut4_2241.pickle
413
COCO mAP: 0.9001362919807434
/home/wxz/Documents/pickle/maskrcnn/1080p/cut2_7522.pickle
414
COCO mAP: 0.9239381551742554
/home/wxz/Documents/pickle/maskrcnn/1080p/cut2_8879.pickle
415
COCO mAP: 0.8943189382553101
/home/wxz/Documents/pickle/maskrcnn/1080p/cut9_4017.pickle
416
COCO mAP: 0.7454044222831726
/home/wxz/Documents/pickle/maskrcnn/1080p/cut3_3857.pickle
417
COCO mAP: 0.7974689602851868
/home/wxz/Documents/pickle/maskrcnn/1080p/cut5_4641.pickle
418
COCO mAP: 0.6727098226547241
/home/wxz/Documents/pickle/maskrcnn/1080p/cut4_7024.pickle
419
COCO mAP: 0.6465210914611816
/home/wxz/Documents/pickle/maskrcnn/1080p/cut5_5713.pickle
420
COCO mAP: 0.5118257999420166
/home/wxz/Documents/pickle/maskrcnn/1080p/cut5_1377.pickle
421
COCO mAP: 0.935167133808136
/home/wxz/Documents/pickle/maskrcnn/1080p/cut7_3545.pickle
422
COCO mAP: 0.8861486315727234
/home/wxz/Documents/pickle/maskrcnn/1080p/cut5_3105.pickle
423
COCO mAP: 0.7877540588378906
/home/wxz/Documents/pickle/maskrcnn/1080p/cut1_4671.pickle
424
COCO mAP: 0.8371374011039734
/home/wxz/Documents/pickle/maskrcnn/1080p/cut4_6293.pickle
425
COCO mAP: 0.9614650011062622
/home/wxz/Documents/pickle/maskrcnn/1080p/cut9_2033.pickle
426
COCO mAP: 0.629294216632843
/home/wxz/Documents/pickle/maskrcnn/1080p/cut9_4913.pickle
427
COCO mAP: 0.3443596363067627
/home/wxz/Documents/pickle/maskrcnn/1080p/cut5_1713.pickle
428
COCO mAP: 0.8627464175224304
/home/wxz/Documents/pickle/maskrcnn/1080p/cut8_8602.pickle
429
COCO mAP: 0.7976851463317871
/home/wxz/Documents/pickle/maskrcnn/1080p/cut1_2908.pickle
430
COCO mAP: 0.7140028476715088
/home/wxz/Documents/pickle/maskrcnn/1080p/cut8_4431.pickle
431
COCO mAP: 0.5393999814987183
/home/wxz/Documents/pickle/maskrcnn/1080p/cut3_1633.pickle
432
COCO mAP: 0.8435729146003723
/home/wxz/Documents/pickle/maskrcnn/1080p/cut5_3633.pickle
433
COCO mAP: 0.6811619997024536
/home/wxz/Documents/pickle/maskrcnn/1080p/cut3_609.pickle
434
COCO mAP: 0.8270487785339355
/home/wxz/Documents/pickle/maskrcnn/1080p/cut3_417.pickle
435
COCO mAP: 0.7420046925544739
/home/wxz/Documents/pickle/maskrcnn/1080p/cut2_3704.pickle
436
COCO mAP: 0.8465560078620911
/home/wxz/Documents/pickle/maskrcnn/1080p/cut4_461.pickle
437
COCO mAP: 0.8526183366775513
/home/wxz/Documents/pickle/maskrcnn/1080p/cut2_7361.pickle
438
COCO mAP: 0.9128516316413879
/home/wxz/Documents/pickle/maskrcnn/1080p/cut8_1827.pickle
439
COCO mAP: 0.8608951568603516
/home/wxz/Documents/pickle/maskrcnn/1080p/cut2_8603.pickle
440
COCO mAP: 0.8344869613647461
/home/wxz/Documents/pickle/maskrcnn/1080p/cut8_2331.pickle
441
COCO mAP: 0.7770208120346069
/home/wxz/Documents/pickle/maskrcnn/1080p/cut7_2145.pickle
442
COCO mAP: 0.8282033205032349
/home/wxz/Documents/pickle/maskrcnn/1080p/cut9_6145.pickle
443
COCO mAP: 0.6830896735191345
/home/wxz/Documents/pickle/maskrcnn/1080p/cut2_3106.pickle
444
COCO mAP: 0.9517857432365417
/home/wxz/Documents/pickle/maskrcnn/1080p/cut3_6001.pickle
445
COCO mAP: 0.8018012046813965
/home/wxz/Documents/pickle/maskrcnn/1080p/cut3_1809.pickle
446
COCO mAP: 0.8351043462753296
/home/wxz/Documents/pickle/maskrcnn/1080p/cut1_8319.pickle
447
COCO mAP: 0.9776309728622437
/home/wxz/Documents/pickle/maskrcnn/1080p/cut6_193.pickle
448
COCO mAP: 0.8291590809822083
/home/wxz/Documents/pickle/maskrcnn/1080p/cut1_1846.pickle
449
COCO mAP: 0.736895740032196
/home/wxz/Documents/pickle/maskrcnn/1080p/cut6_8785.pickle
450
COCO mAP: 0.9122377634048462
/home/wxz/Documents/pickle/maskrcnn/1080p/cut9_5409.pickle
451
COCO mAP: 0.7017470002174377
/home/wxz/Documents/pickle/maskrcnn/1080p/cut5_657.pickle
452
COCO mAP: 0.9232641458511353
/home/wxz/Documents/pickle/maskrcnn/1080p/cut6_8353.pickle
453
COCO mAP: 0.8628679513931274
/home/wxz/Documents/pickle/maskrcnn/1080p/cut8_8924.pickle
454
COCO mAP: 0.048750586807727814
/home/wxz/Documents/pickle/maskrcnn/1080p/cut6_5934.pickle
455
COCO mAP: 0.7128728628158569
/home/wxz/Documents/pickle/maskrcnn/1080p/cut3_8417.pickle
456
COCO mAP: 0.894091784954071
/home/wxz/Documents/pickle/maskrcnn/1080p/cut4_8068.pickle
457
COCO mAP: 0.8288164138793945
/home/wxz/Documents/pickle/maskrcnn/1080p/cut9_1105.pickle
458
COCO mAP: 0.7591270208358765
/home/wxz/Documents/pickle/maskrcnn/1080p/cut7_8825.pickle
459
COCO mAP: 0.9019985198974609
/home/wxz/Documents/pickle/maskrcnn/1080p/cut2_3612.pickle
460
COCO mAP: 0.8344124555587769
/home/wxz/Documents/pickle/maskrcnn/1080p/cut6_3041.pickle
461
COCO mAP: 0.9184001684188843
/home/wxz/Documents/pickle/maskrcnn/1080p/cut7_4425.pickle
462
COCO mAP: 0.8654410243034363
/home/wxz/Documents/pickle/maskrcnn/1080p/cut7_6705.pickle
463
COCO mAP: 0.7761737108230591
/home/wxz/Documents/pickle/maskrcnn/1080p/cut9_209.pickle
464
COCO mAP: 0.8477446436882019
/home/wxz/Documents/pickle/maskrcnn/1080p/cut4_261.pickle
465
COCO mAP: 0.6981023550033569
/home/wxz/Documents/pickle/maskrcnn/1080p/cut4_3401.pickle
466
COCO mAP: 0.8769677877426147
/home/wxz/Documents/pickle/maskrcnn/1080p/cut3_3217.pickle
467
COCO mAP: 0.8725947141647339
/home/wxz/Documents/pickle/maskrcnn/1080p/cut9_4641.pickle
468
COCO mAP: 0.6785008311271667
/home/wxz/Documents/pickle/maskrcnn/1080p/cut7_6365.pickle
469
COCO mAP: 0.9253783226013184
/home/wxz/Documents/pickle/maskrcnn/1080p/cut4_3241.pickle
470
COCO mAP: 0.9521299600601196
/home/wxz/Documents/pickle/maskrcnn/1080p/cut8_8546.pickle
471
COCO mAP: 0.7857568860054016
/home/wxz/Documents/pickle/maskrcnn/1080p/cut8_8840.pickle
472
COCO mAP: 0.6242736577987671
/home/wxz/Documents/pickle/maskrcnn/1080p/cut3_7505.pickle
473
COCO mAP: 0.9609705209732056
/home/wxz/Documents/pickle/maskrcnn/1080p/cut5_7969.pickle
474
COCO mAP: 0.864669919013977
/home/wxz/Documents/pickle/maskrcnn/1080p/cut4_7258.pickle
475
COCO mAP: 0.7114152908325195
/home/wxz/Documents/pickle/maskrcnn/1080p/cut4_1801.pickle
476
COCO mAP: 0.6356207728385925
/home/wxz/Documents/pickle/maskrcnn/1080p/cut7_4845.pickle
477
COCO mAP: 0.816314697265625
/home/wxz/Documents/pickle/maskrcnn/1080p/cut6_8137.pickle
478
COCO mAP: 0.9347136616706848
/home/wxz/Documents/pickle/maskrcnn/1080p/cut4_761.pickle
479
COCO mAP: 0.6412031054496765
/home/wxz/Documents/pickle/maskrcnn/1080p/cut2_8925.pickle
480
COCO mAP: 0.9116071462631226
/home/wxz/Documents/pickle/maskrcnn/1080p/cut4_5281.pickle
481
COCO mAP: 0.9268965721130371
/home/wxz/Documents/pickle/maskrcnn/1080p/cut1_5700.pickle
482
COCO mAP: 0.7827188968658447
/home/wxz/Documents/pickle/maskrcnn/1080p/cut7_641.pickle
483
COCO mAP: 0.7060113549232483
/home/wxz/Documents/pickle/maskrcnn/1080p/cut2_5751.pickle
484
COCO mAP: 0.8569658994674683
/home/wxz/Documents/pickle/maskrcnn/1080p/cut9_113.pickle
485
COCO mAP: 0.8939347267150879
/home/wxz/Documents/pickle/maskrcnn/1080p/cut4_7348.pickle
486
COCO mAP: 0.8805950284004211
/home/wxz/Documents/pickle/maskrcnn/1080p/cut1_3438.pickle
487
COCO mAP: 0.7557791471481323
/home/wxz/Documents/pickle/maskrcnn/1080p/cut7_4305.pickle
488
COCO mAP: 0.9203767776489258
/home/wxz/Documents/pickle/maskrcnn/1080p/cut5_897.pickle
489
COCO mAP: 0.7394993901252747
/home/wxz/Documents/pickle/maskrcnn/1080p/cut3_3601.pickle
490
COCO mAP: 0.9232117533683777
/home/wxz/Documents/pickle/maskrcnn/1080p/cut5_8881.pickle
491
COCO mAP: 0.8650803565979004
/home/wxz/Documents/pickle/maskrcnn/1080p/cut5_3729.pickle
492
COCO mAP: 0.6623730063438416
/home/wxz/Documents/pickle/maskrcnn/1080p/cut4_6412.pickle
493
COCO mAP: 0.9235860109329224
/home/wxz/Documents/pickle/maskrcnn/1080p/cut5_3809.pickle
494
COCO mAP: 0.6586011648178101
/home/wxz/Documents/pickle/maskrcnn/1080p/cut4_7672.pickle
495
COCO mAP: 0.8321259617805481
/home/wxz/Documents/pickle/maskrcnn/1080p/cut1_2820.pickle
496
COCO mAP: 0.26804178953170776
/home/wxz/Documents/pickle/maskrcnn/1080p/cut4_521.pickle
497
COCO mAP: 0.6168212294578552
/home/wxz/Documents/pickle/maskrcnn/1080p/cut9_1937.pickle
498
COCO mAP: 0.7367913126945496
/home/wxz/Documents/pickle/maskrcnn/1080p/cut6_5611.pickle
499
COCO mAP: 0.8231562376022339
/home/wxz/Documents/pickle/maskrcnn/1080p/cut4_2001.pickle
500
COCO mAP: 0.20978236198425293
/home/wxz/Documents/pickle/maskrcnn/1080p/cut1_5373.pickle
501
COCO mAP: 0.8231680989265442
/home/wxz/Documents/pickle/maskrcnn/1080p/cut8_912.pickle
502
COCO mAP: 0.7849683165550232
/home/wxz/Documents/pickle/maskrcnn/1080p/cut6_6750.pickle
503
COCO mAP: 0.7191006541252136
/home/wxz/Documents/pickle/maskrcnn/1080p/cut4_5401.pickle
504
COCO mAP: 0.8797367811203003
/home/wxz/Documents/pickle/maskrcnn/1080p/cut3_3505.pickle
505
COCO mAP: 0.9118639230728149
/home/wxz/Documents/pickle/maskrcnn/1080p/cut5_8353.pickle
506
COCO mAP: 0.8368045687675476
/home/wxz/Documents/pickle/maskrcnn/1080p/cut6_8461.pickle
507
COCO mAP: 0.9355689287185669
/home/wxz/Documents/pickle/maskrcnn/1080p/cut7_5945.pickle
508
COCO mAP: 0.841356635093689
/home/wxz/Documents/pickle/maskrcnn/1080p/cut3_2609.pickle
509
COCO mAP: 0.834732711315155
/home/wxz/Documents/pickle/maskrcnn/1080p/cut6_7741.pickle
510
COCO mAP: 0.9023274183273315
/home/wxz/Documents/pickle/maskrcnn/1080p/cut8_4613.pickle
511
COCO mAP: 0.9205797910690308
/home/wxz/Documents/pickle/maskrcnn/1080p/cut2_852.pickle
512
COCO mAP: 0.8532098531723022
/home/wxz/Documents/pickle/maskrcnn/1080p/cut5_4017.pickle
513
COCO mAP: 0.7793540358543396
/home/wxz/Documents/pickle/maskrcnn/1080p/cut1_4931.pickle
514
COCO mAP: 0.8945853114128113
/home/wxz/Documents/pickle/maskrcnn/1080p/cut6_5201.pickle
515
COCO mAP: 0.8445784449577332
/home/wxz/Documents/pickle/maskrcnn/1080p/cut8_3619.pickle
516
COCO mAP: 0.6441435217857361
/home/wxz/Documents/pickle/maskrcnn/1080p/cut2_6717.pickle
517
COCO mAP: 0.8961746096611023
/home/wxz/Documents/pickle/maskrcnn/1080p/cut4_7996.pickle
518
COCO mAP: 0.7032368779182434
/home/wxz/Documents/pickle/maskrcnn/1080p/cut8_1519.pickle
519
COCO mAP: 0.7976041436195374
/home/wxz/Documents/pickle/maskrcnn/1080p/cut2_5061.pickle
520
COCO mAP: 0.9177024960517883
/home/wxz/Documents/pickle/maskrcnn/1080p/cut5_7265.pickle
521
COCO mAP: 0.8727162480354309
/home/wxz/Documents/pickle/maskrcnn/1080p/cut5_2401.pickle
522
COCO mAP: 0.746360182762146
/home/wxz/Documents/pickle/maskrcnn/1080p/cut2_8741.pickle
523
COCO mAP: 0.19289839267730713
/home/wxz/Documents/pickle/maskrcnn/1080p/cut6_2433.pickle
524
COCO mAP: 0.7146778106689453
/home/wxz/Documents/pickle/maskrcnn/1080p/cut3_1.pickle
525
COCO mAP: 0.8840994834899902
/home/wxz/Documents/pickle/maskrcnn/1080p/cut4_1761.pickle
526
COCO mAP: 0.8998547792434692
/home/wxz/Documents/pickle/maskrcnn/1080p/cut5_6929.pickle
527
COCO mAP: 0.9104912877082825
/home/wxz/Documents/pickle/maskrcnn/1080p/cut2_7430.pickle
528
COCO mAP: 0.9324671626091003
/home/wxz/Documents/pickle/maskrcnn/1080p/cut9_2801.pickle
529
COCO mAP: 0.8494143486022949
/home/wxz/Documents/pickle/maskrcnn/1080p/cut6_6189.pickle
530
COCO mAP: 0.7308968901634216
/home/wxz/Documents/pickle/maskrcnn/1080p/cut5_2817.pickle
531
COCO mAP: 0.9324451684951782
/home/wxz/Documents/pickle/maskrcnn/1080p/cut2_7660.pickle
532
COCO mAP: 0.8667489886283875
/home/wxz/Documents/pickle/maskrcnn/1080p/cut6_7975.pickle
533
COCO mAP: 0.8894757032394409
/home/wxz/Documents/pickle/maskrcnn/1080p/cut3_6865.pickle
534
COCO mAP: 0.9355632066726685
/home/wxz/Documents/pickle/maskrcnn/1080p/cut8_4515.pickle
535
COCO mAP: 0.6827790141105652
/home/wxz/Documents/pickle/maskrcnn/1080p/cut3_3393.pickle
536
COCO mAP: 0.9024092555046082
/home/wxz/Documents/pickle/maskrcnn/1080p/cut1_879.pickle
537
COCO mAP: 0.8422211408615112
/home/wxz/Documents/pickle/maskrcnn/1080p/cut9_3329.pickle
538
COCO mAP: 0.3577793538570404
/home/wxz/Documents/pickle/maskrcnn/1080p/cut2_8143.pickle
539
COCO mAP: 0.6812630295753479
/home/wxz/Documents/pickle/maskrcnn/1080p/cut4_5817.pickle
540
COCO mAP: 0.8455564379692078
/home/wxz/Documents/pickle/maskrcnn/1080p/cut9_5505.pickle
541
COCO mAP: 0.6949445009231567
/home/wxz/Documents/pickle/maskrcnn/1080p/cut2_4762.pickle
542
COCO mAP: 0.8126329183578491
/home/wxz/Documents/pickle/maskrcnn/1080p/cut4_3621.pickle
543
COCO mAP: 0.8961841464042664
/home/wxz/Documents/pickle/maskrcnn/1080p/cut6_1489.pickle
544
COCO mAP: 0.6781628727912903
/home/wxz/Documents/pickle/maskrcnn/1080p/cut1_3174.pickle
545
COCO mAP: 0.2524752616882324
/home/wxz/Documents/pickle/maskrcnn/1080p/cut6_5832.pickle
546
COCO mAP: 0.7323509454727173
/home/wxz/Documents/pickle/maskrcnn/1080p/cut6_5105.pickle
547
COCO mAP: 0.9215354919433594
/home/wxz/Documents/pickle/maskrcnn/1080p/cut4_161.pickle
548
COCO mAP: 0.826933741569519
/home/wxz/Documents/pickle/maskrcnn/1080p/cut3_4305.pickle
549
COCO mAP: 0.6182623505592346
/home/wxz/Documents/pickle/maskrcnn/1080p/cut1_3526.pickle
550
COCO mAP: 0.6230764389038086
/home/wxz/Documents/pickle/maskrcnn/1080p/cut2_7292.pickle
551
COCO mAP: 0.9362727999687195
/home/wxz/Documents/pickle/maskrcnn/1080p/cut7_4725.pickle
552
COCO mAP: 0.8827228546142578
/home/wxz/Documents/pickle/maskrcnn/1080p/cut3_3793.pickle
553
COCO mAP: 0.9029971361160278
/home/wxz/Documents/pickle/maskrcnn/1080p/cut5_3537.pickle
554
COCO mAP: 0.7367585897445679
/home/wxz/Documents/pickle/maskrcnn/1080p/cut5_2913.pickle
555
COCO mAP: 0.8913337588310242
/home/wxz/Documents/pickle/maskrcnn/1080p/cut7_7945.pickle
556
COCO mAP: 0.9304462671279907
/home/wxz/Documents/pickle/maskrcnn/1080p/cut8_7412.pickle
557
COCO mAP: 0.6976737976074219
/home/wxz/Documents/pickle/maskrcnn/1080p/cut3_6193.pickle
558
COCO mAP: 0.8860443830490112
/home/wxz/Documents/pickle/maskrcnn/1080p/cut4_3001.pickle
559
COCO mAP: 0.7650085091590881
/home/wxz/Documents/pickle/maskrcnn/1080p/cut4_5901.pickle
560
COCO mAP: 0.6856392621994019
/home/wxz/Documents/pickle/maskrcnn/1080p/cut2_1036.pickle
561
COCO mAP: 0.640275776386261
/home/wxz/Documents/pickle/maskrcnn/1080p/cut8_1715.pickle
562
COCO mAP: 0.9738644361495972
/home/wxz/Documents/pickle/maskrcnn/1080p/cut5_8992.pickle
563
COCO mAP: 0.8436978459358215
/home/wxz/Documents/pickle/maskrcnn/1080p/cut6_3617.pickle
564
COCO mAP: 0.9186174273490906
/home/wxz/Documents/pickle/maskrcnn/1080p/cut5_6641.pickle
565
COCO mAP: 0.9096134305000305
/home/wxz/Documents/pickle/maskrcnn/1080p/cut6_6240.pickle
566
COCO mAP: 0.8375312089920044
/home/wxz/Documents/pickle/maskrcnn/1080p/cut8_4906.pickle
567
COCO mAP: 0.8512561917304993
/home/wxz/Documents/pickle/maskrcnn/1080p/cut6_8947.pickle
568
COCO mAP: 0.8561755418777466
/home/wxz/Documents/pickle/maskrcnn/1080p/cut7_1.pickle
569
COCO mAP: 0.8661037683486938
/home/wxz/Documents/pickle/maskrcnn/1080p/cut1_2471.pickle
570
COCO mAP: 0.3643230199813843
/home/wxz/Documents/pickle/maskrcnn/1080p/cut6_2001.pickle
571
COCO mAP: 0.7191053628921509
/home/wxz/Documents/pickle/maskrcnn/1080p/cut6_1201.pickle
572
COCO mAP: 0.9092882871627808
/home/wxz/Documents/pickle/maskrcnn/1080p/cut6_6903.pickle
573
COCO mAP: 0.8819580078125
/home/wxz/Documents/pickle/maskrcnn/1080p/cut2_93.pickle
574
COCO mAP: 0.8790555000305176
/home/wxz/Documents/pickle/maskrcnn/1080p/cut5_8545.pickle
575
COCO mAP: 0.7751753926277161
/home/wxz/Documents/pickle/maskrcnn/1080p/cut7_1105.pickle
576
COCO mAP: 0.8768008351325989
/home/wxz/Documents/pickle/maskrcnn/1080p/cut7_1855.pickle
577
COCO mAP: 0.7965131998062134
/home/wxz/Documents/pickle/maskrcnn/1080p/cut5_8785.pickle
578
COCO mAP: 0.9114961624145508
/home/wxz/Documents/pickle/maskrcnn/1080p/cut2_6510.pickle
579
COCO mAP: 0.9452913403511047
/home/wxz/Documents/pickle/maskrcnn/1080p/cut8_1645.pickle
580
COCO mAP: 0.869156539440155
/home/wxz/Documents/pickle/maskrcnn/1080p/cut4_5321.pickle
581
COCO mAP: 0.7606735825538635
/home/wxz/Documents/pickle/maskrcnn/1080p/cut2_6418.pickle
582
COCO mAP: 0.9540945291519165
/home/wxz/Documents/pickle/maskrcnn/1080p/cut9_1009.pickle
583
COCO mAP: 0.3114541172981262
/home/wxz/Documents/pickle/maskrcnn/1080p/cut7_6645.pickle
584
COCO mAP: 0.8822129964828491
/home/wxz/Documents/pickle/maskrcnn/1080p/cut4_1681.pickle
585
COCO mAP: 0.5834251642227173
/home/wxz/Documents/pickle/maskrcnn/1080p/cut9_401.pickle
586
COCO mAP: 0.7691898941993713
/home/wxz/Documents/pickle/maskrcnn/1080p/cut3_2209.pickle
587
COCO mAP: 0.8769001960754395
/home/wxz/Documents/pickle/maskrcnn/1080p/cut8_4809.pickle
588
COCO mAP: 0.8496088981628418
/home/wxz/Documents/pickle/maskrcnn/1080p/cut6_4641.pickle
589
COCO mAP: 0.8232277631759644
/home/wxz/Documents/pickle/maskrcnn/1080p/cut7_833.pickle
590
COCO mAP: 0.620205283164978
/home/wxz/Documents/pickle/maskrcnn/1080p/cut5_6113.pickle
591
COCO mAP: 0.6332218647003174
/home/wxz/Documents/pickle/maskrcnn/1080p/cut6_7867.pickle
592
COCO mAP: 0.946933925151825
/home/wxz/Documents/pickle/maskrcnn/1080p/cut6_6444.pickle
593
COCO mAP: 0.9530760645866394
/home/wxz/Documents/pickle/maskrcnn/1080p/cut1_4139.pickle
594
COCO mAP: 0.8498629331588745
/home/wxz/Documents/pickle/maskrcnn/1080p/cut3_817.pickle
595
COCO mAP: 0.8890191912651062
/home/wxz/Documents/pickle/maskrcnn/1080p/cut4_1.pickle
596
COCO mAP: 0.4210495352745056
/home/wxz/Documents/pickle/maskrcnn/1080p/cut4_2121.pickle
597
COCO mAP: 0.8992704153060913
/home/wxz/Documents/pickle/maskrcnn/1080p/cut2_8534.pickle
598
COCO mAP: 0.8682926893234253
/home/wxz/Documents/pickle/maskrcnn/1080p/cut4_4721.pickle
599
COCO mAP: 0.82740718126297
/home/wxz/Documents/pickle/maskrcnn/1080p/cut1_8759.pickle
600
COCO mAP: 0.9287348985671997
/home/wxz/Documents/pickle/maskrcnn/1080p/cut8_2737.pickle
601
COCO mAP: 0.8558248281478882
/home/wxz/Documents/pickle/maskrcnn/1080p/cut8_3003.pickle
602
COCO mAP: 0.8668707609176636
/home/wxz/Documents/pickle/maskrcnn/1080p/cut4_3341.pickle
603
COCO mAP: 0.8982675671577454
/home/wxz/Documents/pickle/maskrcnn/1080p/cut4_8914.pickle
604
COCO mAP: 0.421832799911499
/home/wxz/Documents/pickle/maskrcnn/1080p/cut6_1537.pickle
605
COCO mAP: 0.45465007424354553
/home/wxz/Documents/pickle/maskrcnn/1080p/cut3_4737.pickle
606
COCO mAP: 0.6377745866775513
/home/wxz/Documents/pickle/maskrcnn/1080p/cut1_8509.pickle
607
COCO mAP: 0.9481245279312134
/home/wxz/Documents/pickle/maskrcnn/1080p/cut5_4929.pickle
608
COCO mAP: 0.2735375165939331
/home/wxz/Documents/pickle/maskrcnn/1080p/cut2_6602.pickle
609
COCO mAP: 0.9211136102676392
/home/wxz/Documents/pickle/maskrcnn/1080p/cut7_7465.pickle
610
COCO mAP: 0.8746341466903687
/home/wxz/Documents/pickle/maskrcnn/1080p/cut3_2305.pickle
611
COCO mAP: 0.9591479301452637
/home/wxz/Documents/pickle/maskrcnn/1080p/cut6_4241.pickle
612
COCO mAP: 0.9189748764038086
/home/wxz/Documents/pickle/maskrcnn/1080p/cut3_5313.pickle
613
COCO mAP: 0.7645421624183655
/home/wxz/Documents/pickle/maskrcnn/1080p/cut7_3665.pickle
614
COCO mAP: 0.8029247522354126
/home/wxz/Documents/pickle/maskrcnn/1080p/cut7_5445.pickle
615
COCO mAP: 0.9200838208198547
/home/wxz/Documents/pickle/maskrcnn/1080p/cut1_5107.pickle
616
COCO mAP: 0.8467943072319031
/home/wxz/Documents/pickle/maskrcnn/1080p/cut6_5009.pickle
617
COCO mAP: 0.6865969896316528
/home/wxz/Documents/pickle/maskrcnn/1080p/cut3_4833.pickle
618
COCO mAP: 0.6741169095039368
/home/wxz/Documents/pickle/maskrcnn/1080p/cut1_6068.pickle
619
COCO mAP: 0.4741537570953369
/home/wxz/Documents/pickle/maskrcnn/1080p/cut8_7706.pickle
620
COCO mAP: 0.815742015838623
/home/wxz/Documents/pickle/maskrcnn/1080p/cut6_5409.pickle
621
COCO mAP: 0.40042510628700256
/home/wxz/Documents/pickle/maskrcnn/1080p/cut4_6141.pickle
622
COCO mAP: 0.8497128486633301
/home/wxz/Documents/pickle/maskrcnn/1080p/cut7_2017.pickle
623
COCO mAP: 0.8303309679031372
/home/wxz/Documents/pickle/maskrcnn/1080p/cut9_5601.pickle
624
COCO mAP: 0.7563785910606384
/home/wxz/Documents/pickle/maskrcnn/1080p/cut3_7649.pickle
625
COCO mAP: 0.7379768490791321
/home/wxz/Documents/pickle/maskrcnn/1080p/cut4_361.pickle
626
COCO mAP: 0.9326356053352356
/home/wxz/Documents/pickle/maskrcnn/1080p/cut4_5521.pickle
627
COCO mAP: 0.31259074807167053
/home/wxz/Documents/pickle/maskrcnn/1080p/cut6_689.pickle
628
COCO mAP: 0.8485140800476074
/home/wxz/Documents/pickle/maskrcnn/1080p/cut4_4121.pickle
629
COCO mAP: 0.7571172714233398
/home/wxz/Documents/pickle/maskrcnn/1080p/cut7_8225.pickle
630
COCO mAP: 0.5310994982719421
/home/wxz/Documents/pickle/maskrcnn/1080p/cut4_4841.pickle
631
COCO mAP: 0.9095942378044128
/home/wxz/Documents/pickle/maskrcnn/1080p/cut9_305.pickle
632
COCO mAP: 0.7268956899642944
/home/wxz/Documents/pickle/maskrcnn/1080p/cut9_5713.pickle
633
COCO mAP: 0.715152382850647
/home/wxz/Documents/pickle/maskrcnn/1080p/cut4_3901.pickle
634
COCO mAP: 0.7253899574279785
/home/wxz/Documents/pickle/maskrcnn/1080p/cut1_2558.pickle
635
COCO mAP: 0.40301746129989624
/home/wxz/Documents/pickle/maskrcnn/1080p/cut8_5620.pickle
636
COCO mAP: 0.7756797075271606
/home/wxz/Documents/pickle/maskrcnn/1080p/cut3_3169.pickle
637
COCO mAP: 0.952804446220398
/home/wxz/Documents/pickle/maskrcnn/1080p/cut4_6201.pickle
638
COCO mAP: 0.9155502319335938
/home/wxz/Documents/pickle/maskrcnn/1080p/cut2_1312.pickle
639
COCO mAP: 0.27796170115470886
/home/wxz/Documents/pickle/maskrcnn/1080p/cut6_1905.pickle
640
COCO mAP: 0.8061982989311218
/home/wxz/Documents/pickle/maskrcnn/1080p/cut9_3729.pickle
641
COCO mAP: 0.7217917442321777
/home/wxz/Documents/pickle/maskrcnn/1080p/cut2_6142.pickle
642
COCO mAP: 0.890175998210907
/home/wxz/Documents/pickle/maskrcnn/1080p/cut3_8705.pickle
643
COCO mAP: 0.7571579217910767
/home/wxz/Documents/pickle/maskrcnn/1080p/cut8_5032.pickle
644
COCO mAP: 0.6613329648971558
/home/wxz/Documents/pickle/maskrcnn/1080p/cut8_2905.pickle
645
COCO mAP: 0.2683001160621643
/home/wxz/Documents/pickle/maskrcnn/1080p/cut2_2002.pickle
646
COCO mAP: 0.6376575827598572
/home/wxz/Documents/pickle/maskrcnn/1080p/cut8_209.pickle
647
COCO mAP: 0.7075144052505493
/home/wxz/Documents/pickle/maskrcnn/1080p/cut2_8327.pickle
648
COCO mAP: 0.864020049571991
/home/wxz/Documents/pickle/maskrcnn/1080p/cut5_5617.pickle
649
COCO mAP: 0.6553249955177307
/home/wxz/Documents/pickle/maskrcnn/1080p/cut7_3245.pickle
650
COCO mAP: 0.8765168190002441
/home/wxz/Documents/pickle/maskrcnn/1080p/cut9_5169.pickle
651
COCO mAP: 0.597551703453064
/home/wxz/Documents/pickle/maskrcnn/1080p/cut9_2321.pickle
652
COCO mAP: 0.728660523891449
/home/wxz/Documents/pickle/maskrcnn/1080p/cut7_5625.pickle
653
COCO mAP: 0.7365638017654419
/home/wxz/Documents/pickle/maskrcnn/1080p/cut8_5410.pickle
654
COCO mAP: 0.9048371315002441
/home/wxz/Documents/pickle/maskrcnn/1080p/cut8_2009.pickle
655
COCO mAP: 0.8389768600463867
/home/wxz/Documents/pickle/maskrcnn/1080p/cut8_604.pickle
656
COCO mAP: 0.905401349067688
/home/wxz/Documents/pickle/maskrcnn/1080p/cut7_737.pickle
657
COCO mAP: 0.8702719807624817
/home/wxz/Documents/pickle/maskrcnn/1080p/cut6_3425.pickle
658
COCO mAP: 0.894332230091095
/home/wxz/Documents/pickle/maskrcnn/1080p/cut7_7185.pickle
659
COCO mAP: 0.8522554636001587
/home/wxz/Documents/pickle/maskrcnn/1080p/cut5_2209.pickle
660
COCO mAP: 0.9093796014785767
/home/wxz/Documents/pickle/maskrcnn/1080p/cut4_4541.pickle
661
COCO mAP: 0.9004723429679871
/home/wxz/Documents/pickle/maskrcnn/1080p/cut3_5121.pickle
662
COCO mAP: 0.707486629486084
/home/wxz/Documents/pickle/maskrcnn/1080p/cut1_4403.pickle
663
COCO mAP: 0.8114484548568726
/home/wxz/Documents/pickle/maskrcnn/1080p/cut6_2945.pickle
664
COCO mAP: 0.8730252385139465
/home/wxz/Documents/pickle/maskrcnn/1080p/cut1_6244.pickle
665
COCO mAP: 0.8189535140991211
/home/wxz/Documents/pickle/maskrcnn/1080p/cut5_4401.pickle
666
COCO mAP: 0.8392482995986938
/home/wxz/Documents/pickle/maskrcnn/1080p/cut8_3213.pickle
667
COCO mAP: 0.7877692580223083
/home/wxz/Documents/pickle/maskrcnn/1080p/cut2_3520.pickle
668
COCO mAP: 0.8705736994743347
/home/wxz/Documents/pickle/maskrcnn/1080p/cut7_1747.pickle
669
COCO mAP: 0.8425894975662231
/home/wxz/Documents/pickle/maskrcnn/1080p/cut6_1713.pickle
670
COCO mAP: 0.7743980288505554
/home/wxz/Documents/pickle/maskrcnn/1080p/cut4_8752.pickle
671
COCO mAP: 0.8440485000610352
/home/wxz/Documents/pickle/maskrcnn/1080p/cut3_3713.pickle
672
COCO mAP: 0.7567446827888489
/home/wxz/Documents/pickle/maskrcnn/1080p/cut8_4305.pickle
673
COCO mAP: 0.8506661653518677
/home/wxz/Documents/pickle/maskrcnn/1080p/cut5_5905.pickle
674
COCO mAP: 0.7714800238609314
/home/wxz/Documents/pickle/maskrcnn/1080p/cut9_6049.pickle
675
COCO mAP: 0.8771340250968933
/home/wxz/Documents/pickle/maskrcnn/1080p/cut6_6546.pickle
676
COCO mAP: 0.7999809384346008
/home/wxz/Documents/pickle/maskrcnn/1080p/cut5_2625.pickle
677
COCO mAP: 0.89081209897995
/home/wxz/Documents/pickle/maskrcnn/1080p/cut6_6342.pickle
678
COCO mAP: 0.8949084281921387
/home/wxz/Documents/pickle/maskrcnn/1080p/cut7_929.pickle
679
COCO mAP: 0.8655519485473633
/home/wxz/Documents/pickle/maskrcnn/1080p/cut3_2513.pickle
680
COCO mAP: 0.35236331820487976
/home/wxz/Documents/pickle/maskrcnn/1080p/cut5_1.pickle
681
COCO mAP: 0.3403584361076355
/home/wxz/Documents/pickle/maskrcnn/1080p/cut9_1505.pickle
682
COCO mAP: 0.5649548768997192
/home/wxz/Documents/pickle/maskrcnn/1080p/cut8_5928.pickle
683
COCO mAP: 0.7326856851577759
/home/wxz/Documents/pickle/maskrcnn/1080p/cut9_4737.pickle
684
COCO mAP: 0.6977487206459045
/home/wxz/Documents/pickle/maskrcnn/1080p/cut5_2721.pickle
685
COCO mAP: 0.9425452351570129
/home/wxz/Documents/pickle/maskrcnn/1080p/cut6_2385.pickle
686
COCO mAP: 0.9131625294685364
/home/wxz/Documents/pickle/maskrcnn/1080p/cut7_7285.pickle
687
COCO mAP: 0.9298399686813354
/home/wxz/Documents/pickle/maskrcnn/1080p/cut8_1911.pickle
688
COCO mAP: 0.8105819821357727
/home/wxz/Documents/pickle/maskrcnn/1080p/cut3_7153.pickle
689
COCO mAP: 0.8944822549819946
/home/wxz/Documents/pickle/maskrcnn/1080p/cut4_5709.pickle
690
COCO mAP: 0.8151212930679321
/home/wxz/Documents/pickle/maskrcnn/1080p/cut1_6909.pickle
691
COCO mAP: 0.214975044131279
/home/wxz/Documents/pickle/maskrcnn/1080p/cut8_6110.pickle
692
COCO mAP: 0.8542068600654602
/home/wxz/Documents/pickle/maskrcnn/1080p/cut3_2401.pickle
693
COCO mAP: 0.8245351910591125
/home/wxz/Documents/pickle/maskrcnn/1080p/cut7_6285.pickle
694
COCO mAP: 0.8292813301086426
/home/wxz/Documents/pickle/maskrcnn/1080p/cut8_4725.pickle
695
COCO mAP: 0.8670366406440735
/home/wxz/Documents/pickle/maskrcnn/1080p/cut9_721.pickle
696
COCO mAP: 0.612628161907196
/home/wxz/Documents/pickle/maskrcnn/1080p/cut1_704.pickle
697
COCO mAP: 0.8097958564758301
/home/wxz/Documents/pickle/maskrcnn/1080p/cut9_3233.pickle
698
COCO mAP: 0.7992761135101318
/home/wxz/Documents/pickle/maskrcnn/1080p/cut3_6097.pickle
699
COCO mAP: 0.7945173382759094
/home/wxz/Documents/pickle/maskrcnn/1080p/cut8_7608.pickle
700
COCO mAP: 0.7431659698486328
/home/wxz/Documents/pickle/maskrcnn/1080p/cut8_8252.pickle
701
COCO mAP: 0.7864772081375122
/home/wxz/Documents/pickle/maskrcnn/1080p/cut7_8705.pickle
702
COCO mAP: 0.896506667137146
/home/wxz/Documents/pickle/maskrcnn/1080p/cut5_5313.pickle
703
COCO mAP: 0.4062935411930084
/home/wxz/Documents/pickle/maskrcnn/1080p/cut5_1089.pickle
704
COCO mAP: 0.9136725664138794
/home/wxz/Documents/pickle/maskrcnn/1080p/cut8_5522.pickle
705
COCO mAP: 0.7239953279495239
/home/wxz/Documents/pickle/maskrcnn/1080p/cut5_7729.pickle
706
COCO mAP: 0.9066123962402344
/home/wxz/Documents/pickle/maskrcnn/1080p/cut3_8945.pickle
707
COCO mAP: 0.6085764765739441
/home/wxz/Documents/pickle/maskrcnn/1080p/cut2_6901.pickle
708
COCO mAP: 0.8949443101882935
/home/wxz/Documents/pickle/maskrcnn/1080p/cut5_1617.pickle
709
COCO mAP: 0.7485907673835754
/home/wxz/Documents/pickle/maskrcnn/1080p/cut1_8864.pickle
710
COCO mAP: 0.9495490193367004
/home/wxz/Documents/pickle/maskrcnn/1080p/cut3_2257.pickle
711
COCO mAP: 0.38618203997612
/home/wxz/Documents/pickle/maskrcnn/1080p/cut3_8801.pickle
712
COCO mAP: 0.9300345182418823
/home/wxz/Documents/pickle/maskrcnn/1080p/cut5_2113.pickle
713
COCO mAP: 0.825588583946228
/home/wxz/Documents/pickle/maskrcnn/1080p/cut9_4817.pickle
714
COCO mAP: 0.7051941156387329
/home/wxz/Documents/pickle/maskrcnn/1080p/cut7_8645.pickle
715
COCO mAP: 0.8766862154006958
/home/wxz/Documents/pickle/maskrcnn/1080p/cut1_2022.pickle
716
COCO mAP: 0.7256308794021606
/home/wxz/Documents/pickle/maskrcnn/1080p/cut6_6801.pickle
717
COCO mAP: 0.8637428283691406
/home/wxz/Documents/pickle/maskrcnn/1080p/cut4_6808.pickle
718
COCO mAP: 0.8197081685066223
/home/wxz/Documents/pickle/maskrcnn/1080p/cut1_17.pickle
719
COCO mAP: 0.48343539237976074
/home/wxz/Documents/pickle/maskrcnn/1080p/cut4_1901.pickle
720
COCO mAP: 0.4895293712615967
/home/wxz/Documents/pickle/maskrcnn/1080p/cut7_3005.pickle
721
COCO mAP: 0.8984545469284058
/home/wxz/Documents/pickle/maskrcnn/1080p/cut9_1745.pickle
722
COCO mAP: 0.8792991638183594
/home/wxz/Documents/pickle/maskrcnn/1080p/cut7_4225.pickle
723
COCO mAP: 0.8998397588729858
/home/wxz/Documents/pickle/maskrcnn/1080p/cut4_8320.pickle
724
COCO mAP: 0.7372475862503052
/home/wxz/Documents/pickle/maskrcnn/1080p/cut4_3701.pickle
725
COCO mAP: 0.701119065284729
/home/wxz/Documents/pickle/maskrcnn/1080p/cut2_7821.pickle
726
COCO mAP: 0.9378732442855835
/home/wxz/Documents/pickle/maskrcnn/1080p/cut6_577.pickle
727
COCO mAP: 0.7826226949691772
/home/wxz/Documents/pickle/maskrcnn/1080p/cut3_5905.pickle
728
COCO mAP: 0.8115295171737671
/home/wxz/Documents/pickle/maskrcnn/1080p/cut3_1425.pickle
729
COCO mAP: 0.9187679290771484
/home/wxz/Documents/pickle/maskrcnn/1080p/cut2_7706.pickle
730
COCO mAP: 0.9091930389404297
/home/wxz/Documents/pickle/maskrcnn/1080p/cut8_346.pickle
731
COCO mAP: 0.9194892048835754
/home/wxz/Documents/pickle/maskrcnn/1080p/cut6_8245.pickle
732
COCO mAP: 0.9116360545158386
/home/wxz/Documents/pickle/maskrcnn/1080p/cut6_3137.pickle
733
COCO mAP: 0.93193519115448
/home/wxz/Documents/pickle/maskrcnn/1080p/cut1_2202.pickle
734
COCO mAP: 0.5324519276618958
/home/wxz/Documents/pickle/maskrcnn/1080p/cut1_8419.pickle
735
COCO mAP: 0.5694973468780518
/home/wxz/Documents/pickle/maskrcnn/1080p/cut8_5802.pickle
736
COCO mAP: 0.9116061925888062
/home/wxz/Documents/pickle/maskrcnn/1080p/cut2_3911.pickle
737
COCO mAP: 0.8954023122787476
/home/wxz/Documents/pickle/maskrcnn/1080p/cut8_6362.pickle
738
COCO mAP: 0.7963411211967468
/home/wxz/Documents/pickle/maskrcnn/1080p/cut2_6027.pickle
739
COCO mAP: 0.7331191301345825
/home/wxz/Documents/pickle/maskrcnn/1080p/cut6_1105.pickle
740
COCO mAP: 0.6305211782455444
/home/wxz/Documents/pickle/maskrcnn/1080p/cut8_496.pickle
741
COCO mAP: 0.464268296957016
/home/wxz/Documents/pickle/maskrcnn/1080p/cut1_1503.pickle
742
COCO mAP: 0.1346534639596939
/home/wxz/Documents/pickle/maskrcnn/1080p/cut1_3350.pickle
743
COCO mAP: 0.6904911994934082
/home/wxz/Documents/pickle/maskrcnn/1080p/cut1_343.pickle
744
COCO mAP: 0.6487509608268738
/home/wxz/Documents/pickle/maskrcnn/1080p/cut9_1841.pickle
745
COCO mAP: 0.6056311726570129
/home/wxz/Documents/pickle/maskrcnn/1080p/cut2_3014.pickle
746
COCO mAP: 0.9715445637702942
/home/wxz/Documents/pickle/maskrcnn/1080p/cut7_3365.pickle
747
COCO mAP: 0.9276658296585083
/home/wxz/Documents/pickle/maskrcnn/1080p/cut2_6303.pickle
748
COCO mAP: 0.9473997950553894
/home/wxz/Documents/pickle/maskrcnn/1080p/cut1_6821.pickle
749
COCO mAP: 0.1477324366569519
/home/wxz/Documents/pickle/maskrcnn/1080p/cut2_4348.pickle
750
COCO mAP: 0.9212453961372375
/home/wxz/Documents/pickle/maskrcnn/1080p/cut1_6604.pickle
751
COCO mAP: 0.27647608518600464
/home/wxz/Documents/pickle/maskrcnn/1080p/cut1_6689.pickle
752
COCO mAP: 0.39511433243751526
/home/wxz/Documents/pickle/maskrcnn/1080p/cut3_7745.pickle
753
COCO mAP: 0.9232653379440308
/home/wxz/Documents/pickle/maskrcnn/1080p/cut5_5217.pickle
754
COCO mAP: 0.6569520235061646
/home/wxz/Documents/pickle/maskrcnn/1080p/cut2_6809.pickle
755
COCO mAP: 0.9213680028915405
/home/wxz/Documents/pickle/maskrcnn/1080p/cut1_2302.pickle
756
COCO mAP: 0.5548356771469116
/home/wxz/Documents/pickle/maskrcnn/1080p/cut7_2405.pickle
757
COCO mAP: 0.8617763519287109
/home/wxz/Documents/pickle/maskrcnn/1080p/cut5_401.pickle
758
COCO mAP: 0.7578374147415161
/home/wxz/Documents/pickle/maskrcnn/1080p/cut8_3129.pickle
759
COCO mAP: 0.7147952914237976
/home/wxz/Documents/pickle/maskrcnn/1080p/cut5_4881.pickle
760
COCO mAP: 0.2980653643608093
/home/wxz/Documents/pickle/maskrcnn/1080p/cut3_4929.pickle
761
COCO mAP: 0.718163788318634
/home/wxz/Documents/pickle/maskrcnn/1080p/cut5_5025.pickle
762
COCO mAP: 0.8847661018371582
/home/wxz/Documents/pickle/maskrcnn/1080p/cut6_961.pickle
763
COCO mAP: 0.9331372976303101
/home/wxz/Documents/pickle/maskrcnn/1080p/cut8_5144.pickle
764
COCO mAP: 0.9294986724853516
/home/wxz/Documents/pickle/maskrcnn/1080p/cut5_5409.pickle
765
COCO mAP: 0.799828290939331
/home/wxz/Documents/pickle/maskrcnn/1080p/cut1_5613.pickle
766
COCO mAP: 0.8091275095939636
/home/wxz/Documents/pickle/maskrcnn/1080p/cut2_2370.pickle
767
COCO mAP: 0.7546860575675964
/home/wxz/Documents/pickle/maskrcnn/1080p/cut7_4985.pickle
768
COCO mAP: 0.7294939756393433
/home/wxz/Documents/pickle/maskrcnn/1080p/cut6_1.pickle
769
COCO mAP: 0.9103926420211792
/home/wxz/Documents/pickle/maskrcnn/1080p/cut8_2107.pickle
770
COCO mAP: 0.84852534532547
/home/wxz/Documents/pickle/maskrcnn/1080p/cut8_2401.pickle
771
COCO mAP: 0.6131753325462341
/home/wxz/Documents/pickle/maskrcnn/1080p/cut4_8212.pickle
772
COCO mAP: 0.6064397692680359
/home/wxz/Documents/pickle/maskrcnn/1080p/cut8_6516.pickle
773
COCO mAP: 0.9086322784423828
/home/wxz/Documents/pickle/maskrcnn/1080p/cut4_4901.pickle
774
COCO mAP: 0.782572865486145
/home/wxz/Documents/pickle/maskrcnn/1080p/cut1_1316.pickle
775
COCO mAP: 0.360308974981308
/home/wxz/Documents/pickle/maskrcnn/1080p/cut3_145.pickle
776
COCO mAP: 0.6922784447669983
/home/wxz/Documents/pickle/maskrcnn/1080p/cut7_4605.pickle
777
COCO mAP: 0.8423937559127808
/home/wxz/Documents/pickle/maskrcnn/1080p/cut8_8168.pickle
778
COCO mAP: 0.8115842938423157
/home/wxz/Documents/pickle/maskrcnn/1080p/cut8_6012.pickle
779
COCO mAP: 0.8742939829826355
/home/wxz/Documents/pickle/maskrcnn/1080p/cut1_5524.pickle
780
COCO mAP: 0.7250220775604248
/home/wxz/Documents/pickle/maskrcnn/1080p/cut4_7888.pickle
781
COCO mAP: 0.6859197020530701
/home/wxz/Documents/pickle/maskrcnn/1080p/cut2_2807.pickle
782
COCO mAP: 0.6783018708229065
/home/wxz/Documents/pickle/maskrcnn/1080p/cut7_2365.pickle
783
COCO mAP: 0.8491193652153015
/home/wxz/Documents/pickle/maskrcnn/1080p/cut1_7444.pickle
784
COCO mAP: 0.3341997265815735
/home/wxz/Documents/pickle/maskrcnn/1080p/cut2_369.pickle
785
COCO mAP: 0.8375120162963867
/home/wxz/Documents/pickle/maskrcnn/1080p/cut7_1405.pickle
786
COCO mAP: 0.8971293568611145
/home/wxz/Documents/pickle/maskrcnn/1080p/cut7_7525.pickle
787
COCO mAP: 0.805932343006134
/home/wxz/Documents/pickle/maskrcnn/1080p/cut2_4923.pickle
788
COCO mAP: 0.8875953555107117
/home/wxz/Documents/pickle/maskrcnn/1080p/cut1_8629.pickle
789
COCO mAP: 0.9008122682571411
/home/wxz/Documents/pickle/maskrcnn/1080p/cut4_5141.pickle
790
COCO mAP: 0.4891877770423889
/home/wxz/Documents/pickle/maskrcnn/1080p/cut1_5978.pickle
791
COCO mAP: 0.7572261095046997
/home/wxz/Documents/pickle/maskrcnn/1080p/cut9_1313.pickle
792
COCO mAP: 0.7146097421646118
/home/wxz/Documents/pickle/maskrcnn/1080p/cut8_1.pickle
793
COCO mAP: 0.814487099647522
/home/wxz/Documents/pickle/maskrcnn/1080p/cut1_3702.pickle
794
COCO mAP: 0.7666159868240356
average COCO mAP:0.7730893283256656
