nohup: 忽略输入
/home/wxz/Documents/pickle/maskrcnn/360p/cut5_8945.pickle
1
COCO mAP: 0.7982736825942993
/home/wxz/Documents/pickle/maskrcnn/360p/cut8_436.pickle
2
COCO mAP: 0.35092276334762573
/home/wxz/Documents/pickle/maskrcnn/360p/cut6_5509.pickle
3
COCO mAP: 0.6884921193122864
/home/wxz/Documents/pickle/maskrcnn/360p/cut2_4831.pickle
4
COCO mAP: 0.6308637857437134
/home/wxz/Documents/pickle/maskrcnn/360p/cut2_8971.pickle
5
COCO mAP: 0.5292485952377319
/home/wxz/Documents/pickle/maskrcnn/360p/cut7_2265.pickle
6
COCO mAP: 0.8336026072502136
/home/wxz/Documents/pickle/maskrcnn/360p/cut2_185.pickle
7
COCO mAP: 0.8923055529594421
/home/wxz/Documents/pickle/maskrcnn/360p/cut9_3041.pickle
8
COCO mAP: 0.8386626243591309
/home/wxz/Documents/pickle/maskrcnn/360p/cut7_7705.pickle
9
COCO mAP: 0.7614274621009827
/home/wxz/Documents/pickle/maskrcnn/360p/cut6_4817.pickle
10
COCO mAP: 0.6998213529586792
/home/wxz/Documents/pickle/maskrcnn/360p/cut5_3921.pickle
11
COCO mAP: 0.6136116981506348
/home/wxz/Documents/pickle/maskrcnn/360p/cut3_6577.pickle
12
COCO mAP: 0.8077336549758911
/home/wxz/Documents/pickle/maskrcnn/360p/cut5_993.pickle
13
COCO mAP: 0.8120445013046265
/home/wxz/Documents/pickle/maskrcnn/360p/cut2_6257.pickle
14
COCO mAP: 0.8284543752670288
/home/wxz/Documents/pickle/maskrcnn/360p/cut4_7186.pickle
15
COCO mAP: 0.7251114845275879
/home/wxz/Documents/pickle/maskrcnn/360p/cut9_3825.pickle
16
COCO mAP: 0.14495539665222168
/home/wxz/Documents/pickle/maskrcnn/360p/cut3_4001.pickle
17
COCO mAP: 0.7696042656898499
/home/wxz/Documents/pickle/maskrcnn/360p/cut9_4545.pickle
18
COCO mAP: 0.7939013242721558
/home/wxz/Documents/pickle/maskrcnn/360p/cut2_2186.pickle
19
COCO mAP: 0.793958306312561
/home/wxz/Documents/pickle/maskrcnn/360p/cut8_7104.pickle
20
COCO mAP: 0.8469530940055847
/home/wxz/Documents/pickle/maskrcnn/360p/cut7_4125.pickle
21
COCO mAP: 0.7510014772415161
/home/wxz/Documents/pickle/maskrcnn/360p/cut3_4401.pickle
22
COCO mAP: 0.6131804585456848
/home/wxz/Documents/pickle/maskrcnn/360p/cut6_2657.pickle
23
COCO mAP: 0.5492507219314575
/home/wxz/Documents/pickle/maskrcnn/360p/cut4_2301.pickle
24
COCO mAP: 0.7966654896736145
/home/wxz/Documents/pickle/maskrcnn/360p/cut8_8336.pickle
25
COCO mAP: 0.6205404996871948
/home/wxz/Documents/pickle/maskrcnn/360p/cut7_1009.pickle
26
COCO mAP: 0.6461526155471802
/home/wxz/Documents/pickle/maskrcnn/360p/cut1_257.pickle
27
COCO mAP: 0.4193651080131531
/home/wxz/Documents/pickle/maskrcnn/360p/cut5_5121.pickle
28
COCO mAP: 0.7683456540107727
/home/wxz/Documents/pickle/maskrcnn/360p/cut3_4113.pickle
29
COCO mAP: 0.745877742767334
/home/wxz/Documents/pickle/maskrcnn/360p/cut6_7633.pickle
30
COCO mAP: 0.6974923610687256
/home/wxz/Documents/pickle/maskrcnn/360p/cut3_7313.pickle
31
COCO mAP: 0.6122493147850037
/home/wxz/Documents/pickle/maskrcnn/360p/cut4_1501.pickle
32
COCO mAP: 0.7061516046524048
/home/wxz/Documents/pickle/maskrcnn/360p/cut9_3633.pickle
33
COCO mAP: 0.7463122606277466
/home/wxz/Documents/pickle/maskrcnn/360p/cut2_8281.pickle
34
COCO mAP: 0.6773464679718018
/home/wxz/Documents/pickle/maskrcnn/360p/cut2_967.pickle
35
COCO mAP: 0.860737144947052
/home/wxz/Documents/pickle/maskrcnn/360p/cut2_2623.pickle
36
COCO mAP: 0.46316465735435486
/home/wxz/Documents/pickle/maskrcnn/360p/cut1_8044.pickle
37
COCO mAP: 0.7421860694885254
/home/wxz/Documents/pickle/maskrcnn/360p/cut5_3249.pickle
38
COCO mAP: 0.494748055934906
/home/wxz/Documents/pickle/maskrcnn/360p/cut5_1281.pickle
39
COCO mAP: 0.7942342758178711
/home/wxz/Documents/pickle/maskrcnn/360p/cut7_5505.pickle
40
COCO mAP: 0.5658498406410217
/home/wxz/Documents/pickle/maskrcnn/360p/cut7_8945.pickle
41
COCO mAP: 0.8079708218574524
/home/wxz/Documents/pickle/maskrcnn/360p/cut4_8806.pickle
42
COCO mAP: 0.4513740539550781
/home/wxz/Documents/pickle/maskrcnn/360p/cut5_6001.pickle
43
COCO mAP: 0.5591564774513245
/home/wxz/Documents/pickle/maskrcnn/360p/cut3_513.pickle
44
COCO mAP: 0.7370197176933289
/home/wxz/Documents/pickle/maskrcnn/360p/cut6_3329.pickle
45
COCO mAP: 0.526901125907898
/home/wxz/Documents/pickle/maskrcnn/360p/cut6_4401.pickle
46
COCO mAP: 0.722288966178894
/home/wxz/Documents/pickle/maskrcnn/360p/cut1_6156.pickle
47
COCO mAP: 0.5386589765548706
/home/wxz/Documents/pickle/maskrcnn/360p/cut2_5130.pickle
48
COCO mAP: 0.7888683080673218
/home/wxz/Documents/pickle/maskrcnn/360p/cut7_6165.pickle
49
COCO mAP: 0.5022509694099426
/home/wxz/Documents/pickle/maskrcnn/360p/cut9_4209.pickle
50
COCO mAP: 0.6150011420249939
/home/wxz/Documents/pickle/maskrcnn/360p/cut5_1521.pickle
51
COCO mAP: 0.6941468119621277
/home/wxz/Documents/pickle/maskrcnn/360p/cut9_2225.pickle
52
COCO mAP: 0.6706827878952026
/home/wxz/Documents/pickle/maskrcnn/360p/cut6_8893.pickle
53
COCO mAP: 0.7674708366394043
/home/wxz/Documents/pickle/maskrcnn/360p/cut2_5521.pickle
54
COCO mAP: 0.6020271182060242
/home/wxz/Documents/pickle/maskrcnn/360p/cut4_4241.pickle
55
COCO mAP: 0.558729887008667
/home/wxz/Documents/pickle/maskrcnn/360p/cut6_7107.pickle
56
COCO mAP: 0.6225628852844238
/home/wxz/Documents/pickle/maskrcnn/360p/cut4_3801.pickle
57
COCO mAP: 0.7152223587036133
/home/wxz/Documents/pickle/maskrcnn/360p/cut8_1253.pickle
58
COCO mAP: 0.8056401014328003
/home/wxz/Documents/pickle/maskrcnn/360p/cut1_6420.pickle
59
COCO mAP: 0.5532442927360535
/home/wxz/Documents/pickle/maskrcnn/360p/cut5_7169.pickle
60
COCO mAP: 0.8193787336349487
/home/wxz/Documents/pickle/maskrcnn/360p/cut6_1601.pickle
61
COCO mAP: 0.7866562008857727
/home/wxz/Documents/pickle/maskrcnn/360p/cut8_2205.pickle
62
COCO mAP: 0.8588846325874329
/home/wxz/Documents/pickle/maskrcnn/360p/cut4_1441.pickle
63
COCO mAP: 0.7835366129875183
/home/wxz/Documents/pickle/maskrcnn/360p/cut6_2753.pickle
64
COCO mAP: 0.7086263298988342
/home/wxz/Documents/pickle/maskrcnn/360p/cut2_7039.pickle
65
COCO mAP: 0.7639937996864319
/home/wxz/Documents/pickle/maskrcnn/360p/cut7_1351.pickle
66
COCO mAP: 0.8687246441841125
/home/wxz/Documents/pickle/maskrcnn/360p/cut8_3703.pickle
67
COCO mAP: 0.8884724378585815
/home/wxz/Documents/pickle/maskrcnn/360p/cut9_5841.pickle
68
COCO mAP: 0.7505568265914917
/home/wxz/Documents/pickle/maskrcnn/360p/cut9_817.pickle
69
COCO mAP: 0.6897199749946594
/home/wxz/Documents/pickle/maskrcnn/360p/cut2_1381.pickle
70
COCO mAP: 0.3030683398246765
/home/wxz/Documents/pickle/maskrcnn/360p/cut6_433.pickle
71
COCO mAP: 0.692532479763031
/home/wxz/Documents/pickle/maskrcnn/360p/cut4_7456.pickle
72
COCO mAP: 0.5193893909454346
/home/wxz/Documents/pickle/maskrcnn/360p/cut2_7913.pickle
73
COCO mAP: 0.7777875661849976
/home/wxz/Documents/pickle/maskrcnn/360p/cut5_3345.pickle
74
COCO mAP: 0.7171419858932495
/home/wxz/Documents/pickle/maskrcnn/360p/cut2_1910.pickle
75
COCO mAP: 0.8176140785217285
/home/wxz/Documents/pickle/maskrcnn/360p/cut1_4227.pickle
76
COCO mAP: 0.834385871887207
/home/wxz/Documents/pickle/maskrcnn/360p/cut5_4305.pickle
77
COCO mAP: 0.2129114419221878
/home/wxz/Documents/pickle/maskrcnn/360p/cut8_5228.pickle
78
COCO mAP: 0.7714196443557739
/home/wxz/Documents/pickle/maskrcnn/360p/cut3_913.pickle
79
COCO mAP: 0.5657259225845337
/home/wxz/Documents/pickle/maskrcnn/360p/cut1_5283.pickle
80
COCO mAP: 0.7403233647346497
/home/wxz/Documents/pickle/maskrcnn/360p/cut4_2501.pickle
81
COCO mAP: 0.7559854984283447
/home/wxz/Documents/pickle/maskrcnn/360p/cut5_6737.pickle
82
COCO mAP: 0.4540378153324127
/home/wxz/Documents/pickle/maskrcnn/360p/cut5_753.pickle
83
COCO mAP: 0.5364606976509094
/home/wxz/Documents/pickle/maskrcnn/360p/cut7_145.pickle
84
COCO mAP: 0.7878823280334473
/home/wxz/Documents/pickle/maskrcnn/360p/cut6_8677.pickle
85
COCO mAP: 0.7559412717819214
/home/wxz/Documents/pickle/maskrcnn/360p/cut6_6648.pickle
86
COCO mAP: 0.6510134935379028
/home/wxz/Documents/pickle/maskrcnn/360p/cut2_1243.pickle
87
COCO mAP: 0.44626060128211975
/home/wxz/Documents/pickle/maskrcnn/360p/cut4_8428.pickle
88
COCO mAP: 0.48585987091064453
/home/wxz/Documents/pickle/maskrcnn/360p/cut8_2611.pickle
89
COCO mAP: 0.9264798164367676
/home/wxz/Documents/pickle/maskrcnn/360p/cut1_7989.pickle
90
COCO mAP: 0.8225516080856323
/home/wxz/Documents/pickle/maskrcnn/360p/cut8_6600.pickle
91
COCO mAP: 0.8092937469482422
/home/wxz/Documents/pickle/maskrcnn/360p/cut2_1542.pickle
92
COCO mAP: 0.7961308360099792
/home/wxz/Documents/pickle/maskrcnn/360p/cut1_8224.pickle
93
COCO mAP: 0.8590536117553711
/home/wxz/Documents/pickle/maskrcnn/360p/cut2_8419.pickle
94
COCO mAP: 0.3773132264614105
/home/wxz/Documents/pickle/maskrcnn/360p/cut6_7260.pickle
95
COCO mAP: 0.6430651545524597
/home/wxz/Documents/pickle/maskrcnn/360p/cut4_4421.pickle
96
COCO mAP: 0.49982112646102905
/home/wxz/Documents/pickle/maskrcnn/360p/cut1_4843.pickle
97
COCO mAP: 0.8731109499931335
/home/wxz/Documents/pickle/maskrcnn/360p/cut1_6508.pickle
98
COCO mAP: 0.3776777684688568
/home/wxz/Documents/pickle/maskrcnn/360p/cut2_2278.pickle
99
COCO mAP: 0.12770907580852509
/home/wxz/Documents/pickle/maskrcnn/360p/cut6_7005.pickle
100
COCO mAP: 0.6057811379432678
/home/wxz/Documents/pickle/maskrcnn/360p/cut5_8257.pickle
101
COCO mAP: 0.36048877239227295
/home/wxz/Documents/pickle/maskrcnn/360p/cut3_1905.pickle
102
COCO mAP: 0.7964856624603271
/home/wxz/Documents/pickle/maskrcnn/360p/cut5_4113.pickle
103
COCO mAP: 0.7375444173812866
/home/wxz/Documents/pickle/maskrcnn/360p/cut8_3311.pickle
104
COCO mAP: 0.7813640236854553
/home/wxz/Documents/pickle/maskrcnn/360p/cut7_4005.pickle
105
COCO mAP: 0.6439493298530579
/home/wxz/Documents/pickle/maskrcnn/360p/cut5_1905.pickle
106
COCO mAP: 0.6516336798667908
/home/wxz/Documents/pickle/maskrcnn/360p/cut5_6353.pickle
107
COCO mAP: 0.7407503128051758
/home/wxz/Documents/pickle/maskrcnn/360p/cut3_8609.pickle
108
COCO mAP: 0.7281800508499146
/home/wxz/Documents/pickle/maskrcnn/360p/cut6_2289.pickle
109
COCO mAP: 0.6670640707015991
/home/wxz/Documents/pickle/maskrcnn/360p/cut2_4532.pickle
110
COCO mAP: 0.8033510446548462
/home/wxz/Documents/pickle/maskrcnn/360p/cut2_3313.pickle
111
COCO mAP: 0.5036144852638245
/home/wxz/Documents/pickle/maskrcnn/360p/cut2_4210.pickle
112
COCO mAP: 0.8108490109443665
/home/wxz/Documents/pickle/maskrcnn/360p/cut4_981.pickle
113
COCO mAP: 0.5077930688858032
/home/wxz/Documents/pickle/maskrcnn/360p/cut8_2527.pickle
114
COCO mAP: 0.6625418663024902
/home/wxz/Documents/pickle/maskrcnn/360p/cut5_1185.pickle
115
COCO mAP: 0.7479722499847412
/home/wxz/Documents/pickle/maskrcnn/360p/cut8_6432.pickle
116
COCO mAP: 0.7886605262756348
/home/wxz/Documents/pickle/maskrcnn/360p/cut6_3857.pickle
117
COCO mAP: 0.7446512579917908
/home/wxz/Documents/pickle/maskrcnn/360p/cut7_8525.pickle
118
COCO mAP: 0.8408716320991516
/home/wxz/Documents/pickle/maskrcnn/360p/cut6_1073.pickle
119
COCO mAP: 0.7581856846809387
/home/wxz/Documents/pickle/maskrcnn/360p/cut8_3409.pickle
120
COCO mAP: 0.8005967140197754
/home/wxz/Documents/pickle/maskrcnn/360p/cut2_714.pickle
121
COCO mAP: 0.7897905707359314
/home/wxz/Documents/pickle/maskrcnn/360p/cut5_7457.pickle
122
COCO mAP: 0.6568789482116699
/home/wxz/Documents/pickle/maskrcnn/360p/cut1_3262.pickle
123
COCO mAP: 0.47934168577194214
/home/wxz/Documents/pickle/maskrcnn/360p/cut4_4301.pickle
124
COCO mAP: 0.5722402334213257
/home/wxz/Documents/pickle/maskrcnn/360p/cut4_3121.pickle
125
COCO mAP: 0.8043071031570435
/home/wxz/Documents/pickle/maskrcnn/360p/cut7_3905.pickle
126
COCO mAP: 0.6155568361282349
/home/wxz/Documents/pickle/maskrcnn/360p/cut6_4513.pickle
127
COCO mAP: 0.6808155179023743
/home/wxz/Documents/pickle/maskrcnn/360p/cut2_4693.pickle
128
COCO mAP: 0.6541548371315002
/home/wxz/Documents/pickle/maskrcnn/360p/cut9_3137.pickle
129
COCO mAP: 0.7157078981399536
/home/wxz/Documents/pickle/maskrcnn/360p/cut4_5201.pickle
130
COCO mAP: 0.7454347610473633
/home/wxz/Documents/pickle/maskrcnn/360p/cut8_8714.pickle
131
COCO mAP: 0.5017703771591187
/home/wxz/Documents/pickle/maskrcnn/360p/cut4_5701.pickle
132
COCO mAP: 0.8723050355911255
/home/wxz/Documents/pickle/maskrcnn/360p/cut6_3521.pickle
133
COCO mAP: 0.6706157326698303
/home/wxz/Documents/pickle/maskrcnn/360p/cut2_3221.pickle
134
COCO mAP: 0.6935189962387085
/home/wxz/Documents/pickle/maskrcnn/360p/cut1_604.pickle
135
COCO mAP: 0.5625597834587097
/home/wxz/Documents/pickle/maskrcnn/360p/cut6_4305.pickle
136
COCO mAP: 0.5861741304397583
/home/wxz/Documents/pickle/maskrcnn/360p/cut9_4305.pickle
137
COCO mAP: 0.7846407890319824
/home/wxz/Documents/pickle/maskrcnn/360p/cut3_4545.pickle
138
COCO mAP: 0.6529619693756104
/home/wxz/Documents/pickle/maskrcnn/360p/cut8_800.pickle
139
COCO mAP: 0.752479076385498
/home/wxz/Documents/pickle/maskrcnn/360p/cut5_1809.pickle
140
COCO mAP: 0.6224476099014282
/home/wxz/Documents/pickle/maskrcnn/360p/cut7_1963.pickle
141
COCO mAP: 0.7618816494941711
/home/wxz/Documents/pickle/maskrcnn/360p/cut7_7345.pickle
142
COCO mAP: 0.7297884821891785
/home/wxz/Documents/pickle/maskrcnn/360p/cut3_1217.pickle
143
COCO mAP: 0.7015107870101929
/home/wxz/Documents/pickle/maskrcnn/360p/cut3_6769.pickle
144
COCO mAP: 0.7326141595840454
/home/wxz/Documents/pickle/maskrcnn/360p/cut1_2110.pickle
145
COCO mAP: 0.3157290518283844
/home/wxz/Documents/pickle/maskrcnn/360p/cut1_112.pickle
146
COCO mAP: 0.20123687386512756
/home/wxz/Documents/pickle/maskrcnn/360p/cut2_5337.pickle
147
COCO mAP: 0.5397230386734009
/home/wxz/Documents/pickle/maskrcnn/360p/cut1_430.pickle
148
COCO mAP: 0.25207775831222534
/home/wxz/Documents/pickle/maskrcnn/360p/cut2_1496.pickle
149
COCO mAP: 0.6819953322410583
/home/wxz/Documents/pickle/maskrcnn/360p/cut4_1201.pickle
150
COCO mAP: 0.42112141847610474
/home/wxz/Documents/pickle/maskrcnn/360p/cut6_4145.pickle
151
COCO mAP: 0.7921285033226013
/home/wxz/Documents/pickle/maskrcnn/360p/cut2_8005.pickle
152
COCO mAP: 0.8306476473808289
/home/wxz/Documents/pickle/maskrcnn/360p/cut9_4113.pickle
153
COCO mAP: 0.7943629026412964
/home/wxz/Documents/pickle/maskrcnn/360p/cut2_3842.pickle
154
COCO mAP: 0.6559298038482666
/home/wxz/Documents/pickle/maskrcnn/360p/cut8_1000.pickle
155
COCO mAP: 0.6009091734886169
/home/wxz/Documents/pickle/maskrcnn/360p/cut6_1297.pickle
156
COCO mAP: 0.8716802597045898
/home/wxz/Documents/pickle/maskrcnn/360p/cut4_6646.pickle
157
COCO mAP: 0.7769939303398132
/home/wxz/Documents/pickle/maskrcnn/360p/cut7_6825.pickle
158
COCO mAP: 0.8209782838821411
/home/wxz/Documents/pickle/maskrcnn/360p/cut5_7873.pickle
159
COCO mAP: 0.6372303366661072
/home/wxz/Documents/pickle/maskrcnn/360p/cut6_7309.pickle
160
COCO mAP: 0.6814123392105103
/home/wxz/Documents/pickle/maskrcnn/360p/cut3_3953.pickle
161
COCO mAP: 0.7985319495201111
/home/wxz/Documents/pickle/maskrcnn/360p/cut7_5745.pickle
162
COCO mAP: 0.693739652633667
/home/wxz/Documents/pickle/maskrcnn/360p/cut7_2705.pickle
163
COCO mAP: 0.643505871295929
/home/wxz/Documents/pickle/maskrcnn/360p/cut2_5245.pickle
164
COCO mAP: 0.5589770078659058
/home/wxz/Documents/pickle/maskrcnn/360p/cut9_4401.pickle
165
COCO mAP: 0.6279336810112
/home/wxz/Documents/pickle/maskrcnn/360p/cut6_4049.pickle
166
COCO mAP: 0.7489744424819946
/home/wxz/Documents/pickle/maskrcnn/360p/cut3_2113.pickle
167
COCO mAP: 0.8950961828231812
/home/wxz/Documents/pickle/maskrcnn/360p/cut5_3009.pickle
168
COCO mAP: 0.7735070586204529
/home/wxz/Documents/pickle/maskrcnn/360p/cut1_517.pickle
169
COCO mAP: 0.8502060770988464
/home/wxz/Documents/pickle/maskrcnn/360p/cut5_6449.pickle
170
COCO mAP: 0.38006705045700073
/home/wxz/Documents/pickle/maskrcnn/360p/cut3_1521.pickle
171
COCO mAP: 0.683157205581665
/home/wxz/Documents/pickle/maskrcnn/360p/cut5_2001.pickle
172
COCO mAP: 0.747697651386261
/home/wxz/Documents/pickle/maskrcnn/360p/cut4_641.pickle
173
COCO mAP: 0.8146653175354004
/home/wxz/Documents/pickle/maskrcnn/360p/cut2_5475.pickle
174
COCO mAP: 0.6892354488372803
/home/wxz/Documents/pickle/maskrcnn/360p/cut7_241.pickle
175
COCO mAP: 0.6460390090942383
/home/wxz/Documents/pickle/maskrcnn/360p/cut3_6385.pickle
176
COCO mAP: 0.7081848978996277
/home/wxz/Documents/pickle/maskrcnn/360p/cut1_5019.pickle
177
COCO mAP: 0.8125748634338379
/home/wxz/Documents/pickle/maskrcnn/360p/cut1_1934.pickle
178
COCO mAP: 0.45104894042015076
/home/wxz/Documents/pickle/maskrcnn/360p/cut6_2513.pickle
179
COCO mAP: 0.6942788362503052
/home/wxz/Documents/pickle/maskrcnn/360p/cut7_5105.pickle
180
COCO mAP: 0.7117388844490051
/home/wxz/Documents/pickle/maskrcnn/360p/cut7_8005.pickle
181
COCO mAP: 0.7424010038375854
/home/wxz/Documents/pickle/maskrcnn/360p/cut8_6236.pickle
182
COCO mAP: 0.841557502746582
/home/wxz/Documents/pickle/maskrcnn/360p/cut8_113.pickle
183
COCO mAP: 0.7523991465568542
/home/wxz/Documents/pickle/maskrcnn/360p/cut9_5953.pickle
184
COCO mAP: 0.837946891784668
/home/wxz/Documents/pickle/maskrcnn/360p/cut9_2705.pickle
185
COCO mAP: 0.6755841374397278
/home/wxz/Documents/pickle/maskrcnn/360p/cut9_3521.pickle
186
COCO mAP: 0.5313893556594849
/home/wxz/Documents/pickle/maskrcnn/360p/cut7_5345.pickle
187
COCO mAP: 0.7525577545166016
/home/wxz/Documents/pickle/maskrcnn/360p/cut8_4207.pickle
188
COCO mAP: 0.7882113456726074
/home/wxz/Documents/pickle/maskrcnn/360p/cut7_5865.pickle
189
COCO mAP: 0.7535310983657837
/home/wxz/Documents/pickle/maskrcnn/360p/cut2_4003.pickle
190
COCO mAP: 0.8108190298080444
/home/wxz/Documents/pickle/maskrcnn/360p/cut1_1758.pickle
191
COCO mAP: 0.2593935430049896
/home/wxz/Documents/pickle/maskrcnn/360p/cut7_561.pickle
192
COCO mAP: 0.8922492265701294
/home/wxz/Documents/pickle/maskrcnn/360p/cut3_1121.pickle
193
COCO mAP: 0.7576944231987
/home/wxz/Documents/pickle/maskrcnn/360p/cut8_6838.pickle
194
COCO mAP: 0.8459513783454895
/home/wxz/Documents/pickle/maskrcnn/360p/cut3_8321.pickle
195
COCO mAP: 0.7481011152267456
/home/wxz/Documents/pickle/maskrcnn/360p/cut7_3125.pickle
196
COCO mAP: 0.8754262924194336
/home/wxz/Documents/pickle/maskrcnn/360p/cut3_4641.pickle
197
COCO mAP: 0.7144756317138672
/home/wxz/Documents/pickle/maskrcnn/360p/cut8_1435.pickle
198
COCO mAP: 0.8402239084243774
/home/wxz/Documents/pickle/maskrcnn/360p/cut1_1671.pickle
199
COCO mAP: 0.15805281698703766
/home/wxz/Documents/pickle/maskrcnn/360p/cut6_5713.pickle
200
COCO mAP: 0.8166099786758423
/home/wxz/Documents/pickle/maskrcnn/360p/cut4_4041.pickle
201
COCO mAP: 0.6045087575912476
/home/wxz/Documents/pickle/maskrcnn/360p/cut4_5801.pickle
202
COCO mAP: 0.8119121789932251
/home/wxz/Documents/pickle/maskrcnn/360p/cut3_6289.pickle
203
COCO mAP: 0.6816263198852539
/home/wxz/Documents/pickle/maskrcnn/360p/cut9_1.pickle
204
COCO mAP: 0.03025302290916443
/home/wxz/Documents/pickle/maskrcnn/360p/cut3_2833.pickle
205
COCO mAP: 0.7954415678977966
/home/wxz/Documents/pickle/maskrcnn/360p/cut5_2305.pickle
206
COCO mAP: 0.20606307685375214
/home/wxz/Documents/pickle/maskrcnn/360p/cut9_2417.pickle
207
COCO mAP: 0.6000863313674927
/home/wxz/Documents/pickle/maskrcnn/360p/cut2_4463.pickle
208
COCO mAP: 0.6173025369644165
/home/wxz/Documents/pickle/maskrcnn/360p/cut5_8161.pickle
209
COCO mAP: 0.42574042081832886
/home/wxz/Documents/pickle/maskrcnn/360p/cut1_3611.pickle
210
COCO mAP: 0.5117510557174683
/home/wxz/Documents/pickle/maskrcnn/360p/cut4_4601.pickle
211
COCO mAP: 0.5941722393035889
/home/wxz/Documents/pickle/maskrcnn/360p/cut4_8536.pickle
212
COCO mAP: 0.7583937644958496
/home/wxz/Documents/pickle/maskrcnn/360p/cut6_337.pickle
213
COCO mAP: 0.6461631655693054
/home/wxz/Documents/pickle/maskrcnn/360p/cut6_7543.pickle
214
COCO mAP: 0.7536526322364807
/home/wxz/Documents/pickle/maskrcnn/360p/cut2_1818.pickle
215
COCO mAP: 0.7723421454429626
/home/wxz/Documents/pickle/maskrcnn/360p/cut4_5021.pickle
216
COCO mAP: 0.8256614804267883
/home/wxz/Documents/pickle/maskrcnn/360p/cut4_7564.pickle
217
COCO mAP: 0.6498231291770935
/home/wxz/Documents/pickle/maskrcnn/360p/cut4_5461.pickle
218
COCO mAP: 0.5113562345504761
/home/wxz/Documents/pickle/maskrcnn/360p/cut8_7930.pickle
219
COCO mAP: 0.7418267130851746
/home/wxz/Documents/pickle/maskrcnn/360p/cut5_7361.pickle
220
COCO mAP: 0.6636916399002075
/home/wxz/Documents/pickle/maskrcnn/360p/cut6_1809.pickle
221
COCO mAP: 0.7458103895187378
/home/wxz/Documents/pickle/maskrcnn/360p/cut5_337.pickle
222
COCO mAP: 0.7973930835723877
/home/wxz/Documents/pickle/maskrcnn/360p/cut7_3785.pickle
223
COCO mAP: 0.713049054145813
/home/wxz/Documents/pickle/maskrcnn/360p/cut2_231.pickle
224
COCO mAP: 0.7017569541931152
/home/wxz/Documents/pickle/maskrcnn/360p/cut9_5265.pickle
225
COCO mAP: 0.7877976894378662
/home/wxz/Documents/pickle/maskrcnn/360p/cut7_6065.pickle
226
COCO mAP: 0.8032562136650085
/home/wxz/Documents/pickle/maskrcnn/360p/cut3_6673.pickle
227
COCO mAP: 0.31625789403915405
/home/wxz/Documents/pickle/maskrcnn/360p/cut7_1585.pickle
228
COCO mAP: 0.8011434674263
/home/wxz/Documents/pickle/maskrcnn/360p/cut1_4051.pickle
229
COCO mAP: 0.8083913922309875
/home/wxz/Documents/pickle/maskrcnn/360p/cut4_1081.pickle
230
COCO mAP: 0.8022648692131042
/home/wxz/Documents/pickle/maskrcnn/360p/cut2_5682.pickle
231
COCO mAP: 0.5956802368164062
/home/wxz/Documents/pickle/maskrcnn/360p/cut7_5225.pickle
232
COCO mAP: 0.8402039408683777
/home/wxz/Documents/pickle/maskrcnn/360p/cut7_6405.pickle
233
COCO mAP: 0.6761988997459412
/home/wxz/Documents/pickle/maskrcnn/360p/cut8_7230.pickle
234
COCO mAP: 0.8529413342475891
/home/wxz/Documents/pickle/maskrcnn/360p/cut6_3953.pickle
235
COCO mAP: 0.7966676950454712
/home/wxz/Documents/pickle/maskrcnn/360p/cut6_1393.pickle
236
COCO mAP: 0.7882888913154602
/home/wxz/Documents/pickle/maskrcnn/360p/cut1_1053.pickle
237
COCO mAP: 0.14886417984962463
/home/wxz/Documents/pickle/maskrcnn/360p/cut1_1228.pickle
238
COCO mAP: 0.7416151762008667
/home/wxz/Documents/pickle/maskrcnn/360p/cut4_8644.pickle
239
COCO mAP: 0.7212012410163879
/home/wxz/Documents/pickle/maskrcnn/360p/cut6_3713.pickle
240
COCO mAP: 0.5399006009101868
/home/wxz/Documents/pickle/maskrcnn/360p/cut1_4315.pickle
241
COCO mAP: 0.8265877962112427
/home/wxz/Documents/pickle/maskrcnn/360p/cut2_7177.pickle
242
COCO mAP: 0.891745924949646
/home/wxz/Documents/pickle/maskrcnn/360p/cut6_2849.pickle
243
COCO mAP: 0.7502264380455017
/home/wxz/Documents/pickle/maskrcnn/360p/cut6_6036.pickle
244
COCO mAP: 0.7226276397705078
/home/wxz/Documents/pickle/maskrcnn/360p/cut7_385.pickle
245
COCO mAP: 0.866585910320282
/home/wxz/Documents/pickle/maskrcnn/360p/cut1_4501.pickle
246
COCO mAP: 0.7173199653625488
/home/wxz/Documents/pickle/maskrcnn/360p/cut3_5505.pickle
247
COCO mAP: 0.8377920389175415
/home/wxz/Documents/pickle/maskrcnn/360p/cut3_8993.pickle
248
COCO mAP: 0.5102066397666931
/home/wxz/Documents/pickle/maskrcnn/360p/cut3_8225.pickle
249
COCO mAP: 0.8474286198616028
/home/wxz/Documents/pickle/maskrcnn/360p/cut1_7754.pickle
250
COCO mAP: 0.6543869376182556
/home/wxz/Documents/pickle/maskrcnn/360p/cut3_3073.pickle
251
COCO mAP: 0.8072282075881958
/home/wxz/Documents/pickle/maskrcnn/360p/cut1_1404.pickle
252
COCO mAP: 0.6554923057556152
/home/wxz/Documents/pickle/maskrcnn/360p/cut7_6505.pickle
253
COCO mAP: 0.4901513159275055
/home/wxz/Documents/pickle/maskrcnn/360p/cut4_6021.pickle
254
COCO mAP: 0.7899172306060791
/home/wxz/Documents/pickle/maskrcnn/360p/cut4_821.pickle
255
COCO mAP: 0.8021246194839478
/home/wxz/Documents/pickle/maskrcnn/360p/cut9_5361.pickle
256
COCO mAP: 0.8308998942375183
/home/wxz/Documents/pickle/maskrcnn/360p/cut1_7139.pickle
257
COCO mAP: 0.11302244663238525
/home/wxz/Documents/pickle/maskrcnn/360p/cut8_3829.pickle
258
COCO mAP: 0.370083749294281
/home/wxz/Documents/pickle/maskrcnn/360p/cut1_8114.pickle
259
COCO mAP: 0.5712889432907104
/home/wxz/Documents/pickle/maskrcnn/360p/cut3_6961.pickle
260
COCO mAP: 0.8598408699035645
/home/wxz/Documents/pickle/maskrcnn/360p/cut5_4209.pickle
261
COCO mAP: 0.6917423009872437
/home/wxz/Documents/pickle/maskrcnn/360p/cut1_7004.pickle
262
COCO mAP: 0.5384941101074219
/home/wxz/Documents/pickle/maskrcnn/360p/cut5_5809.pickle
263
COCO mAP: 0.665054976940155
/home/wxz/Documents/pickle/maskrcnn/360p/cut1_7524.pickle
264
COCO mAP: 0.7342020273208618
/home/wxz/Documents/pickle/maskrcnn/360p/cut8_3507.pickle
265
COCO mAP: 0.6353591680526733
/home/wxz/Documents/pickle/maskrcnn/360p/cut8_6922.pickle
266
COCO mAP: 0.701187014579773
/home/wxz/Documents/pickle/maskrcnn/360p/cut1_4758.pickle
267
COCO mAP: 0.7924106121063232
/home/wxz/Documents/pickle/maskrcnn/360p/cut7_2965.pickle
268
COCO mAP: 0.7907639741897583
/home/wxz/Documents/pickle/maskrcnn/360p/cut1_6332.pickle
269
COCO mAP: 0.7003746628761292
/home/wxz/Documents/pickle/maskrcnn/360p/cut3_337.pickle
270
COCO mAP: 0.7314358353614807
/home/wxz/Documents/pickle/maskrcnn/360p/cut8_4123.pickle
271
COCO mAP: 0.5871213674545288
/home/wxz/Documents/pickle/maskrcnn/360p/cut7_3845.pickle
272
COCO mAP: 0.7263983488082886
/home/wxz/Documents/pickle/maskrcnn/360p/cut3_7201.pickle
273
COCO mAP: 0.435992956161499
/home/wxz/Documents/pickle/maskrcnn/360p/cut9_3425.pickle
274
COCO mAP: 0.39394938945770264
/home/wxz/Documents/pickle/maskrcnn/360p/cut5_8449.pickle
275
COCO mAP: 0.38327348232269287
/home/wxz/Documents/pickle/maskrcnn/360p/cut2_2094.pickle
276
COCO mAP: 0.6954472661018372
/home/wxz/Documents/pickle/maskrcnn/360p/cut4_1321.pickle
277
COCO mAP: 0.8478097915649414
/home/wxz/Documents/pickle/maskrcnn/360p/cut8_5704.pickle
278
COCO mAP: 0.7303076982498169
/home/wxz/Documents/pickle/maskrcnn/360p/cut9_2609.pickle
279
COCO mAP: 0.5643877387046814
/home/wxz/Documents/pickle/maskrcnn/360p/cut4_6754.pickle
280
COCO mAP: 0.6282085180282593
/home/wxz/Documents/pickle/maskrcnn/360p/cut3_2929.pickle
281
COCO mAP: 0.7396661043167114
/home/wxz/Documents/pickle/maskrcnn/360p/cut2_4141.pickle
282
COCO mAP: 0.6799829006195068
/home/wxz/Documents/pickle/maskrcnn/360p/cut6_3233.pickle
283
COCO mAP: 0.7999931573867798
/home/wxz/Documents/pickle/maskrcnn/360p/cut3_6481.pickle
284
COCO mAP: 0.7605898380279541
/home/wxz/Documents/pickle/maskrcnn/360p/cut7_2525.pickle
285
COCO mAP: 0.7751741409301758
/home/wxz/Documents/pickle/maskrcnn/360p/cut8_1337.pickle
286
COCO mAP: 0.7267194986343384
/home/wxz/Documents/pickle/maskrcnn/360p/cut7_1693.pickle
287
COCO mAP: 0.8579812049865723
/home/wxz/Documents/pickle/maskrcnn/360p/cut5_561.pickle
288
COCO mAP: 0.44882646203041077
/home/wxz/Documents/pickle/maskrcnn/360p/cut1_7314.pickle
289
COCO mAP: 0.15783481299877167
/home/wxz/Documents/pickle/maskrcnn/360p/cut4_6916.pickle
290
COCO mAP: 0.5969678163528442
/home/wxz/Documents/pickle/maskrcnn/360p/cut6_2145.pickle
291
COCO mAP: 0.7465628385543823
/home/wxz/Documents/pickle/maskrcnn/360p/cut5_193.pickle
292
COCO mAP: 0.5049418807029724
/home/wxz/Documents/pickle/maskrcnn/360p/cut6_8569.pickle
293
COCO mAP: 0.7291503548622131
/home/wxz/Documents/pickle/maskrcnn/360p/cut5_5505.pickle
294
COCO mAP: 0.7721096873283386
/home/wxz/Documents/pickle/maskrcnn/360p/cut1_7254.pickle
295
COCO mAP: 0.23427243530750275
/home/wxz/Documents/pickle/maskrcnn/360p/cut2_2554.pickle
296
COCO mAP: 0.583181619644165
/home/wxz/Documents/pickle/maskrcnn/360p/cut8_4039.pickle
297
COCO mAP: 0.6587764620780945
/home/wxz/Documents/pickle/maskrcnn/360p/cut9_3921.pickle
298
COCO mAP: 0.5586165189743042
/home/wxz/Documents/pickle/maskrcnn/360p/cut7_4505.pickle
299
COCO mAP: 0.7695552706718445
/home/wxz/Documents/pickle/maskrcnn/360p/cut4_8992.pickle
300
COCO mAP: 0.7446620464324951
/home/wxz/Documents/pickle/maskrcnn/360p/cut6_4721.pickle
301
COCO mAP: 0.8095474243164062
/home/wxz/Documents/pickle/maskrcnn/360p/cut7_6945.pickle
302
COCO mAP: 0.8848716020584106
/home/wxz/Documents/pickle/maskrcnn/360p/cut2_3405.pickle
303
COCO mAP: 0.8205809593200684
/home/wxz/Documents/pickle/maskrcnn/360p/cut2_8672.pickle
304
COCO mAP: 0.7797523140907288
/home/wxz/Documents/pickle/maskrcnn/360p/cut1_3876.pickle
305
COCO mAP: 0.46520963311195374
/home/wxz/Documents/pickle/maskrcnn/360p/cut9_529.pickle
306
COCO mAP: 0.5033637285232544
/home/wxz/Documents/pickle/maskrcnn/360p/cut9_2945.pickle
307
COCO mAP: 0.49007558822631836
/home/wxz/Documents/pickle/maskrcnn/360p/cut4_3561.pickle
308
COCO mAP: 0.8317405581474304
/home/wxz/Documents/pickle/maskrcnn/360p/cut4_6574.pickle
309
COCO mAP: 0.7475327253341675
/home/wxz/Documents/pickle/maskrcnn/360p/cut9_2129.pickle
310
COCO mAP: 0.45620888471603394
/home/wxz/Documents/pickle/maskrcnn/360p/cut9_2513.pickle
311
COCO mAP: 0.12041954696178436
/home/wxz/Documents/pickle/maskrcnn/360p/cut3_3441.pickle
312
COCO mAP: 0.740240216255188
/home/wxz/Documents/pickle/maskrcnn/360p/cut3_7409.pickle
313
COCO mAP: 0.7537412643432617
/home/wxz/Documents/pickle/maskrcnn/360p/cut7_1201.pickle
314
COCO mAP: 0.8284441828727722
/home/wxz/Documents/pickle/maskrcnn/360p/cut2_1772.pickle
315
COCO mAP: 0.8165706396102905
/home/wxz/Documents/pickle/maskrcnn/360p/cut1_966.pickle
316
COCO mAP: 0.020514298230409622
/home/wxz/Documents/pickle/maskrcnn/360p/cut1_2732.pickle
317
COCO mAP: 0.05452145263552666
/home/wxz/Documents/pickle/maskrcnn/360p/cut7_8405.pickle
318
COCO mAP: 0.757082462310791
/home/wxz/Documents/pickle/maskrcnn/360p/cut3_257.pickle
319
COCO mAP: 0.4760211110115051
/home/wxz/Documents/pickle/maskrcnn/360p/cut9_6241.pickle
320
COCO mAP: 0.5570739507675171
/home/wxz/Documents/pickle/maskrcnn/360p/cut1_3964.pickle
321
COCO mAP: 0.8996965289115906
/home/wxz/Documents/pickle/maskrcnn/360p/cut7_7885.pickle
322
COCO mAP: 0.8414165377616882
/home/wxz/Documents/pickle/maskrcnn/360p/cut5_4785.pickle
323
COCO mAP: 0.2865819036960602
/home/wxz/Documents/pickle/maskrcnn/360p/cut4_1141.pickle
324
COCO mAP: 0.9197722673416138
/home/wxz/Documents/pickle/maskrcnn/360p/cut6_4913.pickle
325
COCO mAP: 0.7529661655426025
/home/wxz/Documents/pickle/maskrcnn/360p/cut4_2441.pickle
326
COCO mAP: 0.7708841562271118
/home/wxz/Documents/pickle/maskrcnn/360p/cut1_2645.pickle
327
COCO mAP: 0.2212960422039032
/home/wxz/Documents/pickle/maskrcnn/360p/cut9_5025.pickle
328
COCO mAP: 0.396877646446228
/home/wxz/Documents/pickle/maskrcnn/360p/cut7_7605.pickle
329
COCO mAP: 0.814491868019104
/home/wxz/Documents/pickle/maskrcnn/360p/cut3_1329.pickle
330
COCO mAP: 0.6394646167755127
/home/wxz/Documents/pickle/maskrcnn/360p/cut3_1025.pickle
331
COCO mAP: 0.690149188041687
/home/wxz/Documents/pickle/maskrcnn/360p/cut7_8325.pickle
332
COCO mAP: 0.8019134402275085
/home/wxz/Documents/pickle/maskrcnn/360p/cut5_8065.pickle
333
COCO mAP: 0.39585041999816895
/home/wxz/Documents/pickle/maskrcnn/360p/cut1_3002.pickle
334
COCO mAP: 0.323847234249115
/home/wxz/Documents/pickle/maskrcnn/360p/cut7_2645.pickle
335
COCO mAP: 0.7099611759185791
/home/wxz/Documents/pickle/maskrcnn/360p/cut7_1265.pickle
336
COCO mAP: 0.847489058971405
/home/wxz/Documents/pickle/maskrcnn/360p/cut8_702.pickle
337
COCO mAP: 0.822882354259491
/home/wxz/Documents/pickle/maskrcnn/360p/cut8_7006.pickle
338
COCO mAP: 0.7480854988098145
/home/wxz/Documents/pickle/maskrcnn/360p/cut5_7633.pickle
339
COCO mAP: 0.6105021238327026
/home/wxz/Documents/pickle/maskrcnn/360p/cut4_8104.pickle
340
COCO mAP: 0.5961405038833618
/home/wxz/Documents/pickle/maskrcnn/360p/cut5_8737.pickle
341
COCO mAP: 0.700930655002594
/home/wxz/Documents/pickle/maskrcnn/360p/cut3_1713.pickle
342
COCO mAP: 0.6829689741134644
/home/wxz/Documents/pickle/maskrcnn/360p/cut3_5713.pickle
343
COCO mAP: 0.6320554614067078
/home/wxz/Documents/pickle/maskrcnn/360p/cut4_5601.pickle
344
COCO mAP: 0.8260660171508789
/home/wxz/Documents/pickle/maskrcnn/360p/cut1_5889.pickle
345
COCO mAP: 0.8421691656112671
/home/wxz/Documents/pickle/maskrcnn/360p/cut9_913.pickle
346
COCO mAP: 0.6614224910736084
/home/wxz/Documents/pickle/maskrcnn/360p/cut5_6833.pickle
347
COCO mAP: 0.7651496529579163
/home/wxz/Documents/pickle/maskrcnn/360p/cut6_721.pickle
348
COCO mAP: 0.798297643661499
/home/wxz/Documents/pickle/maskrcnn/360p/cut3_7841.pickle
349
COCO mAP: 0.7081077694892883
/home/wxz/Documents/pickle/maskrcnn/360p/cut7_7065.pickle
350
COCO mAP: 0.8322672843933105
/home/wxz/Documents/pickle/maskrcnn/360p/cut3_7057.pickle
351
COCO mAP: 0.763161301612854
/home/wxz/Documents/pickle/maskrcnn/360p/cut4_7780.pickle
352
COCO mAP: 0.4856869578361511
/home/wxz/Documents/pickle/maskrcnn/360p/cut4_2621.pickle
353
COCO mAP: 0.7324811816215515
/home/wxz/Documents/pickle/maskrcnn/360p/cut5_7537.pickle
354
COCO mAP: 0.7184198498725891
/home/wxz/Documents/pickle/maskrcnn/360p/cut5_8641.pickle
355
COCO mAP: 0.8324098587036133
/home/wxz/Documents/pickle/maskrcnn/360p/cut8_3955.pickle
356
COCO mAP: 0.9387690424919128
/home/wxz/Documents/pickle/maskrcnn/360p/cut2_1634.pickle
357
COCO mAP: 0.5382944345474243
/home/wxz/Documents/pickle/maskrcnn/360p/cut5_1425.pickle
358
COCO mAP: 0.7688438892364502
/home/wxz/Documents/pickle/maskrcnn/360p/cut1_8939.pickle
359
COCO mAP: 0.8097421526908875
/home/wxz/Documents/pickle/maskrcnn/360p/cut2_2922.pickle
360
COCO mAP: 0.8103771209716797
/home/wxz/Documents/pickle/maskrcnn/360p/cut8_7328.pickle
361
COCO mAP: 0.5119472146034241
/home/wxz/Documents/pickle/maskrcnn/360p/cut8_2821.pickle
362
COCO mAP: 0.8502955436706543
/home/wxz/Documents/pickle/maskrcnn/360p/cut8_5312.pickle
363
COCO mAP: 0.9077436327934265
/home/wxz/Documents/pickle/maskrcnn/360p/cut1_1140.pickle
364
COCO mAP: 0.5471587181091309
/home/wxz/Documents/pickle/maskrcnn/360p/cut4_2721.pickle
365
COCO mAP: 0.8491085171699524
/home/wxz/Documents/pickle/maskrcnn/360p/cut7_481.pickle
366
COCO mAP: 0.8899736404418945
/home/wxz/Documents/pickle/maskrcnn/360p/cut7_8105.pickle
367
COCO mAP: 0.7533301115036011
/home/wxz/Documents/pickle/maskrcnn/360p/cut8_6726.pickle
368
COCO mAP: 0.7727496027946472
/home/wxz/Documents/pickle/maskrcnn/360p/cut5_289.pickle
369
COCO mAP: 0.653449535369873
/home/wxz/Documents/pickle/maskrcnn/360p/cut9_1601.pickle
370
COCO mAP: 0.3698326051235199
/home/wxz/Documents/pickle/maskrcnn/360p/cut9_1409.pickle
371
COCO mAP: 0.7820920348167419
/home/wxz/Documents/pickle/maskrcnn/360p/cut9_1201.pickle
372
COCO mAP: 0.5891958475112915
/home/wxz/Documents/pickle/maskrcnn/360p/cut5_6257.pickle
373
COCO mAP: 0.7591942548751831
/home/wxz/Documents/pickle/maskrcnn/360p/cut9_625.pickle
374
COCO mAP: 0.681433916091919
/home/wxz/Documents/pickle/maskrcnn/360p/cut8_8462.pickle
375
COCO mAP: 0.5617712736129761
/home/wxz/Documents/pickle/maskrcnn/360p/cut8_8014.pickle
376
COCO mAP: 0.6827979683876038
/home/wxz/Documents/pickle/maskrcnn/360p/cut3_5409.pickle
377
COCO mAP: 0.7877546548843384
/home/wxz/Documents/pickle/maskrcnn/360p/cut2_507.pickle
378
COCO mAP: 0.7403083443641663
/home/wxz/Documents/pickle/maskrcnn/360p/cut2_2485.pickle
379
COCO mAP: 0.7556155920028687
/home/wxz/Documents/pickle/maskrcnn/360p/cut6_5313.pickle
380
COCO mAP: 0.6694536209106445
/home/wxz/Documents/pickle/maskrcnn/360p/cut3_3313.pickle
381
COCO mAP: 0.8267512321472168
/home/wxz/Documents/pickle/maskrcnn/360p/cut5_6545.pickle
382
COCO mAP: 0.8965581059455872
/home/wxz/Documents/pickle/maskrcnn/360p/cut3_5025.pickle
383
COCO mAP: 0.6919512748718262
/home/wxz/Documents/pickle/maskrcnn/360p/cut8_1113.pickle
384
COCO mAP: 0.5833693146705627
/home/wxz/Documents/pickle/maskrcnn/360p/cut3_8033.pickle
385
COCO mAP: 0.9392257928848267
/home/wxz/Documents/pickle/maskrcnn/360p/cut4_2841.pickle
386
COCO mAP: 0.7389273047447205
/home/wxz/Documents/pickle/maskrcnn/360p/cut3_5217.pickle
387
COCO mAP: 0.3927605152130127
/home/wxz/Documents/pickle/maskrcnn/360p/cut2_2715.pickle
388
COCO mAP: 0.646425187587738
/home/wxz/Documents/pickle/maskrcnn/360p/cut6_7453.pickle
389
COCO mAP: 0.6145228743553162
/home/wxz/Documents/pickle/maskrcnn/360p/cut6_817.pickle
390
COCO mAP: 0.6048426628112793
/home/wxz/Documents/pickle/maskrcnn/360p/cut3_2737.pickle
391
COCO mAP: 0.6388159990310669
/home/wxz/Documents/pickle/maskrcnn/360p/cut7_2885.pickle
392
COCO mAP: 0.2233976125717163
/home/wxz/Documents/pickle/maskrcnn/360p/cut5_3441.pickle
393
COCO mAP: 0.6981247663497925
/home/wxz/Documents/pickle/maskrcnn/360p/cut1_7644.pickle
394
COCO mAP: 0.4349873960018158
/home/wxz/Documents/pickle/maskrcnn/360p/cut3_5809.pickle
395
COCO mAP: 0.6979755163192749
/home/wxz/Documents/pickle/maskrcnn/360p/cut8_7804.pickle
396
COCO mAP: 0.5896828770637512
/home/wxz/Documents/pickle/maskrcnn/360p/cut3_5601.pickle
397
COCO mAP: 0.8122957944869995
/home/wxz/Documents/pickle/maskrcnn/360p/cut5_7073.pickle
398
COCO mAP: 0.43327242136001587
/home/wxz/Documents/pickle/maskrcnn/360p/cut9_6305.pickle
399
COCO mAP: 0.806686282157898
/home/wxz/Documents/pickle/maskrcnn/360p/cut3_8129.pickle
400
COCO mAP: 0.8079439401626587
/home/wxz/Documents/pickle/maskrcnn/360p/cut5_4545.pickle
401
COCO mAP: 0.4780972898006439
/home/wxz/Documents/pickle/maskrcnn/360p/cut7_3425.pickle
402
COCO mAP: 0.8137940168380737
/home/wxz/Documents/pickle/maskrcnn/360p/cut3_8513.pickle
403
COCO mAP: 0.6607428789138794
/home/wxz/Documents/pickle/maskrcnn/360p/cut8_506.pickle
404
COCO mAP: 0.41087204217910767
/home/wxz/Documents/pickle/maskrcnn/360p/cut2_5912.pickle
405
COCO mAP: 0.7370501160621643
/home/wxz/Documents/pickle/maskrcnn/360p/cut5_2545.pickle
406
COCO mAP: 0.6243290901184082
/home/wxz/Documents/pickle/maskrcnn/360p/cut3_4209.pickle
407
COCO mAP: 0.5739241242408752
/home/wxz/Documents/pickle/maskrcnn/360p/cut6_8029.pickle
408
COCO mAP: 0.7761984467506409
/home/wxz/Documents/pickle/maskrcnn/360p/cut8_7510.pickle
409
COCO mAP: 0.597385823726654
/home/wxz/Documents/pickle/maskrcnn/360p/cut3_2001.pickle
410
COCO mAP: 0.6240678429603577
/home/wxz/Documents/pickle/maskrcnn/360p/cut3_7937.pickle
411
COCO mAP: 0.8565702438354492
/home/wxz/Documents/pickle/maskrcnn/360p/cut3_705.pickle
412
COCO mAP: 0.6492956876754761
/home/wxz/Documents/pickle/maskrcnn/360p/cut4_2241.pickle
413
COCO mAP: 0.700425922870636
/home/wxz/Documents/pickle/maskrcnn/360p/cut2_7522.pickle
414
COCO mAP: 0.8948138356208801
/home/wxz/Documents/pickle/maskrcnn/360p/cut2_8879.pickle
415
COCO mAP: 0.8782892227172852
/home/wxz/Documents/pickle/maskrcnn/360p/cut9_4017.pickle
416
COCO mAP: 0.6789659261703491
/home/wxz/Documents/pickle/maskrcnn/360p/cut3_3857.pickle
417
COCO mAP: 0.7562271356582642
/home/wxz/Documents/pickle/maskrcnn/360p/cut5_4641.pickle
418
COCO mAP: 0.4701739251613617
/home/wxz/Documents/pickle/maskrcnn/360p/cut4_7024.pickle
419
COCO mAP: 0.3040904402732849
/home/wxz/Documents/pickle/maskrcnn/360p/cut5_5713.pickle
420
COCO mAP: 0.4534645676612854
/home/wxz/Documents/pickle/maskrcnn/360p/cut5_1377.pickle
421
COCO mAP: 0.8397448658943176
/home/wxz/Documents/pickle/maskrcnn/360p/cut7_3545.pickle
422
COCO mAP: 0.8872853517532349
/home/wxz/Documents/pickle/maskrcnn/360p/cut5_3105.pickle
423
COCO mAP: 0.7426382303237915
/home/wxz/Documents/pickle/maskrcnn/360p/cut1_4671.pickle
424
COCO mAP: 0.7605565786361694
/home/wxz/Documents/pickle/maskrcnn/360p/cut4_6293.pickle
425
COCO mAP: 0.7700331211090088
/home/wxz/Documents/pickle/maskrcnn/360p/cut9_2033.pickle
426
COCO mAP: 0.5834678411483765
/home/wxz/Documents/pickle/maskrcnn/360p/cut9_4913.pickle
427
COCO mAP: 0.8445770144462585
/home/wxz/Documents/pickle/maskrcnn/360p/cut5_1713.pickle
428
COCO mAP: 0.7645009756088257
/home/wxz/Documents/pickle/maskrcnn/360p/cut8_8602.pickle
429
COCO mAP: 0.5429257154464722
/home/wxz/Documents/pickle/maskrcnn/360p/cut1_2908.pickle
430
COCO mAP: 0.43564358353614807
/home/wxz/Documents/pickle/maskrcnn/360p/cut8_4431.pickle
431
COCO mAP: 0.5077865719795227
/home/wxz/Documents/pickle/maskrcnn/360p/cut3_1633.pickle
432
COCO mAP: 0.5625560879707336
/home/wxz/Documents/pickle/maskrcnn/360p/cut5_3633.pickle
433
COCO mAP: 0.5201032161712646
/home/wxz/Documents/pickle/maskrcnn/360p/cut3_609.pickle
434
COCO mAP: 0.4797985553741455
/home/wxz/Documents/pickle/maskrcnn/360p/cut3_417.pickle
435
COCO mAP: 0.7072089910507202
/home/wxz/Documents/pickle/maskrcnn/360p/cut2_3704.pickle
436
COCO mAP: 0.8177100419998169
/home/wxz/Documents/pickle/maskrcnn/360p/cut4_461.pickle
437
COCO mAP: 0.5147872567176819
/home/wxz/Documents/pickle/maskrcnn/360p/cut2_7361.pickle
438
COCO mAP: 0.8546187281608582
/home/wxz/Documents/pickle/maskrcnn/360p/cut8_1827.pickle
439
COCO mAP: 0.7963889241218567
/home/wxz/Documents/pickle/maskrcnn/360p/cut2_8603.pickle
440
COCO mAP: 0.7829986214637756
/home/wxz/Documents/pickle/maskrcnn/360p/cut8_2331.pickle
441
COCO mAP: 0.592534065246582
/home/wxz/Documents/pickle/maskrcnn/360p/cut7_2145.pickle
442
COCO mAP: 0.8612236976623535
/home/wxz/Documents/pickle/maskrcnn/360p/cut9_6145.pickle
443
COCO mAP: 0.6590852737426758
/home/wxz/Documents/pickle/maskrcnn/360p/cut2_3106.pickle
444
COCO mAP: 0.8211016654968262
/home/wxz/Documents/pickle/maskrcnn/360p/cut3_6001.pickle
445
COCO mAP: 0.47579941153526306
/home/wxz/Documents/pickle/maskrcnn/360p/cut3_1809.pickle
446
COCO mAP: 0.6649051904678345
/home/wxz/Documents/pickle/maskrcnn/360p/cut1_8319.pickle
447
COCO mAP: 0.949050784111023
/home/wxz/Documents/pickle/maskrcnn/360p/cut6_193.pickle
448
COCO mAP: 0.7274855971336365
/home/wxz/Documents/pickle/maskrcnn/360p/cut1_1846.pickle
449
COCO mAP: 0.0827963799238205
/home/wxz/Documents/pickle/maskrcnn/360p/cut6_8785.pickle
450
COCO mAP: 0.7311033010482788
/home/wxz/Documents/pickle/maskrcnn/360p/cut9_5409.pickle
451
COCO mAP: 0.8216408491134644
/home/wxz/Documents/pickle/maskrcnn/360p/cut5_657.pickle
452
COCO mAP: 0.6476773023605347
/home/wxz/Documents/pickle/maskrcnn/360p/cut6_8353.pickle
453
COCO mAP: 0.771569013595581
/home/wxz/Documents/pickle/maskrcnn/360p/cut8_8924.pickle
454
COCO mAP: 0.16294200718402863
/home/wxz/Documents/pickle/maskrcnn/360p/cut6_5934.pickle
455
COCO mAP: 0.6531552076339722
/home/wxz/Documents/pickle/maskrcnn/360p/cut3_8417.pickle
456
COCO mAP: 0.8285204172134399
/home/wxz/Documents/pickle/maskrcnn/360p/cut4_8068.pickle
457
COCO mAP: 0.578551173210144
/home/wxz/Documents/pickle/maskrcnn/360p/cut9_1105.pickle
458
COCO mAP: 0.7869914770126343
/home/wxz/Documents/pickle/maskrcnn/360p/cut7_8825.pickle
459
COCO mAP: 0.6665526628494263
/home/wxz/Documents/pickle/maskrcnn/360p/cut2_3612.pickle
460
COCO mAP: 0.6979847550392151
/home/wxz/Documents/pickle/maskrcnn/360p/cut6_3041.pickle
461
COCO mAP: 0.9589998126029968
/home/wxz/Documents/pickle/maskrcnn/360p/cut7_4425.pickle
462
COCO mAP: 0.8121839761734009
/home/wxz/Documents/pickle/maskrcnn/360p/cut7_6705.pickle
463
COCO mAP: 0.1251746565103531
/home/wxz/Documents/pickle/maskrcnn/360p/cut9_209.pickle
464
COCO mAP: 0.7471898794174194
/home/wxz/Documents/pickle/maskrcnn/360p/cut4_261.pickle
465
COCO mAP: 0.5819873213768005
/home/wxz/Documents/pickle/maskrcnn/360p/cut4_3401.pickle
466
COCO mAP: 0.6855019330978394
/home/wxz/Documents/pickle/maskrcnn/360p/cut3_3217.pickle
467
COCO mAP: 0.7772828340530396
/home/wxz/Documents/pickle/maskrcnn/360p/cut9_4641.pickle
468
COCO mAP: 0.5772737264633179
/home/wxz/Documents/pickle/maskrcnn/360p/cut7_6365.pickle
469
COCO mAP: 0.9162915945053101
/home/wxz/Documents/pickle/maskrcnn/360p/cut4_3241.pickle
470
COCO mAP: 0.7704764604568481
/home/wxz/Documents/pickle/maskrcnn/360p/cut8_8546.pickle
471
COCO mAP: 0.5109339952468872
/home/wxz/Documents/pickle/maskrcnn/360p/cut8_8840.pickle
472
COCO mAP: 0.6091232299804688
/home/wxz/Documents/pickle/maskrcnn/360p/cut3_7505.pickle
473
COCO mAP: 0.8373983502388
/home/wxz/Documents/pickle/maskrcnn/360p/cut5_7969.pickle
474
COCO mAP: 0.8769976496696472
/home/wxz/Documents/pickle/maskrcnn/360p/cut4_7258.pickle
475
COCO mAP: 0.6743389368057251
/home/wxz/Documents/pickle/maskrcnn/360p/cut4_1801.pickle
476
COCO mAP: 0.7861824631690979
/home/wxz/Documents/pickle/maskrcnn/360p/cut7_4845.pickle
477
COCO mAP: 0.7306525707244873
/home/wxz/Documents/pickle/maskrcnn/360p/cut6_8137.pickle
478
COCO mAP: 0.7348302602767944
/home/wxz/Documents/pickle/maskrcnn/360p/cut4_761.pickle
479
COCO mAP: 0.7177403569221497
/home/wxz/Documents/pickle/maskrcnn/360p/cut2_8925.pickle
480
COCO mAP: 0.7803281545639038
/home/wxz/Documents/pickle/maskrcnn/360p/cut4_5281.pickle
481
COCO mAP: 0.859917163848877
/home/wxz/Documents/pickle/maskrcnn/360p/cut1_5700.pickle
482
COCO mAP: 0.8417690992355347
/home/wxz/Documents/pickle/maskrcnn/360p/cut7_641.pickle
483
COCO mAP: 0.42664533853530884
/home/wxz/Documents/pickle/maskrcnn/360p/cut2_5751.pickle
484
COCO mAP: 0.13528530299663544
/home/wxz/Documents/pickle/maskrcnn/360p/cut9_113.pickle
485
COCO mAP: 0.744989275932312
/home/wxz/Documents/pickle/maskrcnn/360p/cut4_7348.pickle
486
COCO mAP: 0.6342255473136902
/home/wxz/Documents/pickle/maskrcnn/360p/cut1_3438.pickle
487
COCO mAP: 0.15113744139671326
/home/wxz/Documents/pickle/maskrcnn/360p/cut7_4305.pickle
488
COCO mAP: 0.7829201221466064
/home/wxz/Documents/pickle/maskrcnn/360p/cut5_897.pickle
489
COCO mAP: 0.6296394467353821
/home/wxz/Documents/pickle/maskrcnn/360p/cut3_3601.pickle
490
COCO mAP: 0.7451959848403931
/home/wxz/Documents/pickle/maskrcnn/360p/cut5_8881.pickle
491
COCO mAP: 0.8554540872573853
/home/wxz/Documents/pickle/maskrcnn/360p/cut5_3729.pickle
492
COCO mAP: 0.5182726979255676
/home/wxz/Documents/pickle/maskrcnn/360p/cut4_6412.pickle
493
COCO mAP: 0.7926715612411499
/home/wxz/Documents/pickle/maskrcnn/360p/cut5_3809.pickle
494
COCO mAP: 0.5618423223495483
/home/wxz/Documents/pickle/maskrcnn/360p/cut4_7672.pickle
495
COCO mAP: 0.5216427445411682
/home/wxz/Documents/pickle/maskrcnn/360p/cut1_2820.pickle
496
COCO mAP: 0.03102310374379158
/home/wxz/Documents/pickle/maskrcnn/360p/cut4_521.pickle
497
COCO mAP: 0.758816123008728
/home/wxz/Documents/pickle/maskrcnn/360p/cut9_1937.pickle
498
COCO mAP: 0.6372376680374146
/home/wxz/Documents/pickle/maskrcnn/360p/cut6_5611.pickle
499
COCO mAP: 0.7091560363769531
/home/wxz/Documents/pickle/maskrcnn/360p/cut4_2001.pickle
500
COCO mAP: 0.19440700113773346
/home/wxz/Documents/pickle/maskrcnn/360p/cut1_5373.pickle
501
COCO mAP: 0.8100515604019165
/home/wxz/Documents/pickle/maskrcnn/360p/cut8_912.pickle
502
COCO mAP: 0.6288308501243591
/home/wxz/Documents/pickle/maskrcnn/360p/cut6_6750.pickle
503
COCO mAP: 0.7273027896881104
/home/wxz/Documents/pickle/maskrcnn/360p/cut4_5401.pickle
504
COCO mAP: 0.741131067276001
/home/wxz/Documents/pickle/maskrcnn/360p/cut3_3505.pickle
505
COCO mAP: 0.750198483467102
/home/wxz/Documents/pickle/maskrcnn/360p/cut5_8353.pickle
506
COCO mAP: 0.38694214820861816
/home/wxz/Documents/pickle/maskrcnn/360p/cut6_8461.pickle
507
COCO mAP: 0.6105183362960815
/home/wxz/Documents/pickle/maskrcnn/360p/cut7_5945.pickle
508
COCO mAP: 0.5861836671829224
/home/wxz/Documents/pickle/maskrcnn/360p/cut3_2609.pickle
509
COCO mAP: 0.7810654044151306
/home/wxz/Documents/pickle/maskrcnn/360p/cut6_7741.pickle
510
COCO mAP: 0.7138339281082153
/home/wxz/Documents/pickle/maskrcnn/360p/cut8_4613.pickle
511
COCO mAP: 0.818835437297821
/home/wxz/Documents/pickle/maskrcnn/360p/cut2_852.pickle
512
COCO mAP: 0.8041055798530579
/home/wxz/Documents/pickle/maskrcnn/360p/cut5_4017.pickle
513
COCO mAP: 0.7490594387054443
/home/wxz/Documents/pickle/maskrcnn/360p/cut1_4931.pickle
514
COCO mAP: 0.8829874992370605
/home/wxz/Documents/pickle/maskrcnn/360p/cut6_5201.pickle
515
COCO mAP: 0.763771653175354
/home/wxz/Documents/pickle/maskrcnn/360p/cut8_3619.pickle
516
COCO mAP: 0.6173609495162964
/home/wxz/Documents/pickle/maskrcnn/360p/cut2_6717.pickle
517
COCO mAP: 0.8811745643615723
/home/wxz/Documents/pickle/maskrcnn/360p/cut4_7996.pickle
518
COCO mAP: 0.5193017721176147
/home/wxz/Documents/pickle/maskrcnn/360p/cut8_1519.pickle
519
COCO mAP: 0.7847398519515991
/home/wxz/Documents/pickle/maskrcnn/360p/cut2_5061.pickle
520
COCO mAP: 0.6938841342926025
/home/wxz/Documents/pickle/maskrcnn/360p/cut5_7265.pickle
521
COCO mAP: 0.8194345235824585
/home/wxz/Documents/pickle/maskrcnn/360p/cut5_2401.pickle
522
COCO mAP: 0.5795875787734985
/home/wxz/Documents/pickle/maskrcnn/360p/cut2_8741.pickle
523
COCO mAP: 0.17854145169258118
/home/wxz/Documents/pickle/maskrcnn/360p/cut6_2433.pickle
524
COCO mAP: 0.6747843623161316
/home/wxz/Documents/pickle/maskrcnn/360p/cut3_1.pickle
525
COCO mAP: 0.851645827293396
/home/wxz/Documents/pickle/maskrcnn/360p/cut4_1761.pickle
526
COCO mAP: 0.40529999136924744
/home/wxz/Documents/pickle/maskrcnn/360p/cut5_6929.pickle
527
COCO mAP: 0.5882837772369385
/home/wxz/Documents/pickle/maskrcnn/360p/cut2_7430.pickle
528
COCO mAP: 0.823366641998291
/home/wxz/Documents/pickle/maskrcnn/360p/cut9_2801.pickle
529
COCO mAP: 0.8389676809310913
/home/wxz/Documents/pickle/maskrcnn/360p/cut6_6189.pickle
530
COCO mAP: 0.724384605884552
/home/wxz/Documents/pickle/maskrcnn/360p/cut5_2817.pickle
531
COCO mAP: 0.6852349638938904
/home/wxz/Documents/pickle/maskrcnn/360p/cut2_7660.pickle
532
COCO mAP: 0.8387686014175415
/home/wxz/Documents/pickle/maskrcnn/360p/cut6_7975.pickle
533
COCO mAP: 0.574138343334198
/home/wxz/Documents/pickle/maskrcnn/360p/cut3_6865.pickle
534
COCO mAP: 0.8660794496536255
/home/wxz/Documents/pickle/maskrcnn/360p/cut8_4515.pickle
535
COCO mAP: 0.7682612538337708
/home/wxz/Documents/pickle/maskrcnn/360p/cut3_3393.pickle
536
COCO mAP: 0.6891824007034302
/home/wxz/Documents/pickle/maskrcnn/360p/cut1_879.pickle
537
COCO mAP: 0.5302682518959045
/home/wxz/Documents/pickle/maskrcnn/360p/cut9_3329.pickle
538
COCO mAP: 0.36792078614234924
/home/wxz/Documents/pickle/maskrcnn/360p/cut2_8143.pickle
539
COCO mAP: 0.5008012652397156
/home/wxz/Documents/pickle/maskrcnn/360p/cut4_5817.pickle
540
COCO mAP: 0.6442360877990723
/home/wxz/Documents/pickle/maskrcnn/360p/cut9_5505.pickle
541
COCO mAP: 0.84266197681427
/home/wxz/Documents/pickle/maskrcnn/360p/cut2_4762.pickle
542
COCO mAP: 0.604280412197113
/home/wxz/Documents/pickle/maskrcnn/360p/cut4_3621.pickle
543
COCO mAP: 0.7578262090682983
/home/wxz/Documents/pickle/maskrcnn/360p/cut6_1489.pickle
544
COCO mAP: 0.763266921043396
/home/wxz/Documents/pickle/maskrcnn/360p/cut1_3174.pickle
545
COCO mAP: 0.1262376308441162
/home/wxz/Documents/pickle/maskrcnn/360p/cut6_5832.pickle
546
COCO mAP: 0.6416480541229248
/home/wxz/Documents/pickle/maskrcnn/360p/cut6_5105.pickle
547
COCO mAP: 0.6386240720748901
/home/wxz/Documents/pickle/maskrcnn/360p/cut4_161.pickle
548
COCO mAP: 0.7767128944396973
/home/wxz/Documents/pickle/maskrcnn/360p/cut3_4305.pickle
549
COCO mAP: 0.5864421129226685
/home/wxz/Documents/pickle/maskrcnn/360p/cut1_3526.pickle
550
COCO mAP: 0.5787429213523865
/home/wxz/Documents/pickle/maskrcnn/360p/cut2_7292.pickle
551
COCO mAP: 0.8828865885734558
/home/wxz/Documents/pickle/maskrcnn/360p/cut7_4725.pickle
552
COCO mAP: 0.6213444471359253
/home/wxz/Documents/pickle/maskrcnn/360p/cut3_3793.pickle
553
COCO mAP: 0.9343091249465942
/home/wxz/Documents/pickle/maskrcnn/360p/cut5_3537.pickle
554
COCO mAP: 0.5035942792892456
/home/wxz/Documents/pickle/maskrcnn/360p/cut5_2913.pickle
555
COCO mAP: 0.8414713740348816
/home/wxz/Documents/pickle/maskrcnn/360p/cut7_7945.pickle
556
COCO mAP: 0.7855202555656433
/home/wxz/Documents/pickle/maskrcnn/360p/cut8_7412.pickle
557
COCO mAP: 0.4908234477043152
/home/wxz/Documents/pickle/maskrcnn/360p/cut3_6193.pickle
558
COCO mAP: 0.7964994311332703
/home/wxz/Documents/pickle/maskrcnn/360p/cut4_3001.pickle
559
COCO mAP: 0.6986467242240906
/home/wxz/Documents/pickle/maskrcnn/360p/cut4_5901.pickle
560
COCO mAP: 0.6577594876289368
/home/wxz/Documents/pickle/maskrcnn/360p/cut2_1036.pickle
561
COCO mAP: 0.5416916608810425
/home/wxz/Documents/pickle/maskrcnn/360p/cut8_1715.pickle
562
COCO mAP: 0.9512540102005005
/home/wxz/Documents/pickle/maskrcnn/360p/cut5_8992.pickle
563
COCO mAP: 0.846483588218689
/home/wxz/Documents/pickle/maskrcnn/360p/cut6_3617.pickle
564
COCO mAP: 0.6803321838378906
/home/wxz/Documents/pickle/maskrcnn/360p/cut5_6641.pickle
565
COCO mAP: 0.8145877718925476
/home/wxz/Documents/pickle/maskrcnn/360p/cut6_6240.pickle
566
COCO mAP: 0.5605576038360596
/home/wxz/Documents/pickle/maskrcnn/360p/cut8_4906.pickle
567
COCO mAP: 0.6073511242866516
/home/wxz/Documents/pickle/maskrcnn/360p/cut6_8947.pickle
568
COCO mAP: 0.5474799871444702
/home/wxz/Documents/pickle/maskrcnn/360p/cut7_1.pickle
569
COCO mAP: 0.7017208337783813
/home/wxz/Documents/pickle/maskrcnn/360p/cut1_2471.pickle
570
COCO mAP: 0.43918377161026
/home/wxz/Documents/pickle/maskrcnn/360p/cut6_2001.pickle
571
COCO mAP: 0.6349602341651917
/home/wxz/Documents/pickle/maskrcnn/360p/cut6_1201.pickle
572
COCO mAP: 0.806799590587616
/home/wxz/Documents/pickle/maskrcnn/360p/cut6_6903.pickle
573
COCO mAP: 0.6843208074569702
/home/wxz/Documents/pickle/maskrcnn/360p/cut2_93.pickle
574
COCO mAP: 0.6003767251968384
/home/wxz/Documents/pickle/maskrcnn/360p/cut5_8545.pickle
575
COCO mAP: 0.6812983751296997
/home/wxz/Documents/pickle/maskrcnn/360p/cut7_1105.pickle
576
COCO mAP: 0.8008754849433899
/home/wxz/Documents/pickle/maskrcnn/360p/cut7_1855.pickle
577
COCO mAP: 0.7503623366355896
/home/wxz/Documents/pickle/maskrcnn/360p/cut5_8785.pickle
578
COCO mAP: 0.860693633556366
/home/wxz/Documents/pickle/maskrcnn/360p/cut2_6510.pickle
579
COCO mAP: 0.7718696594238281
/home/wxz/Documents/pickle/maskrcnn/360p/cut8_1645.pickle
580
COCO mAP: 0.8322331309318542
/home/wxz/Documents/pickle/maskrcnn/360p/cut4_5321.pickle
581
COCO mAP: 0.836657702922821
/home/wxz/Documents/pickle/maskrcnn/360p/cut2_6418.pickle
582
COCO mAP: 0.8433082699775696
/home/wxz/Documents/pickle/maskrcnn/360p/cut9_1009.pickle
583
COCO mAP: 0.24673204123973846
/home/wxz/Documents/pickle/maskrcnn/360p/cut7_6645.pickle
584
COCO mAP: 0.8494904637336731
/home/wxz/Documents/pickle/maskrcnn/360p/cut4_1681.pickle
585
COCO mAP: 0.7299758791923523
/home/wxz/Documents/pickle/maskrcnn/360p/cut9_401.pickle
586
COCO mAP: 0.3977460265159607
/home/wxz/Documents/pickle/maskrcnn/360p/cut3_2209.pickle
587
COCO mAP: 0.8001864552497864
/home/wxz/Documents/pickle/maskrcnn/360p/cut8_4809.pickle
588
COCO mAP: 0.4817463457584381
/home/wxz/Documents/pickle/maskrcnn/360p/cut6_4641.pickle
589
COCO mAP: 0.31920158863067627
/home/wxz/Documents/pickle/maskrcnn/360p/cut7_833.pickle
590
COCO mAP: 0.7564005851745605
/home/wxz/Documents/pickle/maskrcnn/360p/cut5_6113.pickle
591
COCO mAP: 0.49641984701156616
/home/wxz/Documents/pickle/maskrcnn/360p/cut6_7867.pickle
592
COCO mAP: 0.7074500322341919
/home/wxz/Documents/pickle/maskrcnn/360p/cut6_6444.pickle
593
COCO mAP: 0.7424706816673279
/home/wxz/Documents/pickle/maskrcnn/360p/cut1_4139.pickle
594
COCO mAP: 0.7732123136520386
/home/wxz/Documents/pickle/maskrcnn/360p/cut3_817.pickle
595
COCO mAP: 0.6977534890174866
/home/wxz/Documents/pickle/maskrcnn/360p/cut4_1.pickle
596
COCO mAP: 0.40171295404434204
/home/wxz/Documents/pickle/maskrcnn/360p/cut4_2121.pickle
597
COCO mAP: 0.7508140802383423
/home/wxz/Documents/pickle/maskrcnn/360p/cut2_8534.pickle
598
COCO mAP: 0.8070157766342163
/home/wxz/Documents/pickle/maskrcnn/360p/cut4_4721.pickle
599
COCO mAP: 0.623924970626831
/home/wxz/Documents/pickle/maskrcnn/360p/cut1_8759.pickle
600
COCO mAP: 0.8247799873352051
/home/wxz/Documents/pickle/maskrcnn/360p/cut8_2737.pickle
601
COCO mAP: 0.7343475818634033
/home/wxz/Documents/pickle/maskrcnn/360p/cut8_3003.pickle
602
COCO mAP: 0.8720039129257202
/home/wxz/Documents/pickle/maskrcnn/360p/cut4_3341.pickle
603
COCO mAP: 0.7298361659049988
/home/wxz/Documents/pickle/maskrcnn/360p/cut4_8914.pickle
604
COCO mAP: 0.41493067145347595
/home/wxz/Documents/pickle/maskrcnn/360p/cut6_1537.pickle
605
COCO mAP: 0.3640027642250061
/home/wxz/Documents/pickle/maskrcnn/360p/cut3_4737.pickle
606
COCO mAP: 0.47207456827163696
/home/wxz/Documents/pickle/maskrcnn/360p/cut1_8509.pickle
607
COCO mAP: 0.8083111047744751
/home/wxz/Documents/pickle/maskrcnn/360p/cut5_4929.pickle
608
COCO mAP: 0.22914902865886688
/home/wxz/Documents/pickle/maskrcnn/360p/cut2_6602.pickle
609
COCO mAP: 0.7793500423431396
/home/wxz/Documents/pickle/maskrcnn/360p/cut7_7465.pickle
610
COCO mAP: 0.697250247001648
/home/wxz/Documents/pickle/maskrcnn/360p/cut3_2305.pickle
611
COCO mAP: 0.7000921368598938
/home/wxz/Documents/pickle/maskrcnn/360p/cut6_4241.pickle
612
COCO mAP: 0.9052048921585083
/home/wxz/Documents/pickle/maskrcnn/360p/cut3_5313.pickle
613
COCO mAP: 0.718123197555542
/home/wxz/Documents/pickle/maskrcnn/360p/cut7_3665.pickle
614
COCO mAP: 0.7004511952400208
/home/wxz/Documents/pickle/maskrcnn/360p/cut7_5445.pickle
615
COCO mAP: 0.8185227513313293
/home/wxz/Documents/pickle/maskrcnn/360p/cut1_5107.pickle
616
COCO mAP: 0.785879909992218
/home/wxz/Documents/pickle/maskrcnn/360p/cut6_5009.pickle
617
COCO mAP: 0.738720715045929
/home/wxz/Documents/pickle/maskrcnn/360p/cut3_4833.pickle
618
COCO mAP: 0.6863683462142944
/home/wxz/Documents/pickle/maskrcnn/360p/cut1_6068.pickle
619
COCO mAP: 0.7537569403648376
/home/wxz/Documents/pickle/maskrcnn/360p/cut8_7706.pickle
620
COCO mAP: 0.5911722779273987
/home/wxz/Documents/pickle/maskrcnn/360p/cut6_5409.pickle
621
COCO mAP: 0.456564724445343
/home/wxz/Documents/pickle/maskrcnn/360p/cut4_6141.pickle
622
COCO mAP: 0.7312037348747253
/home/wxz/Documents/pickle/maskrcnn/360p/cut7_2017.pickle
623
COCO mAP: 0.8251800537109375
/home/wxz/Documents/pickle/maskrcnn/360p/cut9_5601.pickle
624
COCO mAP: 0.733356773853302
/home/wxz/Documents/pickle/maskrcnn/360p/cut3_7649.pickle
625
COCO mAP: 0.554053783416748
/home/wxz/Documents/pickle/maskrcnn/360p/cut4_361.pickle
626
COCO mAP: 0.8216091394424438
/home/wxz/Documents/pickle/maskrcnn/360p/cut4_5521.pickle
627
COCO mAP: 0.555827260017395
/home/wxz/Documents/pickle/maskrcnn/360p/cut6_689.pickle
628
COCO mAP: 0.8951061367988586
/home/wxz/Documents/pickle/maskrcnn/360p/cut4_4121.pickle
629
COCO mAP: 0.5088965892791748
/home/wxz/Documents/pickle/maskrcnn/360p/cut7_8225.pickle
630
COCO mAP: 0.8110054135322571
/home/wxz/Documents/pickle/maskrcnn/360p/cut4_4841.pickle
631
COCO mAP: 0.534602165222168
/home/wxz/Documents/pickle/maskrcnn/360p/cut9_305.pickle
632
COCO mAP: 0.3474947512149811
/home/wxz/Documents/pickle/maskrcnn/360p/cut9_5713.pickle
633
COCO mAP: 0.6621050834655762
/home/wxz/Documents/pickle/maskrcnn/360p/cut4_3901.pickle
634
COCO mAP: 0.2770029306411743
/home/wxz/Documents/pickle/maskrcnn/360p/cut1_2558.pickle
635
COCO mAP: 0.32900989055633545
/home/wxz/Documents/pickle/maskrcnn/360p/cut8_5620.pickle
636
COCO mAP: 0.7812575697898865
/home/wxz/Documents/pickle/maskrcnn/360p/cut3_3169.pickle
637
COCO mAP: 0.8443886637687683
/home/wxz/Documents/pickle/maskrcnn/360p/cut4_6201.pickle
638
COCO mAP: 0.8706067800521851
/home/wxz/Documents/pickle/maskrcnn/360p/cut2_1312.pickle
639
COCO mAP: 0.3482602536678314
/home/wxz/Documents/pickle/maskrcnn/360p/cut6_1905.pickle
640
COCO mAP: 0.6761909127235413
/home/wxz/Documents/pickle/maskrcnn/360p/cut9_3729.pickle
641
COCO mAP: 0.44578224420547485
/home/wxz/Documents/pickle/maskrcnn/360p/cut2_6142.pickle
642
COCO mAP: 0.7525840997695923
/home/wxz/Documents/pickle/maskrcnn/360p/cut3_8705.pickle
643
COCO mAP: 0.6907437443733215
/home/wxz/Documents/pickle/maskrcnn/360p/cut8_5032.pickle
644
COCO mAP: 0.537443995475769
/home/wxz/Documents/pickle/maskrcnn/360p/cut8_2905.pickle
645
COCO mAP: 0.5670340657234192
/home/wxz/Documents/pickle/maskrcnn/360p/cut2_2002.pickle
646
COCO mAP: 0.6205606460571289
/home/wxz/Documents/pickle/maskrcnn/360p/cut8_209.pickle
647
COCO mAP: 0.6290996074676514
/home/wxz/Documents/pickle/maskrcnn/360p/cut2_8327.pickle
648
COCO mAP: 0.8984211087226868
/home/wxz/Documents/pickle/maskrcnn/360p/cut5_5617.pickle
649
COCO mAP: 0.5875271558761597
/home/wxz/Documents/pickle/maskrcnn/360p/cut7_3245.pickle
650
COCO mAP: 0.7593754529953003
/home/wxz/Documents/pickle/maskrcnn/360p/cut9_5169.pickle
651
COCO mAP: 0.5627933144569397
/home/wxz/Documents/pickle/maskrcnn/360p/cut9_2321.pickle
652
COCO mAP: 0.7359081506729126
/home/wxz/Documents/pickle/maskrcnn/360p/cut7_5625.pickle
653
COCO mAP: 0.7382158637046814
/home/wxz/Documents/pickle/maskrcnn/360p/cut8_5410.pickle
654
COCO mAP: 0.796893835067749
/home/wxz/Documents/pickle/maskrcnn/360p/cut8_2009.pickle
655
COCO mAP: 0.8245528936386108
/home/wxz/Documents/pickle/maskrcnn/360p/cut8_604.pickle
656
COCO mAP: 0.884955108165741
/home/wxz/Documents/pickle/maskrcnn/360p/cut7_737.pickle
657
COCO mAP: 0.8437553644180298
/home/wxz/Documents/pickle/maskrcnn/360p/cut6_3425.pickle
658
COCO mAP: 0.846939742565155
/home/wxz/Documents/pickle/maskrcnn/360p/cut7_7185.pickle
659
COCO mAP: 0.6860874891281128
/home/wxz/Documents/pickle/maskrcnn/360p/cut5_2209.pickle
660
COCO mAP: 0.7875110507011414
/home/wxz/Documents/pickle/maskrcnn/360p/cut4_4541.pickle
661
COCO mAP: 0.7408818006515503
/home/wxz/Documents/pickle/maskrcnn/360p/cut3_5121.pickle
662
COCO mAP: 0.6741188168525696
/home/wxz/Documents/pickle/maskrcnn/360p/cut1_4403.pickle
663
COCO mAP: 0.7735306620597839
/home/wxz/Documents/pickle/maskrcnn/360p/cut6_2945.pickle
664
COCO mAP: 0.7405352592468262
/home/wxz/Documents/pickle/maskrcnn/360p/cut1_6244.pickle
665
COCO mAP: 0.807759165763855
/home/wxz/Documents/pickle/maskrcnn/360p/cut5_4401.pickle
666
COCO mAP: 0.7243043780326843
/home/wxz/Documents/pickle/maskrcnn/360p/cut8_3213.pickle
667
COCO mAP: 0.7931715250015259
/home/wxz/Documents/pickle/maskrcnn/360p/cut2_3520.pickle
668
COCO mAP: 0.7297912836074829
/home/wxz/Documents/pickle/maskrcnn/360p/cut7_1747.pickle
669
COCO mAP: 0.7972255945205688
/home/wxz/Documents/pickle/maskrcnn/360p/cut6_1713.pickle
670
COCO mAP: 0.710068941116333
/home/wxz/Documents/pickle/maskrcnn/360p/cut4_8752.pickle
671
COCO mAP: 0.7987224459648132
/home/wxz/Documents/pickle/maskrcnn/360p/cut3_3713.pickle
672
COCO mAP: 0.5831917524337769
/home/wxz/Documents/pickle/maskrcnn/360p/cut8_4305.pickle
673
COCO mAP: 0.3115230202674866
/home/wxz/Documents/pickle/maskrcnn/360p/cut5_5905.pickle
674
COCO mAP: 0.6517516374588013
/home/wxz/Documents/pickle/maskrcnn/360p/cut9_6049.pickle
675
COCO mAP: 0.8674544095993042
/home/wxz/Documents/pickle/maskrcnn/360p/cut6_6546.pickle
676
COCO mAP: 0.718766450881958
/home/wxz/Documents/pickle/maskrcnn/360p/cut5_2625.pickle
677
COCO mAP: 0.7132134437561035
/home/wxz/Documents/pickle/maskrcnn/360p/cut6_6342.pickle
678
COCO mAP: 0.7162797451019287
/home/wxz/Documents/pickle/maskrcnn/360p/cut7_929.pickle
679
COCO mAP: 0.7408539652824402
/home/wxz/Documents/pickle/maskrcnn/360p/cut3_2513.pickle
680
COCO mAP: 0.15400376915931702
/home/wxz/Documents/pickle/maskrcnn/360p/cut5_1.pickle
681
COCO mAP: 0.3439903259277344
/home/wxz/Documents/pickle/maskrcnn/360p/cut9_1505.pickle
682
COCO mAP: 0.5263447165489197
/home/wxz/Documents/pickle/maskrcnn/360p/cut8_5928.pickle
683
COCO mAP: 0.7850310206413269
/home/wxz/Documents/pickle/maskrcnn/360p/cut9_4737.pickle
684
COCO mAP: 0.6653173565864563
/home/wxz/Documents/pickle/maskrcnn/360p/cut5_2721.pickle
685
COCO mAP: 0.7945641279220581
/home/wxz/Documents/pickle/maskrcnn/360p/cut6_2385.pickle
686
COCO mAP: 0.6707044839859009
/home/wxz/Documents/pickle/maskrcnn/360p/cut7_7285.pickle
687
COCO mAP: 0.7748743295669556
/home/wxz/Documents/pickle/maskrcnn/360p/cut8_1911.pickle
688
COCO mAP: 0.6871746182441711
/home/wxz/Documents/pickle/maskrcnn/360p/cut3_7153.pickle
689
COCO mAP: 0.695956289768219
/home/wxz/Documents/pickle/maskrcnn/360p/cut4_5709.pickle
690
COCO mAP: 0.7632246017456055
/home/wxz/Documents/pickle/maskrcnn/360p/cut1_6909.pickle
691
COCO mAP: 0.6180557608604431
/home/wxz/Documents/pickle/maskrcnn/360p/cut8_6110.pickle
692
COCO mAP: 0.8668891787528992
/home/wxz/Documents/pickle/maskrcnn/360p/cut3_2401.pickle
693
COCO mAP: 0.7952371835708618
/home/wxz/Documents/pickle/maskrcnn/360p/cut7_6285.pickle
694
COCO mAP: 0.8003183603286743
/home/wxz/Documents/pickle/maskrcnn/360p/cut8_4725.pickle
695
COCO mAP: 0.7622140049934387
/home/wxz/Documents/pickle/maskrcnn/360p/cut9_721.pickle
696
COCO mAP: 0.5845039486885071
/home/wxz/Documents/pickle/maskrcnn/360p/cut1_704.pickle
697
COCO mAP: 0.4199056625366211
/home/wxz/Documents/pickle/maskrcnn/360p/cut9_3233.pickle
698
COCO mAP: 0.07722772657871246
/home/wxz/Documents/pickle/maskrcnn/360p/cut3_6097.pickle
699
COCO mAP: 0.6492424607276917
/home/wxz/Documents/pickle/maskrcnn/360p/cut8_7608.pickle
700
COCO mAP: 0.6175850629806519
/home/wxz/Documents/pickle/maskrcnn/360p/cut8_8252.pickle
701
COCO mAP: 0.4540955126285553
/home/wxz/Documents/pickle/maskrcnn/360p/cut7_8705.pickle
702
COCO mAP: 0.7202023267745972
/home/wxz/Documents/pickle/maskrcnn/360p/cut5_5313.pickle
703
COCO mAP: 0.4087572693824768
/home/wxz/Documents/pickle/maskrcnn/360p/cut5_1089.pickle
704
COCO mAP: 0.692245364189148
/home/wxz/Documents/pickle/maskrcnn/360p/cut8_5522.pickle
705
COCO mAP: 0.9086008071899414
/home/wxz/Documents/pickle/maskrcnn/360p/cut5_7729.pickle
706
COCO mAP: 0.7217994332313538
/home/wxz/Documents/pickle/maskrcnn/360p/cut3_8945.pickle
707
COCO mAP: 0.5337597727775574
/home/wxz/Documents/pickle/maskrcnn/360p/cut2_6901.pickle
708
COCO mAP: 0.7902592420578003
/home/wxz/Documents/pickle/maskrcnn/360p/cut5_1617.pickle
709
COCO mAP: 0.6259980201721191
/home/wxz/Documents/pickle/maskrcnn/360p/cut1_8864.pickle
710
COCO mAP: 0.738950252532959
/home/wxz/Documents/pickle/maskrcnn/360p/cut3_2257.pickle
711
COCO mAP: 0.35313311219215393
/home/wxz/Documents/pickle/maskrcnn/360p/cut3_8801.pickle
712
COCO mAP: 0.8656114339828491
/home/wxz/Documents/pickle/maskrcnn/360p/cut5_2113.pickle
713
COCO mAP: 0.6992162466049194
/home/wxz/Documents/pickle/maskrcnn/360p/cut9_4817.pickle
714
COCO mAP: 0.7079513072967529
/home/wxz/Documents/pickle/maskrcnn/360p/cut7_8645.pickle
715
COCO mAP: 0.7780041098594666
/home/wxz/Documents/pickle/maskrcnn/360p/cut1_2022.pickle
716
COCO mAP: 0.5598547458648682
/home/wxz/Documents/pickle/maskrcnn/360p/cut6_6801.pickle
717
COCO mAP: 0.6245583891868591
/home/wxz/Documents/pickle/maskrcnn/360p/cut4_6808.pickle
718
COCO mAP: 0.4732397198677063
/home/wxz/Documents/pickle/maskrcnn/360p/cut1_17.pickle
719
COCO mAP: 0.2820461094379425
/home/wxz/Documents/pickle/maskrcnn/360p/cut4_1901.pickle
720
COCO mAP: 0.4347951412200928
/home/wxz/Documents/pickle/maskrcnn/360p/cut7_3005.pickle
721
COCO mAP: 0.7550760507583618
/home/wxz/Documents/pickle/maskrcnn/360p/cut9_1745.pickle
722
COCO mAP: 0.5988591909408569
/home/wxz/Documents/pickle/maskrcnn/360p/cut7_4225.pickle
723
COCO mAP: 0.8360675573348999
/home/wxz/Documents/pickle/maskrcnn/360p/cut4_8320.pickle
724
COCO mAP: 0.6066293716430664
/home/wxz/Documents/pickle/maskrcnn/360p/cut4_3701.pickle
725
COCO mAP: 0.6730470657348633
/home/wxz/Documents/pickle/maskrcnn/360p/cut2_7821.pickle
726
COCO mAP: 0.8618419766426086
/home/wxz/Documents/pickle/maskrcnn/360p/cut6_577.pickle
727
COCO mAP: 0.6497979164123535
/home/wxz/Documents/pickle/maskrcnn/360p/cut3_5905.pickle
728
COCO mAP: 0.8291680216789246
/home/wxz/Documents/pickle/maskrcnn/360p/cut3_1425.pickle
729
COCO mAP: 0.682675302028656
/home/wxz/Documents/pickle/maskrcnn/360p/cut2_7706.pickle
730
COCO mAP: 0.8100296258926392
/home/wxz/Documents/pickle/maskrcnn/360p/cut8_346.pickle
731
COCO mAP: 0.39254310727119446
/home/wxz/Documents/pickle/maskrcnn/360p/cut6_8245.pickle
732
COCO mAP: 0.6103851199150085
/home/wxz/Documents/pickle/maskrcnn/360p/cut6_3137.pickle
733
COCO mAP: 0.8031843900680542
/home/wxz/Documents/pickle/maskrcnn/360p/cut1_2202.pickle
734
COCO mAP: 0.5124293565750122
/home/wxz/Documents/pickle/maskrcnn/360p/cut1_8419.pickle
735
COCO mAP: 0.5441149473190308
/home/wxz/Documents/pickle/maskrcnn/360p/cut8_5802.pickle
736
COCO mAP: 0.882297158241272
/home/wxz/Documents/pickle/maskrcnn/360p/cut2_3911.pickle
737
COCO mAP: 0.8269059062004089
/home/wxz/Documents/pickle/maskrcnn/360p/cut8_6362.pickle
738
COCO mAP: 0.6885074377059937
/home/wxz/Documents/pickle/maskrcnn/360p/cut2_6027.pickle
739
COCO mAP: 0.6996356248855591
/home/wxz/Documents/pickle/maskrcnn/360p/cut6_1105.pickle
740
COCO mAP: 0.5505479574203491
/home/wxz/Documents/pickle/maskrcnn/360p/cut8_496.pickle
741
COCO mAP: 0.656781017780304
/home/wxz/Documents/pickle/maskrcnn/360p/cut1_1503.pickle
742
COCO mAP: 0.2972277104854584
/home/wxz/Documents/pickle/maskrcnn/360p/cut1_3350.pickle
743
COCO mAP: 0.5318591594696045
/home/wxz/Documents/pickle/maskrcnn/360p/cut1_343.pickle
744
COCO mAP: 0.5111123919487
/home/wxz/Documents/pickle/maskrcnn/360p/cut9_1841.pickle
745
COCO mAP: 0.6412795782089233
/home/wxz/Documents/pickle/maskrcnn/360p/cut2_3014.pickle
746
COCO mAP: 0.7828451991081238
/home/wxz/Documents/pickle/maskrcnn/360p/cut7_3365.pickle
747
COCO mAP: 0.8583587408065796
/home/wxz/Documents/pickle/maskrcnn/360p/cut2_6303.pickle
748
COCO mAP: 0.8637444376945496
/home/wxz/Documents/pickle/maskrcnn/360p/cut1_6821.pickle
749
COCO mAP: 0.07249002903699875
/home/wxz/Documents/pickle/maskrcnn/360p/cut2_4348.pickle
750
COCO mAP: 0.7979224920272827
/home/wxz/Documents/pickle/maskrcnn/360p/cut1_6604.pickle
751
COCO mAP: 0.18205446004867554
/home/wxz/Documents/pickle/maskrcnn/360p/cut1_6689.pickle
752
COCO mAP: 0.39730963110923767
/home/wxz/Documents/pickle/maskrcnn/360p/cut3_7745.pickle
753
COCO mAP: 0.7628144025802612
/home/wxz/Documents/pickle/maskrcnn/360p/cut5_5217.pickle
754
COCO mAP: 0.5993331670761108
/home/wxz/Documents/pickle/maskrcnn/360p/cut2_6809.pickle
755
COCO mAP: 0.678336501121521
/home/wxz/Documents/pickle/maskrcnn/360p/cut1_2302.pickle
756
COCO mAP: 0.5846995115280151
/home/wxz/Documents/pickle/maskrcnn/360p/cut7_2405.pickle
757
COCO mAP: 0.8446054458618164
/home/wxz/Documents/pickle/maskrcnn/360p/cut5_401.pickle
758
COCO mAP: 0.6593087911605835
/home/wxz/Documents/pickle/maskrcnn/360p/cut8_3129.pickle
759
COCO mAP: 0.7364127039909363
/home/wxz/Documents/pickle/maskrcnn/360p/cut5_4881.pickle
760
COCO mAP: 0.25693851709365845
/home/wxz/Documents/pickle/maskrcnn/360p/cut3_4929.pickle
761
COCO mAP: 0.6977131962776184
/home/wxz/Documents/pickle/maskrcnn/360p/cut5_5025.pickle
762
COCO mAP: 0.7909833192825317
/home/wxz/Documents/pickle/maskrcnn/360p/cut6_961.pickle
763
COCO mAP: 0.8325284719467163
/home/wxz/Documents/pickle/maskrcnn/360p/cut8_5144.pickle
764
COCO mAP: 0.816429615020752
/home/wxz/Documents/pickle/maskrcnn/360p/cut5_5409.pickle
765
COCO mAP: 0.6868197917938232
/home/wxz/Documents/pickle/maskrcnn/360p/cut1_5613.pickle
766
COCO mAP: 0.7632214426994324
/home/wxz/Documents/pickle/maskrcnn/360p/cut2_2370.pickle
767
COCO mAP: 0.5731537342071533
/home/wxz/Documents/pickle/maskrcnn/360p/cut7_4985.pickle
768
COCO mAP: 0.5487798452377319
/home/wxz/Documents/pickle/maskrcnn/360p/cut6_1.pickle
769
COCO mAP: 0.8402427434921265
/home/wxz/Documents/pickle/maskrcnn/360p/cut8_2107.pickle
770
COCO mAP: 0.7883087396621704
/home/wxz/Documents/pickle/maskrcnn/360p/cut8_2401.pickle
771
COCO mAP: 0.12078320980072021
/home/wxz/Documents/pickle/maskrcnn/360p/cut4_8212.pickle
772
COCO mAP: 0.5862687826156616
/home/wxz/Documents/pickle/maskrcnn/360p/cut8_6516.pickle
773
COCO mAP: 0.8367021679878235
/home/wxz/Documents/pickle/maskrcnn/360p/cut4_4901.pickle
774
COCO mAP: 0.7307617664337158
/home/wxz/Documents/pickle/maskrcnn/360p/cut1_1316.pickle
775
COCO mAP: 0.2757055461406708
/home/wxz/Documents/pickle/maskrcnn/360p/cut3_145.pickle
776
COCO mAP: 0.6799284219741821
/home/wxz/Documents/pickle/maskrcnn/360p/cut7_4605.pickle
777
COCO mAP: 0.7531453967094421
/home/wxz/Documents/pickle/maskrcnn/360p/cut8_8168.pickle
778
COCO mAP: 0.8149118423461914
/home/wxz/Documents/pickle/maskrcnn/360p/cut8_6012.pickle
779
COCO mAP: 0.9060457348823547
/home/wxz/Documents/pickle/maskrcnn/360p/cut1_5524.pickle
780
COCO mAP: 0.6532332897186279
/home/wxz/Documents/pickle/maskrcnn/360p/cut4_7888.pickle
781
COCO mAP: 0.6436218023300171
/home/wxz/Documents/pickle/maskrcnn/360p/cut2_2807.pickle
782
COCO mAP: 0.5955218076705933
/home/wxz/Documents/pickle/maskrcnn/360p/cut7_2365.pickle
783
COCO mAP: 0.8839184641838074
/home/wxz/Documents/pickle/maskrcnn/360p/cut1_7444.pickle
784
COCO mAP: 0.6152307391166687
/home/wxz/Documents/pickle/maskrcnn/360p/cut2_369.pickle
785
COCO mAP: 0.7655993103981018
/home/wxz/Documents/pickle/maskrcnn/360p/cut7_1405.pickle
786
COCO mAP: 0.8593499064445496
/home/wxz/Documents/pickle/maskrcnn/360p/cut7_7525.pickle
787
COCO mAP: 0.6140780448913574
/home/wxz/Documents/pickle/maskrcnn/360p/cut2_4923.pickle
788
COCO mAP: 0.6079909205436707
/home/wxz/Documents/pickle/maskrcnn/360p/cut1_8629.pickle
789
COCO mAP: 0.8791599273681641
/home/wxz/Documents/pickle/maskrcnn/360p/cut4_5141.pickle
790
COCO mAP: 0.8273402452468872
/home/wxz/Documents/pickle/maskrcnn/360p/cut1_5978.pickle
791
COCO mAP: 0.6931484937667847
/home/wxz/Documents/pickle/maskrcnn/360p/cut9_1313.pickle
792
COCO mAP: 0.6835749745368958
/home/wxz/Documents/pickle/maskrcnn/360p/cut8_1.pickle
793
COCO mAP: 0.5999897718429565
/home/wxz/Documents/pickle/maskrcnn/360p/cut1_3702.pickle
794
COCO mAP: 0.663356363773346
average COCO mAP:0.6683251098764859
