nohup: 忽略输入
/home/wxz/Documents/pickle/maskrcnn/480p/cut5_8945.pickle
1
COCO mAP: 0.9019988179206848
/home/wxz/Documents/pickle/maskrcnn/480p/cut8_436.pickle
2
COCO mAP: 0.3815512955188751
/home/wxz/Documents/pickle/maskrcnn/480p/cut6_5509.pickle
3
COCO mAP: 0.7806923985481262
/home/wxz/Documents/pickle/maskrcnn/480p/cut2_4831.pickle
4
COCO mAP: 0.8039106130599976
/home/wxz/Documents/pickle/maskrcnn/480p/cut2_8971.pickle
5
COCO mAP: 0.5259323120117188
/home/wxz/Documents/pickle/maskrcnn/480p/cut7_2265.pickle
6
COCO mAP: 0.8443549871444702
/home/wxz/Documents/pickle/maskrcnn/480p/cut2_185.pickle
7
COCO mAP: 0.9080813527107239
/home/wxz/Documents/pickle/maskrcnn/480p/cut9_3041.pickle
8
COCO mAP: 0.9005482792854309
/home/wxz/Documents/pickle/maskrcnn/480p/cut7_7705.pickle
9
COCO mAP: 0.8270737528800964
/home/wxz/Documents/pickle/maskrcnn/480p/cut6_4817.pickle
10
COCO mAP: 0.7512537837028503
/home/wxz/Documents/pickle/maskrcnn/480p/cut5_3921.pickle
11
COCO mAP: 0.8149337768554688
/home/wxz/Documents/pickle/maskrcnn/480p/cut3_6577.pickle
12
COCO mAP: 0.7686505317687988
/home/wxz/Documents/pickle/maskrcnn/480p/cut5_993.pickle
13
COCO mAP: 0.7303313612937927
/home/wxz/Documents/pickle/maskrcnn/480p/cut2_6257.pickle
14
COCO mAP: 0.8990858793258667
/home/wxz/Documents/pickle/maskrcnn/480p/cut4_7186.pickle
15
COCO mAP: 0.7195502519607544
/home/wxz/Documents/pickle/maskrcnn/480p/cut9_3825.pickle
16
COCO mAP: 0.8984736204147339
/home/wxz/Documents/pickle/maskrcnn/480p/cut3_4001.pickle
17
COCO mAP: 0.8833948373794556
/home/wxz/Documents/pickle/maskrcnn/480p/cut9_4545.pickle
18
COCO mAP: 0.7429136037826538
/home/wxz/Documents/pickle/maskrcnn/480p/cut2_2186.pickle
19
COCO mAP: 0.7770286798477173
/home/wxz/Documents/pickle/maskrcnn/480p/cut8_7104.pickle
20
COCO mAP: 0.9116088151931763
/home/wxz/Documents/pickle/maskrcnn/480p/cut7_4125.pickle
21
COCO mAP: 0.5957362651824951
/home/wxz/Documents/pickle/maskrcnn/480p/cut3_4401.pickle
22
COCO mAP: 0.7874962091445923
/home/wxz/Documents/pickle/maskrcnn/480p/cut6_2657.pickle
23
COCO mAP: 0.6543788909912109
/home/wxz/Documents/pickle/maskrcnn/480p/cut4_2301.pickle
24
COCO mAP: 0.7452455759048462
/home/wxz/Documents/pickle/maskrcnn/480p/cut8_8336.pickle
25
COCO mAP: 0.728964626789093
/home/wxz/Documents/pickle/maskrcnn/480p/cut7_1009.pickle
26
COCO mAP: 0.6955751180648804
/home/wxz/Documents/pickle/maskrcnn/480p/cut1_257.pickle
27
COCO mAP: 0.4217022955417633
/home/wxz/Documents/pickle/maskrcnn/480p/cut5_5121.pickle
28
COCO mAP: 0.7737934589385986
/home/wxz/Documents/pickle/maskrcnn/480p/cut3_4113.pickle
29
COCO mAP: 0.7411671280860901
/home/wxz/Documents/pickle/maskrcnn/480p/cut6_7633.pickle
30
COCO mAP: 0.6103383898735046
/home/wxz/Documents/pickle/maskrcnn/480p/cut3_7313.pickle
31
COCO mAP: 0.6383711695671082
/home/wxz/Documents/pickle/maskrcnn/480p/cut4_1501.pickle
32
COCO mAP: 0.8912829160690308
/home/wxz/Documents/pickle/maskrcnn/480p/cut9_3633.pickle
33
COCO mAP: 0.7874554395675659
/home/wxz/Documents/pickle/maskrcnn/480p/cut2_8281.pickle
34
COCO mAP: 0.7776365876197815
/home/wxz/Documents/pickle/maskrcnn/480p/cut2_967.pickle
35
COCO mAP: 0.882280170917511
/home/wxz/Documents/pickle/maskrcnn/480p/cut2_2623.pickle
36
COCO mAP: 0.367695152759552
/home/wxz/Documents/pickle/maskrcnn/480p/cut1_8044.pickle
37
COCO mAP: 0.8594168424606323
/home/wxz/Documents/pickle/maskrcnn/480p/cut5_3249.pickle
38
COCO mAP: 0.5843915343284607
/home/wxz/Documents/pickle/maskrcnn/480p/cut5_1281.pickle
39
COCO mAP: 0.7738297581672668
/home/wxz/Documents/pickle/maskrcnn/480p/cut7_5505.pickle
40
COCO mAP: 0.7470933794975281
/home/wxz/Documents/pickle/maskrcnn/480p/cut7_8945.pickle
41
COCO mAP: 0.8225700259208679
/home/wxz/Documents/pickle/maskrcnn/480p/cut4_8806.pickle
42
COCO mAP: 0.7985695600509644
/home/wxz/Documents/pickle/maskrcnn/480p/cut5_6001.pickle
43
COCO mAP: 0.6040524244308472
/home/wxz/Documents/pickle/maskrcnn/480p/cut3_513.pickle
44
COCO mAP: 0.8125661611557007
/home/wxz/Documents/pickle/maskrcnn/480p/cut6_3329.pickle
45
COCO mAP: 0.5738946199417114
/home/wxz/Documents/pickle/maskrcnn/480p/cut6_4401.pickle
46
COCO mAP: 0.7709669470787048
/home/wxz/Documents/pickle/maskrcnn/480p/cut1_6156.pickle
47
COCO mAP: 0.522354781627655
/home/wxz/Documents/pickle/maskrcnn/480p/cut2_5130.pickle
48
COCO mAP: 0.8675166368484497
/home/wxz/Documents/pickle/maskrcnn/480p/cut7_6165.pickle
49
COCO mAP: 0.564597487449646
/home/wxz/Documents/pickle/maskrcnn/480p/cut9_4209.pickle
50
COCO mAP: 0.633093535900116
/home/wxz/Documents/pickle/maskrcnn/480p/cut5_1521.pickle
51
COCO mAP: 0.681151807308197
/home/wxz/Documents/pickle/maskrcnn/480p/cut9_2225.pickle
52
COCO mAP: 0.7558351755142212
/home/wxz/Documents/pickle/maskrcnn/480p/cut6_8893.pickle
53
COCO mAP: 0.8468114733695984
/home/wxz/Documents/pickle/maskrcnn/480p/cut2_5521.pickle
54
COCO mAP: 0.7072886228561401
/home/wxz/Documents/pickle/maskrcnn/480p/cut4_4241.pickle
55
COCO mAP: 0.8671084642410278
/home/wxz/Documents/pickle/maskrcnn/480p/cut6_7107.pickle
56
COCO mAP: 0.6646057367324829
/home/wxz/Documents/pickle/maskrcnn/480p/cut4_3801.pickle
57
COCO mAP: 0.6890802979469299
/home/wxz/Documents/pickle/maskrcnn/480p/cut8_1253.pickle
58
COCO mAP: 0.7831133604049683
/home/wxz/Documents/pickle/maskrcnn/480p/cut1_6420.pickle
59
COCO mAP: 0.5315449833869934
/home/wxz/Documents/pickle/maskrcnn/480p/cut5_7169.pickle
60
COCO mAP: 0.9088482856750488
/home/wxz/Documents/pickle/maskrcnn/480p/cut6_1601.pickle
61
COCO mAP: 0.8797348737716675
/home/wxz/Documents/pickle/maskrcnn/480p/cut8_2205.pickle
62
COCO mAP: 0.8034550547599792
/home/wxz/Documents/pickle/maskrcnn/480p/cut4_1441.pickle
63
COCO mAP: 0.8043490648269653
/home/wxz/Documents/pickle/maskrcnn/480p/cut6_2753.pickle
64
COCO mAP: 0.8015251159667969
/home/wxz/Documents/pickle/maskrcnn/480p/cut2_7039.pickle
65
COCO mAP: 0.8233262300491333
/home/wxz/Documents/pickle/maskrcnn/480p/cut7_1351.pickle
66
COCO mAP: 0.8939135670661926
/home/wxz/Documents/pickle/maskrcnn/480p/cut8_3703.pickle
67
COCO mAP: 0.9178739786148071
/home/wxz/Documents/pickle/maskrcnn/480p/cut9_5841.pickle
68
COCO mAP: 0.782011866569519
/home/wxz/Documents/pickle/maskrcnn/480p/cut9_817.pickle
69
COCO mAP: 0.716780960559845
/home/wxz/Documents/pickle/maskrcnn/480p/cut2_1381.pickle
70
COCO mAP: 0.34840577840805054
/home/wxz/Documents/pickle/maskrcnn/480p/cut6_433.pickle
71
COCO mAP: 0.7309690117835999
/home/wxz/Documents/pickle/maskrcnn/480p/cut4_7456.pickle
72
COCO mAP: 0.6500335931777954
/home/wxz/Documents/pickle/maskrcnn/480p/cut2_7913.pickle
73
COCO mAP: 0.8707858920097351
/home/wxz/Documents/pickle/maskrcnn/480p/cut5_3345.pickle
74
COCO mAP: 0.7878904938697815
/home/wxz/Documents/pickle/maskrcnn/480p/cut2_1910.pickle
75
COCO mAP: 0.8070396184921265
/home/wxz/Documents/pickle/maskrcnn/480p/cut1_4227.pickle
76
COCO mAP: 0.826259970664978
/home/wxz/Documents/pickle/maskrcnn/480p/cut5_4305.pickle
77
COCO mAP: 0.24229344725608826
/home/wxz/Documents/pickle/maskrcnn/480p/cut8_5228.pickle
78
COCO mAP: 0.7481248378753662
/home/wxz/Documents/pickle/maskrcnn/480p/cut3_913.pickle
79
COCO mAP: 0.7529899477958679
/home/wxz/Documents/pickle/maskrcnn/480p/cut1_5283.pickle
80
COCO mAP: 0.6488671898841858
/home/wxz/Documents/pickle/maskrcnn/480p/cut4_2501.pickle
81
COCO mAP: 0.8154509663581848
/home/wxz/Documents/pickle/maskrcnn/480p/cut5_6737.pickle
82
COCO mAP: 0.5297687649726868
/home/wxz/Documents/pickle/maskrcnn/480p/cut5_753.pickle
83
COCO mAP: 0.5476683974266052
/home/wxz/Documents/pickle/maskrcnn/480p/cut7_145.pickle
84
COCO mAP: 0.8010174632072449
/home/wxz/Documents/pickle/maskrcnn/480p/cut6_8677.pickle
85
COCO mAP: 0.8324893712997437
/home/wxz/Documents/pickle/maskrcnn/480p/cut6_6648.pickle
86
COCO mAP: 0.7220591902732849
/home/wxz/Documents/pickle/maskrcnn/480p/cut2_1243.pickle
87
COCO mAP: 0.6089423298835754
/home/wxz/Documents/pickle/maskrcnn/480p/cut4_8428.pickle
88
COCO mAP: 0.5987766981124878
/home/wxz/Documents/pickle/maskrcnn/480p/cut8_2611.pickle
89
COCO mAP: 0.8948712348937988
/home/wxz/Documents/pickle/maskrcnn/480p/cut1_7989.pickle
90
COCO mAP: 0.8756563067436218
/home/wxz/Documents/pickle/maskrcnn/480p/cut8_6600.pickle
91
COCO mAP: 0.9156147241592407
/home/wxz/Documents/pickle/maskrcnn/480p/cut2_1542.pickle
92
COCO mAP: 0.68284010887146
/home/wxz/Documents/pickle/maskrcnn/480p/cut1_8224.pickle
93
COCO mAP: 0.7841752171516418
/home/wxz/Documents/pickle/maskrcnn/480p/cut2_8419.pickle
94
COCO mAP: 0.40648141503334045
/home/wxz/Documents/pickle/maskrcnn/480p/cut6_7260.pickle
95
COCO mAP: 0.7512744665145874
/home/wxz/Documents/pickle/maskrcnn/480p/cut4_4421.pickle
96
COCO mAP: 0.4321882128715515
/home/wxz/Documents/pickle/maskrcnn/480p/cut1_4843.pickle
97
COCO mAP: 0.8056308031082153
/home/wxz/Documents/pickle/maskrcnn/480p/cut1_6508.pickle
98
COCO mAP: 0.4149285852909088
/home/wxz/Documents/pickle/maskrcnn/480p/cut2_2278.pickle
99
COCO mAP: 0.16043312847614288
/home/wxz/Documents/pickle/maskrcnn/480p/cut6_7005.pickle
100
COCO mAP: 0.7770973443984985
/home/wxz/Documents/pickle/maskrcnn/480p/cut5_8257.pickle
101
COCO mAP: 0.6780524253845215
/home/wxz/Documents/pickle/maskrcnn/480p/cut3_1905.pickle
102
COCO mAP: 0.7707545757293701
/home/wxz/Documents/pickle/maskrcnn/480p/cut5_4113.pickle
103
COCO mAP: 0.8359881639480591
/home/wxz/Documents/pickle/maskrcnn/480p/cut8_3311.pickle
104
COCO mAP: 0.7411022186279297
/home/wxz/Documents/pickle/maskrcnn/480p/cut7_4005.pickle
105
COCO mAP: 0.8266240954399109
/home/wxz/Documents/pickle/maskrcnn/480p/cut5_1905.pickle
106
COCO mAP: 0.7512316107749939
/home/wxz/Documents/pickle/maskrcnn/480p/cut5_6353.pickle
107
COCO mAP: 0.6522230505943298
/home/wxz/Documents/pickle/maskrcnn/480p/cut3_8609.pickle
108
COCO mAP: 0.6826822757720947
/home/wxz/Documents/pickle/maskrcnn/480p/cut6_2289.pickle
109
COCO mAP: 0.8345988392829895
/home/wxz/Documents/pickle/maskrcnn/480p/cut2_4532.pickle
110
COCO mAP: 0.8373600244522095
/home/wxz/Documents/pickle/maskrcnn/480p/cut2_3313.pickle
111
COCO mAP: 0.5861189365386963
/home/wxz/Documents/pickle/maskrcnn/480p/cut2_4210.pickle
112
COCO mAP: 0.8670660257339478
/home/wxz/Documents/pickle/maskrcnn/480p/cut4_981.pickle
113
COCO mAP: 0.5477922558784485
/home/wxz/Documents/pickle/maskrcnn/480p/cut8_2527.pickle
114
COCO mAP: 0.6397881507873535
/home/wxz/Documents/pickle/maskrcnn/480p/cut5_1185.pickle
115
COCO mAP: 0.7615700960159302
/home/wxz/Documents/pickle/maskrcnn/480p/cut8_6432.pickle
116
COCO mAP: 0.837240993976593
/home/wxz/Documents/pickle/maskrcnn/480p/cut6_3857.pickle
117
COCO mAP: 0.7835960984230042
/home/wxz/Documents/pickle/maskrcnn/480p/cut7_8525.pickle
118
COCO mAP: 0.8240896463394165
/home/wxz/Documents/pickle/maskrcnn/480p/cut6_1073.pickle
119
COCO mAP: 0.7191742658615112
/home/wxz/Documents/pickle/maskrcnn/480p/cut8_3409.pickle
120
COCO mAP: 0.8649624586105347
/home/wxz/Documents/pickle/maskrcnn/480p/cut2_714.pickle
121
COCO mAP: 0.770417332649231
/home/wxz/Documents/pickle/maskrcnn/480p/cut5_7457.pickle
122
COCO mAP: 0.9502063989639282
/home/wxz/Documents/pickle/maskrcnn/480p/cut1_3262.pickle
123
COCO mAP: 0.5945762395858765
/home/wxz/Documents/pickle/maskrcnn/480p/cut4_4301.pickle
124
COCO mAP: 0.6631990671157837
/home/wxz/Documents/pickle/maskrcnn/480p/cut4_3121.pickle
125
COCO mAP: 0.7816557884216309
/home/wxz/Documents/pickle/maskrcnn/480p/cut7_3905.pickle
126
COCO mAP: 0.6424033641815186
/home/wxz/Documents/pickle/maskrcnn/480p/cut6_4513.pickle
127
COCO mAP: 0.7332528829574585
/home/wxz/Documents/pickle/maskrcnn/480p/cut2_4693.pickle
128
COCO mAP: 0.7834056615829468
/home/wxz/Documents/pickle/maskrcnn/480p/cut9_3137.pickle
129
COCO mAP: 0.7244371175765991
/home/wxz/Documents/pickle/maskrcnn/480p/cut4_5201.pickle
130
COCO mAP: 0.7584002614021301
/home/wxz/Documents/pickle/maskrcnn/480p/cut8_8714.pickle
131
COCO mAP: 0.7199260592460632
/home/wxz/Documents/pickle/maskrcnn/480p/cut4_5701.pickle
132
COCO mAP: 0.8050239682197571
/home/wxz/Documents/pickle/maskrcnn/480p/cut6_3521.pickle
133
COCO mAP: 0.6838164925575256
/home/wxz/Documents/pickle/maskrcnn/480p/cut2_3221.pickle
134
COCO mAP: 0.8166950345039368
/home/wxz/Documents/pickle/maskrcnn/480p/cut1_604.pickle
135
COCO mAP: 0.5495210886001587
/home/wxz/Documents/pickle/maskrcnn/480p/cut6_4305.pickle
136
COCO mAP: 0.565479576587677
/home/wxz/Documents/pickle/maskrcnn/480p/cut9_4305.pickle
137
COCO mAP: 0.7503014802932739
/home/wxz/Documents/pickle/maskrcnn/480p/cut3_4545.pickle
138
COCO mAP: 0.6659446954727173
/home/wxz/Documents/pickle/maskrcnn/480p/cut8_800.pickle
139
COCO mAP: 0.8155472874641418
/home/wxz/Documents/pickle/maskrcnn/480p/cut5_1809.pickle
140
COCO mAP: 0.6207262277603149
/home/wxz/Documents/pickle/maskrcnn/480p/cut7_1963.pickle
141
COCO mAP: 0.7881902456283569
/home/wxz/Documents/pickle/maskrcnn/480p/cut7_7345.pickle
142
COCO mAP: 0.8750187158584595
/home/wxz/Documents/pickle/maskrcnn/480p/cut3_1217.pickle
143
COCO mAP: 0.8044902086257935
/home/wxz/Documents/pickle/maskrcnn/480p/cut3_6769.pickle
144
COCO mAP: 0.8946956396102905
/home/wxz/Documents/pickle/maskrcnn/480p/cut1_2110.pickle
145
COCO mAP: 0.47529369592666626
/home/wxz/Documents/pickle/maskrcnn/480p/cut1_112.pickle
146
COCO mAP: 0.1491231620311737
/home/wxz/Documents/pickle/maskrcnn/480p/cut2_5337.pickle
147
COCO mAP: 0.5536468029022217
/home/wxz/Documents/pickle/maskrcnn/480p/cut1_430.pickle
148
COCO mAP: 0.3517487049102783
/home/wxz/Documents/pickle/maskrcnn/480p/cut2_1496.pickle
149
COCO mAP: 0.7832112312316895
/home/wxz/Documents/pickle/maskrcnn/480p/cut4_1201.pickle
150
COCO mAP: 0.5972844362258911
/home/wxz/Documents/pickle/maskrcnn/480p/cut6_4145.pickle
151
COCO mAP: 0.8261669278144836
/home/wxz/Documents/pickle/maskrcnn/480p/cut2_8005.pickle
152
COCO mAP: 0.883820652961731
/home/wxz/Documents/pickle/maskrcnn/480p/cut9_4113.pickle
153
COCO mAP: 0.6070293188095093
/home/wxz/Documents/pickle/maskrcnn/480p/cut2_3842.pickle
154
COCO mAP: 0.7320057153701782
/home/wxz/Documents/pickle/maskrcnn/480p/cut8_1000.pickle
155
COCO mAP: 0.658550500869751
/home/wxz/Documents/pickle/maskrcnn/480p/cut6_1297.pickle
156
COCO mAP: 0.8671795725822449
/home/wxz/Documents/pickle/maskrcnn/480p/cut4_6646.pickle
157
COCO mAP: 0.8698031306266785
/home/wxz/Documents/pickle/maskrcnn/480p/cut7_6825.pickle
158
COCO mAP: 0.8942834734916687
/home/wxz/Documents/pickle/maskrcnn/480p/cut5_7873.pickle
159
COCO mAP: 0.7173448204994202
/home/wxz/Documents/pickle/maskrcnn/480p/cut6_7309.pickle
160
COCO mAP: 0.659131646156311
/home/wxz/Documents/pickle/maskrcnn/480p/cut3_3953.pickle
161
COCO mAP: 0.7679656744003296
/home/wxz/Documents/pickle/maskrcnn/480p/cut7_5745.pickle
162
COCO mAP: 0.7465173006057739
/home/wxz/Documents/pickle/maskrcnn/480p/cut7_2705.pickle
163
COCO mAP: 0.6552920341491699
/home/wxz/Documents/pickle/maskrcnn/480p/cut2_5245.pickle
164
COCO mAP: 0.5040947794914246
/home/wxz/Documents/pickle/maskrcnn/480p/cut9_4401.pickle
165
COCO mAP: 0.6109364628791809
/home/wxz/Documents/pickle/maskrcnn/480p/cut6_4049.pickle
166
COCO mAP: 0.8242236971855164
/home/wxz/Documents/pickle/maskrcnn/480p/cut3_2113.pickle
167
COCO mAP: 0.8854673504829407
/home/wxz/Documents/pickle/maskrcnn/480p/cut5_3009.pickle
168
COCO mAP: 0.6630519032478333
/home/wxz/Documents/pickle/maskrcnn/480p/cut1_517.pickle
169
COCO mAP: 0.700997531414032
/home/wxz/Documents/pickle/maskrcnn/480p/cut5_6449.pickle
170
COCO mAP: 0.21599557995796204
/home/wxz/Documents/pickle/maskrcnn/480p/cut3_1521.pickle
171
COCO mAP: 0.8496147394180298
/home/wxz/Documents/pickle/maskrcnn/480p/cut5_2001.pickle
172
COCO mAP: 0.8302778005599976
/home/wxz/Documents/pickle/maskrcnn/480p/cut4_641.pickle
173
COCO mAP: 0.860175609588623
/home/wxz/Documents/pickle/maskrcnn/480p/cut2_5475.pickle
174
COCO mAP: 0.7123392224311829
/home/wxz/Documents/pickle/maskrcnn/480p/cut7_241.pickle
175
COCO mAP: 0.6786172986030579
/home/wxz/Documents/pickle/maskrcnn/480p/cut3_6385.pickle
176
COCO mAP: 0.7870426177978516
/home/wxz/Documents/pickle/maskrcnn/480p/cut1_5019.pickle
177
COCO mAP: 0.7147614359855652
/home/wxz/Documents/pickle/maskrcnn/480p/cut1_1934.pickle
178
COCO mAP: 0.5499758124351501
/home/wxz/Documents/pickle/maskrcnn/480p/cut6_2513.pickle
179
COCO mAP: 0.7851927876472473
/home/wxz/Documents/pickle/maskrcnn/480p/cut7_5105.pickle
180
COCO mAP: 0.7264301180839539
/home/wxz/Documents/pickle/maskrcnn/480p/cut7_8005.pickle
181
COCO mAP: 0.7272562980651855
/home/wxz/Documents/pickle/maskrcnn/480p/cut8_6236.pickle
182
COCO mAP: 0.7440090775489807
/home/wxz/Documents/pickle/maskrcnn/480p/cut8_113.pickle
183
COCO mAP: 0.648201048374176
/home/wxz/Documents/pickle/maskrcnn/480p/cut9_5953.pickle
184
COCO mAP: 0.8338196873664856
/home/wxz/Documents/pickle/maskrcnn/480p/cut9_2705.pickle
185
COCO mAP: 0.6560980081558228
/home/wxz/Documents/pickle/maskrcnn/480p/cut9_3521.pickle
186
COCO mAP: 0.24660411477088928
/home/wxz/Documents/pickle/maskrcnn/480p/cut7_5345.pickle
187
COCO mAP: 0.7828561663627625
/home/wxz/Documents/pickle/maskrcnn/480p/cut8_4207.pickle
188
COCO mAP: 0.8842188715934753
/home/wxz/Documents/pickle/maskrcnn/480p/cut7_5865.pickle
189
COCO mAP: 0.7516682744026184
/home/wxz/Documents/pickle/maskrcnn/480p/cut2_4003.pickle
190
COCO mAP: 0.8419766426086426
/home/wxz/Documents/pickle/maskrcnn/480p/cut1_1758.pickle
191
COCO mAP: 0.23138615489006042
/home/wxz/Documents/pickle/maskrcnn/480p/cut7_561.pickle
192
COCO mAP: 0.8569981455802917
/home/wxz/Documents/pickle/maskrcnn/480p/cut3_1121.pickle
193
COCO mAP: 0.8629313707351685
/home/wxz/Documents/pickle/maskrcnn/480p/cut8_6838.pickle
194
COCO mAP: 0.8782342672348022
/home/wxz/Documents/pickle/maskrcnn/480p/cut3_8321.pickle
195
COCO mAP: 0.7350590825080872
/home/wxz/Documents/pickle/maskrcnn/480p/cut7_3125.pickle
196
COCO mAP: 0.9016639590263367
/home/wxz/Documents/pickle/maskrcnn/480p/cut3_4641.pickle
197
COCO mAP: 0.8525943756103516
/home/wxz/Documents/pickle/maskrcnn/480p/cut8_1435.pickle
198
COCO mAP: 0.7773119807243347
/home/wxz/Documents/pickle/maskrcnn/480p/cut1_1671.pickle
199
COCO mAP: 0.17621836066246033
/home/wxz/Documents/pickle/maskrcnn/480p/cut6_5713.pickle
200
COCO mAP: 0.8619633913040161
/home/wxz/Documents/pickle/maskrcnn/480p/cut4_4041.pickle
201
COCO mAP: 0.494983971118927
/home/wxz/Documents/pickle/maskrcnn/480p/cut4_5801.pickle
202
COCO mAP: 0.7893052101135254
/home/wxz/Documents/pickle/maskrcnn/480p/cut3_6289.pickle
203
COCO mAP: 0.7652583122253418
/home/wxz/Documents/pickle/maskrcnn/480p/cut9_1.pickle
204
COCO mAP: 0.0250525064766407
/home/wxz/Documents/pickle/maskrcnn/480p/cut3_2833.pickle
205
COCO mAP: 0.8238118290901184
/home/wxz/Documents/pickle/maskrcnn/480p/cut5_2305.pickle
206
COCO mAP: 0.1788356453180313
/home/wxz/Documents/pickle/maskrcnn/480p/cut9_2417.pickle
207
COCO mAP: 0.5688357353210449
/home/wxz/Documents/pickle/maskrcnn/480p/cut2_4463.pickle
208
COCO mAP: 0.6938012838363647
/home/wxz/Documents/pickle/maskrcnn/480p/cut5_8161.pickle
209
COCO mAP: 0.8328498601913452
/home/wxz/Documents/pickle/maskrcnn/480p/cut1_3611.pickle
210
COCO mAP: 0.7813007831573486
/home/wxz/Documents/pickle/maskrcnn/480p/cut4_4601.pickle
211
COCO mAP: 0.6779499053955078
/home/wxz/Documents/pickle/maskrcnn/480p/cut4_8536.pickle
212
COCO mAP: 0.8885096311569214
/home/wxz/Documents/pickle/maskrcnn/480p/cut6_337.pickle
213
COCO mAP: 0.7793908715248108
/home/wxz/Documents/pickle/maskrcnn/480p/cut6_7543.pickle
214
COCO mAP: 0.7694733142852783
/home/wxz/Documents/pickle/maskrcnn/480p/cut2_1818.pickle
215
COCO mAP: 0.8444612622261047
/home/wxz/Documents/pickle/maskrcnn/480p/cut4_5021.pickle
216
COCO mAP: 0.8374840021133423
/home/wxz/Documents/pickle/maskrcnn/480p/cut4_7564.pickle
217
COCO mAP: 0.6069322228431702
/home/wxz/Documents/pickle/maskrcnn/480p/cut4_5461.pickle
218
COCO mAP: 0.5282034277915955
/home/wxz/Documents/pickle/maskrcnn/480p/cut8_7930.pickle
219
COCO mAP: 0.7779752016067505
/home/wxz/Documents/pickle/maskrcnn/480p/cut5_7361.pickle
220
COCO mAP: 0.7312216758728027
/home/wxz/Documents/pickle/maskrcnn/480p/cut6_1809.pickle
221
COCO mAP: 0.7757429480552673
/home/wxz/Documents/pickle/maskrcnn/480p/cut5_337.pickle
222
COCO mAP: 0.849206805229187
/home/wxz/Documents/pickle/maskrcnn/480p/cut7_3785.pickle
223
COCO mAP: 0.8003857731819153
/home/wxz/Documents/pickle/maskrcnn/480p/cut2_231.pickle
224
COCO mAP: 0.8100470304489136
/home/wxz/Documents/pickle/maskrcnn/480p/cut9_5265.pickle
225
COCO mAP: 0.8018441200256348
/home/wxz/Documents/pickle/maskrcnn/480p/cut7_6065.pickle
226
COCO mAP: 0.7643932104110718
/home/wxz/Documents/pickle/maskrcnn/480p/cut3_6673.pickle
227
COCO mAP: 0.35514456033706665
/home/wxz/Documents/pickle/maskrcnn/480p/cut7_1585.pickle
228
COCO mAP: 0.8537513613700867
/home/wxz/Documents/pickle/maskrcnn/480p/cut1_4051.pickle
229
COCO mAP: 0.81416255235672
/home/wxz/Documents/pickle/maskrcnn/480p/cut4_1081.pickle
230
COCO mAP: 0.8205469846725464
/home/wxz/Documents/pickle/maskrcnn/480p/cut2_5682.pickle
231
COCO mAP: 0.7709158658981323
/home/wxz/Documents/pickle/maskrcnn/480p/cut7_5225.pickle
232
COCO mAP: 0.8497438430786133
/home/wxz/Documents/pickle/maskrcnn/480p/cut7_6405.pickle
233
COCO mAP: 0.724497377872467
/home/wxz/Documents/pickle/maskrcnn/480p/cut8_7230.pickle
234
COCO mAP: 0.8755418658256531
/home/wxz/Documents/pickle/maskrcnn/480p/cut6_3953.pickle
235
COCO mAP: 0.825309157371521
/home/wxz/Documents/pickle/maskrcnn/480p/cut6_1393.pickle
236
COCO mAP: 0.8393477201461792
/home/wxz/Documents/pickle/maskrcnn/480p/cut1_1053.pickle
237
COCO mAP: 0.16737878322601318
/home/wxz/Documents/pickle/maskrcnn/480p/cut1_1228.pickle
238
COCO mAP: 0.6660031080245972
/home/wxz/Documents/pickle/maskrcnn/480p/cut4_8644.pickle
239
COCO mAP: 0.7410259246826172
/home/wxz/Documents/pickle/maskrcnn/480p/cut6_3713.pickle
240
COCO mAP: 0.6302228569984436
/home/wxz/Documents/pickle/maskrcnn/480p/cut1_4315.pickle
241
COCO mAP: 0.8343076705932617
/home/wxz/Documents/pickle/maskrcnn/480p/cut2_7177.pickle
242
COCO mAP: 0.922207236289978
/home/wxz/Documents/pickle/maskrcnn/480p/cut6_2849.pickle
243
COCO mAP: 0.8268522024154663
/home/wxz/Documents/pickle/maskrcnn/480p/cut6_6036.pickle
244
COCO mAP: 0.8690673112869263
/home/wxz/Documents/pickle/maskrcnn/480p/cut7_385.pickle
245
COCO mAP: 0.6992365121841431
/home/wxz/Documents/pickle/maskrcnn/480p/cut1_4501.pickle
246
COCO mAP: 0.7550711035728455
/home/wxz/Documents/pickle/maskrcnn/480p/cut3_5505.pickle
247
COCO mAP: 0.8368846774101257
/home/wxz/Documents/pickle/maskrcnn/480p/cut3_8993.pickle
248
COCO mAP: 0.4793175756931305
/home/wxz/Documents/pickle/maskrcnn/480p/cut3_8225.pickle
249
COCO mAP: 0.8231626749038696
/home/wxz/Documents/pickle/maskrcnn/480p/cut1_7754.pickle
250
COCO mAP: 0.7566621899604797
/home/wxz/Documents/pickle/maskrcnn/480p/cut3_3073.pickle
251
COCO mAP: 0.8083102107048035
/home/wxz/Documents/pickle/maskrcnn/480p/cut1_1404.pickle
252
COCO mAP: 0.5798050761222839
/home/wxz/Documents/pickle/maskrcnn/480p/cut7_6505.pickle
253
COCO mAP: 0.5220605134963989
/home/wxz/Documents/pickle/maskrcnn/480p/cut4_6021.pickle
254
COCO mAP: 0.4901846945285797
/home/wxz/Documents/pickle/maskrcnn/480p/cut4_821.pickle
255
COCO mAP: 0.8442363739013672
/home/wxz/Documents/pickle/maskrcnn/480p/cut9_5361.pickle
256
COCO mAP: 0.8220759630203247
/home/wxz/Documents/pickle/maskrcnn/480p/cut1_7139.pickle
257
COCO mAP: 0.12215516716241837
/home/wxz/Documents/pickle/maskrcnn/480p/cut8_3829.pickle
258
COCO mAP: 0.37004518508911133
/home/wxz/Documents/pickle/maskrcnn/480p/cut1_8114.pickle
259
COCO mAP: 0.571252703666687
/home/wxz/Documents/pickle/maskrcnn/480p/cut3_6961.pickle
260
COCO mAP: 0.8387638926506042
/home/wxz/Documents/pickle/maskrcnn/480p/cut5_4209.pickle
261
COCO mAP: 0.715068519115448
/home/wxz/Documents/pickle/maskrcnn/480p/cut1_7004.pickle
262
COCO mAP: 0.7623084783554077
/home/wxz/Documents/pickle/maskrcnn/480p/cut5_5809.pickle
263
COCO mAP: 0.7598215341567993
/home/wxz/Documents/pickle/maskrcnn/480p/cut1_7524.pickle
264
COCO mAP: 0.8063090443611145
/home/wxz/Documents/pickle/maskrcnn/480p/cut8_3507.pickle
265
COCO mAP: 0.42046719789505005
/home/wxz/Documents/pickle/maskrcnn/480p/cut8_6922.pickle
266
COCO mAP: 0.7808111906051636
/home/wxz/Documents/pickle/maskrcnn/480p/cut1_4758.pickle
267
COCO mAP: 0.7702220678329468
/home/wxz/Documents/pickle/maskrcnn/480p/cut7_2965.pickle
268
COCO mAP: 0.7818178534507751
/home/wxz/Documents/pickle/maskrcnn/480p/cut1_6332.pickle
269
COCO mAP: 0.7714882493019104
/home/wxz/Documents/pickle/maskrcnn/480p/cut3_337.pickle
270
COCO mAP: 0.7786999344825745
/home/wxz/Documents/pickle/maskrcnn/480p/cut8_4123.pickle
271
COCO mAP: 0.6987227201461792
/home/wxz/Documents/pickle/maskrcnn/480p/cut7_3845.pickle
272
COCO mAP: 0.7347640991210938
/home/wxz/Documents/pickle/maskrcnn/480p/cut3_7201.pickle
273
COCO mAP: 0.536831259727478
/home/wxz/Documents/pickle/maskrcnn/480p/cut9_3425.pickle
274
COCO mAP: 0.542559027671814
/home/wxz/Documents/pickle/maskrcnn/480p/cut5_8449.pickle
275
COCO mAP: 0.7600144147872925
/home/wxz/Documents/pickle/maskrcnn/480p/cut2_2094.pickle
276
COCO mAP: 0.8150080442428589
/home/wxz/Documents/pickle/maskrcnn/480p/cut4_1321.pickle
277
COCO mAP: 0.913857638835907
/home/wxz/Documents/pickle/maskrcnn/480p/cut8_5704.pickle
278
COCO mAP: 0.8631223440170288
/home/wxz/Documents/pickle/maskrcnn/480p/cut9_2609.pickle
279
COCO mAP: 0.5797675251960754
/home/wxz/Documents/pickle/maskrcnn/480p/cut4_6754.pickle
280
COCO mAP: 0.8115165829658508
/home/wxz/Documents/pickle/maskrcnn/480p/cut3_2929.pickle
281
COCO mAP: 0.793559193611145
/home/wxz/Documents/pickle/maskrcnn/480p/cut2_4141.pickle
282
COCO mAP: 0.8220402002334595
/home/wxz/Documents/pickle/maskrcnn/480p/cut6_3233.pickle
283
COCO mAP: 0.8622394800186157
/home/wxz/Documents/pickle/maskrcnn/480p/cut3_6481.pickle
284
COCO mAP: 0.7721394896507263
/home/wxz/Documents/pickle/maskrcnn/480p/cut7_2525.pickle
285
COCO mAP: 0.765902042388916
/home/wxz/Documents/pickle/maskrcnn/480p/cut8_1337.pickle
286
COCO mAP: 0.8099125623703003
/home/wxz/Documents/pickle/maskrcnn/480p/cut7_1693.pickle
287
COCO mAP: 0.8631008267402649
/home/wxz/Documents/pickle/maskrcnn/480p/cut5_561.pickle
288
COCO mAP: 0.532255232334137
/home/wxz/Documents/pickle/maskrcnn/480p/cut1_7314.pickle
289
COCO mAP: 0.2806747257709503
/home/wxz/Documents/pickle/maskrcnn/480p/cut4_6916.pickle
290
COCO mAP: 0.6573019623756409
/home/wxz/Documents/pickle/maskrcnn/480p/cut6_2145.pickle
291
COCO mAP: 0.722287118434906
/home/wxz/Documents/pickle/maskrcnn/480p/cut5_193.pickle
292
COCO mAP: 0.5714977383613586
/home/wxz/Documents/pickle/maskrcnn/480p/cut6_8569.pickle
293
COCO mAP: 0.7903786897659302
/home/wxz/Documents/pickle/maskrcnn/480p/cut5_5505.pickle
294
COCO mAP: 0.8401820063591003
/home/wxz/Documents/pickle/maskrcnn/480p/cut1_7254.pickle
295
COCO mAP: 0.5100038647651672
/home/wxz/Documents/pickle/maskrcnn/480p/cut2_2554.pickle
296
COCO mAP: 0.8232773542404175
/home/wxz/Documents/pickle/maskrcnn/480p/cut8_4039.pickle
297
COCO mAP: 0.6925159096717834
/home/wxz/Documents/pickle/maskrcnn/480p/cut9_3921.pickle
298
COCO mAP: 0.5525609850883484
/home/wxz/Documents/pickle/maskrcnn/480p/cut7_4505.pickle
299
COCO mAP: 0.8060175776481628
/home/wxz/Documents/pickle/maskrcnn/480p/cut4_8992.pickle
300
COCO mAP: 0.3354569673538208
/home/wxz/Documents/pickle/maskrcnn/480p/cut6_4721.pickle
301
COCO mAP: 0.8157147169113159
/home/wxz/Documents/pickle/maskrcnn/480p/cut7_6945.pickle
302
COCO mAP: 0.9206181764602661
/home/wxz/Documents/pickle/maskrcnn/480p/cut2_3405.pickle
303
COCO mAP: 0.7538987398147583
/home/wxz/Documents/pickle/maskrcnn/480p/cut2_8672.pickle
304
COCO mAP: 0.8852725028991699
/home/wxz/Documents/pickle/maskrcnn/480p/cut1_3876.pickle
305
COCO mAP: 0.4635918140411377
/home/wxz/Documents/pickle/maskrcnn/480p/cut9_529.pickle
306
COCO mAP: 0.5302566289901733
/home/wxz/Documents/pickle/maskrcnn/480p/cut9_2945.pickle
307
COCO mAP: 0.5296885371208191
/home/wxz/Documents/pickle/maskrcnn/480p/cut4_3561.pickle
308
COCO mAP: 0.8546268343925476
/home/wxz/Documents/pickle/maskrcnn/480p/cut4_6574.pickle
309
COCO mAP: 0.708782970905304
/home/wxz/Documents/pickle/maskrcnn/480p/cut9_2129.pickle
310
COCO mAP: 0.48222702741622925
/home/wxz/Documents/pickle/maskrcnn/480p/cut9_2513.pickle
311
COCO mAP: 0.25648975372314453
/home/wxz/Documents/pickle/maskrcnn/480p/cut3_3441.pickle
312
COCO mAP: 0.7737421989440918
/home/wxz/Documents/pickle/maskrcnn/480p/cut3_7409.pickle
313
COCO mAP: 0.8541841506958008
/home/wxz/Documents/pickle/maskrcnn/480p/cut7_1201.pickle
314
COCO mAP: 0.833328366279602
/home/wxz/Documents/pickle/maskrcnn/480p/cut2_1772.pickle
315
COCO mAP: 0.8214479684829712
/home/wxz/Documents/pickle/maskrcnn/480p/cut1_966.pickle
316
COCO mAP: 0.49785271286964417
/home/wxz/Documents/pickle/maskrcnn/480p/cut1_2732.pickle
317
COCO mAP: 0.05707685276865959
/home/wxz/Documents/pickle/maskrcnn/480p/cut7_8405.pickle
318
COCO mAP: 0.8374179601669312
/home/wxz/Documents/pickle/maskrcnn/480p/cut3_257.pickle
319
COCO mAP: 0.5590983033180237
/home/wxz/Documents/pickle/maskrcnn/480p/cut9_6241.pickle
320
COCO mAP: 0.6046494245529175
/home/wxz/Documents/pickle/maskrcnn/480p/cut1_3964.pickle
321
COCO mAP: 0.9019428491592407
/home/wxz/Documents/pickle/maskrcnn/480p/cut7_7885.pickle
322
COCO mAP: 0.900456428527832
/home/wxz/Documents/pickle/maskrcnn/480p/cut5_4785.pickle
323
COCO mAP: 0.31592580676078796
/home/wxz/Documents/pickle/maskrcnn/480p/cut4_1141.pickle
324
COCO mAP: 0.870570957660675
/home/wxz/Documents/pickle/maskrcnn/480p/cut6_4913.pickle
325
COCO mAP: 0.8043538928031921
/home/wxz/Documents/pickle/maskrcnn/480p/cut4_2441.pickle
326
COCO mAP: 0.8693450093269348
/home/wxz/Documents/pickle/maskrcnn/480p/cut1_2645.pickle
327
COCO mAP: 0.2589344382286072
/home/wxz/Documents/pickle/maskrcnn/480p/cut9_5025.pickle
328
COCO mAP: 0.4963203966617584
/home/wxz/Documents/pickle/maskrcnn/480p/cut7_7605.pickle
329
COCO mAP: 0.7407074570655823
/home/wxz/Documents/pickle/maskrcnn/480p/cut3_1329.pickle
330
COCO mAP: 0.7921384572982788
/home/wxz/Documents/pickle/maskrcnn/480p/cut3_1025.pickle
331
COCO mAP: 0.7790764570236206
/home/wxz/Documents/pickle/maskrcnn/480p/cut7_8325.pickle
332
COCO mAP: 0.8245068788528442
/home/wxz/Documents/pickle/maskrcnn/480p/cut5_8065.pickle
333
COCO mAP: 0.8064888119697571
/home/wxz/Documents/pickle/maskrcnn/480p/cut1_3002.pickle
334
COCO mAP: 0.3571782112121582
/home/wxz/Documents/pickle/maskrcnn/480p/cut7_2645.pickle
335
COCO mAP: 0.7845885157585144
/home/wxz/Documents/pickle/maskrcnn/480p/cut7_1265.pickle
336
COCO mAP: 0.9046004414558411
/home/wxz/Documents/pickle/maskrcnn/480p/cut8_702.pickle
337
COCO mAP: 0.8119518160820007
/home/wxz/Documents/pickle/maskrcnn/480p/cut8_7006.pickle
338
COCO mAP: 0.8586024045944214
/home/wxz/Documents/pickle/maskrcnn/480p/cut5_7633.pickle
339
COCO mAP: 0.6767973303794861
/home/wxz/Documents/pickle/maskrcnn/480p/cut4_8104.pickle
340
COCO mAP: 0.5999171733856201
/home/wxz/Documents/pickle/maskrcnn/480p/cut5_8737.pickle
341
COCO mAP: 0.7265039682388306
/home/wxz/Documents/pickle/maskrcnn/480p/cut3_1713.pickle
342
COCO mAP: 0.7162536382675171
/home/wxz/Documents/pickle/maskrcnn/480p/cut3_5713.pickle
343
COCO mAP: 0.7225123643875122
/home/wxz/Documents/pickle/maskrcnn/480p/cut4_5601.pickle
344
COCO mAP: 0.8371699452400208
/home/wxz/Documents/pickle/maskrcnn/480p/cut1_5889.pickle
345
COCO mAP: 0.8448144197463989
/home/wxz/Documents/pickle/maskrcnn/480p/cut9_913.pickle
346
COCO mAP: 0.641303539276123
/home/wxz/Documents/pickle/maskrcnn/480p/cut5_6833.pickle
347
COCO mAP: 0.7826637029647827
/home/wxz/Documents/pickle/maskrcnn/480p/cut6_721.pickle
348
COCO mAP: 0.9444494247436523
/home/wxz/Documents/pickle/maskrcnn/480p/cut3_7841.pickle
349
COCO mAP: 0.7075914740562439
/home/wxz/Documents/pickle/maskrcnn/480p/cut7_7065.pickle
350
COCO mAP: 0.7900956273078918
/home/wxz/Documents/pickle/maskrcnn/480p/cut3_7057.pickle
351
COCO mAP: 0.8460553288459778
/home/wxz/Documents/pickle/maskrcnn/480p/cut4_7780.pickle
352
COCO mAP: 0.6135408878326416
/home/wxz/Documents/pickle/maskrcnn/480p/cut4_2621.pickle
353
COCO mAP: 0.8162619471549988
/home/wxz/Documents/pickle/maskrcnn/480p/cut5_7537.pickle
354
COCO mAP: 0.7143056988716125
/home/wxz/Documents/pickle/maskrcnn/480p/cut5_8641.pickle
355
COCO mAP: 0.7273744344711304
/home/wxz/Documents/pickle/maskrcnn/480p/cut8_3955.pickle
356
COCO mAP: 0.9295616149902344
/home/wxz/Documents/pickle/maskrcnn/480p/cut2_1634.pickle
357
COCO mAP: 0.6447568535804749
/home/wxz/Documents/pickle/maskrcnn/480p/cut5_1425.pickle
358
COCO mAP: 0.7577756643295288
/home/wxz/Documents/pickle/maskrcnn/480p/cut1_8939.pickle
359
COCO mAP: 0.8471983671188354
/home/wxz/Documents/pickle/maskrcnn/480p/cut2_2922.pickle
360
COCO mAP: 0.8921754956245422
/home/wxz/Documents/pickle/maskrcnn/480p/cut8_7328.pickle
361
COCO mAP: 0.49766451120376587
/home/wxz/Documents/pickle/maskrcnn/480p/cut8_2821.pickle
362
COCO mAP: 0.9226802587509155
/home/wxz/Documents/pickle/maskrcnn/480p/cut8_5312.pickle
363
COCO mAP: 0.8924571871757507
/home/wxz/Documents/pickle/maskrcnn/480p/cut1_1140.pickle
364
COCO mAP: 0.726645827293396
/home/wxz/Documents/pickle/maskrcnn/480p/cut4_2721.pickle
365
COCO mAP: 0.8723193407058716
/home/wxz/Documents/pickle/maskrcnn/480p/cut7_481.pickle
366
COCO mAP: 0.908983588218689
/home/wxz/Documents/pickle/maskrcnn/480p/cut7_8105.pickle
367
COCO mAP: 0.8395360708236694
/home/wxz/Documents/pickle/maskrcnn/480p/cut8_6726.pickle
368
COCO mAP: 0.8329519033432007
/home/wxz/Documents/pickle/maskrcnn/480p/cut5_289.pickle
369
COCO mAP: 0.7011545300483704
/home/wxz/Documents/pickle/maskrcnn/480p/cut9_1601.pickle
370
COCO mAP: 0.41568708419799805
/home/wxz/Documents/pickle/maskrcnn/480p/cut9_1409.pickle
371
COCO mAP: 0.8290694952011108
/home/wxz/Documents/pickle/maskrcnn/480p/cut9_1201.pickle
372
COCO mAP: 0.5285778045654297
/home/wxz/Documents/pickle/maskrcnn/480p/cut5_6257.pickle
373
COCO mAP: 0.8529324531555176
/home/wxz/Documents/pickle/maskrcnn/480p/cut9_625.pickle
374
COCO mAP: 0.7233054637908936
/home/wxz/Documents/pickle/maskrcnn/480p/cut8_8462.pickle
375
COCO mAP: 0.6188448071479797
/home/wxz/Documents/pickle/maskrcnn/480p/cut8_8014.pickle
376
COCO mAP: 0.726370632648468
/home/wxz/Documents/pickle/maskrcnn/480p/cut3_5409.pickle
377
COCO mAP: 0.8049407005310059
/home/wxz/Documents/pickle/maskrcnn/480p/cut2_507.pickle
378
COCO mAP: 0.6123591065406799
/home/wxz/Documents/pickle/maskrcnn/480p/cut2_2485.pickle
379
COCO mAP: 0.7663395404815674
/home/wxz/Documents/pickle/maskrcnn/480p/cut6_5313.pickle
380
COCO mAP: 0.7781945466995239
/home/wxz/Documents/pickle/maskrcnn/480p/cut3_3313.pickle
381
COCO mAP: 0.8896116018295288
/home/wxz/Documents/pickle/maskrcnn/480p/cut5_6545.pickle
382
COCO mAP: 0.8897905349731445
/home/wxz/Documents/pickle/maskrcnn/480p/cut3_5025.pickle
383
COCO mAP: 0.6831682920455933
/home/wxz/Documents/pickle/maskrcnn/480p/cut8_1113.pickle
384
COCO mAP: 0.7187799215316772
/home/wxz/Documents/pickle/maskrcnn/480p/cut3_8033.pickle
385
COCO mAP: 0.9279979467391968
/home/wxz/Documents/pickle/maskrcnn/480p/cut4_2841.pickle
386
COCO mAP: 0.8197999000549316
/home/wxz/Documents/pickle/maskrcnn/480p/cut3_5217.pickle
387
COCO mAP: 0.40417808294296265
/home/wxz/Documents/pickle/maskrcnn/480p/cut2_2715.pickle
388
COCO mAP: 0.7178773880004883
/home/wxz/Documents/pickle/maskrcnn/480p/cut6_7453.pickle
389
COCO mAP: 0.8211089968681335
/home/wxz/Documents/pickle/maskrcnn/480p/cut6_817.pickle
390
COCO mAP: 0.6625288724899292
/home/wxz/Documents/pickle/maskrcnn/480p/cut3_2737.pickle
391
COCO mAP: 0.6954115033149719
/home/wxz/Documents/pickle/maskrcnn/480p/cut7_2885.pickle
392
COCO mAP: 0.2356567680835724
/home/wxz/Documents/pickle/maskrcnn/480p/cut5_3441.pickle
393
COCO mAP: 0.7581168413162231
/home/wxz/Documents/pickle/maskrcnn/480p/cut1_7644.pickle
394
COCO mAP: 0.653632640838623
/home/wxz/Documents/pickle/maskrcnn/480p/cut3_5809.pickle
395
COCO mAP: 0.6895970106124878
/home/wxz/Documents/pickle/maskrcnn/480p/cut8_7804.pickle
396
COCO mAP: 0.8622742891311646
/home/wxz/Documents/pickle/maskrcnn/480p/cut3_5601.pickle
397
COCO mAP: 0.7999336123466492
/home/wxz/Documents/pickle/maskrcnn/480p/cut5_7073.pickle
398
COCO mAP: 0.4642862379550934
/home/wxz/Documents/pickle/maskrcnn/480p/cut9_6305.pickle
399
COCO mAP: 0.784384548664093
/home/wxz/Documents/pickle/maskrcnn/480p/cut3_8129.pickle
400
COCO mAP: 0.846755862236023
/home/wxz/Documents/pickle/maskrcnn/480p/cut5_4545.pickle
401
COCO mAP: 0.5775571465492249
/home/wxz/Documents/pickle/maskrcnn/480p/cut7_3425.pickle
402
COCO mAP: 0.8906298875808716
/home/wxz/Documents/pickle/maskrcnn/480p/cut3_8513.pickle
403
COCO mAP: 0.7317463755607605
/home/wxz/Documents/pickle/maskrcnn/480p/cut8_506.pickle
404
COCO mAP: 0.5784461498260498
/home/wxz/Documents/pickle/maskrcnn/480p/cut2_5912.pickle
405
COCO mAP: 0.799606442451477
/home/wxz/Documents/pickle/maskrcnn/480p/cut5_2545.pickle
406
COCO mAP: 0.5873596668243408
/home/wxz/Documents/pickle/maskrcnn/480p/cut3_4209.pickle
407
COCO mAP: 0.8334968686103821
/home/wxz/Documents/pickle/maskrcnn/480p/cut6_8029.pickle
408
COCO mAP: 0.8590458035469055
/home/wxz/Documents/pickle/maskrcnn/480p/cut8_7510.pickle
409
COCO mAP: 0.5872207880020142
/home/wxz/Documents/pickle/maskrcnn/480p/cut3_2001.pickle
410
COCO mAP: 0.7236948609352112
/home/wxz/Documents/pickle/maskrcnn/480p/cut3_7937.pickle
411
COCO mAP: 0.9117946624755859
/home/wxz/Documents/pickle/maskrcnn/480p/cut3_705.pickle
412
COCO mAP: 0.7841020822525024
/home/wxz/Documents/pickle/maskrcnn/480p/cut4_2241.pickle
413
COCO mAP: 0.7706214785575867
/home/wxz/Documents/pickle/maskrcnn/480p/cut2_7522.pickle
414
COCO mAP: 0.9366386532783508
/home/wxz/Documents/pickle/maskrcnn/480p/cut2_8879.pickle
415
COCO mAP: 0.88524329662323
/home/wxz/Documents/pickle/maskrcnn/480p/cut9_4017.pickle
416
COCO mAP: 0.664328932762146
/home/wxz/Documents/pickle/maskrcnn/480p/cut3_3857.pickle
417
COCO mAP: 0.7681705951690674
/home/wxz/Documents/pickle/maskrcnn/480p/cut5_4641.pickle
418
COCO mAP: 0.5525692701339722
/home/wxz/Documents/pickle/maskrcnn/480p/cut4_7024.pickle
419
COCO mAP: 0.6236120462417603
/home/wxz/Documents/pickle/maskrcnn/480p/cut5_5713.pickle
420
COCO mAP: 0.465507447719574
/home/wxz/Documents/pickle/maskrcnn/480p/cut5_1377.pickle
421
COCO mAP: 0.8241994976997375
/home/wxz/Documents/pickle/maskrcnn/480p/cut7_3545.pickle
422
COCO mAP: 0.8246790170669556
/home/wxz/Documents/pickle/maskrcnn/480p/cut5_3105.pickle
423
COCO mAP: 0.8584616780281067
/home/wxz/Documents/pickle/maskrcnn/480p/cut1_4671.pickle
424
COCO mAP: 0.8566094636917114
/home/wxz/Documents/pickle/maskrcnn/480p/cut4_6293.pickle
425
COCO mAP: 0.8617796897888184
/home/wxz/Documents/pickle/maskrcnn/480p/cut9_2033.pickle
426
COCO mAP: 0.6999159455299377
/home/wxz/Documents/pickle/maskrcnn/480p/cut9_4913.pickle
427
COCO mAP: 0.9276453256607056
/home/wxz/Documents/pickle/maskrcnn/480p/cut5_1713.pickle
428
COCO mAP: 0.7975292205810547
/home/wxz/Documents/pickle/maskrcnn/480p/cut8_8602.pickle
429
COCO mAP: 0.5917194485664368
/home/wxz/Documents/pickle/maskrcnn/480p/cut1_2908.pickle
430
COCO mAP: 0.5080339312553406
/home/wxz/Documents/pickle/maskrcnn/480p/cut8_4431.pickle
431
COCO mAP: 0.5386663675308228
/home/wxz/Documents/pickle/maskrcnn/480p/cut3_1633.pickle
432
COCO mAP: 0.7445112466812134
/home/wxz/Documents/pickle/maskrcnn/480p/cut5_3633.pickle
433
COCO mAP: 0.5244849920272827
/home/wxz/Documents/pickle/maskrcnn/480p/cut3_609.pickle
434
COCO mAP: 0.7375574111938477
/home/wxz/Documents/pickle/maskrcnn/480p/cut3_417.pickle
435
COCO mAP: 0.7149475812911987
/home/wxz/Documents/pickle/maskrcnn/480p/cut2_3704.pickle
436
COCO mAP: 0.8385576009750366
/home/wxz/Documents/pickle/maskrcnn/480p/cut4_461.pickle
437
COCO mAP: 0.6814442873001099
/home/wxz/Documents/pickle/maskrcnn/480p/cut2_7361.pickle
438
COCO mAP: 0.8949609994888306
/home/wxz/Documents/pickle/maskrcnn/480p/cut8_1827.pickle
439
COCO mAP: 0.8209435343742371
/home/wxz/Documents/pickle/maskrcnn/480p/cut2_8603.pickle
440
COCO mAP: 0.7838708758354187
/home/wxz/Documents/pickle/maskrcnn/480p/cut8_2331.pickle
441
COCO mAP: 0.8261938095092773
/home/wxz/Documents/pickle/maskrcnn/480p/cut7_2145.pickle
442
COCO mAP: 0.643007755279541
/home/wxz/Documents/pickle/maskrcnn/480p/cut9_6145.pickle
443
COCO mAP: 0.6526276469230652
/home/wxz/Documents/pickle/maskrcnn/480p/cut2_3106.pickle
444
COCO mAP: 0.8991792798042297
/home/wxz/Documents/pickle/maskrcnn/480p/cut3_6001.pickle
445
COCO mAP: 0.34234389662742615
/home/wxz/Documents/pickle/maskrcnn/480p/cut3_1809.pickle
446
COCO mAP: 0.7797979116439819
/home/wxz/Documents/pickle/maskrcnn/480p/cut1_8319.pickle
447
COCO mAP: 0.8971646428108215
/home/wxz/Documents/pickle/maskrcnn/480p/cut6_193.pickle
448
COCO mAP: 0.7818167209625244
/home/wxz/Documents/pickle/maskrcnn/480p/cut1_1846.pickle
449
COCO mAP: 0.11301690340042114
/home/wxz/Documents/pickle/maskrcnn/480p/cut6_8785.pickle
450
COCO mAP: 0.8078253865242004
/home/wxz/Documents/pickle/maskrcnn/480p/cut9_5409.pickle
451
COCO mAP: 0.8216619491577148
/home/wxz/Documents/pickle/maskrcnn/480p/cut5_657.pickle
452
COCO mAP: 0.8000995516777039
/home/wxz/Documents/pickle/maskrcnn/480p/cut6_8353.pickle
453
COCO mAP: 0.7788863778114319
/home/wxz/Documents/pickle/maskrcnn/480p/cut8_8924.pickle
454
COCO mAP: 0.14177274703979492
/home/wxz/Documents/pickle/maskrcnn/480p/cut6_5934.pickle
455
COCO mAP: 0.7483077049255371
/home/wxz/Documents/pickle/maskrcnn/480p/cut3_8417.pickle
456
COCO mAP: 0.7993744015693665
/home/wxz/Documents/pickle/maskrcnn/480p/cut4_8068.pickle
457
COCO mAP: 0.5940219163894653
/home/wxz/Documents/pickle/maskrcnn/480p/cut9_1105.pickle
458
COCO mAP: 0.74541175365448
/home/wxz/Documents/pickle/maskrcnn/480p/cut7_8825.pickle
459
COCO mAP: 0.7860943078994751
/home/wxz/Documents/pickle/maskrcnn/480p/cut2_3612.pickle
460
COCO mAP: 0.6619892120361328
/home/wxz/Documents/pickle/maskrcnn/480p/cut6_3041.pickle
461
COCO mAP: 0.8899053335189819
/home/wxz/Documents/pickle/maskrcnn/480p/cut7_4425.pickle
462
COCO mAP: 0.8324076533317566
/home/wxz/Documents/pickle/maskrcnn/480p/cut7_6705.pickle
463
COCO mAP: 0.10745199024677277
/home/wxz/Documents/pickle/maskrcnn/480p/cut9_209.pickle
464
COCO mAP: 0.7540764808654785
/home/wxz/Documents/pickle/maskrcnn/480p/cut4_261.pickle
465
COCO mAP: 0.6159569025039673
/home/wxz/Documents/pickle/maskrcnn/480p/cut4_3401.pickle
466
COCO mAP: 0.7322784662246704
/home/wxz/Documents/pickle/maskrcnn/480p/cut3_3217.pickle
467
COCO mAP: 0.7921337485313416
/home/wxz/Documents/pickle/maskrcnn/480p/cut9_4641.pickle
468
COCO mAP: 0.6690319180488586
/home/wxz/Documents/pickle/maskrcnn/480p/cut7_6365.pickle
469
COCO mAP: 0.921357274055481
/home/wxz/Documents/pickle/maskrcnn/480p/cut4_3241.pickle
470
COCO mAP: 0.8377245664596558
/home/wxz/Documents/pickle/maskrcnn/480p/cut8_8546.pickle
471
COCO mAP: 0.6161870360374451
/home/wxz/Documents/pickle/maskrcnn/480p/cut8_8840.pickle
472
COCO mAP: 0.624785304069519
/home/wxz/Documents/pickle/maskrcnn/480p/cut3_7505.pickle
473
COCO mAP: 0.8838388323783875
/home/wxz/Documents/pickle/maskrcnn/480p/cut5_7969.pickle
474
COCO mAP: 0.7512971758842468
/home/wxz/Documents/pickle/maskrcnn/480p/cut4_7258.pickle
475
COCO mAP: 0.6929596662521362
/home/wxz/Documents/pickle/maskrcnn/480p/cut4_1801.pickle
476
COCO mAP: 0.5914775133132935
/home/wxz/Documents/pickle/maskrcnn/480p/cut7_4845.pickle
477
COCO mAP: 0.7865574359893799
/home/wxz/Documents/pickle/maskrcnn/480p/cut6_8137.pickle
478
COCO mAP: 0.7408487796783447
/home/wxz/Documents/pickle/maskrcnn/480p/cut4_761.pickle
479
COCO mAP: 0.8020000457763672
/home/wxz/Documents/pickle/maskrcnn/480p/cut2_8925.pickle
480
COCO mAP: 0.7430052161216736
/home/wxz/Documents/pickle/maskrcnn/480p/cut4_5281.pickle
481
COCO mAP: 0.7902671694755554
/home/wxz/Documents/pickle/maskrcnn/480p/cut1_5700.pickle
482
COCO mAP: 0.8454301953315735
/home/wxz/Documents/pickle/maskrcnn/480p/cut7_641.pickle
483
COCO mAP: 0.71796715259552
/home/wxz/Documents/pickle/maskrcnn/480p/cut2_5751.pickle
484
COCO mAP: 0.129501610994339
/home/wxz/Documents/pickle/maskrcnn/480p/cut9_113.pickle
485
COCO mAP: 0.839944064617157
/home/wxz/Documents/pickle/maskrcnn/480p/cut4_7348.pickle
486
COCO mAP: 0.619025468826294
/home/wxz/Documents/pickle/maskrcnn/480p/cut1_3438.pickle
487
COCO mAP: 0.09569669514894485
/home/wxz/Documents/pickle/maskrcnn/480p/cut7_4305.pickle
488
COCO mAP: 0.8970468640327454
/home/wxz/Documents/pickle/maskrcnn/480p/cut5_897.pickle
489
COCO mAP: 0.7274463176727295
/home/wxz/Documents/pickle/maskrcnn/480p/cut3_3601.pickle
490
COCO mAP: 0.8158540725708008
/home/wxz/Documents/pickle/maskrcnn/480p/cut5_8881.pickle
491
COCO mAP: 0.8157431483268738
/home/wxz/Documents/pickle/maskrcnn/480p/cut5_3729.pickle
492
COCO mAP: 0.6450033783912659
/home/wxz/Documents/pickle/maskrcnn/480p/cut4_6412.pickle
493
COCO mAP: 0.910857081413269
/home/wxz/Documents/pickle/maskrcnn/480p/cut5_3809.pickle
494
COCO mAP: 0.6588500142097473
/home/wxz/Documents/pickle/maskrcnn/480p/cut4_7672.pickle
495
COCO mAP: 0.6109495162963867
/home/wxz/Documents/pickle/maskrcnn/480p/cut1_2820.pickle
496
COCO mAP: 0.026237625628709793
/home/wxz/Documents/pickle/maskrcnn/480p/cut4_521.pickle
497
COCO mAP: 0.7632363438606262
/home/wxz/Documents/pickle/maskrcnn/480p/cut9_1937.pickle
498
COCO mAP: 0.5473518967628479
/home/wxz/Documents/pickle/maskrcnn/480p/cut6_5611.pickle
499
COCO mAP: 0.7599786520004272
/home/wxz/Documents/pickle/maskrcnn/480p/cut4_2001.pickle
500
COCO mAP: 0.18527895212173462
/home/wxz/Documents/pickle/maskrcnn/480p/cut1_5373.pickle
501
COCO mAP: 0.8269182443618774
/home/wxz/Documents/pickle/maskrcnn/480p/cut8_912.pickle
502
COCO mAP: 0.6104962825775146
/home/wxz/Documents/pickle/maskrcnn/480p/cut6_6750.pickle
503
COCO mAP: 0.8393764495849609
/home/wxz/Documents/pickle/maskrcnn/480p/cut4_5401.pickle
504
COCO mAP: 0.7783310413360596
/home/wxz/Documents/pickle/maskrcnn/480p/cut3_3505.pickle
505
COCO mAP: 0.867871880531311
/home/wxz/Documents/pickle/maskrcnn/480p/cut5_8353.pickle
506
COCO mAP: 0.6883615255355835
/home/wxz/Documents/pickle/maskrcnn/480p/cut6_8461.pickle
507
COCO mAP: 0.6680034399032593
/home/wxz/Documents/pickle/maskrcnn/480p/cut7_5945.pickle
508
COCO mAP: 0.8751987218856812
/home/wxz/Documents/pickle/maskrcnn/480p/cut3_2609.pickle
509
COCO mAP: 0.850777268409729
/home/wxz/Documents/pickle/maskrcnn/480p/cut6_7741.pickle
510
COCO mAP: 0.8318901062011719
/home/wxz/Documents/pickle/maskrcnn/480p/cut8_4613.pickle
511
COCO mAP: 0.8292751312255859
/home/wxz/Documents/pickle/maskrcnn/480p/cut2_852.pickle
512
COCO mAP: 0.8239858746528625
/home/wxz/Documents/pickle/maskrcnn/480p/cut5_4017.pickle
513
COCO mAP: 0.7963425517082214
/home/wxz/Documents/pickle/maskrcnn/480p/cut1_4931.pickle
514
COCO mAP: 0.932215690612793
/home/wxz/Documents/pickle/maskrcnn/480p/cut6_5201.pickle
515
COCO mAP: 0.4253993630409241
/home/wxz/Documents/pickle/maskrcnn/480p/cut8_3619.pickle
516
COCO mAP: 0.619926393032074
/home/wxz/Documents/pickle/maskrcnn/480p/cut2_6717.pickle
517
COCO mAP: 0.8990718126296997
/home/wxz/Documents/pickle/maskrcnn/480p/cut4_7996.pickle
518
COCO mAP: 0.5537592768669128
/home/wxz/Documents/pickle/maskrcnn/480p/cut8_1519.pickle
519
COCO mAP: 0.7993159294128418
/home/wxz/Documents/pickle/maskrcnn/480p/cut2_5061.pickle
520
COCO mAP: 0.8324750661849976
/home/wxz/Documents/pickle/maskrcnn/480p/cut5_7265.pickle
521
COCO mAP: 0.7965669631958008
/home/wxz/Documents/pickle/maskrcnn/480p/cut5_2401.pickle
522
COCO mAP: 0.618546724319458
/home/wxz/Documents/pickle/maskrcnn/480p/cut2_8741.pickle
523
COCO mAP: 0.1925511658191681
/home/wxz/Documents/pickle/maskrcnn/480p/cut6_2433.pickle
524
COCO mAP: 0.7013844847679138
/home/wxz/Documents/pickle/maskrcnn/480p/cut3_1.pickle
525
COCO mAP: 0.8316405415534973
/home/wxz/Documents/pickle/maskrcnn/480p/cut4_1761.pickle
526
COCO mAP: 0.371295690536499
/home/wxz/Documents/pickle/maskrcnn/480p/cut5_6929.pickle
527
COCO mAP: 0.9012809991836548
/home/wxz/Documents/pickle/maskrcnn/480p/cut2_7430.pickle
528
COCO mAP: 0.8994992971420288
/home/wxz/Documents/pickle/maskrcnn/480p/cut9_2801.pickle
529
COCO mAP: 0.8514455556869507
/home/wxz/Documents/pickle/maskrcnn/480p/cut6_6189.pickle
530
COCO mAP: 0.8322347402572632
/home/wxz/Documents/pickle/maskrcnn/480p/cut5_2817.pickle
531
COCO mAP: 0.7728394269943237
/home/wxz/Documents/pickle/maskrcnn/480p/cut2_7660.pickle
532
COCO mAP: 0.8792740106582642
/home/wxz/Documents/pickle/maskrcnn/480p/cut6_7975.pickle
533
COCO mAP: 0.7457178235054016
/home/wxz/Documents/pickle/maskrcnn/480p/cut3_6865.pickle
534
COCO mAP: 0.9123638868331909
/home/wxz/Documents/pickle/maskrcnn/480p/cut8_4515.pickle
535
COCO mAP: 0.848673939704895
/home/wxz/Documents/pickle/maskrcnn/480p/cut3_3393.pickle
536
COCO mAP: 0.8201373219490051
/home/wxz/Documents/pickle/maskrcnn/480p/cut1_879.pickle
537
COCO mAP: 0.7455384731292725
/home/wxz/Documents/pickle/maskrcnn/480p/cut9_3329.pickle
538
COCO mAP: 0.44971394538879395
/home/wxz/Documents/pickle/maskrcnn/480p/cut2_8143.pickle
539
COCO mAP: 0.561612606048584
/home/wxz/Documents/pickle/maskrcnn/480p/cut4_5817.pickle
540
COCO mAP: 0.8202903866767883
/home/wxz/Documents/pickle/maskrcnn/480p/cut9_5505.pickle
541
COCO mAP: 0.8385709524154663
/home/wxz/Documents/pickle/maskrcnn/480p/cut2_4762.pickle
542
COCO mAP: 0.670727014541626
/home/wxz/Documents/pickle/maskrcnn/480p/cut4_3621.pickle
543
COCO mAP: 0.6953479051589966
/home/wxz/Documents/pickle/maskrcnn/480p/cut6_1489.pickle
544
COCO mAP: 0.8323953747749329
/home/wxz/Documents/pickle/maskrcnn/480p/cut1_3174.pickle
545
COCO mAP: 0.1514851599931717
/home/wxz/Documents/pickle/maskrcnn/480p/cut6_5832.pickle
546
COCO mAP: 0.7716229557991028
/home/wxz/Documents/pickle/maskrcnn/480p/cut6_5105.pickle
547
COCO mAP: 0.7606611847877502
/home/wxz/Documents/pickle/maskrcnn/480p/cut4_161.pickle
548
COCO mAP: 0.833141028881073
/home/wxz/Documents/pickle/maskrcnn/480p/cut3_4305.pickle
549
COCO mAP: 0.5372899770736694
/home/wxz/Documents/pickle/maskrcnn/480p/cut1_3526.pickle
550
COCO mAP: 0.39514395594596863
/home/wxz/Documents/pickle/maskrcnn/480p/cut2_7292.pickle
551
COCO mAP: 0.9093180894851685
/home/wxz/Documents/pickle/maskrcnn/480p/cut7_4725.pickle
552
COCO mAP: 0.6274044513702393
/home/wxz/Documents/pickle/maskrcnn/480p/cut3_3793.pickle
553
COCO mAP: 0.911272406578064
/home/wxz/Documents/pickle/maskrcnn/480p/cut5_3537.pickle
554
COCO mAP: 0.6274572610855103
/home/wxz/Documents/pickle/maskrcnn/480p/cut5_2913.pickle
555
COCO mAP: 0.9134964942932129
/home/wxz/Documents/pickle/maskrcnn/480p/cut7_7945.pickle
556
COCO mAP: 0.8426989316940308
/home/wxz/Documents/pickle/maskrcnn/480p/cut8_7412.pickle
557
COCO mAP: 0.5185937881469727
/home/wxz/Documents/pickle/maskrcnn/480p/cut3_6193.pickle
558
COCO mAP: 0.8290683031082153
/home/wxz/Documents/pickle/maskrcnn/480p/cut4_3001.pickle
559
COCO mAP: 0.7400346994400024
/home/wxz/Documents/pickle/maskrcnn/480p/cut4_5901.pickle
560
COCO mAP: 0.6384033560752869
/home/wxz/Documents/pickle/maskrcnn/480p/cut2_1036.pickle
561
COCO mAP: 0.5934446454048157
/home/wxz/Documents/pickle/maskrcnn/480p/cut8_1715.pickle
562
COCO mAP: 0.9363182187080383
/home/wxz/Documents/pickle/maskrcnn/480p/cut5_8992.pickle
563
COCO mAP: 0.8033218383789062
/home/wxz/Documents/pickle/maskrcnn/480p/cut6_3617.pickle
564
COCO mAP: 0.7050760984420776
/home/wxz/Documents/pickle/maskrcnn/480p/cut5_6641.pickle
565
COCO mAP: 0.8482311964035034
/home/wxz/Documents/pickle/maskrcnn/480p/cut6_6240.pickle
566
COCO mAP: 0.8051617741584778
/home/wxz/Documents/pickle/maskrcnn/480p/cut8_4906.pickle
567
COCO mAP: 0.7141919732093811
/home/wxz/Documents/pickle/maskrcnn/480p/cut6_8947.pickle
568
COCO mAP: 0.5279809832572937
/home/wxz/Documents/pickle/maskrcnn/480p/cut7_1.pickle
569
COCO mAP: 0.8617347478866577
/home/wxz/Documents/pickle/maskrcnn/480p/cut1_2471.pickle
570
COCO mAP: 0.5160642862319946
/home/wxz/Documents/pickle/maskrcnn/480p/cut6_2001.pickle
571
COCO mAP: 0.6558743715286255
/home/wxz/Documents/pickle/maskrcnn/480p/cut6_1201.pickle
572
COCO mAP: 0.8931840062141418
/home/wxz/Documents/pickle/maskrcnn/480p/cut6_6903.pickle
573
COCO mAP: 0.6192167401313782
/home/wxz/Documents/pickle/maskrcnn/480p/cut2_93.pickle
574
COCO mAP: 0.8028351068496704
/home/wxz/Documents/pickle/maskrcnn/480p/cut5_8545.pickle
575
COCO mAP: 0.7200473546981812
/home/wxz/Documents/pickle/maskrcnn/480p/cut7_1105.pickle
576
COCO mAP: 0.8481510281562805
/home/wxz/Documents/pickle/maskrcnn/480p/cut7_1855.pickle
577
COCO mAP: 0.7922609448432922
/home/wxz/Documents/pickle/maskrcnn/480p/cut5_8785.pickle
578
COCO mAP: 0.8861221075057983
/home/wxz/Documents/pickle/maskrcnn/480p/cut2_6510.pickle
579
COCO mAP: 0.8665550947189331
/home/wxz/Documents/pickle/maskrcnn/480p/cut8_1645.pickle
580
COCO mAP: 0.8425925970077515
/home/wxz/Documents/pickle/maskrcnn/480p/cut4_5321.pickle
581
COCO mAP: 0.7694535255432129
/home/wxz/Documents/pickle/maskrcnn/480p/cut2_6418.pickle
582
COCO mAP: 0.9287645220756531
/home/wxz/Documents/pickle/maskrcnn/480p/cut9_1009.pickle
583
COCO mAP: 0.20595690608024597
/home/wxz/Documents/pickle/maskrcnn/480p/cut7_6645.pickle
584
COCO mAP: 0.8913347125053406
/home/wxz/Documents/pickle/maskrcnn/480p/cut4_1681.pickle
585
COCO mAP: 0.8768106698989868
/home/wxz/Documents/pickle/maskrcnn/480p/cut9_401.pickle
586
COCO mAP: 0.55657958984375
/home/wxz/Documents/pickle/maskrcnn/480p/cut3_2209.pickle
587
COCO mAP: 0.8379653692245483
/home/wxz/Documents/pickle/maskrcnn/480p/cut8_4809.pickle
588
COCO mAP: 0.7541850805282593
/home/wxz/Documents/pickle/maskrcnn/480p/cut6_4641.pickle
589
COCO mAP: 0.3688342273235321
/home/wxz/Documents/pickle/maskrcnn/480p/cut7_833.pickle
590
COCO mAP: 0.6140132546424866
/home/wxz/Documents/pickle/maskrcnn/480p/cut5_6113.pickle
591
COCO mAP: 0.7369259595870972
/home/wxz/Documents/pickle/maskrcnn/480p/cut6_7867.pickle
592
COCO mAP: 0.8118616938591003
/home/wxz/Documents/pickle/maskrcnn/480p/cut6_6444.pickle
593
COCO mAP: 0.8544899225234985
/home/wxz/Documents/pickle/maskrcnn/480p/cut1_4139.pickle
594
COCO mAP: 0.8057959675788879
/home/wxz/Documents/pickle/maskrcnn/480p/cut3_817.pickle
595
COCO mAP: 0.8372198939323425
/home/wxz/Documents/pickle/maskrcnn/480p/cut4_1.pickle
596
COCO mAP: 0.8949507474899292
/home/wxz/Documents/pickle/maskrcnn/480p/cut4_2121.pickle
597
COCO mAP: 0.7380727529525757
/home/wxz/Documents/pickle/maskrcnn/480p/cut2_8534.pickle
598
COCO mAP: 0.839102566242218
/home/wxz/Documents/pickle/maskrcnn/480p/cut4_4721.pickle
599
COCO mAP: 0.7238454818725586
/home/wxz/Documents/pickle/maskrcnn/480p/cut1_8759.pickle
600
COCO mAP: 0.88672935962677
/home/wxz/Documents/pickle/maskrcnn/480p/cut8_2737.pickle
601
COCO mAP: 0.7346628308296204
/home/wxz/Documents/pickle/maskrcnn/480p/cut8_3003.pickle
602
COCO mAP: 0.8713286519050598
/home/wxz/Documents/pickle/maskrcnn/480p/cut4_3341.pickle
603
COCO mAP: 0.8253242373466492
/home/wxz/Documents/pickle/maskrcnn/480p/cut4_8914.pickle
604
COCO mAP: 0.3997456431388855
/home/wxz/Documents/pickle/maskrcnn/480p/cut6_1537.pickle
605
COCO mAP: 0.3347403407096863
/home/wxz/Documents/pickle/maskrcnn/480p/cut3_4737.pickle
606
COCO mAP: 0.4865074157714844
/home/wxz/Documents/pickle/maskrcnn/480p/cut1_8509.pickle
607
COCO mAP: 0.8611330986022949
/home/wxz/Documents/pickle/maskrcnn/480p/cut5_4929.pickle
608
COCO mAP: 0.25128549337387085
/home/wxz/Documents/pickle/maskrcnn/480p/cut2_6602.pickle
609
COCO mAP: 0.8783305883407593
/home/wxz/Documents/pickle/maskrcnn/480p/cut7_7465.pickle
610
COCO mAP: 0.7622366547584534
/home/wxz/Documents/pickle/maskrcnn/480p/cut3_2305.pickle
611
COCO mAP: 0.833732008934021
/home/wxz/Documents/pickle/maskrcnn/480p/cut6_4241.pickle
612
COCO mAP: 0.9050518870353699
/home/wxz/Documents/pickle/maskrcnn/480p/cut3_5313.pickle
613
COCO mAP: 0.7154726982116699
/home/wxz/Documents/pickle/maskrcnn/480p/cut7_3665.pickle
614
COCO mAP: 0.7890510559082031
/home/wxz/Documents/pickle/maskrcnn/480p/cut7_5445.pickle
615
COCO mAP: 0.8016741871833801
/home/wxz/Documents/pickle/maskrcnn/480p/cut1_5107.pickle
616
COCO mAP: 0.8092383146286011
/home/wxz/Documents/pickle/maskrcnn/480p/cut6_5009.pickle
617
COCO mAP: 0.8573129773139954
/home/wxz/Documents/pickle/maskrcnn/480p/cut3_4833.pickle
618
COCO mAP: 0.5965616703033447
/home/wxz/Documents/pickle/maskrcnn/480p/cut1_6068.pickle
619
COCO mAP: 0.8714855909347534
/home/wxz/Documents/pickle/maskrcnn/480p/cut8_7706.pickle
620
COCO mAP: 0.6469793915748596
/home/wxz/Documents/pickle/maskrcnn/480p/cut6_5409.pickle
621
COCO mAP: 0.45888853073120117
/home/wxz/Documents/pickle/maskrcnn/480p/cut4_6141.pickle
622
COCO mAP: 0.8309155702590942
/home/wxz/Documents/pickle/maskrcnn/480p/cut7_2017.pickle
623
COCO mAP: 0.7926247715950012
/home/wxz/Documents/pickle/maskrcnn/480p/cut9_5601.pickle
624
COCO mAP: 0.7972445487976074
/home/wxz/Documents/pickle/maskrcnn/480p/cut3_7649.pickle
625
COCO mAP: 0.7046991586685181
/home/wxz/Documents/pickle/maskrcnn/480p/cut4_361.pickle
626
COCO mAP: 0.7720520496368408
/home/wxz/Documents/pickle/maskrcnn/480p/cut4_5521.pickle
627
COCO mAP: 0.8264244794845581
/home/wxz/Documents/pickle/maskrcnn/480p/cut6_689.pickle
628
COCO mAP: 0.872780978679657
/home/wxz/Documents/pickle/maskrcnn/480p/cut4_4121.pickle
629
COCO mAP: 0.5115556716918945
/home/wxz/Documents/pickle/maskrcnn/480p/cut7_8225.pickle
630
COCO mAP: 0.8528670072555542
/home/wxz/Documents/pickle/maskrcnn/480p/cut4_4841.pickle
631
COCO mAP: 0.5916993618011475
/home/wxz/Documents/pickle/maskrcnn/480p/cut9_305.pickle
632
COCO mAP: 0.7723333239555359
/home/wxz/Documents/pickle/maskrcnn/480p/cut9_5713.pickle
633
COCO mAP: 0.7301045656204224
/home/wxz/Documents/pickle/maskrcnn/480p/cut4_3901.pickle
634
COCO mAP: 0.3109202980995178
/home/wxz/Documents/pickle/maskrcnn/480p/cut1_2558.pickle
635
COCO mAP: 0.3891831636428833
/home/wxz/Documents/pickle/maskrcnn/480p/cut8_5620.pickle
636
COCO mAP: 0.8175522685050964
/home/wxz/Documents/pickle/maskrcnn/480p/cut3_3169.pickle
637
COCO mAP: 0.8854259252548218
/home/wxz/Documents/pickle/maskrcnn/480p/cut4_6201.pickle
638
COCO mAP: 0.8274027109146118
/home/wxz/Documents/pickle/maskrcnn/480p/cut2_1312.pickle
639
COCO mAP: 0.20273423194885254
/home/wxz/Documents/pickle/maskrcnn/480p/cut6_1905.pickle
640
COCO mAP: 0.6871658563613892
/home/wxz/Documents/pickle/maskrcnn/480p/cut9_3729.pickle
641
COCO mAP: 0.7058823704719543
/home/wxz/Documents/pickle/maskrcnn/480p/cut2_6142.pickle
642
COCO mAP: 0.8322849273681641
/home/wxz/Documents/pickle/maskrcnn/480p/cut3_8705.pickle
643
COCO mAP: 0.693975567817688
/home/wxz/Documents/pickle/maskrcnn/480p/cut8_5032.pickle
644
COCO mAP: 0.5634742975234985
/home/wxz/Documents/pickle/maskrcnn/480p/cut8_2905.pickle
645
COCO mAP: 0.27538222074508667
/home/wxz/Documents/pickle/maskrcnn/480p/cut2_2002.pickle
646
COCO mAP: 0.5974143743515015
/home/wxz/Documents/pickle/maskrcnn/480p/cut8_209.pickle
647
COCO mAP: 0.6490240693092346
/home/wxz/Documents/pickle/maskrcnn/480p/cut2_8327.pickle
648
COCO mAP: 0.8682416081428528
/home/wxz/Documents/pickle/maskrcnn/480p/cut5_5617.pickle
649
COCO mAP: 0.5987274050712585
/home/wxz/Documents/pickle/maskrcnn/480p/cut7_3245.pickle
650
COCO mAP: 0.7794682383537292
/home/wxz/Documents/pickle/maskrcnn/480p/cut9_5169.pickle
651
COCO mAP: 0.601736307144165
/home/wxz/Documents/pickle/maskrcnn/480p/cut9_2321.pickle
652
COCO mAP: 0.7352861166000366
/home/wxz/Documents/pickle/maskrcnn/480p/cut7_5625.pickle
653
COCO mAP: 0.7545417547225952
/home/wxz/Documents/pickle/maskrcnn/480p/cut8_5410.pickle
654
COCO mAP: 0.8949101567268372
/home/wxz/Documents/pickle/maskrcnn/480p/cut8_2009.pickle
655
COCO mAP: 0.800134003162384
/home/wxz/Documents/pickle/maskrcnn/480p/cut8_604.pickle
656
COCO mAP: 0.8841182589530945
/home/wxz/Documents/pickle/maskrcnn/480p/cut7_737.pickle
657
COCO mAP: 0.876105785369873
/home/wxz/Documents/pickle/maskrcnn/480p/cut6_3425.pickle
658
COCO mAP: 0.8641611933708191
/home/wxz/Documents/pickle/maskrcnn/480p/cut7_7185.pickle
659
COCO mAP: 0.8159807324409485
/home/wxz/Documents/pickle/maskrcnn/480p/cut5_2209.pickle
660
COCO mAP: 0.8810898661613464
/home/wxz/Documents/pickle/maskrcnn/480p/cut4_4541.pickle
661
COCO mAP: 0.9174536466598511
/home/wxz/Documents/pickle/maskrcnn/480p/cut3_5121.pickle
662
COCO mAP: 0.7928974628448486
/home/wxz/Documents/pickle/maskrcnn/480p/cut1_4403.pickle
663
COCO mAP: 0.7922642827033997
/home/wxz/Documents/pickle/maskrcnn/480p/cut6_2945.pickle
664
COCO mAP: 0.8007976412773132
/home/wxz/Documents/pickle/maskrcnn/480p/cut1_6244.pickle
665
COCO mAP: 0.7366726994514465
/home/wxz/Documents/pickle/maskrcnn/480p/cut5_4401.pickle
666
COCO mAP: 0.7529226541519165
/home/wxz/Documents/pickle/maskrcnn/480p/cut8_3213.pickle
667
COCO mAP: 0.8001582026481628
/home/wxz/Documents/pickle/maskrcnn/480p/cut2_3520.pickle
668
COCO mAP: 0.792220950126648
/home/wxz/Documents/pickle/maskrcnn/480p/cut7_1747.pickle
669
COCO mAP: 0.7792719006538391
/home/wxz/Documents/pickle/maskrcnn/480p/cut6_1713.pickle
670
COCO mAP: 0.7427796125411987
/home/wxz/Documents/pickle/maskrcnn/480p/cut4_8752.pickle
671
COCO mAP: 0.8671404719352722
/home/wxz/Documents/pickle/maskrcnn/480p/cut3_3713.pickle
672
COCO mAP: 0.6750789284706116
/home/wxz/Documents/pickle/maskrcnn/480p/cut8_4305.pickle
673
COCO mAP: 0.4763096272945404
/home/wxz/Documents/pickle/maskrcnn/480p/cut5_5905.pickle
674
COCO mAP: 0.7584076523780823
/home/wxz/Documents/pickle/maskrcnn/480p/cut9_6049.pickle
675
COCO mAP: 0.8053609728813171
/home/wxz/Documents/pickle/maskrcnn/480p/cut6_6546.pickle
676
COCO mAP: 0.7468799948692322
/home/wxz/Documents/pickle/maskrcnn/480p/cut5_2625.pickle
677
COCO mAP: 0.7625572085380554
/home/wxz/Documents/pickle/maskrcnn/480p/cut6_6342.pickle
678
COCO mAP: 0.8177117109298706
/home/wxz/Documents/pickle/maskrcnn/480p/cut7_929.pickle
679
COCO mAP: 0.8397563099861145
/home/wxz/Documents/pickle/maskrcnn/480p/cut3_2513.pickle
680
COCO mAP: 0.15569958090782166
/home/wxz/Documents/pickle/maskrcnn/480p/cut5_1.pickle
681
COCO mAP: 0.34744441509246826
/home/wxz/Documents/pickle/maskrcnn/480p/cut9_1505.pickle
682
COCO mAP: 0.4168435037136078
/home/wxz/Documents/pickle/maskrcnn/480p/cut8_5928.pickle
683
COCO mAP: 0.6927458643913269
/home/wxz/Documents/pickle/maskrcnn/480p/cut9_4737.pickle
684
COCO mAP: 0.6320548057556152
/home/wxz/Documents/pickle/maskrcnn/480p/cut5_2721.pickle
685
COCO mAP: 0.8554800748825073
/home/wxz/Documents/pickle/maskrcnn/480p/cut6_2385.pickle
686
COCO mAP: 0.7923611402511597
/home/wxz/Documents/pickle/maskrcnn/480p/cut7_7285.pickle
687
COCO mAP: 0.7997069358825684
/home/wxz/Documents/pickle/maskrcnn/480p/cut8_1911.pickle
688
COCO mAP: 0.7660631537437439
/home/wxz/Documents/pickle/maskrcnn/480p/cut3_7153.pickle
689
COCO mAP: 0.8535646200180054
/home/wxz/Documents/pickle/maskrcnn/480p/cut4_5709.pickle
690
COCO mAP: 0.7162765264511108
/home/wxz/Documents/pickle/maskrcnn/480p/cut1_6909.pickle
691
COCO mAP: 0.19679942727088928
/home/wxz/Documents/pickle/maskrcnn/480p/cut8_6110.pickle
692
COCO mAP: 0.8407130241394043
/home/wxz/Documents/pickle/maskrcnn/480p/cut3_2401.pickle
693
COCO mAP: 0.8190959692001343
/home/wxz/Documents/pickle/maskrcnn/480p/cut7_6285.pickle
694
COCO mAP: 0.7525110244750977
/home/wxz/Documents/pickle/maskrcnn/480p/cut8_4725.pickle
695
COCO mAP: 0.7463527917861938
/home/wxz/Documents/pickle/maskrcnn/480p/cut9_721.pickle
696
COCO mAP: 0.6135324239730835
/home/wxz/Documents/pickle/maskrcnn/480p/cut1_704.pickle
697
COCO mAP: 0.5814750790596008
/home/wxz/Documents/pickle/maskrcnn/480p/cut9_3233.pickle
698
COCO mAP: 0.07326732575893402
/home/wxz/Documents/pickle/maskrcnn/480p/cut3_6097.pickle
699
COCO mAP: 0.785178542137146
/home/wxz/Documents/pickle/maskrcnn/480p/cut8_7608.pickle
700
COCO mAP: 0.6925126314163208
/home/wxz/Documents/pickle/maskrcnn/480p/cut8_8252.pickle
701
COCO mAP: 0.7243847846984863
/home/wxz/Documents/pickle/maskrcnn/480p/cut7_8705.pickle
702
COCO mAP: 0.8113226890563965
/home/wxz/Documents/pickle/maskrcnn/480p/cut5_5313.pickle
703
COCO mAP: 0.41997256875038147
/home/wxz/Documents/pickle/maskrcnn/480p/cut5_1089.pickle
704
COCO mAP: 0.9200240969657898
/home/wxz/Documents/pickle/maskrcnn/480p/cut8_5522.pickle
705
COCO mAP: 0.7275106310844421
/home/wxz/Documents/pickle/maskrcnn/480p/cut5_7729.pickle
706
COCO mAP: 0.8821037411689758
/home/wxz/Documents/pickle/maskrcnn/480p/cut3_8945.pickle
707
COCO mAP: 0.7544299364089966
/home/wxz/Documents/pickle/maskrcnn/480p/cut2_6901.pickle
708
COCO mAP: 0.8397377133369446
/home/wxz/Documents/pickle/maskrcnn/480p/cut5_1617.pickle
709
COCO mAP: 0.7169159650802612
/home/wxz/Documents/pickle/maskrcnn/480p/cut1_8864.pickle
710
COCO mAP: 0.8441717028617859
/home/wxz/Documents/pickle/maskrcnn/480p/cut3_2257.pickle
711
COCO mAP: 0.3768942356109619
/home/wxz/Documents/pickle/maskrcnn/480p/cut3_8801.pickle
712
COCO mAP: 0.8519372940063477
/home/wxz/Documents/pickle/maskrcnn/480p/cut5_2113.pickle
713
COCO mAP: 0.775901734828949
/home/wxz/Documents/pickle/maskrcnn/480p/cut9_4817.pickle
714
COCO mAP: 0.7645102143287659
/home/wxz/Documents/pickle/maskrcnn/480p/cut7_8645.pickle
715
COCO mAP: 0.8541942834854126
/home/wxz/Documents/pickle/maskrcnn/480p/cut1_2022.pickle
716
COCO mAP: 0.5899425745010376
/home/wxz/Documents/pickle/maskrcnn/480p/cut6_6801.pickle
717
COCO mAP: 0.7252464890480042
/home/wxz/Documents/pickle/maskrcnn/480p/cut4_6808.pickle
718
COCO mAP: 0.6999120116233826
/home/wxz/Documents/pickle/maskrcnn/480p/cut1_17.pickle
719
COCO mAP: 0.33534860610961914
/home/wxz/Documents/pickle/maskrcnn/480p/cut4_1901.pickle
720
COCO mAP: 0.45564350485801697
/home/wxz/Documents/pickle/maskrcnn/480p/cut7_3005.pickle
721
COCO mAP: 0.8652054071426392
/home/wxz/Documents/pickle/maskrcnn/480p/cut9_1745.pickle
722
COCO mAP: 0.7884413599967957
/home/wxz/Documents/pickle/maskrcnn/480p/cut7_4225.pickle
723
COCO mAP: 0.8657034039497375
/home/wxz/Documents/pickle/maskrcnn/480p/cut4_8320.pickle
724
COCO mAP: 0.6020371913909912
/home/wxz/Documents/pickle/maskrcnn/480p/cut4_3701.pickle
725
COCO mAP: 0.510651707649231
/home/wxz/Documents/pickle/maskrcnn/480p/cut2_7821.pickle
726
COCO mAP: 0.9190629124641418
/home/wxz/Documents/pickle/maskrcnn/480p/cut6_577.pickle
727
COCO mAP: 0.7618027925491333
/home/wxz/Documents/pickle/maskrcnn/480p/cut3_5905.pickle
728
COCO mAP: 0.8215967416763306
/home/wxz/Documents/pickle/maskrcnn/480p/cut3_1425.pickle
729
COCO mAP: 0.8331916928291321
/home/wxz/Documents/pickle/maskrcnn/480p/cut2_7706.pickle
730
COCO mAP: 0.8498269319534302
/home/wxz/Documents/pickle/maskrcnn/480p/cut8_346.pickle
731
COCO mAP: 0.6140490174293518
/home/wxz/Documents/pickle/maskrcnn/480p/cut6_8245.pickle
732
COCO mAP: 0.8543149828910828
/home/wxz/Documents/pickle/maskrcnn/480p/cut6_3137.pickle
733
COCO mAP: 0.8640422821044922
/home/wxz/Documents/pickle/maskrcnn/480p/cut1_2202.pickle
734
COCO mAP: 0.6680742502212524
/home/wxz/Documents/pickle/maskrcnn/480p/cut1_8419.pickle
735
COCO mAP: 0.5592635869979858
/home/wxz/Documents/pickle/maskrcnn/480p/cut8_5802.pickle
736
COCO mAP: 0.8696630597114563
/home/wxz/Documents/pickle/maskrcnn/480p/cut2_3911.pickle
737
COCO mAP: 0.8727706670761108
/home/wxz/Documents/pickle/maskrcnn/480p/cut8_6362.pickle
738
COCO mAP: 0.653338611125946
/home/wxz/Documents/pickle/maskrcnn/480p/cut2_6027.pickle
739
COCO mAP: 0.8275214433670044
/home/wxz/Documents/pickle/maskrcnn/480p/cut6_1105.pickle
740
COCO mAP: 0.5306780338287354
/home/wxz/Documents/pickle/maskrcnn/480p/cut8_496.pickle
741
COCO mAP: 0.603286623954773
/home/wxz/Documents/pickle/maskrcnn/480p/cut1_1503.pickle
742
COCO mAP: 0.4347359538078308
/home/wxz/Documents/pickle/maskrcnn/480p/cut1_3350.pickle
743
COCO mAP: 0.6166690587997437
/home/wxz/Documents/pickle/maskrcnn/480p/cut1_343.pickle
744
COCO mAP: 0.5647083520889282
/home/wxz/Documents/pickle/maskrcnn/480p/cut9_1841.pickle
745
COCO mAP: 0.6562831997871399
/home/wxz/Documents/pickle/maskrcnn/480p/cut2_3014.pickle
746
COCO mAP: 0.7438039779663086
/home/wxz/Documents/pickle/maskrcnn/480p/cut7_3365.pickle
747
COCO mAP: 0.8845812082290649
/home/wxz/Documents/pickle/maskrcnn/480p/cut2_6303.pickle
748
COCO mAP: 0.8596741557121277
/home/wxz/Documents/pickle/maskrcnn/480p/cut1_6821.pickle
749
COCO mAP: 0.10560376942157745
/home/wxz/Documents/pickle/maskrcnn/480p/cut2_4348.pickle
750
COCO mAP: 0.9036794900894165
/home/wxz/Documents/pickle/maskrcnn/480p/cut1_6604.pickle
751
COCO mAP: 0.1916447877883911
/home/wxz/Documents/pickle/maskrcnn/480p/cut1_6689.pickle
752
COCO mAP: 0.5522807836532593
/home/wxz/Documents/pickle/maskrcnn/480p/cut3_7745.pickle
753
COCO mAP: 0.26348334550857544
/home/wxz/Documents/pickle/maskrcnn/480p/cut5_5217.pickle
754
COCO mAP: 0.6908857822418213
/home/wxz/Documents/pickle/maskrcnn/480p/cut2_6809.pickle
755
COCO mAP: 0.7270792126655579
/home/wxz/Documents/pickle/maskrcnn/480p/cut1_2302.pickle
756
COCO mAP: 0.5053349137306213
/home/wxz/Documents/pickle/maskrcnn/480p/cut7_2405.pickle
757
COCO mAP: 0.8078705072402954
/home/wxz/Documents/pickle/maskrcnn/480p/cut5_401.pickle
758
COCO mAP: 0.7468076944351196
/home/wxz/Documents/pickle/maskrcnn/480p/cut8_3129.pickle
759
COCO mAP: 0.6698936223983765
/home/wxz/Documents/pickle/maskrcnn/480p/cut5_4881.pickle
760
COCO mAP: 0.27440035343170166
/home/wxz/Documents/pickle/maskrcnn/480p/cut3_4929.pickle
761
COCO mAP: 0.6996060609817505
/home/wxz/Documents/pickle/maskrcnn/480p/cut5_5025.pickle
762
COCO mAP: 0.8512176275253296
/home/wxz/Documents/pickle/maskrcnn/480p/cut6_961.pickle
763
COCO mAP: 0.8876824378967285
/home/wxz/Documents/pickle/maskrcnn/480p/cut8_5144.pickle
764
COCO mAP: 0.9070113301277161
/home/wxz/Documents/pickle/maskrcnn/480p/cut5_5409.pickle
765
COCO mAP: 0.7283945083618164
/home/wxz/Documents/pickle/maskrcnn/480p/cut1_5613.pickle
766
COCO mAP: 0.8238232731819153
/home/wxz/Documents/pickle/maskrcnn/480p/cut2_2370.pickle
767
COCO mAP: 0.5497545003890991
/home/wxz/Documents/pickle/maskrcnn/480p/cut7_4985.pickle
768
COCO mAP: 0.6848281025886536
/home/wxz/Documents/pickle/maskrcnn/480p/cut6_1.pickle
769
COCO mAP: 0.9075111150741577
/home/wxz/Documents/pickle/maskrcnn/480p/cut8_2107.pickle
770
COCO mAP: 0.8620219230651855
/home/wxz/Documents/pickle/maskrcnn/480p/cut8_2401.pickle
771
COCO mAP: 0.12533535063266754
/home/wxz/Documents/pickle/maskrcnn/480p/cut4_8212.pickle
772
COCO mAP: 0.6827090978622437
/home/wxz/Documents/pickle/maskrcnn/480p/cut8_6516.pickle
773
COCO mAP: 0.8368498682975769
/home/wxz/Documents/pickle/maskrcnn/480p/cut4_4901.pickle
774
COCO mAP: 0.7567247748374939
/home/wxz/Documents/pickle/maskrcnn/480p/cut1_1316.pickle
775
COCO mAP: 0.30021166801452637
/home/wxz/Documents/pickle/maskrcnn/480p/cut3_145.pickle
776
COCO mAP: 0.7072977423667908
/home/wxz/Documents/pickle/maskrcnn/480p/cut7_4605.pickle
777
COCO mAP: 0.7870651483535767
/home/wxz/Documents/pickle/maskrcnn/480p/cut8_8168.pickle
778
COCO mAP: 0.8314635157585144
/home/wxz/Documents/pickle/maskrcnn/480p/cut8_6012.pickle
779
COCO mAP: 0.8576143980026245
/home/wxz/Documents/pickle/maskrcnn/480p/cut1_5524.pickle
780
COCO mAP: 0.7588348984718323
/home/wxz/Documents/pickle/maskrcnn/480p/cut4_7888.pickle
781
COCO mAP: 0.5178315043449402
/home/wxz/Documents/pickle/maskrcnn/480p/cut2_2807.pickle
782
COCO mAP: 0.5771693587303162
/home/wxz/Documents/pickle/maskrcnn/480p/cut7_2365.pickle
783
COCO mAP: 0.8194838762283325
/home/wxz/Documents/pickle/maskrcnn/480p/cut1_7444.pickle
784
COCO mAP: 0.6143114566802979
/home/wxz/Documents/pickle/maskrcnn/480p/cut2_369.pickle
785
COCO mAP: 0.7578762769699097
/home/wxz/Documents/pickle/maskrcnn/480p/cut7_1405.pickle
786
COCO mAP: 0.8897095918655396
/home/wxz/Documents/pickle/maskrcnn/480p/cut7_7525.pickle
787
COCO mAP: 0.7440503835678101
/home/wxz/Documents/pickle/maskrcnn/480p/cut2_4923.pickle
788
COCO mAP: 0.6681114435195923
/home/wxz/Documents/pickle/maskrcnn/480p/cut1_8629.pickle
789
COCO mAP: 0.9224675297737122
/home/wxz/Documents/pickle/maskrcnn/480p/cut4_5141.pickle
790
COCO mAP: 0.45514124631881714
/home/wxz/Documents/pickle/maskrcnn/480p/cut1_5978.pickle
791
COCO mAP: 0.7025124430656433
/home/wxz/Documents/pickle/maskrcnn/480p/cut9_1313.pickle
792
COCO mAP: 0.7086250185966492
/home/wxz/Documents/pickle/maskrcnn/480p/cut8_1.pickle
793
COCO mAP: 0.7036129236221313
/home/wxz/Documents/pickle/maskrcnn/480p/cut1_3702.pickle
794
COCO mAP: 0.6445302367210388
average COCO mAP:0.7131586827253289
