nohup: 忽略输入
/home/wxz/Documents/pickle/maskrcnn/200p/cut5_8945.pickle
1
COCO mAP: 0.5882615447044373
/home/wxz/Documents/pickle/maskrcnn/200p/cut8_436.pickle
2
COCO mAP: 0.28720587491989136
/home/wxz/Documents/pickle/maskrcnn/200p/cut6_5509.pickle
3
COCO mAP: 0.47561901807785034
/home/wxz/Documents/pickle/maskrcnn/200p/cut2_4831.pickle
4
COCO mAP: 0.5039624571800232
/home/wxz/Documents/pickle/maskrcnn/200p/cut2_8971.pickle
5
COCO mAP: 0.432353675365448
/home/wxz/Documents/pickle/maskrcnn/200p/cut7_2265.pickle
6
COCO mAP: 0.790871798992157
/home/wxz/Documents/pickle/maskrcnn/200p/cut2_185.pickle
7
COCO mAP: 0.8103258013725281
/home/wxz/Documents/pickle/maskrcnn/200p/cut9_3041.pickle
8
COCO mAP: 0.9157347679138184
/home/wxz/Documents/pickle/maskrcnn/200p/cut7_7705.pickle
9
COCO mAP: 0.6753820776939392
/home/wxz/Documents/pickle/maskrcnn/200p/cut6_4817.pickle
10
COCO mAP: 0.647367537021637
/home/wxz/Documents/pickle/maskrcnn/200p/cut5_3921.pickle
11
COCO mAP: 0.3796769678592682
/home/wxz/Documents/pickle/maskrcnn/200p/cut3_6577.pickle
12
COCO mAP: 0.652661144733429
/home/wxz/Documents/pickle/maskrcnn/200p/cut5_993.pickle
13
COCO mAP: 0.5030394196510315
/home/wxz/Documents/pickle/maskrcnn/200p/cut2_6257.pickle
14
COCO mAP: 0.6751084923744202
/home/wxz/Documents/pickle/maskrcnn/200p/cut4_7186.pickle
15
COCO mAP: 0.44883546233177185
/home/wxz/Documents/pickle/maskrcnn/200p/cut9_3825.pickle
16
COCO mAP: 0.8342932462692261
/home/wxz/Documents/pickle/maskrcnn/200p/cut3_4001.pickle
17
COCO mAP: 0.5648590326309204
/home/wxz/Documents/pickle/maskrcnn/200p/cut9_4545.pickle
18
COCO mAP: 0.5919687151908875
/home/wxz/Documents/pickle/maskrcnn/200p/cut2_2186.pickle
19
COCO mAP: 0.5764321088790894
/home/wxz/Documents/pickle/maskrcnn/200p/cut8_7104.pickle
20
COCO mAP: 0.5515581965446472
/home/wxz/Documents/pickle/maskrcnn/200p/cut7_4125.pickle
21
COCO mAP: 0.6613789796829224
/home/wxz/Documents/pickle/maskrcnn/200p/cut3_4401.pickle
22
COCO mAP: 0.49824032187461853
/home/wxz/Documents/pickle/maskrcnn/200p/cut6_2657.pickle
23
COCO mAP: 0.5310893058776855
/home/wxz/Documents/pickle/maskrcnn/200p/cut4_2301.pickle
24
COCO mAP: 0.5309131741523743
/home/wxz/Documents/pickle/maskrcnn/200p/cut8_8336.pickle
25
COCO mAP: 0.25859972834587097
/home/wxz/Documents/pickle/maskrcnn/200p/cut7_1009.pickle
26
COCO mAP: 0.7080694437026978
/home/wxz/Documents/pickle/maskrcnn/200p/cut1_257.pickle
27
COCO mAP: 0.4435887932777405
/home/wxz/Documents/pickle/maskrcnn/200p/cut5_5121.pickle
28
COCO mAP: 0.45838069915771484
/home/wxz/Documents/pickle/maskrcnn/200p/cut3_4113.pickle
29
COCO mAP: 0.6266173124313354
/home/wxz/Documents/pickle/maskrcnn/200p/cut6_7633.pickle
30
COCO mAP: 0.4333404004573822
/home/wxz/Documents/pickle/maskrcnn/200p/cut3_7313.pickle
31
COCO mAP: 0.5016831159591675
/home/wxz/Documents/pickle/maskrcnn/200p/cut4_1501.pickle
32
COCO mAP: 0.5967170596122742
/home/wxz/Documents/pickle/maskrcnn/200p/cut9_3633.pickle
33
COCO mAP: 0.6699739694595337
/home/wxz/Documents/pickle/maskrcnn/200p/cut2_8281.pickle
34
COCO mAP: 0.6862292885780334
/home/wxz/Documents/pickle/maskrcnn/200p/cut2_967.pickle
35
COCO mAP: 0.6629717946052551
/home/wxz/Documents/pickle/maskrcnn/200p/cut2_2623.pickle
36
COCO mAP: 0.42000269889831543
/home/wxz/Documents/pickle/maskrcnn/200p/cut1_8044.pickle
37
COCO mAP: 0.5954813957214355
/home/wxz/Documents/pickle/maskrcnn/200p/cut5_3249.pickle
38
COCO mAP: 0.4760832190513611
/home/wxz/Documents/pickle/maskrcnn/200p/cut5_1281.pickle
39
COCO mAP: 0.3817686438560486
/home/wxz/Documents/pickle/maskrcnn/200p/cut7_5505.pickle
40
COCO mAP: 0.4923171103000641
/home/wxz/Documents/pickle/maskrcnn/200p/cut7_8945.pickle
41
COCO mAP: 0.521246612071991
/home/wxz/Documents/pickle/maskrcnn/200p/cut4_8806.pickle
42
COCO mAP: 0.7100001573562622
/home/wxz/Documents/pickle/maskrcnn/200p/cut5_6001.pickle
43
COCO mAP: 0.3679911196231842
/home/wxz/Documents/pickle/maskrcnn/200p/cut3_513.pickle
44
COCO mAP: 0.6062254905700684
/home/wxz/Documents/pickle/maskrcnn/200p/cut6_3329.pickle
45
COCO mAP: 0.4662559926509857
/home/wxz/Documents/pickle/maskrcnn/200p/cut6_4401.pickle
46
COCO mAP: 0.5098764896392822
/home/wxz/Documents/pickle/maskrcnn/200p/cut1_6156.pickle
47
COCO mAP: 0.629693865776062
/home/wxz/Documents/pickle/maskrcnn/200p/cut2_5130.pickle
48
COCO mAP: 0.6005740761756897
/home/wxz/Documents/pickle/maskrcnn/200p/cut7_6165.pickle
49
COCO mAP: 0.5782079696655273
/home/wxz/Documents/pickle/maskrcnn/200p/cut9_4209.pickle
50
COCO mAP: 0.4959644675254822
/home/wxz/Documents/pickle/maskrcnn/200p/cut5_1521.pickle
51
COCO mAP: 0.46998175978660583
/home/wxz/Documents/pickle/maskrcnn/200p/cut9_2225.pickle
52
COCO mAP: 0.5403701663017273
/home/wxz/Documents/pickle/maskrcnn/200p/cut6_8893.pickle
53
COCO mAP: 0.5476900935173035
/home/wxz/Documents/pickle/maskrcnn/200p/cut2_5521.pickle
54
COCO mAP: 0.5286445021629333
/home/wxz/Documents/pickle/maskrcnn/200p/cut4_4241.pickle
55
COCO mAP: 0.5223634839057922
/home/wxz/Documents/pickle/maskrcnn/200p/cut6_7107.pickle
56
COCO mAP: 0.4292933940887451
/home/wxz/Documents/pickle/maskrcnn/200p/cut4_3801.pickle
57
COCO mAP: 0.648659348487854
/home/wxz/Documents/pickle/maskrcnn/200p/cut8_1253.pickle
58
COCO mAP: 0.820141613483429
/home/wxz/Documents/pickle/maskrcnn/200p/cut1_6420.pickle
59
COCO mAP: 0.21130363643169403
/home/wxz/Documents/pickle/maskrcnn/200p/cut5_7169.pickle
60
COCO mAP: 0.403320848941803
/home/wxz/Documents/pickle/maskrcnn/200p/cut6_1601.pickle
61
COCO mAP: 0.5891335606575012
/home/wxz/Documents/pickle/maskrcnn/200p/cut8_2205.pickle
62
COCO mAP: 0.8153393864631653
/home/wxz/Documents/pickle/maskrcnn/200p/cut4_1441.pickle
63
COCO mAP: 0.6236683130264282
/home/wxz/Documents/pickle/maskrcnn/200p/cut6_2753.pickle
64
COCO mAP: 0.6242873072624207
/home/wxz/Documents/pickle/maskrcnn/200p/cut2_7039.pickle
65
COCO mAP: 0.6465848684310913
/home/wxz/Documents/pickle/maskrcnn/200p/cut7_1351.pickle
66
COCO mAP: 0.6781244874000549
/home/wxz/Documents/pickle/maskrcnn/200p/cut8_3703.pickle
67
COCO mAP: 0.4697127938270569
/home/wxz/Documents/pickle/maskrcnn/200p/cut9_5841.pickle
68
COCO mAP: 0.7152706980705261
/home/wxz/Documents/pickle/maskrcnn/200p/cut9_817.pickle
69
COCO mAP: 0.6458158493041992
/home/wxz/Documents/pickle/maskrcnn/200p/cut2_1381.pickle
70
COCO mAP: 0.22120115160942078
/home/wxz/Documents/pickle/maskrcnn/200p/cut6_433.pickle
71
COCO mAP: 0.5794865489006042
/home/wxz/Documents/pickle/maskrcnn/200p/cut4_7456.pickle
72
COCO mAP: 0.5353546738624573
/home/wxz/Documents/pickle/maskrcnn/200p/cut2_7913.pickle
73
COCO mAP: 0.7185513973236084
/home/wxz/Documents/pickle/maskrcnn/200p/cut5_3345.pickle
74
COCO mAP: 0.6121373176574707
/home/wxz/Documents/pickle/maskrcnn/200p/cut2_1910.pickle
75
COCO mAP: 0.5481228232383728
/home/wxz/Documents/pickle/maskrcnn/200p/cut1_4227.pickle
76
COCO mAP: 0.6629184484481812
/home/wxz/Documents/pickle/maskrcnn/200p/cut5_4305.pickle
77
COCO mAP: 0.13626590371131897
/home/wxz/Documents/pickle/maskrcnn/200p/cut8_5228.pickle
78
COCO mAP: 0.7363805770874023
/home/wxz/Documents/pickle/maskrcnn/200p/cut3_913.pickle
79
COCO mAP: 0.35767966508865356
/home/wxz/Documents/pickle/maskrcnn/200p/cut1_5283.pickle
80
COCO mAP: 0.7090579271316528
/home/wxz/Documents/pickle/maskrcnn/200p/cut4_2501.pickle
81
COCO mAP: 0.6045113801956177
/home/wxz/Documents/pickle/maskrcnn/200p/cut5_6737.pickle
82
COCO mAP: 0.38422173261642456
/home/wxz/Documents/pickle/maskrcnn/200p/cut5_753.pickle
83
COCO mAP: 0.5983067154884338
/home/wxz/Documents/pickle/maskrcnn/200p/cut7_145.pickle
84
COCO mAP: 0.5206580758094788
/home/wxz/Documents/pickle/maskrcnn/200p/cut6_8677.pickle
85
COCO mAP: 0.5203613042831421
/home/wxz/Documents/pickle/maskrcnn/200p/cut6_6648.pickle
86
COCO mAP: 0.5771023631095886
/home/wxz/Documents/pickle/maskrcnn/200p/cut2_1243.pickle
87
COCO mAP: 0.3974759578704834
/home/wxz/Documents/pickle/maskrcnn/200p/cut4_8428.pickle
88
COCO mAP: 0.6042094230651855
/home/wxz/Documents/pickle/maskrcnn/200p/cut8_2611.pickle
89
COCO mAP: 0.012508250772953033
/home/wxz/Documents/pickle/maskrcnn/200p/cut1_7989.pickle
90
COCO mAP: 0.5755199193954468
/home/wxz/Documents/pickle/maskrcnn/200p/cut8_6600.pickle
91
COCO mAP: 0.712182343006134
/home/wxz/Documents/pickle/maskrcnn/200p/cut2_1542.pickle
92
COCO mAP: 0.12370304763317108
/home/wxz/Documents/pickle/maskrcnn/200p/cut1_8224.pickle
93
COCO mAP: 0.33575576543807983
/home/wxz/Documents/pickle/maskrcnn/200p/cut2_8419.pickle
94
COCO mAP: 0.3086358904838562
/home/wxz/Documents/pickle/maskrcnn/200p/cut6_7260.pickle
95
COCO mAP: 0.5093061327934265
/home/wxz/Documents/pickle/maskrcnn/200p/cut4_4421.pickle
96
COCO mAP: 0.46243882179260254
/home/wxz/Documents/pickle/maskrcnn/200p/cut1_4843.pickle
97
COCO mAP: 0.8312603831291199
/home/wxz/Documents/pickle/maskrcnn/200p/cut1_6508.pickle
98
COCO mAP: 0.18094059824943542
/home/wxz/Documents/pickle/maskrcnn/200p/cut2_2278.pickle
99
COCO mAP: 0.24742233753204346
/home/wxz/Documents/pickle/maskrcnn/200p/cut6_7005.pickle
100
COCO mAP: 0.33854007720947266
/home/wxz/Documents/pickle/maskrcnn/200p/cut5_8257.pickle
101
COCO mAP: 0.29404956102371216
/home/wxz/Documents/pickle/maskrcnn/200p/cut3_1905.pickle
102
COCO mAP: 0.48662662506103516
/home/wxz/Documents/pickle/maskrcnn/200p/cut5_4113.pickle
103
COCO mAP: 0.5428909063339233
/home/wxz/Documents/pickle/maskrcnn/200p/cut8_3311.pickle
104
COCO mAP: 0.6050891280174255
/home/wxz/Documents/pickle/maskrcnn/200p/cut7_4005.pickle
105
COCO mAP: 0.5318707227706909
/home/wxz/Documents/pickle/maskrcnn/200p/cut5_1905.pickle
106
COCO mAP: 0.4764355719089508
/home/wxz/Documents/pickle/maskrcnn/200p/cut5_6353.pickle
107
COCO mAP: 0.38462305068969727
/home/wxz/Documents/pickle/maskrcnn/200p/cut3_8609.pickle
108
COCO mAP: 0.5729160904884338
/home/wxz/Documents/pickle/maskrcnn/200p/cut6_2289.pickle
109
COCO mAP: 0.6360316276550293
/home/wxz/Documents/pickle/maskrcnn/200p/cut2_4532.pickle
110
COCO mAP: 0.7446145415306091
/home/wxz/Documents/pickle/maskrcnn/200p/cut2_3313.pickle
111
COCO mAP: 0.46024250984191895
/home/wxz/Documents/pickle/maskrcnn/200p/cut2_4210.pickle
112
COCO mAP: 0.5740013122558594
/home/wxz/Documents/pickle/maskrcnn/200p/cut4_981.pickle
113
COCO mAP: 0.44772911071777344
/home/wxz/Documents/pickle/maskrcnn/200p/cut8_2527.pickle
114
COCO mAP: 0.3585037887096405
/home/wxz/Documents/pickle/maskrcnn/200p/cut5_1185.pickle
115
COCO mAP: 0.45748868584632874
/home/wxz/Documents/pickle/maskrcnn/200p/cut8_6432.pickle
116
COCO mAP: 0.6413614153862
/home/wxz/Documents/pickle/maskrcnn/200p/cut6_3857.pickle
117
COCO mAP: 0.4472695291042328
/home/wxz/Documents/pickle/maskrcnn/200p/cut7_8525.pickle
118
COCO mAP: 0.4817945957183838
/home/wxz/Documents/pickle/maskrcnn/200p/cut6_1073.pickle
119
COCO mAP: 0.5917650461196899
/home/wxz/Documents/pickle/maskrcnn/200p/cut8_3409.pickle
120
COCO mAP: 0.5843633413314819
/home/wxz/Documents/pickle/maskrcnn/200p/cut2_714.pickle
121
COCO mAP: 0.46426644921302795
/home/wxz/Documents/pickle/maskrcnn/200p/cut5_7457.pickle
122
COCO mAP: 0.4573880136013031
/home/wxz/Documents/pickle/maskrcnn/200p/cut1_3262.pickle
123
COCO mAP: 0.49799227714538574
/home/wxz/Documents/pickle/maskrcnn/200p/cut4_4301.pickle
124
COCO mAP: 0.21068957448005676
/home/wxz/Documents/pickle/maskrcnn/200p/cut4_3121.pickle
125
COCO mAP: 0.476478636264801
/home/wxz/Documents/pickle/maskrcnn/200p/cut7_3905.pickle
126
COCO mAP: 0.5254035592079163
/home/wxz/Documents/pickle/maskrcnn/200p/cut6_4513.pickle
127
COCO mAP: 0.5467320680618286
/home/wxz/Documents/pickle/maskrcnn/200p/cut2_4693.pickle
128
COCO mAP: 0.5502276420593262
/home/wxz/Documents/pickle/maskrcnn/200p/cut9_3137.pickle
129
COCO mAP: 0.3453473448753357
/home/wxz/Documents/pickle/maskrcnn/200p/cut4_5201.pickle
130
COCO mAP: 0.33010077476501465
/home/wxz/Documents/pickle/maskrcnn/200p/cut8_8714.pickle
131
COCO mAP: 0.44955211877822876
/home/wxz/Documents/pickle/maskrcnn/200p/cut4_5701.pickle
132
COCO mAP: 0.4982205033302307
/home/wxz/Documents/pickle/maskrcnn/200p/cut6_3521.pickle
133
COCO mAP: 0.6706135869026184
/home/wxz/Documents/pickle/maskrcnn/200p/cut2_3221.pickle
134
COCO mAP: 0.550640344619751
/home/wxz/Documents/pickle/maskrcnn/200p/cut1_604.pickle
135
COCO mAP: 0.7295650243759155
/home/wxz/Documents/pickle/maskrcnn/200p/cut6_4305.pickle
136
COCO mAP: 0.4803246557712555
/home/wxz/Documents/pickle/maskrcnn/200p/cut9_4305.pickle
137
COCO mAP: 0.5996583104133606
/home/wxz/Documents/pickle/maskrcnn/200p/cut3_4545.pickle
138
COCO mAP: 0.5883098244667053
/home/wxz/Documents/pickle/maskrcnn/200p/cut8_800.pickle
139
COCO mAP: 0.5828996896743774
/home/wxz/Documents/pickle/maskrcnn/200p/cut5_1809.pickle
140
COCO mAP: 0.3886560797691345
/home/wxz/Documents/pickle/maskrcnn/200p/cut7_1963.pickle
141
COCO mAP: 0.6448439359664917
/home/wxz/Documents/pickle/maskrcnn/200p/cut7_7345.pickle
142
COCO mAP: 0.6443282961845398
/home/wxz/Documents/pickle/maskrcnn/200p/cut3_1217.pickle
143
COCO mAP: 0.4044462740421295
/home/wxz/Documents/pickle/maskrcnn/200p/cut3_6769.pickle
144
COCO mAP: 0.6344338655471802
/home/wxz/Documents/pickle/maskrcnn/200p/cut1_2110.pickle
145
COCO mAP: 0.5706964731216431
/home/wxz/Documents/pickle/maskrcnn/200p/cut1_112.pickle
146
COCO mAP: 0.24759748578071594
/home/wxz/Documents/pickle/maskrcnn/200p/cut2_5337.pickle
147
COCO mAP: 0.34584909677505493
/home/wxz/Documents/pickle/maskrcnn/200p/cut1_430.pickle
148
COCO mAP: 0.22113987803459167
/home/wxz/Documents/pickle/maskrcnn/200p/cut2_1496.pickle
149
COCO mAP: 0.6423922181129456
/home/wxz/Documents/pickle/maskrcnn/200p/cut4_1201.pickle
150
COCO mAP: 0.5448733568191528
/home/wxz/Documents/pickle/maskrcnn/200p/cut6_4145.pickle
151
COCO mAP: 0.7950716614723206
/home/wxz/Documents/pickle/maskrcnn/200p/cut2_8005.pickle
152
COCO mAP: 0.6322546601295471
/home/wxz/Documents/pickle/maskrcnn/200p/cut9_4113.pickle
153
COCO mAP: 0.5994437336921692
/home/wxz/Documents/pickle/maskrcnn/200p/cut2_3842.pickle
154
COCO mAP: 0.4348687529563904
/home/wxz/Documents/pickle/maskrcnn/200p/cut8_1000.pickle
155
COCO mAP: 0.5458053350448608
/home/wxz/Documents/pickle/maskrcnn/200p/cut6_1297.pickle
156
COCO mAP: 0.8015060424804688
/home/wxz/Documents/pickle/maskrcnn/200p/cut4_6646.pickle
157
COCO mAP: 0.826259970664978
/home/wxz/Documents/pickle/maskrcnn/200p/cut7_6825.pickle
158
COCO mAP: 0.5793877243995667
/home/wxz/Documents/pickle/maskrcnn/200p/cut5_7873.pickle
159
COCO mAP: 0.55457603931427
/home/wxz/Documents/pickle/maskrcnn/200p/cut6_7309.pickle
160
COCO mAP: 0.5564936399459839
/home/wxz/Documents/pickle/maskrcnn/200p/cut3_3953.pickle
161
COCO mAP: 0.6206516027450562
/home/wxz/Documents/pickle/maskrcnn/200p/cut7_5745.pickle
162
COCO mAP: 0.6364466547966003
/home/wxz/Documents/pickle/maskrcnn/200p/cut7_2705.pickle
163
COCO mAP: 0.556424617767334
/home/wxz/Documents/pickle/maskrcnn/200p/cut2_5245.pickle
164
COCO mAP: 0.48264646530151367
/home/wxz/Documents/pickle/maskrcnn/200p/cut9_4401.pickle
165
COCO mAP: 0.554458737373352
/home/wxz/Documents/pickle/maskrcnn/200p/cut6_4049.pickle
166
COCO mAP: 0.5396944284439087
/home/wxz/Documents/pickle/maskrcnn/200p/cut3_2113.pickle
167
COCO mAP: 0.7289360761642456
/home/wxz/Documents/pickle/maskrcnn/200p/cut5_3009.pickle
168
COCO mAP: 0.5563416481018066
/home/wxz/Documents/pickle/maskrcnn/200p/cut1_517.pickle
169
COCO mAP: 0.6734371781349182
/home/wxz/Documents/pickle/maskrcnn/200p/cut5_6449.pickle
170
COCO mAP: 0.5439930558204651
/home/wxz/Documents/pickle/maskrcnn/200p/cut3_1521.pickle
171
COCO mAP: 0.43617376685142517
/home/wxz/Documents/pickle/maskrcnn/200p/cut5_2001.pickle
172
COCO mAP: 0.3843016028404236
/home/wxz/Documents/pickle/maskrcnn/200p/cut4_641.pickle
173
COCO mAP: 0.5948275327682495
/home/wxz/Documents/pickle/maskrcnn/200p/cut2_5475.pickle
174
COCO mAP: 0.47788387537002563
/home/wxz/Documents/pickle/maskrcnn/200p/cut7_241.pickle
175
COCO mAP: 0.3514588475227356
/home/wxz/Documents/pickle/maskrcnn/200p/cut3_6385.pickle
176
COCO mAP: 0.558761477470398
/home/wxz/Documents/pickle/maskrcnn/200p/cut1_5019.pickle
177
COCO mAP: 0.6948555111885071
/home/wxz/Documents/pickle/maskrcnn/200p/cut1_1934.pickle
178
COCO mAP: 0.4621194005012512
/home/wxz/Documents/pickle/maskrcnn/200p/cut6_2513.pickle
179
COCO mAP: 0.5822004079818726
/home/wxz/Documents/pickle/maskrcnn/200p/cut7_5105.pickle
180
COCO mAP: 0.4858144223690033
/home/wxz/Documents/pickle/maskrcnn/200p/cut7_8005.pickle
181
COCO mAP: 0.6502586603164673
/home/wxz/Documents/pickle/maskrcnn/200p/cut8_6236.pickle
182
COCO mAP: 0.7167397737503052
/home/wxz/Documents/pickle/maskrcnn/200p/cut8_113.pickle
183
COCO mAP: 0.6302037239074707
/home/wxz/Documents/pickle/maskrcnn/200p/cut9_5953.pickle
184
COCO mAP: 0.7605496048927307
/home/wxz/Documents/pickle/maskrcnn/200p/cut9_2705.pickle
185
COCO mAP: 0.6672593355178833
/home/wxz/Documents/pickle/maskrcnn/200p/cut9_3521.pickle
186
COCO mAP: 0.2108522653579712
/home/wxz/Documents/pickle/maskrcnn/200p/cut7_5345.pickle
187
COCO mAP: 0.5687195062637329
/home/wxz/Documents/pickle/maskrcnn/200p/cut8_4207.pickle
188
COCO mAP: 0.5959278345108032
/home/wxz/Documents/pickle/maskrcnn/200p/cut7_5865.pickle
189
COCO mAP: 0.41747650504112244
/home/wxz/Documents/pickle/maskrcnn/200p/cut2_4003.pickle
190
COCO mAP: 0.6285127997398376
/home/wxz/Documents/pickle/maskrcnn/200p/cut1_1758.pickle
191
COCO mAP: 0.12084455788135529
/home/wxz/Documents/pickle/maskrcnn/200p/cut7_561.pickle
192
COCO mAP: 0.8315585851669312
/home/wxz/Documents/pickle/maskrcnn/200p/cut3_1121.pickle
193
COCO mAP: 0.4331539571285248
/home/wxz/Documents/pickle/maskrcnn/200p/cut8_6838.pickle
194
COCO mAP: 0.5503560304641724
/home/wxz/Documents/pickle/maskrcnn/200p/cut3_8321.pickle
195
COCO mAP: 0.853350818157196
/home/wxz/Documents/pickle/maskrcnn/200p/cut7_3125.pickle
196
COCO mAP: 0.6945304274559021
/home/wxz/Documents/pickle/maskrcnn/200p/cut3_4641.pickle
197
COCO mAP: 0.5199454426765442
/home/wxz/Documents/pickle/maskrcnn/200p/cut8_1435.pickle
198
COCO mAP: 0.7622318267822266
/home/wxz/Documents/pickle/maskrcnn/200p/cut1_1671.pickle
199
COCO mAP: 0.21874263882637024
/home/wxz/Documents/pickle/maskrcnn/200p/cut6_5713.pickle
200
COCO mAP: 0.5401533246040344
/home/wxz/Documents/pickle/maskrcnn/200p/cut4_4041.pickle
201
COCO mAP: 0.40384992957115173
/home/wxz/Documents/pickle/maskrcnn/200p/cut4_5801.pickle
202
COCO mAP: 0.4102536737918854
/home/wxz/Documents/pickle/maskrcnn/200p/cut3_6289.pickle
203
COCO mAP: 0.5100497007369995
/home/wxz/Documents/pickle/maskrcnn/200p/cut9_1.pickle
204
COCO mAP: 0.1292491853237152
/home/wxz/Documents/pickle/maskrcnn/200p/cut3_2833.pickle
205
COCO mAP: 0.6545993089675903
/home/wxz/Documents/pickle/maskrcnn/200p/cut5_2305.pickle
206
COCO mAP: 0.1849357932806015
/home/wxz/Documents/pickle/maskrcnn/200p/cut9_2417.pickle
207
COCO mAP: 0.6332663893699646
/home/wxz/Documents/pickle/maskrcnn/200p/cut2_4463.pickle
208
COCO mAP: 0.5673239231109619
/home/wxz/Documents/pickle/maskrcnn/200p/cut5_8161.pickle
209
COCO mAP: 0.3644868731498718
/home/wxz/Documents/pickle/maskrcnn/200p/cut1_3611.pickle
210
COCO mAP: 0.1918146163225174
/home/wxz/Documents/pickle/maskrcnn/200p/cut4_4601.pickle
211
COCO mAP: 0.38251709938049316
/home/wxz/Documents/pickle/maskrcnn/200p/cut4_8536.pickle
212
COCO mAP: 0.462067186832428
/home/wxz/Documents/pickle/maskrcnn/200p/cut6_337.pickle
213
COCO mAP: 0.5144311189651489
/home/wxz/Documents/pickle/maskrcnn/200p/cut6_7543.pickle
214
COCO mAP: 0.4340144097805023
/home/wxz/Documents/pickle/maskrcnn/200p/cut2_1818.pickle
215
COCO mAP: 0.5438246130943298
/home/wxz/Documents/pickle/maskrcnn/200p/cut4_5021.pickle
216
COCO mAP: 0.41749173402786255
/home/wxz/Documents/pickle/maskrcnn/200p/cut4_7564.pickle
217
COCO mAP: 0.6199690103530884
/home/wxz/Documents/pickle/maskrcnn/200p/cut4_5461.pickle
218
COCO mAP: 0.5195456147193909
/home/wxz/Documents/pickle/maskrcnn/200p/cut8_7930.pickle
219
COCO mAP: 0.6004973649978638
/home/wxz/Documents/pickle/maskrcnn/200p/cut5_7361.pickle
220
COCO mAP: 0.6652353405952454
/home/wxz/Documents/pickle/maskrcnn/200p/cut6_1809.pickle
221
COCO mAP: 0.5861629247665405
/home/wxz/Documents/pickle/maskrcnn/200p/cut5_337.pickle
222
COCO mAP: 0.7301217317581177
/home/wxz/Documents/pickle/maskrcnn/200p/cut7_3785.pickle
223
COCO mAP: 0.5680316090583801
/home/wxz/Documents/pickle/maskrcnn/200p/cut2_231.pickle
224
COCO mAP: 0.5711077451705933
/home/wxz/Documents/pickle/maskrcnn/200p/cut9_5265.pickle
225
COCO mAP: 0.49297308921813965
/home/wxz/Documents/pickle/maskrcnn/200p/cut7_6065.pickle
226
COCO mAP: 0.4212976396083832
/home/wxz/Documents/pickle/maskrcnn/200p/cut3_6673.pickle
227
COCO mAP: 0.6416091918945312
/home/wxz/Documents/pickle/maskrcnn/200p/cut7_1585.pickle
228
COCO mAP: 0.755595326423645
/home/wxz/Documents/pickle/maskrcnn/200p/cut1_4051.pickle
229
COCO mAP: 0.7772760391235352
/home/wxz/Documents/pickle/maskrcnn/200p/cut4_1081.pickle
230
COCO mAP: 0.5296167135238647
/home/wxz/Documents/pickle/maskrcnn/200p/cut2_5682.pickle
231
COCO mAP: 0.5174506902694702
/home/wxz/Documents/pickle/maskrcnn/200p/cut7_5225.pickle
232
COCO mAP: 0.6643586754798889
/home/wxz/Documents/pickle/maskrcnn/200p/cut7_6405.pickle
233
COCO mAP: 0.5970168709754944
/home/wxz/Documents/pickle/maskrcnn/200p/cut8_7230.pickle
234
COCO mAP: 0.43935051560401917
/home/wxz/Documents/pickle/maskrcnn/200p/cut6_3953.pickle
235
COCO mAP: 0.74216228723526
/home/wxz/Documents/pickle/maskrcnn/200p/cut6_1393.pickle
236
COCO mAP: 0.6136990785598755
/home/wxz/Documents/pickle/maskrcnn/200p/cut1_1053.pickle
237
COCO mAP: 0.32838955521583557
/home/wxz/Documents/pickle/maskrcnn/200p/cut1_1228.pickle
238
COCO mAP: 0.6760188341140747
/home/wxz/Documents/pickle/maskrcnn/200p/cut4_8644.pickle
239
COCO mAP: 0.8042295575141907
/home/wxz/Documents/pickle/maskrcnn/200p/cut6_3713.pickle
240
COCO mAP: 0.4084566533565521
/home/wxz/Documents/pickle/maskrcnn/200p/cut1_4315.pickle
241
COCO mAP: 0.5971260666847229
/home/wxz/Documents/pickle/maskrcnn/200p/cut2_7177.pickle
242
COCO mAP: 0.7503165006637573
/home/wxz/Documents/pickle/maskrcnn/200p/cut6_2849.pickle
243
COCO mAP: 0.5681406259536743
/home/wxz/Documents/pickle/maskrcnn/200p/cut6_6036.pickle
244
COCO mAP: 0.49772363901138306
/home/wxz/Documents/pickle/maskrcnn/200p/cut7_385.pickle
245
COCO mAP: 0.6594769954681396
/home/wxz/Documents/pickle/maskrcnn/200p/cut1_4501.pickle
246
COCO mAP: 0.605587363243103
/home/wxz/Documents/pickle/maskrcnn/200p/cut3_5505.pickle
247
COCO mAP: 0.7320853471755981
/home/wxz/Documents/pickle/maskrcnn/200p/cut3_8993.pickle
248
COCO mAP: 0.35484257340431213
/home/wxz/Documents/pickle/maskrcnn/200p/cut3_8225.pickle
249
COCO mAP: 0.6360585689544678
/home/wxz/Documents/pickle/maskrcnn/200p/cut1_7754.pickle
250
COCO mAP: 0.39082640409469604
/home/wxz/Documents/pickle/maskrcnn/200p/cut3_3073.pickle
251
COCO mAP: 0.683561384677887
/home/wxz/Documents/pickle/maskrcnn/200p/cut1_1404.pickle
252
COCO mAP: 0.4571911692619324
/home/wxz/Documents/pickle/maskrcnn/200p/cut7_6505.pickle
253
COCO mAP: 0.6053081750869751
/home/wxz/Documents/pickle/maskrcnn/200p/cut4_6021.pickle
254
COCO mAP: 0.2922629714012146
/home/wxz/Documents/pickle/maskrcnn/200p/cut4_821.pickle
255
COCO mAP: 0.4661877155303955
/home/wxz/Documents/pickle/maskrcnn/200p/cut9_5361.pickle
256
COCO mAP: 0.6196721792221069
/home/wxz/Documents/pickle/maskrcnn/200p/cut1_7139.pickle
257
COCO mAP: 0.09142625331878662
/home/wxz/Documents/pickle/maskrcnn/200p/cut8_3829.pickle
258
COCO mAP: 0.24751608073711395
/home/wxz/Documents/pickle/maskrcnn/200p/cut1_8114.pickle
259
COCO mAP: 0.5488960146903992
/home/wxz/Documents/pickle/maskrcnn/200p/cut3_6961.pickle
260
COCO mAP: 0.7020312547683716
/home/wxz/Documents/pickle/maskrcnn/200p/cut5_4209.pickle
261
COCO mAP: 0.5437419414520264
/home/wxz/Documents/pickle/maskrcnn/200p/cut1_7004.pickle
262
COCO mAP: 0.13011552393436432
/home/wxz/Documents/pickle/maskrcnn/200p/cut5_5809.pickle
263
COCO mAP: 0.4706309735774994
/home/wxz/Documents/pickle/maskrcnn/200p/cut1_7524.pickle
264
COCO mAP: 0.2753974199295044
/home/wxz/Documents/pickle/maskrcnn/200p/cut8_3507.pickle
265
COCO mAP: 0.6136075258255005
/home/wxz/Documents/pickle/maskrcnn/200p/cut8_6922.pickle
266
COCO mAP: 0.4536518454551697
/home/wxz/Documents/pickle/maskrcnn/200p/cut1_4758.pickle
267
COCO mAP: 0.7430365085601807
/home/wxz/Documents/pickle/maskrcnn/200p/cut7_2965.pickle
268
COCO mAP: 0.7606117725372314
/home/wxz/Documents/pickle/maskrcnn/200p/cut1_6332.pickle
269
COCO mAP: 0.44802364706993103
/home/wxz/Documents/pickle/maskrcnn/200p/cut3_337.pickle
270
COCO mAP: 0.7216728925704956
/home/wxz/Documents/pickle/maskrcnn/200p/cut8_4123.pickle
271
COCO mAP: 0.5494934916496277
/home/wxz/Documents/pickle/maskrcnn/200p/cut7_3845.pickle
272
COCO mAP: 0.6615484356880188
/home/wxz/Documents/pickle/maskrcnn/200p/cut3_7201.pickle
273
COCO mAP: 0.4723595976829529
/home/wxz/Documents/pickle/maskrcnn/200p/cut9_3425.pickle
274
COCO mAP: 0.3884095549583435
/home/wxz/Documents/pickle/maskrcnn/200p/cut5_8449.pickle
275
COCO mAP: 0.32331809401512146
/home/wxz/Documents/pickle/maskrcnn/200p/cut2_2094.pickle
276
COCO mAP: 0.6407577991485596
/home/wxz/Documents/pickle/maskrcnn/200p/cut4_1321.pickle
277
COCO mAP: 0.5618358850479126
/home/wxz/Documents/pickle/maskrcnn/200p/cut8_5704.pickle
278
COCO mAP: 0.6594780683517456
/home/wxz/Documents/pickle/maskrcnn/200p/cut9_2609.pickle
279
COCO mAP: 0.5167627334594727
/home/wxz/Documents/pickle/maskrcnn/200p/cut4_6754.pickle
280
COCO mAP: 0.45999670028686523
/home/wxz/Documents/pickle/maskrcnn/200p/cut3_2929.pickle
281
COCO mAP: 0.6788197755813599
/home/wxz/Documents/pickle/maskrcnn/200p/cut2_4141.pickle
282
COCO mAP: 0.5898209810256958
/home/wxz/Documents/pickle/maskrcnn/200p/cut6_3233.pickle
283
COCO mAP: 0.2732684314250946
/home/wxz/Documents/pickle/maskrcnn/200p/cut3_6481.pickle
284
COCO mAP: 0.5781943798065186
/home/wxz/Documents/pickle/maskrcnn/200p/cut7_2525.pickle
285
COCO mAP: 0.7276574373245239
/home/wxz/Documents/pickle/maskrcnn/200p/cut8_1337.pickle
286
COCO mAP: 0.8020536303520203
/home/wxz/Documents/pickle/maskrcnn/200p/cut7_1693.pickle
287
COCO mAP: 0.6394058465957642
/home/wxz/Documents/pickle/maskrcnn/200p/cut5_561.pickle
288
COCO mAP: 0.4377787709236145
/home/wxz/Documents/pickle/maskrcnn/200p/cut1_7314.pickle
289
COCO mAP: 0.06897984445095062
/home/wxz/Documents/pickle/maskrcnn/200p/cut4_6916.pickle
290
COCO mAP: 0.26024943590164185
/home/wxz/Documents/pickle/maskrcnn/200p/cut6_2145.pickle
291
COCO mAP: 0.602532684803009
/home/wxz/Documents/pickle/maskrcnn/200p/cut5_193.pickle
292
COCO mAP: 0.4038410186767578
/home/wxz/Documents/pickle/maskrcnn/200p/cut6_8569.pickle
293
COCO mAP: 0.6042231321334839
/home/wxz/Documents/pickle/maskrcnn/200p/cut5_5505.pickle
294
COCO mAP: 0.5973966717720032
/home/wxz/Documents/pickle/maskrcnn/200p/cut1_7254.pickle
295
COCO mAP: 0.3062747120857239
/home/wxz/Documents/pickle/maskrcnn/200p/cut2_2554.pickle
296
COCO mAP: 0.5741291642189026
/home/wxz/Documents/pickle/maskrcnn/200p/cut8_4039.pickle
297
COCO mAP: 0.20007281005382538
/home/wxz/Documents/pickle/maskrcnn/200p/cut9_3921.pickle
298
COCO mAP: 0.5086444020271301
/home/wxz/Documents/pickle/maskrcnn/200p/cut7_4505.pickle
299
COCO mAP: 0.6697733402252197
/home/wxz/Documents/pickle/maskrcnn/200p/cut4_8992.pickle
300
COCO mAP: 0.2499772310256958
/home/wxz/Documents/pickle/maskrcnn/200p/cut6_4721.pickle
301
COCO mAP: 0.6849693655967712
/home/wxz/Documents/pickle/maskrcnn/200p/cut7_6945.pickle
302
COCO mAP: 0.8633235096931458
/home/wxz/Documents/pickle/maskrcnn/200p/cut2_3405.pickle
303
COCO mAP: 0.6118761301040649
/home/wxz/Documents/pickle/maskrcnn/200p/cut2_8672.pickle
304
COCO mAP: 0.5485986471176147
/home/wxz/Documents/pickle/maskrcnn/200p/cut1_3876.pickle
305
COCO mAP: 0.43844538927078247
/home/wxz/Documents/pickle/maskrcnn/200p/cut9_529.pickle
306
COCO mAP: 0.5994877815246582
/home/wxz/Documents/pickle/maskrcnn/200p/cut9_2945.pickle
307
COCO mAP: 0.5186764001846313
/home/wxz/Documents/pickle/maskrcnn/200p/cut4_3561.pickle
308
COCO mAP: 0.6478744149208069
/home/wxz/Documents/pickle/maskrcnn/200p/cut4_6574.pickle
309
COCO mAP: 0.39314091205596924
/home/wxz/Documents/pickle/maskrcnn/200p/cut9_2129.pickle
310
COCO mAP: 0.47856006026268005
/home/wxz/Documents/pickle/maskrcnn/200p/cut9_2513.pickle
311
COCO mAP: 0.28077495098114014
/home/wxz/Documents/pickle/maskrcnn/200p/cut3_3441.pickle
312
COCO mAP: 0.5867129564285278
/home/wxz/Documents/pickle/maskrcnn/200p/cut3_7409.pickle
313
COCO mAP: 0.7244852781295776
/home/wxz/Documents/pickle/maskrcnn/200p/cut7_1201.pickle
314
COCO mAP: 0.7794144153594971
/home/wxz/Documents/pickle/maskrcnn/200p/cut2_1772.pickle
315
COCO mAP: 0.534870982170105
/home/wxz/Documents/pickle/maskrcnn/200p/cut1_966.pickle
316
COCO mAP: 0.051265548914670944
/home/wxz/Documents/pickle/maskrcnn/200p/cut1_2732.pickle
317
COCO mAP: 0.03650021180510521
/home/wxz/Documents/pickle/maskrcnn/200p/cut7_8405.pickle
318
COCO mAP: 0.7345765829086304
/home/wxz/Documents/pickle/maskrcnn/200p/cut3_257.pickle
319
COCO mAP: 0.4288451671600342
/home/wxz/Documents/pickle/maskrcnn/200p/cut9_6241.pickle
320
COCO mAP: 0.4353216588497162
/home/wxz/Documents/pickle/maskrcnn/200p/cut1_3964.pickle
321
COCO mAP: 0.7010461688041687
/home/wxz/Documents/pickle/maskrcnn/200p/cut7_7885.pickle
322
COCO mAP: 0.6813420057296753
/home/wxz/Documents/pickle/maskrcnn/200p/cut5_4785.pickle
323
COCO mAP: 0.17617514729499817
/home/wxz/Documents/pickle/maskrcnn/200p/cut4_1141.pickle
324
COCO mAP: 0.7091671228408813
/home/wxz/Documents/pickle/maskrcnn/200p/cut6_4913.pickle
325
COCO mAP: 0.3808405101299286
/home/wxz/Documents/pickle/maskrcnn/200p/cut4_2441.pickle
326
COCO mAP: 0.6598593592643738
/home/wxz/Documents/pickle/maskrcnn/200p/cut1_2645.pickle
327
COCO mAP: 0.041460394859313965
/home/wxz/Documents/pickle/maskrcnn/200p/cut9_5025.pickle
328
COCO mAP: 0.33444660902023315
/home/wxz/Documents/pickle/maskrcnn/200p/cut7_7605.pickle
329
COCO mAP: 0.5071991682052612
/home/wxz/Documents/pickle/maskrcnn/200p/cut3_1329.pickle
330
COCO mAP: 0.4678109288215637
/home/wxz/Documents/pickle/maskrcnn/200p/cut3_1025.pickle
331
COCO mAP: 0.4166056215763092
/home/wxz/Documents/pickle/maskrcnn/200p/cut7_8325.pickle
332
COCO mAP: 0.6774979829788208
/home/wxz/Documents/pickle/maskrcnn/200p/cut5_8065.pickle
333
COCO mAP: 0.38847556710243225
/home/wxz/Documents/pickle/maskrcnn/200p/cut1_3002.pickle
334
COCO mAP: 0.15653464198112488
/home/wxz/Documents/pickle/maskrcnn/200p/cut7_2645.pickle
335
COCO mAP: 0.5290982723236084
/home/wxz/Documents/pickle/maskrcnn/200p/cut7_1265.pickle
336
COCO mAP: 0.7129215598106384
/home/wxz/Documents/pickle/maskrcnn/200p/cut8_702.pickle
337
COCO mAP: 0.7587798237800598
/home/wxz/Documents/pickle/maskrcnn/200p/cut8_7006.pickle
338
COCO mAP: 0.5740518569946289
/home/wxz/Documents/pickle/maskrcnn/200p/cut5_7633.pickle
339
COCO mAP: 0.593910813331604
/home/wxz/Documents/pickle/maskrcnn/200p/cut4_8104.pickle
340
COCO mAP: 0.40379562973976135
/home/wxz/Documents/pickle/maskrcnn/200p/cut5_8737.pickle
341
COCO mAP: 0.6224050521850586
/home/wxz/Documents/pickle/maskrcnn/200p/cut3_1713.pickle
342
COCO mAP: 0.2000660002231598
/home/wxz/Documents/pickle/maskrcnn/200p/cut3_5713.pickle
343
COCO mAP: 0.5477264523506165
/home/wxz/Documents/pickle/maskrcnn/200p/cut4_5601.pickle
344
COCO mAP: 0.5527200102806091
/home/wxz/Documents/pickle/maskrcnn/200p/cut1_5889.pickle
345
COCO mAP: 0.7577141523361206
/home/wxz/Documents/pickle/maskrcnn/200p/cut9_913.pickle
346
COCO mAP: 0.5731896162033081
/home/wxz/Documents/pickle/maskrcnn/200p/cut5_6833.pickle
347
COCO mAP: 0.3890605568885803
/home/wxz/Documents/pickle/maskrcnn/200p/cut6_721.pickle
348
COCO mAP: 0.7046405076980591
/home/wxz/Documents/pickle/maskrcnn/200p/cut3_7841.pickle
349
COCO mAP: 0.4454074501991272
/home/wxz/Documents/pickle/maskrcnn/200p/cut7_7065.pickle
350
COCO mAP: 0.3190050721168518
/home/wxz/Documents/pickle/maskrcnn/200p/cut3_7057.pickle
351
COCO mAP: 0.6448677778244019
/home/wxz/Documents/pickle/maskrcnn/200p/cut4_7780.pickle
352
COCO mAP: 0.5155607461929321
/home/wxz/Documents/pickle/maskrcnn/200p/cut4_2621.pickle
353
COCO mAP: 0.6540865898132324
/home/wxz/Documents/pickle/maskrcnn/200p/cut5_7537.pickle
354
COCO mAP: 0.6602454781532288
/home/wxz/Documents/pickle/maskrcnn/200p/cut5_8641.pickle
355
COCO mAP: 0.6764397621154785
/home/wxz/Documents/pickle/maskrcnn/200p/cut8_3955.pickle
356
COCO mAP: 0.5466887354850769
/home/wxz/Documents/pickle/maskrcnn/200p/cut2_1634.pickle
357
COCO mAP: 0.4825468957424164
/home/wxz/Documents/pickle/maskrcnn/200p/cut5_1425.pickle
358
COCO mAP: 0.33825916051864624
/home/wxz/Documents/pickle/maskrcnn/200p/cut1_8939.pickle
359
COCO mAP: 0.5345538854598999
/home/wxz/Documents/pickle/maskrcnn/200p/cut2_2922.pickle
360
COCO mAP: 0.379700630903244
/home/wxz/Documents/pickle/maskrcnn/200p/cut8_7328.pickle
361
COCO mAP: 0.44359326362609863
/home/wxz/Documents/pickle/maskrcnn/200p/cut8_2821.pickle
362
COCO mAP: 0.5690805912017822
/home/wxz/Documents/pickle/maskrcnn/200p/cut8_5312.pickle
363
COCO mAP: 0.8267819285392761
/home/wxz/Documents/pickle/maskrcnn/200p/cut1_1140.pickle
364
COCO mAP: 0.7427846789360046
/home/wxz/Documents/pickle/maskrcnn/200p/cut4_2721.pickle
365
COCO mAP: 0.7068477869033813
/home/wxz/Documents/pickle/maskrcnn/200p/cut7_481.pickle
366
COCO mAP: 0.7037843465805054
/home/wxz/Documents/pickle/maskrcnn/200p/cut7_8105.pickle
367
COCO mAP: 0.5322543382644653
/home/wxz/Documents/pickle/maskrcnn/200p/cut8_6726.pickle
368
COCO mAP: 0.4454824924468994
/home/wxz/Documents/pickle/maskrcnn/200p/cut5_289.pickle
369
COCO mAP: 0.5178115367889404
/home/wxz/Documents/pickle/maskrcnn/200p/cut9_1601.pickle
370
COCO mAP: 0.43434029817581177
/home/wxz/Documents/pickle/maskrcnn/200p/cut9_1409.pickle
371
COCO mAP: 0.7579631805419922
/home/wxz/Documents/pickle/maskrcnn/200p/cut9_1201.pickle
372
COCO mAP: 0.5795432925224304
/home/wxz/Documents/pickle/maskrcnn/200p/cut5_6257.pickle
373
COCO mAP: 0.4533056318759918
/home/wxz/Documents/pickle/maskrcnn/200p/cut9_625.pickle
374
COCO mAP: 0.7114859223365784
/home/wxz/Documents/pickle/maskrcnn/200p/cut8_8462.pickle
375
COCO mAP: 0.5109363794326782
/home/wxz/Documents/pickle/maskrcnn/200p/cut8_8014.pickle
376
COCO mAP: 0.6693414449691772
/home/wxz/Documents/pickle/maskrcnn/200p/cut3_5409.pickle
377
COCO mAP: 0.6077889204025269
/home/wxz/Documents/pickle/maskrcnn/200p/cut2_507.pickle
378
COCO mAP: 0.627647876739502
/home/wxz/Documents/pickle/maskrcnn/200p/cut2_2485.pickle
379
COCO mAP: 0.18167823553085327
/home/wxz/Documents/pickle/maskrcnn/200p/cut6_5313.pickle
380
COCO mAP: 0.5975302457809448
/home/wxz/Documents/pickle/maskrcnn/200p/cut3_3313.pickle
381
COCO mAP: 0.750625729560852
/home/wxz/Documents/pickle/maskrcnn/200p/cut5_6545.pickle
382
COCO mAP: 0.6332002878189087
/home/wxz/Documents/pickle/maskrcnn/200p/cut3_5025.pickle
383
COCO mAP: 0.5972185134887695
/home/wxz/Documents/pickle/maskrcnn/200p/cut8_1113.pickle
384
COCO mAP: 0.7033379673957825
/home/wxz/Documents/pickle/maskrcnn/200p/cut3_8033.pickle
385
COCO mAP: 0.7745693922042847
/home/wxz/Documents/pickle/maskrcnn/200p/cut4_2841.pickle
386
COCO mAP: 0.6167817711830139
/home/wxz/Documents/pickle/maskrcnn/200p/cut3_5217.pickle
387
COCO mAP: 0.5249037742614746
/home/wxz/Documents/pickle/maskrcnn/200p/cut2_2715.pickle
388
COCO mAP: 0.4441540837287903
/home/wxz/Documents/pickle/maskrcnn/200p/cut6_7453.pickle
389
COCO mAP: 0.4477890133857727
/home/wxz/Documents/pickle/maskrcnn/200p/cut6_817.pickle
390
COCO mAP: 0.4825538098812103
/home/wxz/Documents/pickle/maskrcnn/200p/cut3_2737.pickle
391
COCO mAP: 0.328705370426178
/home/wxz/Documents/pickle/maskrcnn/200p/cut7_2885.pickle
392
COCO mAP: 0.5436508059501648
/home/wxz/Documents/pickle/maskrcnn/200p/cut5_3441.pickle
393
COCO mAP: 0.5755966901779175
/home/wxz/Documents/pickle/maskrcnn/200p/cut1_7644.pickle
394
COCO mAP: 0.28109341859817505
/home/wxz/Documents/pickle/maskrcnn/200p/cut3_5809.pickle
395
COCO mAP: 0.42054280638694763
/home/wxz/Documents/pickle/maskrcnn/200p/cut8_7804.pickle
396
COCO mAP: 0.34010156989097595
/home/wxz/Documents/pickle/maskrcnn/200p/cut3_5601.pickle
397
COCO mAP: 0.5876209139823914
/home/wxz/Documents/pickle/maskrcnn/200p/cut5_7073.pickle
398
COCO mAP: 0.5831294655799866
/home/wxz/Documents/pickle/maskrcnn/200p/cut9_6305.pickle
399
COCO mAP: 0.745456874370575
/home/wxz/Documents/pickle/maskrcnn/200p/cut3_8129.pickle
400
COCO mAP: 0.6306746006011963
/home/wxz/Documents/pickle/maskrcnn/200p/cut5_4545.pickle
401
COCO mAP: 0.3507075011730194
/home/wxz/Documents/pickle/maskrcnn/200p/cut7_3425.pickle
402
COCO mAP: 0.7320185899734497
/home/wxz/Documents/pickle/maskrcnn/200p/cut3_8513.pickle
403
COCO mAP: 0.6371899247169495
/home/wxz/Documents/pickle/maskrcnn/200p/cut8_506.pickle
404
COCO mAP: 0.25366634130477905
/home/wxz/Documents/pickle/maskrcnn/200p/cut2_5912.pickle
405
COCO mAP: 0.6077741384506226
/home/wxz/Documents/pickle/maskrcnn/200p/cut5_2545.pickle
406
COCO mAP: 0.5613593459129333
/home/wxz/Documents/pickle/maskrcnn/200p/cut3_4209.pickle
407
COCO mAP: 0.39848023653030396
/home/wxz/Documents/pickle/maskrcnn/200p/cut6_8029.pickle
408
COCO mAP: 0.5811433792114258
/home/wxz/Documents/pickle/maskrcnn/200p/cut8_7510.pickle
409
COCO mAP: 0.37770509719848633
/home/wxz/Documents/pickle/maskrcnn/200p/cut3_2001.pickle
410
COCO mAP: 0.42230916023254395
/home/wxz/Documents/pickle/maskrcnn/200p/cut3_7937.pickle
411
COCO mAP: 0.7580631375312805
/home/wxz/Documents/pickle/maskrcnn/200p/cut3_705.pickle
412
COCO mAP: 0.607866108417511
/home/wxz/Documents/pickle/maskrcnn/200p/cut4_2241.pickle
413
COCO mAP: 0.566047728061676
/home/wxz/Documents/pickle/maskrcnn/200p/cut2_7522.pickle
414
COCO mAP: 0.7419204711914062
/home/wxz/Documents/pickle/maskrcnn/200p/cut2_8879.pickle
415
COCO mAP: 0.7235050201416016
/home/wxz/Documents/pickle/maskrcnn/200p/cut9_4017.pickle
416
COCO mAP: 0.7533140182495117
/home/wxz/Documents/pickle/maskrcnn/200p/cut3_3857.pickle
417
COCO mAP: 0.7470472455024719
/home/wxz/Documents/pickle/maskrcnn/200p/cut5_4641.pickle
418
COCO mAP: 0.4451301097869873
/home/wxz/Documents/pickle/maskrcnn/200p/cut4_7024.pickle
419
COCO mAP: 0.28811782598495483
/home/wxz/Documents/pickle/maskrcnn/200p/cut5_5713.pickle
420
COCO mAP: 0.35096850991249084
/home/wxz/Documents/pickle/maskrcnn/200p/cut5_1377.pickle
421
COCO mAP: 0.5691543817520142
/home/wxz/Documents/pickle/maskrcnn/200p/cut7_3545.pickle
422
COCO mAP: 0.584422767162323
/home/wxz/Documents/pickle/maskrcnn/200p/cut5_3105.pickle
423
COCO mAP: 0.7810105681419373
/home/wxz/Documents/pickle/maskrcnn/200p/cut1_4671.pickle
424
COCO mAP: 0.6336081624031067
/home/wxz/Documents/pickle/maskrcnn/200p/cut4_6293.pickle
425
COCO mAP: 0.6221915483474731
/home/wxz/Documents/pickle/maskrcnn/200p/cut9_2033.pickle
426
COCO mAP: 0.6819185018539429
/home/wxz/Documents/pickle/maskrcnn/200p/cut9_4913.pickle
427
COCO mAP: 0.29377061128616333
/home/wxz/Documents/pickle/maskrcnn/200p/cut5_1713.pickle
428
COCO mAP: 0.6075357794761658
/home/wxz/Documents/pickle/maskrcnn/200p/cut8_8602.pickle
429
COCO mAP: 0.42069005966186523
/home/wxz/Documents/pickle/maskrcnn/200p/cut1_2908.pickle
430
COCO mAP: 0.3353135287761688
/home/wxz/Documents/pickle/maskrcnn/200p/cut8_4431.pickle
431
COCO mAP: 0.16849251091480255
/home/wxz/Documents/pickle/maskrcnn/200p/cut3_1633.pickle
432
COCO mAP: 0.3258625864982605
/home/wxz/Documents/pickle/maskrcnn/200p/cut5_3633.pickle
433
COCO mAP: 0.4383273124694824
/home/wxz/Documents/pickle/maskrcnn/200p/cut3_609.pickle
434
COCO mAP: 0.5110148191452026
/home/wxz/Documents/pickle/maskrcnn/200p/cut3_417.pickle
435
COCO mAP: 0.41745615005493164
/home/wxz/Documents/pickle/maskrcnn/200p/cut2_3704.pickle
436
COCO mAP: 0.3619418144226074
/home/wxz/Documents/pickle/maskrcnn/200p/cut4_461.pickle
437
COCO mAP: 0.6361212730407715
/home/wxz/Documents/pickle/maskrcnn/200p/cut2_7361.pickle
438
COCO mAP: 0.6976481676101685
/home/wxz/Documents/pickle/maskrcnn/200p/cut8_1827.pickle
439
COCO mAP: 0.548125147819519
/home/wxz/Documents/pickle/maskrcnn/200p/cut2_8603.pickle
440
COCO mAP: 0.5831575989723206
/home/wxz/Documents/pickle/maskrcnn/200p/cut8_2331.pickle
441
COCO mAP: 0.4371793866157532
/home/wxz/Documents/pickle/maskrcnn/200p/cut7_2145.pickle
442
COCO mAP: 0.6425026655197144
/home/wxz/Documents/pickle/maskrcnn/200p/cut9_6145.pickle
443
COCO mAP: 0.49784284830093384
/home/wxz/Documents/pickle/maskrcnn/200p/cut2_3106.pickle
444
COCO mAP: 0.5802099108695984
/home/wxz/Documents/pickle/maskrcnn/200p/cut3_6001.pickle
445
COCO mAP: 0.4705530107021332
/home/wxz/Documents/pickle/maskrcnn/200p/cut3_1809.pickle
446
COCO mAP: 0.26460394263267517
/home/wxz/Documents/pickle/maskrcnn/200p/cut1_8319.pickle
447
COCO mAP: 0.6907919645309448
/home/wxz/Documents/pickle/maskrcnn/200p/cut6_193.pickle
448
COCO mAP: 0.6567713022232056
/home/wxz/Documents/pickle/maskrcnn/200p/cut1_1846.pickle
449
COCO mAP: 0.13982069492340088
/home/wxz/Documents/pickle/maskrcnn/200p/cut6_8785.pickle
450
COCO mAP: 0.6782089471817017
/home/wxz/Documents/pickle/maskrcnn/200p/cut9_5409.pickle
451
COCO mAP: 0.632606029510498
/home/wxz/Documents/pickle/maskrcnn/200p/cut5_657.pickle
452
COCO mAP: 0.5959817171096802
/home/wxz/Documents/pickle/maskrcnn/200p/cut6_8353.pickle
453
COCO mAP: 0.36199432611465454
/home/wxz/Documents/pickle/maskrcnn/200p/cut8_8924.pickle
454
COCO mAP: 0.13857534527778625
/home/wxz/Documents/pickle/maskrcnn/200p/cut6_5934.pickle
455
COCO mAP: 0.5094540119171143
/home/wxz/Documents/pickle/maskrcnn/200p/cut3_8417.pickle
456
COCO mAP: 0.6577410697937012
/home/wxz/Documents/pickle/maskrcnn/200p/cut4_8068.pickle
457
COCO mAP: 0.5141091346740723
/home/wxz/Documents/pickle/maskrcnn/200p/cut9_1105.pickle
458
COCO mAP: 0.7178350687026978
/home/wxz/Documents/pickle/maskrcnn/200p/cut7_8825.pickle
459
COCO mAP: 0.4747099280357361
/home/wxz/Documents/pickle/maskrcnn/200p/cut2_3612.pickle
460
COCO mAP: 0.4152318835258484
/home/wxz/Documents/pickle/maskrcnn/200p/cut6_3041.pickle
461
COCO mAP: 0.7848355174064636
/home/wxz/Documents/pickle/maskrcnn/200p/cut7_4425.pickle
462
COCO mAP: 0.7938001751899719
/home/wxz/Documents/pickle/maskrcnn/200p/cut7_6705.pickle
463
COCO mAP: 0.091667041182518
/home/wxz/Documents/pickle/maskrcnn/200p/cut9_209.pickle
464
COCO mAP: 0.7565309405326843
/home/wxz/Documents/pickle/maskrcnn/200p/cut4_261.pickle
465
COCO mAP: 0.5111047029495239
/home/wxz/Documents/pickle/maskrcnn/200p/cut4_3401.pickle
466
COCO mAP: 0.553447425365448
/home/wxz/Documents/pickle/maskrcnn/200p/cut3_3217.pickle
467
COCO mAP: 0.6166543960571289
/home/wxz/Documents/pickle/maskrcnn/200p/cut9_4641.pickle
468
COCO mAP: 0.672093391418457
/home/wxz/Documents/pickle/maskrcnn/200p/cut7_6365.pickle
469
COCO mAP: 0.5403388738632202
/home/wxz/Documents/pickle/maskrcnn/200p/cut4_3241.pickle
470
COCO mAP: 0.5366255044937134
/home/wxz/Documents/pickle/maskrcnn/200p/cut8_8546.pickle
471
COCO mAP: 0.5015984177589417
/home/wxz/Documents/pickle/maskrcnn/200p/cut8_8840.pickle
472
COCO mAP: 0.5273810625076294
/home/wxz/Documents/pickle/maskrcnn/200p/cut3_7505.pickle
473
COCO mAP: 0.8265324831008911
/home/wxz/Documents/pickle/maskrcnn/200p/cut5_7969.pickle
474
COCO mAP: 0.6767550706863403
/home/wxz/Documents/pickle/maskrcnn/200p/cut4_7258.pickle
475
COCO mAP: 0.38007852435112
/home/wxz/Documents/pickle/maskrcnn/200p/cut4_1801.pickle
476
COCO mAP: 0.6022763848304749
/home/wxz/Documents/pickle/maskrcnn/200p/cut7_4845.pickle
477
COCO mAP: 0.5159077644348145
/home/wxz/Documents/pickle/maskrcnn/200p/cut6_8137.pickle
478
COCO mAP: 0.48662155866622925
/home/wxz/Documents/pickle/maskrcnn/200p/cut4_761.pickle
479
COCO mAP: 0.4477318823337555
/home/wxz/Documents/pickle/maskrcnn/200p/cut2_8925.pickle
480
COCO mAP: 0.54308021068573
/home/wxz/Documents/pickle/maskrcnn/200p/cut4_5281.pickle
481
COCO mAP: 0.4847869873046875
/home/wxz/Documents/pickle/maskrcnn/200p/cut1_5700.pickle
482
COCO mAP: 0.6867333650588989
/home/wxz/Documents/pickle/maskrcnn/200p/cut7_641.pickle
483
COCO mAP: 0.4511570334434509
/home/wxz/Documents/pickle/maskrcnn/200p/cut2_5751.pickle
484
COCO mAP: 0.11694905906915665
/home/wxz/Documents/pickle/maskrcnn/200p/cut9_113.pickle
485
COCO mAP: 0.806362509727478
/home/wxz/Documents/pickle/maskrcnn/200p/cut4_7348.pickle
486
COCO mAP: 0.45324987173080444
/home/wxz/Documents/pickle/maskrcnn/200p/cut1_3438.pickle
487
COCO mAP: 0.1684764325618744
/home/wxz/Documents/pickle/maskrcnn/200p/cut7_4305.pickle
488
COCO mAP: 0.6127187013626099
/home/wxz/Documents/pickle/maskrcnn/200p/cut5_897.pickle
489
COCO mAP: 0.7148463129997253
/home/wxz/Documents/pickle/maskrcnn/200p/cut3_3601.pickle
490
COCO mAP: 0.6008555293083191
/home/wxz/Documents/pickle/maskrcnn/200p/cut5_8881.pickle
491
COCO mAP: 0.6335488557815552
/home/wxz/Documents/pickle/maskrcnn/200p/cut5_3729.pickle
492
COCO mAP: 0.4654576778411865
/home/wxz/Documents/pickle/maskrcnn/200p/cut4_6412.pickle
493
COCO mAP: 0.46053290367126465
/home/wxz/Documents/pickle/maskrcnn/200p/cut5_3809.pickle
494
COCO mAP: 0.4580901563167572
/home/wxz/Documents/pickle/maskrcnn/200p/cut4_7672.pickle
495
COCO mAP: 0.37704023718833923
/home/wxz/Documents/pickle/maskrcnn/200p/cut1_2820.pickle
496
COCO mAP: 0.18471240997314453
/home/wxz/Documents/pickle/maskrcnn/200p/cut4_521.pickle
497
COCO mAP: 0.5285118222236633
/home/wxz/Documents/pickle/maskrcnn/200p/cut9_1937.pickle
498
COCO mAP: 0.4474819302558899
/home/wxz/Documents/pickle/maskrcnn/200p/cut6_5611.pickle
499
COCO mAP: 0.5548491477966309
/home/wxz/Documents/pickle/maskrcnn/200p/cut4_2001.pickle
500
COCO mAP: 0.16316139698028564
/home/wxz/Documents/pickle/maskrcnn/200p/cut1_5373.pickle
501
COCO mAP: 0.8066383600234985
/home/wxz/Documents/pickle/maskrcnn/200p/cut8_912.pickle
502
COCO mAP: 0.5316985845565796
/home/wxz/Documents/pickle/maskrcnn/200p/cut6_6750.pickle
503
COCO mAP: 0.47031712532043457
/home/wxz/Documents/pickle/maskrcnn/200p/cut4_5401.pickle
504
COCO mAP: 0.6258958578109741
/home/wxz/Documents/pickle/maskrcnn/200p/cut3_3505.pickle
505
COCO mAP: 0.5499372482299805
/home/wxz/Documents/pickle/maskrcnn/200p/cut5_8353.pickle
506
COCO mAP: 0.3207034468650818
/home/wxz/Documents/pickle/maskrcnn/200p/cut6_8461.pickle
507
COCO mAP: 0.5293190479278564
/home/wxz/Documents/pickle/maskrcnn/200p/cut7_5945.pickle
508
COCO mAP: 0.5522041320800781
/home/wxz/Documents/pickle/maskrcnn/200p/cut3_2609.pickle
509
COCO mAP: 0.7522860169410706
/home/wxz/Documents/pickle/maskrcnn/200p/cut6_7741.pickle
510
COCO mAP: 0.46932244300842285
/home/wxz/Documents/pickle/maskrcnn/200p/cut8_4613.pickle
511
COCO mAP: 0.5947725176811218
/home/wxz/Documents/pickle/maskrcnn/200p/cut2_852.pickle
512
COCO mAP: 0.6995030641555786
/home/wxz/Documents/pickle/maskrcnn/200p/cut5_4017.pickle
513
COCO mAP: 0.6048402190208435
/home/wxz/Documents/pickle/maskrcnn/200p/cut1_4931.pickle
514
COCO mAP: 0.6699686646461487
/home/wxz/Documents/pickle/maskrcnn/200p/cut6_5201.pickle
515
COCO mAP: 0.32730966806411743
/home/wxz/Documents/pickle/maskrcnn/200p/cut8_3619.pickle
516
COCO mAP: 0.34206077456474304
/home/wxz/Documents/pickle/maskrcnn/200p/cut2_6717.pickle
517
COCO mAP: 0.7223905920982361
/home/wxz/Documents/pickle/maskrcnn/200p/cut4_7996.pickle
518
COCO mAP: 0.5808747410774231
/home/wxz/Documents/pickle/maskrcnn/200p/cut8_1519.pickle
519
COCO mAP: 0.8440200090408325
/home/wxz/Documents/pickle/maskrcnn/200p/cut2_5061.pickle
520
COCO mAP: 0.5240871906280518
/home/wxz/Documents/pickle/maskrcnn/200p/cut5_7265.pickle
521
COCO mAP: 0.7014586329460144
/home/wxz/Documents/pickle/maskrcnn/200p/cut5_2401.pickle
522
COCO mAP: 0.6029248833656311
/home/wxz/Documents/pickle/maskrcnn/200p/cut2_8741.pickle
523
COCO mAP: 0.17704716324806213
/home/wxz/Documents/pickle/maskrcnn/200p/cut6_2433.pickle
524
COCO mAP: 0.5427780747413635
/home/wxz/Documents/pickle/maskrcnn/200p/cut3_1.pickle
525
COCO mAP: 0.724648118019104
/home/wxz/Documents/pickle/maskrcnn/200p/cut4_1761.pickle
526
COCO mAP: 0.3817477226257324
/home/wxz/Documents/pickle/maskrcnn/200p/cut5_6929.pickle
527
COCO mAP: 0.5145511627197266
/home/wxz/Documents/pickle/maskrcnn/200p/cut2_7430.pickle
528
COCO mAP: 0.7416619062423706
/home/wxz/Documents/pickle/maskrcnn/200p/cut9_2801.pickle
529
COCO mAP: 0.720281720161438
/home/wxz/Documents/pickle/maskrcnn/200p/cut6_6189.pickle
530
COCO mAP: 0.46478620171546936
/home/wxz/Documents/pickle/maskrcnn/200p/cut5_2817.pickle
531
COCO mAP: 0.4903739094734192
/home/wxz/Documents/pickle/maskrcnn/200p/cut2_7660.pickle
532
COCO mAP: 0.6619259119033813
/home/wxz/Documents/pickle/maskrcnn/200p/cut6_7975.pickle
533
COCO mAP: 0.4535551965236664
/home/wxz/Documents/pickle/maskrcnn/200p/cut3_6865.pickle
534
COCO mAP: 0.7157227396965027
/home/wxz/Documents/pickle/maskrcnn/200p/cut8_4515.pickle
535
COCO mAP: 0.6135144233703613
/home/wxz/Documents/pickle/maskrcnn/200p/cut3_3393.pickle
536
COCO mAP: 0.641420841217041
/home/wxz/Documents/pickle/maskrcnn/200p/cut1_879.pickle
537
COCO mAP: 0.43892282247543335
/home/wxz/Documents/pickle/maskrcnn/200p/cut9_3329.pickle
538
COCO mAP: 0.24752476811408997
/home/wxz/Documents/pickle/maskrcnn/200p/cut2_8143.pickle
539
COCO mAP: 0.603927731513977
/home/wxz/Documents/pickle/maskrcnn/200p/cut4_5817.pickle
540
COCO mAP: 0.35472962260246277
/home/wxz/Documents/pickle/maskrcnn/200p/cut9_5505.pickle
541
COCO mAP: 0.6463804841041565
/home/wxz/Documents/pickle/maskrcnn/200p/cut2_4762.pickle
542
COCO mAP: 0.4399378299713135
/home/wxz/Documents/pickle/maskrcnn/200p/cut4_3621.pickle
543
COCO mAP: 0.5000521540641785
/home/wxz/Documents/pickle/maskrcnn/200p/cut6_1489.pickle
544
COCO mAP: 0.5508858561515808
/home/wxz/Documents/pickle/maskrcnn/200p/cut1_3174.pickle
545
COCO mAP: 0.2524752616882324
/home/wxz/Documents/pickle/maskrcnn/200p/cut6_5832.pickle
546
COCO mAP: 0.4096849858760834
/home/wxz/Documents/pickle/maskrcnn/200p/cut6_5105.pickle
547
COCO mAP: 0.391585111618042
/home/wxz/Documents/pickle/maskrcnn/200p/cut4_161.pickle
548
COCO mAP: 0.6238125562667847
/home/wxz/Documents/pickle/maskrcnn/200p/cut3_4305.pickle
549
COCO mAP: 0.5179973840713501
/home/wxz/Documents/pickle/maskrcnn/200p/cut1_3526.pickle
550
COCO mAP: 0.22692961990833282
/home/wxz/Documents/pickle/maskrcnn/200p/cut2_7292.pickle
551
COCO mAP: 0.8505868911743164
/home/wxz/Documents/pickle/maskrcnn/200p/cut7_4725.pickle
552
COCO mAP: 0.6203569769859314
/home/wxz/Documents/pickle/maskrcnn/200p/cut3_3793.pickle
553
COCO mAP: 0.5195893049240112
/home/wxz/Documents/pickle/maskrcnn/200p/cut5_3537.pickle
554
COCO mAP: 0.43782058358192444
/home/wxz/Documents/pickle/maskrcnn/200p/cut5_2913.pickle
555
COCO mAP: 0.8264248967170715
/home/wxz/Documents/pickle/maskrcnn/200p/cut7_7945.pickle
556
COCO mAP: 0.7249981164932251
/home/wxz/Documents/pickle/maskrcnn/200p/cut8_7412.pickle
557
COCO mAP: 0.33572137355804443
/home/wxz/Documents/pickle/maskrcnn/200p/cut3_6193.pickle
558
COCO mAP: 0.5872042179107666
/home/wxz/Documents/pickle/maskrcnn/200p/cut4_3001.pickle
559
COCO mAP: 0.5212593078613281
/home/wxz/Documents/pickle/maskrcnn/200p/cut4_5901.pickle
560
COCO mAP: 0.46865716576576233
/home/wxz/Documents/pickle/maskrcnn/200p/cut2_1036.pickle
561
COCO mAP: 0.22546017169952393
/home/wxz/Documents/pickle/maskrcnn/200p/cut8_1715.pickle
562
COCO mAP: 0.7333282232284546
/home/wxz/Documents/pickle/maskrcnn/200p/cut5_8992.pickle
563
COCO mAP: 0.6851221919059753
/home/wxz/Documents/pickle/maskrcnn/200p/cut6_3617.pickle
564
COCO mAP: 0.5080587863922119
/home/wxz/Documents/pickle/maskrcnn/200p/cut5_6641.pickle
565
COCO mAP: 0.6336218118667603
/home/wxz/Documents/pickle/maskrcnn/200p/cut6_6240.pickle
566
COCO mAP: 0.3304426670074463
/home/wxz/Documents/pickle/maskrcnn/200p/cut8_4906.pickle
567
COCO mAP: 0.5140678882598877
/home/wxz/Documents/pickle/maskrcnn/200p/cut6_8947.pickle
568
COCO mAP: 0.4785926938056946
/home/wxz/Documents/pickle/maskrcnn/200p/cut7_1.pickle
569
COCO mAP: 0.5850591659545898
/home/wxz/Documents/pickle/maskrcnn/200p/cut1_2471.pickle
570
COCO mAP: 0.40062469244003296
/home/wxz/Documents/pickle/maskrcnn/200p/cut6_2001.pickle
571
COCO mAP: 0.5406919717788696
/home/wxz/Documents/pickle/maskrcnn/200p/cut6_1201.pickle
572
COCO mAP: 0.5492669343948364
/home/wxz/Documents/pickle/maskrcnn/200p/cut6_6903.pickle
573
COCO mAP: 0.4312500059604645
/home/wxz/Documents/pickle/maskrcnn/200p/cut2_93.pickle
574
COCO mAP: 0.3620007634162903
/home/wxz/Documents/pickle/maskrcnn/200p/cut5_8545.pickle
575
COCO mAP: 0.3327339291572571
/home/wxz/Documents/pickle/maskrcnn/200p/cut7_1105.pickle
576
COCO mAP: 0.5320307016372681
/home/wxz/Documents/pickle/maskrcnn/200p/cut7_1855.pickle
577
COCO mAP: 0.6911207437515259
/home/wxz/Documents/pickle/maskrcnn/200p/cut5_8785.pickle
578
COCO mAP: 0.6966346502304077
/home/wxz/Documents/pickle/maskrcnn/200p/cut2_6510.pickle
579
COCO mAP: 0.7021158933639526
/home/wxz/Documents/pickle/maskrcnn/200p/cut8_1645.pickle
580
COCO mAP: 0.8291983604431152
/home/wxz/Documents/pickle/maskrcnn/200p/cut4_5321.pickle
581
COCO mAP: 0.5068436861038208
/home/wxz/Documents/pickle/maskrcnn/200p/cut2_6418.pickle
582
COCO mAP: 0.6322911977767944
/home/wxz/Documents/pickle/maskrcnn/200p/cut9_1009.pickle
583
COCO mAP: 0.5245357751846313
/home/wxz/Documents/pickle/maskrcnn/200p/cut7_6645.pickle
584
COCO mAP: 0.7666739225387573
/home/wxz/Documents/pickle/maskrcnn/200p/cut4_1681.pickle
585
COCO mAP: 0.48612672090530396
/home/wxz/Documents/pickle/maskrcnn/200p/cut9_401.pickle
586
COCO mAP: 0.4776739478111267
/home/wxz/Documents/pickle/maskrcnn/200p/cut3_2209.pickle
587
COCO mAP: 0.6211684346199036
/home/wxz/Documents/pickle/maskrcnn/200p/cut8_4809.pickle
588
COCO mAP: 0.3318088948726654
/home/wxz/Documents/pickle/maskrcnn/200p/cut6_4641.pickle
589
COCO mAP: 0.26622509956359863
/home/wxz/Documents/pickle/maskrcnn/200p/cut7_833.pickle
590
COCO mAP: 0.5171065926551819
/home/wxz/Documents/pickle/maskrcnn/200p/cut5_6113.pickle
591
COCO mAP: 0.3419882655143738
/home/wxz/Documents/pickle/maskrcnn/200p/cut6_7867.pickle
592
COCO mAP: 0.4797977805137634
/home/wxz/Documents/pickle/maskrcnn/200p/cut6_6444.pickle
593
COCO mAP: 0.41760796308517456
/home/wxz/Documents/pickle/maskrcnn/200p/cut1_4139.pickle
594
COCO mAP: 0.6518523097038269
/home/wxz/Documents/pickle/maskrcnn/200p/cut3_817.pickle
595
COCO mAP: 0.3834875226020813
/home/wxz/Documents/pickle/maskrcnn/200p/cut4_1.pickle
596
COCO mAP: 0.6641743779182434
/home/wxz/Documents/pickle/maskrcnn/200p/cut4_2121.pickle
597
COCO mAP: 0.5872933268547058
/home/wxz/Documents/pickle/maskrcnn/200p/cut2_8534.pickle
598
COCO mAP: 0.6181873679161072
/home/wxz/Documents/pickle/maskrcnn/200p/cut4_4721.pickle
599
COCO mAP: 0.46527785062789917
/home/wxz/Documents/pickle/maskrcnn/200p/cut1_8759.pickle
600
COCO mAP: 0.6346471905708313
/home/wxz/Documents/pickle/maskrcnn/200p/cut8_2737.pickle
601
COCO mAP: 0.6584644317626953
/home/wxz/Documents/pickle/maskrcnn/200p/cut8_3003.pickle
602
COCO mAP: 0.6493393182754517
/home/wxz/Documents/pickle/maskrcnn/200p/cut4_3341.pickle
603
COCO mAP: 0.5315207242965698
/home/wxz/Documents/pickle/maskrcnn/200p/cut4_8914.pickle
604
COCO mAP: 0.6034075617790222
/home/wxz/Documents/pickle/maskrcnn/200p/cut6_1537.pickle
605
COCO mAP: 0.2725884020328522
/home/wxz/Documents/pickle/maskrcnn/200p/cut3_4737.pickle
606
COCO mAP: 0.6491804718971252
/home/wxz/Documents/pickle/maskrcnn/200p/cut1_8509.pickle
607
COCO mAP: 0.5743796825408936
/home/wxz/Documents/pickle/maskrcnn/200p/cut5_4929.pickle
608
COCO mAP: 0.12544119358062744
/home/wxz/Documents/pickle/maskrcnn/200p/cut2_6602.pickle
609
COCO mAP: 0.6566829085350037
/home/wxz/Documents/pickle/maskrcnn/200p/cut7_7465.pickle
610
COCO mAP: 0.49997663497924805
/home/wxz/Documents/pickle/maskrcnn/200p/cut3_2305.pickle
611
COCO mAP: 0.683408796787262
/home/wxz/Documents/pickle/maskrcnn/200p/cut6_4241.pickle
612
COCO mAP: 0.6042935252189636
/home/wxz/Documents/pickle/maskrcnn/200p/cut3_5313.pickle
613
COCO mAP: 0.4600093960762024
/home/wxz/Documents/pickle/maskrcnn/200p/cut7_3665.pickle
614
COCO mAP: 0.49245724081993103
/home/wxz/Documents/pickle/maskrcnn/200p/cut7_5445.pickle
615
COCO mAP: 0.580207347869873
/home/wxz/Documents/pickle/maskrcnn/200p/cut1_5107.pickle
616
COCO mAP: 0.6534591317176819
/home/wxz/Documents/pickle/maskrcnn/200p/cut6_5009.pickle
617
COCO mAP: 0.6035138964653015
/home/wxz/Documents/pickle/maskrcnn/200p/cut3_4833.pickle
618
COCO mAP: 0.49500736594200134
/home/wxz/Documents/pickle/maskrcnn/200p/cut1_6068.pickle
619
COCO mAP: 0.3617493212223053
/home/wxz/Documents/pickle/maskrcnn/200p/cut8_7706.pickle
620
COCO mAP: 0.3832426965236664
/home/wxz/Documents/pickle/maskrcnn/200p/cut6_5409.pickle
621
COCO mAP: 0.4152922034263611
/home/wxz/Documents/pickle/maskrcnn/200p/cut4_6141.pickle
622
COCO mAP: 0.5388956665992737
/home/wxz/Documents/pickle/maskrcnn/200p/cut7_2017.pickle
623
COCO mAP: 0.7089184522628784
/home/wxz/Documents/pickle/maskrcnn/200p/cut9_5601.pickle
624
COCO mAP: 0.49505385756492615
/home/wxz/Documents/pickle/maskrcnn/200p/cut3_7649.pickle
625
COCO mAP: 0.4552792012691498
/home/wxz/Documents/pickle/maskrcnn/200p/cut4_361.pickle
626
COCO mAP: 0.7129097580909729
/home/wxz/Documents/pickle/maskrcnn/200p/cut4_5521.pickle
627
COCO mAP: 0.47635722160339355
/home/wxz/Documents/pickle/maskrcnn/200p/cut6_689.pickle
628
COCO mAP: 0.5538908243179321
/home/wxz/Documents/pickle/maskrcnn/200p/cut4_4121.pickle
629
COCO mAP: 0.3897843062877655
/home/wxz/Documents/pickle/maskrcnn/200p/cut7_8225.pickle
630
COCO mAP: 0.4354555606842041
/home/wxz/Documents/pickle/maskrcnn/200p/cut4_4841.pickle
631
COCO mAP: 0.38358163833618164
/home/wxz/Documents/pickle/maskrcnn/200p/cut9_305.pickle
632
COCO mAP: 0.7447966933250427
/home/wxz/Documents/pickle/maskrcnn/200p/cut9_5713.pickle
633
COCO mAP: 0.6710962057113647
/home/wxz/Documents/pickle/maskrcnn/200p/cut4_3901.pickle
634
COCO mAP: 0.4606916010379791
/home/wxz/Documents/pickle/maskrcnn/200p/cut1_2558.pickle
635
COCO mAP: 0.14628161489963531
/home/wxz/Documents/pickle/maskrcnn/200p/cut8_5620.pickle
636
COCO mAP: 0.6914023160934448
/home/wxz/Documents/pickle/maskrcnn/200p/cut3_3169.pickle
637
COCO mAP: 0.6223540902137756
/home/wxz/Documents/pickle/maskrcnn/200p/cut4_6201.pickle
638
COCO mAP: 0.5747990012168884
/home/wxz/Documents/pickle/maskrcnn/200p/cut2_1312.pickle
639
COCO mAP: 0.2820606529712677
/home/wxz/Documents/pickle/maskrcnn/200p/cut6_1905.pickle
640
COCO mAP: 0.4147353172302246
/home/wxz/Documents/pickle/maskrcnn/200p/cut9_3729.pickle
641
COCO mAP: 0.6369105577468872
/home/wxz/Documents/pickle/maskrcnn/200p/cut2_6142.pickle
642
COCO mAP: 0.6182472705841064
/home/wxz/Documents/pickle/maskrcnn/200p/cut3_8705.pickle
643
COCO mAP: 0.7564802169799805
/home/wxz/Documents/pickle/maskrcnn/200p/cut8_5032.pickle
644
COCO mAP: 0.3800806403160095
/home/wxz/Documents/pickle/maskrcnn/200p/cut8_2905.pickle
645
COCO mAP: 0.4638388156890869
/home/wxz/Documents/pickle/maskrcnn/200p/cut2_2002.pickle
646
COCO mAP: 0.48718470335006714
/home/wxz/Documents/pickle/maskrcnn/200p/cut8_209.pickle
647
COCO mAP: 0.5465649366378784
/home/wxz/Documents/pickle/maskrcnn/200p/cut2_8327.pickle
648
COCO mAP: 0.6871492266654968
/home/wxz/Documents/pickle/maskrcnn/200p/cut5_5617.pickle
649
COCO mAP: 0.36023205518722534
/home/wxz/Documents/pickle/maskrcnn/200p/cut7_3245.pickle
650
COCO mAP: 0.5551057457923889
/home/wxz/Documents/pickle/maskrcnn/200p/cut9_5169.pickle
651
COCO mAP: 0.41166192293167114
/home/wxz/Documents/pickle/maskrcnn/200p/cut9_2321.pickle
652
COCO mAP: 0.6977220773696899
/home/wxz/Documents/pickle/maskrcnn/200p/cut7_5625.pickle
653
COCO mAP: 0.606194794178009
/home/wxz/Documents/pickle/maskrcnn/200p/cut8_5410.pickle
654
COCO mAP: 0.746135413646698
/home/wxz/Documents/pickle/maskrcnn/200p/cut8_2009.pickle
655
COCO mAP: 0.7869521975517273
/home/wxz/Documents/pickle/maskrcnn/200p/cut8_604.pickle
656
COCO mAP: 0.6138262748718262
/home/wxz/Documents/pickle/maskrcnn/200p/cut7_737.pickle
657
COCO mAP: 0.6584280729293823
/home/wxz/Documents/pickle/maskrcnn/200p/cut6_3425.pickle
658
COCO mAP: 0.7152367830276489
/home/wxz/Documents/pickle/maskrcnn/200p/cut7_7185.pickle
659
COCO mAP: 0.28778213262557983
/home/wxz/Documents/pickle/maskrcnn/200p/cut5_2209.pickle
660
COCO mAP: 0.5797935724258423
/home/wxz/Documents/pickle/maskrcnn/200p/cut4_4541.pickle
661
COCO mAP: 0.817912220954895
/home/wxz/Documents/pickle/maskrcnn/200p/cut3_5121.pickle
662
COCO mAP: 0.4009825587272644
/home/wxz/Documents/pickle/maskrcnn/200p/cut1_4403.pickle
663
COCO mAP: 0.7447034120559692
/home/wxz/Documents/pickle/maskrcnn/200p/cut6_2945.pickle
664
COCO mAP: 0.6065317392349243
/home/wxz/Documents/pickle/maskrcnn/200p/cut1_6244.pickle
665
COCO mAP: 0.7253085374832153
/home/wxz/Documents/pickle/maskrcnn/200p/cut5_4401.pickle
666
COCO mAP: 0.5165627002716064
/home/wxz/Documents/pickle/maskrcnn/200p/cut8_3213.pickle
667
COCO mAP: 0.6764641404151917
/home/wxz/Documents/pickle/maskrcnn/200p/cut2_3520.pickle
668
COCO mAP: 0.5482801198959351
/home/wxz/Documents/pickle/maskrcnn/200p/cut7_1747.pickle
669
COCO mAP: 0.6295287609100342
/home/wxz/Documents/pickle/maskrcnn/200p/cut6_1713.pickle
670
COCO mAP: 0.538784921169281
/home/wxz/Documents/pickle/maskrcnn/200p/cut4_8752.pickle
671
COCO mAP: 0.7343184947967529
/home/wxz/Documents/pickle/maskrcnn/200p/cut3_3713.pickle
672
COCO mAP: 0.5055686831474304
/home/wxz/Documents/pickle/maskrcnn/200p/cut8_4305.pickle
673
COCO mAP: 0.46426787972450256
/home/wxz/Documents/pickle/maskrcnn/200p/cut5_5905.pickle
674
COCO mAP: 0.5692981481552124
/home/wxz/Documents/pickle/maskrcnn/200p/cut9_6049.pickle
675
COCO mAP: 0.6280452609062195
/home/wxz/Documents/pickle/maskrcnn/200p/cut6_6546.pickle
676
COCO mAP: 0.5380318760871887
/home/wxz/Documents/pickle/maskrcnn/200p/cut5_2625.pickle
677
COCO mAP: 0.6001845598220825
/home/wxz/Documents/pickle/maskrcnn/200p/cut6_6342.pickle
678
COCO mAP: 0.4596852660179138
/home/wxz/Documents/pickle/maskrcnn/200p/cut7_929.pickle
679
COCO mAP: 0.6076211333274841
/home/wxz/Documents/pickle/maskrcnn/200p/cut3_2513.pickle
680
COCO mAP: 0.5910459756851196
/home/wxz/Documents/pickle/maskrcnn/200p/cut5_1.pickle
681
COCO mAP: 0.2514176666736603
/home/wxz/Documents/pickle/maskrcnn/200p/cut9_1505.pickle
682
COCO mAP: 0.40186819434165955
/home/wxz/Documents/pickle/maskrcnn/200p/cut8_5928.pickle
683
COCO mAP: 0.7053291201591492
/home/wxz/Documents/pickle/maskrcnn/200p/cut9_4737.pickle
684
COCO mAP: 0.9125756025314331
/home/wxz/Documents/pickle/maskrcnn/200p/cut5_2721.pickle
685
COCO mAP: 0.6486928462982178
/home/wxz/Documents/pickle/maskrcnn/200p/cut6_2385.pickle
686
COCO mAP: 0.5681544542312622
/home/wxz/Documents/pickle/maskrcnn/200p/cut7_7285.pickle
687
COCO mAP: 0.6610939502716064
/home/wxz/Documents/pickle/maskrcnn/200p/cut8_1911.pickle
688
COCO mAP: 0.44169530272483826
/home/wxz/Documents/pickle/maskrcnn/200p/cut3_7153.pickle
689
COCO mAP: 0.47019490599632263
/home/wxz/Documents/pickle/maskrcnn/200p/cut4_5709.pickle
690
COCO mAP: 0.5094634890556335
/home/wxz/Documents/pickle/maskrcnn/200p/cut1_6909.pickle
691
COCO mAP: 0.22600975632667542
/home/wxz/Documents/pickle/maskrcnn/200p/cut8_6110.pickle
692
COCO mAP: 0.776138186454773
/home/wxz/Documents/pickle/maskrcnn/200p/cut3_2401.pickle
693
COCO mAP: 0.607254147529602
/home/wxz/Documents/pickle/maskrcnn/200p/cut7_6285.pickle
694
COCO mAP: 0.6334896683692932
/home/wxz/Documents/pickle/maskrcnn/200p/cut8_4725.pickle
695
COCO mAP: 0.3237173557281494
/home/wxz/Documents/pickle/maskrcnn/200p/cut9_721.pickle
696
COCO mAP: 0.4688470959663391
/home/wxz/Documents/pickle/maskrcnn/200p/cut1_704.pickle
697
COCO mAP: 0.35333070158958435
/home/wxz/Documents/pickle/maskrcnn/200p/cut9_3233.pickle
698
COCO mAP: 0.07524752616882324
/home/wxz/Documents/pickle/maskrcnn/200p/cut3_6097.pickle
699
COCO mAP: 0.6212669610977173
/home/wxz/Documents/pickle/maskrcnn/200p/cut8_7608.pickle
700
COCO mAP: 0.49293965101242065
/home/wxz/Documents/pickle/maskrcnn/200p/cut8_8252.pickle
701
COCO mAP: 0.510659396648407
/home/wxz/Documents/pickle/maskrcnn/200p/cut7_8705.pickle
702
COCO mAP: 0.681527853012085
/home/wxz/Documents/pickle/maskrcnn/200p/cut5_5313.pickle
703
COCO mAP: 0.3719072639942169
/home/wxz/Documents/pickle/maskrcnn/200p/cut5_1089.pickle
704
COCO mAP: 0.4863702654838562
/home/wxz/Documents/pickle/maskrcnn/200p/cut8_5522.pickle
705
COCO mAP: 0.8388417959213257
/home/wxz/Documents/pickle/maskrcnn/200p/cut5_7729.pickle
706
COCO mAP: 0.5836093425750732
/home/wxz/Documents/pickle/maskrcnn/200p/cut3_8945.pickle
707
COCO mAP: 0.3070867657661438
/home/wxz/Documents/pickle/maskrcnn/200p/cut2_6901.pickle
708
COCO mAP: 0.6243289113044739
/home/wxz/Documents/pickle/maskrcnn/200p/cut5_1617.pickle
709
COCO mAP: 0.4373645782470703
/home/wxz/Documents/pickle/maskrcnn/200p/cut1_8864.pickle
710
COCO mAP: 0.6578789353370667
/home/wxz/Documents/pickle/maskrcnn/200p/cut3_2257.pickle
711
COCO mAP: 0.38332074880599976
/home/wxz/Documents/pickle/maskrcnn/200p/cut3_8801.pickle
712
COCO mAP: 0.31865113973617554
/home/wxz/Documents/pickle/maskrcnn/200p/cut5_2113.pickle
713
COCO mAP: 0.5189880132675171
/home/wxz/Documents/pickle/maskrcnn/200p/cut9_4817.pickle
714
COCO mAP: 0.7705307602882385
/home/wxz/Documents/pickle/maskrcnn/200p/cut7_8645.pickle
715
COCO mAP: 0.7881739735603333
/home/wxz/Documents/pickle/maskrcnn/200p/cut1_2022.pickle
716
COCO mAP: 0.4168935716152191
/home/wxz/Documents/pickle/maskrcnn/200p/cut6_6801.pickle
717
COCO mAP: 0.388815701007843
/home/wxz/Documents/pickle/maskrcnn/200p/cut4_6808.pickle
718
COCO mAP: 0.2779228687286377
/home/wxz/Documents/pickle/maskrcnn/200p/cut1_17.pickle
719
COCO mAP: 0.27856600284576416
/home/wxz/Documents/pickle/maskrcnn/200p/cut4_1901.pickle
720
COCO mAP: 0.3750845789909363
/home/wxz/Documents/pickle/maskrcnn/200p/cut7_3005.pickle
721
COCO mAP: 0.7418299317359924
/home/wxz/Documents/pickle/maskrcnn/200p/cut9_1745.pickle
722
COCO mAP: 0.29596346616744995
/home/wxz/Documents/pickle/maskrcnn/200p/cut7_4225.pickle
723
COCO mAP: 0.7552512884140015
/home/wxz/Documents/pickle/maskrcnn/200p/cut4_8320.pickle
724
COCO mAP: 0.5985386967658997
/home/wxz/Documents/pickle/maskrcnn/200p/cut4_3701.pickle
725
COCO mAP: 0.3352252244949341
/home/wxz/Documents/pickle/maskrcnn/200p/cut2_7821.pickle
726
COCO mAP: 0.7095271348953247
/home/wxz/Documents/pickle/maskrcnn/200p/cut6_577.pickle
727
COCO mAP: 0.21810415387153625
/home/wxz/Documents/pickle/maskrcnn/200p/cut3_5905.pickle
728
COCO mAP: 0.7442824840545654
/home/wxz/Documents/pickle/maskrcnn/200p/cut3_1425.pickle
729
COCO mAP: 0.4147684574127197
/home/wxz/Documents/pickle/maskrcnn/200p/cut2_7706.pickle
730
COCO mAP: 0.6323426961898804
/home/wxz/Documents/pickle/maskrcnn/200p/cut8_346.pickle
731
COCO mAP: 0.3692183792591095
/home/wxz/Documents/pickle/maskrcnn/200p/cut6_8245.pickle
732
COCO mAP: 0.5122113227844238
/home/wxz/Documents/pickle/maskrcnn/200p/cut6_3137.pickle
733
COCO mAP: 0.7390397787094116
/home/wxz/Documents/pickle/maskrcnn/200p/cut1_2202.pickle
734
COCO mAP: 0.36953291296958923
/home/wxz/Documents/pickle/maskrcnn/200p/cut1_8419.pickle
735
COCO mAP: 0.5789623260498047
/home/wxz/Documents/pickle/maskrcnn/200p/cut8_5802.pickle
736
COCO mAP: 0.7285701632499695
/home/wxz/Documents/pickle/maskrcnn/200p/cut2_3911.pickle
737
COCO mAP: 0.6279131174087524
/home/wxz/Documents/pickle/maskrcnn/200p/cut8_6362.pickle
738
COCO mAP: 0.5650203227996826
/home/wxz/Documents/pickle/maskrcnn/200p/cut2_6027.pickle
739
COCO mAP: 0.6814805269241333
/home/wxz/Documents/pickle/maskrcnn/200p/cut6_1105.pickle
740
COCO mAP: 0.5272310972213745
/home/wxz/Documents/pickle/maskrcnn/200p/cut8_496.pickle
741
COCO mAP: 0.25954651832580566
/home/wxz/Documents/pickle/maskrcnn/200p/cut1_1503.pickle
742
COCO mAP: 0.4118812084197998
/home/wxz/Documents/pickle/maskrcnn/200p/cut1_3350.pickle
743
COCO mAP: 0.22336634993553162
/home/wxz/Documents/pickle/maskrcnn/200p/cut1_343.pickle
744
COCO mAP: 0.3970637321472168
/home/wxz/Documents/pickle/maskrcnn/200p/cut9_1841.pickle
745
COCO mAP: 0.711861789226532
/home/wxz/Documents/pickle/maskrcnn/200p/cut2_3014.pickle
746
COCO mAP: 0.7664684057235718
/home/wxz/Documents/pickle/maskrcnn/200p/cut7_3365.pickle
747
COCO mAP: 0.6818316578865051
/home/wxz/Documents/pickle/maskrcnn/200p/cut2_6303.pickle
748
COCO mAP: 0.6456925272941589
/home/wxz/Documents/pickle/maskrcnn/200p/cut1_6821.pickle
749
COCO mAP: 0.13861384987831116
/home/wxz/Documents/pickle/maskrcnn/200p/cut2_4348.pickle
750
COCO mAP: 0.5384449362754822
/home/wxz/Documents/pickle/maskrcnn/200p/cut1_6604.pickle
751
COCO mAP: 0.012230080552399158
/home/wxz/Documents/pickle/maskrcnn/200p/cut1_6689.pickle
752
COCO mAP: 0.29303932189941406
/home/wxz/Documents/pickle/maskrcnn/200p/cut3_7745.pickle
753
COCO mAP: 0.617149293422699
/home/wxz/Documents/pickle/maskrcnn/200p/cut5_5217.pickle
754
COCO mAP: 0.4927765429019928
/home/wxz/Documents/pickle/maskrcnn/200p/cut2_6809.pickle
755
COCO mAP: 0.6243365406990051
/home/wxz/Documents/pickle/maskrcnn/200p/cut1_2302.pickle
756
COCO mAP: 0.5446984171867371
/home/wxz/Documents/pickle/maskrcnn/200p/cut7_2405.pickle
757
COCO mAP: 0.7273079752922058
/home/wxz/Documents/pickle/maskrcnn/200p/cut5_401.pickle
758
COCO mAP: 0.37358611822128296
/home/wxz/Documents/pickle/maskrcnn/200p/cut8_3129.pickle
759
COCO mAP: 0.5997910499572754
/home/wxz/Documents/pickle/maskrcnn/200p/cut5_4881.pickle
760
COCO mAP: 0.15018412470817566
/home/wxz/Documents/pickle/maskrcnn/200p/cut3_4929.pickle
761
COCO mAP: 0.4314381182193756
/home/wxz/Documents/pickle/maskrcnn/200p/cut5_5025.pickle
762
COCO mAP: 0.5262430906295776
/home/wxz/Documents/pickle/maskrcnn/200p/cut6_961.pickle
763
COCO mAP: 0.7077019214630127
/home/wxz/Documents/pickle/maskrcnn/200p/cut8_5144.pickle
764
COCO mAP: 0.7765507102012634
/home/wxz/Documents/pickle/maskrcnn/200p/cut5_5409.pickle
765
COCO mAP: 0.616132915019989
/home/wxz/Documents/pickle/maskrcnn/200p/cut1_5613.pickle
766
COCO mAP: 0.7328791618347168
/home/wxz/Documents/pickle/maskrcnn/200p/cut2_2370.pickle
767
COCO mAP: 0.4975892901420593
/home/wxz/Documents/pickle/maskrcnn/200p/cut7_4985.pickle
768
COCO mAP: 0.587585985660553
/home/wxz/Documents/pickle/maskrcnn/200p/cut6_1.pickle
769
COCO mAP: 0.703519344329834
/home/wxz/Documents/pickle/maskrcnn/200p/cut8_2107.pickle
770
COCO mAP: 0.7243160009384155
/home/wxz/Documents/pickle/maskrcnn/200p/cut8_2401.pickle
771
COCO mAP: 0.11692754179239273
/home/wxz/Documents/pickle/maskrcnn/200p/cut4_8212.pickle
772
COCO mAP: 0.5541528463363647
/home/wxz/Documents/pickle/maskrcnn/200p/cut8_6516.pickle
773
COCO mAP: 0.5898219347000122
/home/wxz/Documents/pickle/maskrcnn/200p/cut4_4901.pickle
774
COCO mAP: 0.6261464357376099
/home/wxz/Documents/pickle/maskrcnn/200p/cut1_1316.pickle
775
COCO mAP: 0.460702508687973
/home/wxz/Documents/pickle/maskrcnn/200p/cut3_145.pickle
776
COCO mAP: 0.5036510229110718
/home/wxz/Documents/pickle/maskrcnn/200p/cut7_4605.pickle
777
COCO mAP: 0.5928322672843933
/home/wxz/Documents/pickle/maskrcnn/200p/cut8_8168.pickle
778
COCO mAP: 0.3833480775356293
/home/wxz/Documents/pickle/maskrcnn/200p/cut8_6012.pickle
779
COCO mAP: 0.7625296711921692
/home/wxz/Documents/pickle/maskrcnn/200p/cut1_5524.pickle
780
COCO mAP: 0.6437956094741821
/home/wxz/Documents/pickle/maskrcnn/200p/cut4_7888.pickle
781
COCO mAP: 0.6228924989700317
/home/wxz/Documents/pickle/maskrcnn/200p/cut2_2807.pickle
782
COCO mAP: 0.3870340585708618
/home/wxz/Documents/pickle/maskrcnn/200p/cut7_2365.pickle
783
COCO mAP: 0.7832411527633667
/home/wxz/Documents/pickle/maskrcnn/200p/cut1_7444.pickle
784
COCO mAP: 0.4208521246910095
/home/wxz/Documents/pickle/maskrcnn/200p/cut2_369.pickle
785
COCO mAP: 0.46191805601119995
/home/wxz/Documents/pickle/maskrcnn/200p/cut7_1405.pickle
786
COCO mAP: 0.7508682012557983
/home/wxz/Documents/pickle/maskrcnn/200p/cut7_7525.pickle
787
COCO mAP: 0.5870869159698486
/home/wxz/Documents/pickle/maskrcnn/200p/cut2_4923.pickle
788
COCO mAP: 0.4963638186454773
/home/wxz/Documents/pickle/maskrcnn/200p/cut1_8629.pickle
789
COCO mAP: 0.6152907013893127
/home/wxz/Documents/pickle/maskrcnn/200p/cut4_5141.pickle
790
COCO mAP: 0.4628429412841797
/home/wxz/Documents/pickle/maskrcnn/200p/cut1_5978.pickle
791
COCO mAP: 0.5559991598129272
/home/wxz/Documents/pickle/maskrcnn/200p/cut9_1313.pickle
792
COCO mAP: 0.7567266225814819
/home/wxz/Documents/pickle/maskrcnn/200p/cut8_1.pickle
793
COCO mAP: 0.5300499200820923
/home/wxz/Documents/pickle/maskrcnn/200p/cut1_3702.pickle
794
COCO mAP: 0.6183323264122009
average COCO mAP:0.532397841622992
