nohup: 忽略输入
/home/wxz/Documents/pickle/reta/480p/cut5_8945.pickle
1
COCO mAP: 0.9405621290206909
/home/wxz/Documents/pickle/reta/480p/cut8_436.pickle
2
COCO mAP: 0.2796608805656433
/home/wxz/Documents/pickle/reta/480p/cut6_5509.pickle
3
COCO mAP: 0.8548189997673035
/home/wxz/Documents/pickle/reta/480p/cut2_4831.pickle
4
COCO mAP: 0.8033674359321594
/home/wxz/Documents/pickle/reta/480p/cut2_8971.pickle
5
COCO mAP: 0.5462453961372375
/home/wxz/Documents/pickle/reta/480p/cut7_2265.pickle
6
COCO mAP: 0.7010537385940552
/home/wxz/Documents/pickle/reta/480p/cut2_185.pickle
7
COCO mAP: 0.7155703902244568
/home/wxz/Documents/pickle/reta/480p/cut9_3041.pickle
8
COCO mAP: 0.6806924343109131
/home/wxz/Documents/pickle/reta/480p/cut7_7705.pickle
9
COCO mAP: 0.9094470739364624
/home/wxz/Documents/pickle/reta/480p/cut6_4817.pickle
10
COCO mAP: 0.8294323682785034
/home/wxz/Documents/pickle/reta/480p/cut5_3921.pickle
11
COCO mAP: 0.7789201736450195
/home/wxz/Documents/pickle/reta/480p/cut3_6577.pickle
12
COCO mAP: 0.9555646777153015
/home/wxz/Documents/pickle/reta/480p/cut5_993.pickle
13
COCO mAP: 0.8883179426193237
/home/wxz/Documents/pickle/reta/480p/cut2_6257.pickle
14
COCO mAP: 0.899370551109314
/home/wxz/Documents/pickle/reta/480p/cut4_7186.pickle
15
COCO mAP: 0.8853991627693176
/home/wxz/Documents/pickle/reta/480p/cut9_3825.pickle
16
COCO mAP: 0.7478972673416138
/home/wxz/Documents/pickle/reta/480p/cut3_4001.pickle
17
COCO mAP: 0.3145510256290436
/home/wxz/Documents/pickle/reta/480p/cut9_4545.pickle
18
COCO mAP: 0.6616158485412598
/home/wxz/Documents/pickle/reta/480p/cut2_2186.pickle
19
COCO mAP: 0.13839703798294067
/home/wxz/Documents/pickle/reta/480p/cut8_7104.pickle
20
COCO mAP: 0.5754210352897644
/home/wxz/Documents/pickle/reta/480p/cut7_4125.pickle
21
COCO mAP: 0.8934033513069153
/home/wxz/Documents/pickle/reta/480p/cut3_4401.pickle
22
COCO mAP: 0.7361031770706177
/home/wxz/Documents/pickle/reta/480p/cut6_2657.pickle
23
COCO mAP: 0.7845101356506348
/home/wxz/Documents/pickle/reta/480p/cut4_2301.pickle
24
COCO mAP: 0.9153696298599243
/home/wxz/Documents/pickle/reta/480p/cut8_8336.pickle
25
COCO mAP: 0.520389199256897
/home/wxz/Documents/pickle/reta/480p/cut7_1009.pickle
26
COCO mAP: 0.6119807958602905
/home/wxz/Documents/pickle/reta/480p/cut1_257.pickle
27
COCO mAP: 0.5192738771438599
/home/wxz/Documents/pickle/reta/480p/cut5_5121.pickle
28
COCO mAP: 0.8805915117263794
/home/wxz/Documents/pickle/reta/480p/cut3_4113.pickle
29
COCO mAP: 0.8690454363822937
/home/wxz/Documents/pickle/reta/480p/cut6_7633.pickle
30
COCO mAP: 0.7487979531288147
/home/wxz/Documents/pickle/reta/480p/cut3_7313.pickle
31
COCO mAP: 0.5422959327697754
/home/wxz/Documents/pickle/reta/480p/cut4_1501.pickle
32
COCO mAP: 0.9062026143074036
/home/wxz/Documents/pickle/reta/480p/cut9_3633.pickle
33
COCO mAP: 0.6924775242805481
/home/wxz/Documents/pickle/reta/480p/cut2_8281.pickle
34
COCO mAP: 0.8137628436088562
/home/wxz/Documents/pickle/reta/480p/cut2_967.pickle
35
COCO mAP: 0.44255954027175903
/home/wxz/Documents/pickle/reta/480p/cut2_2623.pickle
36
COCO mAP: 0.44638609886169434
/home/wxz/Documents/pickle/reta/480p/cut1_8044.pickle
37
COCO mAP: 0.6508331298828125
/home/wxz/Documents/pickle/reta/480p/cut5_3249.pickle
38
COCO mAP: 0.9003931283950806
/home/wxz/Documents/pickle/reta/480p/cut5_1281.pickle
39
COCO mAP: 0.8372376561164856
/home/wxz/Documents/pickle/reta/480p/cut7_5505.pickle
40
COCO mAP: 0.7441851496696472
/home/wxz/Documents/pickle/reta/480p/cut7_8945.pickle
41
COCO mAP: 0.7169786095619202
/home/wxz/Documents/pickle/reta/480p/cut4_8806.pickle
42
COCO mAP: 0.7611874341964722
/home/wxz/Documents/pickle/reta/480p/cut5_6001.pickle
43
COCO mAP: 0.6080726385116577
/home/wxz/Documents/pickle/reta/480p/cut3_513.pickle
44
COCO mAP: 0.9211810827255249
/home/wxz/Documents/pickle/reta/480p/cut6_3329.pickle
45
COCO mAP: 0.5522655248641968
/home/wxz/Documents/pickle/reta/480p/cut6_4401.pickle
46
COCO mAP: 0.2865026593208313
/home/wxz/Documents/pickle/reta/480p/cut1_6156.pickle
47
COCO mAP: 0.787293016910553
/home/wxz/Documents/pickle/reta/480p/cut2_5130.pickle
48
COCO mAP: 0.8617343902587891
/home/wxz/Documents/pickle/reta/480p/cut7_6165.pickle
49
COCO mAP: 0.7834177613258362
/home/wxz/Documents/pickle/reta/480p/cut9_4209.pickle
50
COCO mAP: 0.7698509693145752
/home/wxz/Documents/pickle/reta/480p/cut5_1521.pickle
51
COCO mAP: 0.8893603086471558
/home/wxz/Documents/pickle/reta/480p/cut9_2225.pickle
52
COCO mAP: 0.7473360300064087
/home/wxz/Documents/pickle/reta/480p/cut6_8893.pickle
53
COCO mAP: 0.5361760258674622
/home/wxz/Documents/pickle/reta/480p/cut2_5521.pickle
54
COCO mAP: 0.9008549451828003
/home/wxz/Documents/pickle/reta/480p/cut4_4241.pickle
55
COCO mAP: 0.6762646436691284
/home/wxz/Documents/pickle/reta/480p/cut6_7107.pickle
56
COCO mAP: 0.8759401440620422
/home/wxz/Documents/pickle/reta/480p/cut4_3801.pickle
57
COCO mAP: 0.8515706062316895
/home/wxz/Documents/pickle/reta/480p/cut8_1253.pickle
58
COCO mAP: 0.6800745725631714
/home/wxz/Documents/pickle/reta/480p/cut1_6420.pickle
59
COCO mAP: 0.7079247236251831
/home/wxz/Documents/pickle/reta/480p/cut5_7169.pickle
60
COCO mAP: 0.881744384765625
/home/wxz/Documents/pickle/reta/480p/cut6_1601.pickle
61
COCO mAP: 0.3740454316139221
/home/wxz/Documents/pickle/reta/480p/cut8_2205.pickle
62
COCO mAP: 0.8453125953674316
/home/wxz/Documents/pickle/reta/480p/cut4_1441.pickle
63
COCO mAP: 0.8301474452018738
/home/wxz/Documents/pickle/reta/480p/cut6_2753.pickle
64
COCO mAP: 0.8429697155952454
/home/wxz/Documents/pickle/reta/480p/cut2_7039.pickle
65
COCO mAP: 0.8134493827819824
/home/wxz/Documents/pickle/reta/480p/cut7_1351.pickle
66
COCO mAP: 0.6931050419807434
/home/wxz/Documents/pickle/reta/480p/cut8_3703.pickle
67
COCO mAP: 0.8438405990600586
/home/wxz/Documents/pickle/reta/480p/cut9_5841.pickle
68
COCO mAP: 0.8773765563964844
/home/wxz/Documents/pickle/reta/480p/cut9_817.pickle
69
COCO mAP: 0.7846401929855347
/home/wxz/Documents/pickle/reta/480p/cut2_1381.pickle
70
COCO mAP: 0.5382735133171082
/home/wxz/Documents/pickle/reta/480p/cut6_433.pickle
71
COCO mAP: 0.7649623155593872
/home/wxz/Documents/pickle/reta/480p/cut4_7456.pickle
72
COCO mAP: 0.7188016176223755
/home/wxz/Documents/pickle/reta/480p/cut2_7913.pickle
73
COCO mAP: 0.8938484191894531
/home/wxz/Documents/pickle/reta/480p/cut5_3345.pickle
74
COCO mAP: 0.3409484028816223
/home/wxz/Documents/pickle/reta/480p/cut2_1910.pickle
75
COCO mAP: 0.9262377619743347
/home/wxz/Documents/pickle/reta/480p/cut1_4227.pickle
76
COCO mAP: 0.9123838543891907
/home/wxz/Documents/pickle/reta/480p/cut5_4305.pickle
77
COCO mAP: 0.40168577432632446
/home/wxz/Documents/pickle/reta/480p/cut8_5228.pickle
78
COCO mAP: 0.8239873647689819
/home/wxz/Documents/pickle/reta/480p/cut3_913.pickle
79
COCO mAP: 0.6163756251335144
/home/wxz/Documents/pickle/reta/480p/cut1_5283.pickle
80
COCO mAP: 0.7751690745353699
/home/wxz/Documents/pickle/reta/480p/cut4_2501.pickle
81
COCO mAP: 0.9128087759017944
/home/wxz/Documents/pickle/reta/480p/cut5_6737.pickle
82
COCO mAP: 0.33672434091567993
/home/wxz/Documents/pickle/reta/480p/cut5_753.pickle
83
COCO mAP: 0.6655009984970093
/home/wxz/Documents/pickle/reta/480p/cut7_145.pickle
84
COCO mAP: 0.6803756356239319
/home/wxz/Documents/pickle/reta/480p/cut6_8677.pickle
85
COCO mAP: 0.9060438275337219
/home/wxz/Documents/pickle/reta/480p/cut6_6648.pickle
86
COCO mAP: 0.9136370420455933
/home/wxz/Documents/pickle/reta/480p/cut2_1243.pickle
87
COCO mAP: 0.20411738753318787
/home/wxz/Documents/pickle/reta/480p/cut4_8428.pickle
88
COCO mAP: 0.7671279311180115
/home/wxz/Documents/pickle/reta/480p/cut8_2611.pickle
89
COCO mAP: 0.1555832028388977
/home/wxz/Documents/pickle/reta/480p/cut1_7989.pickle
90
COCO mAP: 0.8408920168876648
/home/wxz/Documents/pickle/reta/480p/cut8_6600.pickle
91
COCO mAP: 0.8697907328605652
/home/wxz/Documents/pickle/reta/480p/cut2_1542.pickle
92
COCO mAP: 0.9194604754447937
/home/wxz/Documents/pickle/reta/480p/cut1_8224.pickle
93
COCO mAP: 0.5215783715248108
/home/wxz/Documents/pickle/reta/480p/cut2_8419.pickle
94
COCO mAP: 0.4287292957305908
/home/wxz/Documents/pickle/reta/480p/cut6_7260.pickle
95
COCO mAP: 0.9431441426277161
/home/wxz/Documents/pickle/reta/480p/cut4_4421.pickle
96
COCO mAP: 0.6601015329360962
/home/wxz/Documents/pickle/reta/480p/cut1_4843.pickle
97
COCO mAP: 0.7776297926902771
/home/wxz/Documents/pickle/reta/480p/cut1_6508.pickle
98
COCO mAP: 0.9157174229621887
/home/wxz/Documents/pickle/reta/480p/cut2_2278.pickle
99
COCO mAP: 0.5862938761711121
/home/wxz/Documents/pickle/reta/480p/cut6_7005.pickle
100
COCO mAP: 0.8675264120101929
/home/wxz/Documents/pickle/reta/480p/cut5_8257.pickle
101
COCO mAP: 0.807476818561554
/home/wxz/Documents/pickle/reta/480p/cut3_1905.pickle
102
COCO mAP: 0.4825782775878906
/home/wxz/Documents/pickle/reta/480p/cut5_4113.pickle
103
COCO mAP: 0.8204538226127625
/home/wxz/Documents/pickle/reta/480p/cut8_3311.pickle
104
COCO mAP: 0.4484788477420807
/home/wxz/Documents/pickle/reta/480p/cut7_4005.pickle
105
COCO mAP: 0.8531664609909058
/home/wxz/Documents/pickle/reta/480p/cut5_1905.pickle
106
COCO mAP: 0.8811990022659302
/home/wxz/Documents/pickle/reta/480p/cut5_6353.pickle
107
COCO mAP: 0.835303008556366
/home/wxz/Documents/pickle/reta/480p/cut3_8609.pickle
108
COCO mAP: 0.7102116346359253
/home/wxz/Documents/pickle/reta/480p/cut6_2289.pickle
109
COCO mAP: 0.6905494332313538
/home/wxz/Documents/pickle/reta/480p/cut2_4532.pickle
110
COCO mAP: 0.8395267724990845
/home/wxz/Documents/pickle/reta/480p/cut2_3313.pickle
111
COCO mAP: 0.8369178771972656
/home/wxz/Documents/pickle/reta/480p/cut2_4210.pickle
112
COCO mAP: 0.6309939026832581
/home/wxz/Documents/pickle/reta/480p/cut4_981.pickle
113
COCO mAP: 0.6100092530250549
/home/wxz/Documents/pickle/reta/480p/cut8_2527.pickle
114
COCO mAP: 0.6858690977096558
/home/wxz/Documents/pickle/reta/480p/cut5_1185.pickle
115
COCO mAP: 0.9022573232650757
/home/wxz/Documents/pickle/reta/480p/cut8_6432.pickle
116
COCO mAP: 0.7557439804077148
/home/wxz/Documents/pickle/reta/480p/cut6_3857.pickle
117
COCO mAP: 0.42694711685180664
/home/wxz/Documents/pickle/reta/480p/cut7_8525.pickle
118
COCO mAP: 0.7851231098175049
/home/wxz/Documents/pickle/reta/480p/cut6_1073.pickle
119
COCO mAP: 0.7773536443710327
/home/wxz/Documents/pickle/reta/480p/cut8_3409.pickle
120
COCO mAP: 0.9462132453918457
/home/wxz/Documents/pickle/reta/480p/cut2_714.pickle
121
COCO mAP: 0.4666253924369812
/home/wxz/Documents/pickle/reta/480p/cut5_7457.pickle
122
COCO mAP: 0.7358056306838989
/home/wxz/Documents/pickle/reta/480p/cut1_3262.pickle
123
COCO mAP: 0.18725410103797913
/home/wxz/Documents/pickle/reta/480p/cut4_4301.pickle
124
COCO mAP: 0.7069333791732788
/home/wxz/Documents/pickle/reta/480p/cut4_3121.pickle
125
COCO mAP: 0.8464644551277161
/home/wxz/Documents/pickle/reta/480p/cut7_3905.pickle
126
COCO mAP: 0.7285520434379578
/home/wxz/Documents/pickle/reta/480p/cut6_4513.pickle
127
COCO mAP: 0.7827067971229553
/home/wxz/Documents/pickle/reta/480p/cut2_4693.pickle
128
COCO mAP: 0.8409687280654907
/home/wxz/Documents/pickle/reta/480p/cut9_3137.pickle
129
COCO mAP: 0.6429202556610107
/home/wxz/Documents/pickle/reta/480p/cut4_5201.pickle
130
COCO mAP: 0.7238249778747559
/home/wxz/Documents/pickle/reta/480p/cut8_8714.pickle
131
COCO mAP: 0.3383783996105194
/home/wxz/Documents/pickle/reta/480p/cut4_5701.pickle
132
COCO mAP: 0.47353658080101013
/home/wxz/Documents/pickle/reta/480p/cut6_3521.pickle
133
COCO mAP: 0.6568788290023804
/home/wxz/Documents/pickle/reta/480p/cut2_3221.pickle
134
COCO mAP: 0.6333015561103821
/home/wxz/Documents/pickle/reta/480p/cut1_604.pickle
135
COCO mAP: 0.686730682849884
/home/wxz/Documents/pickle/reta/480p/cut6_4305.pickle
136
COCO mAP: 0.55899977684021
/home/wxz/Documents/pickle/reta/480p/cut9_4305.pickle
137
COCO mAP: 0.8339039087295532
/home/wxz/Documents/pickle/reta/480p/cut3_4545.pickle
138
COCO mAP: 0.9108576774597168
/home/wxz/Documents/pickle/reta/480p/cut8_800.pickle
139
COCO mAP: 0.79738450050354
/home/wxz/Documents/pickle/reta/480p/cut5_1809.pickle
140
COCO mAP: 0.8016222715377808
/home/wxz/Documents/pickle/reta/480p/cut7_1963.pickle
141
COCO mAP: 0.6816006302833557
/home/wxz/Documents/pickle/reta/480p/cut7_7345.pickle
142
COCO mAP: 0.8508554697036743
/home/wxz/Documents/pickle/reta/480p/cut3_1217.pickle
143
COCO mAP: 0.6492105722427368
/home/wxz/Documents/pickle/reta/480p/cut3_6769.pickle
144
COCO mAP: 0.9368261098861694
/home/wxz/Documents/pickle/reta/480p/cut1_2110.pickle
145
COCO mAP: 0.5580958724021912
/home/wxz/Documents/pickle/reta/480p/cut1_112.pickle
146
COCO mAP: 0.6940290331840515
/home/wxz/Documents/pickle/reta/480p/cut2_5337.pickle
147
COCO mAP: 0.5732423663139343
/home/wxz/Documents/pickle/reta/480p/cut1_430.pickle
148
COCO mAP: 0.15809252858161926
/home/wxz/Documents/pickle/reta/480p/cut2_1496.pickle
149
COCO mAP: 0.8335420489311218
/home/wxz/Documents/pickle/reta/480p/cut4_1201.pickle
150
COCO mAP: 0.8585460782051086
/home/wxz/Documents/pickle/reta/480p/cut6_4145.pickle
151
COCO mAP: 0.2890528440475464
/home/wxz/Documents/pickle/reta/480p/cut2_8005.pickle
152
COCO mAP: 0.9258982539176941
/home/wxz/Documents/pickle/reta/480p/cut9_4113.pickle
153
COCO mAP: 0.4568164348602295
/home/wxz/Documents/pickle/reta/480p/cut2_3842.pickle
154
COCO mAP: 0.6677912473678589
/home/wxz/Documents/pickle/reta/480p/cut8_1000.pickle
155
COCO mAP: 0.4632207453250885
/home/wxz/Documents/pickle/reta/480p/cut6_1297.pickle
156
COCO mAP: 0.7533169984817505
/home/wxz/Documents/pickle/reta/480p/cut4_6646.pickle
157
COCO mAP: 0.6535528302192688
/home/wxz/Documents/pickle/reta/480p/cut7_6825.pickle
158
COCO mAP: 0.7568408846855164
/home/wxz/Documents/pickle/reta/480p/cut5_7873.pickle
159
COCO mAP: 0.8821904063224792
/home/wxz/Documents/pickle/reta/480p/cut6_7309.pickle
160
COCO mAP: 0.7562609314918518
/home/wxz/Documents/pickle/reta/480p/cut3_3953.pickle
161
COCO mAP: 0.9654165506362915
/home/wxz/Documents/pickle/reta/480p/cut7_5745.pickle
162
COCO mAP: 0.7740791440010071
/home/wxz/Documents/pickle/reta/480p/cut7_2705.pickle
163
COCO mAP: 0.6331413388252258
/home/wxz/Documents/pickle/reta/480p/cut2_5245.pickle
164
COCO mAP: 0.5250901579856873
/home/wxz/Documents/pickle/reta/480p/cut9_4401.pickle
165
COCO mAP: 0.5364044904708862
/home/wxz/Documents/pickle/reta/480p/cut6_4049.pickle
166
COCO mAP: 0.39749956130981445
/home/wxz/Documents/pickle/reta/480p/cut3_2113.pickle
167
COCO mAP: 0.9280668497085571
/home/wxz/Documents/pickle/reta/480p/cut5_3009.pickle
168
COCO mAP: 0.6917585134506226
/home/wxz/Documents/pickle/reta/480p/cut1_517.pickle
169
COCO mAP: 0.7212768793106079
/home/wxz/Documents/pickle/reta/480p/cut5_6449.pickle
170
COCO mAP: 0.8297156095504761
/home/wxz/Documents/pickle/reta/480p/cut3_1521.pickle
171
COCO mAP: 0.45074978470802307
/home/wxz/Documents/pickle/reta/480p/cut5_2001.pickle
172
COCO mAP: 0.8330209851264954
/home/wxz/Documents/pickle/reta/480p/cut4_641.pickle
173
COCO mAP: 0.9096279144287109
/home/wxz/Documents/pickle/reta/480p/cut2_5475.pickle
174
COCO mAP: 0.5962702631950378
/home/wxz/Documents/pickle/reta/480p/cut7_241.pickle
175
COCO mAP: 0.847205638885498
/home/wxz/Documents/pickle/reta/480p/cut3_6385.pickle
176
COCO mAP: 0.9272689819335938
/home/wxz/Documents/pickle/reta/480p/cut1_5019.pickle
177
COCO mAP: 0.8419747352600098
/home/wxz/Documents/pickle/reta/480p/cut1_1934.pickle
178
COCO mAP: 0.46578970551490784
/home/wxz/Documents/pickle/reta/480p/cut6_2513.pickle
179
COCO mAP: 0.8406128883361816
/home/wxz/Documents/pickle/reta/480p/cut7_5105.pickle
180
COCO mAP: 0.7413212060928345
/home/wxz/Documents/pickle/reta/480p/cut7_8005.pickle
181
COCO mAP: 0.8345508575439453
/home/wxz/Documents/pickle/reta/480p/cut8_6236.pickle
182
COCO mAP: 0.7790897488594055
/home/wxz/Documents/pickle/reta/480p/cut8_113.pickle
183
COCO mAP: 0.5594634413719177
/home/wxz/Documents/pickle/reta/480p/cut9_5953.pickle
184
COCO mAP: 0.8556199073791504
/home/wxz/Documents/pickle/reta/480p/cut9_2705.pickle
185
COCO mAP: 0.7732354402542114
/home/wxz/Documents/pickle/reta/480p/cut9_3521.pickle
186
COCO mAP: 0.7600034475326538
/home/wxz/Documents/pickle/reta/480p/cut7_5345.pickle
187
COCO mAP: 0.725195586681366
/home/wxz/Documents/pickle/reta/480p/cut8_4207.pickle
188
COCO mAP: 0.8411803245544434
/home/wxz/Documents/pickle/reta/480p/cut7_5865.pickle
189
COCO mAP: 0.6898077726364136
/home/wxz/Documents/pickle/reta/480p/cut2_4003.pickle
190
COCO mAP: 0.8841986656188965
/home/wxz/Documents/pickle/reta/480p/cut1_1758.pickle
191
COCO mAP: 0.17573437094688416
/home/wxz/Documents/pickle/reta/480p/cut7_561.pickle
192
COCO mAP: 0.8641138076782227
/home/wxz/Documents/pickle/reta/480p/cut3_1121.pickle
193
COCO mAP: 0.6658222079277039
/home/wxz/Documents/pickle/reta/480p/cut8_6838.pickle
194
COCO mAP: 0.8876927495002747
/home/wxz/Documents/pickle/reta/480p/cut3_8321.pickle
195
COCO mAP: 0.6099062561988831
/home/wxz/Documents/pickle/reta/480p/cut7_3125.pickle
196
COCO mAP: 0.9051293134689331
/home/wxz/Documents/pickle/reta/480p/cut3_4641.pickle
197
COCO mAP: 0.7117716670036316
/home/wxz/Documents/pickle/reta/480p/cut8_1435.pickle
198
COCO mAP: 0.9354163408279419
/home/wxz/Documents/pickle/reta/480p/cut1_1671.pickle
199
COCO mAP: 0.34813910722732544
/home/wxz/Documents/pickle/reta/480p/cut6_5713.pickle
200
COCO mAP: 0.8996202349662781
/home/wxz/Documents/pickle/reta/480p/cut4_4041.pickle
201
COCO mAP: 0.5653260350227356
/home/wxz/Documents/pickle/reta/480p/cut4_5801.pickle
202
COCO mAP: 0.6794624924659729
/home/wxz/Documents/pickle/reta/480p/cut3_6289.pickle
203
COCO mAP: 0.8612028956413269
/home/wxz/Documents/pickle/reta/480p/cut9_1.pickle
204
COCO mAP: 0.019426533952355385
/home/wxz/Documents/pickle/reta/480p/cut3_2833.pickle
205
COCO mAP: 0.7428152561187744
/home/wxz/Documents/pickle/reta/480p/cut5_2305.pickle
206
COCO mAP: 0.20660832524299622
/home/wxz/Documents/pickle/reta/480p/cut9_2417.pickle
207
COCO mAP: 0.643699586391449
/home/wxz/Documents/pickle/reta/480p/cut2_4463.pickle
208
COCO mAP: 0.8087214231491089
/home/wxz/Documents/pickle/reta/480p/cut5_8161.pickle
209
COCO mAP: 0.806075930595398
/home/wxz/Documents/pickle/reta/480p/cut1_3611.pickle
210
COCO mAP: 0.5729004740715027
/home/wxz/Documents/pickle/reta/480p/cut4_4601.pickle
211
COCO mAP: 0.9098044633865356
/home/wxz/Documents/pickle/reta/480p/cut4_8536.pickle
212
COCO mAP: 0.769248366355896
/home/wxz/Documents/pickle/reta/480p/cut6_337.pickle
213
COCO mAP: 0.9224891662597656
/home/wxz/Documents/pickle/reta/480p/cut6_7543.pickle
214
COCO mAP: 0.8693203926086426
/home/wxz/Documents/pickle/reta/480p/cut2_1818.pickle
215
COCO mAP: 0.7709521651268005
/home/wxz/Documents/pickle/reta/480p/cut4_5021.pickle
216
COCO mAP: 0.3292083144187927
/home/wxz/Documents/pickle/reta/480p/cut4_7564.pickle
217
COCO mAP: 0.8358265161514282
/home/wxz/Documents/pickle/reta/480p/cut4_5461.pickle
218
COCO mAP: 0.2989330589771271
/home/wxz/Documents/pickle/reta/480p/cut8_7930.pickle
219
COCO mAP: 0.7612229585647583
/home/wxz/Documents/pickle/reta/480p/cut5_7361.pickle
220
COCO mAP: 0.6442647576332092
/home/wxz/Documents/pickle/reta/480p/cut6_1809.pickle
221
COCO mAP: 0.7509496212005615
/home/wxz/Documents/pickle/reta/480p/cut5_337.pickle
222
COCO mAP: 0.48328620195388794
/home/wxz/Documents/pickle/reta/480p/cut7_3785.pickle
223
COCO mAP: 0.8082868456840515
/home/wxz/Documents/pickle/reta/480p/cut2_231.pickle
224
COCO mAP: 0.703227162361145
/home/wxz/Documents/pickle/reta/480p/cut9_5265.pickle
225
COCO mAP: 0.6785670518875122
/home/wxz/Documents/pickle/reta/480p/cut7_6065.pickle
226
COCO mAP: 0.8550761938095093
/home/wxz/Documents/pickle/reta/480p/cut3_6673.pickle
227
COCO mAP: 0.3879316449165344
/home/wxz/Documents/pickle/reta/480p/cut7_1585.pickle
228
COCO mAP: 0.6980067491531372
/home/wxz/Documents/pickle/reta/480p/cut1_4051.pickle
229
COCO mAP: 0.8680505752563477
/home/wxz/Documents/pickle/reta/480p/cut4_1081.pickle
230
COCO mAP: 0.8383734822273254
/home/wxz/Documents/pickle/reta/480p/cut2_5682.pickle
231
COCO mAP: 0.6711547374725342
/home/wxz/Documents/pickle/reta/480p/cut7_5225.pickle
232
COCO mAP: 0.6757998466491699
/home/wxz/Documents/pickle/reta/480p/cut7_6405.pickle
233
COCO mAP: 0.8800506591796875
/home/wxz/Documents/pickle/reta/480p/cut8_7230.pickle
234
COCO mAP: 0.7760059237480164
/home/wxz/Documents/pickle/reta/480p/cut6_3953.pickle
235
COCO mAP: 0.7550317049026489
/home/wxz/Documents/pickle/reta/480p/cut6_1393.pickle
236
COCO mAP: 0.8793490529060364
/home/wxz/Documents/pickle/reta/480p/cut1_1053.pickle
237
COCO mAP: 0.15836068987846375
/home/wxz/Documents/pickle/reta/480p/cut1_1228.pickle
238
COCO mAP: 0.6962968111038208
/home/wxz/Documents/pickle/reta/480p/cut4_8644.pickle
239
COCO mAP: 0.4005378186702728
/home/wxz/Documents/pickle/reta/480p/cut6_3713.pickle
240
COCO mAP: 0.8898134231567383
/home/wxz/Documents/pickle/reta/480p/cut1_4315.pickle
241
COCO mAP: 0.8644081354141235
/home/wxz/Documents/pickle/reta/480p/cut2_7177.pickle
242
COCO mAP: 0.8261293172836304
/home/wxz/Documents/pickle/reta/480p/cut6_2849.pickle
243
COCO mAP: 0.5187111496925354
/home/wxz/Documents/pickle/reta/480p/cut6_6036.pickle
244
COCO mAP: 0.8683509826660156
/home/wxz/Documents/pickle/reta/480p/cut7_385.pickle
245
COCO mAP: 0.6854164004325867
/home/wxz/Documents/pickle/reta/480p/cut1_4501.pickle
246
COCO mAP: 0.8908072710037231
/home/wxz/Documents/pickle/reta/480p/cut3_5505.pickle
247
COCO mAP: 0.7957534790039062
/home/wxz/Documents/pickle/reta/480p/cut3_8993.pickle
248
COCO mAP: 0.4581421911716461
/home/wxz/Documents/pickle/reta/480p/cut3_8225.pickle
249
COCO mAP: 0.9584592580795288
/home/wxz/Documents/pickle/reta/480p/cut1_7754.pickle
250
COCO mAP: 0.9078505635261536
/home/wxz/Documents/pickle/reta/480p/cut3_3073.pickle
251
COCO mAP: 0.957461953163147
/home/wxz/Documents/pickle/reta/480p/cut1_1404.pickle
252
COCO mAP: 0.2931051254272461
/home/wxz/Documents/pickle/reta/480p/cut7_6505.pickle
253
COCO mAP: 0.6232977509498596
/home/wxz/Documents/pickle/reta/480p/cut4_6021.pickle
254
COCO mAP: 0.5550113916397095
/home/wxz/Documents/pickle/reta/480p/cut4_821.pickle
255
COCO mAP: 0.9168239831924438
/home/wxz/Documents/pickle/reta/480p/cut9_5361.pickle
256
COCO mAP: 0.8338626623153687
/home/wxz/Documents/pickle/reta/480p/cut1_7139.pickle
257
COCO mAP: 0.12268643081188202
/home/wxz/Documents/pickle/reta/480p/cut8_3829.pickle
258
COCO mAP: 0.39734894037246704
/home/wxz/Documents/pickle/reta/480p/cut1_8114.pickle
259
COCO mAP: 0.8673644065856934
/home/wxz/Documents/pickle/reta/480p/cut3_6961.pickle
260
COCO mAP: 0.914166271686554
/home/wxz/Documents/pickle/reta/480p/cut5_4209.pickle
261
COCO mAP: 0.9067401885986328
/home/wxz/Documents/pickle/reta/480p/cut1_7004.pickle
262
COCO mAP: 0.7545044422149658
/home/wxz/Documents/pickle/reta/480p/cut5_5809.pickle
263
COCO mAP: 0.8078479766845703
/home/wxz/Documents/pickle/reta/480p/cut1_7524.pickle
264
COCO mAP: 0.8402408361434937
/home/wxz/Documents/pickle/reta/480p/cut8_3507.pickle
265
COCO mAP: 0.5323290824890137
/home/wxz/Documents/pickle/reta/480p/cut8_6922.pickle
266
COCO mAP: 0.8685431480407715
/home/wxz/Documents/pickle/reta/480p/cut1_4758.pickle
267
COCO mAP: 0.860750675201416
/home/wxz/Documents/pickle/reta/480p/cut7_2965.pickle
268
COCO mAP: 0.9263250231742859
/home/wxz/Documents/pickle/reta/480p/cut1_6332.pickle
269
COCO mAP: 0.7509029507637024
/home/wxz/Documents/pickle/reta/480p/cut3_337.pickle
270
COCO mAP: 0.8984119296073914
/home/wxz/Documents/pickle/reta/480p/cut8_4123.pickle
271
COCO mAP: 0.836651623249054
/home/wxz/Documents/pickle/reta/480p/cut7_3845.pickle
272
COCO mAP: 0.667219877243042
/home/wxz/Documents/pickle/reta/480p/cut3_7201.pickle
273
COCO mAP: 0.626476526260376
/home/wxz/Documents/pickle/reta/480p/cut9_3425.pickle
274
COCO mAP: 0.23168638348579407
/home/wxz/Documents/pickle/reta/480p/cut5_8449.pickle
275
COCO mAP: 0.7637704610824585
/home/wxz/Documents/pickle/reta/480p/cut2_2094.pickle
276
COCO mAP: 0.9031146168708801
/home/wxz/Documents/pickle/reta/480p/cut4_1321.pickle
277
COCO mAP: 0.6308158040046692
/home/wxz/Documents/pickle/reta/480p/cut8_5704.pickle
278
COCO mAP: 0.809734046459198
/home/wxz/Documents/pickle/reta/480p/cut9_2609.pickle
279
COCO mAP: 0.455064594745636
/home/wxz/Documents/pickle/reta/480p/cut4_6754.pickle
280
COCO mAP: 0.6075869202613831
/home/wxz/Documents/pickle/reta/480p/cut3_2929.pickle
281
COCO mAP: 0.7532644867897034
/home/wxz/Documents/pickle/reta/480p/cut2_4141.pickle
282
COCO mAP: 0.9083526730537415
/home/wxz/Documents/pickle/reta/480p/cut6_3233.pickle
283
COCO mAP: 0.9001361727714539
/home/wxz/Documents/pickle/reta/480p/cut3_6481.pickle
284
COCO mAP: 0.9060885310173035
/home/wxz/Documents/pickle/reta/480p/cut7_2525.pickle
285
COCO mAP: 0.6595257520675659
/home/wxz/Documents/pickle/reta/480p/cut8_1337.pickle
286
COCO mAP: 0.889173686504364
/home/wxz/Documents/pickle/reta/480p/cut7_1693.pickle
287
COCO mAP: 0.6536375284194946
/home/wxz/Documents/pickle/reta/480p/cut5_561.pickle
288
COCO mAP: 0.6120821237564087
/home/wxz/Documents/pickle/reta/480p/cut1_7314.pickle
289
COCO mAP: 0.7696889638900757
/home/wxz/Documents/pickle/reta/480p/cut4_6916.pickle
290
COCO mAP: 0.8750295639038086
/home/wxz/Documents/pickle/reta/480p/cut6_2145.pickle
291
COCO mAP: 0.7472614049911499
/home/wxz/Documents/pickle/reta/480p/cut5_193.pickle
292
COCO mAP: 0.5195497274398804
/home/wxz/Documents/pickle/reta/480p/cut6_8569.pickle
293
COCO mAP: 0.9440596699714661
/home/wxz/Documents/pickle/reta/480p/cut5_5505.pickle
294
COCO mAP: 0.8853164911270142
/home/wxz/Documents/pickle/reta/480p/cut1_7254.pickle
295
COCO mAP: 0.011449234560132027
/home/wxz/Documents/pickle/reta/480p/cut2_2554.pickle
296
COCO mAP: 0.6240259408950806
/home/wxz/Documents/pickle/reta/480p/cut8_4039.pickle
297
COCO mAP: 0.6018354296684265
/home/wxz/Documents/pickle/reta/480p/cut9_3921.pickle
298
COCO mAP: 0.5041062831878662
/home/wxz/Documents/pickle/reta/480p/cut7_4505.pickle
299
COCO mAP: 0.8774160146713257
/home/wxz/Documents/pickle/reta/480p/cut4_8992.pickle
300
COCO mAP: 0.352663516998291
/home/wxz/Documents/pickle/reta/480p/cut6_4721.pickle
301
COCO mAP: 0.7635318040847778
/home/wxz/Documents/pickle/reta/480p/cut7_6945.pickle
302
COCO mAP: 0.8617380261421204
/home/wxz/Documents/pickle/reta/480p/cut2_3405.pickle
303
COCO mAP: 0.7309852838516235
/home/wxz/Documents/pickle/reta/480p/cut2_8672.pickle
304
COCO mAP: 0.899316668510437
/home/wxz/Documents/pickle/reta/480p/cut1_3876.pickle
305
COCO mAP: 0.6147292852401733
/home/wxz/Documents/pickle/reta/480p/cut9_529.pickle
306
COCO mAP: 0.5535784959793091
/home/wxz/Documents/pickle/reta/480p/cut9_2945.pickle
307
COCO mAP: 0.30131012201309204
/home/wxz/Documents/pickle/reta/480p/cut4_3561.pickle
308
COCO mAP: 0.42543572187423706
/home/wxz/Documents/pickle/reta/480p/cut4_6574.pickle
309
COCO mAP: 0.45738649368286133
/home/wxz/Documents/pickle/reta/480p/cut9_2129.pickle
310
COCO mAP: 0.7551049590110779
/home/wxz/Documents/pickle/reta/480p/cut9_2513.pickle
311
COCO mAP: 0.571902871131897
/home/wxz/Documents/pickle/reta/480p/cut3_3441.pickle
312
COCO mAP: 0.8841812014579773
/home/wxz/Documents/pickle/reta/480p/cut3_7409.pickle
313
COCO mAP: 0.7214556932449341
/home/wxz/Documents/pickle/reta/480p/cut7_1201.pickle
314
COCO mAP: 0.7444586157798767
/home/wxz/Documents/pickle/reta/480p/cut2_1772.pickle
315
COCO mAP: 0.7717999219894409
/home/wxz/Documents/pickle/reta/480p/cut1_966.pickle
316
COCO mAP: 0.36856919527053833
/home/wxz/Documents/pickle/reta/480p/cut1_2732.pickle
317
COCO mAP: 0.050984691828489304
/home/wxz/Documents/pickle/reta/480p/cut7_8405.pickle
318
COCO mAP: 0.8997883796691895
/home/wxz/Documents/pickle/reta/480p/cut3_257.pickle
319
COCO mAP: 0.8454799652099609
/home/wxz/Documents/pickle/reta/480p/cut9_6241.pickle
320
COCO mAP: 0.6956101059913635
/home/wxz/Documents/pickle/reta/480p/cut1_3964.pickle
321
COCO mAP: 0.8216475248336792
/home/wxz/Documents/pickle/reta/480p/cut7_7885.pickle
322
COCO mAP: 0.7922617197036743
/home/wxz/Documents/pickle/reta/480p/cut5_4785.pickle
323
COCO mAP: 0.3658207058906555
/home/wxz/Documents/pickle/reta/480p/cut4_1141.pickle
324
COCO mAP: 0.9688555598258972
/home/wxz/Documents/pickle/reta/480p/cut6_4913.pickle
325
COCO mAP: 0.7902761101722717
/home/wxz/Documents/pickle/reta/480p/cut4_2441.pickle
326
COCO mAP: 0.9206690788269043
/home/wxz/Documents/pickle/reta/480p/cut1_2645.pickle
327
COCO mAP: 0.05450299382209778
/home/wxz/Documents/pickle/reta/480p/cut9_5025.pickle
328
COCO mAP: 0.5748817920684814
/home/wxz/Documents/pickle/reta/480p/cut7_7605.pickle
329
COCO mAP: 0.9339965581893921
/home/wxz/Documents/pickle/reta/480p/cut3_1329.pickle
330
COCO mAP: 0.5135552287101746
/home/wxz/Documents/pickle/reta/480p/cut3_1025.pickle
331
COCO mAP: 0.412128746509552
/home/wxz/Documents/pickle/reta/480p/cut7_8325.pickle
332
COCO mAP: 0.6586751341819763
/home/wxz/Documents/pickle/reta/480p/cut5_8065.pickle
333
COCO mAP: 0.8027404546737671
/home/wxz/Documents/pickle/reta/480p/cut1_3002.pickle
334
COCO mAP: 0.4726885259151459
/home/wxz/Documents/pickle/reta/480p/cut7_2645.pickle
335
COCO mAP: 0.5534890294075012
/home/wxz/Documents/pickle/reta/480p/cut7_1265.pickle
336
COCO mAP: 0.5649121403694153
/home/wxz/Documents/pickle/reta/480p/cut8_702.pickle
337
COCO mAP: 0.865352988243103
/home/wxz/Documents/pickle/reta/480p/cut8_7006.pickle
338
COCO mAP: 0.8854987025260925
/home/wxz/Documents/pickle/reta/480p/cut5_7633.pickle
339
COCO mAP: 0.9578235745429993
/home/wxz/Documents/pickle/reta/480p/cut4_8104.pickle
340
COCO mAP: 0.7650055289268494
/home/wxz/Documents/pickle/reta/480p/cut5_8737.pickle
341
COCO mAP: 0.8691585659980774
/home/wxz/Documents/pickle/reta/480p/cut3_1713.pickle
342
COCO mAP: 0.5425103902816772
/home/wxz/Documents/pickle/reta/480p/cut3_5713.pickle
343
COCO mAP: 0.8451236486434937
/home/wxz/Documents/pickle/reta/480p/cut4_5601.pickle
344
COCO mAP: 0.8250516653060913
/home/wxz/Documents/pickle/reta/480p/cut1_5889.pickle
345
COCO mAP: 0.8216099739074707
/home/wxz/Documents/pickle/reta/480p/cut9_913.pickle
346
COCO mAP: 0.5804119110107422
/home/wxz/Documents/pickle/reta/480p/cut5_6833.pickle
347
COCO mAP: 0.8197065591812134
/home/wxz/Documents/pickle/reta/480p/cut6_721.pickle
348
COCO mAP: 0.8585233688354492
/home/wxz/Documents/pickle/reta/480p/cut3_7841.pickle
349
COCO mAP: 0.8876327276229858
/home/wxz/Documents/pickle/reta/480p/cut7_7065.pickle
350
COCO mAP: 0.8555083274841309
/home/wxz/Documents/pickle/reta/480p/cut3_7057.pickle
351
COCO mAP: 0.9289108514785767
/home/wxz/Documents/pickle/reta/480p/cut4_7780.pickle
352
COCO mAP: 0.6912001371383667
/home/wxz/Documents/pickle/reta/480p/cut4_2621.pickle
353
COCO mAP: 0.6485397815704346
/home/wxz/Documents/pickle/reta/480p/cut5_7537.pickle
354
COCO mAP: 0.7949129343032837
/home/wxz/Documents/pickle/reta/480p/cut5_8641.pickle
355
COCO mAP: 0.7075192332267761
/home/wxz/Documents/pickle/reta/480p/cut8_3955.pickle
356
COCO mAP: 0.9634232521057129
/home/wxz/Documents/pickle/reta/480p/cut2_1634.pickle
357
COCO mAP: 0.728335976600647
/home/wxz/Documents/pickle/reta/480p/cut5_1425.pickle
358
COCO mAP: 0.7442691922187805
/home/wxz/Documents/pickle/reta/480p/cut1_8939.pickle
359
COCO mAP: 0.9362188577651978
/home/wxz/Documents/pickle/reta/480p/cut2_2922.pickle
360
COCO mAP: 0.7698059678077698
/home/wxz/Documents/pickle/reta/480p/cut8_7328.pickle
361
COCO mAP: 0.7869058847427368
/home/wxz/Documents/pickle/reta/480p/cut8_2821.pickle
362
COCO mAP: 0.7694333791732788
/home/wxz/Documents/pickle/reta/480p/cut8_5312.pickle
363
COCO mAP: 0.8956414461135864
/home/wxz/Documents/pickle/reta/480p/cut1_1140.pickle
364
COCO mAP: 0.5499752163887024
/home/wxz/Documents/pickle/reta/480p/cut4_2721.pickle
365
COCO mAP: 0.9294925928115845
/home/wxz/Documents/pickle/reta/480p/cut7_481.pickle
366
COCO mAP: 0.8465082049369812
/home/wxz/Documents/pickle/reta/480p/cut7_8105.pickle
367
COCO mAP: 0.9278278350830078
/home/wxz/Documents/pickle/reta/480p/cut8_6726.pickle
368
COCO mAP: 0.8602252006530762
/home/wxz/Documents/pickle/reta/480p/cut5_289.pickle
369
COCO mAP: 0.894496738910675
/home/wxz/Documents/pickle/reta/480p/cut9_1601.pickle
370
COCO mAP: 0.8413947820663452
/home/wxz/Documents/pickle/reta/480p/cut9_1409.pickle
371
COCO mAP: 0.7689608335494995
/home/wxz/Documents/pickle/reta/480p/cut9_1201.pickle
372
COCO mAP: 0.6515955328941345
/home/wxz/Documents/pickle/reta/480p/cut5_6257.pickle
373
COCO mAP: 0.8400371670722961
/home/wxz/Documents/pickle/reta/480p/cut9_625.pickle
374
COCO mAP: 0.8481297492980957
/home/wxz/Documents/pickle/reta/480p/cut8_8462.pickle
375
COCO mAP: 0.7916272282600403
/home/wxz/Documents/pickle/reta/480p/cut8_8014.pickle
376
COCO mAP: 0.8292407989501953
/home/wxz/Documents/pickle/reta/480p/cut3_5409.pickle
377
COCO mAP: 0.5653094053268433
/home/wxz/Documents/pickle/reta/480p/cut2_507.pickle
378
COCO mAP: 0.6167542934417725
/home/wxz/Documents/pickle/reta/480p/cut2_2485.pickle
379
COCO mAP: 0.11535446345806122
/home/wxz/Documents/pickle/reta/480p/cut6_5313.pickle
380
COCO mAP: 0.8492026329040527
/home/wxz/Documents/pickle/reta/480p/cut3_3313.pickle
381
COCO mAP: 0.9361864328384399
/home/wxz/Documents/pickle/reta/480p/cut5_6545.pickle
382
COCO mAP: 0.8306506276130676
/home/wxz/Documents/pickle/reta/480p/cut3_5025.pickle
383
COCO mAP: 0.47560834884643555
/home/wxz/Documents/pickle/reta/480p/cut8_1113.pickle
384
COCO mAP: 0.7210493087768555
/home/wxz/Documents/pickle/reta/480p/cut3_8033.pickle
385
COCO mAP: 0.9604105949401855
/home/wxz/Documents/pickle/reta/480p/cut4_2841.pickle
386
COCO mAP: 0.8754940032958984
/home/wxz/Documents/pickle/reta/480p/cut3_5217.pickle
387
COCO mAP: 0.44132208824157715
/home/wxz/Documents/pickle/reta/480p/cut2_2715.pickle
388
COCO mAP: 0.7092539072036743
/home/wxz/Documents/pickle/reta/480p/cut6_7453.pickle
389
COCO mAP: 0.8934291005134583
/home/wxz/Documents/pickle/reta/480p/cut6_817.pickle
390
COCO mAP: 0.8168283700942993
/home/wxz/Documents/pickle/reta/480p/cut3_2737.pickle
391
COCO mAP: 0.776872992515564
/home/wxz/Documents/pickle/reta/480p/cut7_2885.pickle
392
COCO mAP: 0.39838334918022156
/home/wxz/Documents/pickle/reta/480p/cut5_3441.pickle
393
COCO mAP: 0.8134241104125977
/home/wxz/Documents/pickle/reta/480p/cut1_7644.pickle
394
COCO mAP: 0.27795326709747314
/home/wxz/Documents/pickle/reta/480p/cut3_5809.pickle
395
COCO mAP: 0.7287720441818237
/home/wxz/Documents/pickle/reta/480p/cut8_7804.pickle
396
COCO mAP: 0.4375380575656891
/home/wxz/Documents/pickle/reta/480p/cut3_5601.pickle
397
COCO mAP: 0.2964142858982086
/home/wxz/Documents/pickle/reta/480p/cut5_7073.pickle
398
COCO mAP: 0.817839503288269
/home/wxz/Documents/pickle/reta/480p/cut9_6305.pickle
399
COCO mAP: 0.878583550453186
/home/wxz/Documents/pickle/reta/480p/cut3_8129.pickle
400
COCO mAP: 0.830133318901062
/home/wxz/Documents/pickle/reta/480p/cut5_4545.pickle
401
COCO mAP: 0.7336888313293457
/home/wxz/Documents/pickle/reta/480p/cut7_3425.pickle
402
COCO mAP: 0.8674421310424805
/home/wxz/Documents/pickle/reta/480p/cut3_8513.pickle
403
COCO mAP: 0.8188670873641968
/home/wxz/Documents/pickle/reta/480p/cut8_506.pickle
404
COCO mAP: 0.2827759385108948
/home/wxz/Documents/pickle/reta/480p/cut2_5912.pickle
405
COCO mAP: 0.8727830052375793
/home/wxz/Documents/pickle/reta/480p/cut5_2545.pickle
406
COCO mAP: 0.9250367283821106
/home/wxz/Documents/pickle/reta/480p/cut3_4209.pickle
407
COCO mAP: 0.8021132349967957
/home/wxz/Documents/pickle/reta/480p/cut6_8029.pickle
408
COCO mAP: 0.5234468579292297
/home/wxz/Documents/pickle/reta/480p/cut8_7510.pickle
409
COCO mAP: 0.5411905646324158
/home/wxz/Documents/pickle/reta/480p/cut3_2001.pickle
410
COCO mAP: 0.7676829099655151
/home/wxz/Documents/pickle/reta/480p/cut3_7937.pickle
411
COCO mAP: 0.8245468139648438
/home/wxz/Documents/pickle/reta/480p/cut3_705.pickle
412
COCO mAP: 0.9717023968696594
/home/wxz/Documents/pickle/reta/480p/cut4_2241.pickle
413
COCO mAP: 0.875025749206543
/home/wxz/Documents/pickle/reta/480p/cut2_7522.pickle
414
COCO mAP: 0.900316059589386
/home/wxz/Documents/pickle/reta/480p/cut2_8879.pickle
415
COCO mAP: 0.5247465372085571
/home/wxz/Documents/pickle/reta/480p/cut9_4017.pickle
416
COCO mAP: 0.42729806900024414
/home/wxz/Documents/pickle/reta/480p/cut3_3857.pickle
417
COCO mAP: 0.6581705212593079
/home/wxz/Documents/pickle/reta/480p/cut5_4641.pickle
418
COCO mAP: 0.7483018636703491
/home/wxz/Documents/pickle/reta/480p/cut4_7024.pickle
419
COCO mAP: 0.7750305533409119
/home/wxz/Documents/pickle/reta/480p/cut5_5713.pickle
420
COCO mAP: 0.5688514709472656
/home/wxz/Documents/pickle/reta/480p/cut5_1377.pickle
421
COCO mAP: 0.7724158763885498
/home/wxz/Documents/pickle/reta/480p/cut7_3545.pickle
422
COCO mAP: 0.8997251391410828
/home/wxz/Documents/pickle/reta/480p/cut5_3105.pickle
423
COCO mAP: 0.7995741963386536
/home/wxz/Documents/pickle/reta/480p/cut1_4671.pickle
424
COCO mAP: 0.8379393815994263
/home/wxz/Documents/pickle/reta/480p/cut4_6293.pickle
425
COCO mAP: 0.6294187307357788
/home/wxz/Documents/pickle/reta/480p/cut9_2033.pickle
426
COCO mAP: 0.7352209687232971
/home/wxz/Documents/pickle/reta/480p/cut9_4913.pickle
427
COCO mAP: 0.6464267373085022
/home/wxz/Documents/pickle/reta/480p/cut5_1713.pickle
428
COCO mAP: 0.8820745348930359
/home/wxz/Documents/pickle/reta/480p/cut8_8602.pickle
429
COCO mAP: 0.8608297109603882
/home/wxz/Documents/pickle/reta/480p/cut1_2908.pickle
430
COCO mAP: 0.5041725635528564
/home/wxz/Documents/pickle/reta/480p/cut8_4431.pickle
431
COCO mAP: 0.869899570941925
/home/wxz/Documents/pickle/reta/480p/cut3_1633.pickle
432
COCO mAP: 0.592013418674469
/home/wxz/Documents/pickle/reta/480p/cut5_3633.pickle
433
COCO mAP: 0.5709039568901062
/home/wxz/Documents/pickle/reta/480p/cut3_609.pickle
434
COCO mAP: 0.9131460189819336
/home/wxz/Documents/pickle/reta/480p/cut3_417.pickle
435
COCO mAP: 0.8823505640029907
/home/wxz/Documents/pickle/reta/480p/cut2_3704.pickle
436
COCO mAP: 0.560167133808136
/home/wxz/Documents/pickle/reta/480p/cut4_461.pickle
437
COCO mAP: 0.3700551390647888
/home/wxz/Documents/pickle/reta/480p/cut2_7361.pickle
438
COCO mAP: 0.8385584950447083
/home/wxz/Documents/pickle/reta/480p/cut8_1827.pickle
439
COCO mAP: 0.614158034324646
/home/wxz/Documents/pickle/reta/480p/cut2_8603.pickle
440
COCO mAP: 0.7256133556365967
/home/wxz/Documents/pickle/reta/480p/cut8_2331.pickle
441
COCO mAP: 0.9061828851699829
/home/wxz/Documents/pickle/reta/480p/cut7_2145.pickle
442
COCO mAP: 0.7242642641067505
/home/wxz/Documents/pickle/reta/480p/cut9_6145.pickle
443
COCO mAP: 0.846271812915802
/home/wxz/Documents/pickle/reta/480p/cut2_3106.pickle
444
COCO mAP: 0.43583813309669495
/home/wxz/Documents/pickle/reta/480p/cut3_6001.pickle
445
COCO mAP: 0.7441794872283936
/home/wxz/Documents/pickle/reta/480p/cut3_1809.pickle
446
COCO mAP: 0.502346396446228
/home/wxz/Documents/pickle/reta/480p/cut1_8319.pickle
447
COCO mAP: 0.48321205377578735
/home/wxz/Documents/pickle/reta/480p/cut6_193.pickle
448
COCO mAP: 0.9293875694274902
/home/wxz/Documents/pickle/reta/480p/cut1_1846.pickle
449
COCO mAP: 0.1766708791255951
/home/wxz/Documents/pickle/reta/480p/cut6_8785.pickle
450
COCO mAP: 0.925599217414856
/home/wxz/Documents/pickle/reta/480p/cut9_5409.pickle
451
COCO mAP: 0.9384954571723938
/home/wxz/Documents/pickle/reta/480p/cut5_657.pickle
452
COCO mAP: 0.6623121500015259
/home/wxz/Documents/pickle/reta/480p/cut6_8353.pickle
453
COCO mAP: 0.6305248737335205
/home/wxz/Documents/pickle/reta/480p/cut8_8924.pickle
454
COCO mAP: 0.03388867527246475
/home/wxz/Documents/pickle/reta/480p/cut6_5934.pickle
455
COCO mAP: 0.8348374366760254
/home/wxz/Documents/pickle/reta/480p/cut3_8417.pickle
456
COCO mAP: 0.9245185852050781
/home/wxz/Documents/pickle/reta/480p/cut4_8068.pickle
457
COCO mAP: 0.8221456408500671
/home/wxz/Documents/pickle/reta/480p/cut9_1105.pickle
458
COCO mAP: 0.7804464101791382
/home/wxz/Documents/pickle/reta/480p/cut7_8825.pickle
459
COCO mAP: 0.6444879770278931
/home/wxz/Documents/pickle/reta/480p/cut2_3612.pickle
460
COCO mAP: 0.9165022969245911
/home/wxz/Documents/pickle/reta/480p/cut6_3041.pickle
461
COCO mAP: 0.9421563148498535
/home/wxz/Documents/pickle/reta/480p/cut7_4425.pickle
462
COCO mAP: 0.9122406840324402
/home/wxz/Documents/pickle/reta/480p/cut7_6705.pickle
463
COCO mAP: 0.17774616181850433
/home/wxz/Documents/pickle/reta/480p/cut9_209.pickle
464
COCO mAP: 0.6284583210945129
/home/wxz/Documents/pickle/reta/480p/cut4_261.pickle
465
COCO mAP: 0.7183383703231812
/home/wxz/Documents/pickle/reta/480p/cut4_3401.pickle
466
COCO mAP: 0.8671342134475708
/home/wxz/Documents/pickle/reta/480p/cut3_3217.pickle
467
COCO mAP: 0.8043282628059387
/home/wxz/Documents/pickle/reta/480p/cut9_4641.pickle
468
COCO mAP: 0.6409623622894287
/home/wxz/Documents/pickle/reta/480p/cut7_6365.pickle
469
COCO mAP: 0.4441462457180023
/home/wxz/Documents/pickle/reta/480p/cut4_3241.pickle
470
COCO mAP: 0.9014622569084167
/home/wxz/Documents/pickle/reta/480p/cut8_8546.pickle
471
COCO mAP: 0.8506155014038086
/home/wxz/Documents/pickle/reta/480p/cut8_8840.pickle
472
COCO mAP: 0.7448726892471313
/home/wxz/Documents/pickle/reta/480p/cut3_7505.pickle
473
COCO mAP: 0.9385107159614563
/home/wxz/Documents/pickle/reta/480p/cut5_7969.pickle
474
COCO mAP: 0.8249927759170532
/home/wxz/Documents/pickle/reta/480p/cut4_7258.pickle
475
COCO mAP: 0.8497679829597473
/home/wxz/Documents/pickle/reta/480p/cut4_1801.pickle
476
COCO mAP: 0.9399377107620239
/home/wxz/Documents/pickle/reta/480p/cut7_4845.pickle
477
COCO mAP: 0.5110862851142883
/home/wxz/Documents/pickle/reta/480p/cut6_8137.pickle
478
COCO mAP: 0.8489353060722351
/home/wxz/Documents/pickle/reta/480p/cut4_761.pickle
479
COCO mAP: 0.8101320266723633
/home/wxz/Documents/pickle/reta/480p/cut2_8925.pickle
480
COCO mAP: 0.9031686782836914
/home/wxz/Documents/pickle/reta/480p/cut4_5281.pickle
481
COCO mAP: 0.8972557187080383
/home/wxz/Documents/pickle/reta/480p/cut1_5700.pickle
482
COCO mAP: 0.8663590550422668
/home/wxz/Documents/pickle/reta/480p/cut7_641.pickle
483
COCO mAP: 0.4656466543674469
/home/wxz/Documents/pickle/reta/480p/cut2_5751.pickle
484
COCO mAP: 0.9562857747077942
/home/wxz/Documents/pickle/reta/480p/cut9_113.pickle
485
COCO mAP: 0.833454430103302
/home/wxz/Documents/pickle/reta/480p/cut4_7348.pickle
486
COCO mAP: 0.8851054310798645
/home/wxz/Documents/pickle/reta/480p/cut1_3438.pickle
487
COCO mAP: 0.19092237949371338
/home/wxz/Documents/pickle/reta/480p/cut7_4305.pickle
488
COCO mAP: 0.9198722839355469
/home/wxz/Documents/pickle/reta/480p/cut5_897.pickle
489
COCO mAP: 0.838227391242981
/home/wxz/Documents/pickle/reta/480p/cut3_3601.pickle
490
COCO mAP: 0.8111053705215454
/home/wxz/Documents/pickle/reta/480p/cut5_8881.pickle
491
COCO mAP: 0.9236671328544617
/home/wxz/Documents/pickle/reta/480p/cut5_3729.pickle
492
COCO mAP: 0.5367299914360046
/home/wxz/Documents/pickle/reta/480p/cut4_6412.pickle
493
COCO mAP: 0.8774813413619995
/home/wxz/Documents/pickle/reta/480p/cut5_3809.pickle
494
COCO mAP: 0.7297375798225403
/home/wxz/Documents/pickle/reta/480p/cut4_7672.pickle
495
COCO mAP: 0.8718331456184387
/home/wxz/Documents/pickle/reta/480p/cut1_2820.pickle
496
COCO mAP: 0.28308334946632385
/home/wxz/Documents/pickle/reta/480p/cut4_521.pickle
497
COCO mAP: 0.9290773272514343
/home/wxz/Documents/pickle/reta/480p/cut9_1937.pickle
498
COCO mAP: 0.6376029849052429
/home/wxz/Documents/pickle/reta/480p/cut6_5611.pickle
499
COCO mAP: 0.9142541885375977
/home/wxz/Documents/pickle/reta/480p/cut4_2001.pickle
500
COCO mAP: 0.8794261813163757
/home/wxz/Documents/pickle/reta/480p/cut1_5373.pickle
501
COCO mAP: 0.8279895782470703
/home/wxz/Documents/pickle/reta/480p/cut8_912.pickle
502
COCO mAP: 0.7751740217208862
/home/wxz/Documents/pickle/reta/480p/cut6_6750.pickle
503
COCO mAP: 0.7933382987976074
/home/wxz/Documents/pickle/reta/480p/cut4_5401.pickle
504
COCO mAP: 0.7674538493156433
/home/wxz/Documents/pickle/reta/480p/cut3_3505.pickle
505
COCO mAP: 0.8544068336486816
/home/wxz/Documents/pickle/reta/480p/cut5_8353.pickle
506
COCO mAP: 0.6461398601531982
/home/wxz/Documents/pickle/reta/480p/cut6_8461.pickle
507
COCO mAP: 0.697205662727356
/home/wxz/Documents/pickle/reta/480p/cut7_5945.pickle
508
COCO mAP: 0.6002786159515381
/home/wxz/Documents/pickle/reta/480p/cut3_2609.pickle
509
COCO mAP: 0.6596350073814392
/home/wxz/Documents/pickle/reta/480p/cut6_7741.pickle
510
COCO mAP: 0.6156541109085083
/home/wxz/Documents/pickle/reta/480p/cut8_4613.pickle
511
COCO mAP: 0.83782559633255
/home/wxz/Documents/pickle/reta/480p/cut2_852.pickle
512
COCO mAP: 0.6013308763504028
/home/wxz/Documents/pickle/reta/480p/cut5_4017.pickle
513
COCO mAP: 0.8635959625244141
/home/wxz/Documents/pickle/reta/480p/cut1_4931.pickle
514
COCO mAP: 0.8606640696525574
/home/wxz/Documents/pickle/reta/480p/cut6_5201.pickle
515
COCO mAP: 0.595683217048645
/home/wxz/Documents/pickle/reta/480p/cut8_3619.pickle
516
COCO mAP: 0.33581429719924927
/home/wxz/Documents/pickle/reta/480p/cut2_6717.pickle
517
COCO mAP: 0.8952277302742004
/home/wxz/Documents/pickle/reta/480p/cut4_7996.pickle
518
COCO mAP: 0.7823963165283203
/home/wxz/Documents/pickle/reta/480p/cut8_1519.pickle
519
COCO mAP: 0.9308357238769531
/home/wxz/Documents/pickle/reta/480p/cut2_5061.pickle
520
COCO mAP: 0.8442260026931763
/home/wxz/Documents/pickle/reta/480p/cut5_7265.pickle
521
COCO mAP: 0.9183121919631958
/home/wxz/Documents/pickle/reta/480p/cut5_2401.pickle
522
COCO mAP: 0.7566323280334473
/home/wxz/Documents/pickle/reta/480p/cut2_8741.pickle
523
COCO mAP: 0.2059340476989746
/home/wxz/Documents/pickle/reta/480p/cut6_2433.pickle
524
COCO mAP: 0.8260281682014465
/home/wxz/Documents/pickle/reta/480p/cut3_1.pickle
525
COCO mAP: 0.8932798504829407
/home/wxz/Documents/pickle/reta/480p/cut4_1761.pickle
526
COCO mAP: 0.41207942366600037
/home/wxz/Documents/pickle/reta/480p/cut5_6929.pickle
527
COCO mAP: 0.8585309982299805
/home/wxz/Documents/pickle/reta/480p/cut2_7430.pickle
528
COCO mAP: 0.9067496061325073
/home/wxz/Documents/pickle/reta/480p/cut9_2801.pickle
529
COCO mAP: 0.7285979986190796
/home/wxz/Documents/pickle/reta/480p/cut6_6189.pickle
530
COCO mAP: 0.6455551385879517
/home/wxz/Documents/pickle/reta/480p/cut5_2817.pickle
531
COCO mAP: 0.5060683488845825
/home/wxz/Documents/pickle/reta/480p/cut2_7660.pickle
532
COCO mAP: 0.830693244934082
/home/wxz/Documents/pickle/reta/480p/cut6_7975.pickle
533
COCO mAP: 0.9217438697814941
/home/wxz/Documents/pickle/reta/480p/cut3_6865.pickle
534
COCO mAP: 0.9345149993896484
/home/wxz/Documents/pickle/reta/480p/cut8_4515.pickle
535
COCO mAP: 0.8640931248664856
/home/wxz/Documents/pickle/reta/480p/cut3_3393.pickle
536
COCO mAP: 0.8913361430168152
/home/wxz/Documents/pickle/reta/480p/cut1_879.pickle
537
COCO mAP: 0.8233381509780884
/home/wxz/Documents/pickle/reta/480p/cut9_3329.pickle
538
COCO mAP: 0.5101000666618347
/home/wxz/Documents/pickle/reta/480p/cut2_8143.pickle
539
COCO mAP: 0.5080465078353882
/home/wxz/Documents/pickle/reta/480p/cut4_5817.pickle
540
COCO mAP: 0.4129793047904968
/home/wxz/Documents/pickle/reta/480p/cut9_5505.pickle
541
COCO mAP: 0.8863304257392883
/home/wxz/Documents/pickle/reta/480p/cut2_4762.pickle
542
COCO mAP: 0.7591143846511841
/home/wxz/Documents/pickle/reta/480p/cut4_3621.pickle
543
COCO mAP: 0.7867956161499023
/home/wxz/Documents/pickle/reta/480p/cut6_1489.pickle
544
COCO mAP: 0.5105389356613159
/home/wxz/Documents/pickle/reta/480p/cut1_3174.pickle
545
COCO mAP: 0.35346537828445435
/home/wxz/Documents/pickle/reta/480p/cut6_5832.pickle
546
COCO mAP: 0.7332568764686584
/home/wxz/Documents/pickle/reta/480p/cut6_5105.pickle
547
COCO mAP: 0.811771035194397
/home/wxz/Documents/pickle/reta/480p/cut4_161.pickle
548
COCO mAP: 0.8880681991577148
/home/wxz/Documents/pickle/reta/480p/cut3_4305.pickle
549
COCO mAP: 0.5043389201164246
/home/wxz/Documents/pickle/reta/480p/cut1_3526.pickle
550
COCO mAP: 0.8093231916427612
/home/wxz/Documents/pickle/reta/480p/cut2_7292.pickle
551
COCO mAP: 0.8463753461837769
/home/wxz/Documents/pickle/reta/480p/cut7_4725.pickle
552
COCO mAP: 0.6515063047409058
/home/wxz/Documents/pickle/reta/480p/cut3_3793.pickle
553
COCO mAP: 0.566457211971283
/home/wxz/Documents/pickle/reta/480p/cut5_3537.pickle
554
COCO mAP: 0.8646878004074097
/home/wxz/Documents/pickle/reta/480p/cut5_2913.pickle
555
COCO mAP: 0.8260164260864258
/home/wxz/Documents/pickle/reta/480p/cut7_7945.pickle
556
COCO mAP: 0.9193820953369141
/home/wxz/Documents/pickle/reta/480p/cut8_7412.pickle
557
COCO mAP: 0.6574075222015381
/home/wxz/Documents/pickle/reta/480p/cut3_6193.pickle
558
COCO mAP: 0.9343946576118469
/home/wxz/Documents/pickle/reta/480p/cut4_3001.pickle
559
COCO mAP: 0.8746151924133301
/home/wxz/Documents/pickle/reta/480p/cut4_5901.pickle
560
COCO mAP: 0.6349892616271973
/home/wxz/Documents/pickle/reta/480p/cut2_1036.pickle
561
COCO mAP: 0.3484123945236206
/home/wxz/Documents/pickle/reta/480p/cut8_1715.pickle
562
COCO mAP: 0.9284008145332336
/home/wxz/Documents/pickle/reta/480p/cut5_8992.pickle
563
COCO mAP: 0.8842445611953735
/home/wxz/Documents/pickle/reta/480p/cut6_3617.pickle
564
COCO mAP: 0.5109922289848328
/home/wxz/Documents/pickle/reta/480p/cut5_6641.pickle
565
COCO mAP: 0.6101104021072388
/home/wxz/Documents/pickle/reta/480p/cut6_6240.pickle
566
COCO mAP: 0.8667489886283875
/home/wxz/Documents/pickle/reta/480p/cut8_4906.pickle
567
COCO mAP: 0.6383258104324341
/home/wxz/Documents/pickle/reta/480p/cut6_8947.pickle
568
COCO mAP: 0.7759443521499634
/home/wxz/Documents/pickle/reta/480p/cut7_1.pickle
569
COCO mAP: 0.8994032740592957
/home/wxz/Documents/pickle/reta/480p/cut1_2471.pickle
570
COCO mAP: 0.26112574338912964
/home/wxz/Documents/pickle/reta/480p/cut6_2001.pickle
571
COCO mAP: 0.9274889230728149
/home/wxz/Documents/pickle/reta/480p/cut6_1201.pickle
572
COCO mAP: 0.14387159049510956
/home/wxz/Documents/pickle/reta/480p/cut6_6903.pickle
573
COCO mAP: 0.8890350461006165
/home/wxz/Documents/pickle/reta/480p/cut2_93.pickle
574
COCO mAP: 0.9294751882553101
/home/wxz/Documents/pickle/reta/480p/cut5_8545.pickle
575
COCO mAP: 0.7858723402023315
/home/wxz/Documents/pickle/reta/480p/cut7_1105.pickle
576
COCO mAP: 0.6968193054199219
/home/wxz/Documents/pickle/reta/480p/cut7_1855.pickle
577
COCO mAP: 0.645961582660675
/home/wxz/Documents/pickle/reta/480p/cut5_8785.pickle
578
COCO mAP: 0.8369432687759399
/home/wxz/Documents/pickle/reta/480p/cut2_6510.pickle
579
COCO mAP: 0.8236371278762817
/home/wxz/Documents/pickle/reta/480p/cut8_1645.pickle
580
COCO mAP: 0.8406084179878235
/home/wxz/Documents/pickle/reta/480p/cut4_5321.pickle
581
COCO mAP: 0.9401901364326477
/home/wxz/Documents/pickle/reta/480p/cut2_6418.pickle
582
COCO mAP: 0.916528582572937
/home/wxz/Documents/pickle/reta/480p/cut9_1009.pickle
583
COCO mAP: 0.5860576629638672
/home/wxz/Documents/pickle/reta/480p/cut7_6645.pickle
584
COCO mAP: 0.8552737236022949
/home/wxz/Documents/pickle/reta/480p/cut4_1681.pickle
585
COCO mAP: 0.0484350211918354
/home/wxz/Documents/pickle/reta/480p/cut9_401.pickle
586
COCO mAP: 0.7773275971412659
/home/wxz/Documents/pickle/reta/480p/cut3_2209.pickle
587
COCO mAP: 0.6828896403312683
/home/wxz/Documents/pickle/reta/480p/cut8_4809.pickle
588
COCO mAP: 0.6108977794647217
/home/wxz/Documents/pickle/reta/480p/cut6_4641.pickle
589
COCO mAP: 0.7853902578353882
/home/wxz/Documents/pickle/reta/480p/cut7_833.pickle
590
COCO mAP: 0.6228861808776855
/home/wxz/Documents/pickle/reta/480p/cut5_6113.pickle
591
COCO mAP: 0.8974606394767761
/home/wxz/Documents/pickle/reta/480p/cut6_7867.pickle
592
COCO mAP: 0.6108783483505249
/home/wxz/Documents/pickle/reta/480p/cut6_6444.pickle
593
COCO mAP: 0.7038347721099854
/home/wxz/Documents/pickle/reta/480p/cut1_4139.pickle
594
COCO mAP: 0.8576817512512207
/home/wxz/Documents/pickle/reta/480p/cut3_817.pickle
595
COCO mAP: 0.6086073517799377
/home/wxz/Documents/pickle/reta/480p/cut4_1.pickle
596
COCO mAP: 0.4299619197845459
/home/wxz/Documents/pickle/reta/480p/cut4_2121.pickle
597
COCO mAP: 0.886591911315918
/home/wxz/Documents/pickle/reta/480p/cut2_8534.pickle
598
COCO mAP: 0.9043723344802856
/home/wxz/Documents/pickle/reta/480p/cut4_4721.pickle
599
COCO mAP: 0.6313375234603882
/home/wxz/Documents/pickle/reta/480p/cut1_8759.pickle
600
COCO mAP: 0.9518653750419617
/home/wxz/Documents/pickle/reta/480p/cut8_2737.pickle
601
COCO mAP: 0.7578067779541016
/home/wxz/Documents/pickle/reta/480p/cut8_3003.pickle
602
COCO mAP: 0.9044605493545532
/home/wxz/Documents/pickle/reta/480p/cut4_3341.pickle
603
COCO mAP: 0.934510350227356
/home/wxz/Documents/pickle/reta/480p/cut4_8914.pickle
604
COCO mAP: 0.3169003129005432
/home/wxz/Documents/pickle/reta/480p/cut6_1537.pickle
605
COCO mAP: 0.8602824211120605
/home/wxz/Documents/pickle/reta/480p/cut3_4737.pickle
606
COCO mAP: 0.4995296597480774
/home/wxz/Documents/pickle/reta/480p/cut1_8509.pickle
607
COCO mAP: 0.8893965482711792
/home/wxz/Documents/pickle/reta/480p/cut5_4929.pickle
608
COCO mAP: 0.40750664472579956
/home/wxz/Documents/pickle/reta/480p/cut2_6602.pickle
609
COCO mAP: 0.8472533226013184
/home/wxz/Documents/pickle/reta/480p/cut7_7465.pickle
610
COCO mAP: 0.7904021739959717
/home/wxz/Documents/pickle/reta/480p/cut3_2305.pickle
611
COCO mAP: 0.5926148891448975
/home/wxz/Documents/pickle/reta/480p/cut6_4241.pickle
612
COCO mAP: 0.630237877368927
/home/wxz/Documents/pickle/reta/480p/cut3_5313.pickle
613
COCO mAP: 0.6097639203071594
/home/wxz/Documents/pickle/reta/480p/cut7_3665.pickle
614
COCO mAP: 0.8805087804794312
/home/wxz/Documents/pickle/reta/480p/cut7_5445.pickle
615
COCO mAP: 0.6869332194328308
/home/wxz/Documents/pickle/reta/480p/cut1_5107.pickle
616
COCO mAP: 0.8045451045036316
/home/wxz/Documents/pickle/reta/480p/cut6_5009.pickle
617
COCO mAP: 0.9698091745376587
/home/wxz/Documents/pickle/reta/480p/cut3_4833.pickle
618
COCO mAP: 0.305575966835022
/home/wxz/Documents/pickle/reta/480p/cut1_6068.pickle
619
COCO mAP: 0.6840121150016785
/home/wxz/Documents/pickle/reta/480p/cut8_7706.pickle
620
COCO mAP: 0.5436473488807678
/home/wxz/Documents/pickle/reta/480p/cut6_5409.pickle
621
COCO mAP: 0.5544731020927429
/home/wxz/Documents/pickle/reta/480p/cut4_6141.pickle
622
COCO mAP: 0.6552451848983765
/home/wxz/Documents/pickle/reta/480p/cut7_2017.pickle
623
COCO mAP: 0.69001305103302
/home/wxz/Documents/pickle/reta/480p/cut9_5601.pickle
624
COCO mAP: 0.5247327089309692
/home/wxz/Documents/pickle/reta/480p/cut3_7649.pickle
625
COCO mAP: 0.8256169557571411
/home/wxz/Documents/pickle/reta/480p/cut4_361.pickle
626
COCO mAP: 0.8827210664749146
/home/wxz/Documents/pickle/reta/480p/cut4_5521.pickle
627
COCO mAP: 0.46484312415122986
/home/wxz/Documents/pickle/reta/480p/cut6_689.pickle
628
COCO mAP: 0.6725971698760986
/home/wxz/Documents/pickle/reta/480p/cut4_4121.pickle
629
COCO mAP: 0.6269901990890503
/home/wxz/Documents/pickle/reta/480p/cut7_8225.pickle
630
COCO mAP: 0.668645441532135
/home/wxz/Documents/pickle/reta/480p/cut4_4841.pickle
631
COCO mAP: 0.9316657781600952
/home/wxz/Documents/pickle/reta/480p/cut9_305.pickle
632
COCO mAP: 0.5506054759025574
/home/wxz/Documents/pickle/reta/480p/cut9_5713.pickle
633
COCO mAP: 0.8480724096298218
/home/wxz/Documents/pickle/reta/480p/cut4_3901.pickle
634
COCO mAP: 0.39069849252700806
/home/wxz/Documents/pickle/reta/480p/cut1_2558.pickle
635
COCO mAP: 0.3438829779624939
/home/wxz/Documents/pickle/reta/480p/cut8_5620.pickle
636
COCO mAP: 0.8268676996231079
/home/wxz/Documents/pickle/reta/480p/cut3_3169.pickle
637
COCO mAP: 0.8636072874069214
/home/wxz/Documents/pickle/reta/480p/cut4_6201.pickle
638
COCO mAP: 0.8767954707145691
/home/wxz/Documents/pickle/reta/480p/cut2_1312.pickle
639
COCO mAP: 0.33584702014923096
/home/wxz/Documents/pickle/reta/480p/cut6_1905.pickle
640
COCO mAP: 0.803209125995636
/home/wxz/Documents/pickle/reta/480p/cut9_3729.pickle
641
COCO mAP: 0.6127914190292358
/home/wxz/Documents/pickle/reta/480p/cut2_6142.pickle
642
COCO mAP: 0.3609172999858856
/home/wxz/Documents/pickle/reta/480p/cut3_8705.pickle
643
COCO mAP: 0.7808842658996582
/home/wxz/Documents/pickle/reta/480p/cut8_5032.pickle
644
COCO mAP: 0.6231144666671753
/home/wxz/Documents/pickle/reta/480p/cut8_2905.pickle
645
COCO mAP: 0.3636348843574524
/home/wxz/Documents/pickle/reta/480p/cut2_2002.pickle
646
COCO mAP: 0.9524815678596497
/home/wxz/Documents/pickle/reta/480p/cut8_209.pickle
647
COCO mAP: 0.731576681137085
/home/wxz/Documents/pickle/reta/480p/cut2_8327.pickle
648
COCO mAP: 0.79122394323349
/home/wxz/Documents/pickle/reta/480p/cut5_5617.pickle
649
COCO mAP: 0.6442219018936157
/home/wxz/Documents/pickle/reta/480p/cut7_3245.pickle
650
COCO mAP: 0.8452650308609009
/home/wxz/Documents/pickle/reta/480p/cut9_5169.pickle
651
COCO mAP: 0.8282402753829956
/home/wxz/Documents/pickle/reta/480p/cut9_2321.pickle
652
COCO mAP: 0.3621320128440857
/home/wxz/Documents/pickle/reta/480p/cut7_5625.pickle
653
COCO mAP: 0.8122833967208862
/home/wxz/Documents/pickle/reta/480p/cut8_5410.pickle
654
COCO mAP: 0.865615963935852
/home/wxz/Documents/pickle/reta/480p/cut8_2009.pickle
655
COCO mAP: 0.7663172483444214
/home/wxz/Documents/pickle/reta/480p/cut8_604.pickle
656
COCO mAP: 0.6427003741264343
/home/wxz/Documents/pickle/reta/480p/cut7_737.pickle
657
COCO mAP: 0.5080752372741699
/home/wxz/Documents/pickle/reta/480p/cut6_3425.pickle
658
COCO mAP: 0.47854891419410706
/home/wxz/Documents/pickle/reta/480p/cut7_7185.pickle
659
COCO mAP: 0.9278768301010132
/home/wxz/Documents/pickle/reta/480p/cut5_2209.pickle
660
COCO mAP: 0.8879013061523438
/home/wxz/Documents/pickle/reta/480p/cut4_4541.pickle
661
COCO mAP: 0.35369616746902466
/home/wxz/Documents/pickle/reta/480p/cut3_5121.pickle
662
COCO mAP: 0.5660946369171143
/home/wxz/Documents/pickle/reta/480p/cut1_4403.pickle
663
COCO mAP: 0.8662651777267456
/home/wxz/Documents/pickle/reta/480p/cut6_2945.pickle
664
COCO mAP: 0.8245725631713867
/home/wxz/Documents/pickle/reta/480p/cut1_6244.pickle
665
COCO mAP: 0.8050851821899414
/home/wxz/Documents/pickle/reta/480p/cut5_4401.pickle
666
COCO mAP: 0.9291380643844604
/home/wxz/Documents/pickle/reta/480p/cut8_3213.pickle
667
COCO mAP: 0.5089535713195801
/home/wxz/Documents/pickle/reta/480p/cut2_3520.pickle
668
COCO mAP: 0.8261831402778625
/home/wxz/Documents/pickle/reta/480p/cut7_1747.pickle
669
COCO mAP: 0.6766422390937805
/home/wxz/Documents/pickle/reta/480p/cut6_1713.pickle
670
COCO mAP: 0.892288863658905
/home/wxz/Documents/pickle/reta/480p/cut4_8752.pickle
671
COCO mAP: 0.8204649686813354
/home/wxz/Documents/pickle/reta/480p/cut3_3713.pickle
672
COCO mAP: 0.9163622856140137
/home/wxz/Documents/pickle/reta/480p/cut8_4305.pickle
673
COCO mAP: 0.6277765035629272
/home/wxz/Documents/pickle/reta/480p/cut5_5905.pickle
674
COCO mAP: 0.8678237795829773
/home/wxz/Documents/pickle/reta/480p/cut9_6049.pickle
675
COCO mAP: 0.9133905172348022
/home/wxz/Documents/pickle/reta/480p/cut6_6546.pickle
676
COCO mAP: 0.8556205630302429
/home/wxz/Documents/pickle/reta/480p/cut5_2625.pickle
677
COCO mAP: 0.3497311770915985
/home/wxz/Documents/pickle/reta/480p/cut6_6342.pickle
678
COCO mAP: 0.8866914510726929
/home/wxz/Documents/pickle/reta/480p/cut7_929.pickle
679
COCO mAP: 0.5266942381858826
/home/wxz/Documents/pickle/reta/480p/cut3_2513.pickle
680
COCO mAP: 0.33116912841796875
/home/wxz/Documents/pickle/reta/480p/cut5_1.pickle
681
COCO mAP: 0.34305864572525024
/home/wxz/Documents/pickle/reta/480p/cut9_1505.pickle
682
COCO mAP: 0.6466694474220276
/home/wxz/Documents/pickle/reta/480p/cut8_5928.pickle
683
COCO mAP: 0.7380082011222839
/home/wxz/Documents/pickle/reta/480p/cut9_4737.pickle
684
COCO mAP: 0.6165642738342285
/home/wxz/Documents/pickle/reta/480p/cut5_2721.pickle
685
COCO mAP: 0.9453555345535278
/home/wxz/Documents/pickle/reta/480p/cut6_2385.pickle
686
COCO mAP: 0.9059612154960632
/home/wxz/Documents/pickle/reta/480p/cut7_7285.pickle
687
COCO mAP: 0.8429094552993774
/home/wxz/Documents/pickle/reta/480p/cut8_1911.pickle
688
COCO mAP: 0.758025050163269
/home/wxz/Documents/pickle/reta/480p/cut3_7153.pickle
689
COCO mAP: 0.7906699776649475
/home/wxz/Documents/pickle/reta/480p/cut4_5709.pickle
690
COCO mAP: 0.7811274528503418
/home/wxz/Documents/pickle/reta/480p/cut1_6909.pickle
691
COCO mAP: 0.5318337678909302
/home/wxz/Documents/pickle/reta/480p/cut8_6110.pickle
692
COCO mAP: 0.8989052772521973
/home/wxz/Documents/pickle/reta/480p/cut3_2401.pickle
693
COCO mAP: 0.823283851146698
/home/wxz/Documents/pickle/reta/480p/cut7_6285.pickle
694
COCO mAP: 0.592065691947937
/home/wxz/Documents/pickle/reta/480p/cut8_4725.pickle
695
COCO mAP: 0.6083940863609314
/home/wxz/Documents/pickle/reta/480p/cut9_721.pickle
696
COCO mAP: 0.6516209840774536
/home/wxz/Documents/pickle/reta/480p/cut1_704.pickle
697
COCO mAP: 0.6905888319015503
/home/wxz/Documents/pickle/reta/480p/cut9_3233.pickle
698
COCO mAP: 0.03932107239961624
/home/wxz/Documents/pickle/reta/480p/cut3_6097.pickle
699
COCO mAP: 0.3920852541923523
/home/wxz/Documents/pickle/reta/480p/cut8_7608.pickle
700
COCO mAP: 0.7000853419303894
/home/wxz/Documents/pickle/reta/480p/cut8_8252.pickle
701
COCO mAP: 0.896955668926239
/home/wxz/Documents/pickle/reta/480p/cut7_8705.pickle
702
COCO mAP: 0.8095870018005371
/home/wxz/Documents/pickle/reta/480p/cut5_5313.pickle
703
COCO mAP: 0.32688984274864197
/home/wxz/Documents/pickle/reta/480p/cut5_1089.pickle
704
COCO mAP: 0.8149935603141785
/home/wxz/Documents/pickle/reta/480p/cut8_5522.pickle
705
COCO mAP: 0.8491799235343933
/home/wxz/Documents/pickle/reta/480p/cut5_7729.pickle
706
COCO mAP: 0.568476140499115
/home/wxz/Documents/pickle/reta/480p/cut3_8945.pickle
707
COCO mAP: 0.5431817770004272
/home/wxz/Documents/pickle/reta/480p/cut2_6901.pickle
708
COCO mAP: 0.9028800129890442
/home/wxz/Documents/pickle/reta/480p/cut5_1617.pickle
709
COCO mAP: 0.9301160573959351
/home/wxz/Documents/pickle/reta/480p/cut1_8864.pickle
710
COCO mAP: 0.9568008184432983
/home/wxz/Documents/pickle/reta/480p/cut3_2257.pickle
711
COCO mAP: 0.7019757032394409
/home/wxz/Documents/pickle/reta/480p/cut3_8801.pickle
712
COCO mAP: 0.23947003483772278
/home/wxz/Documents/pickle/reta/480p/cut5_2113.pickle
713
COCO mAP: 0.8065096139907837
/home/wxz/Documents/pickle/reta/480p/cut9_4817.pickle
714
COCO mAP: 0.2490449696779251
/home/wxz/Documents/pickle/reta/480p/cut7_8645.pickle
715
COCO mAP: 0.9161795377731323
/home/wxz/Documents/pickle/reta/480p/cut1_2022.pickle
716
COCO mAP: 0.715912938117981
/home/wxz/Documents/pickle/reta/480p/cut6_6801.pickle
717
COCO mAP: 0.8994268178939819
/home/wxz/Documents/pickle/reta/480p/cut4_6808.pickle
718
COCO mAP: 0.6557438373565674
/home/wxz/Documents/pickle/reta/480p/cut1_17.pickle
719
COCO mAP: 0.14273947477340698
/home/wxz/Documents/pickle/reta/480p/cut4_1901.pickle
720
COCO mAP: 0.2596287131309509
/home/wxz/Documents/pickle/reta/480p/cut7_3005.pickle
721
COCO mAP: 0.7686880230903625
/home/wxz/Documents/pickle/reta/480p/cut9_1745.pickle
722
COCO mAP: 0.8945704698562622
/home/wxz/Documents/pickle/reta/480p/cut7_4225.pickle
723
COCO mAP: 0.9336158633232117
/home/wxz/Documents/pickle/reta/480p/cut4_8320.pickle
724
COCO mAP: 0.8608916997909546
/home/wxz/Documents/pickle/reta/480p/cut4_3701.pickle
725
COCO mAP: 0.7457223534584045
/home/wxz/Documents/pickle/reta/480p/cut2_7821.pickle
726
COCO mAP: 0.8933089375495911
/home/wxz/Documents/pickle/reta/480p/cut6_577.pickle
727
COCO mAP: 0.9184815287590027
/home/wxz/Documents/pickle/reta/480p/cut3_5905.pickle
728
COCO mAP: 0.8013479113578796
/home/wxz/Documents/pickle/reta/480p/cut3_1425.pickle
729
COCO mAP: 0.6364913582801819
/home/wxz/Documents/pickle/reta/480p/cut2_7706.pickle
730
COCO mAP: 0.8125991821289062
/home/wxz/Documents/pickle/reta/480p/cut8_346.pickle
731
COCO mAP: 0.6746933460235596
/home/wxz/Documents/pickle/reta/480p/cut6_8245.pickle
732
COCO mAP: 0.6092251539230347
/home/wxz/Documents/pickle/reta/480p/cut6_3137.pickle
733
COCO mAP: 0.9121943712234497
/home/wxz/Documents/pickle/reta/480p/cut1_2202.pickle
734
COCO mAP: 0.6014000177383423
/home/wxz/Documents/pickle/reta/480p/cut1_8419.pickle
735
COCO mAP: 0.8211315870285034
/home/wxz/Documents/pickle/reta/480p/cut8_5802.pickle
736
COCO mAP: 0.8833015561103821
/home/wxz/Documents/pickle/reta/480p/cut2_3911.pickle
737
COCO mAP: 0.9054337739944458
/home/wxz/Documents/pickle/reta/480p/cut8_6362.pickle
738
COCO mAP: 0.6812805533409119
/home/wxz/Documents/pickle/reta/480p/cut2_6027.pickle
739
COCO mAP: 0.9026109576225281
/home/wxz/Documents/pickle/reta/480p/cut6_1105.pickle
740
COCO mAP: 0.5323358774185181
/home/wxz/Documents/pickle/reta/480p/cut8_496.pickle
741
COCO mAP: 0.5562676191329956
/home/wxz/Documents/pickle/reta/480p/cut1_1503.pickle
742
COCO mAP: 0.3557755947113037
/home/wxz/Documents/pickle/reta/480p/cut1_3350.pickle
743
COCO mAP: 0.6905848979949951
/home/wxz/Documents/pickle/reta/480p/cut1_343.pickle
744
COCO mAP: 0.7052785158157349
/home/wxz/Documents/pickle/reta/480p/cut9_1841.pickle
745
COCO mAP: 0.7081547975540161
/home/wxz/Documents/pickle/reta/480p/cut2_3014.pickle
746
COCO mAP: 0.6487102508544922
/home/wxz/Documents/pickle/reta/480p/cut7_3365.pickle
747
COCO mAP: 0.9129829406738281
/home/wxz/Documents/pickle/reta/480p/cut2_6303.pickle
748
COCO mAP: 0.8528717756271362
/home/wxz/Documents/pickle/reta/480p/cut1_6821.pickle
749
COCO mAP: 0.13884727656841278
/home/wxz/Documents/pickle/reta/480p/cut2_4348.pickle
750
COCO mAP: 0.907352089881897
/home/wxz/Documents/pickle/reta/480p/cut1_6604.pickle
751
COCO mAP: 0.683173656463623
/home/wxz/Documents/pickle/reta/480p/cut1_6689.pickle
752
COCO mAP: 0.011872141622006893
/home/wxz/Documents/pickle/reta/480p/cut3_7745.pickle
753
COCO mAP: 0.6572188138961792
/home/wxz/Documents/pickle/reta/480p/cut5_5217.pickle
754
COCO mAP: 0.7232370972633362
/home/wxz/Documents/pickle/reta/480p/cut2_6809.pickle
755
COCO mAP: 0.8332536816596985
/home/wxz/Documents/pickle/reta/480p/cut1_2302.pickle
756
COCO mAP: 0.5885255932807922
/home/wxz/Documents/pickle/reta/480p/cut7_2405.pickle
757
COCO mAP: 0.7001336812973022
/home/wxz/Documents/pickle/reta/480p/cut5_401.pickle
758
COCO mAP: 0.8194684982299805
/home/wxz/Documents/pickle/reta/480p/cut8_3129.pickle
759
COCO mAP: 0.7099312543869019
/home/wxz/Documents/pickle/reta/480p/cut5_4881.pickle
760
COCO mAP: 0.430457204580307
/home/wxz/Documents/pickle/reta/480p/cut3_4929.pickle
761
COCO mAP: 0.5802820920944214
/home/wxz/Documents/pickle/reta/480p/cut5_5025.pickle
762
COCO mAP: 0.8788453340530396
/home/wxz/Documents/pickle/reta/480p/cut6_961.pickle
763
COCO mAP: 0.8109170198440552
/home/wxz/Documents/pickle/reta/480p/cut8_5144.pickle
764
COCO mAP: 0.614088237285614
/home/wxz/Documents/pickle/reta/480p/cut5_5409.pickle
765
COCO mAP: 0.7462908029556274
/home/wxz/Documents/pickle/reta/480p/cut1_5613.pickle
766
COCO mAP: 0.752400815486908
/home/wxz/Documents/pickle/reta/480p/cut2_2370.pickle
767
COCO mAP: 0.7583865523338318
/home/wxz/Documents/pickle/reta/480p/cut7_4985.pickle
768
COCO mAP: 0.6143327355384827
/home/wxz/Documents/pickle/reta/480p/cut6_1.pickle
769
COCO mAP: 0.9147898554801941
/home/wxz/Documents/pickle/reta/480p/cut8_2107.pickle
770
COCO mAP: 0.8306077718734741
/home/wxz/Documents/pickle/reta/480p/cut8_2401.pickle
771
COCO mAP: 0.20617373287677765
/home/wxz/Documents/pickle/reta/480p/cut4_8212.pickle
772
COCO mAP: 0.8757261037826538
/home/wxz/Documents/pickle/reta/480p/cut8_6516.pickle
773
COCO mAP: 0.880528450012207
/home/wxz/Documents/pickle/reta/480p/cut4_4901.pickle
774
COCO mAP: 0.7738373875617981
/home/wxz/Documents/pickle/reta/480p/cut1_1316.pickle
775
COCO mAP: 0.7161405682563782
/home/wxz/Documents/pickle/reta/480p/cut3_145.pickle
776
COCO mAP: 0.8007856607437134
/home/wxz/Documents/pickle/reta/480p/cut7_4605.pickle
777
COCO mAP: 0.8447818756103516
/home/wxz/Documents/pickle/reta/480p/cut8_8168.pickle
778
COCO mAP: 0.8071228265762329
/home/wxz/Documents/pickle/reta/480p/cut8_6012.pickle
779
COCO mAP: 0.684596836566925
/home/wxz/Documents/pickle/reta/480p/cut1_5524.pickle
780
COCO mAP: 0.849859356880188
/home/wxz/Documents/pickle/reta/480p/cut4_7888.pickle
781
COCO mAP: 0.8042945861816406
/home/wxz/Documents/pickle/reta/480p/cut2_2807.pickle
782
COCO mAP: 0.8932016491889954
/home/wxz/Documents/pickle/reta/480p/cut7_2365.pickle
783
COCO mAP: 0.6395915746688843
/home/wxz/Documents/pickle/reta/480p/cut1_7444.pickle
784
COCO mAP: 0.3914838433265686
/home/wxz/Documents/pickle/reta/480p/cut2_369.pickle
785
COCO mAP: 0.8260089755058289
/home/wxz/Documents/pickle/reta/480p/cut7_1405.pickle
786
COCO mAP: 0.7109543085098267
/home/wxz/Documents/pickle/reta/480p/cut7_7525.pickle
787
COCO mAP: 0.8938695788383484
/home/wxz/Documents/pickle/reta/480p/cut2_4923.pickle
788
COCO mAP: 0.7856804728507996
/home/wxz/Documents/pickle/reta/480p/cut1_8629.pickle
789
COCO mAP: 0.850294291973114
/home/wxz/Documents/pickle/reta/480p/cut4_5141.pickle
790
COCO mAP: 0.541366696357727
/home/wxz/Documents/pickle/reta/480p/cut1_5978.pickle
791
COCO mAP: 0.8519710302352905
/home/wxz/Documents/pickle/reta/480p/cut9_1313.pickle
792
COCO mAP: 0.7704992890357971
/home/wxz/Documents/pickle/reta/480p/cut8_1.pickle
793
COCO mAP: 0.6985107660293579
/home/wxz/Documents/pickle/reta/480p/cut1_3702.pickle
794
COCO mAP: 0.9423080682754517
average COCO mAP:0.7121104675682932
