nohup: 忽略输入
/home/wxz/Documents/pickle/reta/1080p/cut5_8945.pickle
1
COCO mAP: 0.9217332005500793
/home/wxz/Documents/pickle/reta/1080p/cut8_436.pickle
2
COCO mAP: 0.28306320309638977
/home/wxz/Documents/pickle/reta/1080p/cut6_5509.pickle
3
COCO mAP: 0.7196930646896362
/home/wxz/Documents/pickle/reta/1080p/cut2_4831.pickle
4
COCO mAP: 0.7850016951560974
/home/wxz/Documents/pickle/reta/1080p/cut2_8971.pickle
5
COCO mAP: 0.6359534859657288
/home/wxz/Documents/pickle/reta/1080p/cut7_2265.pickle
6
COCO mAP: 0.6485356092453003
/home/wxz/Documents/pickle/reta/1080p/cut2_185.pickle
7
COCO mAP: 0.6974955797195435
/home/wxz/Documents/pickle/reta/1080p/cut9_3041.pickle
8
COCO mAP: 0.6997699737548828
/home/wxz/Documents/pickle/reta/1080p/cut7_7705.pickle
9
COCO mAP: 0.9439746737480164
/home/wxz/Documents/pickle/reta/1080p/cut6_4817.pickle
10
COCO mAP: 0.552831768989563
/home/wxz/Documents/pickle/reta/1080p/cut5_3921.pickle
11
COCO mAP: 0.7924023866653442
/home/wxz/Documents/pickle/reta/1080p/cut3_6577.pickle
12
COCO mAP: 0.9488832354545593
/home/wxz/Documents/pickle/reta/1080p/cut5_993.pickle
13
COCO mAP: 0.8770235776901245
/home/wxz/Documents/pickle/reta/1080p/cut2_6257.pickle
14
COCO mAP: 0.9190616607666016
/home/wxz/Documents/pickle/reta/1080p/cut4_7186.pickle
15
COCO mAP: 0.6824671030044556
/home/wxz/Documents/pickle/reta/1080p/cut9_3825.pickle
16
COCO mAP: 0.26444724202156067
/home/wxz/Documents/pickle/reta/1080p/cut3_4001.pickle
17
COCO mAP: 0.8825075030326843
/home/wxz/Documents/pickle/reta/1080p/cut9_4545.pickle
18
COCO mAP: 0.7589529156684875
/home/wxz/Documents/pickle/reta/1080p/cut2_2186.pickle
19
COCO mAP: 0.6397862434387207
/home/wxz/Documents/pickle/reta/1080p/cut8_7104.pickle
20
COCO mAP: 0.5595748424530029
/home/wxz/Documents/pickle/reta/1080p/cut7_4125.pickle
21
COCO mAP: 0.8534680604934692
/home/wxz/Documents/pickle/reta/1080p/cut3_4401.pickle
22
COCO mAP: 0.7693479657173157
/home/wxz/Documents/pickle/reta/1080p/cut6_2657.pickle
23
COCO mAP: 0.7852309942245483
/home/wxz/Documents/pickle/reta/1080p/cut4_2301.pickle
24
COCO mAP: 0.9055770635604858
/home/wxz/Documents/pickle/reta/1080p/cut8_8336.pickle
25
COCO mAP: 0.5068880319595337
/home/wxz/Documents/pickle/reta/1080p/cut7_1009.pickle
26
COCO mAP: 0.8215673565864563
/home/wxz/Documents/pickle/reta/1080p/cut1_257.pickle
27
COCO mAP: 0.3809293508529663
/home/wxz/Documents/pickle/reta/1080p/cut5_5121.pickle
28
COCO mAP: 0.908531665802002
/home/wxz/Documents/pickle/reta/1080p/cut3_4113.pickle
29
COCO mAP: 0.9049037098884583
/home/wxz/Documents/pickle/reta/1080p/cut6_7633.pickle
30
COCO mAP: 0.8029258847236633
/home/wxz/Documents/pickle/reta/1080p/cut3_7313.pickle
31
COCO mAP: 0.5384833216667175
/home/wxz/Documents/pickle/reta/1080p/cut4_1501.pickle
32
COCO mAP: 0.9167394638061523
/home/wxz/Documents/pickle/reta/1080p/cut9_3633.pickle
33
COCO mAP: 0.7453616857528687
/home/wxz/Documents/pickle/reta/1080p/cut2_8281.pickle
34
COCO mAP: 0.9285087585449219
/home/wxz/Documents/pickle/reta/1080p/cut2_967.pickle
35
COCO mAP: 0.44232064485549927
/home/wxz/Documents/pickle/reta/1080p/cut2_2623.pickle
36
COCO mAP: 0.4493117332458496
/home/wxz/Documents/pickle/reta/1080p/cut1_8044.pickle
37
COCO mAP: 0.5818658471107483
/home/wxz/Documents/pickle/reta/1080p/cut5_3249.pickle
38
COCO mAP: 0.6518591642379761
/home/wxz/Documents/pickle/reta/1080p/cut5_1281.pickle
39
COCO mAP: 0.8116506338119507
/home/wxz/Documents/pickle/reta/1080p/cut7_5505.pickle
40
COCO mAP: 0.8123310804367065
/home/wxz/Documents/pickle/reta/1080p/cut7_8945.pickle
41
COCO mAP: 0.9053576588630676
/home/wxz/Documents/pickle/reta/1080p/cut4_8806.pickle
42
COCO mAP: 0.7698137164115906
/home/wxz/Documents/pickle/reta/1080p/cut5_6001.pickle
43
COCO mAP: 0.5910583734512329
/home/wxz/Documents/pickle/reta/1080p/cut3_513.pickle
44
COCO mAP: 0.8825510740280151
/home/wxz/Documents/pickle/reta/1080p/cut6_3329.pickle
45
COCO mAP: 0.5176208019256592
/home/wxz/Documents/pickle/reta/1080p/cut6_4401.pickle
46
COCO mAP: 0.7481578588485718
/home/wxz/Documents/pickle/reta/1080p/cut1_6156.pickle
47
COCO mAP: 0.7480391263961792
/home/wxz/Documents/pickle/reta/1080p/cut2_5130.pickle
48
COCO mAP: 0.8584451675415039
/home/wxz/Documents/pickle/reta/1080p/cut7_6165.pickle
49
COCO mAP: 0.8556038737297058
/home/wxz/Documents/pickle/reta/1080p/cut9_4209.pickle
50
COCO mAP: 0.7705191373825073
/home/wxz/Documents/pickle/reta/1080p/cut5_1521.pickle
51
COCO mAP: 0.9014776349067688
/home/wxz/Documents/pickle/reta/1080p/cut9_2225.pickle
52
COCO mAP: 0.6597692966461182
/home/wxz/Documents/pickle/reta/1080p/cut6_8893.pickle
53
COCO mAP: 0.8965929746627808
/home/wxz/Documents/pickle/reta/1080p/cut2_5521.pickle
54
COCO mAP: 0.9218388795852661
/home/wxz/Documents/pickle/reta/1080p/cut4_4241.pickle
55
COCO mAP: 0.9222647547721863
/home/wxz/Documents/pickle/reta/1080p/cut6_7107.pickle
56
COCO mAP: 0.9074471592903137
/home/wxz/Documents/pickle/reta/1080p/cut4_3801.pickle
57
COCO mAP: 0.9017302393913269
/home/wxz/Documents/pickle/reta/1080p/cut8_1253.pickle
58
COCO mAP: 0.5995990037918091
/home/wxz/Documents/pickle/reta/1080p/cut1_6420.pickle
59
COCO mAP: 0.7740206122398376
/home/wxz/Documents/pickle/reta/1080p/cut5_7169.pickle
60
COCO mAP: 0.8818398714065552
/home/wxz/Documents/pickle/reta/1080p/cut6_1601.pickle
61
COCO mAP: 0.373070627450943
/home/wxz/Documents/pickle/reta/1080p/cut8_2205.pickle
62
COCO mAP: 0.852889895439148
/home/wxz/Documents/pickle/reta/1080p/cut4_1441.pickle
63
COCO mAP: 0.8464040756225586
/home/wxz/Documents/pickle/reta/1080p/cut6_2753.pickle
64
COCO mAP: 0.7366181015968323
/home/wxz/Documents/pickle/reta/1080p/cut2_7039.pickle
65
COCO mAP: 0.9191951751708984
/home/wxz/Documents/pickle/reta/1080p/cut7_1351.pickle
66
COCO mAP: 0.7191181182861328
/home/wxz/Documents/pickle/reta/1080p/cut8_3703.pickle
67
COCO mAP: 0.8085087537765503
/home/wxz/Documents/pickle/reta/1080p/cut9_5841.pickle
68
COCO mAP: 0.6915159821510315
/home/wxz/Documents/pickle/reta/1080p/cut9_817.pickle
69
COCO mAP: 0.7194091081619263
/home/wxz/Documents/pickle/reta/1080p/cut2_1381.pickle
70
COCO mAP: 0.5530434846878052
/home/wxz/Documents/pickle/reta/1080p/cut6_433.pickle
71
COCO mAP: 0.7766662836074829
/home/wxz/Documents/pickle/reta/1080p/cut4_7456.pickle
72
COCO mAP: 0.7102882862091064
/home/wxz/Documents/pickle/reta/1080p/cut2_7913.pickle
73
COCO mAP: 0.8984187841415405
/home/wxz/Documents/pickle/reta/1080p/cut5_3345.pickle
74
COCO mAP: 0.3539873957633972
/home/wxz/Documents/pickle/reta/1080p/cut2_1910.pickle
75
COCO mAP: 0.8908368945121765
/home/wxz/Documents/pickle/reta/1080p/cut1_4227.pickle
76
COCO mAP: 0.857352077960968
/home/wxz/Documents/pickle/reta/1080p/cut5_4305.pickle
77
COCO mAP: 0.40033793449401855
/home/wxz/Documents/pickle/reta/1080p/cut8_5228.pickle
78
COCO mAP: 0.8605432510375977
/home/wxz/Documents/pickle/reta/1080p/cut3_913.pickle
79
COCO mAP: 0.5550000071525574
/home/wxz/Documents/pickle/reta/1080p/cut1_5283.pickle
80
COCO mAP: 0.7599530816078186
/home/wxz/Documents/pickle/reta/1080p/cut4_2501.pickle
81
COCO mAP: 0.9208100438117981
/home/wxz/Documents/pickle/reta/1080p/cut5_6737.pickle
82
COCO mAP: 0.34989774227142334
/home/wxz/Documents/pickle/reta/1080p/cut5_753.pickle
83
COCO mAP: 0.6914204955101013
/home/wxz/Documents/pickle/reta/1080p/cut7_145.pickle
84
COCO mAP: 0.683289647102356
/home/wxz/Documents/pickle/reta/1080p/cut6_8677.pickle
85
COCO mAP: 0.9122604131698608
/home/wxz/Documents/pickle/reta/1080p/cut6_6648.pickle
86
COCO mAP: 0.9311317205429077
/home/wxz/Documents/pickle/reta/1080p/cut2_1243.pickle
87
COCO mAP: 0.20662853121757507
/home/wxz/Documents/pickle/reta/1080p/cut4_8428.pickle
88
COCO mAP: 0.7706603407859802
/home/wxz/Documents/pickle/reta/1080p/cut8_2611.pickle
89
COCO mAP: 0.08604811131954193
/home/wxz/Documents/pickle/reta/1080p/cut1_7989.pickle
90
COCO mAP: 0.8991202116012573
/home/wxz/Documents/pickle/reta/1080p/cut8_6600.pickle
91
COCO mAP: 0.8905601501464844
/home/wxz/Documents/pickle/reta/1080p/cut2_1542.pickle
92
COCO mAP: 0.9198671579360962
/home/wxz/Documents/pickle/reta/1080p/cut1_8224.pickle
93
COCO mAP: 0.4386914372444153
/home/wxz/Documents/pickle/reta/1080p/cut2_8419.pickle
94
COCO mAP: 0.4242662787437439
/home/wxz/Documents/pickle/reta/1080p/cut6_7260.pickle
95
COCO mAP: 0.9461323618888855
/home/wxz/Documents/pickle/reta/1080p/cut4_4421.pickle
96
COCO mAP: 0.6827133297920227
/home/wxz/Documents/pickle/reta/1080p/cut1_4843.pickle
97
COCO mAP: 0.8578975796699524
/home/wxz/Documents/pickle/reta/1080p/cut1_6508.pickle
98
COCO mAP: 0.887581467628479
/home/wxz/Documents/pickle/reta/1080p/cut2_2278.pickle
99
COCO mAP: 0.7942215800285339
/home/wxz/Documents/pickle/reta/1080p/cut6_7005.pickle
100
COCO mAP: 0.9184002876281738
/home/wxz/Documents/pickle/reta/1080p/cut5_8257.pickle
101
COCO mAP: 0.6458746194839478
/home/wxz/Documents/pickle/reta/1080p/cut3_1905.pickle
102
COCO mAP: 0.4759617745876312
/home/wxz/Documents/pickle/reta/1080p/cut5_4113.pickle
103
COCO mAP: 0.7922743558883667
/home/wxz/Documents/pickle/reta/1080p/cut8_3311.pickle
104
COCO mAP: 0.44098272919654846
/home/wxz/Documents/pickle/reta/1080p/cut7_4005.pickle
105
COCO mAP: 0.8997398614883423
/home/wxz/Documents/pickle/reta/1080p/cut5_1905.pickle
106
COCO mAP: 0.8644315600395203
/home/wxz/Documents/pickle/reta/1080p/cut5_6353.pickle
107
COCO mAP: 0.8911469578742981
/home/wxz/Documents/pickle/reta/1080p/cut3_8609.pickle
108
COCO mAP: 0.7047837972640991
/home/wxz/Documents/pickle/reta/1080p/cut6_2289.pickle
109
COCO mAP: 0.7102869749069214
/home/wxz/Documents/pickle/reta/1080p/cut2_4532.pickle
110
COCO mAP: 0.8440375328063965
/home/wxz/Documents/pickle/reta/1080p/cut2_3313.pickle
111
COCO mAP: 0.8491859436035156
/home/wxz/Documents/pickle/reta/1080p/cut2_4210.pickle
112
COCO mAP: 0.6450351476669312
/home/wxz/Documents/pickle/reta/1080p/cut4_981.pickle
113
COCO mAP: 0.5584404468536377
/home/wxz/Documents/pickle/reta/1080p/cut8_2527.pickle
114
COCO mAP: 0.315316766500473
/home/wxz/Documents/pickle/reta/1080p/cut5_1185.pickle
115
COCO mAP: 0.923751175403595
/home/wxz/Documents/pickle/reta/1080p/cut8_6432.pickle
116
COCO mAP: 0.868033766746521
/home/wxz/Documents/pickle/reta/1080p/cut6_3857.pickle
117
COCO mAP: 0.9152774810791016
/home/wxz/Documents/pickle/reta/1080p/cut7_8525.pickle
118
COCO mAP: 0.7737094759941101
/home/wxz/Documents/pickle/reta/1080p/cut6_1073.pickle
119
COCO mAP: 0.8065409660339355
/home/wxz/Documents/pickle/reta/1080p/cut8_3409.pickle
120
COCO mAP: 0.9226397275924683
/home/wxz/Documents/pickle/reta/1080p/cut2_714.pickle
121
COCO mAP: 0.4676467478275299
/home/wxz/Documents/pickle/reta/1080p/cut5_7457.pickle
122
COCO mAP: 0.5387057065963745
/home/wxz/Documents/pickle/reta/1080p/cut1_3262.pickle
123
COCO mAP: 0.24782243371009827
/home/wxz/Documents/pickle/reta/1080p/cut4_4301.pickle
124
COCO mAP: 0.6723722219467163
/home/wxz/Documents/pickle/reta/1080p/cut4_3121.pickle
125
COCO mAP: 0.8499561548233032
/home/wxz/Documents/pickle/reta/1080p/cut7_3905.pickle
126
COCO mAP: 0.7546097636222839
/home/wxz/Documents/pickle/reta/1080p/cut6_4513.pickle
127
COCO mAP: 0.8432002067565918
/home/wxz/Documents/pickle/reta/1080p/cut2_4693.pickle
128
COCO mAP: 0.8268731236457825
/home/wxz/Documents/pickle/reta/1080p/cut9_3137.pickle
129
COCO mAP: 0.4839177131652832
/home/wxz/Documents/pickle/reta/1080p/cut4_5201.pickle
130
COCO mAP: 0.710597813129425
/home/wxz/Documents/pickle/reta/1080p/cut8_8714.pickle
131
COCO mAP: 0.6143409013748169
/home/wxz/Documents/pickle/reta/1080p/cut4_5701.pickle
132
COCO mAP: 0.48252296447753906
/home/wxz/Documents/pickle/reta/1080p/cut6_3521.pickle
133
COCO mAP: 0.6605374813079834
/home/wxz/Documents/pickle/reta/1080p/cut2_3221.pickle
134
COCO mAP: 0.5284697413444519
/home/wxz/Documents/pickle/reta/1080p/cut1_604.pickle
135
COCO mAP: 0.702515184879303
/home/wxz/Documents/pickle/reta/1080p/cut6_4305.pickle
136
COCO mAP: 0.5607035160064697
/home/wxz/Documents/pickle/reta/1080p/cut9_4305.pickle
137
COCO mAP: 0.8931289911270142
/home/wxz/Documents/pickle/reta/1080p/cut3_4545.pickle
138
COCO mAP: 0.9066160917282104
/home/wxz/Documents/pickle/reta/1080p/cut8_800.pickle
139
COCO mAP: 0.8067694902420044
/home/wxz/Documents/pickle/reta/1080p/cut5_1809.pickle
140
COCO mAP: 0.8022295236587524
/home/wxz/Documents/pickle/reta/1080p/cut7_1963.pickle
141
COCO mAP: 0.7373139262199402
/home/wxz/Documents/pickle/reta/1080p/cut7_7345.pickle
142
COCO mAP: 0.8494559526443481
/home/wxz/Documents/pickle/reta/1080p/cut3_1217.pickle
143
COCO mAP: 0.6651390790939331
/home/wxz/Documents/pickle/reta/1080p/cut3_6769.pickle
144
COCO mAP: 0.927026093006134
/home/wxz/Documents/pickle/reta/1080p/cut1_2110.pickle
145
COCO mAP: 0.5405547022819519
/home/wxz/Documents/pickle/reta/1080p/cut1_112.pickle
146
COCO mAP: 0.905096709728241
/home/wxz/Documents/pickle/reta/1080p/cut2_5337.pickle
147
COCO mAP: 0.5830931663513184
/home/wxz/Documents/pickle/reta/1080p/cut1_430.pickle
148
COCO mAP: 0.15337017178535461
/home/wxz/Documents/pickle/reta/1080p/cut2_1496.pickle
149
COCO mAP: 0.8460099101066589
/home/wxz/Documents/pickle/reta/1080p/cut4_1201.pickle
150
COCO mAP: 0.864702582359314
/home/wxz/Documents/pickle/reta/1080p/cut6_4145.pickle
151
COCO mAP: 0.5457583665847778
/home/wxz/Documents/pickle/reta/1080p/cut2_8005.pickle
152
COCO mAP: 0.9164010286331177
/home/wxz/Documents/pickle/reta/1080p/cut9_4113.pickle
153
COCO mAP: 0.21676942706108093
/home/wxz/Documents/pickle/reta/1080p/cut2_3842.pickle
154
COCO mAP: 0.676167905330658
/home/wxz/Documents/pickle/reta/1080p/cut8_1000.pickle
155
COCO mAP: 0.5763033628463745
/home/wxz/Documents/pickle/reta/1080p/cut6_1297.pickle
156
COCO mAP: 0.8479069471359253
/home/wxz/Documents/pickle/reta/1080p/cut4_6646.pickle
157
COCO mAP: 0.623889148235321
/home/wxz/Documents/pickle/reta/1080p/cut7_6825.pickle
158
COCO mAP: 0.5906233787536621
/home/wxz/Documents/pickle/reta/1080p/cut5_7873.pickle
159
COCO mAP: 0.924216091632843
/home/wxz/Documents/pickle/reta/1080p/cut6_7309.pickle
160
COCO mAP: 0.653279721736908
/home/wxz/Documents/pickle/reta/1080p/cut3_3953.pickle
161
COCO mAP: 0.9344504475593567
/home/wxz/Documents/pickle/reta/1080p/cut7_5745.pickle
162
COCO mAP: 0.8401233553886414
/home/wxz/Documents/pickle/reta/1080p/cut7_2705.pickle
163
COCO mAP: 0.7106231451034546
/home/wxz/Documents/pickle/reta/1080p/cut2_5245.pickle
164
COCO mAP: 0.35832667350769043
/home/wxz/Documents/pickle/reta/1080p/cut9_4401.pickle
165
COCO mAP: 0.7644013166427612
/home/wxz/Documents/pickle/reta/1080p/cut6_4049.pickle
166
COCO mAP: 0.2916237711906433
/home/wxz/Documents/pickle/reta/1080p/cut3_2113.pickle
167
COCO mAP: 0.9272047281265259
/home/wxz/Documents/pickle/reta/1080p/cut5_3009.pickle
168
COCO mAP: 0.4767124652862549
/home/wxz/Documents/pickle/reta/1080p/cut1_517.pickle
169
COCO mAP: 0.6389040946960449
/home/wxz/Documents/pickle/reta/1080p/cut5_6449.pickle
170
COCO mAP: 0.4624027609825134
/home/wxz/Documents/pickle/reta/1080p/cut3_1521.pickle
171
COCO mAP: 0.7309403419494629
/home/wxz/Documents/pickle/reta/1080p/cut5_2001.pickle
172
COCO mAP: 0.8265683054924011
/home/wxz/Documents/pickle/reta/1080p/cut4_641.pickle
173
COCO mAP: 0.9246512651443481
/home/wxz/Documents/pickle/reta/1080p/cut2_5475.pickle
174
COCO mAP: 0.592225193977356
/home/wxz/Documents/pickle/reta/1080p/cut7_241.pickle
175
COCO mAP: 0.4727768898010254
/home/wxz/Documents/pickle/reta/1080p/cut3_6385.pickle
176
COCO mAP: 0.8986366987228394
/home/wxz/Documents/pickle/reta/1080p/cut1_5019.pickle
177
COCO mAP: 0.8619827032089233
/home/wxz/Documents/pickle/reta/1080p/cut1_1934.pickle
178
COCO mAP: 0.49098530411720276
/home/wxz/Documents/pickle/reta/1080p/cut6_2513.pickle
179
COCO mAP: 0.8460400700569153
/home/wxz/Documents/pickle/reta/1080p/cut7_5105.pickle
180
COCO mAP: 0.7612107992172241
/home/wxz/Documents/pickle/reta/1080p/cut7_8005.pickle
181
COCO mAP: 0.9129115343093872
/home/wxz/Documents/pickle/reta/1080p/cut8_6236.pickle
182
COCO mAP: 0.804700493812561
/home/wxz/Documents/pickle/reta/1080p/cut8_113.pickle
183
COCO mAP: 0.4739859104156494
/home/wxz/Documents/pickle/reta/1080p/cut9_5953.pickle
184
COCO mAP: 0.6416589021682739
/home/wxz/Documents/pickle/reta/1080p/cut9_2705.pickle
185
COCO mAP: 0.7153204083442688
/home/wxz/Documents/pickle/reta/1080p/cut9_3521.pickle
186
COCO mAP: 0.8081175684928894
/home/wxz/Documents/pickle/reta/1080p/cut7_5345.pickle
187
COCO mAP: 0.8955703973770142
/home/wxz/Documents/pickle/reta/1080p/cut8_4207.pickle
188
COCO mAP: 0.7611470818519592
/home/wxz/Documents/pickle/reta/1080p/cut7_5865.pickle
189
COCO mAP: 0.45105791091918945
/home/wxz/Documents/pickle/reta/1080p/cut2_4003.pickle
190
COCO mAP: 0.8749583959579468
/home/wxz/Documents/pickle/reta/1080p/cut1_1758.pickle
191
COCO mAP: 0.16563449800014496
/home/wxz/Documents/pickle/reta/1080p/cut7_561.pickle
192
COCO mAP: 0.7043384909629822
/home/wxz/Documents/pickle/reta/1080p/cut3_1121.pickle
193
COCO mAP: 0.8109230995178223
/home/wxz/Documents/pickle/reta/1080p/cut8_6838.pickle
194
COCO mAP: 0.885816216468811
/home/wxz/Documents/pickle/reta/1080p/cut3_8321.pickle
195
COCO mAP: 0.5625947713851929
/home/wxz/Documents/pickle/reta/1080p/cut7_3125.pickle
196
COCO mAP: 0.9249359965324402
/home/wxz/Documents/pickle/reta/1080p/cut3_4641.pickle
197
COCO mAP: 0.7811523675918579
/home/wxz/Documents/pickle/reta/1080p/cut8_1435.pickle
198
COCO mAP: 0.9399460554122925
/home/wxz/Documents/pickle/reta/1080p/cut1_1671.pickle
199
COCO mAP: 0.30981847643852234
/home/wxz/Documents/pickle/reta/1080p/cut6_5713.pickle
200
COCO mAP: 0.35865330696105957
/home/wxz/Documents/pickle/reta/1080p/cut4_4041.pickle
201
COCO mAP: 0.44894886016845703
/home/wxz/Documents/pickle/reta/1080p/cut4_5801.pickle
202
COCO mAP: 0.6575893759727478
/home/wxz/Documents/pickle/reta/1080p/cut3_6289.pickle
203
COCO mAP: 0.8806109428405762
/home/wxz/Documents/pickle/reta/1080p/cut9_1.pickle
204
COCO mAP: 0.022540826350450516
/home/wxz/Documents/pickle/reta/1080p/cut3_2833.pickle
205
COCO mAP: 0.7244650721549988
/home/wxz/Documents/pickle/reta/1080p/cut5_2305.pickle
206
COCO mAP: 0.21763722598552704
/home/wxz/Documents/pickle/reta/1080p/cut9_2417.pickle
207
COCO mAP: 0.6627131700515747
/home/wxz/Documents/pickle/reta/1080p/cut2_4463.pickle
208
COCO mAP: 0.8743370175361633
/home/wxz/Documents/pickle/reta/1080p/cut5_8161.pickle
209
COCO mAP: 0.7505038380622864
/home/wxz/Documents/pickle/reta/1080p/cut1_3611.pickle
210
COCO mAP: 0.5747644305229187
/home/wxz/Documents/pickle/reta/1080p/cut4_4601.pickle
211
COCO mAP: 0.9375103712081909
/home/wxz/Documents/pickle/reta/1080p/cut4_8536.pickle
212
COCO mAP: 0.7285882234573364
/home/wxz/Documents/pickle/reta/1080p/cut6_337.pickle
213
COCO mAP: 0.9080389142036438
/home/wxz/Documents/pickle/reta/1080p/cut6_7543.pickle
214
COCO mAP: 0.8973375558853149
/home/wxz/Documents/pickle/reta/1080p/cut2_1818.pickle
215
COCO mAP: 0.727773129940033
/home/wxz/Documents/pickle/reta/1080p/cut4_5021.pickle
216
COCO mAP: 0.35195234417915344
/home/wxz/Documents/pickle/reta/1080p/cut4_7564.pickle
217
COCO mAP: 0.8513692021369934
/home/wxz/Documents/pickle/reta/1080p/cut4_5461.pickle
218
COCO mAP: 0.3374340236186981
/home/wxz/Documents/pickle/reta/1080p/cut8_7930.pickle
219
COCO mAP: 0.6550862789154053
/home/wxz/Documents/pickle/reta/1080p/cut5_7361.pickle
220
COCO mAP: 0.7486670017242432
/home/wxz/Documents/pickle/reta/1080p/cut6_1809.pickle
221
COCO mAP: 0.7693055868148804
/home/wxz/Documents/pickle/reta/1080p/cut5_337.pickle
222
COCO mAP: 0.48365098237991333
/home/wxz/Documents/pickle/reta/1080p/cut7_3785.pickle
223
COCO mAP: 0.5745076537132263
/home/wxz/Documents/pickle/reta/1080p/cut2_231.pickle
224
COCO mAP: 0.6621943712234497
/home/wxz/Documents/pickle/reta/1080p/cut9_5265.pickle
225
COCO mAP: 0.663998007774353
/home/wxz/Documents/pickle/reta/1080p/cut7_6065.pickle
226
COCO mAP: 0.6455414891242981
/home/wxz/Documents/pickle/reta/1080p/cut3_6673.pickle
227
COCO mAP: 0.3786986470222473
/home/wxz/Documents/pickle/reta/1080p/cut7_1585.pickle
228
COCO mAP: 0.7024457454681396
/home/wxz/Documents/pickle/reta/1080p/cut1_4051.pickle
229
COCO mAP: 0.8838911056518555
/home/wxz/Documents/pickle/reta/1080p/cut4_1081.pickle
230
COCO mAP: 0.8589102625846863
/home/wxz/Documents/pickle/reta/1080p/cut2_5682.pickle
231
COCO mAP: 0.7703312635421753
/home/wxz/Documents/pickle/reta/1080p/cut7_5225.pickle
232
COCO mAP: 0.6271939277648926
/home/wxz/Documents/pickle/reta/1080p/cut7_6405.pickle
233
COCO mAP: 0.8354670405387878
/home/wxz/Documents/pickle/reta/1080p/cut8_7230.pickle
234
COCO mAP: 0.7660744786262512
/home/wxz/Documents/pickle/reta/1080p/cut6_3953.pickle
235
COCO mAP: 0.7652086019515991
/home/wxz/Documents/pickle/reta/1080p/cut6_1393.pickle
236
COCO mAP: 0.8786729574203491
/home/wxz/Documents/pickle/reta/1080p/cut1_1053.pickle
237
COCO mAP: 0.2411605566740036
/home/wxz/Documents/pickle/reta/1080p/cut1_1228.pickle
238
COCO mAP: 0.5811582207679749
/home/wxz/Documents/pickle/reta/1080p/cut4_8644.pickle
239
COCO mAP: 0.4002656042575836
/home/wxz/Documents/pickle/reta/1080p/cut6_3713.pickle
240
COCO mAP: 0.9072028994560242
/home/wxz/Documents/pickle/reta/1080p/cut1_4315.pickle
241
COCO mAP: 0.8558685183525085
/home/wxz/Documents/pickle/reta/1080p/cut2_7177.pickle
242
COCO mAP: 0.8616951704025269
/home/wxz/Documents/pickle/reta/1080p/cut6_2849.pickle
243
COCO mAP: 0.5064387917518616
/home/wxz/Documents/pickle/reta/1080p/cut6_6036.pickle
244
COCO mAP: 0.8167697787284851
/home/wxz/Documents/pickle/reta/1080p/cut7_385.pickle
245
COCO mAP: 0.40672221779823303
/home/wxz/Documents/pickle/reta/1080p/cut1_4501.pickle
246
COCO mAP: 0.85105961561203
/home/wxz/Documents/pickle/reta/1080p/cut3_5505.pickle
247
COCO mAP: 0.7668595314025879
/home/wxz/Documents/pickle/reta/1080p/cut3_8993.pickle
248
COCO mAP: 0.45786482095718384
/home/wxz/Documents/pickle/reta/1080p/cut3_8225.pickle
249
COCO mAP: 0.9492853879928589
/home/wxz/Documents/pickle/reta/1080p/cut1_7754.pickle
250
COCO mAP: 0.9083539843559265
/home/wxz/Documents/pickle/reta/1080p/cut3_3073.pickle
251
COCO mAP: 0.9241207242012024
/home/wxz/Documents/pickle/reta/1080p/cut1_1404.pickle
252
COCO mAP: 0.2895427346229553
/home/wxz/Documents/pickle/reta/1080p/cut7_6505.pickle
253
COCO mAP: 0.6120744943618774
/home/wxz/Documents/pickle/reta/1080p/cut4_6021.pickle
254
COCO mAP: 0.4478777050971985
/home/wxz/Documents/pickle/reta/1080p/cut4_821.pickle
255
COCO mAP: 0.8734657168388367
/home/wxz/Documents/pickle/reta/1080p/cut9_5361.pickle
256
COCO mAP: 0.8382511138916016
/home/wxz/Documents/pickle/reta/1080p/cut1_7139.pickle
257
COCO mAP: 0.10822375863790512
/home/wxz/Documents/pickle/reta/1080p/cut8_3829.pickle
258
COCO mAP: 0.3966831862926483
/home/wxz/Documents/pickle/reta/1080p/cut1_8114.pickle
259
COCO mAP: 0.7442995309829712
/home/wxz/Documents/pickle/reta/1080p/cut3_6961.pickle
260
COCO mAP: 0.9492664337158203
/home/wxz/Documents/pickle/reta/1080p/cut5_4209.pickle
261
COCO mAP: 0.8914670944213867
/home/wxz/Documents/pickle/reta/1080p/cut1_7004.pickle
262
COCO mAP: 0.8662274479866028
/home/wxz/Documents/pickle/reta/1080p/cut5_5809.pickle
263
COCO mAP: 0.8710511922836304
/home/wxz/Documents/pickle/reta/1080p/cut1_7524.pickle
264
COCO mAP: 0.8739296793937683
/home/wxz/Documents/pickle/reta/1080p/cut8_3507.pickle
265
COCO mAP: 0.5223653316497803
/home/wxz/Documents/pickle/reta/1080p/cut8_6922.pickle
266
COCO mAP: 0.8921715617179871
/home/wxz/Documents/pickle/reta/1080p/cut1_4758.pickle
267
COCO mAP: 0.8268691897392273
/home/wxz/Documents/pickle/reta/1080p/cut7_2965.pickle
268
COCO mAP: 0.9337374567985535
/home/wxz/Documents/pickle/reta/1080p/cut1_6332.pickle
269
COCO mAP: 0.6579092741012573
/home/wxz/Documents/pickle/reta/1080p/cut3_337.pickle
270
COCO mAP: 0.8938632011413574
/home/wxz/Documents/pickle/reta/1080p/cut8_4123.pickle
271
COCO mAP: 0.7038382887840271
/home/wxz/Documents/pickle/reta/1080p/cut7_3845.pickle
272
COCO mAP: 0.7496918439865112
/home/wxz/Documents/pickle/reta/1080p/cut3_7201.pickle
273
COCO mAP: 0.9372471570968628
/home/wxz/Documents/pickle/reta/1080p/cut9_3425.pickle
274
COCO mAP: 0.18793337047100067
/home/wxz/Documents/pickle/reta/1080p/cut5_8449.pickle
275
COCO mAP: 0.7643024325370789
/home/wxz/Documents/pickle/reta/1080p/cut2_2094.pickle
276
COCO mAP: 0.8582650423049927
/home/wxz/Documents/pickle/reta/1080p/cut4_1321.pickle
277
COCO mAP: 0.7527162432670593
/home/wxz/Documents/pickle/reta/1080p/cut8_5704.pickle
278
COCO mAP: 0.823661208152771
/home/wxz/Documents/pickle/reta/1080p/cut9_2609.pickle
279
COCO mAP: 0.4338030219078064
/home/wxz/Documents/pickle/reta/1080p/cut4_6754.pickle
280
COCO mAP: 0.5945035219192505
/home/wxz/Documents/pickle/reta/1080p/cut3_2929.pickle
281
COCO mAP: 0.9353365898132324
/home/wxz/Documents/pickle/reta/1080p/cut2_4141.pickle
282
COCO mAP: 0.9306589365005493
/home/wxz/Documents/pickle/reta/1080p/cut6_3233.pickle
283
COCO mAP: 0.9184199571609497
/home/wxz/Documents/pickle/reta/1080p/cut3_6481.pickle
284
COCO mAP: 0.9292390942573547
/home/wxz/Documents/pickle/reta/1080p/cut7_2525.pickle
285
COCO mAP: 0.7413824200630188
/home/wxz/Documents/pickle/reta/1080p/cut8_1337.pickle
286
COCO mAP: 0.9090324640274048
/home/wxz/Documents/pickle/reta/1080p/cut7_1693.pickle
287
COCO mAP: 0.6356919407844543
/home/wxz/Documents/pickle/reta/1080p/cut5_561.pickle
288
COCO mAP: 0.5932425260543823
/home/wxz/Documents/pickle/reta/1080p/cut1_7314.pickle
289
COCO mAP: 0.8336948156356812
/home/wxz/Documents/pickle/reta/1080p/cut4_6916.pickle
290
COCO mAP: 0.8641818165779114
/home/wxz/Documents/pickle/reta/1080p/cut6_2145.pickle
291
COCO mAP: 0.7174577713012695
/home/wxz/Documents/pickle/reta/1080p/cut5_193.pickle
292
COCO mAP: 0.5020128488540649
/home/wxz/Documents/pickle/reta/1080p/cut6_8569.pickle
293
COCO mAP: 0.9330207109451294
/home/wxz/Documents/pickle/reta/1080p/cut5_5505.pickle
294
COCO mAP: 0.879412829875946
/home/wxz/Documents/pickle/reta/1080p/cut1_7254.pickle
295
COCO mAP: 0.07391581684350967
/home/wxz/Documents/pickle/reta/1080p/cut2_2554.pickle
296
COCO mAP: 0.6206418871879578
/home/wxz/Documents/pickle/reta/1080p/cut8_4039.pickle
297
COCO mAP: 0.5942126512527466
/home/wxz/Documents/pickle/reta/1080p/cut9_3921.pickle
298
COCO mAP: 0.3818872272968292
/home/wxz/Documents/pickle/reta/1080p/cut7_4505.pickle
299
COCO mAP: 0.8795151710510254
/home/wxz/Documents/pickle/reta/1080p/cut4_8992.pickle
300
COCO mAP: 0.366633802652359
/home/wxz/Documents/pickle/reta/1080p/cut6_4721.pickle
301
COCO mAP: 0.7405380010604858
/home/wxz/Documents/pickle/reta/1080p/cut7_6945.pickle
302
COCO mAP: 0.861909031867981
/home/wxz/Documents/pickle/reta/1080p/cut2_3405.pickle
303
COCO mAP: 0.8250605463981628
/home/wxz/Documents/pickle/reta/1080p/cut2_8672.pickle
304
COCO mAP: 0.8970547914505005
/home/wxz/Documents/pickle/reta/1080p/cut1_3876.pickle
305
COCO mAP: 0.5121158361434937
/home/wxz/Documents/pickle/reta/1080p/cut9_529.pickle
306
COCO mAP: 0.534966230392456
/home/wxz/Documents/pickle/reta/1080p/cut9_2945.pickle
307
COCO mAP: 0.4387644827365875
/home/wxz/Documents/pickle/reta/1080p/cut4_3561.pickle
308
COCO mAP: 0.4248572289943695
/home/wxz/Documents/pickle/reta/1080p/cut4_6574.pickle
309
COCO mAP: 0.5986809730529785
/home/wxz/Documents/pickle/reta/1080p/cut9_2129.pickle
310
COCO mAP: 0.7462397813796997
/home/wxz/Documents/pickle/reta/1080p/cut9_2513.pickle
311
COCO mAP: 0.8804906010627747
/home/wxz/Documents/pickle/reta/1080p/cut3_3441.pickle
312
COCO mAP: 0.9010896682739258
/home/wxz/Documents/pickle/reta/1080p/cut3_7409.pickle
313
COCO mAP: 0.7361351251602173
/home/wxz/Documents/pickle/reta/1080p/cut7_1201.pickle
314
COCO mAP: 0.7995710372924805
/home/wxz/Documents/pickle/reta/1080p/cut2_1772.pickle
315
COCO mAP: 0.7207434177398682
/home/wxz/Documents/pickle/reta/1080p/cut1_966.pickle
316
COCO mAP: 0.14951211214065552
/home/wxz/Documents/pickle/reta/1080p/cut1_2732.pickle
317
COCO mAP: 0.07956493645906448
/home/wxz/Documents/pickle/reta/1080p/cut7_8405.pickle
318
COCO mAP: 0.5689977407455444
/home/wxz/Documents/pickle/reta/1080p/cut3_257.pickle
319
COCO mAP: 0.6157515645027161
/home/wxz/Documents/pickle/reta/1080p/cut9_6241.pickle
320
COCO mAP: 0.8908349871635437
/home/wxz/Documents/pickle/reta/1080p/cut1_3964.pickle
321
COCO mAP: 0.6646400690078735
/home/wxz/Documents/pickle/reta/1080p/cut7_7885.pickle
322
COCO mAP: 0.8256672024726868
/home/wxz/Documents/pickle/reta/1080p/cut5_4785.pickle
323
COCO mAP: 0.4265916347503662
/home/wxz/Documents/pickle/reta/1080p/cut4_1141.pickle
324
COCO mAP: 0.9574041366577148
/home/wxz/Documents/pickle/reta/1080p/cut6_4913.pickle
325
COCO mAP: 0.36446815729141235
/home/wxz/Documents/pickle/reta/1080p/cut4_2441.pickle
326
COCO mAP: 0.932647705078125
/home/wxz/Documents/pickle/reta/1080p/cut1_2645.pickle
327
COCO mAP: 0.05306360870599747
/home/wxz/Documents/pickle/reta/1080p/cut9_5025.pickle
328
COCO mAP: 0.568769097328186
/home/wxz/Documents/pickle/reta/1080p/cut7_7605.pickle
329
COCO mAP: 0.8688923716545105
/home/wxz/Documents/pickle/reta/1080p/cut3_1329.pickle
330
COCO mAP: 0.7267309427261353
/home/wxz/Documents/pickle/reta/1080p/cut3_1025.pickle
331
COCO mAP: 0.40879684686660767
/home/wxz/Documents/pickle/reta/1080p/cut7_8325.pickle
332
COCO mAP: 0.6598734259605408
/home/wxz/Documents/pickle/reta/1080p/cut5_8065.pickle
333
COCO mAP: 0.6358712315559387
/home/wxz/Documents/pickle/reta/1080p/cut1_3002.pickle
334
COCO mAP: 0.5069485306739807
/home/wxz/Documents/pickle/reta/1080p/cut7_2645.pickle
335
COCO mAP: 0.566283106803894
/home/wxz/Documents/pickle/reta/1080p/cut7_1265.pickle
336
COCO mAP: 0.676085889339447
/home/wxz/Documents/pickle/reta/1080p/cut8_702.pickle
337
COCO mAP: 0.8395597338676453
/home/wxz/Documents/pickle/reta/1080p/cut8_7006.pickle
338
COCO mAP: 0.9108455777168274
/home/wxz/Documents/pickle/reta/1080p/cut5_7633.pickle
339
COCO mAP: 0.956990122795105
/home/wxz/Documents/pickle/reta/1080p/cut4_8104.pickle
340
COCO mAP: 0.7332454919815063
/home/wxz/Documents/pickle/reta/1080p/cut5_8737.pickle
341
COCO mAP: 0.8518133163452148
/home/wxz/Documents/pickle/reta/1080p/cut3_1713.pickle
342
COCO mAP: 0.6983433365821838
/home/wxz/Documents/pickle/reta/1080p/cut3_5713.pickle
343
COCO mAP: 0.8500916361808777
/home/wxz/Documents/pickle/reta/1080p/cut4_5601.pickle
344
COCO mAP: 0.7776585817337036
/home/wxz/Documents/pickle/reta/1080p/cut1_5889.pickle
345
COCO mAP: 0.8182409405708313
/home/wxz/Documents/pickle/reta/1080p/cut9_913.pickle
346
COCO mAP: 0.40847331285476685
/home/wxz/Documents/pickle/reta/1080p/cut5_6833.pickle
347
COCO mAP: 0.22127576172351837
/home/wxz/Documents/pickle/reta/1080p/cut6_721.pickle
348
COCO mAP: 0.7457757592201233
/home/wxz/Documents/pickle/reta/1080p/cut3_7841.pickle
349
COCO mAP: 0.8810238838195801
/home/wxz/Documents/pickle/reta/1080p/cut7_7065.pickle
350
COCO mAP: 0.84795743227005
/home/wxz/Documents/pickle/reta/1080p/cut3_7057.pickle
351
COCO mAP: 0.9288288354873657
/home/wxz/Documents/pickle/reta/1080p/cut4_7780.pickle
352
COCO mAP: 0.7216924428939819
/home/wxz/Documents/pickle/reta/1080p/cut4_2621.pickle
353
COCO mAP: 0.7045363783836365
/home/wxz/Documents/pickle/reta/1080p/cut5_7537.pickle
354
COCO mAP: 0.87627774477005
/home/wxz/Documents/pickle/reta/1080p/cut5_8641.pickle
355
COCO mAP: 0.7096633315086365
/home/wxz/Documents/pickle/reta/1080p/cut8_3955.pickle
356
COCO mAP: 0.9547303318977356
/home/wxz/Documents/pickle/reta/1080p/cut2_1634.pickle
357
COCO mAP: 0.7196430563926697
/home/wxz/Documents/pickle/reta/1080p/cut5_1425.pickle
358
COCO mAP: 0.8751382827758789
/home/wxz/Documents/pickle/reta/1080p/cut1_8939.pickle
359
COCO mAP: 0.9460772275924683
/home/wxz/Documents/pickle/reta/1080p/cut2_2922.pickle
360
COCO mAP: 0.7682934999465942
/home/wxz/Documents/pickle/reta/1080p/cut8_7328.pickle
361
COCO mAP: 0.8944636583328247
/home/wxz/Documents/pickle/reta/1080p/cut8_2821.pickle
362
COCO mAP: 0.9032179713249207
/home/wxz/Documents/pickle/reta/1080p/cut8_5312.pickle
363
COCO mAP: 0.9193005561828613
/home/wxz/Documents/pickle/reta/1080p/cut1_1140.pickle
364
COCO mAP: 0.6862511038780212
/home/wxz/Documents/pickle/reta/1080p/cut4_2721.pickle
365
COCO mAP: 0.8926218152046204
/home/wxz/Documents/pickle/reta/1080p/cut7_481.pickle
366
COCO mAP: 0.8739917874336243
/home/wxz/Documents/pickle/reta/1080p/cut7_8105.pickle
367
COCO mAP: 0.9563132524490356
/home/wxz/Documents/pickle/reta/1080p/cut8_6726.pickle
368
COCO mAP: 0.9197777509689331
/home/wxz/Documents/pickle/reta/1080p/cut5_289.pickle
369
COCO mAP: 0.8324675559997559
/home/wxz/Documents/pickle/reta/1080p/cut9_1601.pickle
370
COCO mAP: 0.6777015328407288
/home/wxz/Documents/pickle/reta/1080p/cut9_1409.pickle
371
COCO mAP: 0.6855477690696716
/home/wxz/Documents/pickle/reta/1080p/cut9_1201.pickle
372
COCO mAP: 0.6035598516464233
/home/wxz/Documents/pickle/reta/1080p/cut5_6257.pickle
373
COCO mAP: 0.827031135559082
/home/wxz/Documents/pickle/reta/1080p/cut9_625.pickle
374
COCO mAP: 0.8752549886703491
/home/wxz/Documents/pickle/reta/1080p/cut8_8462.pickle
375
COCO mAP: 0.8721049427986145
/home/wxz/Documents/pickle/reta/1080p/cut8_8014.pickle
376
COCO mAP: 0.8257952928543091
/home/wxz/Documents/pickle/reta/1080p/cut3_5409.pickle
377
COCO mAP: 0.2586330771446228
/home/wxz/Documents/pickle/reta/1080p/cut2_507.pickle
378
COCO mAP: 0.6053985357284546
/home/wxz/Documents/pickle/reta/1080p/cut2_2485.pickle
379
COCO mAP: 0.5361871719360352
/home/wxz/Documents/pickle/reta/1080p/cut6_5313.pickle
380
COCO mAP: 0.9277634620666504
/home/wxz/Documents/pickle/reta/1080p/cut3_3313.pickle
381
COCO mAP: 0.9308112263679504
/home/wxz/Documents/pickle/reta/1080p/cut5_6545.pickle
382
COCO mAP: 0.8907508850097656
/home/wxz/Documents/pickle/reta/1080p/cut3_5025.pickle
383
COCO mAP: 0.43975940346717834
/home/wxz/Documents/pickle/reta/1080p/cut8_1113.pickle
384
COCO mAP: 0.6922651529312134
/home/wxz/Documents/pickle/reta/1080p/cut3_8033.pickle
385
COCO mAP: 0.9686020612716675
/home/wxz/Documents/pickle/reta/1080p/cut4_2841.pickle
386
COCO mAP: 0.9125233888626099
/home/wxz/Documents/pickle/reta/1080p/cut3_5217.pickle
387
COCO mAP: 0.8084662556648254
/home/wxz/Documents/pickle/reta/1080p/cut2_2715.pickle
388
COCO mAP: 0.6718584299087524
/home/wxz/Documents/pickle/reta/1080p/cut6_7453.pickle
389
COCO mAP: 0.8954927325248718
/home/wxz/Documents/pickle/reta/1080p/cut6_817.pickle
390
COCO mAP: 0.6045036315917969
/home/wxz/Documents/pickle/reta/1080p/cut3_2737.pickle
391
COCO mAP: 0.7947899103164673
/home/wxz/Documents/pickle/reta/1080p/cut7_2885.pickle
392
COCO mAP: 0.8583308458328247
/home/wxz/Documents/pickle/reta/1080p/cut5_3441.pickle
393
COCO mAP: 0.6969007253646851
/home/wxz/Documents/pickle/reta/1080p/cut1_7644.pickle
394
COCO mAP: 0.2744678258895874
/home/wxz/Documents/pickle/reta/1080p/cut3_5809.pickle
395
COCO mAP: 0.9258211255073547
/home/wxz/Documents/pickle/reta/1080p/cut8_7804.pickle
396
COCO mAP: 0.6129077076911926
/home/wxz/Documents/pickle/reta/1080p/cut3_5601.pickle
397
COCO mAP: 0.3004266619682312
/home/wxz/Documents/pickle/reta/1080p/cut5_7073.pickle
398
COCO mAP: 0.7934256196022034
/home/wxz/Documents/pickle/reta/1080p/cut9_6305.pickle
399
COCO mAP: 0.8090894818305969
/home/wxz/Documents/pickle/reta/1080p/cut3_8129.pickle
400
COCO mAP: 0.7985671758651733
/home/wxz/Documents/pickle/reta/1080p/cut5_4545.pickle
401
COCO mAP: 0.7920252084732056
/home/wxz/Documents/pickle/reta/1080p/cut7_3425.pickle
402
COCO mAP: 0.9063930511474609
/home/wxz/Documents/pickle/reta/1080p/cut3_8513.pickle
403
COCO mAP: 0.7247340679168701
/home/wxz/Documents/pickle/reta/1080p/cut8_506.pickle
404
COCO mAP: 0.9552052617073059
/home/wxz/Documents/pickle/reta/1080p/cut2_5912.pickle
405
COCO mAP: 0.877484917640686
/home/wxz/Documents/pickle/reta/1080p/cut5_2545.pickle
406
COCO mAP: 0.9107424020767212
/home/wxz/Documents/pickle/reta/1080p/cut3_4209.pickle
407
COCO mAP: 0.9085834622383118
/home/wxz/Documents/pickle/reta/1080p/cut6_8029.pickle
408
COCO mAP: 0.7915641665458679
/home/wxz/Documents/pickle/reta/1080p/cut8_7510.pickle
409
COCO mAP: 0.5567108988761902
/home/wxz/Documents/pickle/reta/1080p/cut3_2001.pickle
410
COCO mAP: 0.7744373083114624
/home/wxz/Documents/pickle/reta/1080p/cut3_7937.pickle
411
COCO mAP: 0.5955759882926941
/home/wxz/Documents/pickle/reta/1080p/cut3_705.pickle
412
COCO mAP: 0.9674566388130188
/home/wxz/Documents/pickle/reta/1080p/cut4_2241.pickle
413
COCO mAP: 0.9186479449272156
/home/wxz/Documents/pickle/reta/1080p/cut2_7522.pickle
414
COCO mAP: 0.9267131686210632
/home/wxz/Documents/pickle/reta/1080p/cut2_8879.pickle
415
COCO mAP: 0.5123552680015564
/home/wxz/Documents/pickle/reta/1080p/cut9_4017.pickle
416
COCO mAP: 0.4705052971839905
/home/wxz/Documents/pickle/reta/1080p/cut3_3857.pickle
417
COCO mAP: 0.7729443311691284
/home/wxz/Documents/pickle/reta/1080p/cut5_4641.pickle
418
COCO mAP: 0.7300797700881958
/home/wxz/Documents/pickle/reta/1080p/cut4_7024.pickle
419
COCO mAP: 0.7016950845718384
/home/wxz/Documents/pickle/reta/1080p/cut5_5713.pickle
420
COCO mAP: 0.5549188256263733
/home/wxz/Documents/pickle/reta/1080p/cut5_1377.pickle
421
COCO mAP: 0.8100587725639343
/home/wxz/Documents/pickle/reta/1080p/cut7_3545.pickle
422
COCO mAP: 0.8908830881118774
/home/wxz/Documents/pickle/reta/1080p/cut5_3105.pickle
423
COCO mAP: 0.8044179677963257
/home/wxz/Documents/pickle/reta/1080p/cut1_4671.pickle
424
COCO mAP: 0.7878189086914062
/home/wxz/Documents/pickle/reta/1080p/cut4_6293.pickle
425
COCO mAP: 0.6090505719184875
/home/wxz/Documents/pickle/reta/1080p/cut9_2033.pickle
426
COCO mAP: 0.41826653480529785
/home/wxz/Documents/pickle/reta/1080p/cut9_4913.pickle
427
COCO mAP: 0.2642461955547333
/home/wxz/Documents/pickle/reta/1080p/cut5_1713.pickle
428
COCO mAP: 0.9134830236434937
/home/wxz/Documents/pickle/reta/1080p/cut8_8602.pickle
429
COCO mAP: 0.8828495740890503
/home/wxz/Documents/pickle/reta/1080p/cut1_2908.pickle
430
COCO mAP: 0.5295670032501221
/home/wxz/Documents/pickle/reta/1080p/cut8_4431.pickle
431
COCO mAP: 0.893096923828125
/home/wxz/Documents/pickle/reta/1080p/cut3_1633.pickle
432
COCO mAP: 0.6022220849990845
/home/wxz/Documents/pickle/reta/1080p/cut5_3633.pickle
433
COCO mAP: 0.7871354818344116
/home/wxz/Documents/pickle/reta/1080p/cut3_609.pickle
434
COCO mAP: 0.9144982099533081
/home/wxz/Documents/pickle/reta/1080p/cut3_417.pickle
435
COCO mAP: 0.8775333166122437
/home/wxz/Documents/pickle/reta/1080p/cut2_3704.pickle
436
COCO mAP: 0.7133771777153015
/home/wxz/Documents/pickle/reta/1080p/cut4_461.pickle
437
COCO mAP: 0.35955971479415894
/home/wxz/Documents/pickle/reta/1080p/cut2_7361.pickle
438
COCO mAP: 0.8790308833122253
/home/wxz/Documents/pickle/reta/1080p/cut8_1827.pickle
439
COCO mAP: 0.6154476404190063
/home/wxz/Documents/pickle/reta/1080p/cut2_8603.pickle
440
COCO mAP: 0.7247354984283447
/home/wxz/Documents/pickle/reta/1080p/cut8_2331.pickle
441
COCO mAP: 0.5053631067276001
/home/wxz/Documents/pickle/reta/1080p/cut7_2145.pickle
442
COCO mAP: 0.6617566347122192
/home/wxz/Documents/pickle/reta/1080p/cut9_6145.pickle
443
COCO mAP: 0.6883571743965149
/home/wxz/Documents/pickle/reta/1080p/cut2_3106.pickle
444
COCO mAP: 0.7690324187278748
/home/wxz/Documents/pickle/reta/1080p/cut3_6001.pickle
445
COCO mAP: 0.6072734594345093
/home/wxz/Documents/pickle/reta/1080p/cut3_1809.pickle
446
COCO mAP: 0.4867137372493744
/home/wxz/Documents/pickle/reta/1080p/cut1_8319.pickle
447
COCO mAP: 0.4235101342201233
/home/wxz/Documents/pickle/reta/1080p/cut6_193.pickle
448
COCO mAP: 0.8448378443717957
/home/wxz/Documents/pickle/reta/1080p/cut1_1846.pickle
449
COCO mAP: 0.31992286443710327
/home/wxz/Documents/pickle/reta/1080p/cut6_8785.pickle
450
COCO mAP: 0.9241651296615601
/home/wxz/Documents/pickle/reta/1080p/cut9_5409.pickle
451
COCO mAP: 0.9166702032089233
/home/wxz/Documents/pickle/reta/1080p/cut5_657.pickle
452
COCO mAP: 0.6823738813400269
/home/wxz/Documents/pickle/reta/1080p/cut6_8353.pickle
453
COCO mAP: 0.9138428568840027
/home/wxz/Documents/pickle/reta/1080p/cut8_8924.pickle
454
COCO mAP: 0.0959993451833725
/home/wxz/Documents/pickle/reta/1080p/cut6_5934.pickle
455
COCO mAP: 0.5327507853507996
/home/wxz/Documents/pickle/reta/1080p/cut3_8417.pickle
456
COCO mAP: 0.9208126068115234
/home/wxz/Documents/pickle/reta/1080p/cut4_8068.pickle
457
COCO mAP: 0.7793387174606323
/home/wxz/Documents/pickle/reta/1080p/cut9_1105.pickle
458
COCO mAP: 0.7861005067825317
/home/wxz/Documents/pickle/reta/1080p/cut7_8825.pickle
459
COCO mAP: 0.6667307019233704
/home/wxz/Documents/pickle/reta/1080p/cut2_3612.pickle
460
COCO mAP: 0.8250805735588074
/home/wxz/Documents/pickle/reta/1080p/cut6_3041.pickle
461
COCO mAP: 0.9428915977478027
/home/wxz/Documents/pickle/reta/1080p/cut7_4425.pickle
462
COCO mAP: 0.8880306482315063
/home/wxz/Documents/pickle/reta/1080p/cut7_6705.pickle
463
COCO mAP: 0.35866183042526245
/home/wxz/Documents/pickle/reta/1080p/cut9_209.pickle
464
COCO mAP: 0.6055907011032104
/home/wxz/Documents/pickle/reta/1080p/cut4_261.pickle
465
COCO mAP: 0.8889886140823364
/home/wxz/Documents/pickle/reta/1080p/cut4_3401.pickle
466
COCO mAP: 0.8821079134941101
/home/wxz/Documents/pickle/reta/1080p/cut3_3217.pickle
467
COCO mAP: 0.8137683868408203
/home/wxz/Documents/pickle/reta/1080p/cut9_4641.pickle
468
COCO mAP: 0.5364618897438049
/home/wxz/Documents/pickle/reta/1080p/cut7_6365.pickle
469
COCO mAP: 0.2847013771533966
/home/wxz/Documents/pickle/reta/1080p/cut4_3241.pickle
470
COCO mAP: 0.9157316088676453
/home/wxz/Documents/pickle/reta/1080p/cut8_8546.pickle
471
COCO mAP: 0.8307968378067017
/home/wxz/Documents/pickle/reta/1080p/cut8_8840.pickle
472
COCO mAP: 0.5718785524368286
/home/wxz/Documents/pickle/reta/1080p/cut3_7505.pickle
473
COCO mAP: 0.8966789245605469
/home/wxz/Documents/pickle/reta/1080p/cut5_7969.pickle
474
COCO mAP: 0.6883708834648132
/home/wxz/Documents/pickle/reta/1080p/cut4_7258.pickle
475
COCO mAP: 0.8039537668228149
/home/wxz/Documents/pickle/reta/1080p/cut4_1801.pickle
476
COCO mAP: 0.9094894528388977
/home/wxz/Documents/pickle/reta/1080p/cut7_4845.pickle
477
COCO mAP: 0.5136046409606934
/home/wxz/Documents/pickle/reta/1080p/cut6_8137.pickle
478
COCO mAP: 0.8256437182426453
/home/wxz/Documents/pickle/reta/1080p/cut4_761.pickle
479
COCO mAP: 0.4874131679534912
/home/wxz/Documents/pickle/reta/1080p/cut2_8925.pickle
480
COCO mAP: 0.9220085144042969
/home/wxz/Documents/pickle/reta/1080p/cut4_5281.pickle
481
COCO mAP: 0.8991454243659973
/home/wxz/Documents/pickle/reta/1080p/cut1_5700.pickle
482
COCO mAP: 0.8486114740371704
/home/wxz/Documents/pickle/reta/1080p/cut7_641.pickle
483
COCO mAP: 0.7857147455215454
/home/wxz/Documents/pickle/reta/1080p/cut2_5751.pickle
484
COCO mAP: 0.9354774355888367
/home/wxz/Documents/pickle/reta/1080p/cut9_113.pickle
485
COCO mAP: 0.8765496015548706
/home/wxz/Documents/pickle/reta/1080p/cut4_7348.pickle
486
COCO mAP: 0.8839834332466125
/home/wxz/Documents/pickle/reta/1080p/cut1_3438.pickle
487
COCO mAP: 0.25794318318367004
/home/wxz/Documents/pickle/reta/1080p/cut7_4305.pickle
488
COCO mAP: 0.9179059267044067
/home/wxz/Documents/pickle/reta/1080p/cut5_897.pickle
489
COCO mAP: 0.8400859832763672
/home/wxz/Documents/pickle/reta/1080p/cut3_3601.pickle
490
COCO mAP: 0.8709497451782227
/home/wxz/Documents/pickle/reta/1080p/cut5_8881.pickle
491
COCO mAP: 0.9344720840454102
/home/wxz/Documents/pickle/reta/1080p/cut5_3729.pickle
492
COCO mAP: 0.5124425292015076
/home/wxz/Documents/pickle/reta/1080p/cut4_6412.pickle
493
COCO mAP: 0.9792207479476929
/home/wxz/Documents/pickle/reta/1080p/cut5_3809.pickle
494
COCO mAP: 0.6421653628349304
/home/wxz/Documents/pickle/reta/1080p/cut4_7672.pickle
495
COCO mAP: 0.7897318005561829
/home/wxz/Documents/pickle/reta/1080p/cut1_2820.pickle
496
COCO mAP: 0.3554534912109375
/home/wxz/Documents/pickle/reta/1080p/cut4_521.pickle
497
COCO mAP: 0.8315576314926147
/home/wxz/Documents/pickle/reta/1080p/cut9_1937.pickle
498
COCO mAP: 0.6930938959121704
/home/wxz/Documents/pickle/reta/1080p/cut6_5611.pickle
499
COCO mAP: 0.6566189527511597
/home/wxz/Documents/pickle/reta/1080p/cut4_2001.pickle
500
COCO mAP: 0.9007282257080078
/home/wxz/Documents/pickle/reta/1080p/cut1_5373.pickle
501
COCO mAP: 0.848343014717102
/home/wxz/Documents/pickle/reta/1080p/cut8_912.pickle
502
COCO mAP: 0.8121857643127441
/home/wxz/Documents/pickle/reta/1080p/cut6_6750.pickle
503
COCO mAP: 0.7736977338790894
/home/wxz/Documents/pickle/reta/1080p/cut4_5401.pickle
504
COCO mAP: 0.7500189542770386
/home/wxz/Documents/pickle/reta/1080p/cut3_3505.pickle
505
COCO mAP: 0.8783894777297974
/home/wxz/Documents/pickle/reta/1080p/cut5_8353.pickle
506
COCO mAP: 0.6238247156143188
/home/wxz/Documents/pickle/reta/1080p/cut6_8461.pickle
507
COCO mAP: 0.6520178318023682
/home/wxz/Documents/pickle/reta/1080p/cut7_5945.pickle
508
COCO mAP: 0.6082958579063416
/home/wxz/Documents/pickle/reta/1080p/cut3_2609.pickle
509
COCO mAP: 0.7926211357116699
/home/wxz/Documents/pickle/reta/1080p/cut6_7741.pickle
510
COCO mAP: 0.6104487180709839
/home/wxz/Documents/pickle/reta/1080p/cut8_4613.pickle
511
COCO mAP: 0.8807989358901978
/home/wxz/Documents/pickle/reta/1080p/cut2_852.pickle
512
COCO mAP: 0.522873044013977
/home/wxz/Documents/pickle/reta/1080p/cut5_4017.pickle
513
COCO mAP: 0.8903346061706543
/home/wxz/Documents/pickle/reta/1080p/cut1_4931.pickle
514
COCO mAP: 0.8497505187988281
/home/wxz/Documents/pickle/reta/1080p/cut6_5201.pickle
515
COCO mAP: 0.6439231634140015
/home/wxz/Documents/pickle/reta/1080p/cut8_3619.pickle
516
COCO mAP: 0.8394060134887695
/home/wxz/Documents/pickle/reta/1080p/cut2_6717.pickle
517
COCO mAP: 0.9386270642280579
/home/wxz/Documents/pickle/reta/1080p/cut4_7996.pickle
518
COCO mAP: 0.7671647667884827
/home/wxz/Documents/pickle/reta/1080p/cut8_1519.pickle
519
COCO mAP: 0.9521293640136719
/home/wxz/Documents/pickle/reta/1080p/cut2_5061.pickle
520
COCO mAP: 0.8656566739082336
/home/wxz/Documents/pickle/reta/1080p/cut5_7265.pickle
521
COCO mAP: 0.8841827511787415
/home/wxz/Documents/pickle/reta/1080p/cut5_2401.pickle
522
COCO mAP: 0.6481698751449585
/home/wxz/Documents/pickle/reta/1080p/cut2_8741.pickle
523
COCO mAP: 0.18275293707847595
/home/wxz/Documents/pickle/reta/1080p/cut6_2433.pickle
524
COCO mAP: 0.77580726146698
/home/wxz/Documents/pickle/reta/1080p/cut3_1.pickle
525
COCO mAP: 0.8980097770690918
/home/wxz/Documents/pickle/reta/1080p/cut4_1761.pickle
526
COCO mAP: 0.2573188543319702
/home/wxz/Documents/pickle/reta/1080p/cut5_6929.pickle
527
COCO mAP: 0.8523589372634888
/home/wxz/Documents/pickle/reta/1080p/cut2_7430.pickle
528
COCO mAP: 0.8803788423538208
/home/wxz/Documents/pickle/reta/1080p/cut9_2801.pickle
529
COCO mAP: 0.7506780028343201
/home/wxz/Documents/pickle/reta/1080p/cut6_6189.pickle
530
COCO mAP: 0.4852145314216614
/home/wxz/Documents/pickle/reta/1080p/cut5_2817.pickle
531
COCO mAP: 0.4980362355709076
/home/wxz/Documents/pickle/reta/1080p/cut2_7660.pickle
532
COCO mAP: 0.8527305722236633
/home/wxz/Documents/pickle/reta/1080p/cut6_7975.pickle
533
COCO mAP: 0.9257190823554993
/home/wxz/Documents/pickle/reta/1080p/cut3_6865.pickle
534
COCO mAP: 0.9467946290969849
/home/wxz/Documents/pickle/reta/1080p/cut8_4515.pickle
535
COCO mAP: 0.8887492418289185
/home/wxz/Documents/pickle/reta/1080p/cut3_3393.pickle
536
COCO mAP: 0.9049932360649109
/home/wxz/Documents/pickle/reta/1080p/cut1_879.pickle
537
COCO mAP: 0.8344628214836121
/home/wxz/Documents/pickle/reta/1080p/cut9_3329.pickle
538
COCO mAP: 0.41746625304222107
/home/wxz/Documents/pickle/reta/1080p/cut2_8143.pickle
539
COCO mAP: 0.5759692192077637
/home/wxz/Documents/pickle/reta/1080p/cut4_5817.pickle
540
COCO mAP: 0.6437698602676392
/home/wxz/Documents/pickle/reta/1080p/cut9_5505.pickle
541
COCO mAP: 0.6732461452484131
/home/wxz/Documents/pickle/reta/1080p/cut2_4762.pickle
542
COCO mAP: 0.6150383949279785
/home/wxz/Documents/pickle/reta/1080p/cut4_3621.pickle
543
COCO mAP: 0.6969905495643616
/home/wxz/Documents/pickle/reta/1080p/cut6_1489.pickle
544
COCO mAP: 0.5145083069801331
/home/wxz/Documents/pickle/reta/1080p/cut1_3174.pickle
545
COCO mAP: 0.012188460677862167
/home/wxz/Documents/pickle/reta/1080p/cut6_5832.pickle
546
COCO mAP: 0.6345018148422241
/home/wxz/Documents/pickle/reta/1080p/cut6_5105.pickle
547
COCO mAP: 0.8826254606246948
/home/wxz/Documents/pickle/reta/1080p/cut4_161.pickle
548
COCO mAP: 0.9351383447647095
/home/wxz/Documents/pickle/reta/1080p/cut3_4305.pickle
549
COCO mAP: 0.14862990379333496
/home/wxz/Documents/pickle/reta/1080p/cut1_3526.pickle
550
COCO mAP: 0.7754906415939331
/home/wxz/Documents/pickle/reta/1080p/cut2_7292.pickle
551
COCO mAP: 0.8894599676132202
/home/wxz/Documents/pickle/reta/1080p/cut7_4725.pickle
552
COCO mAP: 0.6633644104003906
/home/wxz/Documents/pickle/reta/1080p/cut3_3793.pickle
553
COCO mAP: 0.6378679871559143
/home/wxz/Documents/pickle/reta/1080p/cut5_3537.pickle
554
COCO mAP: 0.885229229927063
/home/wxz/Documents/pickle/reta/1080p/cut5_2913.pickle
555
COCO mAP: 0.5767918825149536
/home/wxz/Documents/pickle/reta/1080p/cut7_7945.pickle
556
COCO mAP: 0.9470194578170776
/home/wxz/Documents/pickle/reta/1080p/cut8_7412.pickle
557
COCO mAP: 0.7300735712051392
/home/wxz/Documents/pickle/reta/1080p/cut3_6193.pickle
558
COCO mAP: 0.9110032320022583
/home/wxz/Documents/pickle/reta/1080p/cut4_3001.pickle
559
COCO mAP: 0.8602027893066406
/home/wxz/Documents/pickle/reta/1080p/cut4_5901.pickle
560
COCO mAP: 0.6437588930130005
/home/wxz/Documents/pickle/reta/1080p/cut2_1036.pickle
561
COCO mAP: 0.387035071849823
/home/wxz/Documents/pickle/reta/1080p/cut8_1715.pickle
562
COCO mAP: 0.9379305839538574
/home/wxz/Documents/pickle/reta/1080p/cut5_8992.pickle
563
COCO mAP: 0.8056580424308777
/home/wxz/Documents/pickle/reta/1080p/cut6_3617.pickle
564
COCO mAP: 0.5433899164199829
/home/wxz/Documents/pickle/reta/1080p/cut5_6641.pickle
565
COCO mAP: 0.5982024669647217
/home/wxz/Documents/pickle/reta/1080p/cut6_6240.pickle
566
COCO mAP: 0.610267698764801
/home/wxz/Documents/pickle/reta/1080p/cut8_4906.pickle
567
COCO mAP: 0.6386135816574097
/home/wxz/Documents/pickle/reta/1080p/cut6_8947.pickle
568
COCO mAP: 0.7171283960342407
/home/wxz/Documents/pickle/reta/1080p/cut7_1.pickle
569
COCO mAP: 0.8864186406135559
/home/wxz/Documents/pickle/reta/1080p/cut1_2471.pickle
570
COCO mAP: 0.5699135065078735
/home/wxz/Documents/pickle/reta/1080p/cut6_2001.pickle
571
COCO mAP: 0.9389421343803406
/home/wxz/Documents/pickle/reta/1080p/cut6_1201.pickle
572
COCO mAP: 0.8391646146774292
/home/wxz/Documents/pickle/reta/1080p/cut6_6903.pickle
573
COCO mAP: 0.8668628931045532
/home/wxz/Documents/pickle/reta/1080p/cut2_93.pickle
574
COCO mAP: 0.6483482122421265
/home/wxz/Documents/pickle/reta/1080p/cut5_8545.pickle
575
COCO mAP: 0.6228891015052795
/home/wxz/Documents/pickle/reta/1080p/cut7_1105.pickle
576
COCO mAP: 0.6347529888153076
/home/wxz/Documents/pickle/reta/1080p/cut7_1855.pickle
577
COCO mAP: 0.6095606684684753
/home/wxz/Documents/pickle/reta/1080p/cut5_8785.pickle
578
COCO mAP: 0.8767818212509155
/home/wxz/Documents/pickle/reta/1080p/cut2_6510.pickle
579
COCO mAP: 0.8785131573677063
/home/wxz/Documents/pickle/reta/1080p/cut8_1645.pickle
580
COCO mAP: 0.8103795051574707
/home/wxz/Documents/pickle/reta/1080p/cut4_5321.pickle
581
COCO mAP: 0.8170877695083618
/home/wxz/Documents/pickle/reta/1080p/cut2_6418.pickle
582
COCO mAP: 0.9331133961677551
/home/wxz/Documents/pickle/reta/1080p/cut9_1009.pickle
583
COCO mAP: 0.7213927507400513
/home/wxz/Documents/pickle/reta/1080p/cut7_6645.pickle
584
COCO mAP: 0.8663425445556641
/home/wxz/Documents/pickle/reta/1080p/cut4_1681.pickle
585
COCO mAP: 0.9461115598678589
/home/wxz/Documents/pickle/reta/1080p/cut9_401.pickle
586
COCO mAP: 0.8359500169754028
/home/wxz/Documents/pickle/reta/1080p/cut3_2209.pickle
587
COCO mAP: 0.8655171394348145
/home/wxz/Documents/pickle/reta/1080p/cut8_4809.pickle
588
COCO mAP: 0.6487339735031128
/home/wxz/Documents/pickle/reta/1080p/cut6_4641.pickle
589
COCO mAP: 0.38028207421302795
/home/wxz/Documents/pickle/reta/1080p/cut7_833.pickle
590
COCO mAP: 0.6628700494766235
/home/wxz/Documents/pickle/reta/1080p/cut5_6113.pickle
591
COCO mAP: 0.46809157729148865
/home/wxz/Documents/pickle/reta/1080p/cut6_7867.pickle
592
COCO mAP: 0.6011987924575806
/home/wxz/Documents/pickle/reta/1080p/cut6_6444.pickle
593
COCO mAP: 0.7155721783638
/home/wxz/Documents/pickle/reta/1080p/cut1_4139.pickle
594
COCO mAP: 0.8439074754714966
/home/wxz/Documents/pickle/reta/1080p/cut3_817.pickle
595
COCO mAP: 0.6391422152519226
/home/wxz/Documents/pickle/reta/1080p/cut4_1.pickle
596
COCO mAP: 0.42436257004737854
/home/wxz/Documents/pickle/reta/1080p/cut4_2121.pickle
597
COCO mAP: 0.9144037365913391
/home/wxz/Documents/pickle/reta/1080p/cut2_8534.pickle
598
COCO mAP: 0.8036900758743286
/home/wxz/Documents/pickle/reta/1080p/cut4_4721.pickle
599
COCO mAP: 0.6193459033966064
/home/wxz/Documents/pickle/reta/1080p/cut1_8759.pickle
600
COCO mAP: 0.9400709867477417
/home/wxz/Documents/pickle/reta/1080p/cut8_2737.pickle
601
COCO mAP: 0.7398461699485779
/home/wxz/Documents/pickle/reta/1080p/cut8_3003.pickle
602
COCO mAP: 0.91590815782547
/home/wxz/Documents/pickle/reta/1080p/cut4_3341.pickle
603
COCO mAP: 0.9317741394042969
/home/wxz/Documents/pickle/reta/1080p/cut4_8914.pickle
604
COCO mAP: 0.2969051003456116
/home/wxz/Documents/pickle/reta/1080p/cut6_1537.pickle
605
COCO mAP: 0.8893025517463684
/home/wxz/Documents/pickle/reta/1080p/cut3_4737.pickle
606
COCO mAP: 0.3731329143047333
/home/wxz/Documents/pickle/reta/1080p/cut1_8509.pickle
607
COCO mAP: 0.9018946886062622
/home/wxz/Documents/pickle/reta/1080p/cut5_4929.pickle
608
COCO mAP: 0.392539918422699
/home/wxz/Documents/pickle/reta/1080p/cut2_6602.pickle
609
COCO mAP: 0.9565154314041138
/home/wxz/Documents/pickle/reta/1080p/cut7_7465.pickle
610
COCO mAP: 0.9212609529495239
/home/wxz/Documents/pickle/reta/1080p/cut3_2305.pickle
611
COCO mAP: 0.6011213064193726
/home/wxz/Documents/pickle/reta/1080p/cut6_4241.pickle
612
COCO mAP: 0.8943467140197754
/home/wxz/Documents/pickle/reta/1080p/cut3_5313.pickle
613
COCO mAP: 0.5819786787033081
/home/wxz/Documents/pickle/reta/1080p/cut7_3665.pickle
614
COCO mAP: 0.8640788197517395
/home/wxz/Documents/pickle/reta/1080p/cut7_5445.pickle
615
COCO mAP: 0.9117902517318726
/home/wxz/Documents/pickle/reta/1080p/cut1_5107.pickle
616
COCO mAP: 0.7813012599945068
/home/wxz/Documents/pickle/reta/1080p/cut6_5009.pickle
617
COCO mAP: 0.963482677936554
/home/wxz/Documents/pickle/reta/1080p/cut3_4833.pickle
618
COCO mAP: 0.27619922161102295
/home/wxz/Documents/pickle/reta/1080p/cut1_6068.pickle
619
COCO mAP: 0.6633375287055969
/home/wxz/Documents/pickle/reta/1080p/cut8_7706.pickle
620
COCO mAP: 0.668561577796936
/home/wxz/Documents/pickle/reta/1080p/cut6_5409.pickle
621
COCO mAP: 0.5487920641899109
/home/wxz/Documents/pickle/reta/1080p/cut4_6141.pickle
622
COCO mAP: 0.9356082081794739
/home/wxz/Documents/pickle/reta/1080p/cut7_2017.pickle
623
COCO mAP: 0.6510001420974731
/home/wxz/Documents/pickle/reta/1080p/cut9_5601.pickle
624
COCO mAP: 0.741458535194397
/home/wxz/Documents/pickle/reta/1080p/cut3_7649.pickle
625
COCO mAP: 0.8424652814865112
/home/wxz/Documents/pickle/reta/1080p/cut4_361.pickle
626
COCO mAP: 0.7879601716995239
/home/wxz/Documents/pickle/reta/1080p/cut4_5521.pickle
627
COCO mAP: 0.5835356116294861
/home/wxz/Documents/pickle/reta/1080p/cut6_689.pickle
628
COCO mAP: 0.6813376545906067
/home/wxz/Documents/pickle/reta/1080p/cut4_4121.pickle
629
COCO mAP: 0.7323049902915955
/home/wxz/Documents/pickle/reta/1080p/cut7_8225.pickle
630
COCO mAP: 0.5750604867935181
/home/wxz/Documents/pickle/reta/1080p/cut4_4841.pickle
631
COCO mAP: 0.941548228263855
/home/wxz/Documents/pickle/reta/1080p/cut9_305.pickle
632
COCO mAP: 0.7479183077812195
/home/wxz/Documents/pickle/reta/1080p/cut9_5713.pickle
633
COCO mAP: 0.6594841480255127
/home/wxz/Documents/pickle/reta/1080p/cut4_3901.pickle
634
COCO mAP: 0.37895336747169495
/home/wxz/Documents/pickle/reta/1080p/cut1_2558.pickle
635
COCO mAP: 0.6101319789886475
/home/wxz/Documents/pickle/reta/1080p/cut8_5620.pickle
636
COCO mAP: 0.8208016157150269
/home/wxz/Documents/pickle/reta/1080p/cut3_3169.pickle
637
COCO mAP: 0.8763330578804016
/home/wxz/Documents/pickle/reta/1080p/cut4_6201.pickle
638
COCO mAP: 0.895189642906189
/home/wxz/Documents/pickle/reta/1080p/cut2_1312.pickle
639
COCO mAP: 0.38420888781547546
/home/wxz/Documents/pickle/reta/1080p/cut6_1905.pickle
640
COCO mAP: 0.8249561190605164
/home/wxz/Documents/pickle/reta/1080p/cut9_3729.pickle
641
COCO mAP: 0.5760403871536255
/home/wxz/Documents/pickle/reta/1080p/cut2_6142.pickle
642
COCO mAP: 0.37467509508132935
/home/wxz/Documents/pickle/reta/1080p/cut3_8705.pickle
643
COCO mAP: 0.7469164133071899
/home/wxz/Documents/pickle/reta/1080p/cut8_5032.pickle
644
COCO mAP: 0.6102585196495056
/home/wxz/Documents/pickle/reta/1080p/cut8_2905.pickle
645
COCO mAP: 0.410888135433197
/home/wxz/Documents/pickle/reta/1080p/cut2_2002.pickle
646
COCO mAP: 0.861573338508606
/home/wxz/Documents/pickle/reta/1080p/cut8_209.pickle
647
COCO mAP: 0.7428876161575317
/home/wxz/Documents/pickle/reta/1080p/cut2_8327.pickle
648
COCO mAP: 0.789545476436615
/home/wxz/Documents/pickle/reta/1080p/cut5_5617.pickle
649
COCO mAP: 0.6621837019920349
/home/wxz/Documents/pickle/reta/1080p/cut7_3245.pickle
650
COCO mAP: 0.9090242385864258
/home/wxz/Documents/pickle/reta/1080p/cut9_5169.pickle
651
COCO mAP: 0.7995309233665466
/home/wxz/Documents/pickle/reta/1080p/cut9_2321.pickle
652
COCO mAP: 0.5724798440933228
/home/wxz/Documents/pickle/reta/1080p/cut7_5625.pickle
653
COCO mAP: 0.8303909301757812
/home/wxz/Documents/pickle/reta/1080p/cut8_5410.pickle
654
COCO mAP: 0.8688429594039917
/home/wxz/Documents/pickle/reta/1080p/cut8_2009.pickle
655
COCO mAP: 0.7846341133117676
/home/wxz/Documents/pickle/reta/1080p/cut8_604.pickle
656
COCO mAP: 0.3989832401275635
/home/wxz/Documents/pickle/reta/1080p/cut7_737.pickle
657
COCO mAP: 0.5155284404754639
/home/wxz/Documents/pickle/reta/1080p/cut6_3425.pickle
658
COCO mAP: 0.47009748220443726
/home/wxz/Documents/pickle/reta/1080p/cut7_7185.pickle
659
COCO mAP: 0.9280654191970825
/home/wxz/Documents/pickle/reta/1080p/cut5_2209.pickle
660
COCO mAP: 0.8569183349609375
/home/wxz/Documents/pickle/reta/1080p/cut4_4541.pickle
661
COCO mAP: 0.3880702555179596
/home/wxz/Documents/pickle/reta/1080p/cut3_5121.pickle
662
COCO mAP: 0.5678300261497498
/home/wxz/Documents/pickle/reta/1080p/cut1_4403.pickle
663
COCO mAP: 0.7934731841087341
/home/wxz/Documents/pickle/reta/1080p/cut6_2945.pickle
664
COCO mAP: 0.9191216230392456
/home/wxz/Documents/pickle/reta/1080p/cut1_6244.pickle
665
COCO mAP: 0.8698462247848511
/home/wxz/Documents/pickle/reta/1080p/cut5_4401.pickle
666
COCO mAP: 0.853314995765686
/home/wxz/Documents/pickle/reta/1080p/cut8_3213.pickle
667
COCO mAP: 0.7348944544792175
/home/wxz/Documents/pickle/reta/1080p/cut2_3520.pickle
668
COCO mAP: 0.8091840744018555
/home/wxz/Documents/pickle/reta/1080p/cut7_1747.pickle
669
COCO mAP: 0.6823302507400513
/home/wxz/Documents/pickle/reta/1080p/cut6_1713.pickle
670
COCO mAP: 0.8698752522468567
/home/wxz/Documents/pickle/reta/1080p/cut4_8752.pickle
671
COCO mAP: 0.8100907206535339
/home/wxz/Documents/pickle/reta/1080p/cut3_3713.pickle
672
COCO mAP: 0.9265180826187134
/home/wxz/Documents/pickle/reta/1080p/cut8_4305.pickle
673
COCO mAP: 0.5565973520278931
/home/wxz/Documents/pickle/reta/1080p/cut5_5905.pickle
674
COCO mAP: 0.8478337526321411
/home/wxz/Documents/pickle/reta/1080p/cut9_6049.pickle
675
COCO mAP: 0.9079393148422241
/home/wxz/Documents/pickle/reta/1080p/cut6_6546.pickle
676
COCO mAP: 0.3910057842731476
/home/wxz/Documents/pickle/reta/1080p/cut5_2625.pickle
677
COCO mAP: 0.7289108037948608
/home/wxz/Documents/pickle/reta/1080p/cut6_6342.pickle
678
COCO mAP: 0.5920642018318176
/home/wxz/Documents/pickle/reta/1080p/cut7_929.pickle
679
COCO mAP: 0.5801714062690735
/home/wxz/Documents/pickle/reta/1080p/cut3_2513.pickle
680
COCO mAP: 0.34949037432670593
/home/wxz/Documents/pickle/reta/1080p/cut5_1.pickle
681
COCO mAP: 0.3536252975463867
/home/wxz/Documents/pickle/reta/1080p/cut9_1505.pickle
682
COCO mAP: 0.560090184211731
/home/wxz/Documents/pickle/reta/1080p/cut8_5928.pickle
683
COCO mAP: 0.7501747608184814
/home/wxz/Documents/pickle/reta/1080p/cut9_4737.pickle
684
COCO mAP: 0.6692599058151245
/home/wxz/Documents/pickle/reta/1080p/cut5_2721.pickle
685
COCO mAP: 0.9548965692520142
/home/wxz/Documents/pickle/reta/1080p/cut6_2385.pickle
686
COCO mAP: 0.8664162755012512
/home/wxz/Documents/pickle/reta/1080p/cut7_7285.pickle
687
COCO mAP: 0.9407916069030762
/home/wxz/Documents/pickle/reta/1080p/cut8_1911.pickle
688
COCO mAP: 0.6911001205444336
/home/wxz/Documents/pickle/reta/1080p/cut3_7153.pickle
689
COCO mAP: 0.9072822332382202
/home/wxz/Documents/pickle/reta/1080p/cut4_5709.pickle
690
COCO mAP: 0.7849192023277283
/home/wxz/Documents/pickle/reta/1080p/cut1_6909.pickle
691
COCO mAP: 0.5835245251655579
/home/wxz/Documents/pickle/reta/1080p/cut8_6110.pickle
692
COCO mAP: 0.8842028379440308
/home/wxz/Documents/pickle/reta/1080p/cut3_2401.pickle
693
COCO mAP: 0.8503317832946777
/home/wxz/Documents/pickle/reta/1080p/cut7_6285.pickle
694
COCO mAP: 0.5760277509689331
/home/wxz/Documents/pickle/reta/1080p/cut8_4725.pickle
695
COCO mAP: 0.6682196855545044
/home/wxz/Documents/pickle/reta/1080p/cut9_721.pickle
696
COCO mAP: 0.6839572191238403
/home/wxz/Documents/pickle/reta/1080p/cut1_704.pickle
697
COCO mAP: 0.816024899482727
/home/wxz/Documents/pickle/reta/1080p/cut9_3233.pickle
698
COCO mAP: 0.7558459043502808
/home/wxz/Documents/pickle/reta/1080p/cut3_6097.pickle
699
COCO mAP: 0.5208645462989807
/home/wxz/Documents/pickle/reta/1080p/cut8_7608.pickle
700
COCO mAP: 0.6762192249298096
/home/wxz/Documents/pickle/reta/1080p/cut8_8252.pickle
701
COCO mAP: 0.8753965497016907
/home/wxz/Documents/pickle/reta/1080p/cut7_8705.pickle
702
COCO mAP: 0.6795731782913208
/home/wxz/Documents/pickle/reta/1080p/cut5_5313.pickle
703
COCO mAP: 0.3796827495098114
/home/wxz/Documents/pickle/reta/1080p/cut5_1089.pickle
704
COCO mAP: 0.8241204023361206
/home/wxz/Documents/pickle/reta/1080p/cut8_5522.pickle
705
COCO mAP: 0.7327147722244263
/home/wxz/Documents/pickle/reta/1080p/cut5_7729.pickle
706
COCO mAP: 0.5621895790100098
/home/wxz/Documents/pickle/reta/1080p/cut3_8945.pickle
707
COCO mAP: 0.6858860850334167
/home/wxz/Documents/pickle/reta/1080p/cut2_6901.pickle
708
COCO mAP: 0.9163778424263
/home/wxz/Documents/pickle/reta/1080p/cut5_1617.pickle
709
COCO mAP: 0.9058589935302734
/home/wxz/Documents/pickle/reta/1080p/cut1_8864.pickle
710
COCO mAP: 0.9567340612411499
/home/wxz/Documents/pickle/reta/1080p/cut3_2257.pickle
711
COCO mAP: 0.7164686918258667
/home/wxz/Documents/pickle/reta/1080p/cut3_8801.pickle
712
COCO mAP: 0.21243639290332794
/home/wxz/Documents/pickle/reta/1080p/cut5_2113.pickle
713
COCO mAP: 0.8138272166252136
/home/wxz/Documents/pickle/reta/1080p/cut9_4817.pickle
714
COCO mAP: 0.24282045662403107
/home/wxz/Documents/pickle/reta/1080p/cut7_8645.pickle
715
COCO mAP: 0.9293969869613647
/home/wxz/Documents/pickle/reta/1080p/cut1_2022.pickle
716
COCO mAP: 0.7956780195236206
/home/wxz/Documents/pickle/reta/1080p/cut6_6801.pickle
717
COCO mAP: 0.9172329902648926
/home/wxz/Documents/pickle/reta/1080p/cut4_6808.pickle
718
COCO mAP: 0.7160412073135376
/home/wxz/Documents/pickle/reta/1080p/cut1_17.pickle
719
COCO mAP: 0.09838001430034637
/home/wxz/Documents/pickle/reta/1080p/cut4_1901.pickle
720
COCO mAP: 0.2641575038433075
/home/wxz/Documents/pickle/reta/1080p/cut7_3005.pickle
721
COCO mAP: 0.8534398078918457
/home/wxz/Documents/pickle/reta/1080p/cut9_1745.pickle
722
COCO mAP: 0.9080603718757629
/home/wxz/Documents/pickle/reta/1080p/cut7_4225.pickle
723
COCO mAP: 0.925284206867218
/home/wxz/Documents/pickle/reta/1080p/cut4_8320.pickle
724
COCO mAP: 0.8188300132751465
/home/wxz/Documents/pickle/reta/1080p/cut4_3701.pickle
725
COCO mAP: 0.7380403280258179
/home/wxz/Documents/pickle/reta/1080p/cut2_7821.pickle
726
COCO mAP: 0.933186411857605
/home/wxz/Documents/pickle/reta/1080p/cut6_577.pickle
727
COCO mAP: 0.44759559631347656
/home/wxz/Documents/pickle/reta/1080p/cut3_5905.pickle
728
COCO mAP: 0.8353889584541321
/home/wxz/Documents/pickle/reta/1080p/cut3_1425.pickle
729
COCO mAP: 0.6442476511001587
/home/wxz/Documents/pickle/reta/1080p/cut2_7706.pickle
730
COCO mAP: 0.8500107526779175
/home/wxz/Documents/pickle/reta/1080p/cut8_346.pickle
731
COCO mAP: 0.644328236579895
/home/wxz/Documents/pickle/reta/1080p/cut6_8245.pickle
732
COCO mAP: 0.8340681791305542
/home/wxz/Documents/pickle/reta/1080p/cut6_3137.pickle
733
COCO mAP: 0.8527401685714722
/home/wxz/Documents/pickle/reta/1080p/cut1_2202.pickle
734
COCO mAP: 0.5453569889068604
/home/wxz/Documents/pickle/reta/1080p/cut1_8419.pickle
735
COCO mAP: 0.8127918243408203
/home/wxz/Documents/pickle/reta/1080p/cut8_5802.pickle
736
COCO mAP: 0.8645671606063843
/home/wxz/Documents/pickle/reta/1080p/cut2_3911.pickle
737
COCO mAP: 0.9207927584648132
/home/wxz/Documents/pickle/reta/1080p/cut8_6362.pickle
738
COCO mAP: 0.6647200584411621
/home/wxz/Documents/pickle/reta/1080p/cut2_6027.pickle
739
COCO mAP: 0.9005635976791382
/home/wxz/Documents/pickle/reta/1080p/cut6_1105.pickle
740
COCO mAP: 0.5390845537185669
/home/wxz/Documents/pickle/reta/1080p/cut8_496.pickle
741
COCO mAP: 0.6269976496696472
/home/wxz/Documents/pickle/reta/1080p/cut1_1503.pickle
742
COCO mAP: 0.31017327308654785
/home/wxz/Documents/pickle/reta/1080p/cut1_3350.pickle
743
COCO mAP: 0.6411205530166626
/home/wxz/Documents/pickle/reta/1080p/cut1_343.pickle
744
COCO mAP: 0.5028929710388184
/home/wxz/Documents/pickle/reta/1080p/cut9_1841.pickle
745
COCO mAP: 0.7377833127975464
/home/wxz/Documents/pickle/reta/1080p/cut2_3014.pickle
746
COCO mAP: 0.6424000263214111
/home/wxz/Documents/pickle/reta/1080p/cut7_3365.pickle
747
COCO mAP: 0.9335554838180542
/home/wxz/Documents/pickle/reta/1080p/cut2_6303.pickle
748
COCO mAP: 0.9072271585464478
/home/wxz/Documents/pickle/reta/1080p/cut1_6821.pickle
749
COCO mAP: 0.1399088352918625
/home/wxz/Documents/pickle/reta/1080p/cut2_4348.pickle
750
COCO mAP: 0.9103155136108398
/home/wxz/Documents/pickle/reta/1080p/cut1_6604.pickle
751
COCO mAP: 0.8183468580245972
/home/wxz/Documents/pickle/reta/1080p/cut1_6689.pickle
752
COCO mAP: 0.011342933401465416
/home/wxz/Documents/pickle/reta/1080p/cut3_7745.pickle
753
COCO mAP: 0.6608923673629761
/home/wxz/Documents/pickle/reta/1080p/cut5_5217.pickle
754
COCO mAP: 0.7566573023796082
/home/wxz/Documents/pickle/reta/1080p/cut2_6809.pickle
755
COCO mAP: 0.8932567834854126
/home/wxz/Documents/pickle/reta/1080p/cut1_2302.pickle
756
COCO mAP: 0.7133747935295105
/home/wxz/Documents/pickle/reta/1080p/cut7_2405.pickle
757
COCO mAP: 0.7301954030990601
/home/wxz/Documents/pickle/reta/1080p/cut5_401.pickle
758
COCO mAP: 0.7906739115715027
/home/wxz/Documents/pickle/reta/1080p/cut8_3129.pickle
759
COCO mAP: 0.624873697757721
/home/wxz/Documents/pickle/reta/1080p/cut5_4881.pickle
760
COCO mAP: 0.4155395030975342
/home/wxz/Documents/pickle/reta/1080p/cut3_4929.pickle
761
COCO mAP: 0.5940879583358765
/home/wxz/Documents/pickle/reta/1080p/cut5_5025.pickle
762
COCO mAP: 0.9215105772018433
/home/wxz/Documents/pickle/reta/1080p/cut6_961.pickle
763
COCO mAP: 0.790708601474762
/home/wxz/Documents/pickle/reta/1080p/cut8_5144.pickle
764
COCO mAP: 0.698204755783081
/home/wxz/Documents/pickle/reta/1080p/cut5_5409.pickle
765
COCO mAP: 0.7845312356948853
/home/wxz/Documents/pickle/reta/1080p/cut1_5613.pickle
766
COCO mAP: 0.7244220972061157
/home/wxz/Documents/pickle/reta/1080p/cut2_2370.pickle
767
COCO mAP: 0.8048615455627441
/home/wxz/Documents/pickle/reta/1080p/cut7_4985.pickle
768
COCO mAP: 0.6267937421798706
/home/wxz/Documents/pickle/reta/1080p/cut6_1.pickle
769
COCO mAP: 0.8867323994636536
/home/wxz/Documents/pickle/reta/1080p/cut8_2107.pickle
770
COCO mAP: 0.8343759775161743
/home/wxz/Documents/pickle/reta/1080p/cut8_2401.pickle
771
COCO mAP: 0.10243866592645645
/home/wxz/Documents/pickle/reta/1080p/cut4_8212.pickle
772
COCO mAP: 0.8163295984268188
/home/wxz/Documents/pickle/reta/1080p/cut8_6516.pickle
773
COCO mAP: 0.9068269729614258
/home/wxz/Documents/pickle/reta/1080p/cut4_4901.pickle
774
COCO mAP: 0.7935013175010681
/home/wxz/Documents/pickle/reta/1080p/cut1_1316.pickle
775
COCO mAP: 0.711013913154602
/home/wxz/Documents/pickle/reta/1080p/cut3_145.pickle
776
COCO mAP: 0.8300176858901978
/home/wxz/Documents/pickle/reta/1080p/cut7_4605.pickle
777
COCO mAP: 0.8612143397331238
/home/wxz/Documents/pickle/reta/1080p/cut8_8168.pickle
778
COCO mAP: 0.8091918230056763
/home/wxz/Documents/pickle/reta/1080p/cut8_6012.pickle
779
COCO mAP: 0.6551615595817566
/home/wxz/Documents/pickle/reta/1080p/cut1_5524.pickle
780
COCO mAP: 0.8519771695137024
/home/wxz/Documents/pickle/reta/1080p/cut4_7888.pickle
781
COCO mAP: 0.8240501284599304
/home/wxz/Documents/pickle/reta/1080p/cut2_2807.pickle
782
COCO mAP: 0.7136693596839905
/home/wxz/Documents/pickle/reta/1080p/cut7_2365.pickle
783
COCO mAP: 0.6398923993110657
/home/wxz/Documents/pickle/reta/1080p/cut1_7444.pickle
784
COCO mAP: 0.3546677529811859
/home/wxz/Documents/pickle/reta/1080p/cut2_369.pickle
785
COCO mAP: 0.8023406267166138
/home/wxz/Documents/pickle/reta/1080p/cut7_1405.pickle
786
COCO mAP: 0.6294260621070862
/home/wxz/Documents/pickle/reta/1080p/cut7_7525.pickle
787
COCO mAP: 0.9153544306755066
/home/wxz/Documents/pickle/reta/1080p/cut2_4923.pickle
788
COCO mAP: 0.8202944993972778
/home/wxz/Documents/pickle/reta/1080p/cut1_8629.pickle
789
COCO mAP: 0.7434762716293335
/home/wxz/Documents/pickle/reta/1080p/cut4_5141.pickle
790
COCO mAP: 0.848168671131134
/home/wxz/Documents/pickle/reta/1080p/cut1_5978.pickle
791
COCO mAP: 0.504653811454773
/home/wxz/Documents/pickle/reta/1080p/cut9_1313.pickle
792
COCO mAP: 0.7552822232246399
/home/wxz/Documents/pickle/reta/1080p/cut8_1.pickle
793
COCO mAP: 0.6810270547866821
/home/wxz/Documents/pickle/reta/1080p/cut1_3702.pickle
794
COCO mAP: 0.6753470301628113
average COCO mAP:0.7134254868834348
