nohup: 忽略输入
/home/wxz/Documents/pickle/reta/200p/cut5_8945.pickle
1
COCO mAP: 0.8812313079833984
/home/wxz/Documents/pickle/reta/200p/cut8_436.pickle
2
COCO mAP: 0.1790909320116043
/home/wxz/Documents/pickle/reta/200p/cut6_5509.pickle
3
COCO mAP: 0.8308709859848022
/home/wxz/Documents/pickle/reta/200p/cut2_4831.pickle
4
COCO mAP: 0.7072741985321045
/home/wxz/Documents/pickle/reta/200p/cut2_8971.pickle
5
COCO mAP: 0.5992512702941895
/home/wxz/Documents/pickle/reta/200p/cut7_2265.pickle
6
COCO mAP: 0.6938580274581909
/home/wxz/Documents/pickle/reta/200p/cut2_185.pickle
7
COCO mAP: 0.718396782875061
/home/wxz/Documents/pickle/reta/200p/cut9_3041.pickle
8
COCO mAP: 0.7500728368759155
/home/wxz/Documents/pickle/reta/200p/cut7_7705.pickle
9
COCO mAP: 0.6380787491798401
/home/wxz/Documents/pickle/reta/200p/cut6_4817.pickle
10
COCO mAP: 0.44618257880210876
/home/wxz/Documents/pickle/reta/200p/cut5_3921.pickle
11
COCO mAP: 0.421356201171875
/home/wxz/Documents/pickle/reta/200p/cut3_6577.pickle
12
COCO mAP: 0.8563613891601562
/home/wxz/Documents/pickle/reta/200p/cut5_993.pickle
13
COCO mAP: 0.776315450668335
/home/wxz/Documents/pickle/reta/200p/cut2_6257.pickle
14
COCO mAP: 0.7545956373214722
/home/wxz/Documents/pickle/reta/200p/cut4_7186.pickle
15
COCO mAP: 0.6446604132652283
/home/wxz/Documents/pickle/reta/200p/cut9_3825.pickle
16
COCO mAP: 0.16663384437561035
/home/wxz/Documents/pickle/reta/200p/cut3_4001.pickle
17
COCO mAP: 0.7113593816757202
/home/wxz/Documents/pickle/reta/200p/cut9_4545.pickle
18
COCO mAP: 0.5378499031066895
/home/wxz/Documents/pickle/reta/200p/cut2_2186.pickle
19
COCO mAP: 0.48900923132896423
/home/wxz/Documents/pickle/reta/200p/cut8_7104.pickle
20
COCO mAP: 0.5104391574859619
/home/wxz/Documents/pickle/reta/200p/cut7_4125.pickle
21
COCO mAP: 0.8675611615180969
/home/wxz/Documents/pickle/reta/200p/cut3_4401.pickle
22
COCO mAP: 0.7162753343582153
/home/wxz/Documents/pickle/reta/200p/cut6_2657.pickle
23
COCO mAP: 0.6382088661193848
/home/wxz/Documents/pickle/reta/200p/cut4_2301.pickle
24
COCO mAP: 0.7867995500564575
/home/wxz/Documents/pickle/reta/200p/cut8_8336.pickle
25
COCO mAP: 0.5576306581497192
/home/wxz/Documents/pickle/reta/200p/cut7_1009.pickle
26
COCO mAP: 0.5240596532821655
/home/wxz/Documents/pickle/reta/200p/cut1_257.pickle
27
COCO mAP: 0.3445743918418884
/home/wxz/Documents/pickle/reta/200p/cut5_5121.pickle
28
COCO mAP: 0.2940344214439392
/home/wxz/Documents/pickle/reta/200p/cut3_4113.pickle
29
COCO mAP: 0.6450490355491638
/home/wxz/Documents/pickle/reta/200p/cut6_7633.pickle
30
COCO mAP: 0.642978310585022
/home/wxz/Documents/pickle/reta/200p/cut3_7313.pickle
31
COCO mAP: 0.4198402762413025
/home/wxz/Documents/pickle/reta/200p/cut4_1501.pickle
32
COCO mAP: 0.8696646690368652
/home/wxz/Documents/pickle/reta/200p/cut9_3633.pickle
33
COCO mAP: 0.5652542114257812
/home/wxz/Documents/pickle/reta/200p/cut2_8281.pickle
34
COCO mAP: 0.9010946154594421
/home/wxz/Documents/pickle/reta/200p/cut2_967.pickle
35
COCO mAP: 0.5220462679862976
/home/wxz/Documents/pickle/reta/200p/cut2_2623.pickle
36
COCO mAP: 0.4219598174095154
/home/wxz/Documents/pickle/reta/200p/cut1_8044.pickle
37
COCO mAP: 0.26470255851745605
/home/wxz/Documents/pickle/reta/200p/cut5_3249.pickle
38
COCO mAP: 0.7088465690612793
/home/wxz/Documents/pickle/reta/200p/cut5_1281.pickle
39
COCO mAP: 0.6572612524032593
/home/wxz/Documents/pickle/reta/200p/cut7_5505.pickle
40
COCO mAP: 0.6583901047706604
/home/wxz/Documents/pickle/reta/200p/cut7_8945.pickle
41
COCO mAP: 0.81512051820755
/home/wxz/Documents/pickle/reta/200p/cut4_8806.pickle
42
COCO mAP: 0.5206699371337891
/home/wxz/Documents/pickle/reta/200p/cut5_6001.pickle
43
COCO mAP: 0.48406094312667847
/home/wxz/Documents/pickle/reta/200p/cut3_513.pickle
44
COCO mAP: 0.7584343552589417
/home/wxz/Documents/pickle/reta/200p/cut6_3329.pickle
45
COCO mAP: 0.5215988159179688
/home/wxz/Documents/pickle/reta/200p/cut6_4401.pickle
46
COCO mAP: 0.38841772079467773
/home/wxz/Documents/pickle/reta/200p/cut1_6156.pickle
47
COCO mAP: 0.757048487663269
/home/wxz/Documents/pickle/reta/200p/cut2_5130.pickle
48
COCO mAP: 0.7974288463592529
/home/wxz/Documents/pickle/reta/200p/cut7_6165.pickle
49
COCO mAP: 0.6935607194900513
/home/wxz/Documents/pickle/reta/200p/cut9_4209.pickle
50
COCO mAP: 0.6738847494125366
/home/wxz/Documents/pickle/reta/200p/cut5_1521.pickle
51
COCO mAP: 0.6379206776618958
/home/wxz/Documents/pickle/reta/200p/cut9_2225.pickle
52
COCO mAP: 0.6984037756919861
/home/wxz/Documents/pickle/reta/200p/cut6_8893.pickle
53
COCO mAP: 0.8230098485946655
/home/wxz/Documents/pickle/reta/200p/cut2_5521.pickle
54
COCO mAP: 0.8222644925117493
/home/wxz/Documents/pickle/reta/200p/cut4_4241.pickle
55
COCO mAP: 0.7726453542709351
/home/wxz/Documents/pickle/reta/200p/cut6_7107.pickle
56
COCO mAP: 0.6652897596359253
/home/wxz/Documents/pickle/reta/200p/cut4_3801.pickle
57
COCO mAP: 0.45946556329727173
/home/wxz/Documents/pickle/reta/200p/cut8_1253.pickle
58
COCO mAP: 0.5792516469955444
/home/wxz/Documents/pickle/reta/200p/cut1_6420.pickle
59
COCO mAP: 0.5392674803733826
/home/wxz/Documents/pickle/reta/200p/cut5_7169.pickle
60
COCO mAP: 0.48562493920326233
/home/wxz/Documents/pickle/reta/200p/cut6_1601.pickle
61
COCO mAP: 0.7529976963996887
/home/wxz/Documents/pickle/reta/200p/cut8_2205.pickle
62
COCO mAP: 0.8292738199234009
/home/wxz/Documents/pickle/reta/200p/cut4_1441.pickle
63
COCO mAP: 0.6212107539176941
/home/wxz/Documents/pickle/reta/200p/cut6_2753.pickle
64
COCO mAP: 0.66939377784729
/home/wxz/Documents/pickle/reta/200p/cut2_7039.pickle
65
COCO mAP: 0.687295138835907
/home/wxz/Documents/pickle/reta/200p/cut7_1351.pickle
66
COCO mAP: 0.6208630204200745
/home/wxz/Documents/pickle/reta/200p/cut8_3703.pickle
67
COCO mAP: 0.7625666856765747
/home/wxz/Documents/pickle/reta/200p/cut9_5841.pickle
68
COCO mAP: 0.7967084050178528
/home/wxz/Documents/pickle/reta/200p/cut9_817.pickle
69
COCO mAP: 0.46942561864852905
/home/wxz/Documents/pickle/reta/200p/cut2_1381.pickle
70
COCO mAP: 0.16944532096385956
/home/wxz/Documents/pickle/reta/200p/cut6_433.pickle
71
COCO mAP: 0.8326231241226196
/home/wxz/Documents/pickle/reta/200p/cut4_7456.pickle
72
COCO mAP: 0.7672659754753113
/home/wxz/Documents/pickle/reta/200p/cut2_7913.pickle
73
COCO mAP: 0.7302495241165161
/home/wxz/Documents/pickle/reta/200p/cut5_3345.pickle
74
COCO mAP: 0.5106288194656372
/home/wxz/Documents/pickle/reta/200p/cut2_1910.pickle
75
COCO mAP: 0.8218255043029785
/home/wxz/Documents/pickle/reta/200p/cut1_4227.pickle
76
COCO mAP: 0.8376884460449219
/home/wxz/Documents/pickle/reta/200p/cut5_4305.pickle
77
COCO mAP: 0.47925668954849243
/home/wxz/Documents/pickle/reta/200p/cut8_5228.pickle
78
COCO mAP: 0.6857395768165588
/home/wxz/Documents/pickle/reta/200p/cut3_913.pickle
79
COCO mAP: 0.4827486574649811
/home/wxz/Documents/pickle/reta/200p/cut1_5283.pickle
80
COCO mAP: 0.8080488443374634
/home/wxz/Documents/pickle/reta/200p/cut4_2501.pickle
81
COCO mAP: 0.7541629672050476
/home/wxz/Documents/pickle/reta/200p/cut5_6737.pickle
82
COCO mAP: 0.5103052258491516
/home/wxz/Documents/pickle/reta/200p/cut5_753.pickle
83
COCO mAP: 0.5028697848320007
/home/wxz/Documents/pickle/reta/200p/cut7_145.pickle
84
COCO mAP: 0.819713294506073
/home/wxz/Documents/pickle/reta/200p/cut6_8677.pickle
85
COCO mAP: 0.7105599641799927
/home/wxz/Documents/pickle/reta/200p/cut6_6648.pickle
86
COCO mAP: 0.8725083470344543
/home/wxz/Documents/pickle/reta/200p/cut2_1243.pickle
87
COCO mAP: 0.6344611048698425
/home/wxz/Documents/pickle/reta/200p/cut4_8428.pickle
88
COCO mAP: 0.7691739797592163
/home/wxz/Documents/pickle/reta/200p/cut8_2611.pickle
89
COCO mAP: 0.018774915486574173
/home/wxz/Documents/pickle/reta/200p/cut1_7989.pickle
90
COCO mAP: 0.11127442121505737
/home/wxz/Documents/pickle/reta/200p/cut8_6600.pickle
91
COCO mAP: 0.7952378988265991
/home/wxz/Documents/pickle/reta/200p/cut2_1542.pickle
92
COCO mAP: 0.879706859588623
/home/wxz/Documents/pickle/reta/200p/cut1_8224.pickle
93
COCO mAP: 0.40856409072875977
/home/wxz/Documents/pickle/reta/200p/cut2_8419.pickle
94
COCO mAP: 0.37147805094718933
/home/wxz/Documents/pickle/reta/200p/cut6_7260.pickle
95
COCO mAP: 0.7771331071853638
/home/wxz/Documents/pickle/reta/200p/cut4_4421.pickle
96
COCO mAP: 0.6390000581741333
/home/wxz/Documents/pickle/reta/200p/cut1_4843.pickle
97
COCO mAP: 0.8434914350509644
/home/wxz/Documents/pickle/reta/200p/cut1_6508.pickle
98
COCO mAP: 0.3431587219238281
/home/wxz/Documents/pickle/reta/200p/cut2_2278.pickle
99
COCO mAP: 0.39705690741539
/home/wxz/Documents/pickle/reta/200p/cut6_7005.pickle
100
COCO mAP: 0.46309083700180054
/home/wxz/Documents/pickle/reta/200p/cut5_8257.pickle
101
COCO mAP: 0.47924575209617615
/home/wxz/Documents/pickle/reta/200p/cut3_1905.pickle
102
COCO mAP: 0.5481232404708862
/home/wxz/Documents/pickle/reta/200p/cut5_4113.pickle
103
COCO mAP: 0.3306770920753479
/home/wxz/Documents/pickle/reta/200p/cut8_3311.pickle
104
COCO mAP: 0.3784140348434448
/home/wxz/Documents/pickle/reta/200p/cut7_4005.pickle
105
COCO mAP: 0.7323800325393677
/home/wxz/Documents/pickle/reta/200p/cut5_1905.pickle
106
COCO mAP: 0.6367400288581848
/home/wxz/Documents/pickle/reta/200p/cut5_6353.pickle
107
COCO mAP: 0.5021524429321289
/home/wxz/Documents/pickle/reta/200p/cut3_8609.pickle
108
COCO mAP: 0.8325048685073853
/home/wxz/Documents/pickle/reta/200p/cut6_2289.pickle
109
COCO mAP: 0.6405214071273804
/home/wxz/Documents/pickle/reta/200p/cut2_4532.pickle
110
COCO mAP: 0.7992302179336548
/home/wxz/Documents/pickle/reta/200p/cut2_3313.pickle
111
COCO mAP: 0.6633229851722717
/home/wxz/Documents/pickle/reta/200p/cut2_4210.pickle
112
COCO mAP: 0.6178479790687561
/home/wxz/Documents/pickle/reta/200p/cut4_981.pickle
113
COCO mAP: 0.7582758665084839
/home/wxz/Documents/pickle/reta/200p/cut8_2527.pickle
114
COCO mAP: 0.31885820627212524
/home/wxz/Documents/pickle/reta/200p/cut5_1185.pickle
115
COCO mAP: 0.65883868932724
/home/wxz/Documents/pickle/reta/200p/cut8_6432.pickle
116
COCO mAP: 0.6864608526229858
/home/wxz/Documents/pickle/reta/200p/cut6_3857.pickle
117
COCO mAP: 0.418815553188324
/home/wxz/Documents/pickle/reta/200p/cut7_8525.pickle
118
COCO mAP: 0.7192583680152893
/home/wxz/Documents/pickle/reta/200p/cut6_1073.pickle
119
COCO mAP: 0.48889675736427307
/home/wxz/Documents/pickle/reta/200p/cut8_3409.pickle
120
COCO mAP: 0.6530207395553589
/home/wxz/Documents/pickle/reta/200p/cut2_714.pickle
121
COCO mAP: 0.3864421248435974
/home/wxz/Documents/pickle/reta/200p/cut5_7457.pickle
122
COCO mAP: 0.5382363200187683
/home/wxz/Documents/pickle/reta/200p/cut1_3262.pickle
123
COCO mAP: 0.560224175453186
/home/wxz/Documents/pickle/reta/200p/cut4_4301.pickle
124
COCO mAP: 0.6196475028991699
/home/wxz/Documents/pickle/reta/200p/cut4_3121.pickle
125
COCO mAP: 0.7634277939796448
/home/wxz/Documents/pickle/reta/200p/cut7_3905.pickle
126
COCO mAP: 0.6682267785072327
/home/wxz/Documents/pickle/reta/200p/cut6_4513.pickle
127
COCO mAP: 0.5963133573532104
/home/wxz/Documents/pickle/reta/200p/cut2_4693.pickle
128
COCO mAP: 0.8882464170455933
/home/wxz/Documents/pickle/reta/200p/cut9_3137.pickle
129
COCO mAP: 0.38993123173713684
/home/wxz/Documents/pickle/reta/200p/cut4_5201.pickle
130
COCO mAP: 0.7555042505264282
/home/wxz/Documents/pickle/reta/200p/cut8_8714.pickle
131
COCO mAP: 0.2624232769012451
/home/wxz/Documents/pickle/reta/200p/cut4_5701.pickle
132
COCO mAP: 0.4678010046482086
/home/wxz/Documents/pickle/reta/200p/cut6_3521.pickle
133
COCO mAP: 0.7005029320716858
/home/wxz/Documents/pickle/reta/200p/cut2_3221.pickle
134
COCO mAP: 0.717983603477478
/home/wxz/Documents/pickle/reta/200p/cut1_604.pickle
135
COCO mAP: 0.5412481427192688
/home/wxz/Documents/pickle/reta/200p/cut6_4305.pickle
136
COCO mAP: 0.7436339855194092
/home/wxz/Documents/pickle/reta/200p/cut9_4305.pickle
137
COCO mAP: 0.6851605772972107
/home/wxz/Documents/pickle/reta/200p/cut3_4545.pickle
138
COCO mAP: 0.9176585078239441
/home/wxz/Documents/pickle/reta/200p/cut8_800.pickle
139
COCO mAP: 0.6356083750724792
/home/wxz/Documents/pickle/reta/200p/cut5_1809.pickle
140
COCO mAP: 0.563332736492157
/home/wxz/Documents/pickle/reta/200p/cut7_1963.pickle
141
COCO mAP: 0.6780771017074585
/home/wxz/Documents/pickle/reta/200p/cut7_7345.pickle
142
COCO mAP: 0.5669296383857727
/home/wxz/Documents/pickle/reta/200p/cut3_1217.pickle
143
COCO mAP: 0.4661974310874939
/home/wxz/Documents/pickle/reta/200p/cut3_6769.pickle
144
COCO mAP: 0.6963768005371094
/home/wxz/Documents/pickle/reta/200p/cut1_2110.pickle
145
COCO mAP: 0.5575006604194641
/home/wxz/Documents/pickle/reta/200p/cut1_112.pickle
146
COCO mAP: 0.3829215168952942
/home/wxz/Documents/pickle/reta/200p/cut2_5337.pickle
147
COCO mAP: 0.7839206457138062
/home/wxz/Documents/pickle/reta/200p/cut1_430.pickle
148
COCO mAP: 0.15358728170394897
/home/wxz/Documents/pickle/reta/200p/cut2_1496.pickle
149
COCO mAP: 0.7532215714454651
/home/wxz/Documents/pickle/reta/200p/cut4_1201.pickle
150
COCO mAP: 0.8427287936210632
/home/wxz/Documents/pickle/reta/200p/cut6_4145.pickle
151
COCO mAP: 0.41116413474082947
/home/wxz/Documents/pickle/reta/200p/cut2_8005.pickle
152
COCO mAP: 0.6314623355865479
/home/wxz/Documents/pickle/reta/200p/cut9_4113.pickle
153
COCO mAP: 0.4358444809913635
/home/wxz/Documents/pickle/reta/200p/cut2_3842.pickle
154
COCO mAP: 0.4821140170097351
/home/wxz/Documents/pickle/reta/200p/cut8_1000.pickle
155
COCO mAP: 0.4455993175506592
/home/wxz/Documents/pickle/reta/200p/cut6_1297.pickle
156
COCO mAP: 0.637204110622406
/home/wxz/Documents/pickle/reta/200p/cut4_6646.pickle
157
COCO mAP: 0.7923294305801392
/home/wxz/Documents/pickle/reta/200p/cut7_6825.pickle
158
COCO mAP: 0.7739081382751465
/home/wxz/Documents/pickle/reta/200p/cut5_7873.pickle
159
COCO mAP: 0.7326075434684753
/home/wxz/Documents/pickle/reta/200p/cut6_7309.pickle
160
COCO mAP: 0.7950457334518433
/home/wxz/Documents/pickle/reta/200p/cut3_3953.pickle
161
COCO mAP: 0.7699756026268005
/home/wxz/Documents/pickle/reta/200p/cut7_5745.pickle
162
COCO mAP: 0.6667114496231079
/home/wxz/Documents/pickle/reta/200p/cut7_2705.pickle
163
COCO mAP: 0.6505810022354126
/home/wxz/Documents/pickle/reta/200p/cut2_5245.pickle
164
COCO mAP: 0.5786720514297485
/home/wxz/Documents/pickle/reta/200p/cut9_4401.pickle
165
COCO mAP: 0.5497093796730042
/home/wxz/Documents/pickle/reta/200p/cut6_4049.pickle
166
COCO mAP: 0.7501282691955566
/home/wxz/Documents/pickle/reta/200p/cut3_2113.pickle
167
COCO mAP: 0.8246696591377258
/home/wxz/Documents/pickle/reta/200p/cut5_3009.pickle
168
COCO mAP: 0.7668081521987915
/home/wxz/Documents/pickle/reta/200p/cut1_517.pickle
169
COCO mAP: 0.733502209186554
/home/wxz/Documents/pickle/reta/200p/cut5_6449.pickle
170
COCO mAP: 0.39511817693710327
/home/wxz/Documents/pickle/reta/200p/cut3_1521.pickle
171
COCO mAP: 0.48243874311447144
/home/wxz/Documents/pickle/reta/200p/cut5_2001.pickle
172
COCO mAP: 0.5159541964530945
/home/wxz/Documents/pickle/reta/200p/cut4_641.pickle
173
COCO mAP: 0.7462283968925476
/home/wxz/Documents/pickle/reta/200p/cut2_5475.pickle
174
COCO mAP: 0.6081237196922302
/home/wxz/Documents/pickle/reta/200p/cut7_241.pickle
175
COCO mAP: 0.555171012878418
/home/wxz/Documents/pickle/reta/200p/cut3_6385.pickle
176
COCO mAP: 0.7108999490737915
/home/wxz/Documents/pickle/reta/200p/cut1_5019.pickle
177
COCO mAP: 0.7442585229873657
/home/wxz/Documents/pickle/reta/200p/cut1_1934.pickle
178
COCO mAP: 0.3733101487159729
/home/wxz/Documents/pickle/reta/200p/cut6_2513.pickle
179
COCO mAP: 0.7661174535751343
/home/wxz/Documents/pickle/reta/200p/cut7_5105.pickle
180
COCO mAP: 0.7185693383216858
/home/wxz/Documents/pickle/reta/200p/cut7_8005.pickle
181
COCO mAP: 0.6435661315917969
/home/wxz/Documents/pickle/reta/200p/cut8_6236.pickle
182
COCO mAP: 0.7778462171554565
/home/wxz/Documents/pickle/reta/200p/cut8_113.pickle
183
COCO mAP: 0.616432785987854
/home/wxz/Documents/pickle/reta/200p/cut9_5953.pickle
184
COCO mAP: 0.8520738482475281
/home/wxz/Documents/pickle/reta/200p/cut9_2705.pickle
185
COCO mAP: 0.6326199173927307
/home/wxz/Documents/pickle/reta/200p/cut9_3521.pickle
186
COCO mAP: 0.7072831392288208
/home/wxz/Documents/pickle/reta/200p/cut7_5345.pickle
187
COCO mAP: 0.630924642086029
/home/wxz/Documents/pickle/reta/200p/cut8_4207.pickle
188
COCO mAP: 0.811504065990448
/home/wxz/Documents/pickle/reta/200p/cut7_5865.pickle
189
COCO mAP: 0.6136236786842346
/home/wxz/Documents/pickle/reta/200p/cut2_4003.pickle
190
COCO mAP: 0.7691136598587036
/home/wxz/Documents/pickle/reta/200p/cut1_1758.pickle
191
COCO mAP: 0.11001614481210709
/home/wxz/Documents/pickle/reta/200p/cut7_561.pickle
192
COCO mAP: 0.7316346764564514
/home/wxz/Documents/pickle/reta/200p/cut3_1121.pickle
193
COCO mAP: 0.5590943098068237
/home/wxz/Documents/pickle/reta/200p/cut8_6838.pickle
194
COCO mAP: 0.7443912625312805
/home/wxz/Documents/pickle/reta/200p/cut3_8321.pickle
195
COCO mAP: 0.7497960329055786
/home/wxz/Documents/pickle/reta/200p/cut7_3125.pickle
196
COCO mAP: 0.8299179077148438
/home/wxz/Documents/pickle/reta/200p/cut3_4641.pickle
197
COCO mAP: 0.6270231604576111
/home/wxz/Documents/pickle/reta/200p/cut8_1435.pickle
198
COCO mAP: 0.8674790263175964
/home/wxz/Documents/pickle/reta/200p/cut1_1671.pickle
199
COCO mAP: 0.3188633322715759
/home/wxz/Documents/pickle/reta/200p/cut6_5713.pickle
200
COCO mAP: 0.7919503450393677
/home/wxz/Documents/pickle/reta/200p/cut4_4041.pickle
201
COCO mAP: 0.5010523200035095
/home/wxz/Documents/pickle/reta/200p/cut4_5801.pickle
202
COCO mAP: 0.8284777402877808
/home/wxz/Documents/pickle/reta/200p/cut3_6289.pickle
203
COCO mAP: 0.7091705203056335
/home/wxz/Documents/pickle/reta/200p/cut9_1.pickle
204
COCO mAP: 0.0722259134054184
/home/wxz/Documents/pickle/reta/200p/cut3_2833.pickle
205
COCO mAP: 0.5284786820411682
/home/wxz/Documents/pickle/reta/200p/cut5_2305.pickle
206
COCO mAP: 0.20577183365821838
/home/wxz/Documents/pickle/reta/200p/cut9_2417.pickle
207
COCO mAP: 0.6648935079574585
/home/wxz/Documents/pickle/reta/200p/cut2_4463.pickle
208
COCO mAP: 0.7984774708747864
/home/wxz/Documents/pickle/reta/200p/cut5_8161.pickle
209
COCO mAP: 0.42953595519065857
/home/wxz/Documents/pickle/reta/200p/cut1_3611.pickle
210
COCO mAP: 0.7194373607635498
/home/wxz/Documents/pickle/reta/200p/cut4_4601.pickle
211
COCO mAP: 0.37138232588768005
/home/wxz/Documents/pickle/reta/200p/cut4_8536.pickle
212
COCO mAP: 0.6846743226051331
/home/wxz/Documents/pickle/reta/200p/cut6_337.pickle
213
COCO mAP: 0.863714337348938
/home/wxz/Documents/pickle/reta/200p/cut6_7543.pickle
214
COCO mAP: 0.7845406532287598
/home/wxz/Documents/pickle/reta/200p/cut2_1818.pickle
215
COCO mAP: 0.6687222123146057
/home/wxz/Documents/pickle/reta/200p/cut4_5021.pickle
216
COCO mAP: 0.801287829875946
/home/wxz/Documents/pickle/reta/200p/cut4_7564.pickle
217
COCO mAP: 0.7614785432815552
/home/wxz/Documents/pickle/reta/200p/cut4_5461.pickle
218
COCO mAP: 0.2764565944671631
/home/wxz/Documents/pickle/reta/200p/cut8_7930.pickle
219
COCO mAP: 0.6105300188064575
/home/wxz/Documents/pickle/reta/200p/cut5_7361.pickle
220
COCO mAP: 0.6856657862663269
/home/wxz/Documents/pickle/reta/200p/cut6_1809.pickle
221
COCO mAP: 0.7145403623580933
/home/wxz/Documents/pickle/reta/200p/cut5_337.pickle
222
COCO mAP: 0.7631831765174866
/home/wxz/Documents/pickle/reta/200p/cut7_3785.pickle
223
COCO mAP: 0.7119543552398682
/home/wxz/Documents/pickle/reta/200p/cut2_231.pickle
224
COCO mAP: 0.8366209864616394
/home/wxz/Documents/pickle/reta/200p/cut9_5265.pickle
225
COCO mAP: 0.6317126154899597
/home/wxz/Documents/pickle/reta/200p/cut7_6065.pickle
226
COCO mAP: 0.6357550621032715
/home/wxz/Documents/pickle/reta/200p/cut3_6673.pickle
227
COCO mAP: 0.37358471751213074
/home/wxz/Documents/pickle/reta/200p/cut7_1585.pickle
228
COCO mAP: 0.7787404656410217
/home/wxz/Documents/pickle/reta/200p/cut1_4051.pickle
229
COCO mAP: 0.8271096348762512
/home/wxz/Documents/pickle/reta/200p/cut4_1081.pickle
230
COCO mAP: 0.7816904187202454
/home/wxz/Documents/pickle/reta/200p/cut2_5682.pickle
231
COCO mAP: 0.7067743539810181
/home/wxz/Documents/pickle/reta/200p/cut7_5225.pickle
232
COCO mAP: 0.6606873273849487
/home/wxz/Documents/pickle/reta/200p/cut7_6405.pickle
233
COCO mAP: 0.8230606317520142
/home/wxz/Documents/pickle/reta/200p/cut8_7230.pickle
234
COCO mAP: 0.5745458006858826
/home/wxz/Documents/pickle/reta/200p/cut6_3953.pickle
235
COCO mAP: 0.7185445427894592
/home/wxz/Documents/pickle/reta/200p/cut6_1393.pickle
236
COCO mAP: 0.7482606172561646
/home/wxz/Documents/pickle/reta/200p/cut1_1053.pickle
237
COCO mAP: 0.048165060579776764
/home/wxz/Documents/pickle/reta/200p/cut1_1228.pickle
238
COCO mAP: 0.6485791206359863
/home/wxz/Documents/pickle/reta/200p/cut4_8644.pickle
239
COCO mAP: 0.6988400220870972
/home/wxz/Documents/pickle/reta/200p/cut6_3713.pickle
240
COCO mAP: 0.7631101012229919
/home/wxz/Documents/pickle/reta/200p/cut1_4315.pickle
241
COCO mAP: 0.8130448460578918
/home/wxz/Documents/pickle/reta/200p/cut2_7177.pickle
242
COCO mAP: 0.6805387735366821
/home/wxz/Documents/pickle/reta/200p/cut6_2849.pickle
243
COCO mAP: 0.7665546536445618
/home/wxz/Documents/pickle/reta/200p/cut6_6036.pickle
244
COCO mAP: 0.7687704563140869
/home/wxz/Documents/pickle/reta/200p/cut7_385.pickle
245
COCO mAP: 0.7406537532806396
/home/wxz/Documents/pickle/reta/200p/cut1_4501.pickle
246
COCO mAP: 0.7809865474700928
/home/wxz/Documents/pickle/reta/200p/cut3_5505.pickle
247
COCO mAP: 0.6914826035499573
/home/wxz/Documents/pickle/reta/200p/cut3_8993.pickle
248
COCO mAP: 0.5801011919975281
/home/wxz/Documents/pickle/reta/200p/cut3_8225.pickle
249
COCO mAP: 0.8351737260818481
/home/wxz/Documents/pickle/reta/200p/cut1_7754.pickle
250
COCO mAP: 0.6644466519355774
/home/wxz/Documents/pickle/reta/200p/cut3_3073.pickle
251
COCO mAP: 0.7433142066001892
/home/wxz/Documents/pickle/reta/200p/cut1_1404.pickle
252
COCO mAP: 0.29436004161834717
/home/wxz/Documents/pickle/reta/200p/cut7_6505.pickle
253
COCO mAP: 0.6746057868003845
/home/wxz/Documents/pickle/reta/200p/cut4_6021.pickle
254
COCO mAP: 0.7444099187850952
/home/wxz/Documents/pickle/reta/200p/cut4_821.pickle
255
COCO mAP: 0.8092673420906067
/home/wxz/Documents/pickle/reta/200p/cut9_5361.pickle
256
COCO mAP: 0.6935908198356628
/home/wxz/Documents/pickle/reta/200p/cut1_7139.pickle
257
COCO mAP: 0.12149928510189056
/home/wxz/Documents/pickle/reta/200p/cut8_3829.pickle
258
COCO mAP: 0.33141863346099854
/home/wxz/Documents/pickle/reta/200p/cut1_8114.pickle
259
COCO mAP: 0.6522272825241089
/home/wxz/Documents/pickle/reta/200p/cut3_6961.pickle
260
COCO mAP: 0.7818624973297119
/home/wxz/Documents/pickle/reta/200p/cut5_4209.pickle
261
COCO mAP: 0.25118595361709595
/home/wxz/Documents/pickle/reta/200p/cut1_7004.pickle
262
COCO mAP: 0.26039552688598633
/home/wxz/Documents/pickle/reta/200p/cut5_5809.pickle
263
COCO mAP: 0.18188472092151642
/home/wxz/Documents/pickle/reta/200p/cut1_7524.pickle
264
COCO mAP: 0.5615073442459106
/home/wxz/Documents/pickle/reta/200p/cut8_3507.pickle
265
COCO mAP: 0.7226162552833557
/home/wxz/Documents/pickle/reta/200p/cut8_6922.pickle
266
COCO mAP: 0.6227582693099976
/home/wxz/Documents/pickle/reta/200p/cut1_4758.pickle
267
COCO mAP: 0.7918583154678345
/home/wxz/Documents/pickle/reta/200p/cut7_2965.pickle
268
COCO mAP: 0.7869890332221985
/home/wxz/Documents/pickle/reta/200p/cut1_6332.pickle
269
COCO mAP: 0.6901124715805054
/home/wxz/Documents/pickle/reta/200p/cut3_337.pickle
270
COCO mAP: 0.1092628464102745
/home/wxz/Documents/pickle/reta/200p/cut8_4123.pickle
271
COCO mAP: 0.7084095478057861
/home/wxz/Documents/pickle/reta/200p/cut7_3845.pickle
272
COCO mAP: 0.6821325421333313
/home/wxz/Documents/pickle/reta/200p/cut3_7201.pickle
273
COCO mAP: 0.5145857334136963
/home/wxz/Documents/pickle/reta/200p/cut9_3425.pickle
274
COCO mAP: 0.3293183743953705
/home/wxz/Documents/pickle/reta/200p/cut5_8449.pickle
275
COCO mAP: 0.4316376745700836
/home/wxz/Documents/pickle/reta/200p/cut2_2094.pickle
276
COCO mAP: 0.7997087836265564
/home/wxz/Documents/pickle/reta/200p/cut4_1321.pickle
277
COCO mAP: 0.6004910469055176
/home/wxz/Documents/pickle/reta/200p/cut8_5704.pickle
278
COCO mAP: 0.7476667165756226
/home/wxz/Documents/pickle/reta/200p/cut9_2609.pickle
279
COCO mAP: 0.44710150361061096
/home/wxz/Documents/pickle/reta/200p/cut4_6754.pickle
280
COCO mAP: 0.5464104413986206
/home/wxz/Documents/pickle/reta/200p/cut3_2929.pickle
281
COCO mAP: 0.5192567706108093
/home/wxz/Documents/pickle/reta/200p/cut2_4141.pickle
282
COCO mAP: 0.8314725160598755
/home/wxz/Documents/pickle/reta/200p/cut6_3233.pickle
283
COCO mAP: 0.7431294322013855
/home/wxz/Documents/pickle/reta/200p/cut3_6481.pickle
284
COCO mAP: 0.71458500623703
/home/wxz/Documents/pickle/reta/200p/cut7_2525.pickle
285
COCO mAP: 0.4789368510246277
/home/wxz/Documents/pickle/reta/200p/cut8_1337.pickle
286
COCO mAP: 0.8186162710189819
/home/wxz/Documents/pickle/reta/200p/cut7_1693.pickle
287
COCO mAP: 0.6454759836196899
/home/wxz/Documents/pickle/reta/200p/cut5_561.pickle
288
COCO mAP: 0.45999398827552795
/home/wxz/Documents/pickle/reta/200p/cut1_7314.pickle
289
COCO mAP: 0.1498681902885437
/home/wxz/Documents/pickle/reta/200p/cut4_6916.pickle
290
COCO mAP: 0.7535319328308105
/home/wxz/Documents/pickle/reta/200p/cut6_2145.pickle
291
COCO mAP: 0.6782374978065491
/home/wxz/Documents/pickle/reta/200p/cut5_193.pickle
292
COCO mAP: 0.6079074740409851
/home/wxz/Documents/pickle/reta/200p/cut6_8569.pickle
293
COCO mAP: 0.559791088104248
/home/wxz/Documents/pickle/reta/200p/cut5_5505.pickle
294
COCO mAP: 0.2583957016468048
/home/wxz/Documents/pickle/reta/200p/cut1_7254.pickle
295
COCO mAP: 0.25912266969680786
/home/wxz/Documents/pickle/reta/200p/cut2_2554.pickle
296
COCO mAP: 0.5144968032836914
/home/wxz/Documents/pickle/reta/200p/cut8_4039.pickle
297
COCO mAP: 0.5421900153160095
/home/wxz/Documents/pickle/reta/200p/cut9_3921.pickle
298
COCO mAP: 0.5589413046836853
/home/wxz/Documents/pickle/reta/200p/cut7_4505.pickle
299
COCO mAP: 0.840160071849823
/home/wxz/Documents/pickle/reta/200p/cut4_8992.pickle
300
COCO mAP: 0.33591657876968384
/home/wxz/Documents/pickle/reta/200p/cut6_4721.pickle
301
COCO mAP: 0.43664413690567017
/home/wxz/Documents/pickle/reta/200p/cut7_6945.pickle
302
COCO mAP: 0.7795487642288208
/home/wxz/Documents/pickle/reta/200p/cut2_3405.pickle
303
COCO mAP: 0.6894088983535767
/home/wxz/Documents/pickle/reta/200p/cut2_8672.pickle
304
COCO mAP: 0.6429811716079712
/home/wxz/Documents/pickle/reta/200p/cut1_3876.pickle
305
COCO mAP: 0.29676011204719543
/home/wxz/Documents/pickle/reta/200p/cut9_529.pickle
306
COCO mAP: 0.6226218342781067
/home/wxz/Documents/pickle/reta/200p/cut9_2945.pickle
307
COCO mAP: 0.4702909588813782
/home/wxz/Documents/pickle/reta/200p/cut4_3561.pickle
308
COCO mAP: 0.3812243342399597
/home/wxz/Documents/pickle/reta/200p/cut4_6574.pickle
309
COCO mAP: 0.517932116985321
/home/wxz/Documents/pickle/reta/200p/cut9_2129.pickle
310
COCO mAP: 0.6624250411987305
/home/wxz/Documents/pickle/reta/200p/cut9_2513.pickle
311
COCO mAP: 0.539916455745697
/home/wxz/Documents/pickle/reta/200p/cut3_3441.pickle
312
COCO mAP: 0.7169957756996155
/home/wxz/Documents/pickle/reta/200p/cut3_7409.pickle
313
COCO mAP: 0.6724206209182739
/home/wxz/Documents/pickle/reta/200p/cut7_1201.pickle
314
COCO mAP: 0.591884434223175
/home/wxz/Documents/pickle/reta/200p/cut2_1772.pickle
315
COCO mAP: 0.7600494027137756
/home/wxz/Documents/pickle/reta/200p/cut1_966.pickle
316
COCO mAP: 0.3626517057418823
/home/wxz/Documents/pickle/reta/200p/cut1_2732.pickle
317
COCO mAP: 0.012643535621464252
/home/wxz/Documents/pickle/reta/200p/cut7_8405.pickle
318
COCO mAP: 0.35903075337409973
/home/wxz/Documents/pickle/reta/200p/cut3_257.pickle
319
COCO mAP: 0.7709766030311584
/home/wxz/Documents/pickle/reta/200p/cut9_6241.pickle
320
COCO mAP: 0.6240284442901611
/home/wxz/Documents/pickle/reta/200p/cut1_3964.pickle
321
COCO mAP: 0.5719469785690308
/home/wxz/Documents/pickle/reta/200p/cut7_7885.pickle
322
COCO mAP: 0.4775661826133728
/home/wxz/Documents/pickle/reta/200p/cut5_4785.pickle
323
COCO mAP: 0.4585208296775818
/home/wxz/Documents/pickle/reta/200p/cut4_1141.pickle
324
COCO mAP: 0.1300632208585739
/home/wxz/Documents/pickle/reta/200p/cut6_4913.pickle
325
COCO mAP: 0.7215408682823181
/home/wxz/Documents/pickle/reta/200p/cut4_2441.pickle
326
COCO mAP: 0.8027427792549133
/home/wxz/Documents/pickle/reta/200p/cut1_2645.pickle
327
COCO mAP: 0.05151568725705147
/home/wxz/Documents/pickle/reta/200p/cut9_5025.pickle
328
COCO mAP: 0.49651408195495605
/home/wxz/Documents/pickle/reta/200p/cut7_7605.pickle
329
COCO mAP: 0.5626593828201294
/home/wxz/Documents/pickle/reta/200p/cut3_1329.pickle
330
COCO mAP: 0.45748457312583923
/home/wxz/Documents/pickle/reta/200p/cut3_1025.pickle
331
COCO mAP: 0.5634812712669373
/home/wxz/Documents/pickle/reta/200p/cut7_8325.pickle
332
COCO mAP: 0.42697063088417053
/home/wxz/Documents/pickle/reta/200p/cut5_8065.pickle
333
COCO mAP: 0.43098002672195435
/home/wxz/Documents/pickle/reta/200p/cut1_3002.pickle
334
COCO mAP: 0.11643564701080322
/home/wxz/Documents/pickle/reta/200p/cut7_2645.pickle
335
COCO mAP: 0.3239397406578064
/home/wxz/Documents/pickle/reta/200p/cut7_1265.pickle
336
COCO mAP: 0.6355298757553101
/home/wxz/Documents/pickle/reta/200p/cut8_702.pickle
337
COCO mAP: 0.7731562852859497
/home/wxz/Documents/pickle/reta/200p/cut8_7006.pickle
338
COCO mAP: 0.8371137380599976
/home/wxz/Documents/pickle/reta/200p/cut5_7633.pickle
339
COCO mAP: 0.848974883556366
/home/wxz/Documents/pickle/reta/200p/cut4_8104.pickle
340
COCO mAP: 0.7895175218582153
/home/wxz/Documents/pickle/reta/200p/cut5_8737.pickle
341
COCO mAP: 0.8617957234382629
/home/wxz/Documents/pickle/reta/200p/cut3_1713.pickle
342
COCO mAP: 0.4557517468929291
/home/wxz/Documents/pickle/reta/200p/cut3_5713.pickle
343
COCO mAP: 0.8459871411323547
/home/wxz/Documents/pickle/reta/200p/cut4_5601.pickle
344
COCO mAP: 0.844007134437561
/home/wxz/Documents/pickle/reta/200p/cut1_5889.pickle
345
COCO mAP: 0.8028393983840942
/home/wxz/Documents/pickle/reta/200p/cut9_913.pickle
346
COCO mAP: 0.49102893471717834
/home/wxz/Documents/pickle/reta/200p/cut5_6833.pickle
347
COCO mAP: 0.17541195452213287
/home/wxz/Documents/pickle/reta/200p/cut6_721.pickle
348
COCO mAP: 0.7054816484451294
/home/wxz/Documents/pickle/reta/200p/cut3_7841.pickle
349
COCO mAP: 0.23390701413154602
/home/wxz/Documents/pickle/reta/200p/cut7_7065.pickle
350
COCO mAP: 0.4226089417934418
/home/wxz/Documents/pickle/reta/200p/cut3_7057.pickle
351
COCO mAP: 0.7375386357307434
/home/wxz/Documents/pickle/reta/200p/cut4_7780.pickle
352
COCO mAP: 0.6949914693832397
/home/wxz/Documents/pickle/reta/200p/cut4_2621.pickle
353
COCO mAP: 0.6732019186019897
/home/wxz/Documents/pickle/reta/200p/cut5_7537.pickle
354
COCO mAP: 0.7641183733940125
/home/wxz/Documents/pickle/reta/200p/cut5_8641.pickle
355
COCO mAP: 0.667892336845398
/home/wxz/Documents/pickle/reta/200p/cut8_3955.pickle
356
COCO mAP: 0.8664681315422058
/home/wxz/Documents/pickle/reta/200p/cut2_1634.pickle
357
COCO mAP: 0.6608556509017944
/home/wxz/Documents/pickle/reta/200p/cut5_1425.pickle
358
COCO mAP: 0.6520379185676575
/home/wxz/Documents/pickle/reta/200p/cut1_8939.pickle
359
COCO mAP: 0.9098917245864868
/home/wxz/Documents/pickle/reta/200p/cut2_2922.pickle
360
COCO mAP: 0.7517849206924438
/home/wxz/Documents/pickle/reta/200p/cut8_7328.pickle
361
COCO mAP: 0.5034066438674927
/home/wxz/Documents/pickle/reta/200p/cut8_2821.pickle
362
COCO mAP: 0.6322608590126038
/home/wxz/Documents/pickle/reta/200p/cut8_5312.pickle
363
COCO mAP: 0.8652535676956177
/home/wxz/Documents/pickle/reta/200p/cut1_1140.pickle
364
COCO mAP: 0.6093340516090393
/home/wxz/Documents/pickle/reta/200p/cut4_2721.pickle
365
COCO mAP: 0.8014897108078003
/home/wxz/Documents/pickle/reta/200p/cut7_481.pickle
366
COCO mAP: 0.7920129299163818
/home/wxz/Documents/pickle/reta/200p/cut7_8105.pickle
367
COCO mAP: 0.5605770945549011
/home/wxz/Documents/pickle/reta/200p/cut8_6726.pickle
368
COCO mAP: 0.7664168477058411
/home/wxz/Documents/pickle/reta/200p/cut5_289.pickle
369
COCO mAP: 0.585910439491272
/home/wxz/Documents/pickle/reta/200p/cut9_1601.pickle
370
COCO mAP: 0.7502998113632202
/home/wxz/Documents/pickle/reta/200p/cut9_1409.pickle
371
COCO mAP: 0.6516937017440796
/home/wxz/Documents/pickle/reta/200p/cut9_1201.pickle
372
COCO mAP: 0.5635379552841187
/home/wxz/Documents/pickle/reta/200p/cut5_6257.pickle
373
COCO mAP: 0.6958096027374268
/home/wxz/Documents/pickle/reta/200p/cut9_625.pickle
374
COCO mAP: 0.7436476945877075
/home/wxz/Documents/pickle/reta/200p/cut8_8462.pickle
375
COCO mAP: 0.8187137842178345
/home/wxz/Documents/pickle/reta/200p/cut8_8014.pickle
376
COCO mAP: 0.7127025127410889
/home/wxz/Documents/pickle/reta/200p/cut3_5409.pickle
377
COCO mAP: 0.5439226627349854
/home/wxz/Documents/pickle/reta/200p/cut2_507.pickle
378
COCO mAP: 0.5701534748077393
/home/wxz/Documents/pickle/reta/200p/cut2_2485.pickle
379
COCO mAP: 0.11943695694208145
/home/wxz/Documents/pickle/reta/200p/cut6_5313.pickle
380
COCO mAP: 0.7734875679016113
/home/wxz/Documents/pickle/reta/200p/cut3_3313.pickle
381
COCO mAP: 0.7473036050796509
/home/wxz/Documents/pickle/reta/200p/cut5_6545.pickle
382
COCO mAP: 0.7966974377632141
/home/wxz/Documents/pickle/reta/200p/cut3_5025.pickle
383
COCO mAP: 0.7101768255233765
/home/wxz/Documents/pickle/reta/200p/cut8_1113.pickle
384
COCO mAP: 0.6804183721542358
/home/wxz/Documents/pickle/reta/200p/cut3_8033.pickle
385
COCO mAP: 0.8417771458625793
/home/wxz/Documents/pickle/reta/200p/cut4_2841.pickle
386
COCO mAP: 0.7621340751647949
/home/wxz/Documents/pickle/reta/200p/cut3_5217.pickle
387
COCO mAP: 0.7161425352096558
/home/wxz/Documents/pickle/reta/200p/cut2_2715.pickle
388
COCO mAP: 0.540772557258606
/home/wxz/Documents/pickle/reta/200p/cut6_7453.pickle
389
COCO mAP: 0.6077595949172974
/home/wxz/Documents/pickle/reta/200p/cut6_817.pickle
390
COCO mAP: 0.7740129828453064
/home/wxz/Documents/pickle/reta/200p/cut3_2737.pickle
391
COCO mAP: 0.6022501587867737
/home/wxz/Documents/pickle/reta/200p/cut7_2885.pickle
392
COCO mAP: 0.3834420144557953
/home/wxz/Documents/pickle/reta/200p/cut5_3441.pickle
393
COCO mAP: 0.703633189201355
/home/wxz/Documents/pickle/reta/200p/cut1_7644.pickle
394
COCO mAP: 0.6948380470275879
/home/wxz/Documents/pickle/reta/200p/cut3_5809.pickle
395
COCO mAP: 0.6767407059669495
/home/wxz/Documents/pickle/reta/200p/cut8_7804.pickle
396
COCO mAP: 0.36281800270080566
/home/wxz/Documents/pickle/reta/200p/cut3_5601.pickle
397
COCO mAP: 0.6384493112564087
/home/wxz/Documents/pickle/reta/200p/cut5_7073.pickle
398
COCO mAP: 0.5530898571014404
/home/wxz/Documents/pickle/reta/200p/cut9_6305.pickle
399
COCO mAP: 0.7751508951187134
/home/wxz/Documents/pickle/reta/200p/cut3_8129.pickle
400
COCO mAP: 0.7613135576248169
/home/wxz/Documents/pickle/reta/200p/cut5_4545.pickle
401
COCO mAP: 0.13598909974098206
/home/wxz/Documents/pickle/reta/200p/cut7_3425.pickle
402
COCO mAP: 0.7686740159988403
/home/wxz/Documents/pickle/reta/200p/cut3_8513.pickle
403
COCO mAP: 0.7680255174636841
/home/wxz/Documents/pickle/reta/200p/cut8_506.pickle
404
COCO mAP: 0.30778050422668457
/home/wxz/Documents/pickle/reta/200p/cut2_5912.pickle
405
COCO mAP: 0.7316265106201172
/home/wxz/Documents/pickle/reta/200p/cut5_2545.pickle
406
COCO mAP: 0.7334319949150085
/home/wxz/Documents/pickle/reta/200p/cut3_4209.pickle
407
COCO mAP: 0.75907963514328
/home/wxz/Documents/pickle/reta/200p/cut6_8029.pickle
408
COCO mAP: 0.8573042154312134
/home/wxz/Documents/pickle/reta/200p/cut8_7510.pickle
409
COCO mAP: 0.5412200689315796
/home/wxz/Documents/pickle/reta/200p/cut3_2001.pickle
410
COCO mAP: 0.7735819816589355
/home/wxz/Documents/pickle/reta/200p/cut3_7937.pickle
411
COCO mAP: 0.6675368547439575
/home/wxz/Documents/pickle/reta/200p/cut3_705.pickle
412
COCO mAP: 0.9363598823547363
/home/wxz/Documents/pickle/reta/200p/cut4_2241.pickle
413
COCO mAP: 0.8145357370376587
/home/wxz/Documents/pickle/reta/200p/cut2_7522.pickle
414
COCO mAP: 0.8334318399429321
/home/wxz/Documents/pickle/reta/200p/cut2_8879.pickle
415
COCO mAP: 0.43600335717201233
/home/wxz/Documents/pickle/reta/200p/cut9_4017.pickle
416
COCO mAP: 0.3945113718509674
/home/wxz/Documents/pickle/reta/200p/cut3_3857.pickle
417
COCO mAP: 0.6532166600227356
/home/wxz/Documents/pickle/reta/200p/cut5_4641.pickle
418
COCO mAP: 0.2185356318950653
/home/wxz/Documents/pickle/reta/200p/cut4_7024.pickle
419
COCO mAP: 0.7295491695404053
/home/wxz/Documents/pickle/reta/200p/cut5_5713.pickle
420
COCO mAP: 0.4308543801307678
/home/wxz/Documents/pickle/reta/200p/cut5_1377.pickle
421
COCO mAP: 0.6038917899131775
/home/wxz/Documents/pickle/reta/200p/cut7_3545.pickle
422
COCO mAP: 0.6644831895828247
/home/wxz/Documents/pickle/reta/200p/cut5_3105.pickle
423
COCO mAP: 0.719136118888855
/home/wxz/Documents/pickle/reta/200p/cut1_4671.pickle
424
COCO mAP: 0.7273150682449341
/home/wxz/Documents/pickle/reta/200p/cut4_6293.pickle
425
COCO mAP: 0.6199182868003845
/home/wxz/Documents/pickle/reta/200p/cut9_2033.pickle
426
COCO mAP: 0.5336202383041382
/home/wxz/Documents/pickle/reta/200p/cut9_4913.pickle
427
COCO mAP: 0.22734224796295166
/home/wxz/Documents/pickle/reta/200p/cut5_1713.pickle
428
COCO mAP: 0.6682635545730591
/home/wxz/Documents/pickle/reta/200p/cut8_8602.pickle
429
COCO mAP: 0.7561794519424438
/home/wxz/Documents/pickle/reta/200p/cut1_2908.pickle
430
COCO mAP: 0.48170965909957886
/home/wxz/Documents/pickle/reta/200p/cut8_4431.pickle
431
COCO mAP: 0.8058193325996399
/home/wxz/Documents/pickle/reta/200p/cut3_1633.pickle
432
COCO mAP: 0.43211737275123596
/home/wxz/Documents/pickle/reta/200p/cut5_3633.pickle
433
COCO mAP: 0.4994082450866699
/home/wxz/Documents/pickle/reta/200p/cut3_609.pickle
434
COCO mAP: 0.8335214853286743
/home/wxz/Documents/pickle/reta/200p/cut3_417.pickle
435
COCO mAP: 0.7039581537246704
/home/wxz/Documents/pickle/reta/200p/cut2_3704.pickle
436
COCO mAP: 0.3515256941318512
/home/wxz/Documents/pickle/reta/200p/cut4_461.pickle
437
COCO mAP: 0.4604780673980713
/home/wxz/Documents/pickle/reta/200p/cut2_7361.pickle
438
COCO mAP: 0.7285357713699341
/home/wxz/Documents/pickle/reta/200p/cut8_1827.pickle
439
COCO mAP: 0.5402354001998901
/home/wxz/Documents/pickle/reta/200p/cut2_8603.pickle
440
COCO mAP: 0.6761628985404968
/home/wxz/Documents/pickle/reta/200p/cut8_2331.pickle
441
COCO mAP: 0.7744001746177673
/home/wxz/Documents/pickle/reta/200p/cut7_2145.pickle
442
COCO mAP: 0.7059465646743774
/home/wxz/Documents/pickle/reta/200p/cut9_6145.pickle
443
COCO mAP: 0.8093023300170898
/home/wxz/Documents/pickle/reta/200p/cut2_3106.pickle
444
COCO mAP: 0.8032788038253784
/home/wxz/Documents/pickle/reta/200p/cut3_6001.pickle
445
COCO mAP: 0.6781719923019409
/home/wxz/Documents/pickle/reta/200p/cut3_1809.pickle
446
COCO mAP: 0.3736010789871216
/home/wxz/Documents/pickle/reta/200p/cut1_8319.pickle
447
COCO mAP: 0.19243094325065613
/home/wxz/Documents/pickle/reta/200p/cut6_193.pickle
448
COCO mAP: 0.8279534578323364
/home/wxz/Documents/pickle/reta/200p/cut1_1846.pickle
449
COCO mAP: 0.1553185135126114
/home/wxz/Documents/pickle/reta/200p/cut6_8785.pickle
450
COCO mAP: 0.8772915601730347
/home/wxz/Documents/pickle/reta/200p/cut9_5409.pickle
451
COCO mAP: 0.8072291612625122
/home/wxz/Documents/pickle/reta/200p/cut5_657.pickle
452
COCO mAP: 0.7888361215591431
/home/wxz/Documents/pickle/reta/200p/cut6_8353.pickle
453
COCO mAP: 0.7950049638748169
/home/wxz/Documents/pickle/reta/200p/cut8_8924.pickle
454
COCO mAP: 0.21957674622535706
/home/wxz/Documents/pickle/reta/200p/cut6_5934.pickle
455
COCO mAP: 0.7768963575363159
/home/wxz/Documents/pickle/reta/200p/cut3_8417.pickle
456
COCO mAP: 0.7358757257461548
/home/wxz/Documents/pickle/reta/200p/cut4_8068.pickle
457
COCO mAP: 0.8517248034477234
/home/wxz/Documents/pickle/reta/200p/cut9_1105.pickle
458
COCO mAP: 0.6588685512542725
/home/wxz/Documents/pickle/reta/200p/cut7_8825.pickle
459
COCO mAP: 0.6327803134918213
/home/wxz/Documents/pickle/reta/200p/cut2_3612.pickle
460
COCO mAP: 0.7680073976516724
/home/wxz/Documents/pickle/reta/200p/cut6_3041.pickle
461
COCO mAP: 0.8854894638061523
/home/wxz/Documents/pickle/reta/200p/cut7_4425.pickle
462
COCO mAP: 0.8453565835952759
/home/wxz/Documents/pickle/reta/200p/cut7_6705.pickle
463
COCO mAP: 0.17157237231731415
/home/wxz/Documents/pickle/reta/200p/cut9_209.pickle
464
COCO mAP: 0.6035863161087036
/home/wxz/Documents/pickle/reta/200p/cut4_261.pickle
465
COCO mAP: 0.6976061463356018
/home/wxz/Documents/pickle/reta/200p/cut4_3401.pickle
466
COCO mAP: 0.800162672996521
/home/wxz/Documents/pickle/reta/200p/cut3_3217.pickle
467
COCO mAP: 0.49640679359436035
/home/wxz/Documents/pickle/reta/200p/cut9_4641.pickle
468
COCO mAP: 0.5615172982215881
/home/wxz/Documents/pickle/reta/200p/cut7_6365.pickle
469
COCO mAP: 0.29810649156570435
/home/wxz/Documents/pickle/reta/200p/cut4_3241.pickle
470
COCO mAP: 0.7251973152160645
/home/wxz/Documents/pickle/reta/200p/cut8_8546.pickle
471
COCO mAP: 0.8203592300415039
/home/wxz/Documents/pickle/reta/200p/cut8_8840.pickle
472
COCO mAP: 0.611024022102356
/home/wxz/Documents/pickle/reta/200p/cut3_7505.pickle
473
COCO mAP: 0.301488995552063
/home/wxz/Documents/pickle/reta/200p/cut5_7969.pickle
474
COCO mAP: 0.6833810806274414
/home/wxz/Documents/pickle/reta/200p/cut4_7258.pickle
475
COCO mAP: 0.6181657314300537
/home/wxz/Documents/pickle/reta/200p/cut4_1801.pickle
476
COCO mAP: 0.8217479586601257
/home/wxz/Documents/pickle/reta/200p/cut7_4845.pickle
477
COCO mAP: 0.6072728037834167
/home/wxz/Documents/pickle/reta/200p/cut6_8137.pickle
478
COCO mAP: 0.8119491338729858
/home/wxz/Documents/pickle/reta/200p/cut4_761.pickle
479
COCO mAP: 0.6189174652099609
/home/wxz/Documents/pickle/reta/200p/cut2_8925.pickle
480
COCO mAP: 0.8194092512130737
/home/wxz/Documents/pickle/reta/200p/cut4_5281.pickle
481
COCO mAP: 0.8226528167724609
/home/wxz/Documents/pickle/reta/200p/cut1_5700.pickle
482
COCO mAP: 0.7230113744735718
/home/wxz/Documents/pickle/reta/200p/cut7_641.pickle
483
COCO mAP: 0.7139580845832825
/home/wxz/Documents/pickle/reta/200p/cut2_5751.pickle
484
COCO mAP: 0.8937010765075684
/home/wxz/Documents/pickle/reta/200p/cut9_113.pickle
485
COCO mAP: 0.7664175629615784
/home/wxz/Documents/pickle/reta/200p/cut4_7348.pickle
486
COCO mAP: 0.8280049562454224
/home/wxz/Documents/pickle/reta/200p/cut1_3438.pickle
487
COCO mAP: 0.20865531265735626
/home/wxz/Documents/pickle/reta/200p/cut7_4305.pickle
488
COCO mAP: 0.8719011545181274
/home/wxz/Documents/pickle/reta/200p/cut5_897.pickle
489
COCO mAP: 0.5583571195602417
/home/wxz/Documents/pickle/reta/200p/cut3_3601.pickle
490
COCO mAP: 0.486890971660614
/home/wxz/Documents/pickle/reta/200p/cut5_8881.pickle
491
COCO mAP: 0.782905101776123
/home/wxz/Documents/pickle/reta/200p/cut5_3729.pickle
492
COCO mAP: 0.16049887239933014
/home/wxz/Documents/pickle/reta/200p/cut4_6412.pickle
493
COCO mAP: 0.8069093823432922
/home/wxz/Documents/pickle/reta/200p/cut5_3809.pickle
494
COCO mAP: 0.506538987159729
/home/wxz/Documents/pickle/reta/200p/cut4_7672.pickle
495
COCO mAP: 0.8132642507553101
/home/wxz/Documents/pickle/reta/200p/cut1_2820.pickle
496
COCO mAP: 0.30090075731277466
/home/wxz/Documents/pickle/reta/200p/cut4_521.pickle
497
COCO mAP: 0.7844392657279968
/home/wxz/Documents/pickle/reta/200p/cut9_1937.pickle
498
COCO mAP: 0.7138851881027222
/home/wxz/Documents/pickle/reta/200p/cut6_5611.pickle
499
COCO mAP: 0.84459388256073
/home/wxz/Documents/pickle/reta/200p/cut4_2001.pickle
500
COCO mAP: 0.7913914322853088
/home/wxz/Documents/pickle/reta/200p/cut1_5373.pickle
501
COCO mAP: 0.7656713724136353
/home/wxz/Documents/pickle/reta/200p/cut8_912.pickle
502
COCO mAP: 0.7909008264541626
/home/wxz/Documents/pickle/reta/200p/cut6_6750.pickle
503
COCO mAP: 0.6789429783821106
/home/wxz/Documents/pickle/reta/200p/cut4_5401.pickle
504
COCO mAP: 0.8377774357795715
/home/wxz/Documents/pickle/reta/200p/cut3_3505.pickle
505
COCO mAP: 0.6474438905715942
/home/wxz/Documents/pickle/reta/200p/cut5_8353.pickle
506
COCO mAP: 0.6656859517097473
/home/wxz/Documents/pickle/reta/200p/cut6_8461.pickle
507
COCO mAP: 0.5455186367034912
/home/wxz/Documents/pickle/reta/200p/cut7_5945.pickle
508
COCO mAP: 0.5422333478927612
/home/wxz/Documents/pickle/reta/200p/cut3_2609.pickle
509
COCO mAP: 0.7733535170555115
/home/wxz/Documents/pickle/reta/200p/cut6_7741.pickle
510
COCO mAP: 0.8115960359573364
/home/wxz/Documents/pickle/reta/200p/cut8_4613.pickle
511
COCO mAP: 0.458768755197525
/home/wxz/Documents/pickle/reta/200p/cut2_852.pickle
512
COCO mAP: 0.7755628824234009
/home/wxz/Documents/pickle/reta/200p/cut5_4017.pickle
513
COCO mAP: 0.6879925727844238
/home/wxz/Documents/pickle/reta/200p/cut1_4931.pickle
514
COCO mAP: 0.7858288288116455
/home/wxz/Documents/pickle/reta/200p/cut6_5201.pickle
515
COCO mAP: 0.6155808568000793
/home/wxz/Documents/pickle/reta/200p/cut8_3619.pickle
516
COCO mAP: 0.7824139595031738
/home/wxz/Documents/pickle/reta/200p/cut2_6717.pickle
517
COCO mAP: 0.7460960149765015
/home/wxz/Documents/pickle/reta/200p/cut4_7996.pickle
518
COCO mAP: 0.742350161075592
/home/wxz/Documents/pickle/reta/200p/cut8_1519.pickle
519
COCO mAP: 0.9169515371322632
/home/wxz/Documents/pickle/reta/200p/cut2_5061.pickle
520
COCO mAP: 0.7383027076721191
/home/wxz/Documents/pickle/reta/200p/cut5_7265.pickle
521
COCO mAP: 0.8548885583877563
/home/wxz/Documents/pickle/reta/200p/cut5_2401.pickle
522
COCO mAP: 0.23313350975513458
/home/wxz/Documents/pickle/reta/200p/cut2_8741.pickle
523
COCO mAP: 0.17483489215373993
/home/wxz/Documents/pickle/reta/200p/cut6_2433.pickle
524
COCO mAP: 0.6893886923789978
/home/wxz/Documents/pickle/reta/200p/cut3_1.pickle
525
COCO mAP: 0.80926114320755
/home/wxz/Documents/pickle/reta/200p/cut4_1761.pickle
526
COCO mAP: 0.017833927646279335
/home/wxz/Documents/pickle/reta/200p/cut5_6929.pickle
527
COCO mAP: 0.4023592472076416
/home/wxz/Documents/pickle/reta/200p/cut2_7430.pickle
528
COCO mAP: 0.7054600119590759
/home/wxz/Documents/pickle/reta/200p/cut9_2801.pickle
529
COCO mAP: 0.8113480806350708
/home/wxz/Documents/pickle/reta/200p/cut6_6189.pickle
530
COCO mAP: 0.7843274474143982
/home/wxz/Documents/pickle/reta/200p/cut5_2817.pickle
531
COCO mAP: 0.19541193544864655
/home/wxz/Documents/pickle/reta/200p/cut2_7660.pickle
532
COCO mAP: 0.7421599626541138
/home/wxz/Documents/pickle/reta/200p/cut6_7975.pickle
533
COCO mAP: 0.805661678314209
/home/wxz/Documents/pickle/reta/200p/cut3_6865.pickle
534
COCO mAP: 0.7967661023139954
/home/wxz/Documents/pickle/reta/200p/cut8_4515.pickle
535
COCO mAP: 0.5398656129837036
/home/wxz/Documents/pickle/reta/200p/cut3_3393.pickle
536
COCO mAP: 0.7359895706176758
/home/wxz/Documents/pickle/reta/200p/cut1_879.pickle
537
COCO mAP: 0.4824063777923584
/home/wxz/Documents/pickle/reta/200p/cut9_3329.pickle
538
COCO mAP: 0.3363291621208191
/home/wxz/Documents/pickle/reta/200p/cut2_8143.pickle
539
COCO mAP: 0.3855326771736145
/home/wxz/Documents/pickle/reta/200p/cut4_5817.pickle
540
COCO mAP: 0.40204668045043945
/home/wxz/Documents/pickle/reta/200p/cut9_5505.pickle
541
COCO mAP: 0.8175575137138367
/home/wxz/Documents/pickle/reta/200p/cut2_4762.pickle
542
COCO mAP: 0.6734306216239929
/home/wxz/Documents/pickle/reta/200p/cut4_3621.pickle
543
COCO mAP: 0.20877154171466827
/home/wxz/Documents/pickle/reta/200p/cut6_1489.pickle
544
COCO mAP: 0.8349285125732422
/home/wxz/Documents/pickle/reta/200p/cut1_3174.pickle
545
COCO mAP: 0.36336636543273926
/home/wxz/Documents/pickle/reta/200p/cut6_5832.pickle
546
COCO mAP: 0.6999258995056152
/home/wxz/Documents/pickle/reta/200p/cut6_5105.pickle
547
COCO mAP: 0.5996894240379333
/home/wxz/Documents/pickle/reta/200p/cut4_161.pickle
548
COCO mAP: 0.6165681481361389
/home/wxz/Documents/pickle/reta/200p/cut3_4305.pickle
549
COCO mAP: 0.2516874670982361
/home/wxz/Documents/pickle/reta/200p/cut1_3526.pickle
550
COCO mAP: 0.4214671552181244
/home/wxz/Documents/pickle/reta/200p/cut2_7292.pickle
551
COCO mAP: 0.7313375473022461
/home/wxz/Documents/pickle/reta/200p/cut7_4725.pickle
552
COCO mAP: 0.6029371023178101
/home/wxz/Documents/pickle/reta/200p/cut3_3793.pickle
553
COCO mAP: 0.7534869909286499
/home/wxz/Documents/pickle/reta/200p/cut5_3537.pickle
554
COCO mAP: 0.778506875038147
/home/wxz/Documents/pickle/reta/200p/cut5_2913.pickle
555
COCO mAP: 0.47368088364601135
/home/wxz/Documents/pickle/reta/200p/cut7_7945.pickle
556
COCO mAP: 0.6480593681335449
/home/wxz/Documents/pickle/reta/200p/cut8_7412.pickle
557
COCO mAP: 0.7302805185317993
/home/wxz/Documents/pickle/reta/200p/cut3_6193.pickle
558
COCO mAP: 0.8193548917770386
/home/wxz/Documents/pickle/reta/200p/cut4_3001.pickle
559
COCO mAP: 0.8290280103683472
/home/wxz/Documents/pickle/reta/200p/cut4_5901.pickle
560
COCO mAP: 0.8558523058891296
/home/wxz/Documents/pickle/reta/200p/cut2_1036.pickle
561
COCO mAP: 0.374865859746933
/home/wxz/Documents/pickle/reta/200p/cut8_1715.pickle
562
COCO mAP: 0.9105417132377625
/home/wxz/Documents/pickle/reta/200p/cut5_8992.pickle
563
COCO mAP: 0.8408660888671875
/home/wxz/Documents/pickle/reta/200p/cut6_3617.pickle
564
COCO mAP: 0.5862421989440918
/home/wxz/Documents/pickle/reta/200p/cut5_6641.pickle
565
COCO mAP: 0.8705015182495117
/home/wxz/Documents/pickle/reta/200p/cut6_6240.pickle
566
COCO mAP: 0.773634135723114
/home/wxz/Documents/pickle/reta/200p/cut8_4906.pickle
567
COCO mAP: 0.5835461020469666
/home/wxz/Documents/pickle/reta/200p/cut6_8947.pickle
568
COCO mAP: 0.5304807424545288
/home/wxz/Documents/pickle/reta/200p/cut7_1.pickle
569
COCO mAP: 0.6548044681549072
/home/wxz/Documents/pickle/reta/200p/cut1_2471.pickle
570
COCO mAP: 0.24005958437919617
/home/wxz/Documents/pickle/reta/200p/cut6_2001.pickle
571
COCO mAP: 0.8209802508354187
/home/wxz/Documents/pickle/reta/200p/cut6_1201.pickle
572
COCO mAP: 0.12022199481725693
/home/wxz/Documents/pickle/reta/200p/cut6_6903.pickle
573
COCO mAP: 0.21549439430236816
/home/wxz/Documents/pickle/reta/200p/cut2_93.pickle
574
COCO mAP: 0.5716978311538696
/home/wxz/Documents/pickle/reta/200p/cut5_8545.pickle
575
COCO mAP: 0.7087754011154175
/home/wxz/Documents/pickle/reta/200p/cut7_1105.pickle
576
COCO mAP: 0.49569907784461975
/home/wxz/Documents/pickle/reta/200p/cut7_1855.pickle
577
COCO mAP: 0.6351701617240906
/home/wxz/Documents/pickle/reta/200p/cut5_8785.pickle
578
COCO mAP: 0.7841504216194153
/home/wxz/Documents/pickle/reta/200p/cut2_6510.pickle
579
COCO mAP: 0.6688393354415894
/home/wxz/Documents/pickle/reta/200p/cut8_1645.pickle
580
COCO mAP: 0.592061460018158
/home/wxz/Documents/pickle/reta/200p/cut4_5321.pickle
581
COCO mAP: 0.886792778968811
/home/wxz/Documents/pickle/reta/200p/cut2_6418.pickle
582
COCO mAP: 0.730584442615509
/home/wxz/Documents/pickle/reta/200p/cut9_1009.pickle
583
COCO mAP: 0.5317198038101196
/home/wxz/Documents/pickle/reta/200p/cut7_6645.pickle
584
COCO mAP: 0.8795861005783081
/home/wxz/Documents/pickle/reta/200p/cut4_1681.pickle
585
COCO mAP: 0.04929749295115471
/home/wxz/Documents/pickle/reta/200p/cut9_401.pickle
586
COCO mAP: 0.6657408475875854
/home/wxz/Documents/pickle/reta/200p/cut3_2209.pickle
587
COCO mAP: 0.7099128365516663
/home/wxz/Documents/pickle/reta/200p/cut8_4809.pickle
588
COCO mAP: 0.6195842027664185
/home/wxz/Documents/pickle/reta/200p/cut6_4641.pickle
589
COCO mAP: 0.47305670380592346
/home/wxz/Documents/pickle/reta/200p/cut7_833.pickle
590
COCO mAP: 0.4781118333339691
/home/wxz/Documents/pickle/reta/200p/cut5_6113.pickle
591
COCO mAP: 0.4854249358177185
/home/wxz/Documents/pickle/reta/200p/cut6_7867.pickle
592
COCO mAP: 0.8398877382278442
/home/wxz/Documents/pickle/reta/200p/cut6_6444.pickle
593
COCO mAP: 0.7824104428291321
/home/wxz/Documents/pickle/reta/200p/cut1_4139.pickle
594
COCO mAP: 0.7815005779266357
/home/wxz/Documents/pickle/reta/200p/cut3_817.pickle
595
COCO mAP: 0.6136279106140137
/home/wxz/Documents/pickle/reta/200p/cut4_1.pickle
596
COCO mAP: 0.584469199180603
/home/wxz/Documents/pickle/reta/200p/cut4_2121.pickle
597
COCO mAP: 0.7672246694564819
/home/wxz/Documents/pickle/reta/200p/cut2_8534.pickle
598
COCO mAP: 0.7338118553161621
/home/wxz/Documents/pickle/reta/200p/cut4_4721.pickle
599
COCO mAP: 0.7702447175979614
/home/wxz/Documents/pickle/reta/200p/cut1_8759.pickle
600
COCO mAP: 0.8831838369369507
/home/wxz/Documents/pickle/reta/200p/cut8_2737.pickle
601
COCO mAP: 0.6852325201034546
/home/wxz/Documents/pickle/reta/200p/cut8_3003.pickle
602
COCO mAP: 0.8016809225082397
/home/wxz/Documents/pickle/reta/200p/cut4_3341.pickle
603
COCO mAP: 0.7951698899269104
/home/wxz/Documents/pickle/reta/200p/cut4_8914.pickle
604
COCO mAP: 0.32518815994262695
/home/wxz/Documents/pickle/reta/200p/cut6_1537.pickle
605
COCO mAP: 0.7862139940261841
/home/wxz/Documents/pickle/reta/200p/cut3_4737.pickle
606
COCO mAP: 0.7619165182113647
/home/wxz/Documents/pickle/reta/200p/cut1_8509.pickle
607
COCO mAP: 0.7484226226806641
/home/wxz/Documents/pickle/reta/200p/cut5_4929.pickle
608
COCO mAP: 0.3467869758605957
/home/wxz/Documents/pickle/reta/200p/cut2_6602.pickle
609
COCO mAP: 0.6399456858634949
/home/wxz/Documents/pickle/reta/200p/cut7_7465.pickle
610
COCO mAP: 0.5549750924110413
/home/wxz/Documents/pickle/reta/200p/cut3_2305.pickle
611
COCO mAP: 0.5771717429161072
/home/wxz/Documents/pickle/reta/200p/cut6_4241.pickle
612
COCO mAP: 0.7097473740577698
/home/wxz/Documents/pickle/reta/200p/cut3_5313.pickle
613
COCO mAP: 0.5221108198165894
/home/wxz/Documents/pickle/reta/200p/cut7_3665.pickle
614
COCO mAP: 0.4837644100189209
/home/wxz/Documents/pickle/reta/200p/cut7_5445.pickle
615
COCO mAP: 0.6427686810493469
/home/wxz/Documents/pickle/reta/200p/cut1_5107.pickle
616
COCO mAP: 0.6426276564598083
/home/wxz/Documents/pickle/reta/200p/cut6_5009.pickle
617
COCO mAP: 0.82218998670578
/home/wxz/Documents/pickle/reta/200p/cut3_4833.pickle
618
COCO mAP: 0.25064581632614136
/home/wxz/Documents/pickle/reta/200p/cut1_6068.pickle
619
COCO mAP: 0.07337108999490738
/home/wxz/Documents/pickle/reta/200p/cut8_7706.pickle
620
COCO mAP: 0.6290144920349121
/home/wxz/Documents/pickle/reta/200p/cut6_5409.pickle
621
COCO mAP: 0.47947534918785095
/home/wxz/Documents/pickle/reta/200p/cut4_6141.pickle
622
COCO mAP: 0.8429096937179565
/home/wxz/Documents/pickle/reta/200p/cut7_2017.pickle
623
COCO mAP: 0.6937924027442932
/home/wxz/Documents/pickle/reta/200p/cut9_5601.pickle
624
COCO mAP: 0.8478108644485474
/home/wxz/Documents/pickle/reta/200p/cut3_7649.pickle
625
COCO mAP: 0.8420568704605103
/home/wxz/Documents/pickle/reta/200p/cut4_361.pickle
626
COCO mAP: 0.8316230773925781
/home/wxz/Documents/pickle/reta/200p/cut4_5521.pickle
627
COCO mAP: 0.7594812512397766
/home/wxz/Documents/pickle/reta/200p/cut6_689.pickle
628
COCO mAP: 0.7278828620910645
/home/wxz/Documents/pickle/reta/200p/cut4_4121.pickle
629
COCO mAP: 0.8032375574111938
/home/wxz/Documents/pickle/reta/200p/cut7_8225.pickle
630
COCO mAP: 0.5556349158287048
/home/wxz/Documents/pickle/reta/200p/cut4_4841.pickle
631
COCO mAP: 0.7009944915771484
/home/wxz/Documents/pickle/reta/200p/cut9_305.pickle
632
COCO mAP: 0.4961608946323395
/home/wxz/Documents/pickle/reta/200p/cut9_5713.pickle
633
COCO mAP: 0.31047871708869934
/home/wxz/Documents/pickle/reta/200p/cut4_3901.pickle
634
COCO mAP: 0.3797106146812439
/home/wxz/Documents/pickle/reta/200p/cut1_2558.pickle
635
COCO mAP: 0.22259172797203064
/home/wxz/Documents/pickle/reta/200p/cut8_5620.pickle
636
COCO mAP: 0.8564361333847046
/home/wxz/Documents/pickle/reta/200p/cut3_3169.pickle
637
COCO mAP: 0.6642614603042603
/home/wxz/Documents/pickle/reta/200p/cut4_6201.pickle
638
COCO mAP: 0.8179202079772949
/home/wxz/Documents/pickle/reta/200p/cut2_1312.pickle
639
COCO mAP: 0.4461366534233093
/home/wxz/Documents/pickle/reta/200p/cut6_1905.pickle
640
COCO mAP: 0.6347442269325256
/home/wxz/Documents/pickle/reta/200p/cut9_3729.pickle
641
COCO mAP: 0.3835325241088867
/home/wxz/Documents/pickle/reta/200p/cut2_6142.pickle
642
COCO mAP: 0.3018984794616699
/home/wxz/Documents/pickle/reta/200p/cut3_8705.pickle
643
COCO mAP: 0.6553923487663269
/home/wxz/Documents/pickle/reta/200p/cut8_5032.pickle
644
COCO mAP: 0.44029656052589417
/home/wxz/Documents/pickle/reta/200p/cut8_2905.pickle
645
COCO mAP: 0.4939505457878113
/home/wxz/Documents/pickle/reta/200p/cut2_2002.pickle
646
COCO mAP: 0.8428242802619934
/home/wxz/Documents/pickle/reta/200p/cut8_209.pickle
647
COCO mAP: 0.621004581451416
/home/wxz/Documents/pickle/reta/200p/cut2_8327.pickle
648
COCO mAP: 0.8699731826782227
/home/wxz/Documents/pickle/reta/200p/cut5_5617.pickle
649
COCO mAP: 0.5201987028121948
/home/wxz/Documents/pickle/reta/200p/cut7_3245.pickle
650
COCO mAP: 0.7437070608139038
/home/wxz/Documents/pickle/reta/200p/cut9_5169.pickle
651
COCO mAP: 0.656833827495575
/home/wxz/Documents/pickle/reta/200p/cut9_2321.pickle
652
COCO mAP: 0.4605589807033539
/home/wxz/Documents/pickle/reta/200p/cut7_5625.pickle
653
COCO mAP: 0.6346153020858765
/home/wxz/Documents/pickle/reta/200p/cut8_5410.pickle
654
COCO mAP: 0.8398574590682983
/home/wxz/Documents/pickle/reta/200p/cut8_2009.pickle
655
COCO mAP: 0.7803422212600708
/home/wxz/Documents/pickle/reta/200p/cut8_604.pickle
656
COCO mAP: 0.4152185916900635
/home/wxz/Documents/pickle/reta/200p/cut7_737.pickle
657
COCO mAP: 0.4903058111667633
/home/wxz/Documents/pickle/reta/200p/cut6_3425.pickle
658
COCO mAP: 0.5998026728630066
/home/wxz/Documents/pickle/reta/200p/cut7_7185.pickle
659
COCO mAP: 0.40206179022789
/home/wxz/Documents/pickle/reta/200p/cut5_2209.pickle
660
COCO mAP: 0.7336016893386841
/home/wxz/Documents/pickle/reta/200p/cut4_4541.pickle
661
COCO mAP: 0.8723577260971069
/home/wxz/Documents/pickle/reta/200p/cut3_5121.pickle
662
COCO mAP: 0.4648377299308777
/home/wxz/Documents/pickle/reta/200p/cut1_4403.pickle
663
COCO mAP: 0.730242133140564
/home/wxz/Documents/pickle/reta/200p/cut6_2945.pickle
664
COCO mAP: 0.6869335174560547
/home/wxz/Documents/pickle/reta/200p/cut1_6244.pickle
665
COCO mAP: 0.7803361415863037
/home/wxz/Documents/pickle/reta/200p/cut5_4401.pickle
666
COCO mAP: 0.14054445922374725
/home/wxz/Documents/pickle/reta/200p/cut8_3213.pickle
667
COCO mAP: 0.7220545411109924
/home/wxz/Documents/pickle/reta/200p/cut2_3520.pickle
668
COCO mAP: 0.7806669473648071
/home/wxz/Documents/pickle/reta/200p/cut7_1747.pickle
669
COCO mAP: 0.6291293501853943
/home/wxz/Documents/pickle/reta/200p/cut6_1713.pickle
670
COCO mAP: 0.8113447427749634
/home/wxz/Documents/pickle/reta/200p/cut4_8752.pickle
671
COCO mAP: 0.7283161878585815
/home/wxz/Documents/pickle/reta/200p/cut3_3713.pickle
672
COCO mAP: 0.6382124423980713
/home/wxz/Documents/pickle/reta/200p/cut8_4305.pickle
673
COCO mAP: 0.6294245719909668
/home/wxz/Documents/pickle/reta/200p/cut5_5905.pickle
674
COCO mAP: 0.3014252781867981
/home/wxz/Documents/pickle/reta/200p/cut9_6049.pickle
675
COCO mAP: 0.8605474233627319
/home/wxz/Documents/pickle/reta/200p/cut6_6546.pickle
676
COCO mAP: 0.7810453176498413
/home/wxz/Documents/pickle/reta/200p/cut5_2625.pickle
677
COCO mAP: 0.5377756953239441
/home/wxz/Documents/pickle/reta/200p/cut6_6342.pickle
678
COCO mAP: 0.7462921142578125
/home/wxz/Documents/pickle/reta/200p/cut7_929.pickle
679
COCO mAP: 0.430715948343277
/home/wxz/Documents/pickle/reta/200p/cut3_2513.pickle
680
COCO mAP: 0.2294914275407791
/home/wxz/Documents/pickle/reta/200p/cut5_1.pickle
681
COCO mAP: 0.3301450312137604
/home/wxz/Documents/pickle/reta/200p/cut9_1505.pickle
682
COCO mAP: 0.45228829979896545
/home/wxz/Documents/pickle/reta/200p/cut8_5928.pickle
683
COCO mAP: 0.8650261759757996
/home/wxz/Documents/pickle/reta/200p/cut9_4737.pickle
684
COCO mAP: 0.7822150588035583
/home/wxz/Documents/pickle/reta/200p/cut5_2721.pickle
685
COCO mAP: 0.7424372434616089
/home/wxz/Documents/pickle/reta/200p/cut6_2385.pickle
686
COCO mAP: 0.7856723666191101
/home/wxz/Documents/pickle/reta/200p/cut7_7285.pickle
687
COCO mAP: 0.7640222311019897
/home/wxz/Documents/pickle/reta/200p/cut8_1911.pickle
688
COCO mAP: 0.6502907276153564
/home/wxz/Documents/pickle/reta/200p/cut3_7153.pickle
689
COCO mAP: 0.5013235211372375
/home/wxz/Documents/pickle/reta/200p/cut4_5709.pickle
690
COCO mAP: 0.4876910150051117
/home/wxz/Documents/pickle/reta/200p/cut1_6909.pickle
691
COCO mAP: 0.5808694958686829
/home/wxz/Documents/pickle/reta/200p/cut8_6110.pickle
692
COCO mAP: 0.7553093433380127
/home/wxz/Documents/pickle/reta/200p/cut3_2401.pickle
693
COCO mAP: 0.42538100481033325
/home/wxz/Documents/pickle/reta/200p/cut7_6285.pickle
694
COCO mAP: 0.556019127368927
/home/wxz/Documents/pickle/reta/200p/cut8_4725.pickle
695
COCO mAP: 0.5580970048904419
/home/wxz/Documents/pickle/reta/200p/cut9_721.pickle
696
COCO mAP: 0.6131646633148193
/home/wxz/Documents/pickle/reta/200p/cut1_704.pickle
697
COCO mAP: 0.6825689077377319
/home/wxz/Documents/pickle/reta/200p/cut9_3233.pickle
698
COCO mAP: 0.07722772657871246
/home/wxz/Documents/pickle/reta/200p/cut3_6097.pickle
699
COCO mAP: 0.6884775161743164
/home/wxz/Documents/pickle/reta/200p/cut8_7608.pickle
700
COCO mAP: 0.6414085626602173
/home/wxz/Documents/pickle/reta/200p/cut8_8252.pickle
701
COCO mAP: 0.7339023351669312
/home/wxz/Documents/pickle/reta/200p/cut7_8705.pickle
702
COCO mAP: 0.8530023694038391
/home/wxz/Documents/pickle/reta/200p/cut5_5313.pickle
703
COCO mAP: 0.5715906023979187
/home/wxz/Documents/pickle/reta/200p/cut5_1089.pickle
704
COCO mAP: 0.4849923551082611
/home/wxz/Documents/pickle/reta/200p/cut8_5522.pickle
705
COCO mAP: 0.7755576372146606
/home/wxz/Documents/pickle/reta/200p/cut5_7729.pickle
706
COCO mAP: 0.4725097119808197
/home/wxz/Documents/pickle/reta/200p/cut3_8945.pickle
707
COCO mAP: 0.5805708765983582
/home/wxz/Documents/pickle/reta/200p/cut2_6901.pickle
708
COCO mAP: 0.7072319984436035
/home/wxz/Documents/pickle/reta/200p/cut5_1617.pickle
709
COCO mAP: 0.6975280046463013
/home/wxz/Documents/pickle/reta/200p/cut1_8864.pickle
710
COCO mAP: 0.8550115823745728
/home/wxz/Documents/pickle/reta/200p/cut3_2257.pickle
711
COCO mAP: 0.6867508292198181
/home/wxz/Documents/pickle/reta/200p/cut3_8801.pickle
712
COCO mAP: 0.8409005999565125
/home/wxz/Documents/pickle/reta/200p/cut5_2113.pickle
713
COCO mAP: 0.776418149471283
/home/wxz/Documents/pickle/reta/200p/cut9_4817.pickle
714
COCO mAP: 0.20781922340393066
/home/wxz/Documents/pickle/reta/200p/cut7_8645.pickle
715
COCO mAP: 0.8197879791259766
/home/wxz/Documents/pickle/reta/200p/cut1_2022.pickle
716
COCO mAP: 0.6646548509597778
/home/wxz/Documents/pickle/reta/200p/cut6_6801.pickle
717
COCO mAP: 0.5668048858642578
/home/wxz/Documents/pickle/reta/200p/cut4_6808.pickle
718
COCO mAP: 0.49756163358688354
/home/wxz/Documents/pickle/reta/200p/cut1_17.pickle
719
COCO mAP: 0.20958943665027618
/home/wxz/Documents/pickle/reta/200p/cut4_1901.pickle
720
COCO mAP: 0.6758267283439636
/home/wxz/Documents/pickle/reta/200p/cut7_3005.pickle
721
COCO mAP: 0.8547059893608093
/home/wxz/Documents/pickle/reta/200p/cut9_1745.pickle
722
COCO mAP: 0.7661114931106567
/home/wxz/Documents/pickle/reta/200p/cut7_4225.pickle
723
COCO mAP: 0.8285236358642578
/home/wxz/Documents/pickle/reta/200p/cut4_8320.pickle
724
COCO mAP: 0.7577376961708069
/home/wxz/Documents/pickle/reta/200p/cut4_3701.pickle
725
COCO mAP: 0.6373916864395142
/home/wxz/Documents/pickle/reta/200p/cut2_7821.pickle
726
COCO mAP: 0.6406413316726685
/home/wxz/Documents/pickle/reta/200p/cut6_577.pickle
727
COCO mAP: 0.7002964019775391
/home/wxz/Documents/pickle/reta/200p/cut3_5905.pickle
728
COCO mAP: 0.7421929240226746
/home/wxz/Documents/pickle/reta/200p/cut3_1425.pickle
729
COCO mAP: 0.4405151903629303
/home/wxz/Documents/pickle/reta/200p/cut2_7706.pickle
730
COCO mAP: 0.6955687403678894
/home/wxz/Documents/pickle/reta/200p/cut8_346.pickle
731
COCO mAP: 0.4700457453727722
/home/wxz/Documents/pickle/reta/200p/cut6_8245.pickle
732
COCO mAP: 0.7226831912994385
/home/wxz/Documents/pickle/reta/200p/cut6_3137.pickle
733
COCO mAP: 0.42792829871177673
/home/wxz/Documents/pickle/reta/200p/cut1_2202.pickle
734
COCO mAP: 0.41876333951950073
/home/wxz/Documents/pickle/reta/200p/cut1_8419.pickle
735
COCO mAP: 0.43600720167160034
/home/wxz/Documents/pickle/reta/200p/cut8_5802.pickle
736
COCO mAP: 0.7634984254837036
/home/wxz/Documents/pickle/reta/200p/cut2_3911.pickle
737
COCO mAP: 0.5791995525360107
/home/wxz/Documents/pickle/reta/200p/cut8_6362.pickle
738
COCO mAP: 0.5682665109634399
/home/wxz/Documents/pickle/reta/200p/cut2_6027.pickle
739
COCO mAP: 0.37542885541915894
/home/wxz/Documents/pickle/reta/200p/cut6_1105.pickle
740
COCO mAP: 0.4482711851596832
/home/wxz/Documents/pickle/reta/200p/cut8_496.pickle
741
COCO mAP: 0.38595789670944214
/home/wxz/Documents/pickle/reta/200p/cut1_1503.pickle
742
COCO mAP: 0.3386920094490051
/home/wxz/Documents/pickle/reta/200p/cut1_3350.pickle
743
COCO mAP: 0.5555253028869629
/home/wxz/Documents/pickle/reta/200p/cut1_343.pickle
744
COCO mAP: 0.3328562378883362
/home/wxz/Documents/pickle/reta/200p/cut9_1841.pickle
745
COCO mAP: 0.8257871866226196
/home/wxz/Documents/pickle/reta/200p/cut2_3014.pickle
746
COCO mAP: 0.6814814805984497
/home/wxz/Documents/pickle/reta/200p/cut7_3365.pickle
747
COCO mAP: 0.774834394454956
/home/wxz/Documents/pickle/reta/200p/cut2_6303.pickle
748
COCO mAP: 0.7546859979629517
/home/wxz/Documents/pickle/reta/200p/cut1_6821.pickle
749
COCO mAP: 0.11816103756427765
/home/wxz/Documents/pickle/reta/200p/cut2_4348.pickle
750
COCO mAP: 0.8574798703193665
/home/wxz/Documents/pickle/reta/200p/cut1_6604.pickle
751
COCO mAP: 0.544512152671814
/home/wxz/Documents/pickle/reta/200p/cut1_6689.pickle
752
COCO mAP: 0.1928170919418335
/home/wxz/Documents/pickle/reta/200p/cut3_7745.pickle
753
COCO mAP: 0.25473520159721375
/home/wxz/Documents/pickle/reta/200p/cut5_5217.pickle
754
COCO mAP: 0.576839804649353
/home/wxz/Documents/pickle/reta/200p/cut2_6809.pickle
755
COCO mAP: 0.7657390832901001
/home/wxz/Documents/pickle/reta/200p/cut1_2302.pickle
756
COCO mAP: 0.6203555464744568
/home/wxz/Documents/pickle/reta/200p/cut7_2405.pickle
757
COCO mAP: 0.6564501523971558
/home/wxz/Documents/pickle/reta/200p/cut5_401.pickle
758
COCO mAP: 0.526603102684021
/home/wxz/Documents/pickle/reta/200p/cut8_3129.pickle
759
COCO mAP: 0.689433753490448
/home/wxz/Documents/pickle/reta/200p/cut5_4881.pickle
760
COCO mAP: 0.4076218008995056
/home/wxz/Documents/pickle/reta/200p/cut3_4929.pickle
761
COCO mAP: 0.5532788038253784
/home/wxz/Documents/pickle/reta/200p/cut5_5025.pickle
762
COCO mAP: 0.3124867081642151
/home/wxz/Documents/pickle/reta/200p/cut6_961.pickle
763
COCO mAP: 0.8063884973526001
/home/wxz/Documents/pickle/reta/200p/cut8_5144.pickle
764
COCO mAP: 0.5646757483482361
/home/wxz/Documents/pickle/reta/200p/cut5_5409.pickle
765
COCO mAP: 0.4442424774169922
/home/wxz/Documents/pickle/reta/200p/cut1_5613.pickle
766
COCO mAP: 0.6299864649772644
/home/wxz/Documents/pickle/reta/200p/cut2_2370.pickle
767
COCO mAP: 0.5733121037483215
/home/wxz/Documents/pickle/reta/200p/cut7_4985.pickle
768
COCO mAP: 0.6271483302116394
/home/wxz/Documents/pickle/reta/200p/cut6_1.pickle
769
COCO mAP: 0.8650003671646118
/home/wxz/Documents/pickle/reta/200p/cut8_2107.pickle
770
COCO mAP: 0.852974534034729
/home/wxz/Documents/pickle/reta/200p/cut8_2401.pickle
771
COCO mAP: 0.009138720110058784
/home/wxz/Documents/pickle/reta/200p/cut4_8212.pickle
772
COCO mAP: 0.8398701548576355
/home/wxz/Documents/pickle/reta/200p/cut8_6516.pickle
773
COCO mAP: 0.8401564359664917
/home/wxz/Documents/pickle/reta/200p/cut4_4901.pickle
774
COCO mAP: 0.8598631620407104
/home/wxz/Documents/pickle/reta/200p/cut1_1316.pickle
775
COCO mAP: 0.6405672430992126
/home/wxz/Documents/pickle/reta/200p/cut3_145.pickle
776
COCO mAP: 0.7318516373634338
/home/wxz/Documents/pickle/reta/200p/cut7_4605.pickle
777
COCO mAP: 0.8108572959899902
/home/wxz/Documents/pickle/reta/200p/cut8_8168.pickle
778
COCO mAP: 0.6512405276298523
/home/wxz/Documents/pickle/reta/200p/cut8_6012.pickle
779
COCO mAP: 0.7628331184387207
/home/wxz/Documents/pickle/reta/200p/cut1_5524.pickle
780
COCO mAP: 0.8757833242416382
/home/wxz/Documents/pickle/reta/200p/cut4_7888.pickle
781
COCO mAP: 0.7512312531471252
/home/wxz/Documents/pickle/reta/200p/cut2_2807.pickle
782
COCO mAP: 0.8462826013565063
/home/wxz/Documents/pickle/reta/200p/cut7_2365.pickle
783
COCO mAP: 0.6945920586585999
/home/wxz/Documents/pickle/reta/200p/cut1_7444.pickle
784
COCO mAP: 0.6366435289382935
/home/wxz/Documents/pickle/reta/200p/cut2_369.pickle
785
COCO mAP: 0.736656904220581
/home/wxz/Documents/pickle/reta/200p/cut7_1405.pickle
786
COCO mAP: 0.5897265076637268
/home/wxz/Documents/pickle/reta/200p/cut7_7525.pickle
787
COCO mAP: 0.6313577890396118
/home/wxz/Documents/pickle/reta/200p/cut2_4923.pickle
788
COCO mAP: 0.6974141597747803
/home/wxz/Documents/pickle/reta/200p/cut1_8629.pickle
789
COCO mAP: 0.7703245878219604
/home/wxz/Documents/pickle/reta/200p/cut4_5141.pickle
790
COCO mAP: 0.5509481430053711
/home/wxz/Documents/pickle/reta/200p/cut1_5978.pickle
791
COCO mAP: 0.691351056098938
/home/wxz/Documents/pickle/reta/200p/cut9_1313.pickle
792
COCO mAP: 0.7594077587127686
/home/wxz/Documents/pickle/reta/200p/cut8_1.pickle
793
COCO mAP: 0.6366978883743286
/home/wxz/Documents/pickle/reta/200p/cut1_3702.pickle
794
COCO mAP: 0.7576133012771606
average COCO mAP:0.6213254902185755
