nohup: 忽略输入
/home/wxz/Documents/pickle/reta/240p/cut5_8945.pickle
1
COCO mAP: 0.8886741399765015
/home/wxz/Documents/pickle/reta/240p/cut8_436.pickle
2
COCO mAP: 0.21478059887886047
/home/wxz/Documents/pickle/reta/240p/cut6_5509.pickle
3
COCO mAP: 0.8579305410385132
/home/wxz/Documents/pickle/reta/240p/cut2_4831.pickle
4
COCO mAP: 0.7660202383995056
/home/wxz/Documents/pickle/reta/240p/cut2_8971.pickle
5
COCO mAP: 0.6193777322769165
/home/wxz/Documents/pickle/reta/240p/cut7_2265.pickle
6
COCO mAP: 0.669916570186615
/home/wxz/Documents/pickle/reta/240p/cut2_185.pickle
7
COCO mAP: 0.7074524164199829
/home/wxz/Documents/pickle/reta/240p/cut9_3041.pickle
8
COCO mAP: 0.7282059192657471
/home/wxz/Documents/pickle/reta/240p/cut7_7705.pickle
9
COCO mAP: 0.6428046226501465
/home/wxz/Documents/pickle/reta/240p/cut6_4817.pickle
10
COCO mAP: 0.44558706879615784
/home/wxz/Documents/pickle/reta/240p/cut5_3921.pickle
11
COCO mAP: 0.5610728859901428
/home/wxz/Documents/pickle/reta/240p/cut3_6577.pickle
12
COCO mAP: 0.868202805519104
/home/wxz/Documents/pickle/reta/240p/cut5_993.pickle
13
COCO mAP: 0.8251399993896484
/home/wxz/Documents/pickle/reta/240p/cut2_6257.pickle
14
COCO mAP: 0.8692170977592468
/home/wxz/Documents/pickle/reta/240p/cut4_7186.pickle
15
COCO mAP: 0.5684552788734436
/home/wxz/Documents/pickle/reta/240p/cut9_3825.pickle
16
COCO mAP: 0.17189505696296692
/home/wxz/Documents/pickle/reta/240p/cut3_4001.pickle
17
COCO mAP: 0.7603331804275513
/home/wxz/Documents/pickle/reta/240p/cut9_4545.pickle
18
COCO mAP: 0.5600241422653198
/home/wxz/Documents/pickle/reta/240p/cut2_2186.pickle
19
COCO mAP: 0.1388879269361496
/home/wxz/Documents/pickle/reta/240p/cut8_7104.pickle
20
COCO mAP: 0.5412095785140991
/home/wxz/Documents/pickle/reta/240p/cut7_4125.pickle
21
COCO mAP: 0.8854225873947144
/home/wxz/Documents/pickle/reta/240p/cut3_4401.pickle
22
COCO mAP: 0.7359545826911926
/home/wxz/Documents/pickle/reta/240p/cut6_2657.pickle
23
COCO mAP: 0.7603105306625366
/home/wxz/Documents/pickle/reta/240p/cut4_2301.pickle
24
COCO mAP: 0.7830544710159302
/home/wxz/Documents/pickle/reta/240p/cut8_8336.pickle
25
COCO mAP: 0.6493242383003235
/home/wxz/Documents/pickle/reta/240p/cut7_1009.pickle
26
COCO mAP: 0.7050794363021851
/home/wxz/Documents/pickle/reta/240p/cut1_257.pickle
27
COCO mAP: 0.2585242986679077
/home/wxz/Documents/pickle/reta/240p/cut5_5121.pickle
28
COCO mAP: 0.7040157318115234
/home/wxz/Documents/pickle/reta/240p/cut3_4113.pickle
29
COCO mAP: 0.7450464963912964
/home/wxz/Documents/pickle/reta/240p/cut6_7633.pickle
30
COCO mAP: 0.8032044172286987
/home/wxz/Documents/pickle/reta/240p/cut3_7313.pickle
31
COCO mAP: 0.5011312961578369
/home/wxz/Documents/pickle/reta/240p/cut4_1501.pickle
32
COCO mAP: 0.8754645586013794
/home/wxz/Documents/pickle/reta/240p/cut9_3633.pickle
33
COCO mAP: 0.6533488035202026
/home/wxz/Documents/pickle/reta/240p/cut2_8281.pickle
34
COCO mAP: 0.9152830839157104
/home/wxz/Documents/pickle/reta/240p/cut2_967.pickle
35
COCO mAP: 0.5962650775909424
/home/wxz/Documents/pickle/reta/240p/cut2_2623.pickle
36
COCO mAP: 0.43978533148765564
/home/wxz/Documents/pickle/reta/240p/cut1_8044.pickle
37
COCO mAP: 0.6992536783218384
/home/wxz/Documents/pickle/reta/240p/cut5_3249.pickle
38
COCO mAP: 0.81434565782547
/home/wxz/Documents/pickle/reta/240p/cut5_1281.pickle
39
COCO mAP: 0.7559443712234497
/home/wxz/Documents/pickle/reta/240p/cut7_5505.pickle
40
COCO mAP: 0.7919172644615173
/home/wxz/Documents/pickle/reta/240p/cut7_8945.pickle
41
COCO mAP: 0.7249417901039124
/home/wxz/Documents/pickle/reta/240p/cut4_8806.pickle
42
COCO mAP: 0.7099307179450989
/home/wxz/Documents/pickle/reta/240p/cut5_6001.pickle
43
COCO mAP: 0.64105623960495
/home/wxz/Documents/pickle/reta/240p/cut3_513.pickle
44
COCO mAP: 0.8075822591781616
/home/wxz/Documents/pickle/reta/240p/cut6_3329.pickle
45
COCO mAP: 0.698918342590332
/home/wxz/Documents/pickle/reta/240p/cut6_4401.pickle
46
COCO mAP: 0.3957970440387726
/home/wxz/Documents/pickle/reta/240p/cut1_6156.pickle
47
COCO mAP: 0.7741502523422241
/home/wxz/Documents/pickle/reta/240p/cut2_5130.pickle
48
COCO mAP: 0.8008449673652649
/home/wxz/Documents/pickle/reta/240p/cut7_6165.pickle
49
COCO mAP: 0.7240829467773438
/home/wxz/Documents/pickle/reta/240p/cut9_4209.pickle
50
COCO mAP: 0.6995068788528442
/home/wxz/Documents/pickle/reta/240p/cut5_1521.pickle
51
COCO mAP: 0.7634207606315613
/home/wxz/Documents/pickle/reta/240p/cut9_2225.pickle
52
COCO mAP: 0.6518464684486389
/home/wxz/Documents/pickle/reta/240p/cut6_8893.pickle
53
COCO mAP: 0.828999400138855
/home/wxz/Documents/pickle/reta/240p/cut2_5521.pickle
54
COCO mAP: 0.877324104309082
/home/wxz/Documents/pickle/reta/240p/cut4_4241.pickle
55
COCO mAP: 0.8138217926025391
/home/wxz/Documents/pickle/reta/240p/cut6_7107.pickle
56
COCO mAP: 0.7042678594589233
/home/wxz/Documents/pickle/reta/240p/cut4_3801.pickle
57
COCO mAP: 0.8193188905715942
/home/wxz/Documents/pickle/reta/240p/cut8_1253.pickle
58
COCO mAP: 0.811701774597168
/home/wxz/Documents/pickle/reta/240p/cut1_6420.pickle
59
COCO mAP: 0.6765686273574829
/home/wxz/Documents/pickle/reta/240p/cut5_7169.pickle
60
COCO mAP: 0.7913429141044617
/home/wxz/Documents/pickle/reta/240p/cut6_1601.pickle
61
COCO mAP: 0.7919195294380188
/home/wxz/Documents/pickle/reta/240p/cut8_2205.pickle
62
COCO mAP: 0.8466193079948425
/home/wxz/Documents/pickle/reta/240p/cut4_1441.pickle
63
COCO mAP: 0.6949742436408997
/home/wxz/Documents/pickle/reta/240p/cut6_2753.pickle
64
COCO mAP: 0.7706872224807739
/home/wxz/Documents/pickle/reta/240p/cut2_7039.pickle
65
COCO mAP: 0.6826073527336121
/home/wxz/Documents/pickle/reta/240p/cut7_1351.pickle
66
COCO mAP: 0.7062267065048218
/home/wxz/Documents/pickle/reta/240p/cut8_3703.pickle
67
COCO mAP: 0.7874760627746582
/home/wxz/Documents/pickle/reta/240p/cut9_5841.pickle
68
COCO mAP: 0.47842463850975037
/home/wxz/Documents/pickle/reta/240p/cut9_817.pickle
69
COCO mAP: 0.49832430481910706
/home/wxz/Documents/pickle/reta/240p/cut2_1381.pickle
70
COCO mAP: 0.4685770869255066
/home/wxz/Documents/pickle/reta/240p/cut6_433.pickle
71
COCO mAP: 0.8136571049690247
/home/wxz/Documents/pickle/reta/240p/cut4_7456.pickle
72
COCO mAP: 0.7177382707595825
/home/wxz/Documents/pickle/reta/240p/cut2_7913.pickle
73
COCO mAP: 0.7181278467178345
/home/wxz/Documents/pickle/reta/240p/cut5_3345.pickle
74
COCO mAP: 0.2849825322628021
/home/wxz/Documents/pickle/reta/240p/cut2_1910.pickle
75
COCO mAP: 0.8829532861709595
/home/wxz/Documents/pickle/reta/240p/cut1_4227.pickle
76
COCO mAP: 0.8670642971992493
/home/wxz/Documents/pickle/reta/240p/cut5_4305.pickle
77
COCO mAP: 0.5169770121574402
/home/wxz/Documents/pickle/reta/240p/cut8_5228.pickle
78
COCO mAP: 0.8046108484268188
/home/wxz/Documents/pickle/reta/240p/cut3_913.pickle
79
COCO mAP: 0.5109521746635437
/home/wxz/Documents/pickle/reta/240p/cut1_5283.pickle
80
COCO mAP: 0.8375552296638489
/home/wxz/Documents/pickle/reta/240p/cut4_2501.pickle
81
COCO mAP: 0.7800163626670837
/home/wxz/Documents/pickle/reta/240p/cut5_6737.pickle
82
COCO mAP: 0.548796534538269
/home/wxz/Documents/pickle/reta/240p/cut5_753.pickle
83
COCO mAP: 0.8484209775924683
/home/wxz/Documents/pickle/reta/240p/cut7_145.pickle
84
COCO mAP: 0.7015765905380249
/home/wxz/Documents/pickle/reta/240p/cut6_8677.pickle
85
COCO mAP: 0.8399865031242371
/home/wxz/Documents/pickle/reta/240p/cut6_6648.pickle
86
COCO mAP: 0.8096992373466492
/home/wxz/Documents/pickle/reta/240p/cut2_1243.pickle
87
COCO mAP: 0.3319893479347229
/home/wxz/Documents/pickle/reta/240p/cut4_8428.pickle
88
COCO mAP: 0.7170721292495728
/home/wxz/Documents/pickle/reta/240p/cut8_2611.pickle
89
COCO mAP: 0.09219259768724442
/home/wxz/Documents/pickle/reta/240p/cut1_7989.pickle
90
COCO mAP: 0.8469910621643066
/home/wxz/Documents/pickle/reta/240p/cut8_6600.pickle
91
COCO mAP: 0.8181552886962891
/home/wxz/Documents/pickle/reta/240p/cut2_1542.pickle
92
COCO mAP: 0.9020771980285645
/home/wxz/Documents/pickle/reta/240p/cut1_8224.pickle
93
COCO mAP: 0.8975475430488586
/home/wxz/Documents/pickle/reta/240p/cut2_8419.pickle
94
COCO mAP: 0.4324932098388672
/home/wxz/Documents/pickle/reta/240p/cut6_7260.pickle
95
COCO mAP: 0.8399526476860046
/home/wxz/Documents/pickle/reta/240p/cut4_4421.pickle
96
COCO mAP: 0.6797633171081543
/home/wxz/Documents/pickle/reta/240p/cut1_4843.pickle
97
COCO mAP: 0.8030751943588257
/home/wxz/Documents/pickle/reta/240p/cut1_6508.pickle
98
COCO mAP: 0.4956403374671936
/home/wxz/Documents/pickle/reta/240p/cut2_2278.pickle
99
COCO mAP: 0.7038693428039551
/home/wxz/Documents/pickle/reta/240p/cut6_7005.pickle
100
COCO mAP: 0.7107370495796204
/home/wxz/Documents/pickle/reta/240p/cut5_8257.pickle
101
COCO mAP: 0.7926766276359558
/home/wxz/Documents/pickle/reta/240p/cut3_1905.pickle
102
COCO mAP: 0.48836851119995117
/home/wxz/Documents/pickle/reta/240p/cut5_4113.pickle
103
COCO mAP: 0.32711106538772583
/home/wxz/Documents/pickle/reta/240p/cut8_3311.pickle
104
COCO mAP: 0.39855527877807617
/home/wxz/Documents/pickle/reta/240p/cut7_4005.pickle
105
COCO mAP: 0.8169636726379395
/home/wxz/Documents/pickle/reta/240p/cut5_1905.pickle
106
COCO mAP: 0.8057597279548645
/home/wxz/Documents/pickle/reta/240p/cut5_6353.pickle
107
COCO mAP: 0.5505337715148926
/home/wxz/Documents/pickle/reta/240p/cut3_8609.pickle
108
COCO mAP: 0.8393634557723999
/home/wxz/Documents/pickle/reta/240p/cut6_2289.pickle
109
COCO mAP: 0.6761829257011414
/home/wxz/Documents/pickle/reta/240p/cut2_4532.pickle
110
COCO mAP: 0.8448975682258606
/home/wxz/Documents/pickle/reta/240p/cut2_3313.pickle
111
COCO mAP: 0.608663022518158
/home/wxz/Documents/pickle/reta/240p/cut2_4210.pickle
112
COCO mAP: 0.7683960199356079
/home/wxz/Documents/pickle/reta/240p/cut4_981.pickle
113
COCO mAP: 0.8102121353149414
/home/wxz/Documents/pickle/reta/240p/cut8_2527.pickle
114
COCO mAP: 0.485394150018692
/home/wxz/Documents/pickle/reta/240p/cut5_1185.pickle
115
COCO mAP: 0.8095850944519043
/home/wxz/Documents/pickle/reta/240p/cut8_6432.pickle
116
COCO mAP: 0.6855267286300659
/home/wxz/Documents/pickle/reta/240p/cut6_3857.pickle
117
COCO mAP: 0.42353445291519165
/home/wxz/Documents/pickle/reta/240p/cut7_8525.pickle
118
COCO mAP: 0.7995674014091492
/home/wxz/Documents/pickle/reta/240p/cut6_1073.pickle
119
COCO mAP: 0.5400038361549377
/home/wxz/Documents/pickle/reta/240p/cut8_3409.pickle
120
COCO mAP: 0.7553777694702148
/home/wxz/Documents/pickle/reta/240p/cut2_714.pickle
121
COCO mAP: 0.4314780831336975
/home/wxz/Documents/pickle/reta/240p/cut5_7457.pickle
122
COCO mAP: 0.7188509702682495
/home/wxz/Documents/pickle/reta/240p/cut1_3262.pickle
123
COCO mAP: 0.48609837889671326
/home/wxz/Documents/pickle/reta/240p/cut4_4301.pickle
124
COCO mAP: 0.24023762345314026
/home/wxz/Documents/pickle/reta/240p/cut4_3121.pickle
125
COCO mAP: 0.8133807182312012
/home/wxz/Documents/pickle/reta/240p/cut7_3905.pickle
126
COCO mAP: 0.6936121582984924
/home/wxz/Documents/pickle/reta/240p/cut6_4513.pickle
127
COCO mAP: 0.7162280678749084
/home/wxz/Documents/pickle/reta/240p/cut2_4693.pickle
128
COCO mAP: 0.851352334022522
/home/wxz/Documents/pickle/reta/240p/cut9_3137.pickle
129
COCO mAP: 0.37556931376457214
/home/wxz/Documents/pickle/reta/240p/cut4_5201.pickle
130
COCO mAP: 0.6793065667152405
/home/wxz/Documents/pickle/reta/240p/cut8_8714.pickle
131
COCO mAP: 0.2720646858215332
/home/wxz/Documents/pickle/reta/240p/cut4_5701.pickle
132
COCO mAP: 0.8557350039482117
/home/wxz/Documents/pickle/reta/240p/cut6_3521.pickle
133
COCO mAP: 0.6687668561935425
/home/wxz/Documents/pickle/reta/240p/cut2_3221.pickle
134
COCO mAP: 0.6435514092445374
/home/wxz/Documents/pickle/reta/240p/cut1_604.pickle
135
COCO mAP: 0.5386738777160645
/home/wxz/Documents/pickle/reta/240p/cut6_4305.pickle
136
COCO mAP: 0.535065770149231
/home/wxz/Documents/pickle/reta/240p/cut9_4305.pickle
137
COCO mAP: 0.8595571517944336
/home/wxz/Documents/pickle/reta/240p/cut3_4545.pickle
138
COCO mAP: 0.7483925819396973
/home/wxz/Documents/pickle/reta/240p/cut8_800.pickle
139
COCO mAP: 0.6281450986862183
/home/wxz/Documents/pickle/reta/240p/cut5_1809.pickle
140
COCO mAP: 0.7761717438697815
/home/wxz/Documents/pickle/reta/240p/cut7_1963.pickle
141
COCO mAP: 0.6927403807640076
/home/wxz/Documents/pickle/reta/240p/cut7_7345.pickle
142
COCO mAP: 0.5638229250907898
/home/wxz/Documents/pickle/reta/240p/cut3_1217.pickle
143
COCO mAP: 0.6784936189651489
/home/wxz/Documents/pickle/reta/240p/cut3_6769.pickle
144
COCO mAP: 0.6377317905426025
/home/wxz/Documents/pickle/reta/240p/cut1_2110.pickle
145
COCO mAP: 0.6045229434967041
/home/wxz/Documents/pickle/reta/240p/cut1_112.pickle
146
COCO mAP: 0.17320844531059265
/home/wxz/Documents/pickle/reta/240p/cut2_5337.pickle
147
COCO mAP: 0.5462981462478638
/home/wxz/Documents/pickle/reta/240p/cut1_430.pickle
148
COCO mAP: 0.18200291693210602
/home/wxz/Documents/pickle/reta/240p/cut2_1496.pickle
149
COCO mAP: 0.8970860242843628
/home/wxz/Documents/pickle/reta/240p/cut4_1201.pickle
150
COCO mAP: 0.8701653480529785
/home/wxz/Documents/pickle/reta/240p/cut6_4145.pickle
151
COCO mAP: 0.5234232544898987
/home/wxz/Documents/pickle/reta/240p/cut2_8005.pickle
152
COCO mAP: 0.6610378623008728
/home/wxz/Documents/pickle/reta/240p/cut9_4113.pickle
153
COCO mAP: 0.48053327202796936
/home/wxz/Documents/pickle/reta/240p/cut2_3842.pickle
154
COCO mAP: 0.5048964619636536
/home/wxz/Documents/pickle/reta/240p/cut8_1000.pickle
155
COCO mAP: 0.4391610026359558
/home/wxz/Documents/pickle/reta/240p/cut6_1297.pickle
156
COCO mAP: 0.6370896100997925
/home/wxz/Documents/pickle/reta/240p/cut4_6646.pickle
157
COCO mAP: 0.7480626106262207
/home/wxz/Documents/pickle/reta/240p/cut7_6825.pickle
158
COCO mAP: 0.7415229082107544
/home/wxz/Documents/pickle/reta/240p/cut5_7873.pickle
159
COCO mAP: 0.7811840772628784
/home/wxz/Documents/pickle/reta/240p/cut6_7309.pickle
160
COCO mAP: 0.8141673803329468
/home/wxz/Documents/pickle/reta/240p/cut3_3953.pickle
161
COCO mAP: 0.8594939112663269
/home/wxz/Documents/pickle/reta/240p/cut7_5745.pickle
162
COCO mAP: 0.7798784375190735
/home/wxz/Documents/pickle/reta/240p/cut7_2705.pickle
163
COCO mAP: 0.5790268182754517
/home/wxz/Documents/pickle/reta/240p/cut2_5245.pickle
164
COCO mAP: 0.6115111112594604
/home/wxz/Documents/pickle/reta/240p/cut9_4401.pickle
165
COCO mAP: 0.4849063754081726
/home/wxz/Documents/pickle/reta/240p/cut6_4049.pickle
166
COCO mAP: 0.7866884469985962
/home/wxz/Documents/pickle/reta/240p/cut3_2113.pickle
167
COCO mAP: 0.290984183549881
/home/wxz/Documents/pickle/reta/240p/cut5_3009.pickle
168
COCO mAP: 0.7785950899124146
/home/wxz/Documents/pickle/reta/240p/cut1_517.pickle
169
COCO mAP: 0.7451925277709961
/home/wxz/Documents/pickle/reta/240p/cut5_6449.pickle
170
COCO mAP: 0.2787848711013794
/home/wxz/Documents/pickle/reta/240p/cut3_1521.pickle
171
COCO mAP: 0.5065611600875854
/home/wxz/Documents/pickle/reta/240p/cut5_2001.pickle
172
COCO mAP: 0.7047948837280273
/home/wxz/Documents/pickle/reta/240p/cut4_641.pickle
173
COCO mAP: 0.8193328976631165
/home/wxz/Documents/pickle/reta/240p/cut2_5475.pickle
174
COCO mAP: 0.5666180849075317
/home/wxz/Documents/pickle/reta/240p/cut7_241.pickle
175
COCO mAP: 0.8700228929519653
/home/wxz/Documents/pickle/reta/240p/cut3_6385.pickle
176
COCO mAP: 0.8961312174797058
/home/wxz/Documents/pickle/reta/240p/cut1_5019.pickle
177
COCO mAP: 0.8011816740036011
/home/wxz/Documents/pickle/reta/240p/cut1_1934.pickle
178
COCO mAP: 0.4542665481567383
/home/wxz/Documents/pickle/reta/240p/cut6_2513.pickle
179
COCO mAP: 0.7764326333999634
/home/wxz/Documents/pickle/reta/240p/cut7_5105.pickle
180
COCO mAP: 0.6758142113685608
/home/wxz/Documents/pickle/reta/240p/cut7_8005.pickle
181
COCO mAP: 0.6345329880714417
/home/wxz/Documents/pickle/reta/240p/cut8_6236.pickle
182
COCO mAP: 0.8184286952018738
/home/wxz/Documents/pickle/reta/240p/cut8_113.pickle
183
COCO mAP: 0.5579560399055481
/home/wxz/Documents/pickle/reta/240p/cut9_5953.pickle
184
COCO mAP: 0.4869963228702545
/home/wxz/Documents/pickle/reta/240p/cut9_2705.pickle
185
COCO mAP: 0.5900048017501831
/home/wxz/Documents/pickle/reta/240p/cut9_3521.pickle
186
COCO mAP: 0.740256667137146
/home/wxz/Documents/pickle/reta/240p/cut7_5345.pickle
187
COCO mAP: 0.6772990226745605
/home/wxz/Documents/pickle/reta/240p/cut8_4207.pickle
188
COCO mAP: 0.7604097723960876
/home/wxz/Documents/pickle/reta/240p/cut7_5865.pickle
189
COCO mAP: 0.6795555353164673
/home/wxz/Documents/pickle/reta/240p/cut2_4003.pickle
190
COCO mAP: 0.8115569353103638
/home/wxz/Documents/pickle/reta/240p/cut1_1758.pickle
191
COCO mAP: 0.17219164967536926
/home/wxz/Documents/pickle/reta/240p/cut7_561.pickle
192
COCO mAP: 0.8216476440429688
/home/wxz/Documents/pickle/reta/240p/cut3_1121.pickle
193
COCO mAP: 0.3907266855239868
/home/wxz/Documents/pickle/reta/240p/cut8_6838.pickle
194
COCO mAP: 0.8546100854873657
/home/wxz/Documents/pickle/reta/240p/cut3_8321.pickle
195
COCO mAP: 0.7109181880950928
/home/wxz/Documents/pickle/reta/240p/cut7_3125.pickle
196
COCO mAP: 0.8431856036186218
/home/wxz/Documents/pickle/reta/240p/cut3_4641.pickle
197
COCO mAP: 0.5979828834533691
/home/wxz/Documents/pickle/reta/240p/cut8_1435.pickle
198
COCO mAP: 0.8813961744308472
/home/wxz/Documents/pickle/reta/240p/cut1_1671.pickle
199
COCO mAP: 0.37756356596946716
/home/wxz/Documents/pickle/reta/240p/cut6_5713.pickle
200
COCO mAP: 0.8697450757026672
/home/wxz/Documents/pickle/reta/240p/cut4_4041.pickle
201
COCO mAP: 0.5402542352676392
/home/wxz/Documents/pickle/reta/240p/cut4_5801.pickle
202
COCO mAP: 0.8006564378738403
/home/wxz/Documents/pickle/reta/240p/cut3_6289.pickle
203
COCO mAP: 0.7132784128189087
/home/wxz/Documents/pickle/reta/240p/cut9_1.pickle
204
COCO mAP: 0.07545428723096848
/home/wxz/Documents/pickle/reta/240p/cut3_2833.pickle
205
COCO mAP: 0.785915732383728
/home/wxz/Documents/pickle/reta/240p/cut5_2305.pickle
206
COCO mAP: 0.2120983600616455
/home/wxz/Documents/pickle/reta/240p/cut9_2417.pickle
207
COCO mAP: 0.6917833089828491
/home/wxz/Documents/pickle/reta/240p/cut2_4463.pickle
208
COCO mAP: 0.8435981869697571
/home/wxz/Documents/pickle/reta/240p/cut5_8161.pickle
209
COCO mAP: 0.7764156460762024
/home/wxz/Documents/pickle/reta/240p/cut1_3611.pickle
210
COCO mAP: 0.804948627948761
/home/wxz/Documents/pickle/reta/240p/cut4_4601.pickle
211
COCO mAP: 0.6546688675880432
/home/wxz/Documents/pickle/reta/240p/cut4_8536.pickle
212
COCO mAP: 0.7515240907669067
/home/wxz/Documents/pickle/reta/240p/cut6_337.pickle
213
COCO mAP: 0.8803043365478516
/home/wxz/Documents/pickle/reta/240p/cut6_7543.pickle
214
COCO mAP: 0.7776569724082947
/home/wxz/Documents/pickle/reta/240p/cut2_1818.pickle
215
COCO mAP: 0.7138127088546753
/home/wxz/Documents/pickle/reta/240p/cut4_5021.pickle
216
COCO mAP: 0.8766005635261536
/home/wxz/Documents/pickle/reta/240p/cut4_7564.pickle
217
COCO mAP: 0.8709571957588196
/home/wxz/Documents/pickle/reta/240p/cut4_5461.pickle
218
COCO mAP: 0.2431717813014984
/home/wxz/Documents/pickle/reta/240p/cut8_7930.pickle
219
COCO mAP: 0.8025531768798828
/home/wxz/Documents/pickle/reta/240p/cut5_7361.pickle
220
COCO mAP: 0.6806986331939697
/home/wxz/Documents/pickle/reta/240p/cut6_1809.pickle
221
COCO mAP: 0.717049241065979
/home/wxz/Documents/pickle/reta/240p/cut5_337.pickle
222
COCO mAP: 0.8005571365356445
/home/wxz/Documents/pickle/reta/240p/cut7_3785.pickle
223
COCO mAP: 0.7176438570022583
/home/wxz/Documents/pickle/reta/240p/cut2_231.pickle
224
COCO mAP: 0.8679300546646118
/home/wxz/Documents/pickle/reta/240p/cut9_5265.pickle
225
COCO mAP: 0.593485951423645
/home/wxz/Documents/pickle/reta/240p/cut7_6065.pickle
226
COCO mAP: 0.6440175771713257
/home/wxz/Documents/pickle/reta/240p/cut3_6673.pickle
227
COCO mAP: 0.3733375072479248
/home/wxz/Documents/pickle/reta/240p/cut7_1585.pickle
228
COCO mAP: 0.7863567471504211
/home/wxz/Documents/pickle/reta/240p/cut1_4051.pickle
229
COCO mAP: 0.8291532397270203
/home/wxz/Documents/pickle/reta/240p/cut4_1081.pickle
230
COCO mAP: 0.843677818775177
/home/wxz/Documents/pickle/reta/240p/cut2_5682.pickle
231
COCO mAP: 0.7752832174301147
/home/wxz/Documents/pickle/reta/240p/cut7_5225.pickle
232
COCO mAP: 0.6261228322982788
/home/wxz/Documents/pickle/reta/240p/cut7_6405.pickle
233
COCO mAP: 0.8654430508613586
/home/wxz/Documents/pickle/reta/240p/cut8_7230.pickle
234
COCO mAP: 0.6707624197006226
/home/wxz/Documents/pickle/reta/240p/cut6_3953.pickle
235
COCO mAP: 0.7310174107551575
/home/wxz/Documents/pickle/reta/240p/cut6_1393.pickle
236
COCO mAP: 0.8110321164131165
/home/wxz/Documents/pickle/reta/240p/cut1_1053.pickle
237
COCO mAP: 0.0311130378395319
/home/wxz/Documents/pickle/reta/240p/cut1_1228.pickle
238
COCO mAP: 0.7508772015571594
/home/wxz/Documents/pickle/reta/240p/cut4_8644.pickle
239
COCO mAP: 0.39984577894210815
/home/wxz/Documents/pickle/reta/240p/cut6_3713.pickle
240
COCO mAP: 0.7766987085342407
/home/wxz/Documents/pickle/reta/240p/cut1_4315.pickle
241
COCO mAP: 0.8721299171447754
/home/wxz/Documents/pickle/reta/240p/cut2_7177.pickle
242
COCO mAP: 0.755949079990387
/home/wxz/Documents/pickle/reta/240p/cut6_2849.pickle
243
COCO mAP: 0.708316445350647
/home/wxz/Documents/pickle/reta/240p/cut6_6036.pickle
244
COCO mAP: 0.8212157487869263
/home/wxz/Documents/pickle/reta/240p/cut7_385.pickle
245
COCO mAP: 0.7533252835273743
/home/wxz/Documents/pickle/reta/240p/cut1_4501.pickle
246
COCO mAP: 0.8185344934463501
/home/wxz/Documents/pickle/reta/240p/cut3_5505.pickle
247
COCO mAP: 0.7120517492294312
/home/wxz/Documents/pickle/reta/240p/cut3_8993.pickle
248
COCO mAP: 0.4606175422668457
/home/wxz/Documents/pickle/reta/240p/cut3_8225.pickle
249
COCO mAP: 0.889647364616394
/home/wxz/Documents/pickle/reta/240p/cut1_7754.pickle
250
COCO mAP: 0.8306663632392883
/home/wxz/Documents/pickle/reta/240p/cut3_3073.pickle
251
COCO mAP: 0.7442118525505066
/home/wxz/Documents/pickle/reta/240p/cut1_1404.pickle
252
COCO mAP: 0.2701994478702545
/home/wxz/Documents/pickle/reta/240p/cut7_6505.pickle
253
COCO mAP: 0.5993505716323853
/home/wxz/Documents/pickle/reta/240p/cut4_6021.pickle
254
COCO mAP: 0.7466739416122437
/home/wxz/Documents/pickle/reta/240p/cut4_821.pickle
255
COCO mAP: 0.8643386960029602
/home/wxz/Documents/pickle/reta/240p/cut9_5361.pickle
256
COCO mAP: 0.7090402841567993
/home/wxz/Documents/pickle/reta/240p/cut1_7139.pickle
257
COCO mAP: 0.12849514186382294
/home/wxz/Documents/pickle/reta/240p/cut8_3829.pickle
258
COCO mAP: 0.3789358139038086
/home/wxz/Documents/pickle/reta/240p/cut1_8114.pickle
259
COCO mAP: 0.5434377789497375
/home/wxz/Documents/pickle/reta/240p/cut3_6961.pickle
260
COCO mAP: 0.8203219175338745
/home/wxz/Documents/pickle/reta/240p/cut5_4209.pickle
261
COCO mAP: 0.745742917060852
/home/wxz/Documents/pickle/reta/240p/cut1_7004.pickle
262
COCO mAP: 0.25601011514663696
/home/wxz/Documents/pickle/reta/240p/cut5_5809.pickle
263
COCO mAP: 0.5617024898529053
/home/wxz/Documents/pickle/reta/240p/cut1_7524.pickle
264
COCO mAP: 0.6693223118782043
/home/wxz/Documents/pickle/reta/240p/cut8_3507.pickle
265
COCO mAP: 0.746208667755127
/home/wxz/Documents/pickle/reta/240p/cut8_6922.pickle
266
COCO mAP: 0.7473750114440918
/home/wxz/Documents/pickle/reta/240p/cut1_4758.pickle
267
COCO mAP: 0.8253510594367981
/home/wxz/Documents/pickle/reta/240p/cut7_2965.pickle
268
COCO mAP: 0.827811598777771
/home/wxz/Documents/pickle/reta/240p/cut1_6332.pickle
269
COCO mAP: 0.7366586923599243
/home/wxz/Documents/pickle/reta/240p/cut3_337.pickle
270
COCO mAP: 0.10911859571933746
/home/wxz/Documents/pickle/reta/240p/cut8_4123.pickle
271
COCO mAP: 0.7152074575424194
/home/wxz/Documents/pickle/reta/240p/cut7_3845.pickle
272
COCO mAP: 0.7329164743423462
/home/wxz/Documents/pickle/reta/240p/cut3_7201.pickle
273
COCO mAP: 0.5753580331802368
/home/wxz/Documents/pickle/reta/240p/cut9_3425.pickle
274
COCO mAP: 0.37094980478286743
/home/wxz/Documents/pickle/reta/240p/cut5_8449.pickle
275
COCO mAP: 0.7159687876701355
/home/wxz/Documents/pickle/reta/240p/cut2_2094.pickle
276
COCO mAP: 0.8763947486877441
/home/wxz/Documents/pickle/reta/240p/cut4_1321.pickle
277
COCO mAP: 0.6183605194091797
/home/wxz/Documents/pickle/reta/240p/cut8_5704.pickle
278
COCO mAP: 0.7752996683120728
/home/wxz/Documents/pickle/reta/240p/cut9_2609.pickle
279
COCO mAP: 0.4557882249355316
/home/wxz/Documents/pickle/reta/240p/cut4_6754.pickle
280
COCO mAP: 0.6125317215919495
/home/wxz/Documents/pickle/reta/240p/cut3_2929.pickle
281
COCO mAP: 0.6461842656135559
/home/wxz/Documents/pickle/reta/240p/cut2_4141.pickle
282
COCO mAP: 0.6801475286483765
/home/wxz/Documents/pickle/reta/240p/cut6_3233.pickle
283
COCO mAP: 0.806293785572052
/home/wxz/Documents/pickle/reta/240p/cut3_6481.pickle
284
COCO mAP: 0.7535600066184998
/home/wxz/Documents/pickle/reta/240p/cut7_2525.pickle
285
COCO mAP: 0.5543045997619629
/home/wxz/Documents/pickle/reta/240p/cut8_1337.pickle
286
COCO mAP: 0.8382071256637573
/home/wxz/Documents/pickle/reta/240p/cut7_1693.pickle
287
COCO mAP: 0.6329236626625061
/home/wxz/Documents/pickle/reta/240p/cut5_561.pickle
288
COCO mAP: 0.49830183386802673
/home/wxz/Documents/pickle/reta/240p/cut1_7314.pickle
289
COCO mAP: 0.0458933524787426
/home/wxz/Documents/pickle/reta/240p/cut4_6916.pickle
290
COCO mAP: 0.7513470649719238
/home/wxz/Documents/pickle/reta/240p/cut6_2145.pickle
291
COCO mAP: 0.7097182869911194
/home/wxz/Documents/pickle/reta/240p/cut5_193.pickle
292
COCO mAP: 0.6335219144821167
/home/wxz/Documents/pickle/reta/240p/cut6_8569.pickle
293
COCO mAP: 0.587534487247467
/home/wxz/Documents/pickle/reta/240p/cut5_5505.pickle
294
COCO mAP: 0.3423609733581543
/home/wxz/Documents/pickle/reta/240p/cut1_7254.pickle
295
COCO mAP: 0.07658995687961578
/home/wxz/Documents/pickle/reta/240p/cut2_2554.pickle
296
COCO mAP: 0.6476899981498718
/home/wxz/Documents/pickle/reta/240p/cut8_4039.pickle
297
COCO mAP: 0.42494291067123413
/home/wxz/Documents/pickle/reta/240p/cut9_3921.pickle
298
COCO mAP: 0.5845996737480164
/home/wxz/Documents/pickle/reta/240p/cut7_4505.pickle
299
COCO mAP: 0.8570544123649597
/home/wxz/Documents/pickle/reta/240p/cut4_8992.pickle
300
COCO mAP: 0.3536202013492584
/home/wxz/Documents/pickle/reta/240p/cut6_4721.pickle
301
COCO mAP: 0.7502014636993408
/home/wxz/Documents/pickle/reta/240p/cut7_6945.pickle
302
COCO mAP: 0.8287455439567566
/home/wxz/Documents/pickle/reta/240p/cut2_3405.pickle
303
COCO mAP: 0.6856226921081543
/home/wxz/Documents/pickle/reta/240p/cut2_8672.pickle
304
COCO mAP: 0.7117087841033936
/home/wxz/Documents/pickle/reta/240p/cut1_3876.pickle
305
COCO mAP: 0.5751593708992004
/home/wxz/Documents/pickle/reta/240p/cut9_529.pickle
306
COCO mAP: 0.695267379283905
/home/wxz/Documents/pickle/reta/240p/cut9_2945.pickle
307
COCO mAP: 0.5021706223487854
/home/wxz/Documents/pickle/reta/240p/cut4_3561.pickle
308
COCO mAP: 0.4171600937843323
/home/wxz/Documents/pickle/reta/240p/cut4_6574.pickle
309
COCO mAP: 0.5518604516983032
/home/wxz/Documents/pickle/reta/240p/cut9_2129.pickle
310
COCO mAP: 0.698172926902771
/home/wxz/Documents/pickle/reta/240p/cut9_2513.pickle
311
COCO mAP: 0.5961804986000061
/home/wxz/Documents/pickle/reta/240p/cut3_3441.pickle
312
COCO mAP: 0.6018399596214294
/home/wxz/Documents/pickle/reta/240p/cut3_7409.pickle
313
COCO mAP: 0.7020991444587708
/home/wxz/Documents/pickle/reta/240p/cut7_1201.pickle
314
COCO mAP: 0.7648694515228271
/home/wxz/Documents/pickle/reta/240p/cut2_1772.pickle
315
COCO mAP: 0.7482813596725464
/home/wxz/Documents/pickle/reta/240p/cut1_966.pickle
316
COCO mAP: 0.41041988134384155
/home/wxz/Documents/pickle/reta/240p/cut1_2732.pickle
317
COCO mAP: 0.017971204593777657
/home/wxz/Documents/pickle/reta/240p/cut7_8405.pickle
318
COCO mAP: 0.832654595375061
/home/wxz/Documents/pickle/reta/240p/cut3_257.pickle
319
COCO mAP: 0.7531619071960449
/home/wxz/Documents/pickle/reta/240p/cut9_6241.pickle
320
COCO mAP: 0.6883816123008728
/home/wxz/Documents/pickle/reta/240p/cut1_3964.pickle
321
COCO mAP: 0.5740658044815063
/home/wxz/Documents/pickle/reta/240p/cut7_7885.pickle
322
COCO mAP: 0.4926963746547699
/home/wxz/Documents/pickle/reta/240p/cut5_4785.pickle
323
COCO mAP: 0.4709393382072449
/home/wxz/Documents/pickle/reta/240p/cut4_1141.pickle
324
COCO mAP: 0.19508495926856995
/home/wxz/Documents/pickle/reta/240p/cut6_4913.pickle
325
COCO mAP: 0.7067371606826782
/home/wxz/Documents/pickle/reta/240p/cut4_2441.pickle
326
COCO mAP: 0.8316923975944519
/home/wxz/Documents/pickle/reta/240p/cut1_2645.pickle
327
COCO mAP: 0.04405040293931961
/home/wxz/Documents/pickle/reta/240p/cut9_5025.pickle
328
COCO mAP: 0.5283858776092529
/home/wxz/Documents/pickle/reta/240p/cut7_7605.pickle
329
COCO mAP: 0.5940753817558289
/home/wxz/Documents/pickle/reta/240p/cut3_1329.pickle
330
COCO mAP: 0.3771553635597229
/home/wxz/Documents/pickle/reta/240p/cut3_1025.pickle
331
COCO mAP: 0.3958192467689514
/home/wxz/Documents/pickle/reta/240p/cut7_8325.pickle
332
COCO mAP: 0.6482112407684326
/home/wxz/Documents/pickle/reta/240p/cut5_8065.pickle
333
COCO mAP: 0.6601985692977905
/home/wxz/Documents/pickle/reta/240p/cut1_3002.pickle
334
COCO mAP: 0.18143293261528015
/home/wxz/Documents/pickle/reta/240p/cut7_2645.pickle
335
COCO mAP: 0.3205145001411438
/home/wxz/Documents/pickle/reta/240p/cut7_1265.pickle
336
COCO mAP: 0.7085093855857849
/home/wxz/Documents/pickle/reta/240p/cut8_702.pickle
337
COCO mAP: 0.7856391072273254
/home/wxz/Documents/pickle/reta/240p/cut8_7006.pickle
338
COCO mAP: 0.8718426823616028
/home/wxz/Documents/pickle/reta/240p/cut5_7633.pickle
339
COCO mAP: 0.8535709381103516
/home/wxz/Documents/pickle/reta/240p/cut4_8104.pickle
340
COCO mAP: 0.8085037469863892
/home/wxz/Documents/pickle/reta/240p/cut5_8737.pickle
341
COCO mAP: 0.7983161211013794
/home/wxz/Documents/pickle/reta/240p/cut3_1713.pickle
342
COCO mAP: 0.40906596183776855
/home/wxz/Documents/pickle/reta/240p/cut3_5713.pickle
343
COCO mAP: 0.8274710774421692
/home/wxz/Documents/pickle/reta/240p/cut4_5601.pickle
344
COCO mAP: 0.8271468281745911
/home/wxz/Documents/pickle/reta/240p/cut1_5889.pickle
345
COCO mAP: 0.7533114552497864
/home/wxz/Documents/pickle/reta/240p/cut9_913.pickle
346
COCO mAP: 0.5575635433197021
/home/wxz/Documents/pickle/reta/240p/cut5_6833.pickle
347
COCO mAP: 0.49267539381980896
/home/wxz/Documents/pickle/reta/240p/cut6_721.pickle
348
COCO mAP: 0.7274711728096008
/home/wxz/Documents/pickle/reta/240p/cut3_7841.pickle
349
COCO mAP: 0.23370516300201416
/home/wxz/Documents/pickle/reta/240p/cut7_7065.pickle
350
COCO mAP: 0.7382792830467224
/home/wxz/Documents/pickle/reta/240p/cut3_7057.pickle
351
COCO mAP: 0.7283175587654114
/home/wxz/Documents/pickle/reta/240p/cut4_7780.pickle
352
COCO mAP: 0.7123218178749084
/home/wxz/Documents/pickle/reta/240p/cut4_2621.pickle
353
COCO mAP: 0.7833120226860046
/home/wxz/Documents/pickle/reta/240p/cut5_7537.pickle
354
COCO mAP: 0.7789358496665955
/home/wxz/Documents/pickle/reta/240p/cut5_8641.pickle
355
COCO mAP: 0.6656424403190613
/home/wxz/Documents/pickle/reta/240p/cut8_3955.pickle
356
COCO mAP: 0.893255889415741
/home/wxz/Documents/pickle/reta/240p/cut2_1634.pickle
357
COCO mAP: 0.6189696192741394
/home/wxz/Documents/pickle/reta/240p/cut5_1425.pickle
358
COCO mAP: 0.7894008755683899
/home/wxz/Documents/pickle/reta/240p/cut1_8939.pickle
359
COCO mAP: 0.9209791421890259
/home/wxz/Documents/pickle/reta/240p/cut2_2922.pickle
360
COCO mAP: 0.730541467666626
/home/wxz/Documents/pickle/reta/240p/cut8_7328.pickle
361
COCO mAP: 0.6576782464981079
/home/wxz/Documents/pickle/reta/240p/cut8_2821.pickle
362
COCO mAP: 0.6161507368087769
/home/wxz/Documents/pickle/reta/240p/cut8_5312.pickle
363
COCO mAP: 0.8789986371994019
/home/wxz/Documents/pickle/reta/240p/cut1_1140.pickle
364
COCO mAP: 0.6934861540794373
/home/wxz/Documents/pickle/reta/240p/cut4_2721.pickle
365
COCO mAP: 0.8957802057266235
/home/wxz/Documents/pickle/reta/240p/cut7_481.pickle
366
COCO mAP: 0.7892869710922241
/home/wxz/Documents/pickle/reta/240p/cut7_8105.pickle
367
COCO mAP: 0.6090639233589172
/home/wxz/Documents/pickle/reta/240p/cut8_6726.pickle
368
COCO mAP: 0.7750234603881836
/home/wxz/Documents/pickle/reta/240p/cut5_289.pickle
369
COCO mAP: 0.6629708409309387
/home/wxz/Documents/pickle/reta/240p/cut9_1601.pickle
370
COCO mAP: 0.7760227918624878
/home/wxz/Documents/pickle/reta/240p/cut9_1409.pickle
371
COCO mAP: 0.7893347144126892
/home/wxz/Documents/pickle/reta/240p/cut9_1201.pickle
372
COCO mAP: 0.5495602488517761
/home/wxz/Documents/pickle/reta/240p/cut5_6257.pickle
373
COCO mAP: 0.7497752904891968
/home/wxz/Documents/pickle/reta/240p/cut9_625.pickle
374
COCO mAP: 0.7615514397621155
/home/wxz/Documents/pickle/reta/240p/cut8_8462.pickle
375
COCO mAP: 0.8297408223152161
/home/wxz/Documents/pickle/reta/240p/cut8_8014.pickle
376
COCO mAP: 0.7348809838294983
/home/wxz/Documents/pickle/reta/240p/cut3_5409.pickle
377
COCO mAP: 0.6042701601982117
/home/wxz/Documents/pickle/reta/240p/cut2_507.pickle
378
COCO mAP: 0.4930843710899353
/home/wxz/Documents/pickle/reta/240p/cut2_2485.pickle
379
COCO mAP: 0.12256622314453125
/home/wxz/Documents/pickle/reta/240p/cut6_5313.pickle
380
COCO mAP: 0.7468421459197998
/home/wxz/Documents/pickle/reta/240p/cut3_3313.pickle
381
COCO mAP: 0.7862443327903748
/home/wxz/Documents/pickle/reta/240p/cut5_6545.pickle
382
COCO mAP: 0.6735618710517883
/home/wxz/Documents/pickle/reta/240p/cut3_5025.pickle
383
COCO mAP: 0.7732080221176147
/home/wxz/Documents/pickle/reta/240p/cut8_1113.pickle
384
COCO mAP: 0.7056331038475037
/home/wxz/Documents/pickle/reta/240p/cut3_8033.pickle
385
COCO mAP: 0.9172371625900269
/home/wxz/Documents/pickle/reta/240p/cut4_2841.pickle
386
COCO mAP: 0.7880645990371704
/home/wxz/Documents/pickle/reta/240p/cut3_5217.pickle
387
COCO mAP: 0.738696813583374
/home/wxz/Documents/pickle/reta/240p/cut2_2715.pickle
388
COCO mAP: 0.5697491765022278
/home/wxz/Documents/pickle/reta/240p/cut6_7453.pickle
389
COCO mAP: 0.8443026542663574
/home/wxz/Documents/pickle/reta/240p/cut6_817.pickle
390
COCO mAP: 0.7814726233482361
/home/wxz/Documents/pickle/reta/240p/cut3_2737.pickle
391
COCO mAP: 0.6887252330780029
/home/wxz/Documents/pickle/reta/240p/cut7_2885.pickle
392
COCO mAP: 0.39948779344558716
/home/wxz/Documents/pickle/reta/240p/cut5_3441.pickle
393
COCO mAP: 0.7205380201339722
/home/wxz/Documents/pickle/reta/240p/cut1_7644.pickle
394
COCO mAP: 0.760711669921875
/home/wxz/Documents/pickle/reta/240p/cut3_5809.pickle
395
COCO mAP: 0.7233518362045288
/home/wxz/Documents/pickle/reta/240p/cut8_7804.pickle
396
COCO mAP: 0.40671616792678833
/home/wxz/Documents/pickle/reta/240p/cut3_5601.pickle
397
COCO mAP: 0.676176905632019
/home/wxz/Documents/pickle/reta/240p/cut5_7073.pickle
398
COCO mAP: 0.7617343664169312
/home/wxz/Documents/pickle/reta/240p/cut9_6305.pickle
399
COCO mAP: 0.8578988313674927
/home/wxz/Documents/pickle/reta/240p/cut3_8129.pickle
400
COCO mAP: 0.7963259220123291
/home/wxz/Documents/pickle/reta/240p/cut5_4545.pickle
401
COCO mAP: 0.1647052764892578
/home/wxz/Documents/pickle/reta/240p/cut7_3425.pickle
402
COCO mAP: 0.7641952633857727
/home/wxz/Documents/pickle/reta/240p/cut3_8513.pickle
403
COCO mAP: 0.7954471111297607
/home/wxz/Documents/pickle/reta/240p/cut8_506.pickle
404
COCO mAP: 0.22950342297554016
/home/wxz/Documents/pickle/reta/240p/cut2_5912.pickle
405
COCO mAP: 0.7951236367225647
/home/wxz/Documents/pickle/reta/240p/cut5_2545.pickle
406
COCO mAP: 0.8510558009147644
/home/wxz/Documents/pickle/reta/240p/cut3_4209.pickle
407
COCO mAP: 0.7819021940231323
/home/wxz/Documents/pickle/reta/240p/cut6_8029.pickle
408
COCO mAP: 0.8633307218551636
/home/wxz/Documents/pickle/reta/240p/cut8_7510.pickle
409
COCO mAP: 0.5267170667648315
/home/wxz/Documents/pickle/reta/240p/cut3_2001.pickle
410
COCO mAP: 0.8386615514755249
/home/wxz/Documents/pickle/reta/240p/cut3_7937.pickle
411
COCO mAP: 0.7580806612968445
/home/wxz/Documents/pickle/reta/240p/cut3_705.pickle
412
COCO mAP: 0.9213725328445435
/home/wxz/Documents/pickle/reta/240p/cut4_2241.pickle
413
COCO mAP: 0.7775393128395081
/home/wxz/Documents/pickle/reta/240p/cut2_7522.pickle
414
COCO mAP: 0.826248824596405
/home/wxz/Documents/pickle/reta/240p/cut2_8879.pickle
415
COCO mAP: 0.4237702488899231
/home/wxz/Documents/pickle/reta/240p/cut9_4017.pickle
416
COCO mAP: 0.41734084486961365
/home/wxz/Documents/pickle/reta/240p/cut3_3857.pickle
417
COCO mAP: 0.6500742435455322
/home/wxz/Documents/pickle/reta/240p/cut5_4641.pickle
418
COCO mAP: 0.2658459544181824
/home/wxz/Documents/pickle/reta/240p/cut4_7024.pickle
419
COCO mAP: 0.5581165552139282
/home/wxz/Documents/pickle/reta/240p/cut5_5713.pickle
420
COCO mAP: 0.46538543701171875
/home/wxz/Documents/pickle/reta/240p/cut5_1377.pickle
421
COCO mAP: 0.775364339351654
/home/wxz/Documents/pickle/reta/240p/cut7_3545.pickle
422
COCO mAP: 0.787601888179779
/home/wxz/Documents/pickle/reta/240p/cut5_3105.pickle
423
COCO mAP: 0.8160060048103333
/home/wxz/Documents/pickle/reta/240p/cut1_4671.pickle
424
COCO mAP: 0.8138637542724609
/home/wxz/Documents/pickle/reta/240p/cut4_6293.pickle
425
COCO mAP: 0.6273120641708374
/home/wxz/Documents/pickle/reta/240p/cut9_2033.pickle
426
COCO mAP: 0.5465237498283386
/home/wxz/Documents/pickle/reta/240p/cut9_4913.pickle
427
COCO mAP: 0.5599964261054993
/home/wxz/Documents/pickle/reta/240p/cut5_1713.pickle
428
COCO mAP: 0.813386082649231
/home/wxz/Documents/pickle/reta/240p/cut8_8602.pickle
429
COCO mAP: 0.7791979312896729
/home/wxz/Documents/pickle/reta/240p/cut1_2908.pickle
430
COCO mAP: 0.5149428248405457
/home/wxz/Documents/pickle/reta/240p/cut8_4431.pickle
431
COCO mAP: 0.6315395832061768
/home/wxz/Documents/pickle/reta/240p/cut3_1633.pickle
432
COCO mAP: 0.4759674072265625
/home/wxz/Documents/pickle/reta/240p/cut5_3633.pickle
433
COCO mAP: 0.5550059080123901
/home/wxz/Documents/pickle/reta/240p/cut3_609.pickle
434
COCO mAP: 0.8699688911437988
/home/wxz/Documents/pickle/reta/240p/cut3_417.pickle
435
COCO mAP: 0.8134011030197144
/home/wxz/Documents/pickle/reta/240p/cut2_3704.pickle
436
COCO mAP: 0.35787802934646606
/home/wxz/Documents/pickle/reta/240p/cut4_461.pickle
437
COCO mAP: 0.8103049993515015
/home/wxz/Documents/pickle/reta/240p/cut2_7361.pickle
438
COCO mAP: 0.7384013533592224
/home/wxz/Documents/pickle/reta/240p/cut8_1827.pickle
439
COCO mAP: 0.5343338251113892
/home/wxz/Documents/pickle/reta/240p/cut2_8603.pickle
440
COCO mAP: 0.667411208152771
/home/wxz/Documents/pickle/reta/240p/cut8_2331.pickle
441
COCO mAP: 0.8329952955245972
/home/wxz/Documents/pickle/reta/240p/cut7_2145.pickle
442
COCO mAP: 0.6702648401260376
/home/wxz/Documents/pickle/reta/240p/cut9_6145.pickle
443
COCO mAP: 0.5360013246536255
/home/wxz/Documents/pickle/reta/240p/cut2_3106.pickle
444
COCO mAP: 0.793993353843689
/home/wxz/Documents/pickle/reta/240p/cut3_6001.pickle
445
COCO mAP: 0.7030872702598572
/home/wxz/Documents/pickle/reta/240p/cut3_1809.pickle
446
COCO mAP: 0.5207036733627319
/home/wxz/Documents/pickle/reta/240p/cut1_8319.pickle
447
COCO mAP: 0.8573670387268066
/home/wxz/Documents/pickle/reta/240p/cut6_193.pickle
448
COCO mAP: 0.8864730596542358
/home/wxz/Documents/pickle/reta/240p/cut1_1846.pickle
449
COCO mAP: 0.1724683791399002
/home/wxz/Documents/pickle/reta/240p/cut6_8785.pickle
450
COCO mAP: 0.8900132179260254
/home/wxz/Documents/pickle/reta/240p/cut9_5409.pickle
451
COCO mAP: 0.8097508549690247
/home/wxz/Documents/pickle/reta/240p/cut5_657.pickle
452
COCO mAP: 0.819675624370575
/home/wxz/Documents/pickle/reta/240p/cut6_8353.pickle
453
COCO mAP: 0.795195460319519
/home/wxz/Documents/pickle/reta/240p/cut8_8924.pickle
454
COCO mAP: 0.20522761344909668
/home/wxz/Documents/pickle/reta/240p/cut6_5934.pickle
455
COCO mAP: 0.8515110015869141
/home/wxz/Documents/pickle/reta/240p/cut3_8417.pickle
456
COCO mAP: 0.8291919827461243
/home/wxz/Documents/pickle/reta/240p/cut4_8068.pickle
457
COCO mAP: 0.8339171409606934
/home/wxz/Documents/pickle/reta/240p/cut9_1105.pickle
458
COCO mAP: 0.7845568060874939
/home/wxz/Documents/pickle/reta/240p/cut7_8825.pickle
459
COCO mAP: 0.6542226076126099
/home/wxz/Documents/pickle/reta/240p/cut2_3612.pickle
460
COCO mAP: 0.7662729620933533
/home/wxz/Documents/pickle/reta/240p/cut6_3041.pickle
461
COCO mAP: 0.6058531999588013
/home/wxz/Documents/pickle/reta/240p/cut7_4425.pickle
462
COCO mAP: 0.857518196105957
/home/wxz/Documents/pickle/reta/240p/cut7_6705.pickle
463
COCO mAP: 0.17412856221199036
/home/wxz/Documents/pickle/reta/240p/cut9_209.pickle
464
COCO mAP: 0.6445984840393066
/home/wxz/Documents/pickle/reta/240p/cut4_261.pickle
465
COCO mAP: 0.7140936851501465
/home/wxz/Documents/pickle/reta/240p/cut4_3401.pickle
466
COCO mAP: 0.805726170539856
/home/wxz/Documents/pickle/reta/240p/cut3_3217.pickle
467
COCO mAP: 0.5113579630851746
/home/wxz/Documents/pickle/reta/240p/cut9_4641.pickle
468
COCO mAP: 0.5514672994613647
/home/wxz/Documents/pickle/reta/240p/cut7_6365.pickle
469
COCO mAP: 0.39396485686302185
/home/wxz/Documents/pickle/reta/240p/cut4_3241.pickle
470
COCO mAP: 0.8331392407417297
/home/wxz/Documents/pickle/reta/240p/cut8_8546.pickle
471
COCO mAP: 0.8178800344467163
/home/wxz/Documents/pickle/reta/240p/cut8_8840.pickle
472
COCO mAP: 0.4904884696006775
/home/wxz/Documents/pickle/reta/240p/cut3_7505.pickle
473
COCO mAP: 0.5428184270858765
/home/wxz/Documents/pickle/reta/240p/cut5_7969.pickle
474
COCO mAP: 0.7411175966262817
/home/wxz/Documents/pickle/reta/240p/cut4_7258.pickle
475
COCO mAP: 0.7585772275924683
/home/wxz/Documents/pickle/reta/240p/cut4_1801.pickle
476
COCO mAP: 0.9155438542366028
/home/wxz/Documents/pickle/reta/240p/cut7_4845.pickle
477
COCO mAP: 0.5731226205825806
/home/wxz/Documents/pickle/reta/240p/cut6_8137.pickle
478
COCO mAP: 0.7768338322639465
/home/wxz/Documents/pickle/reta/240p/cut4_761.pickle
479
COCO mAP: 0.7271464467048645
/home/wxz/Documents/pickle/reta/240p/cut2_8925.pickle
480
COCO mAP: 0.8487184643745422
/home/wxz/Documents/pickle/reta/240p/cut4_5281.pickle
481
COCO mAP: 0.7050022482872009
/home/wxz/Documents/pickle/reta/240p/cut1_5700.pickle
482
COCO mAP: 0.7789472341537476
/home/wxz/Documents/pickle/reta/240p/cut7_641.pickle
483
COCO mAP: 0.4208104610443115
/home/wxz/Documents/pickle/reta/240p/cut2_5751.pickle
484
COCO mAP: 0.9150556325912476
/home/wxz/Documents/pickle/reta/240p/cut9_113.pickle
485
COCO mAP: 0.8195684552192688
/home/wxz/Documents/pickle/reta/240p/cut4_7348.pickle
486
COCO mAP: 0.8727987408638
/home/wxz/Documents/pickle/reta/240p/cut1_3438.pickle
487
COCO mAP: 0.2889885902404785
/home/wxz/Documents/pickle/reta/240p/cut7_4305.pickle
488
COCO mAP: 0.8887611627578735
/home/wxz/Documents/pickle/reta/240p/cut5_897.pickle
489
COCO mAP: 0.841267466545105
/home/wxz/Documents/pickle/reta/240p/cut3_3601.pickle
490
COCO mAP: 0.471823126077652
/home/wxz/Documents/pickle/reta/240p/cut5_8881.pickle
491
COCO mAP: 0.7868598699569702
/home/wxz/Documents/pickle/reta/240p/cut5_3729.pickle
492
COCO mAP: 0.2128724604845047
/home/wxz/Documents/pickle/reta/240p/cut4_6412.pickle
493
COCO mAP: 0.7792449593544006
/home/wxz/Documents/pickle/reta/240p/cut5_3809.pickle
494
COCO mAP: 0.6407788395881653
/home/wxz/Documents/pickle/reta/240p/cut4_7672.pickle
495
COCO mAP: 0.8555703163146973
/home/wxz/Documents/pickle/reta/240p/cut1_2820.pickle
496
COCO mAP: 0.332634299993515
/home/wxz/Documents/pickle/reta/240p/cut4_521.pickle
497
COCO mAP: 0.904356837272644
/home/wxz/Documents/pickle/reta/240p/cut9_1937.pickle
498
COCO mAP: 0.6156721115112305
/home/wxz/Documents/pickle/reta/240p/cut6_5611.pickle
499
COCO mAP: 0.8210636973381042
/home/wxz/Documents/pickle/reta/240p/cut4_2001.pickle
500
COCO mAP: 0.7996644973754883
/home/wxz/Documents/pickle/reta/240p/cut1_5373.pickle
501
COCO mAP: 0.7946769595146179
/home/wxz/Documents/pickle/reta/240p/cut8_912.pickle
502
COCO mAP: 0.7183735966682434
/home/wxz/Documents/pickle/reta/240p/cut6_6750.pickle
503
COCO mAP: 0.6274970769882202
/home/wxz/Documents/pickle/reta/240p/cut4_5401.pickle
504
COCO mAP: 0.8020185232162476
/home/wxz/Documents/pickle/reta/240p/cut3_3505.pickle
505
COCO mAP: 0.49939197301864624
/home/wxz/Documents/pickle/reta/240p/cut5_8353.pickle
506
COCO mAP: 0.5015205144882202
/home/wxz/Documents/pickle/reta/240p/cut6_8461.pickle
507
COCO mAP: 0.5810609459877014
/home/wxz/Documents/pickle/reta/240p/cut7_5945.pickle
508
COCO mAP: 0.5746434330940247
/home/wxz/Documents/pickle/reta/240p/cut3_2609.pickle
509
COCO mAP: 0.780375599861145
/home/wxz/Documents/pickle/reta/240p/cut6_7741.pickle
510
COCO mAP: 0.7755751609802246
/home/wxz/Documents/pickle/reta/240p/cut8_4613.pickle
511
COCO mAP: 0.6189815998077393
/home/wxz/Documents/pickle/reta/240p/cut2_852.pickle
512
COCO mAP: 0.7890528440475464
/home/wxz/Documents/pickle/reta/240p/cut5_4017.pickle
513
COCO mAP: 0.6968246698379517
/home/wxz/Documents/pickle/reta/240p/cut1_4931.pickle
514
COCO mAP: 0.8014796376228333
/home/wxz/Documents/pickle/reta/240p/cut6_5201.pickle
515
COCO mAP: 0.6542860269546509
/home/wxz/Documents/pickle/reta/240p/cut8_3619.pickle
516
COCO mAP: 0.8404833078384399
/home/wxz/Documents/pickle/reta/240p/cut2_6717.pickle
517
COCO mAP: 0.7283878326416016
/home/wxz/Documents/pickle/reta/240p/cut4_7996.pickle
518
COCO mAP: 0.7640499472618103
/home/wxz/Documents/pickle/reta/240p/cut8_1519.pickle
519
COCO mAP: 0.9545895457267761
/home/wxz/Documents/pickle/reta/240p/cut2_5061.pickle
520
COCO mAP: 0.7870201468467712
/home/wxz/Documents/pickle/reta/240p/cut5_7265.pickle
521
COCO mAP: 0.9232031106948853
/home/wxz/Documents/pickle/reta/240p/cut5_2401.pickle
522
COCO mAP: 0.28507187962532043
/home/wxz/Documents/pickle/reta/240p/cut2_8741.pickle
523
COCO mAP: 0.1773444563150406
/home/wxz/Documents/pickle/reta/240p/cut6_2433.pickle
524
COCO mAP: 0.8059145212173462
/home/wxz/Documents/pickle/reta/240p/cut3_1.pickle
525
COCO mAP: 0.3550226092338562
/home/wxz/Documents/pickle/reta/240p/cut4_1761.pickle
526
COCO mAP: 0.017214935272932053
/home/wxz/Documents/pickle/reta/240p/cut5_6929.pickle
527
COCO mAP: 0.5926134586334229
/home/wxz/Documents/pickle/reta/240p/cut2_7430.pickle
528
COCO mAP: 0.7324631214141846
/home/wxz/Documents/pickle/reta/240p/cut9_2801.pickle
529
COCO mAP: 0.7495083212852478
/home/wxz/Documents/pickle/reta/240p/cut6_6189.pickle
530
COCO mAP: 0.8233609199523926
/home/wxz/Documents/pickle/reta/240p/cut5_2817.pickle
531
COCO mAP: 0.6353763341903687
/home/wxz/Documents/pickle/reta/240p/cut2_7660.pickle
532
COCO mAP: 0.7063655257225037
/home/wxz/Documents/pickle/reta/240p/cut6_7975.pickle
533
COCO mAP: 0.7484053373336792
/home/wxz/Documents/pickle/reta/240p/cut3_6865.pickle
534
COCO mAP: 0.876839280128479
/home/wxz/Documents/pickle/reta/240p/cut8_4515.pickle
535
COCO mAP: 0.5532921552658081
/home/wxz/Documents/pickle/reta/240p/cut3_3393.pickle
536
COCO mAP: 0.7641318440437317
/home/wxz/Documents/pickle/reta/240p/cut1_879.pickle
537
COCO mAP: 0.5653203129768372
/home/wxz/Documents/pickle/reta/240p/cut9_3329.pickle
538
COCO mAP: 0.31623291969299316
/home/wxz/Documents/pickle/reta/240p/cut2_8143.pickle
539
COCO mAP: 0.3864586353302002
/home/wxz/Documents/pickle/reta/240p/cut4_5817.pickle
540
COCO mAP: 0.42423829436302185
/home/wxz/Documents/pickle/reta/240p/cut9_5505.pickle
541
COCO mAP: 0.538708508014679
/home/wxz/Documents/pickle/reta/240p/cut2_4762.pickle
542
COCO mAP: 0.7174564003944397
/home/wxz/Documents/pickle/reta/240p/cut4_3621.pickle
543
COCO mAP: 0.7044044733047485
/home/wxz/Documents/pickle/reta/240p/cut6_1489.pickle
544
COCO mAP: 0.859316349029541
/home/wxz/Documents/pickle/reta/240p/cut1_3174.pickle
545
COCO mAP: 0.07920791953802109
/home/wxz/Documents/pickle/reta/240p/cut6_5832.pickle
546
COCO mAP: 0.7574434876441956
/home/wxz/Documents/pickle/reta/240p/cut6_5105.pickle
547
COCO mAP: 0.5846999883651733
/home/wxz/Documents/pickle/reta/240p/cut4_161.pickle
548
COCO mAP: 0.7157214283943176
/home/wxz/Documents/pickle/reta/240p/cut3_4305.pickle
549
COCO mAP: 0.6024539470672607
/home/wxz/Documents/pickle/reta/240p/cut1_3526.pickle
550
COCO mAP: 0.7123441696166992
/home/wxz/Documents/pickle/reta/240p/cut2_7292.pickle
551
COCO mAP: 0.8051288723945618
/home/wxz/Documents/pickle/reta/240p/cut7_4725.pickle
552
COCO mAP: 0.6301231384277344
/home/wxz/Documents/pickle/reta/240p/cut3_3793.pickle
553
COCO mAP: 0.779906153678894
/home/wxz/Documents/pickle/reta/240p/cut5_3537.pickle
554
COCO mAP: 0.7889164686203003
/home/wxz/Documents/pickle/reta/240p/cut5_2913.pickle
555
COCO mAP: 0.6922786831855774
/home/wxz/Documents/pickle/reta/240p/cut7_7945.pickle
556
COCO mAP: 0.6661268472671509
/home/wxz/Documents/pickle/reta/240p/cut8_7412.pickle
557
COCO mAP: 0.7166050672531128
/home/wxz/Documents/pickle/reta/240p/cut3_6193.pickle
558
COCO mAP: 0.8296076059341431
/home/wxz/Documents/pickle/reta/240p/cut4_3001.pickle
559
COCO mAP: 0.8253782987594604
/home/wxz/Documents/pickle/reta/240p/cut4_5901.pickle
560
COCO mAP: 0.3849470615386963
/home/wxz/Documents/pickle/reta/240p/cut2_1036.pickle
561
COCO mAP: 0.38983988761901855
/home/wxz/Documents/pickle/reta/240p/cut8_1715.pickle
562
COCO mAP: 0.9160777926445007
/home/wxz/Documents/pickle/reta/240p/cut5_8992.pickle
563
COCO mAP: 0.8933337926864624
/home/wxz/Documents/pickle/reta/240p/cut6_3617.pickle
564
COCO mAP: 0.6308937668800354
/home/wxz/Documents/pickle/reta/240p/cut5_6641.pickle
565
COCO mAP: 0.8825550079345703
/home/wxz/Documents/pickle/reta/240p/cut6_6240.pickle
566
COCO mAP: 0.8524093627929688
/home/wxz/Documents/pickle/reta/240p/cut8_4906.pickle
567
COCO mAP: 0.5923618674278259
/home/wxz/Documents/pickle/reta/240p/cut6_8947.pickle
568
COCO mAP: 0.662326455116272
/home/wxz/Documents/pickle/reta/240p/cut7_1.pickle
569
COCO mAP: 0.7975566983222961
/home/wxz/Documents/pickle/reta/240p/cut1_2471.pickle
570
COCO mAP: 0.22246508300304413
/home/wxz/Documents/pickle/reta/240p/cut6_2001.pickle
571
COCO mAP: 0.8683629035949707
/home/wxz/Documents/pickle/reta/240p/cut6_1201.pickle
572
COCO mAP: 0.13719519972801208
/home/wxz/Documents/pickle/reta/240p/cut6_6903.pickle
573
COCO mAP: 0.7279359698295593
/home/wxz/Documents/pickle/reta/240p/cut2_93.pickle
574
COCO mAP: 0.5305095911026001
/home/wxz/Documents/pickle/reta/240p/cut5_8545.pickle
575
COCO mAP: 0.7176370024681091
/home/wxz/Documents/pickle/reta/240p/cut7_1105.pickle
576
COCO mAP: 0.6514679193496704
/home/wxz/Documents/pickle/reta/240p/cut7_1855.pickle
577
COCO mAP: 0.5882332921028137
/home/wxz/Documents/pickle/reta/240p/cut5_8785.pickle
578
COCO mAP: 0.8023727536201477
/home/wxz/Documents/pickle/reta/240p/cut2_6510.pickle
579
COCO mAP: 0.7181330919265747
/home/wxz/Documents/pickle/reta/240p/cut8_1645.pickle
580
COCO mAP: 0.6271940469741821
/home/wxz/Documents/pickle/reta/240p/cut4_5321.pickle
581
COCO mAP: 0.8820803761482239
/home/wxz/Documents/pickle/reta/240p/cut2_6418.pickle
582
COCO mAP: 0.9096451997756958
/home/wxz/Documents/pickle/reta/240p/cut9_1009.pickle
583
COCO mAP: 0.48777469992637634
/home/wxz/Documents/pickle/reta/240p/cut7_6645.pickle
584
COCO mAP: 0.8767862319946289
/home/wxz/Documents/pickle/reta/240p/cut4_1681.pickle
585
COCO mAP: 0.19779890775680542
/home/wxz/Documents/pickle/reta/240p/cut9_401.pickle
586
COCO mAP: 0.7025007009506226
/home/wxz/Documents/pickle/reta/240p/cut3_2209.pickle
587
COCO mAP: 0.7189903855323792
/home/wxz/Documents/pickle/reta/240p/cut8_4809.pickle
588
COCO mAP: 0.5697453618049622
/home/wxz/Documents/pickle/reta/240p/cut6_4641.pickle
589
COCO mAP: 0.47901543974876404
/home/wxz/Documents/pickle/reta/240p/cut7_833.pickle
590
COCO mAP: 0.5357493162155151
/home/wxz/Documents/pickle/reta/240p/cut5_6113.pickle
591
COCO mAP: 0.7290382981300354
/home/wxz/Documents/pickle/reta/240p/cut6_7867.pickle
592
COCO mAP: 0.8750132322311401
/home/wxz/Documents/pickle/reta/240p/cut6_6444.pickle
593
COCO mAP: 0.843095600605011
/home/wxz/Documents/pickle/reta/240p/cut1_4139.pickle
594
COCO mAP: 0.7748920321464539
/home/wxz/Documents/pickle/reta/240p/cut3_817.pickle
595
COCO mAP: 0.5878612399101257
/home/wxz/Documents/pickle/reta/240p/cut4_1.pickle
596
COCO mAP: 0.43924179673194885
/home/wxz/Documents/pickle/reta/240p/cut4_2121.pickle
597
COCO mAP: 0.7929784655570984
/home/wxz/Documents/pickle/reta/240p/cut2_8534.pickle
598
COCO mAP: 0.7365125417709351
/home/wxz/Documents/pickle/reta/240p/cut4_4721.pickle
599
COCO mAP: 0.7779684066772461
/home/wxz/Documents/pickle/reta/240p/cut1_8759.pickle
600
COCO mAP: 0.9434121251106262
/home/wxz/Documents/pickle/reta/240p/cut8_2737.pickle
601
COCO mAP: 0.6760625839233398
/home/wxz/Documents/pickle/reta/240p/cut8_3003.pickle
602
COCO mAP: 0.8932746052742004
/home/wxz/Documents/pickle/reta/240p/cut4_3341.pickle
603
COCO mAP: 0.7920481562614441
/home/wxz/Documents/pickle/reta/240p/cut4_8914.pickle
604
COCO mAP: 0.3105301260948181
/home/wxz/Documents/pickle/reta/240p/cut6_1537.pickle
605
COCO mAP: 0.8706243634223938
/home/wxz/Documents/pickle/reta/240p/cut3_4737.pickle
606
COCO mAP: 0.3250294625759125
/home/wxz/Documents/pickle/reta/240p/cut1_8509.pickle
607
COCO mAP: 0.4440605640411377
/home/wxz/Documents/pickle/reta/240p/cut5_4929.pickle
608
COCO mAP: 0.3841760754585266
/home/wxz/Documents/pickle/reta/240p/cut2_6602.pickle
609
COCO mAP: 0.6749314069747925
/home/wxz/Documents/pickle/reta/240p/cut7_7465.pickle
610
COCO mAP: 0.5788024663925171
/home/wxz/Documents/pickle/reta/240p/cut3_2305.pickle
611
COCO mAP: 0.600746750831604
/home/wxz/Documents/pickle/reta/240p/cut6_4241.pickle
612
COCO mAP: 0.6247079968452454
/home/wxz/Documents/pickle/reta/240p/cut3_5313.pickle
613
COCO mAP: 0.6191692352294922
/home/wxz/Documents/pickle/reta/240p/cut7_3665.pickle
614
COCO mAP: 0.5718896985054016
/home/wxz/Documents/pickle/reta/240p/cut7_5445.pickle
615
COCO mAP: 0.6428136825561523
/home/wxz/Documents/pickle/reta/240p/cut1_5107.pickle
616
COCO mAP: 0.7078309059143066
/home/wxz/Documents/pickle/reta/240p/cut6_5009.pickle
617
COCO mAP: 0.901107132434845
/home/wxz/Documents/pickle/reta/240p/cut3_4833.pickle
618
COCO mAP: 0.351772278547287
/home/wxz/Documents/pickle/reta/240p/cut1_6068.pickle
619
COCO mAP: 0.006986262742429972
/home/wxz/Documents/pickle/reta/240p/cut8_7706.pickle
620
COCO mAP: 0.556209921836853
/home/wxz/Documents/pickle/reta/240p/cut6_5409.pickle
621
COCO mAP: 0.4943026006221771
/home/wxz/Documents/pickle/reta/240p/cut4_6141.pickle
622
COCO mAP: 0.6601043939590454
/home/wxz/Documents/pickle/reta/240p/cut7_2017.pickle
623
COCO mAP: 0.6848083734512329
/home/wxz/Documents/pickle/reta/240p/cut9_5601.pickle
624
COCO mAP: 0.518708348274231
/home/wxz/Documents/pickle/reta/240p/cut3_7649.pickle
625
COCO mAP: 0.856159508228302
/home/wxz/Documents/pickle/reta/240p/cut4_361.pickle
626
COCO mAP: 0.8056104779243469
/home/wxz/Documents/pickle/reta/240p/cut4_5521.pickle
627
COCO mAP: 0.7653726935386658
/home/wxz/Documents/pickle/reta/240p/cut6_689.pickle
628
COCO mAP: 0.7377659678459167
/home/wxz/Documents/pickle/reta/240p/cut4_4121.pickle
629
COCO mAP: 0.7776470184326172
/home/wxz/Documents/pickle/reta/240p/cut7_8225.pickle
630
COCO mAP: 0.6054155230522156
/home/wxz/Documents/pickle/reta/240p/cut4_4841.pickle
631
COCO mAP: 0.7877267599105835
/home/wxz/Documents/pickle/reta/240p/cut9_305.pickle
632
COCO mAP: 0.5403162240982056
/home/wxz/Documents/pickle/reta/240p/cut9_5713.pickle
633
COCO mAP: 0.5001739263534546
/home/wxz/Documents/pickle/reta/240p/cut4_3901.pickle
634
COCO mAP: 0.4061056077480316
/home/wxz/Documents/pickle/reta/240p/cut1_2558.pickle
635
COCO mAP: 0.2911187708377838
/home/wxz/Documents/pickle/reta/240p/cut8_5620.pickle
636
COCO mAP: 0.9200403094291687
/home/wxz/Documents/pickle/reta/240p/cut3_3169.pickle
637
COCO mAP: 0.6367611885070801
/home/wxz/Documents/pickle/reta/240p/cut4_6201.pickle
638
COCO mAP: 0.8284186124801636
/home/wxz/Documents/pickle/reta/240p/cut2_1312.pickle
639
COCO mAP: 0.47504574060440063
/home/wxz/Documents/pickle/reta/240p/cut6_1905.pickle
640
COCO mAP: 0.7775557041168213
/home/wxz/Documents/pickle/reta/240p/cut9_3729.pickle
641
COCO mAP: 0.23247690498828888
/home/wxz/Documents/pickle/reta/240p/cut2_6142.pickle
642
COCO mAP: 0.39276766777038574
/home/wxz/Documents/pickle/reta/240p/cut3_8705.pickle
643
COCO mAP: 0.7012546062469482
/home/wxz/Documents/pickle/reta/240p/cut8_5032.pickle
644
COCO mAP: 0.6351709961891174
/home/wxz/Documents/pickle/reta/240p/cut8_2905.pickle
645
COCO mAP: 0.22901928424835205
/home/wxz/Documents/pickle/reta/240p/cut2_2002.pickle
646
COCO mAP: 0.8589637875556946
/home/wxz/Documents/pickle/reta/240p/cut8_209.pickle
647
COCO mAP: 0.759253978729248
/home/wxz/Documents/pickle/reta/240p/cut2_8327.pickle
648
COCO mAP: 0.7391954064369202
/home/wxz/Documents/pickle/reta/240p/cut5_5617.pickle
649
COCO mAP: 0.4793068766593933
/home/wxz/Documents/pickle/reta/240p/cut7_3245.pickle
650
COCO mAP: 0.7954679131507874
/home/wxz/Documents/pickle/reta/240p/cut9_5169.pickle
651
COCO mAP: 0.7166796922683716
/home/wxz/Documents/pickle/reta/240p/cut9_2321.pickle
652
COCO mAP: 0.3713463544845581
/home/wxz/Documents/pickle/reta/240p/cut7_5625.pickle
653
COCO mAP: 0.6253238916397095
/home/wxz/Documents/pickle/reta/240p/cut8_5410.pickle
654
COCO mAP: 0.8388128280639648
/home/wxz/Documents/pickle/reta/240p/cut8_2009.pickle
655
COCO mAP: 0.621026337146759
/home/wxz/Documents/pickle/reta/240p/cut8_604.pickle
656
COCO mAP: 0.47294479608535767
/home/wxz/Documents/pickle/reta/240p/cut7_737.pickle
657
COCO mAP: 0.45314985513687134
/home/wxz/Documents/pickle/reta/240p/cut6_3425.pickle
658
COCO mAP: 0.47061166167259216
/home/wxz/Documents/pickle/reta/240p/cut7_7185.pickle
659
COCO mAP: 0.4140670895576477
/home/wxz/Documents/pickle/reta/240p/cut5_2209.pickle
660
COCO mAP: 0.7840054035186768
/home/wxz/Documents/pickle/reta/240p/cut4_4541.pickle
661
COCO mAP: 0.8953137397766113
/home/wxz/Documents/pickle/reta/240p/cut3_5121.pickle
662
COCO mAP: 0.5518814325332642
/home/wxz/Documents/pickle/reta/240p/cut1_4403.pickle
663
COCO mAP: 0.8327289819717407
/home/wxz/Documents/pickle/reta/240p/cut6_2945.pickle
664
COCO mAP: 0.7392064929008484
/home/wxz/Documents/pickle/reta/240p/cut1_6244.pickle
665
COCO mAP: 0.7990750074386597
/home/wxz/Documents/pickle/reta/240p/cut5_4401.pickle
666
COCO mAP: 0.1095467060804367
/home/wxz/Documents/pickle/reta/240p/cut8_3213.pickle
667
COCO mAP: 0.7666734457015991
/home/wxz/Documents/pickle/reta/240p/cut2_3520.pickle
668
COCO mAP: 0.8083359599113464
/home/wxz/Documents/pickle/reta/240p/cut7_1747.pickle
669
COCO mAP: 0.6252373456954956
/home/wxz/Documents/pickle/reta/240p/cut6_1713.pickle
670
COCO mAP: 0.8497284054756165
/home/wxz/Documents/pickle/reta/240p/cut4_8752.pickle
671
COCO mAP: 0.7833302021026611
/home/wxz/Documents/pickle/reta/240p/cut3_3713.pickle
672
COCO mAP: 0.7444126605987549
/home/wxz/Documents/pickle/reta/240p/cut8_4305.pickle
673
COCO mAP: 0.6008690595626831
/home/wxz/Documents/pickle/reta/240p/cut5_5905.pickle
674
COCO mAP: 0.23593029379844666
/home/wxz/Documents/pickle/reta/240p/cut9_6049.pickle
675
COCO mAP: 0.909284234046936
/home/wxz/Documents/pickle/reta/240p/cut6_6546.pickle
676
COCO mAP: 0.7784863710403442
/home/wxz/Documents/pickle/reta/240p/cut5_2625.pickle
677
COCO mAP: 0.5612247586250305
/home/wxz/Documents/pickle/reta/240p/cut6_6342.pickle
678
COCO mAP: 0.7676103711128235
/home/wxz/Documents/pickle/reta/240p/cut7_929.pickle
679
COCO mAP: 0.4858124852180481
/home/wxz/Documents/pickle/reta/240p/cut3_2513.pickle
680
COCO mAP: 0.32703885436058044
/home/wxz/Documents/pickle/reta/240p/cut5_1.pickle
681
COCO mAP: 0.3195321559906006
/home/wxz/Documents/pickle/reta/240p/cut9_1505.pickle
682
COCO mAP: 0.49057865142822266
/home/wxz/Documents/pickle/reta/240p/cut8_5928.pickle
683
COCO mAP: 0.848271369934082
/home/wxz/Documents/pickle/reta/240p/cut9_4737.pickle
684
COCO mAP: 0.6091033220291138
/home/wxz/Documents/pickle/reta/240p/cut5_2721.pickle
685
COCO mAP: 0.7818546891212463
/home/wxz/Documents/pickle/reta/240p/cut6_2385.pickle
686
COCO mAP: 0.8129738569259644
/home/wxz/Documents/pickle/reta/240p/cut7_7285.pickle
687
COCO mAP: 0.6554337739944458
/home/wxz/Documents/pickle/reta/240p/cut8_1911.pickle
688
COCO mAP: 0.6467674970626831
/home/wxz/Documents/pickle/reta/240p/cut3_7153.pickle
689
COCO mAP: 0.7015529870986938
/home/wxz/Documents/pickle/reta/240p/cut4_5709.pickle
690
COCO mAP: 0.7645707726478577
/home/wxz/Documents/pickle/reta/240p/cut1_6909.pickle
691
COCO mAP: 0.6316550970077515
/home/wxz/Documents/pickle/reta/240p/cut8_6110.pickle
692
COCO mAP: 0.7898832559585571
/home/wxz/Documents/pickle/reta/240p/cut3_2401.pickle
693
COCO mAP: 0.7529380917549133
/home/wxz/Documents/pickle/reta/240p/cut7_6285.pickle
694
COCO mAP: 0.5627491474151611
/home/wxz/Documents/pickle/reta/240p/cut8_4725.pickle
695
COCO mAP: 0.6269708871841431
/home/wxz/Documents/pickle/reta/240p/cut9_721.pickle
696
COCO mAP: 0.6546350121498108
/home/wxz/Documents/pickle/reta/240p/cut1_704.pickle
697
COCO mAP: 0.6617358326911926
/home/wxz/Documents/pickle/reta/240p/cut9_3233.pickle
698
COCO mAP: 0.05412541702389717
/home/wxz/Documents/pickle/reta/240p/cut3_6097.pickle
699
COCO mAP: 0.7473080158233643
/home/wxz/Documents/pickle/reta/240p/cut8_7608.pickle
700
COCO mAP: 0.5499834418296814
/home/wxz/Documents/pickle/reta/240p/cut8_8252.pickle
701
COCO mAP: 0.7679087519645691
/home/wxz/Documents/pickle/reta/240p/cut7_8705.pickle
702
COCO mAP: 0.8714143633842468
/home/wxz/Documents/pickle/reta/240p/cut5_5313.pickle
703
COCO mAP: 0.5952011346817017
/home/wxz/Documents/pickle/reta/240p/cut5_1089.pickle
704
COCO mAP: 0.7918781638145447
/home/wxz/Documents/pickle/reta/240p/cut8_5522.pickle
705
COCO mAP: 0.7578890919685364
/home/wxz/Documents/pickle/reta/240p/cut5_7729.pickle
706
COCO mAP: 0.47839975357055664
/home/wxz/Documents/pickle/reta/240p/cut3_8945.pickle
707
COCO mAP: 0.5556133985519409
/home/wxz/Documents/pickle/reta/240p/cut2_6901.pickle
708
COCO mAP: 0.7618159651756287
/home/wxz/Documents/pickle/reta/240p/cut5_1617.pickle
709
COCO mAP: 0.9077692031860352
/home/wxz/Documents/pickle/reta/240p/cut1_8864.pickle
710
COCO mAP: 0.9352779388427734
/home/wxz/Documents/pickle/reta/240p/cut3_2257.pickle
711
COCO mAP: 0.6075507998466492
/home/wxz/Documents/pickle/reta/240p/cut3_8801.pickle
712
COCO mAP: 0.8834641575813293
/home/wxz/Documents/pickle/reta/240p/cut5_2113.pickle
713
COCO mAP: 0.7962750196456909
/home/wxz/Documents/pickle/reta/240p/cut9_4817.pickle
714
COCO mAP: 0.18179258704185486
/home/wxz/Documents/pickle/reta/240p/cut7_8645.pickle
715
COCO mAP: 0.8009363412857056
/home/wxz/Documents/pickle/reta/240p/cut1_2022.pickle
716
COCO mAP: 0.6389038562774658
/home/wxz/Documents/pickle/reta/240p/cut6_6801.pickle
717
COCO mAP: 0.8458335995674133
/home/wxz/Documents/pickle/reta/240p/cut4_6808.pickle
718
COCO mAP: 0.6346946954727173
/home/wxz/Documents/pickle/reta/240p/cut1_17.pickle
719
COCO mAP: 0.2152388095855713
/home/wxz/Documents/pickle/reta/240p/cut4_1901.pickle
720
COCO mAP: 0.20466884970664978
/home/wxz/Documents/pickle/reta/240p/cut7_3005.pickle
721
COCO mAP: 0.6247081160545349
/home/wxz/Documents/pickle/reta/240p/cut9_1745.pickle
722
COCO mAP: 0.8142020106315613
/home/wxz/Documents/pickle/reta/240p/cut7_4225.pickle
723
COCO mAP: 0.8466429710388184
/home/wxz/Documents/pickle/reta/240p/cut4_8320.pickle
724
COCO mAP: 0.8497449159622192
/home/wxz/Documents/pickle/reta/240p/cut4_3701.pickle
725
COCO mAP: 0.6177054047584534
/home/wxz/Documents/pickle/reta/240p/cut2_7821.pickle
726
COCO mAP: 0.751822829246521
/home/wxz/Documents/pickle/reta/240p/cut6_577.pickle
727
COCO mAP: 0.8162381052970886
/home/wxz/Documents/pickle/reta/240p/cut3_5905.pickle
728
COCO mAP: 0.7714372873306274
/home/wxz/Documents/pickle/reta/240p/cut3_1425.pickle
729
COCO mAP: 0.49683934450149536
/home/wxz/Documents/pickle/reta/240p/cut2_7706.pickle
730
COCO mAP: 0.6927171945571899
/home/wxz/Documents/pickle/reta/240p/cut8_346.pickle
731
COCO mAP: 0.4326353073120117
/home/wxz/Documents/pickle/reta/240p/cut6_8245.pickle
732
COCO mAP: 0.7249948382377625
/home/wxz/Documents/pickle/reta/240p/cut6_3137.pickle
733
COCO mAP: 0.4238669276237488
/home/wxz/Documents/pickle/reta/240p/cut1_2202.pickle
734
COCO mAP: 0.46382927894592285
/home/wxz/Documents/pickle/reta/240p/cut1_8419.pickle
735
COCO mAP: 0.6730645298957825
/home/wxz/Documents/pickle/reta/240p/cut8_5802.pickle
736
COCO mAP: 0.8034077882766724
/home/wxz/Documents/pickle/reta/240p/cut2_3911.pickle
737
COCO mAP: 0.6566085815429688
/home/wxz/Documents/pickle/reta/240p/cut8_6362.pickle
738
COCO mAP: 0.5921337604522705
/home/wxz/Documents/pickle/reta/240p/cut2_6027.pickle
739
COCO mAP: 0.39487436413764954
/home/wxz/Documents/pickle/reta/240p/cut6_1105.pickle
740
COCO mAP: 0.4562712609767914
/home/wxz/Documents/pickle/reta/240p/cut8_496.pickle
741
COCO mAP: 0.5378535389900208
/home/wxz/Documents/pickle/reta/240p/cut1_1503.pickle
742
COCO mAP: 0.3207855224609375
/home/wxz/Documents/pickle/reta/240p/cut1_3350.pickle
743
COCO mAP: 0.6347934007644653
/home/wxz/Documents/pickle/reta/240p/cut1_343.pickle
744
COCO mAP: 0.4095175266265869
/home/wxz/Documents/pickle/reta/240p/cut9_1841.pickle
745
COCO mAP: 0.6824423670768738
/home/wxz/Documents/pickle/reta/240p/cut2_3014.pickle
746
COCO mAP: 0.6282399892807007
/home/wxz/Documents/pickle/reta/240p/cut7_3365.pickle
747
COCO mAP: 0.8053220510482788
/home/wxz/Documents/pickle/reta/240p/cut2_6303.pickle
748
COCO mAP: 0.878749668598175
/home/wxz/Documents/pickle/reta/240p/cut1_6821.pickle
749
COCO mAP: 0.11898618936538696
/home/wxz/Documents/pickle/reta/240p/cut2_4348.pickle
750
COCO mAP: 0.893916130065918
/home/wxz/Documents/pickle/reta/240p/cut1_6604.pickle
751
COCO mAP: 0.4694572985172272
/home/wxz/Documents/pickle/reta/240p/cut1_6689.pickle
752
COCO mAP: 0.3643316626548767
/home/wxz/Documents/pickle/reta/240p/cut3_7745.pickle
753
COCO mAP: 0.2776818871498108
/home/wxz/Documents/pickle/reta/240p/cut5_5217.pickle
754
COCO mAP: 0.6054292917251587
/home/wxz/Documents/pickle/reta/240p/cut2_6809.pickle
755
COCO mAP: 0.7838644981384277
/home/wxz/Documents/pickle/reta/240p/cut1_2302.pickle
756
COCO mAP: 0.6126303672790527
/home/wxz/Documents/pickle/reta/240p/cut7_2405.pickle
757
COCO mAP: 0.6316622495651245
/home/wxz/Documents/pickle/reta/240p/cut5_401.pickle
758
COCO mAP: 0.7880164384841919
/home/wxz/Documents/pickle/reta/240p/cut8_3129.pickle
759
COCO mAP: 0.6951017379760742
/home/wxz/Documents/pickle/reta/240p/cut5_4881.pickle
760
COCO mAP: 0.3937016427516937
/home/wxz/Documents/pickle/reta/240p/cut3_4929.pickle
761
COCO mAP: 0.5992996096611023
/home/wxz/Documents/pickle/reta/240p/cut5_5025.pickle
762
COCO mAP: 0.32282936573028564
/home/wxz/Documents/pickle/reta/240p/cut6_961.pickle
763
COCO mAP: 0.7927932739257812
/home/wxz/Documents/pickle/reta/240p/cut8_5144.pickle
764
COCO mAP: 0.6015962362289429
/home/wxz/Documents/pickle/reta/240p/cut5_5409.pickle
765
COCO mAP: 0.4456562101840973
/home/wxz/Documents/pickle/reta/240p/cut1_5613.pickle
766
COCO mAP: 0.6904697418212891
/home/wxz/Documents/pickle/reta/240p/cut2_2370.pickle
767
COCO mAP: 0.4984525144100189
/home/wxz/Documents/pickle/reta/240p/cut7_4985.pickle
768
COCO mAP: 0.593492865562439
/home/wxz/Documents/pickle/reta/240p/cut6_1.pickle
769
COCO mAP: 0.8997201919555664
/home/wxz/Documents/pickle/reta/240p/cut8_2107.pickle
770
COCO mAP: 0.8402695655822754
/home/wxz/Documents/pickle/reta/240p/cut8_2401.pickle
771
COCO mAP: 0.12329898774623871
/home/wxz/Documents/pickle/reta/240p/cut4_8212.pickle
772
COCO mAP: 0.8204577565193176
/home/wxz/Documents/pickle/reta/240p/cut8_6516.pickle
773
COCO mAP: 0.8370777368545532
/home/wxz/Documents/pickle/reta/240p/cut4_4901.pickle
774
COCO mAP: 0.7815965414047241
/home/wxz/Documents/pickle/reta/240p/cut1_1316.pickle
775
COCO mAP: 0.6424340009689331
/home/wxz/Documents/pickle/reta/240p/cut3_145.pickle
776
COCO mAP: 0.7092954516410828
/home/wxz/Documents/pickle/reta/240p/cut7_4605.pickle
777
COCO mAP: 0.8462668657302856
/home/wxz/Documents/pickle/reta/240p/cut8_8168.pickle
778
COCO mAP: 0.6754785776138306
/home/wxz/Documents/pickle/reta/240p/cut8_6012.pickle
779
COCO mAP: 0.6167305707931519
/home/wxz/Documents/pickle/reta/240p/cut1_5524.pickle
780
COCO mAP: 0.8795226216316223
/home/wxz/Documents/pickle/reta/240p/cut4_7888.pickle
781
COCO mAP: 0.8538399934768677
/home/wxz/Documents/pickle/reta/240p/cut2_2807.pickle
782
COCO mAP: 0.8979125022888184
/home/wxz/Documents/pickle/reta/240p/cut7_2365.pickle
783
COCO mAP: 0.6680907011032104
/home/wxz/Documents/pickle/reta/240p/cut1_7444.pickle
784
COCO mAP: 0.5070856809616089
/home/wxz/Documents/pickle/reta/240p/cut2_369.pickle
785
COCO mAP: 0.6986311674118042
/home/wxz/Documents/pickle/reta/240p/cut7_1405.pickle
786
COCO mAP: 0.6890904307365417
/home/wxz/Documents/pickle/reta/240p/cut7_7525.pickle
787
COCO mAP: 0.6490910649299622
/home/wxz/Documents/pickle/reta/240p/cut2_4923.pickle
788
COCO mAP: 0.7371841669082642
/home/wxz/Documents/pickle/reta/240p/cut1_8629.pickle
789
COCO mAP: 0.8986217379570007
/home/wxz/Documents/pickle/reta/240p/cut4_5141.pickle
790
COCO mAP: 0.48937615752220154
/home/wxz/Documents/pickle/reta/240p/cut1_5978.pickle
791
COCO mAP: 0.7637060880661011
/home/wxz/Documents/pickle/reta/240p/cut9_1313.pickle
792
COCO mAP: 0.7554408311843872
/home/wxz/Documents/pickle/reta/240p/cut8_1.pickle
793
COCO mAP: 0.6557912230491638
/home/wxz/Documents/pickle/reta/240p/cut1_3702.pickle
794
COCO mAP: 0.570868194103241
average COCO mAP:0.6546701195981748
