ktop:~/Documents/result_pickle$ vim acc.py
wxz@tx2-desktop:~/Documents/result_pickle$ python3 acc.py
movie_000001886
COCO mAP: 0.41205301880836487
movie_000000828
COCO mAP: 0.525680661201477
movie_000002300
COCO mAP: 0.4510907530784607
movie_000002162
COCO mAP: 0.43377265334129333
movie_000001771
COCO mAP: 0.6249477863311768
movie_000000437
COCO mAP: 0.593331515789032
movie_000001150
COCO mAP: 0.5399898290634155
movie_000002139
COCO mAP: 0.2133731096982956
movie_000001265
COCO mAP: 0.6695656776428223
movie_000001610
COCO mAP: 0.5173221230506897
movie_000000414
COCO mAP: 0.4759203791618347
movie_000001587
COCO mAP: 0.4600730836391449
movie_000000046
COCO mAP: 0.38122764229774475
movie_000001035
COCO mAP: 0.5932603478431702
movie_000001817
COCO mAP: 0.3376653790473938
movie_000002323
COCO mAP: 0.29674795269966125
movie_000001748
COCO mAP: 0.37899187207221985
movie_000000253
COCO mAP: 0.6150822043418884
movie_000000161
COCO mAP: 0.4130786955356598
movie_000000345
COCO mAP: 0.4099079966545105
movie_000002208
COCO mAP: 0.5173698663711548
movie_000000184
COCO mAP: 0.5546171069145203
movie_000000023
COCO mAP: 0.4131978452205658
movie_000002070
COCO mAP: 0.15012459456920624
movie_000001978
COCO mAP: 0.37133270502090454
movie_000000092
COCO mAP: 0.6117771863937378
movie_000001311
COCO mAP: 0.4676154553890228
movie_000000667
COCO mAP: 0.6808769702911377
movie_000000943
COCO mAP: 0.5416096448898315
movie_000001403
COCO mAP: 0.3103882074356079
movie_000000989
COCO mAP: 0.6298738121986389
movie_000000644
COCO mAP: 0.706471860408783
movie_000002047
COCO mAP: 0.329482764005661
movie_000001058
COCO mAP: 0.6391130685806274
movie_000000851
COCO mAP: 0.6099551916122437
movie_000001127
COCO mAP: 0.5163338780403137
movie_000002254
COCO mAP: 0.5404346585273743
movie_000001449
COCO mAP: 0.18723592162132263
movie_000000506
COCO mAP: 0.6284874677658081
movie_000001104
COCO mAP: 0.5482472777366638
movie_000000552
COCO mAP: 0.4742524027824402
movie_000001334
COCO mAP: 0.6644100546836853
movie_000000322
COCO mAP: 0.38765043020248413
movie_000001679
COCO mAP: 0.41015225648880005
movie_000000460
COCO mAP: 0.5822814702987671
movie_000002185
COCO mAP: 0.3357415199279785
movie_000000759
COCO mAP: 0.6004573106765747
movie_000001219
COCO mAP: 0.5628966093063354
movie_000001794
COCO mAP: 0.4501686692237854
movie_000001518
COCO mAP: 0.3237098157405853
movie_000001472
COCO mAP: 0.17305853962898254
movie_000000276
COCO mAP: 0.5192481875419617
movie_000001012
COCO mAP: 0.6478511095046997
movie_000002001
COCO mAP: 0.27923327684402466
movie_000002116
COCO mAP: 0.38761812448501587
movie_000001495
COCO mAP: 0.4652438759803772
movie_000001863
COCO mAP: 0.37222281098365784
movie_000001656
COCO mAP: 0.4874037206172943
movie_000001840
COCO mAP: 0.4760897755622864
movie_000000598
COCO mAP: 0.7510435581207275
movie_000000529
COCO mAP: 0.5301030278205872
movie_000002231
COCO mAP: 0.5116656422615051
movie_000000736
COCO mAP: 0.7184451222419739
movie_000001932
COCO mAP: 0.28041356801986694
movie_000001541
COCO mAP: 0.3744262158870697
movie_000001909
COCO mAP: 0.34353581070899963
movie_000000368
COCO mAP: 0.5730042457580566
movie_000001633
COCO mAP: 0.46455568075180054
movie_000000782
COCO mAP: 0.8292166590690613
movie_000000138
COCO mAP: 0.4034927487373352
movie_000000713
COCO mAP: 0.7438402771949768
movie_000001380
COCO mAP: 0.300847589969635
movie_000002277
COCO mAP: 0.6111350655555725
movie_000000069
COCO mAP: 0.3435743451118469
movie_000000805
COCO mAP: 0.46941548585891724
movie_000001702
COCO mAP: 0.3913995921611786
movie_000001564
COCO mAP: 0.3800174593925476
movie_000001357
COCO mAP: 0.24861426651477814
movie_000000230
COCO mAP: 0.44934362173080444
movie_000001196
COCO mAP: 0.7070825099945068
movie_000000391
COCO mAP: 0.459139347076416
movie_000000575
COCO mAP: 0.39377620816230774
movie_000000207
COCO mAP: 0.429257869720459
movie_000001242
COCO mAP: 0.5616013407707214
movie_000001173
COCO mAP: 0.6529317498207092
movie_000001955
COCO mAP: 0.5751526355743408
movie_000000920
COCO mAP: 0.5500852465629578
movie_000000621
COCO mAP: 0.5708469748497009
movie_000001081
COCO mAP: 0.5108040571212769
movie_000001725
COCO mAP: 0.3954111635684967
movie_000000115
COCO mAP: 0.5266276597976685
movie_000002093
COCO mAP: 0.3960581421852112
movie_000000299
COCO mAP: 0.42441892623901367
movie_000002024
COCO mAP: 0.5057128071784973
movie_000001426
COCO mAP: 0.20339727401733398
movie_000000483
COCO mAP: 0.7743996977806091
movie_000001288
COCO mAP: 0.7457544803619385
movie_000000690
COCO mAP: 0.6246315240859985
movie_000000966
COCO mAP: 0.4738337993621826
movie_000000897
COCO mAP: 0.7197578549385071
movie_000000874
COCO mAP: 0.6533588171005249
average COCO mAP:0.48979651677136377
