ktop:~/Documents/result_pickle$ python3 accuracy_map.py
movie_000001886
COCO mAP: 0.5025267601013184
movie_000000828
COCO mAP: 0.8379292488098145
movie_000002300
COCO mAP: 0.6207331418991089
movie_000002162
COCO mAP: 0.6507106423377991
movie_000001771
COCO mAP: 0.7831413745880127
movie_000000437
COCO mAP: 0.728244423866272
movie_000001150
COCO mAP: 0.7596806287765503
movie_000002139
COCO mAP: 0.5310418009757996
movie_000001265
COCO mAP: 0.730506181716919
movie_000001610
COCO mAP: 0.737451434135437
movie_000000414
COCO mAP: 0.8230573534965515
movie_000001587
COCO mAP: 0.6983271837234497
movie_000000046
COCO mAP: 0.8112602233886719
movie_000001035
COCO mAP: 0.6693702340126038
movie_000001817
COCO mAP: 0.5991209745407104
movie_000002323
COCO mAP: 0.4584825038909912
movie_000001748
COCO mAP: 0.5799449682235718
movie_000000253
COCO mAP: 0.8492749333381653
movie_000000161
COCO mAP: 0.7250994443893433
movie_000000345
COCO mAP: 0.8046650886535645
movie_000002208
COCO mAP: 0.6918614506721497
movie_000000184
COCO mAP: 0.8363481760025024
movie_000000023
COCO mAP: 0.7473019361495972
movie_000002070
COCO mAP: 0.8188403248786926
movie_000001978
COCO mAP: 0.7483193278312683
movie_000000092
COCO mAP: 0.8536908030509949
movie_000001311
COCO mAP: 0.6365681886672974
movie_000000667
COCO mAP: 0.8928314447402954
movie_000000943
COCO mAP: 0.6737678050994873
movie_000001403
COCO mAP: 0.7756696343421936
movie_000000989
COCO mAP: 0.7300597429275513
movie_000000644
COCO mAP: 0.9306090474128723
movie_000002047
COCO mAP: 0.5725467801094055
movie_000001058
COCO mAP: 0.6164599657058716
movie_000000851
COCO mAP: 0.6137526035308838
movie_000001127
COCO mAP: 0.6298815011978149
movie_000002254
COCO mAP: 0.6910833716392517
movie_000001449
COCO mAP: 0.6548959612846375
movie_000000506
COCO mAP: 0.8993412852287292
movie_000001104
^[[ACOCO mAP: 0.7286503911018372
movie_000000552
COCO mAP: 0.9145635366439819
movie_000001334
COCO mAP: 0.7578197717666626
movie_000000322
COCO mAP: 0.742111086845398
movie_000001679
COCO mAP: 0.5568183660507202
movie_000000460
COCO mAP: 0.851092517375946
movie_000002185
COCO mAP: 0.49601712822914124
movie_000000759
COCO mAP: 0.9233563542366028
movie_000001219
        COCO mAP: 0.7670122385025024
movie_000001794
COCO mAP: 0.7011882662773132
movie_000001518
COCO mAP: 0.5517367124557495
movie_000001472
COCO mAP: 0.6112258434295654
movie_000000276
COCO mAP: 0.9142987132072449
movie_000001012
COCO mAP: 0.7236895561218262
movie_000002001
COCO mAP: 0.626481294631958
movie_000002116
COCO mAP: 0.5577195882797241
movie_000001495
COCO mAP: 0.7163079380989075
movie_000001863
COCO mAP: 0.5370994210243225
movie_000001656
COCO mAP: 0.5606658458709717
movie_000001840
COCO mAP: 0.6231205463409424
movie_000000598
COCO mAP: 0.9218876957893372
movie_000000529
COCO mAP: 0.918252170085907
movie_000002231
COCO mAP: 0.703034520149231
movie_000000736
COCO mAP: 0.7911783456802368
movie_000001932
COCO mAP: 0.4126761853694916
movie_000001541
COCO mAP: 0.6746893525123596
movie_000001909
COCO mAP: 0.7624356150627136
movie_000000368
COCO mAP: 0.8206005096435547
movie_000001633
COCO mAP: 0.6699217557907104
movie_000000782
COCO mAP: 0.8587834239006042
movie_000000138
COCO mAP: 0.7660892605781555
movie_000000713
COCO mAP: 0.8520787954330444
movie_000001380
COCO mAP: 0.7298150062561035
movie_000002277
COCO mAP: 0.6916609406471252
movie_000000069
COCO mAP: 0.8014343976974487
movie_000000805
COCO mAP: 0.5298563838005066
movie_000001702
COCO mAP: 0.5382441878318787
movie_000001564
COCO mAP: 0.6665369868278503
movie_000001357
COCO mAP: 0.8032529950141907
movie_000000230
COCO mAP: 0.8075337409973145
movie_000001196
COCO mAP: 0.825568675994873
movie_000000391
COCO mAP: 0.6589151620864868
movie_000000575
COCO mAP: 0.9162511825561523
movie_000000207
COCO mAP: 0.81438809633255
movie_000001242
COCO mAP: 0.7050794363021851
movie_000001173
COCO mAP: 0.7275129556655884
movie_000001955
COCO mAP: 0.6942028999328613
movie_000000920
COCO mAP: 0.7757531404495239
movie_000000621
COCO mAP: 0.9119498133659363
movie_000001081
COCO mAP: 0.7749037146568298
movie_000001725
COCO mAP: 0.5359426140785217
movie_000000115
COCO mAP: 0.7421151995658875
movie_000002093
COCO mAP: 0.7340409159660339
movie_000000299
COCO mAP: 0.829339325428009

movie_000002024

COCO mAP: 0.7734872698783875
movie_000001426
COCO mAP: 0.7854233980178833
movie_000000483
COCO mAP: 0.8911407589912415
movie_000001288
COCO mAP: 0.8104666471481323
movie_000000690
COCO mAP: 0.7517502307891846
movie_000000966
COCO mAP: 0.7712872624397278
movie_000000897
COCO mAP: 0.5811387300491333
movie_000000874
COCO mAP: 0.711356520652771
average COCO mAP:0.7249242498142885
